#
# There is insufficient memory for the Java Runtime Environment to continue.
# Native memory allocation (malloc) failed to allocate 892656 bytes for Chunk::new
# Possible reasons:
#   The system is out of physical RAM or swap space
#   The process is running with CompressedOops enabled, and the Java Heap may be blocking the growth of the native heap
# Possible solutions:
#   Reduce memory load on the system
#   Increase physical memory or swap space
#   Check if swap backing store is full
#   Decrease Java heap size (-Xmx/-Xms)
#   Decrease number of Java threads
#   Decrease Java thread stack sizes (-Xss)
#   Set larger code cache with -XX:ReservedCodeCacheSize=
#   JVM is running with Unscaled Compressed Oops mode in which the Java heap is
#     placed in the first 4GB address space. The Java Heap base address is the
#     maximum limit for the native heap growth. Please use -XX:HeapBaseMinAddress
#     to set the Java Heap base and to place the Java Heap above 4GB virtual address.
# This output file may be truncated or incomplete.
#
#  Out of Memory Error (./open/src/hotspot/share/memory/arena.cpp:197), pid=16980, tid=4308
#
# JRE version: Java(TM) SE Runtime Environment 18.9 (11.0.12+8) (build 11.0.12+8-LTS-237)
# Java VM: Java HotSpot(TM) 64-Bit Server VM 18.9 (11.0.12+8-LTS-237, mixed mode, tiered, compressed oops, g1 gc, windows-amd64)
# No core dump will be written. Minidumps are not enabled by default on client versions of Windows
#

---------------  S U M M A R Y ------------

Command Line: --add-opens=java.base/java.util=ALL-UNNAMED --add-opens=java.base/java.lang=ALL-UNNAMED --add-opens=java.base/java.lang.invoke=ALL-UNNAMED --add-opens=java.base/java.util=ALL-UNNAMED --add-opens=java.prefs/java.util.prefs=ALL-UNNAMED --add-opens=java.prefs/java.util.prefs=ALL-UNNAMED --add-opens=java.base/java.nio.charset=ALL-UNNAMED --add-opens=java.base/java.net=ALL-UNNAMED --add-opens=java.base/java.util.concurrent.atomic=ALL-UNNAMED -Xmx2048m -Dfile.encoding=windows-1252 -Duser.country=US -Duser.language=en -Duser.variant org.gradle.launcher.daemon.bootstrap.GradleDaemon 7.1-rc-1

Host: Intel(R) Core(TM) i7-4800MQ CPU @ 2.70GHz, 8 cores, 7G,  Windows 10 , 64 bit Build 18362 (10.0.18362.1500)
Time: Thu Dec 16 01:22:27 2021 Arab Standard Time elapsed time: 46.344345 seconds (0d 0h 0m 46s)

---------------  T H R E A D  ---------------

Current thread (0x00000240e6c6e000):  JavaThread "C2 CompilerThread0" daemon [_thread_in_native, id=4308, stack(0x000000794fb00000,0x000000794fc00000)]


Current CompileTask:
C2:  46344 15782       4       com.android.ide.common.resources.ValueResourceParser2::checkDuplicate (104 bytes)

Stack: [0x000000794fb00000,0x000000794fc00000]
Native frames: (J=compiled Java code, j=interpreted, Vv=VM code, C=native code)
V  [jvm.dll+0x617d9a]
V  [jvm.dll+0x74eeef]
V  [jvm.dll+0x750599]
V  [jvm.dll+0x750c23]
V  [jvm.dll+0x2438d8]
V  [jvm.dll+0xba6dc]
V  [jvm.dll+0xbac9c]
V  [jvm.dll+0x3469b7]
V  [jvm.dll+0x3147a3]
V  [jvm.dll+0x313aea]
V  [jvm.dll+0x1fd105]
V  [jvm.dll+0x1fc2ed]
V  [jvm.dll+0x17f18c]
V  [jvm.dll+0x20b87c]
V  [jvm.dll+0x20997b]
V  [jvm.dll+0x716359]
V  [jvm.dll+0x70f064]
V  [jvm.dll+0x616f66]
C  [ucrtbase.dll+0x210b2]
C  [KERNEL32.DLL+0x17c24]
C  [ntdll.dll+0x6d721]


---------------  P R O C E S S  ---------------

Threads class SMR info:
_java_thread_list=0x00000240eda1cbc0, length=137, elements={
0x00000240c5e4c000, 0x00000240e6c4d000, 0x00000240e6c56800, 0x00000240e6c66000,
0x00000240e6c68000, 0x00000240e6c69000, 0x00000240e6c6e000, 0x00000240e6c74800,
0x00000240e6c78000, 0x00000240e7749800, 0x00000240e8e9b800, 0x00000240e8e9b000,
0x00000240e8e9c800, 0x00000240e8e9d800, 0x00000240e8e98800, 0x00000240e95a1800,
0x00000240e95a2000, 0x00000240e95a3800, 0x00000240e95a4800, 0x00000240e959f800,
0x00000240e959f000, 0x00000240e95a6000, 0x00000240e95a5800, 0x00000240e95a0800,
0x00000240e95ac000, 0x00000240e95a8800, 0x00000240e95ac800, 0x00000240e95a9800,
0x00000240e95a8000, 0x00000240ea8f4000, 0x00000240eb258800, 0x00000240eb261800,
0x00000240ecaa1800, 0x00000240eca95000, 0x00000240eca96000, 0x00000240eca94000,
0x00000240eca98800, 0x00000240eca96800, 0x00000240eca97800, 0x00000240ee16b000,
0x00000240eca99000, 0x00000240eca93800, 0x00000240eca9f000, 0x00000240eca9e000,
0x00000240eca9f800, 0x00000240f2eb5000, 0x00000240eca9a000, 0x00000240eca9d000,
0x00000240ecaa0800, 0x00000240eca9a800, 0x00000240eca9b800, 0x00000240ecaa2000,
0x00000240eca9c800, 0x00000240eb259800, 0x00000240eb254800, 0x00000240eb256000,
0x00000240eb257000, 0x00000240eb25a800, 0x00000240eb25b000, 0x00000240eb255800,
0x00000240eb258000, 0x00000240eb261000, 0x00000240eb25d000, 0x00000240eb25c000,
0x00000240eb262800, 0x00000240eb263800, 0x00000240eb25e800, 0x00000240eb25f000,
0x00000240ea8f7800, 0x00000240ea8f1800, 0x00000240ea8f8000, 0x00000240ea8f2800,
0x00000240ea8ff800, 0x00000240ea8fe000, 0x00000240ea8fb800, 0x00000240ea8fc800,
0x00000240ea8fa000, 0x00000240ea900800, 0x00000240ea8fa800, 0x00000240ea8fe800,
0x00000240ea8fd000, 0x00000240e95a3000, 0x00000240e959e000, 0x00000240e95a7000,
0x00000240e95ab000, 0x00000240e95aa800, 0x00000240e8e9e000, 0x00000240e8e9f000,
0x00000240e8e99800, 0x00000240e8e9a000, 0x00000240ed642800, 0x00000240ed63e800,
0x00000240ed644800, 0x00000240ed645000, 0x00000240ed642000, 0x00000240ed643800,
0x00000240ed63f800, 0x00000240ed641000, 0x00000240ed646000, 0x00000240ed640800,
0x00000240ed649800, 0x00000240ed64c800, 0x00000240ed648800, 0x00000240ed647800,
0x00000240ed647000, 0x00000240ed64a000, 0x00000240ed64d800, 0x00000240ed64b000,
0x00000240ed64b800, 0x00000240ed49f000, 0x00000240ed4a4800, 0x00000240ed4a5800,
0x00000240ed4a3800, 0x00000240ed4a0800, 0x00000240ed4a2000, 0x00000240ed4a3000,
0x00000240ed49f800, 0x00000240ed4a6000, 0x00000240ed4a7000, 0x00000240ed4a1000,
0x00000240ed4ad800, 0x00000240ed4ac000, 0x00000240ed4ab000, 0x00000240ed4aa000,
0x00000240ed4ac800, 0x00000240ed4a8000, 0x00000240ed4a8800, 0x00000240ed4a9800,
0x00000240e7e1a000, 0x00000240e7e1a800, 0x00000240e7e16800, 0x00000240e7e18000,
0x00000240e7e1b800, 0x00000240e7e17800, 0x00000240e7e16000, 0x00000240e7e1e800,
0x00000240e7e19000
}

Java Threads: ( => current thread )
  0x00000240c5e4c000 JavaThread "main" [_thread_blocked, id=15348, stack(0x000000794ef00000,0x000000794f000000)]
  0x00000240e6c4d000 JavaThread "Reference Handler" daemon [_thread_blocked, id=5924, stack(0x000000794f600000,0x000000794f700000)]
  0x00000240e6c56800 JavaThread "Finalizer" daemon [_thread_blocked, id=4412, stack(0x000000794f700000,0x000000794f800000)]
  0x00000240e6c66000 JavaThread "Signal Dispatcher" daemon [_thread_blocked, id=13672, stack(0x000000794f800000,0x000000794f900000)]
  0x00000240e6c68000 JavaThread "Attach Listener" daemon [_thread_blocked, id=9844, stack(0x000000794f900000,0x000000794fa00000)]
  0x00000240e6c69000 JavaThread "Service Thread" daemon [_thread_blocked, id=15440, stack(0x000000794fa00000,0x000000794fb00000)]
=>0x00000240e6c6e000 JavaThread "C2 CompilerThread0" daemon [_thread_in_native, id=4308, stack(0x000000794fb00000,0x000000794fc00000)]
  0x00000240e6c74800 JavaThread "C1 CompilerThread0" daemon [_thread_in_native, id=15620, stack(0x000000794fc00000,0x000000794fd00000)]
  0x00000240e6c78000 JavaThread "Sweeper thread" daemon [_thread_blocked, id=16476, stack(0x000000794fd00000,0x000000794fe00000)]
  0x00000240e7749800 JavaThread "Common-Cleaner" daemon [_thread_blocked, id=1384, stack(0x000000794fe00000,0x000000794ff00000)]
  0x00000240e8e9b800 JavaThread "Daemon health stats" [_thread_blocked, id=17048, stack(0x0000007950400000,0x0000007950500000)]
  0x00000240e8e9b000 JavaThread "Incoming local TCP Connector on port 20097" [_thread_in_native, id=9596, stack(0x0000007950000000,0x0000007950100000)]
  0x00000240e8e9c800 JavaThread "Daemon periodic checks" [_thread_blocked, id=3800, stack(0x0000007950300000,0x0000007950400000)]
  0x00000240e8e9d800 JavaThread "Daemon" [_thread_blocked, id=10084, stack(0x0000007950500000,0x0000007950600000)]
  0x00000240e8e98800 JavaThread "Daemon worker" [_thread_blocked, id=14632, stack(0x0000007950800000,0x0000007950900000)]
  0x00000240e95a1800 JavaThread "Cache worker for journal cache (C:\Users\OmarTaha\.gradle\caches\journal-1)" [_thread_blocked, id=8088, stack(0x0000007951100000,0x0000007951200000)]
  0x00000240e95a2000 JavaThread "File lock request listener" [_thread_in_native, id=17020, stack(0x0000007951200000,0x0000007951300000)]
  0x00000240e95a3800 JavaThread "Cache worker for file hash cache (C:\Users\OmarTaha\.gradle\caches\7.1-rc-1\fileHashes)" [_thread_blocked, id=17400, stack(0x0000007951300000,0x0000007951400000)]
  0x00000240e95a4800 JavaThread "File watcher server" daemon [_thread_in_native, id=16060, stack(0x0000007951700000,0x0000007951800000)]
  0x00000240e959f800 JavaThread "File watcher consumer" daemon [_thread_blocked, id=1456, stack(0x0000007951800000,0x0000007951900000)]
  0x00000240e959f000 JavaThread "jar transforms" [_thread_blocked, id=7472, stack(0x0000007951900000,0x0000007951a00000)]
  0x00000240e95a6000 JavaThread "jar transforms Thread 2" [_thread_blocked, id=7864, stack(0x0000007951a00000,0x0000007951b00000)]
  0x00000240e95a5800 JavaThread "jar transforms Thread 3" [_thread_blocked, id=1256, stack(0x0000007951b00000,0x0000007951c00000)]
  0x00000240e95a0800 JavaThread "jar transforms Thread 4" [_thread_blocked, id=10560, stack(0x0000007951c00000,0x0000007951d00000)]
  0x00000240e95ac000 JavaThread "jar transforms Thread 5" [_thread_blocked, id=13392, stack(0x0000007951d00000,0x0000007951e00000)]
  0x00000240e95a8800 JavaThread "jar transforms Thread 6" [_thread_blocked, id=1844, stack(0x0000007951e00000,0x0000007951f00000)]
  0x00000240e95ac800 JavaThread "jar transforms Thread 7" [_thread_blocked, id=13308, stack(0x0000007951f00000,0x0000007952000000)]
  0x00000240e95a9800 JavaThread "jar transforms Thread 8" [_thread_blocked, id=4240, stack(0x0000007952000000,0x0000007952100000)]
  0x00000240e95a8000 JavaThread "Cache worker for execution history cache (C:\Users\OmarTaha\.gradle\caches\7.1-rc-1\executionHistory)" [_thread_blocked, id=6444, stack(0x0000007952500000,0x0000007952600000)]
  0x00000240ea8f4000 JavaThread "Cache worker for file content cache (C:\Users\OmarTaha\.gradle\caches\7.1-rc-1\fileContent)" [_thread_blocked, id=10360, stack(0x0000007952600000,0x0000007952700000)]
  0x00000240eb258800 JavaThread "Memory manager" [_thread_blocked, id=15528, stack(0x0000007957900000,0x0000007957a00000)]
  0x00000240eb261800 JavaThread "pool-3-thread-1" [_thread_blocked, id=1704, stack(0x0000007957a00000,0x0000007957b00000)]
  0x00000240ecaa1800 JavaThread "pool-6-thread-1" [_thread_blocked, id=17064, stack(0x0000007957d00000,0x0000007957e00000)]
  0x00000240eca95000 JavaThread "Handler for socket connection from /127.0.0.1:20097 to /127.0.0.1:20183" [_thread_in_native, id=13608, stack(0x0000007950900000,0x0000007950a00000)]
  0x00000240eca96000 JavaThread "Cancel handler" [_thread_blocked, id=14180, stack(0x0000007950a00000,0x0000007950b00000)]
  0x00000240eca94000 JavaThread "Asynchronous log dispatcher for DefaultDaemonConnection: socket connection from /127.0.0.1:20097 to /127.0.0.1:20183" [_thread_blocked, id=4600, stack(0x0000007950b00000,0x0000007950c00000)]
  0x00000240eca98800 JavaThread "Stdin handler" [_thread_blocked, id=15260, stack(0x0000007951500000,0x0000007951600000)]
  0x00000240eca96800 JavaThread "Daemon client event forwarder" [_thread_blocked, id=16556, stack(0x0000007951600000,0x0000007951700000)]
  0x00000240eca97800 JavaThread "Cache worker for file hash cache (C:\Users\OmarTaha\AndroidStudioProjects\GMS\.gradle\7.1-rc-1\fileHashes)" [_thread_blocked, id=15688, stack(0x0000007952200000,0x0000007952300000)]
  0x00000240ee16b000 JavaThread "C2 CompilerThread1" daemon [_thread_in_native, id=14072, stack(0x0000007952300000,0x0000007952400000)]
  0x00000240eca99000 JavaThread "Cache worker for checksums cache (C:\Users\OmarTaha\AndroidStudioProjects\GMS\.gradle\checksums)" [_thread_blocked, id=15792, stack(0x0000007952400000,0x0000007952500000)]
  0x00000240eca93800 JavaThread "Cache worker for cache directory md-supplier (C:\Users\OmarTaha\.gradle\caches\7.1-rc-1\md-supplier)" [_thread_blocked, id=704, stack(0x0000007952700000,0x0000007952800000)]
  0x00000240eca9f000 JavaThread "Cache worker for cache directory md-rule (C:\Users\OmarTaha\.gradle\caches\7.1-rc-1\md-rule)" [_thread_blocked, id=7560, stack(0x0000007952800000,0x0000007952900000)]
  0x00000240eca9e000 JavaThread "Cache worker for dependencies-accessors (C:\Users\OmarTaha\AndroidStudioProjects\GMS\.gradle\7.1-rc-1\dependencies-accessors)" [_thread_blocked, id=13064, stack(0x0000007952900000,0x0000007952a00000)]
  0x00000240eca9f800 JavaThread "Cache worker for Build Output Cleanup Cache (C:\Users\OmarTaha\AndroidStudioProjects\GMS\.gradle\buildOutputCleanup)" [_thread_blocked, id=13276, stack(0x0000007952a00000,0x0000007952b00000)]
  0x00000240f2eb5000 JavaThread "C2 CompilerThread2" daemon [_thread_in_native, id=11660, stack(0x0000007952b00000,0x0000007952c00000)]
  0x00000240eca9a000 JavaThread "Unconstrained build operations" [_thread_blocked, id=14460, stack(0x0000007952c00000,0x0000007952d00000)]
  0x00000240eca9d000 JavaThread "Unconstrained build operations Thread 2" [_thread_blocked, id=15892, stack(0x0000007952d00000,0x0000007952e00000)]
  0x00000240ecaa0800 JavaThread "Unconstrained build operations Thread 3" [_thread_blocked, id=13304, stack(0x0000007952e00000,0x0000007952f00000)]
  0x00000240eca9a800 JavaThread "Unconstrained build operations Thread 4" [_thread_blocked, id=13204, stack(0x0000007952f00000,0x0000007953000000)]
  0x00000240eca9b800 JavaThread "Unconstrained build operations Thread 5" [_thread_blocked, id=10696, stack(0x0000007953000000,0x0000007953100000)]
  0x00000240ecaa2000 JavaThread "Unconstrained build operations Thread 6" [_thread_blocked, id=8316, stack(0x0000007953100000,0x0000007953200000)]
  0x00000240eca9c800 JavaThread "Unconstrained build operations Thread 7" [_thread_blocked, id=10836, stack(0x0000007953200000,0x0000007953300000)]
  0x00000240eb259800 JavaThread "Unconstrained build operations Thread 8" [_thread_blocked, id=12244, stack(0x0000007953300000,0x0000007953400000)]
  0x00000240eb254800 JavaThread "Unconstrained build operations Thread 9" [_thread_blocked, id=11124, stack(0x0000007953400000,0x0000007953500000)]
  0x00000240eb256000 JavaThread "Unconstrained build operations Thread 10" [_thread_blocked, id=10016, stack(0x0000007953500000,0x0000007953600000)]
  0x00000240eb257000 JavaThread "Unconstrained build operations Thread 11" [_thread_blocked, id=17316, stack(0x0000007953600000,0x0000007953700000)]
  0x00000240eb25a800 JavaThread "Unconstrained build operations Thread 12" [_thread_blocked, id=1728, stack(0x0000007953700000,0x0000007953800000)]
  0x00000240eb25b000 JavaThread "Unconstrained build operations Thread 13" [_thread_blocked, id=14976, stack(0x0000007953800000,0x0000007953900000)]
  0x00000240eb255800 JavaThread "Unconstrained build operations Thread 14" [_thread_blocked, id=14884, stack(0x0000007953900000,0x0000007953a00000)]
  0x00000240eb258000 JavaThread "Unconstrained build operations Thread 15" [_thread_blocked, id=820, stack(0x0000007953a00000,0x0000007953b00000)]
  0x00000240eb261000 JavaThread "Unconstrained build operations Thread 16" [_thread_blocked, id=2024, stack(0x0000007953b00000,0x0000007953c00000)]
  0x00000240eb25d000 JavaThread "Unconstrained build operations Thread 17" [_thread_blocked, id=13360, stack(0x0000007953c00000,0x0000007953d00000)]
  0x00000240eb25c000 JavaThread "Unconstrained build operations Thread 18" [_thread_blocked, id=2124, stack(0x0000007953d00000,0x0000007953e00000)]
  0x00000240eb262800 JavaThread "Unconstrained build operations Thread 19" [_thread_blocked, id=12196, stack(0x0000007953e00000,0x0000007953f00000)]
  0x00000240eb263800 JavaThread "Unconstrained build operations Thread 20" [_thread_blocked, id=13248, stack(0x0000007953f00000,0x0000007954000000)]
  0x00000240eb25e800 JavaThread "Unconstrained build operations Thread 21" [_thread_blocked, id=16700, stack(0x0000007954000000,0x0000007954100000)]
  0x00000240eb25f000 JavaThread "Unconstrained build operations Thread 22" [_thread_blocked, id=7444, stack(0x0000007954100000,0x0000007954200000)]
  0x00000240ea8f7800 JavaThread "Unconstrained build operations Thread 23" [_thread_blocked, id=9508, stack(0x0000007954200000,0x0000007954300000)]
  0x00000240ea8f1800 JavaThread "Unconstrained build operations Thread 24" [_thread_blocked, id=13400, stack(0x0000007954300000,0x0000007954400000)]
  0x00000240ea8f8000 JavaThread "Unconstrained build operations Thread 25" [_thread_blocked, id=13232, stack(0x0000007954400000,0x0000007954500000)]
  0x00000240ea8f2800 JavaThread "Unconstrained build operations Thread 26" [_thread_blocked, id=4248, stack(0x0000007954500000,0x0000007954600000)]
  0x00000240ea8ff800 JavaThread "Unconstrained build operations Thread 27" [_thread_blocked, id=17052, stack(0x0000007954600000,0x0000007954700000)]
  0x00000240ea8fe000 JavaThread "Unconstrained build operations Thread 28" [_thread_blocked, id=11200, stack(0x0000007954700000,0x0000007954800000)]
  0x00000240ea8fb800 JavaThread "Unconstrained build operations Thread 29" [_thread_blocked, id=1768, stack(0x0000007954800000,0x0000007954900000)]
  0x00000240ea8fc800 JavaThread "Unconstrained build operations Thread 30" [_thread_blocked, id=9484, stack(0x0000007954900000,0x0000007954a00000)]
  0x00000240ea8fa000 JavaThread "Unconstrained build operations Thread 31" [_thread_blocked, id=1016, stack(0x0000007954a00000,0x0000007954b00000)]
  0x00000240ea900800 JavaThread "Unconstrained build operations Thread 32" [_thread_blocked, id=17288, stack(0x0000007954b00000,0x0000007954c00000)]
  0x00000240ea8fa800 JavaThread "Unconstrained build operations Thread 33" [_thread_blocked, id=10584, stack(0x0000007954c00000,0x0000007954d00000)]
  0x00000240ea8fe800 JavaThread "Unconstrained build operations Thread 34" [_thread_blocked, id=7020, stack(0x0000007954d00000,0x0000007954e00000)]
  0x00000240ea8fd000 JavaThread "Unconstrained build operations Thread 35" [_thread_blocked, id=14804, stack(0x0000007954e00000,0x0000007954f00000)]
  0x00000240e95a3000 JavaThread "Unconstrained build operations Thread 36" [_thread_blocked, id=2724, stack(0x0000007954f00000,0x0000007955000000)]
  0x00000240e959e000 JavaThread "Unconstrained build operations Thread 37" [_thread_blocked, id=13180, stack(0x0000007955000000,0x0000007955100000)]
  0x00000240e95a7000 JavaThread "Unconstrained build operations Thread 38" [_thread_blocked, id=16664, stack(0x0000007955100000,0x0000007955200000)]
  0x00000240e95ab000 JavaThread "Unconstrained build operations Thread 39" [_thread_blocked, id=12232, stack(0x0000007955200000,0x0000007955300000)]
  0x00000240e95aa800 JavaThread "Unconstrained build operations Thread 40" [_thread_blocked, id=14160, stack(0x0000007955300000,0x0000007955400000)]
  0x00000240e8e9e000 JavaThread "Unconstrained build operations Thread 41" [_thread_blocked, id=6992, stack(0x0000007955400000,0x0000007955500000)]
  0x00000240e8e9f000 JavaThread "Unconstrained build operations Thread 42" [_thread_blocked, id=9820, stack(0x0000007955500000,0x0000007955600000)]
  0x00000240e8e99800 JavaThread "Unconstrained build operations Thread 43" [_thread_blocked, id=2352, stack(0x0000007955600000,0x0000007955700000)]
  0x00000240e8e9a000 JavaThread "Unconstrained build operations Thread 44" [_thread_blocked, id=11876, stack(0x0000007955700000,0x0000007955800000)]
  0x00000240ed642800 JavaThread "Unconstrained build operations Thread 45" [_thread_blocked, id=812, stack(0x0000007955800000,0x0000007955900000)]
  0x00000240ed63e800 JavaThread "Unconstrained build operations Thread 46" [_thread_blocked, id=15312, stack(0x0000007955900000,0x0000007955a00000)]
  0x00000240ed644800 JavaThread "Unconstrained build operations Thread 47" [_thread_blocked, id=7584, stack(0x0000007955a00000,0x0000007955b00000)]
  0x00000240ed645000 JavaThread "Unconstrained build operations Thread 48" [_thread_blocked, id=7752, stack(0x0000007955b00000,0x0000007955c00000)]
  0x00000240ed642000 JavaThread "Unconstrained build operations Thread 49" [_thread_blocked, id=10904, stack(0x0000007955c00000,0x0000007955d00000)]
  0x00000240ed643800 JavaThread "Unconstrained build operations Thread 50" [_thread_blocked, id=12924, stack(0x0000007955d00000,0x0000007955e00000)]
  0x00000240ed63f800 JavaThread "Unconstrained build operations Thread 51" [_thread_blocked, id=5972, stack(0x0000007955e00000,0x0000007955f00000)]
  0x00000240ed641000 JavaThread "Unconstrained build operations Thread 52" [_thread_blocked, id=1092, stack(0x0000007955f00000,0x0000007956000000)]
  0x00000240ed646000 JavaThread "Unconstrained build operations Thread 53" [_thread_blocked, id=4572, stack(0x0000007956000000,0x0000007956100000)]
  0x00000240ed640800 JavaThread "Unconstrained build operations Thread 54" [_thread_blocked, id=13700, stack(0x0000007956100000,0x0000007956200000)]
  0x00000240ed649800 JavaThread "Unconstrained build operations Thread 55" [_thread_blocked, id=16312, stack(0x0000007956200000,0x0000007956300000)]
  0x00000240ed64c800 JavaThread "Unconstrained build operations Thread 56" [_thread_blocked, id=12148, stack(0x0000007956300000,0x0000007956400000)]
  0x00000240ed648800 JavaThread "Unconstrained build operations Thread 57" [_thread_blocked, id=7536, stack(0x0000007956400000,0x0000007956500000)]
  0x00000240ed647800 JavaThread "Unconstrained build operations Thread 58" [_thread_blocked, id=340, stack(0x0000007956500000,0x0000007956600000)]
  0x00000240ed647000 JavaThread "Unconstrained build operations Thread 59" [_thread_blocked, id=11708, stack(0x0000007956600000,0x0000007956700000)]
  0x00000240ed64a000 JavaThread "Unconstrained build operations Thread 60" [_thread_blocked, id=13984, stack(0x0000007956700000,0x0000007956800000)]
  0x00000240ed64d800 JavaThread "Unconstrained build operations Thread 61" [_thread_blocked, id=2624, stack(0x0000007956800000,0x0000007956900000)]
  0x00000240ed64b000 JavaThread "Unconstrained build operations Thread 62" [_thread_blocked, id=15744, stack(0x0000007956900000,0x0000007956a00000)]
  0x00000240ed64b800 JavaThread "Unconstrained build operations Thread 63" [_thread_blocked, id=13072, stack(0x0000007956a00000,0x0000007956b00000)]
  0x00000240ed49f000 JavaThread "Unconstrained build operations Thread 64" [_thread_blocked, id=15272, stack(0x0000007956b00000,0x0000007956c00000)]
  0x00000240ed4a4800 JavaThread "Unconstrained build operations Thread 65" [_thread_blocked, id=4796, stack(0x0000007956c00000,0x0000007956d00000)]
  0x00000240ed4a5800 JavaThread "Unconstrained build operations Thread 66" [_thread_blocked, id=17204, stack(0x0000007956d00000,0x0000007956e00000)]
  0x00000240ed4a3800 JavaThread "Unconstrained build operations Thread 67" [_thread_blocked, id=3352, stack(0x0000007956e00000,0x0000007956f00000)]
  0x00000240ed4a0800 JavaThread "Unconstrained build operations Thread 68" [_thread_blocked, id=1708, stack(0x0000007956f00000,0x0000007957000000)]
  0x00000240ed4a2000 JavaThread "Unconstrained build operations Thread 69" [_thread_blocked, id=8236, stack(0x0000007957000000,0x0000007957100000)]
  0x00000240ed4a3000 JavaThread "Unconstrained build operations Thread 70" [_thread_blocked, id=16040, stack(0x0000007957100000,0x0000007957200000)]
  0x00000240ed49f800 JavaThread "Unconstrained build operations Thread 71" [_thread_blocked, id=6904, stack(0x0000007957200000,0x0000007957300000)]
  0x00000240ed4a6000 JavaThread "Unconstrained build operations Thread 72" [_thread_blocked, id=7464, stack(0x0000007957300000,0x0000007957400000)]
  0x00000240ed4a7000 JavaThread "Unconstrained build operations Thread 73" [_thread_blocked, id=11140, stack(0x0000007957400000,0x0000007957500000)]
  0x00000240ed4a1000 JavaThread "Unconstrained build operations Thread 74" [_thread_blocked, id=15132, stack(0x0000007957500000,0x0000007957600000)]
  0x00000240ed4ad800 JavaThread "Unconstrained build operations Thread 75" [_thread_blocked, id=1540, stack(0x0000007957600000,0x0000007957700000)]
  0x00000240ed4ac000 JavaThread "Unconstrained build operations Thread 76" [_thread_blocked, id=16724, stack(0x0000007957700000,0x0000007957800000)]
  0x00000240ed4ab000 JavaThread "Unconstrained build operations Thread 77" [_thread_blocked, id=14752, stack(0x0000007957800000,0x0000007957900000)]
  0x00000240ed4aa000 JavaThread "Unconstrained build operations Thread 78" [_thread_blocked, id=13616, stack(0x0000007957b00000,0x0000007957c00000)]
  0x00000240ed4ac800 JavaThread "Unconstrained build operations Thread 79" [_thread_blocked, id=4244, stack(0x0000007957c00000,0x0000007957d00000)]
  0x00000240ed4a8000 JavaThread "Unconstrained build operations Thread 80" [_thread_blocked, id=15308, stack(0x0000007957e00000,0x0000007957f00000)]
  0x00000240ed4a8800 JavaThread "build event listener" [_thread_blocked, id=15236, stack(0x0000007957f00000,0x0000007958000000)]
  0x00000240ed4a9800 JavaThread "pool-9-thread-1" [_thread_blocked, id=16336, stack(0x0000007958000000,0x0000007958100000)]
  0x00000240e7e1a000 JavaThread "build event listener" [_thread_blocked, id=148, stack(0x0000007958100000,0x0000007958200000)]
  0x00000240e7e1a800 JavaThread "Execution worker for ':'" [_thread_blocked, id=14104, stack(0x0000007958200000,0x0000007958300000)]
  0x00000240e7e16800 JavaThread "Execution worker for ':' Thread 2" [_thread_blocked, id=16876, stack(0x0000007958300000,0x0000007958400000)]
  0x00000240e7e18000 JavaThread "Execution worker for ':' Thread 3" [_thread_blocked, id=15416, stack(0x0000007958400000,0x0000007958500000)]
  0x00000240e7e1b800 JavaThread "Execution worker for ':' Thread 4" [_thread_blocked, id=13876, stack(0x0000007958500000,0x0000007958600000)]
  0x00000240e7e17800 JavaThread "Execution worker for ':' Thread 5" [_thread_blocked, id=13656, stack(0x0000007958600000,0x0000007958700000)]
  0x00000240e7e16000 JavaThread "Execution worker for ':' Thread 6" [_thread_blocked, id=744, stack(0x0000007958700000,0x0000007958800000)]
  0x00000240e7e1e800 JavaThread "Execution worker for ':' Thread 7" [_thread_in_native, id=13292, stack(0x0000007958800000,0x0000007958900000)]
  0x00000240e7e19000 JavaThread "Cache worker for execution history cache (C:\Users\OmarTaha\AndroidStudioProjects\GMS\.gradle\7.1-rc-1\executionHistory)" [_thread_blocked, id=2132, stack(0x0000007958900000,0x0000007958a00000)]

Other Threads:
  0x00000240e6c49800 VMThread "VM Thread" [stack: 0x000000794f500000,0x000000794f600000] [id=13648]
  0x00000240e77a5800 WatcherThread [stack: 0x000000794ff00000,0x0000007950000000] [id=6708]
  0x00000240c5e63800 GCTaskThread "GC Thread#0" [stack: 0x000000794f000000,0x000000794f100000] [id=15520]
  0x00000240e8257800 GCTaskThread "GC Thread#1" [stack: 0x0000007950100000,0x0000007950200000] [id=15592]
  0x00000240e8243800 GCTaskThread "GC Thread#2" [stack: 0x0000007950200000,0x0000007950300000] [id=16244]
  0x00000240ea098000 GCTaskThread "GC Thread#3" [stack: 0x0000007950c00000,0x0000007950d00000] [id=10808]
  0x00000240ea098800 GCTaskThread "GC Thread#4" [stack: 0x0000007950d00000,0x0000007950e00000] [id=16052]
  0x00000240ea860000 GCTaskThread "GC Thread#5" [stack: 0x0000007950e00000,0x0000007950f00000] [id=10716]
  0x00000240ea861000 GCTaskThread "GC Thread#6" [stack: 0x0000007950f00000,0x0000007951000000] [id=16012]
  0x00000240e8adc800 GCTaskThread "GC Thread#7" [stack: 0x0000007951000000,0x0000007951100000] [id=15804]
  0x00000240c5e96000 ConcurrentGCThread "G1 Main Marker" [stack: 0x000000794f100000,0x000000794f200000] [id=7868]
  0x00000240c5e97800 ConcurrentGCThread "G1 Conc#0" [stack: 0x000000794f200000,0x000000794f300000] [id=11852]
  0x00000240e9d50800 ConcurrentGCThread "G1 Conc#1" [stack: 0x0000007951400000,0x0000007951500000] [id=5840]
  0x00000240e6a9a800 ConcurrentGCThread "G1 Refine#0" [stack: 0x000000794f300000,0x000000794f400000] [id=11008]
  0x00000240f4499800 ConcurrentGCThread "G1 Refine#1" [stack: 0x0000007952100000,0x0000007952200000] [id=1640]
  0x00000240e6a9b000 ConcurrentGCThread "G1 Young RemSet Sampling" [stack: 0x000000794f400000,0x000000794f500000] [id=16272]

Threads with active compile tasks:
C2 CompilerThread0  46400 15782       4       com.android.ide.common.resources.ValueResourceParser2::checkDuplicate (104 bytes)
C1 CompilerThread0  46400 15824       2       com.android.ide.common.resources.ResourceSet::getFolderData (150 bytes)
C2 CompilerThread1  46400 15758       4       org.apache.xerces.impl.XMLNSDocumentScannerImpl::scanStartElement (873 bytes)
C2 CompilerThread2  46400 15788   !   4       com.android.utils.PositionXmlParser$DomBuilder::startElement (272 bytes)

VM state:not at safepoint (normal execution)

VM Mutex/Monitor currently owned by a thread: None

Heap address: 0x0000000080000000, size: 2048 MB, Compressed Oops mode: 32-bit
Narrow klass base: 0x0000000000000000, Narrow klass shift: 3
Compressed class space size: 1073741824 Address: 0x0000000100000000

Heap:
 garbage-first heap   total 225280K, used 182248K [0x0000000080000000, 0x0000000100000000)
  region size 1024K, 47 young (48128K), 2 survivors (2048K)
 Metaspace       used 111132K, capacity 114529K, committed 114688K, reserved 1148928K
  class space    used 13895K, capacity 15061K, committed 15104K, reserved 1048576K
Heap Regions: E=young(eden), S=young(survivor), O=old, HS=humongous(starts), HC=humongous(continues), CS=collection set, F=free, A=archive, TAMS=top-at-mark-start (previous, next)
|   0|0x0000000080000000, 0x0000000080100000, 0x0000000080100000|100%| O|  |TAMS 0x0000000080100000, 0x0000000080000000| Untracked 
|   1|0x0000000080100000, 0x0000000080200000, 0x0000000080200000|100%| O|  |TAMS 0x0000000080200000, 0x0000000080100000| Untracked 
|   2|0x0000000080200000, 0x0000000080300000, 0x0000000080300000|100%| O|  |TAMS 0x0000000080300000, 0x0000000080200000| Untracked 
|   3|0x0000000080300000, 0x0000000080400000, 0x0000000080400000|100%|HS|  |TAMS 0x0000000080400000, 0x0000000080300000| Complete 
|   4|0x0000000080400000, 0x0000000080500000, 0x0000000080500000|100%|HC|  |TAMS 0x0000000080500000, 0x0000000080400000| Complete 
|   5|0x0000000080500000, 0x0000000080600000, 0x0000000080600000|100%|HC|  |TAMS 0x0000000080600000, 0x0000000080500000| Complete 
|   6|0x0000000080600000, 0x0000000080700000, 0x0000000080700000|100%| O|  |TAMS 0x0000000080700000, 0x0000000080600000| Untracked 
|   7|0x0000000080700000, 0x0000000080800000, 0x0000000080800000|100%| O|  |TAMS 0x0000000080800000, 0x0000000080700000| Untracked 
|   8|0x0000000080800000, 0x0000000080900000, 0x0000000080900000|100%| O|  |TAMS 0x0000000080900000, 0x0000000080800000| Untracked 
|   9|0x0000000080900000, 0x0000000080a00000, 0x0000000080a00000|100%| O|  |TAMS 0x0000000080a00000, 0x0000000080900000| Untracked 
|  10|0x0000000080a00000, 0x0000000080b00000, 0x0000000080b00000|100%| O|  |TAMS 0x0000000080b00000, 0x0000000080a00000| Untracked 
|  11|0x0000000080b00000, 0x0000000080c00000, 0x0000000080c00000|100%| O|  |TAMS 0x0000000080c00000, 0x0000000080b00000| Untracked 
|  12|0x0000000080c00000, 0x0000000080d00000, 0x0000000080d00000|100%| O|  |TAMS 0x0000000080d00000, 0x0000000080c00000| Untracked 
|  13|0x0000000080d00000, 0x0000000080e00000, 0x0000000080e00000|100%| O|  |TAMS 0x0000000080e00000, 0x0000000080d00000| Untracked 
|  14|0x0000000080e00000, 0x0000000080f00000, 0x0000000080f00000|100%| O|  |TAMS 0x0000000080f00000, 0x0000000080e00000| Untracked 
|  15|0x0000000080f00000, 0x0000000081000000, 0x0000000081000000|100%| O|  |TAMS 0x0000000081000000, 0x0000000080f00000| Untracked 
|  16|0x0000000081000000, 0x0000000081100000, 0x0000000081100000|100%|HS|  |TAMS 0x0000000081100000, 0x0000000081000000| Complete 
|  17|0x0000000081100000, 0x0000000081200000, 0x0000000081200000|100%|HC|  |TAMS 0x0000000081200000, 0x0000000081100000| Complete 
|  18|0x0000000081200000, 0x0000000081300000, 0x0000000081300000|100%|HS|  |TAMS 0x0000000081300000, 0x0000000081200000| Complete 
|  19|0x0000000081300000, 0x0000000081400000, 0x0000000081400000|100%|HC|  |TAMS 0x0000000081400000, 0x0000000081300000| Complete 
|  20|0x0000000081400000, 0x0000000081500000, 0x0000000081500000|100%|HC|  |TAMS 0x0000000081500000, 0x0000000081400000| Complete 
|  21|0x0000000081500000, 0x0000000081600000, 0x0000000081600000|100%|HS|  |TAMS 0x0000000081600000, 0x0000000081500000| Complete 
|  22|0x0000000081600000, 0x0000000081700000, 0x0000000081700000|100%|HC|  |TAMS 0x0000000081700000, 0x0000000081600000| Complete 
|  23|0x0000000081700000, 0x0000000081800000, 0x0000000081800000|100%|HC|  |TAMS 0x0000000081800000, 0x0000000081700000| Complete 
|  24|0x0000000081800000, 0x0000000081900000, 0x0000000081900000|100%|HC|  |TAMS 0x0000000081900000, 0x0000000081800000| Complete 
|  25|0x0000000081900000, 0x0000000081a00000, 0x0000000081a00000|100%|HC|  |TAMS 0x0000000081a00000, 0x0000000081900000| Complete 
|  26|0x0000000081a00000, 0x0000000081b00000, 0x0000000081b00000|100%| O|  |TAMS 0x0000000081b00000, 0x0000000081a00000| Untracked 
|  27|0x0000000081b00000, 0x0000000081c00000, 0x0000000081c00000|100%| O|  |TAMS 0x0000000081c00000, 0x0000000081b00000| Untracked 
|  28|0x0000000081c00000, 0x0000000081d00000, 0x0000000081d00000|100%| O|  |TAMS 0x0000000081d00000, 0x0000000081c00000| Untracked 
|  29|0x0000000081d00000, 0x0000000081e00000, 0x0000000081e00000|100%| O|  |TAMS 0x0000000081e00000, 0x0000000081d00000| Untracked 
|  30|0x0000000081e00000, 0x0000000081f00000, 0x0000000081f00000|100%| O|  |TAMS 0x0000000081f00000, 0x0000000081e00000| Untracked 
|  31|0x0000000081f00000, 0x0000000082000000, 0x0000000082000000|100%| O|  |TAMS 0x0000000082000000, 0x0000000081f00000| Untracked 
|  32|0x0000000082000000, 0x0000000082100000, 0x0000000082100000|100%| O|  |TAMS 0x0000000082100000, 0x0000000082000000| Untracked 
|  33|0x0000000082100000, 0x0000000082200000, 0x0000000082200000|100%|HS|  |TAMS 0x0000000082200000, 0x0000000082100000| Complete 
|  34|0x0000000082200000, 0x0000000082300000, 0x0000000082300000|100%|HC|  |TAMS 0x0000000082300000, 0x0000000082200000| Complete 
|  35|0x0000000082300000, 0x0000000082400000, 0x0000000082400000|100%|HC|  |TAMS 0x0000000082400000, 0x0000000082300000| Complete 
|  36|0x0000000082400000, 0x0000000082500000, 0x0000000082500000|100%|HC|  |TAMS 0x0000000082500000, 0x0000000082400000| Complete 
|  37|0x0000000082500000, 0x0000000082600000, 0x0000000082600000|100%|HC|  |TAMS 0x0000000082600000, 0x0000000082500000| Complete 
|  38|0x0000000082600000, 0x0000000082700000, 0x0000000082700000|100%|HS|  |TAMS 0x0000000082700000, 0x0000000082600000| Complete 
|  39|0x0000000082700000, 0x0000000082800000, 0x0000000082800000|100%|HC|  |TAMS 0x0000000082800000, 0x0000000082700000| Complete 
|  40|0x0000000082800000, 0x0000000082900000, 0x0000000082900000|100%|HC|  |TAMS 0x0000000082900000, 0x0000000082800000| Complete 
|  41|0x0000000082900000, 0x0000000082a00000, 0x0000000082a00000|100%| O|  |TAMS 0x0000000082a00000, 0x0000000082900000| Untracked 
|  42|0x0000000082a00000, 0x0000000082b00000, 0x0000000082b00000|100%| O|  |TAMS 0x0000000082b00000, 0x0000000082a00000| Untracked 
|  43|0x0000000082b00000, 0x0000000082c00000, 0x0000000082c00000|100%| O|  |TAMS 0x0000000082c00000, 0x0000000082b00000| Untracked 
|  44|0x0000000082c00000, 0x0000000082d00000, 0x0000000082d00000|100%| O|  |TAMS 0x0000000082d00000, 0x0000000082c00000| Untracked 
|  45|0x0000000082d00000, 0x0000000082e00000, 0x0000000082e00000|100%| O|  |TAMS 0x0000000082e00000, 0x0000000082d00000| Untracked 
|  46|0x0000000082e00000, 0x0000000082f00000, 0x0000000082f00000|100%|HS|  |TAMS 0x0000000082f00000, 0x0000000082e00000| Complete 
|  47|0x0000000082f00000, 0x0000000083000000, 0x0000000083000000|100%| O|  |TAMS 0x0000000083000000, 0x0000000082f00000| Untracked 
|  48|0x0000000083000000, 0x0000000083100000, 0x0000000083100000|100%| O|  |TAMS 0x0000000083100000, 0x0000000083000000| Untracked 
|  49|0x0000000083100000, 0x0000000083200000, 0x0000000083200000|100%| O|  |TAMS 0x0000000083200000, 0x0000000083100000| Untracked 
|  50|0x0000000083200000, 0x0000000083300000, 0x0000000083300000|100%| O|  |TAMS 0x0000000083300000, 0x0000000083200000| Untracked 
|  51|0x0000000083300000, 0x0000000083400000, 0x0000000083400000|100%| O|  |TAMS 0x0000000083400000, 0x0000000083300000| Untracked 
|  52|0x0000000083400000, 0x0000000083500000, 0x0000000083500000|100%|HS|  |TAMS 0x0000000083500000, 0x0000000083400000| Complete 
|  53|0x0000000083500000, 0x0000000083600000, 0x0000000083600000|100%|HS|  |TAMS 0x0000000083600000, 0x0000000083500000| Complete 
|  54|0x0000000083600000, 0x0000000083700000, 0x0000000083700000|100%|HC|  |TAMS 0x0000000083700000, 0x0000000083600000| Complete 
|  55|0x0000000083700000, 0x0000000083800000, 0x0000000083800000|100%|HC|  |TAMS 0x0000000083800000, 0x0000000083700000| Complete 
|  56|0x0000000083800000, 0x0000000083900000, 0x0000000083900000|100%|HS|  |TAMS 0x0000000083900000, 0x0000000083800000| Complete 
|  57|0x0000000083900000, 0x0000000083a00000, 0x0000000083a00000|100%|HC|  |TAMS 0x0000000083a00000, 0x0000000083900000| Complete 
|  58|0x0000000083a00000, 0x0000000083b00000, 0x0000000083b00000|100%| O|  |TAMS 0x0000000083b00000, 0x0000000083a00000| Untracked 
|  59|0x0000000083b00000, 0x0000000083c00000, 0x0000000083c00000|100%| O|  |TAMS 0x0000000083c00000, 0x0000000083b00000| Untracked 
|  60|0x0000000083c00000, 0x0000000083d00000, 0x0000000083d00000|100%| O|  |TAMS 0x0000000083d00000, 0x0000000083c00000| Untracked 
|  61|0x0000000083d00000, 0x0000000083e00000, 0x0000000083e00000|100%| O|  |TAMS 0x0000000083e00000, 0x0000000083d00000| Untracked 
|  62|0x0000000083e00000, 0x0000000083f00000, 0x0000000083f00000|100%| O|  |TAMS 0x0000000083f00000, 0x0000000083e00000| Untracked 
|  63|0x0000000083f00000, 0x0000000083f00000, 0x0000000084000000|  0%| F|  |TAMS 0x0000000083f00000, 0x0000000083f00000| Untracked 
|  64|0x0000000084000000, 0x0000000084000000, 0x0000000084100000|  0%| F|  |TAMS 0x0000000084000000, 0x0000000084000000| Untracked 
|  65|0x0000000084100000, 0x0000000084200000, 0x0000000084200000|100%| O|  |TAMS 0x0000000084200000, 0x0000000084100000| Untracked 
|  66|0x0000000084200000, 0x0000000084300000, 0x0000000084300000|100%| O|  |TAMS 0x0000000084300000, 0x0000000084200000| Untracked 
|  67|0x0000000084300000, 0x0000000084400000, 0x0000000084400000|100%| O|  |TAMS 0x0000000084400000, 0x0000000084300000| Untracked 
|  68|0x0000000084400000, 0x0000000084500000, 0x0000000084500000|100%| O|  |TAMS 0x0000000084500000, 0x0000000084400000| Untracked 
|  69|0x0000000084500000, 0x0000000084600000, 0x0000000084600000|100%| O|  |TAMS 0x0000000084600000, 0x0000000084500000| Untracked 
|  70|0x0000000084600000, 0x0000000084700000, 0x0000000084700000|100%| O|  |TAMS 0x0000000084700000, 0x0000000084600000| Untracked 
|  71|0x0000000084700000, 0x0000000084800000, 0x0000000084800000|100%| O|  |TAMS 0x0000000084800000, 0x0000000084700000| Untracked 
|  72|0x0000000084800000, 0x0000000084900000, 0x0000000084900000|100%| O|  |TAMS 0x0000000084900000, 0x0000000084800000| Untracked 
|  73|0x0000000084900000, 0x0000000084a00000, 0x0000000084a00000|100%| O|  |TAMS 0x0000000084a00000, 0x0000000084900000| Untracked 
|  74|0x0000000084a00000, 0x0000000084b00000, 0x0000000084b00000|100%| O|  |TAMS 0x0000000084b00000, 0x0000000084a00000| Untracked 
|  75|0x0000000084b00000, 0x0000000084c00000, 0x0000000084c00000|100%| O|  |TAMS 0x0000000084c00000, 0x0000000084b00000| Untracked 
|  76|0x0000000084c00000, 0x0000000084d00000, 0x0000000084d00000|100%| O|  |TAMS 0x0000000084d00000, 0x0000000084c00000| Untracked 
|  77|0x0000000084d00000, 0x0000000084e00000, 0x0000000084e00000|100%| O|  |TAMS 0x0000000084e00000, 0x0000000084d00000| Untracked 
|  78|0x0000000084e00000, 0x0000000084f00000, 0x0000000084f00000|100%| O|  |TAMS 0x0000000084f00000, 0x0000000084e00000| Untracked 
|  79|0x0000000084f00000, 0x0000000085000000, 0x0000000085000000|100%| O|  |TAMS 0x0000000085000000, 0x0000000084f00000| Untracked 
|  80|0x0000000085000000, 0x0000000085100000, 0x0000000085100000|100%| O|  |TAMS 0x0000000085100000, 0x0000000085000000| Untracked 
|  81|0x0000000085100000, 0x0000000085200000, 0x0000000085200000|100%| O|  |TAMS 0x0000000085200000, 0x0000000085100000| Untracked 
|  82|0x0000000085200000, 0x0000000085300000, 0x0000000085300000|100%| O|  |TAMS 0x0000000085300000, 0x0000000085200000| Untracked 
|  83|0x0000000085300000, 0x0000000085400000, 0x0000000085400000|100%| O|  |TAMS 0x0000000085400000, 0x0000000085300000| Untracked 
|  84|0x0000000085400000, 0x0000000085500000, 0x0000000085500000|100%| O|  |TAMS 0x0000000085500000, 0x0000000085400000| Untracked 
|  85|0x0000000085500000, 0x0000000085600000, 0x0000000085600000|100%| O|  |TAMS 0x0000000085600000, 0x0000000085500000| Untracked 
|  86|0x0000000085600000, 0x0000000085700000, 0x0000000085700000|100%| O|  |TAMS 0x0000000085700000, 0x0000000085600000| Untracked 
|  87|0x0000000085700000, 0x0000000085800000, 0x0000000085800000|100%| O|  |TAMS 0x0000000085800000, 0x0000000085700000| Untracked 
|  88|0x0000000085800000, 0x0000000085900000, 0x0000000085900000|100%| O|  |TAMS 0x0000000085900000, 0x0000000085800000| Untracked 
|  89|0x0000000085900000, 0x0000000085a00000, 0x0000000085a00000|100%| O|  |TAMS 0x0000000085a00000, 0x0000000085900000| Untracked 
|  90|0x0000000085a00000, 0x0000000085b00000, 0x0000000085b00000|100%| O|  |TAMS 0x0000000085b00000, 0x0000000085a00000| Untracked 
|  91|0x0000000085b00000, 0x0000000085c00000, 0x0000000085c00000|100%| O|  |TAMS 0x0000000085c00000, 0x0000000085b00000| Untracked 
|  92|0x0000000085c00000, 0x0000000085d00000, 0x0000000085d00000|100%| O|  |TAMS 0x0000000085d00000, 0x0000000085c00000| Untracked 
|  93|0x0000000085d00000, 0x0000000085e00000, 0x0000000085e00000|100%| O|  |TAMS 0x0000000085e00000, 0x0000000085d00000| Untracked 
|  94|0x0000000085e00000, 0x0000000085f00000, 0x0000000085f00000|100%| O|  |TAMS 0x0000000085f00000, 0x0000000085e00000| Untracked 
|  95|0x0000000085f00000, 0x0000000086000000, 0x0000000086000000|100%| O|  |TAMS 0x0000000085f00000, 0x0000000085f00000| Untracked 
|  96|0x0000000086000000, 0x0000000086100000, 0x0000000086100000|100%| O|  |TAMS 0x0000000086000000, 0x0000000086000000| Untracked 
|  97|0x0000000086100000, 0x0000000086200000, 0x0000000086200000|100%| O|  |TAMS 0x0000000086200000, 0x0000000086100000| Untracked 
|  98|0x0000000086200000, 0x0000000086300000, 0x0000000086300000|100%| O|  |TAMS 0x0000000086300000, 0x0000000086200000| Untracked 
|  99|0x0000000086300000, 0x0000000086400000, 0x0000000086400000|100%| O|  |TAMS 0x0000000086400000, 0x0000000086300000| Untracked 
| 100|0x0000000086400000, 0x0000000086400000, 0x0000000086500000|  0%| F|  |TAMS 0x0000000086400000, 0x0000000086400000| Untracked 
| 101|0x0000000086500000, 0x0000000086600000, 0x0000000086600000|100%| O|  |TAMS 0x0000000086600000, 0x0000000086500000| Untracked 
| 102|0x0000000086600000, 0x0000000086700000, 0x0000000086700000|100%| O|  |TAMS 0x0000000086700000, 0x0000000086600000| Untracked 
| 103|0x0000000086700000, 0x0000000086800000, 0x0000000086800000|100%| O|  |TAMS 0x0000000086800000, 0x0000000086700000| Untracked 
| 104|0x0000000086800000, 0x0000000086900000, 0x0000000086900000|100%| O|  |TAMS 0x0000000086900000, 0x0000000086800000| Untracked 
| 105|0x0000000086900000, 0x0000000086a00000, 0x0000000086a00000|100%| O|  |TAMS 0x0000000086a00000, 0x0000000086900000| Untracked 
| 106|0x0000000086a00000, 0x0000000086b00000, 0x0000000086b00000|100%| O|  |TAMS 0x0000000086b00000, 0x0000000086a00000| Untracked 
| 107|0x0000000086b00000, 0x0000000086c00000, 0x0000000086c00000|100%| O|  |TAMS 0x0000000086c00000, 0x0000000086b00000| Untracked 
| 108|0x0000000086c00000, 0x0000000086d00000, 0x0000000086d00000|100%| O|  |TAMS 0x0000000086d00000, 0x0000000086c00000| Untracked 
| 109|0x0000000086d00000, 0x0000000086e00000, 0x0000000086e00000|100%| O|  |TAMS 0x0000000086e00000, 0x0000000086d00000| Untracked 
| 110|0x0000000086e00000, 0x0000000086f00000, 0x0000000086f00000|100%| O|  |TAMS 0x0000000086f00000, 0x0000000086e00000| Untracked 
| 111|0x0000000086f00000, 0x0000000087000000, 0x0000000087000000|100%| O|  |TAMS 0x0000000087000000, 0x0000000086f00000| Untracked 
| 112|0x0000000087000000, 0x0000000087100000, 0x0000000087100000|100%| O|  |TAMS 0x0000000087100000, 0x0000000087000000| Untracked 
| 113|0x0000000087100000, 0x0000000087100000, 0x0000000087200000|  0%| F|  |TAMS 0x0000000087100000, 0x0000000087100000| Untracked 
| 114|0x0000000087200000, 0x0000000087300000, 0x0000000087300000|100%| O|  |TAMS 0x0000000087200000, 0x0000000087200000| Untracked 
| 115|0x0000000087300000, 0x0000000087400000, 0x0000000087400000|100%| O|  |TAMS 0x0000000087400000, 0x0000000087300000| Untracked 
| 116|0x0000000087400000, 0x0000000087500000, 0x0000000087500000|100%| O|  |TAMS 0x0000000087500000, 0x0000000087400000| Untracked 
| 117|0x0000000087500000, 0x0000000087600000, 0x0000000087600000|100%| O|  |TAMS 0x0000000087600000, 0x0000000087500000| Untracked 
| 118|0x0000000087600000, 0x0000000087700000, 0x0000000087700000|100%| O|  |TAMS 0x0000000087700000, 0x0000000087600000| Untracked 
| 119|0x0000000087700000, 0x0000000087800000, 0x0000000087800000|100%| O|  |TAMS 0x0000000087800000, 0x0000000087700000| Untracked 
| 120|0x0000000087800000, 0x0000000087900000, 0x0000000087900000|100%| O|  |TAMS 0x00000000878e8a00, 0x0000000087800000| Untracked 
| 121|0x0000000087900000, 0x0000000087900000, 0x0000000087a00000|  0%| F|  |TAMS 0x0000000087900000, 0x0000000087900000| Untracked 
| 122|0x0000000087a00000, 0x0000000087a00000, 0x0000000087b00000|  0%| F|  |TAMS 0x0000000087a00000, 0x0000000087a00000| Untracked 
| 123|0x0000000087b00000, 0x0000000087b00000, 0x0000000087c00000|  0%| F|  |TAMS 0x0000000087b00000, 0x0000000087b00000| Untracked 
| 124|0x0000000087c00000, 0x0000000087c00000, 0x0000000087d00000|  0%| F|  |TAMS 0x0000000087c00000, 0x0000000087c00000| Untracked 
| 125|0x0000000087d00000, 0x0000000087d00000, 0x0000000087e00000|  0%| F|  |TAMS 0x0000000087d00000, 0x0000000087d00000| Untracked 
| 126|0x0000000087e00000, 0x0000000087f00000, 0x0000000087f00000|100%| O|  |TAMS 0x0000000087f00000, 0x0000000087e00000| Untracked 
| 127|0x0000000087f00000, 0x0000000088000000, 0x0000000088000000|100%| O|  |TAMS 0x0000000088000000, 0x0000000087f00000| Untracked 
| 128|0x0000000088000000, 0x0000000088100000, 0x0000000088100000|100%| O|  |TAMS 0x0000000088100000, 0x0000000088000000| Untracked 
| 129|0x0000000088100000, 0x0000000088100000, 0x0000000088200000|  0%| F|  |TAMS 0x0000000088100000, 0x0000000088100000| Untracked 
| 130|0x0000000088200000, 0x0000000088200000, 0x0000000088300000|  0%| F|  |TAMS 0x0000000088200000, 0x0000000088200000| Untracked 
| 131|0x0000000088300000, 0x0000000088300000, 0x0000000088400000|  0%| F|  |TAMS 0x0000000088300000, 0x0000000088300000| Untracked 
| 132|0x0000000088400000, 0x0000000088400000, 0x0000000088500000|  0%| F|  |TAMS 0x0000000088400000, 0x0000000088400000| Untracked 
| 133|0x0000000088500000, 0x0000000088500000, 0x0000000088600000|  0%| F|  |TAMS 0x0000000088500000, 0x0000000088500000| Untracked 
| 134|0x0000000088600000, 0x0000000088700000, 0x0000000088700000|100%| O|  |TAMS 0x0000000088700000, 0x0000000088600000| Untracked 
| 135|0x0000000088700000, 0x0000000088800000, 0x0000000088800000|100%| O|  |TAMS 0x0000000088800000, 0x0000000088700000| Untracked 
| 136|0x0000000088800000, 0x0000000088800000, 0x0000000088900000|  0%| F|  |TAMS 0x0000000088800000, 0x0000000088800000| Untracked 
| 137|0x0000000088900000, 0x0000000088a00000, 0x0000000088a00000|100%| O|  |TAMS 0x0000000088900000, 0x0000000088900000| Untracked 
| 138|0x0000000088a00000, 0x0000000088b00000, 0x0000000088b00000|100%| O|  |TAMS 0x0000000088a00000, 0x0000000088a00000| Untracked 
| 139|0x0000000088b00000, 0x0000000088c00000, 0x0000000088c00000|100%| O|  |TAMS 0x0000000088b00000, 0x0000000088b00000| Untracked 
| 140|0x0000000088c00000, 0x0000000088d00000, 0x0000000088d00000|100%| O|  |TAMS 0x0000000088c00000, 0x0000000088c00000| Untracked 
| 141|0x0000000088d00000, 0x0000000088e00000, 0x0000000088e00000|100%| O|  |TAMS 0x0000000088d00000, 0x0000000088d00000| Untracked 
| 142|0x0000000088e00000, 0x0000000088f00000, 0x0000000088f00000|100%| O|  |TAMS 0x0000000088e00000, 0x0000000088e00000| Untracked 
| 143|0x0000000088f00000, 0x0000000089000000, 0x0000000089000000|100%| O|  |TAMS 0x0000000088f00000, 0x0000000088f00000| Untracked 
| 144|0x0000000089000000, 0x0000000089100000, 0x0000000089100000|100%| O|  |TAMS 0x0000000089000000, 0x0000000089000000| Untracked 
| 145|0x0000000089100000, 0x0000000089200000, 0x0000000089200000|100%| O|  |TAMS 0x0000000089100000, 0x0000000089100000| Untracked 
| 146|0x0000000089200000, 0x0000000089300000, 0x0000000089300000|100%| O|  |TAMS 0x0000000089200000, 0x0000000089200000| Untracked 
| 147|0x0000000089300000, 0x00000000893bfc00, 0x0000000089400000| 74%| O|  |TAMS 0x0000000089300000, 0x0000000089300000| Untracked 
| 148|0x0000000089400000, 0x0000000089400000, 0x0000000089500000|  0%| F|  |TAMS 0x0000000089400000, 0x0000000089400000| Untracked 
| 149|0x0000000089500000, 0x0000000089500000, 0x0000000089600000|  0%| F|  |TAMS 0x0000000089500000, 0x0000000089500000| Untracked 
| 150|0x0000000089600000, 0x0000000089600000, 0x0000000089700000|  0%| F|  |TAMS 0x0000000089600000, 0x0000000089600000| Untracked 
| 151|0x0000000089700000, 0x0000000089700000, 0x0000000089800000|  0%| F|  |TAMS 0x0000000089700000, 0x0000000089700000| Untracked 
| 152|0x0000000089800000, 0x0000000089800000, 0x0000000089900000|  0%| F|  |TAMS 0x0000000089800000, 0x0000000089800000| Untracked 
| 153|0x0000000089900000, 0x0000000089900000, 0x0000000089a00000|  0%| F|  |TAMS 0x0000000089900000, 0x0000000089900000| Untracked 
| 154|0x0000000089a00000, 0x0000000089a00000, 0x0000000089b00000|  0%| F|  |TAMS 0x0000000089a00000, 0x0000000089a00000| Untracked 
| 155|0x0000000089b00000, 0x0000000089b00000, 0x0000000089c00000|  0%| F|  |TAMS 0x0000000089b00000, 0x0000000089b00000| Untracked 
| 156|0x0000000089c00000, 0x0000000089c00000, 0x0000000089d00000|  0%| F|  |TAMS 0x0000000089c00000, 0x0000000089c00000| Untracked 
| 157|0x0000000089d00000, 0x0000000089d00000, 0x0000000089e00000|  0%| F|  |TAMS 0x0000000089d00000, 0x0000000089d00000| Untracked 
| 158|0x0000000089e00000, 0x0000000089e00000, 0x0000000089f00000|  0%| F|  |TAMS 0x0000000089e00000, 0x0000000089e00000| Untracked 
| 159|0x0000000089f00000, 0x0000000089f00000, 0x000000008a000000|  0%| F|  |TAMS 0x0000000089f00000, 0x0000000089f00000| Untracked 
| 160|0x000000008a000000, 0x000000008a000000, 0x000000008a100000|  0%| F|  |TAMS 0x000000008a000000, 0x000000008a000000| Untracked 
| 161|0x000000008a100000, 0x000000008a100000, 0x000000008a200000|  0%| F|  |TAMS 0x000000008a100000, 0x000000008a100000| Untracked 
| 162|0x000000008a200000, 0x000000008a200000, 0x000000008a300000|  0%| F|  |TAMS 0x000000008a200000, 0x000000008a200000| Untracked 
| 163|0x000000008a300000, 0x000000008a300000, 0x000000008a400000|  0%| F|  |TAMS 0x000000008a300000, 0x000000008a300000| Untracked 
| 164|0x000000008a400000, 0x000000008a400000, 0x000000008a500000|  0%| F|  |TAMS 0x000000008a400000, 0x000000008a400000| Untracked 
| 165|0x000000008a500000, 0x000000008a500000, 0x000000008a600000|  0%| F|  |TAMS 0x000000008a500000, 0x000000008a500000| Untracked 
| 166|0x000000008a600000, 0x000000008a600000, 0x000000008a700000|  0%| F|  |TAMS 0x000000008a600000, 0x000000008a600000| Untracked 
| 167|0x000000008a700000, 0x000000008a700000, 0x000000008a800000|  0%| F|  |TAMS 0x000000008a700000, 0x000000008a700000| Untracked 
| 168|0x000000008a800000, 0x000000008a800000, 0x000000008a900000|  0%| F|  |TAMS 0x000000008a800000, 0x000000008a800000| Untracked 
| 169|0x000000008a900000, 0x000000008a900000, 0x000000008aa00000|  0%| F|  |TAMS 0x000000008a900000, 0x000000008a900000| Untracked 
| 170|0x000000008aa00000, 0x000000008aa00000, 0x000000008ab00000|  0%| F|  |TAMS 0x000000008aa00000, 0x000000008aa00000| Untracked 
| 171|0x000000008ab00000, 0x000000008ab00000, 0x000000008ac00000|  0%| F|  |TAMS 0x000000008ab00000, 0x000000008ab00000| Untracked 
| 172|0x000000008ac00000, 0x000000008ac76978, 0x000000008ad00000| 46%| E|  |TAMS 0x000000008ac00000, 0x000000008ac00000| Complete 
| 173|0x000000008ad00000, 0x000000008ae00000, 0x000000008ae00000|100%| E|CS|TAMS 0x000000008ad00000, 0x000000008ad00000| Complete 
| 174|0x000000008ae00000, 0x000000008af00000, 0x000000008af00000|100%| E|CS|TAMS 0x000000008ae00000, 0x000000008ae00000| Complete 
| 175|0x000000008af00000, 0x000000008b000000, 0x000000008b000000|100%| E|CS|TAMS 0x000000008af00000, 0x000000008af00000| Complete 
| 176|0x000000008b000000, 0x000000008b100000, 0x000000008b100000|100%| E|CS|TAMS 0x000000008b000000, 0x000000008b000000| Complete 
| 177|0x000000008b100000, 0x000000008b200000, 0x000000008b200000|100%| E|CS|TAMS 0x000000008b100000, 0x000000008b100000| Complete 
| 178|0x000000008b200000, 0x000000008b300000, 0x000000008b300000|100%| E|CS|TAMS 0x000000008b200000, 0x000000008b200000| Complete 
| 179|0x000000008b300000, 0x000000008b400000, 0x000000008b400000|100%| E|CS|TAMS 0x000000008b300000, 0x000000008b300000| Complete 
| 180|0x000000008b400000, 0x000000008b500000, 0x000000008b500000|100%| E|CS|TAMS 0x000000008b400000, 0x000000008b400000| Complete 
| 181|0x000000008b500000, 0x000000008b600000, 0x000000008b600000|100%| E|CS|TAMS 0x000000008b500000, 0x000000008b500000| Complete 
| 182|0x000000008b600000, 0x000000008b700000, 0x000000008b700000|100%| E|CS|TAMS 0x000000008b600000, 0x000000008b600000| Complete 
| 183|0x000000008b700000, 0x000000008b800000, 0x000000008b800000|100%| E|CS|TAMS 0x000000008b700000, 0x000000008b700000| Complete 
| 184|0x000000008b800000, 0x000000008b900000, 0x000000008b900000|100%| E|CS|TAMS 0x000000008b800000, 0x000000008b800000| Complete 
| 185|0x000000008b900000, 0x000000008ba00000, 0x000000008ba00000|100%| E|CS|TAMS 0x000000008b900000, 0x000000008b900000| Complete 
| 186|0x000000008ba00000, 0x000000008bb00000, 0x000000008bb00000|100%| E|CS|TAMS 0x000000008ba00000, 0x000000008ba00000| Complete 
| 187|0x000000008bb00000, 0x000000008bc00000, 0x000000008bc00000|100%| E|CS|TAMS 0x000000008bb00000, 0x000000008bb00000| Complete 
| 188|0x000000008bc00000, 0x000000008bd00000, 0x000000008bd00000|100%| E|CS|TAMS 0x000000008bc00000, 0x000000008bc00000| Complete 
| 189|0x000000008bd00000, 0x000000008be00000, 0x000000008be00000|100%| E|CS|TAMS 0x000000008bd00000, 0x000000008bd00000| Complete 
| 190|0x000000008be00000, 0x000000008bf00000, 0x000000008bf00000|100%| E|CS|TAMS 0x000000008be00000, 0x000000008be00000| Complete 
| 191|0x000000008bf00000, 0x000000008c000000, 0x000000008c000000|100%| E|CS|TAMS 0x000000008bf00000, 0x000000008bf00000| Complete 
| 192|0x000000008c000000, 0x000000008c100000, 0x000000008c100000|100%| E|CS|TAMS 0x000000008c000000, 0x000000008c000000| Complete 
| 193|0x000000008c100000, 0x000000008c200000, 0x000000008c200000|100%| E|CS|TAMS 0x000000008c100000, 0x000000008c100000| Complete 
| 194|0x000000008c200000, 0x000000008c300000, 0x000000008c300000|100%| E|CS|TAMS 0x000000008c200000, 0x000000008c200000| Complete 
| 195|0x000000008c300000, 0x000000008c400000, 0x000000008c400000|100%| E|CS|TAMS 0x000000008c300000, 0x000000008c300000| Complete 
| 196|0x000000008c400000, 0x000000008c500000, 0x000000008c500000|100%| E|CS|TAMS 0x000000008c400000, 0x000000008c400000| Complete 
| 197|0x000000008c500000, 0x000000008c600000, 0x000000008c600000|100%| E|CS|TAMS 0x000000008c500000, 0x000000008c500000| Complete 
| 198|0x000000008c600000, 0x000000008c700000, 0x000000008c700000|100%| E|CS|TAMS 0x000000008c600000, 0x000000008c600000| Complete 
| 199|0x000000008c700000, 0x000000008c800000, 0x000000008c800000|100%| E|CS|TAMS 0x000000008c700000, 0x000000008c700000| Complete 
| 200|0x000000008c800000, 0x000000008c900000, 0x000000008c900000|100%| E|CS|TAMS 0x000000008c800000, 0x000000008c800000| Complete 
| 201|0x000000008c900000, 0x000000008ca00000, 0x000000008ca00000|100%| E|CS|TAMS 0x000000008c900000, 0x000000008c900000| Complete 
| 202|0x000000008ca00000, 0x000000008cb00000, 0x000000008cb00000|100%| E|CS|TAMS 0x000000008ca00000, 0x000000008ca00000| Complete 
| 203|0x000000008cb00000, 0x000000008cc00000, 0x000000008cc00000|100%| E|CS|TAMS 0x000000008cb00000, 0x000000008cb00000| Complete 
| 204|0x000000008cc00000, 0x000000008cd00000, 0x000000008cd00000|100%| E|CS|TAMS 0x000000008cc00000, 0x000000008cc00000| Complete 
| 205|0x000000008cd00000, 0x000000008ce00000, 0x000000008ce00000|100%| E|CS|TAMS 0x000000008cd00000, 0x000000008cd00000| Complete 
| 206|0x000000008ce00000, 0x000000008cf00000, 0x000000008cf00000|100%| E|CS|TAMS 0x000000008ce00000, 0x000000008ce00000| Complete 
| 207|0x000000008cf00000, 0x000000008d000000, 0x000000008d000000|100%| E|CS|TAMS 0x000000008cf00000, 0x000000008cf00000| Complete 
| 208|0x000000008d000000, 0x000000008d100000, 0x000000008d100000|100%| E|CS|TAMS 0x000000008d000000, 0x000000008d000000| Complete 
| 209|0x000000008d100000, 0x000000008d200000, 0x000000008d200000|100%| E|CS|TAMS 0x000000008d100000, 0x000000008d100000| Complete 
| 210|0x000000008d200000, 0x000000008d300000, 0x000000008d300000|100%| E|CS|TAMS 0x000000008d200000, 0x000000008d200000| Complete 
| 211|0x000000008d300000, 0x000000008d400000, 0x000000008d400000|100%| E|CS|TAMS 0x000000008d300000, 0x000000008d300000| Complete 
| 212|0x000000008d400000, 0x000000008d500000, 0x000000008d500000|100%| E|CS|TAMS 0x000000008d400000, 0x000000008d400000| Complete 
| 213|0x000000008d500000, 0x000000008d53a530, 0x000000008d600000| 22%| S|CS|TAMS 0x000000008d500000, 0x000000008d500000| Complete 
| 214|0x000000008d600000, 0x000000008d700000, 0x000000008d700000|100%| S|CS|TAMS 0x000000008d600000, 0x000000008d600000| Complete 
| 215|0x000000008d700000, 0x000000008d800000, 0x000000008d800000|100%| E|CS|TAMS 0x000000008d700000, 0x000000008d700000| Complete 
| 216|0x000000008d800000, 0x000000008d900000, 0x000000008d900000|100%| E|CS|TAMS 0x000000008d800000, 0x000000008d800000| Complete 
| 217|0x000000008d900000, 0x000000008da00000, 0x000000008da00000|100%| E|CS|TAMS 0x000000008d900000, 0x000000008d900000| Complete 
| 218|0x000000008da00000, 0x000000008db00000, 0x000000008db00000|100%| E|CS|TAMS 0x000000008da00000, 0x000000008da00000| Complete 
| 219|0x000000008db00000, 0x000000008dc00000, 0x000000008dc00000|100%| E|CS|TAMS 0x000000008db00000, 0x000000008db00000| Complete 

Card table byte_map: [0x00000240df960000,0x00000240dfd60000] _byte_map_base: 0x00000240df560000

Marking Bits (Prev, Next): (CMBitMap*) 0x00000240c5e8d410, (CMBitMap*) 0x00000240c5e8d3d8
 Prev Bits: [0x00000240e2160000, 0x00000240e4160000)
 Next Bits: [0x00000240e0160000, 0x00000240e2160000)

Polling page: 0x00000240c5f20000

Metaspace:

Usage:
  Non-class:     97.14 MB capacity,    94.97 MB ( 98%) used,     1.84 MB (  2%) free+waste,   342.00 KB ( <1%) overhead. 
      Class:     14.71 MB capacity,    13.57 MB ( 92%) used,  1010.56 KB (  7%) free+waste,   154.69 KB (  1%) overhead. 
       Both:    111.84 MB capacity,   108.54 MB ( 97%) used,     2.82 MB (  3%) free+waste,   496.69 KB ( <1%) overhead. 

Virtual space:
  Non-class space:       98.00 MB reserved,      97.25 MB (>99%) committed 
      Class space:        1.00 GB reserved,      14.75 MB (  1%) committed 
             Both:        1.10 GB reserved,     112.00 MB ( 10%) committed 

Chunk freelists:
   Non-Class:  6.50 KB
       Class:  1.38 KB
        Both:  7.88 KB

CodeHeap 'non-profiled nmethods': size=120000Kb used=9979Kb max_used=9979Kb free=110020Kb
 bounds [0x00000240d75d0000, 0x00000240d7fa0000, 0x00000240deb00000]
CodeHeap 'profiled nmethods': size=120000Kb used=31110Kb max_used=31110Kb free=88890Kb
 bounds [0x00000240d00a0000, 0x00000240d1f20000, 0x00000240d75d0000]
CodeHeap 'non-nmethods': size=5760Kb used=2316Kb max_used=2375Kb free=3443Kb
 bounds [0x00000240cfb00000, 0x00000240cfd70000, 0x00000240d00a0000]
 total_blobs=15719 nmethods=14793 adapters=837
 compilation: enabled
              stopped_count=0, restarted_count=0
 full_count=0

Compilation events (10 events):
Event: 46.283 Thread 0x00000240e6c6e000 nmethod 15781 0x00000240d7f8be10 code [0x00000240d7f8bfc0, 0x00000240d7f8c468]
Event: 46.283 Thread 0x00000240e6c6e000 15782       4       com.android.ide.common.resources.ValueResourceParser2::checkDuplicate (104 bytes)
Event: 46.306 Thread 0x00000240f2eb5000 nmethod 15754 0x00000240d7f8c790 code [0x00000240d7f8cc60, 0x00000240d7f8ebb8]
Event: 46.306 Thread 0x00000240f2eb5000 15788   !   4       com.android.utils.PositionXmlParser$DomBuilder::startElement (272 bytes)
Event: 46.323 Thread 0x00000240e6c74800 15790       2       java.lang.String::<init> (55 bytes)
Event: 46.323 Thread 0x00000240e6c74800 nmethod 15790 0x00000240d0708290 code [0x00000240d0708460, 0x00000240d07086e8]
Event: 46.326 Thread 0x00000240e6c74800 15791       2       java.io.FileInputStream::available (5 bytes)
Event: 46.326 Thread 0x00000240e6c74800 nmethod 15791 0x00000240d04e7710 code [0x00000240d04e78c0, 0x00000240d04e79c8]
Event: 46.327 Thread 0x00000240e6c74800 15792       2       org.apache.xerces.dom.ParentNode::getChildNodes (13 bytes)
Event: 46.327 Thread 0x00000240e6c74800 nmethod 15792 0x00000240d04f2110 code [0x00000240d04f22c0, 0x00000240d04f2408]

GC Heap History (10 events):
Event: 43.740 GC heap before
{Heap before GC invocations=44 (full 0):
 garbage-first heap   total 225280K, used 187403K [0x0000000080000000, 0x0000000100000000)
  region size 1024K, 59 young (60416K), 5 survivors (5120K)
 Metaspace       used 108824K, capacity 111957K, committed 112000K, reserved 1146880K
  class space    used 13582K, capacity 14690K, committed 14720K, reserved 1048576K
}
Event: 43.751 GC heap after
{Heap after GC invocations=45 (full 0):
 garbage-first heap   total 225280K, used 138813K [0x0000000080000000, 0x0000000100000000)
  region size 1024K, 6 young (6144K), 6 survivors (6144K)
 Metaspace       used 108824K, capacity 111957K, committed 112000K, reserved 1146880K
  class space    used 13582K, capacity 14690K, committed 14720K, reserved 1048576K
}
Event: 43.809 GC heap before
{Heap before GC invocations=45 (full 0):
 garbage-first heap   total 225280K, used 142909K [0x0000000080000000, 0x0000000100000000)
  region size 1024K, 11 young (11264K), 6 survivors (6144K)
 Metaspace       used 109256K, capacity 112438K, committed 112640K, reserved 1146880K
  class space    used 13677K, capacity 14823K, committed 14848K, reserved 1048576K
}
Event: 43.820 GC heap after
{Heap after GC invocations=46 (full 0):
 garbage-first heap   total 225280K, used 137748K [0x0000000080000000, 0x0000000100000000)
  region size 1024K, 1 young (1024K), 1 survivors (1024K)
 Metaspace       used 109256K, capacity 112438K, committed 112640K, reserved 1146880K
  class space    used 13677K, capacity 14823K, committed 14848K, reserved 1048576K
}
Event: 44.433 GC heap before
{Heap before GC invocations=46 (full 0):
 garbage-first heap   total 225280K, used 187924K [0x0000000080000000, 0x0000000100000000)
  region size 1024K, 51 young (52224K), 1 survivors (1024K)
 Metaspace       used 109604K, capacity 112906K, committed 113024K, reserved 1146880K
  class space    used 13723K, capacity 14886K, committed 14976K, reserved 1048576K
}
Event: 44.444 GC heap after
{Heap after GC invocations=47 (full 0):
 garbage-first heap   total 225280K, used 141934K [0x0000000080000000, 0x0000000100000000)
  region size 1024K, 5 young (5120K), 5 survivors (5120K)
 Metaspace       used 109604K, capacity 112906K, committed 113024K, reserved 1146880K
  class space    used 13723K, capacity 14886K, committed 14976K, reserved 1048576K
}
Event: 45.403 GC heap before
{Heap before GC invocations=48 (full 0):
 garbage-first heap   total 225280K, used 190062K [0x0000000080000000, 0x0000000100000000)
  region size 1024K, 52 young (53248K), 5 survivors (5120K)
 Metaspace       used 110656K, capacity 113839K, committed 113920K, reserved 1148928K
  class space    used 13874K, capacity 15025K, committed 15104K, reserved 1048576K
}
Event: 45.412 GC heap after
{Heap after GC invocations=49 (full 0):
 garbage-first heap   total 225280K, used 147158K [0x0000000080000000, 0x0000000100000000)
  region size 1024K, 6 young (6144K), 6 survivors (6144K)
 Metaspace       used 110656K, capacity 113839K, committed 113920K, reserved 1148928K
  class space    used 13874K, capacity 15025K, committed 15104K, reserved 1048576K
}
Event: 45.598 GC heap before
{Heap before GC invocations=49 (full 0):
 garbage-first heap   total 225280K, used 151254K [0x0000000080000000, 0x0000000100000000)
  region size 1024K, 11 young (11264K), 6 survivors (6144K)
 Metaspace       used 110868K, capacity 114075K, committed 114176K, reserved 1148928K
  class space    used 13894K, capacity 15059K, committed 15104K, reserved 1048576K
}
Event: 45.608 GC heap after
{Heap after GC invocations=50 (full 0):
 garbage-first heap   total 225280K, used 137192K [0x0000000080000000, 0x0000000100000000)
  region size 1024K, 2 young (2048K), 2 survivors (2048K)
 Metaspace       used 110868K, capacity 114075K, committed 114176K, reserved 1148928K
  class space    used 13894K, capacity 15059K, committed 15104K, reserved 1048576K
}

Deoptimization events (10 events):
Event: 45.170 Thread 0x00000240e959f800 Uncommon trap: reason=unstable_if action=reinterpret pc=0x00000240d7696418 method=org.gradle.internal.file.DefaultFileHierarchySet$Node.isChildOfOrThis(Ljava/lang/String;I)Z @ 35 c2
Event: 45.237 Thread 0x00000240e959f800 Uncommon trap: reason=unstable_if action=reinterpret pc=0x00000240d7760824 method=org.gradle.internal.file.DefaultFileHierarchySet$Node.isChildOfOrThis(Ljava/lang/String;I)Z @ 35 c2
Event: 45.327 Thread 0x00000240e7e1e800 Uncommon trap: reason=unstable_if action=reinterpret pc=0x00000240d7f4952c method=com.google.common.io.Files.getNameWithoutExtension(Ljava/lang/String;)Ljava/lang/String; @ 26 c2
Event: 45.327 Thread 0x00000240e7e1e800 Uncommon trap: reason=unstable_if action=reinterpret pc=0x00000240d77af384 method=com.google.common.io.Files.getNameWithoutExtension(Ljava/lang/String;)Ljava/lang/String; @ 26 c2
Event: 45.384 Thread 0x00000240e7e1e800 Uncommon trap: reason=class_check action=maybe_recompile pc=0x00000240d7c73e80 method=java.util.stream.ReferencePipeline.collect(Ljava/util/stream/Collector;)Ljava/lang/Object; @ 118 c2
Event: 45.394 Thread 0x00000240e7e1e800 Uncommon trap: reason=unstable_if action=reinterpret pc=0x00000240d7ae5750 method=sun.invoke.util.VerifyAccess.isTypeVisible(Ljava/lang/Class;Ljava/lang/Class;)Z @ 77 c2
Event: 45.491 Thread 0x00000240e7e1e800 Uncommon trap: reason=unstable_if action=reinterpret pc=0x00000240d75e3778 method=java.lang.String.getChars(II[CI)V @ 23 c2
Event: 46.069 Thread 0x00000240e7e1e800 Uncommon trap: reason=unstable_if action=reinterpret pc=0x00000240d7f67b6c method=org.apache.xerces.impl.XMLEntityScanner.scanContent(Lorg/apache/xerces/xni/XMLString;)I @ 603 c2
Event: 46.150 Thread 0x00000240e7e1e800 Uncommon trap: reason=unstable_if action=reinterpret pc=0x00000240d7914c9c method=org.apache.xerces.impl.XMLEntityScanner.scanLiteral(ILorg/apache/xerces/xni/XMLString;)I @ 43 c2
Event: 46.159 Thread 0x00000240e7e1e800 Uncommon trap: reason=unstable_if action=reinterpret pc=0x00000240d7f70ff8 method=org.apache.xerces.impl.XMLEntityScanner.scanContent(Lorg/apache/xerces/xni/XMLString;)I @ 461 c2

Classes redefined (0 events):
No events

Internal exceptions (10 events):
Event: 43.787 Thread 0x00000240e7e1a800 Exception <a 'java/lang/NoSuchMethodError'{0x000000008d95d440}: java.lang.invoke.DirectMethodHandle$Holder.invokeInterface(Ljava/lang/Object;Ljava/lang/Object;)V> (0x000000008d95d440) thrown at [./open/src/hotspot/share/interpreter/linkResolver.cpp, line 
Event: 43.787 Thread 0x00000240eca96800 Exception <a 'java/lang/NoSuchMethodError'{0x000000008d96fdf8}: static Lorg/gradle/internal/build/event/types/DefaultTaskSuccessResult;.<clinit>()V> (0x000000008d96fdf8) thrown at [./open/src/hotspot/share/prims/jni.cpp, line 1366]
Event: 43.788 Thread 0x00000240eca96800 Exception <a 'java/lang/NoSuchMethodError'{0x000000008d973bb8}: static Lorg/gradle/internal/build/event/types/AbstractTaskResult;.<clinit>()V> (0x000000008d973bb8) thrown at [./open/src/hotspot/share/prims/jni.cpp, line 1366]
Event: 43.829 Thread 0x00000240ed4a8800 Exception <a 'java/lang/NoSuchMethodError'{0x000000008db81450}: static Lcom/android/ide/common/attribution/AndroidGradlePluginAttributionData$BuildInfo;.<clinit>()V> (0x000000008db81450) thrown at [./open/src/hotspot/share/prims/jni.cpp, line 1366]
Event: 43.835 Thread 0x00000240ed4a8800 Exception <a 'java/lang/NoSuchMethodError'{0x000000008dbdf4d8}: static Lcom/android/ide/common/attribution/AndroidGradlePluginAttributionData$JavaInfo;.<clinit>()V> (0x000000008dbdf4d8) thrown at [./open/src/hotspot/share/prims/jni.cpp, line 1366]
Event: 43.840 Thread 0x00000240ed4a8800 Exception <a 'java/lang/NoSuchMethodError'{0x000000008da133b8}: static [Ljava/lang/String;.<clinit>()V> (0x000000008da133b8) thrown at [./open/src/hotspot/share/prims/jni.cpp, line 1366]
Event: 43.857 Thread 0x00000240eca96800 Exception <a 'java/lang/NoSuchMethodError'{0x000000008d93d8c8}: static Lorg/gradle/internal/build/event/types/DefaultTaskSkippedResult;.<clinit>()V> (0x000000008d93d8c8) thrown at [./open/src/hotspot/share/prims/jni.cpp, line 1366]
Event: 44.348 Thread 0x00000240e95a3000 Implicit null exception at 0x00000240d7675f32 to 0x00000240d7676308
Event: 44.409 Thread 0x00000240ecaa0800 Implicit null exception at 0x00000240d768059f to 0x00000240d7680f14
Event: 44.409 Thread 0x00000240ecaa2000 Implicit null exception at 0x00000240d768059f to 0x00000240d7680f14

Events (10 events):
Event: 46.069 Thread 0x00000240e7e1e800 DEOPT PACKING pc=0x00000240d7f67b6c sp=0x00000079588f9650
Event: 46.069 Thread 0x00000240e7e1e800 DEOPT UNPACKING pc=0x00000240cfb2662f sp=0x00000079588f95e8 mode 2
Event: 46.150 Thread 0x00000240e7e1e800 Uncommon trap: trap_request=0xffffff4d fr.pc=0x00000240d7914c9c relative=0x00000000000005dc
Event: 46.150 Thread 0x00000240e7e1e800 DEOPT PACKING pc=0x00000240d7914c9c sp=0x00000079588f9270
Event: 46.150 Thread 0x00000240e7e1e800 DEOPT UNPACKING pc=0x00000240cfb2662f sp=0x00000079588f91f0 mode 2
Event: 46.159 Thread 0x00000240e7e1e800 Uncommon trap: trap_request=0xffffff4d fr.pc=0x00000240d7f70ff8 relative=0x00000000000009f8
Event: 46.159 Thread 0x00000240e7e1e800 DEOPT PACKING pc=0x00000240d7f70ff8 sp=0x00000079588f9640
Event: 46.159 Thread 0x00000240e7e1e800 DEOPT UNPACKING pc=0x00000240cfb2662f sp=0x00000079588f95d8 mode 2
Event: 46.280 Executing VM operation: ICBufferFull
Event: 46.281 Executing VM operation: ICBufferFull done


Dynamic libraries:
0x00007ff7f57c0000 - 0x00007ff7f57cf000 	C:\Program Files\Java\jdk-11.0.12\bin\java.exe
0x00007ff96ffc0000 - 0x00007ff9701b0000 	C:\Windows\SYSTEM32\ntdll.dll
0x00007ff96efc0000 - 0x00007ff96f072000 	C:\Windows\System32\KERNEL32.DLL
0x00007ff96d270000 - 0x00007ff96d515000 	C:\Windows\System32\KERNELBASE.dll
0x00007ff96d520000 - 0x00007ff96d61a000 	C:\Windows\System32\ucrtbase.dll
0x00007ff95d9b0000 - 0x00007ff95d9c8000 	C:\Program Files\Java\jdk-11.0.12\bin\jli.dll
0x00007ff95c0d0000 - 0x00007ff95c0e5000 	C:\Program Files\Java\jdk-11.0.12\bin\VCRUNTIME140.dll
0x00007ff96ef10000 - 0x00007ff96efb3000 	C:\Windows\System32\ADVAPI32.dll
0x00007ff96fb90000 - 0x00007ff96fc2e000 	C:\Windows\System32\msvcrt.dll
0x00007ff96fc30000 - 0x00007ff96fcc7000 	C:\Windows\System32\sechost.dll
0x00007ff96f8a0000 - 0x00007ff96f9bf000 	C:\Windows\System32\RPCRT4.dll
0x00007ff96e070000 - 0x00007ff96e204000 	C:\Windows\System32\USER32.dll
0x00007ff96dff0000 - 0x00007ff96e011000 	C:\Windows\System32\win32u.dll
0x00007ff96ec00000 - 0x00007ff96ec26000 	C:\Windows\System32\GDI32.dll
0x00007ff96d6b0000 - 0x00007ff96d848000 	C:\Windows\System32\gdi32full.dll
0x00007ff96d1d0000 - 0x00007ff96d26e000 	C:\Windows\System32\msvcp_win.dll
0x00007ff95ba20000 - 0x00007ff95bca4000 	C:\Windows\WinSxS\amd64_microsoft.windows.common-controls_6595b64144ccf1df_6.0.18362.1556_none_9e7e372fe45e41d5\COMCTL32.dll
0x00007ff96e840000 - 0x00007ff96eb76000 	C:\Windows\System32\combase.dll
0x00007ff96d140000 - 0x00007ff96d1c1000 	C:\Windows\System32\bcryptPrimitives.dll
0x00007ff966160000 - 0x00007ff96616a000 	C:\Windows\SYSTEM32\VERSION.dll
0x00007ff96fcd0000 - 0x00007ff96fcfe000 	C:\Windows\System32\IMM32.DLL
0x00007ff9423f0000 - 0x00007ff94248b000 	C:\Program Files\Java\jdk-11.0.12\bin\msvcp140.dll
0x00007ff91da80000 - 0x00007ff91e57f000 	C:\Program Files\Java\jdk-11.0.12\bin\server\jvm.dll
0x00007ff96ecc0000 - 0x00007ff96ecc8000 	C:\Windows\System32\PSAPI.DLL
0x00007ff967ce0000 - 0x00007ff967ce9000 	C:\Windows\SYSTEM32\WSOCK32.dll
0x00007ff9690e0000 - 0x00007ff969104000 	C:\Windows\SYSTEM32\WINMM.dll
0x00007ff96fd00000 - 0x00007ff96fd6f000 	C:\Windows\System32\WS2_32.dll
0x00007ff968fa0000 - 0x00007ff968fcd000 	C:\Windows\SYSTEM32\winmmbase.dll
0x00007ff96e020000 - 0x00007ff96e06a000 	C:\Windows\System32\cfgmgr32.dll
0x00007ff96cea0000 - 0x00007ff96ceb1000 	C:\Windows\System32\kernel.appcore.dll
0x00007ff969200000 - 0x00007ff969210000 	C:\Program Files\Java\jdk-11.0.12\bin\verify.dll
0x00007ff958cd0000 - 0x00007ff958ec4000 	C:\Windows\SYSTEM32\DBGHELP.DLL
0x00007ff93e6f0000 - 0x00007ff93e71a000 	C:\Windows\SYSTEM32\dbgcore.DLL
0x00007ff95a5b0000 - 0x00007ff95a5d8000 	C:\Program Files\Java\jdk-11.0.12\bin\java.dll
0x00007ff963ca0000 - 0x00007ff963caa000 	C:\Program Files\Java\jdk-11.0.12\bin\jimage.dll
0x00007ff95b7a0000 - 0x00007ff95b7b6000 	C:\Program Files\Java\jdk-11.0.12\bin\zip.dll
0x00007ff96f0e0000 - 0x00007ff96f7c7000 	C:\Windows\System32\SHELL32.dll
0x00007ff96e210000 - 0x00007ff96e2b8000 	C:\Windows\System32\shcore.dll
0x00007ff96d850000 - 0x00007ff96dfcb000 	C:\Windows\System32\windows.storage.dll
0x00007ff96cec0000 - 0x00007ff96cede000 	C:\Windows\System32\profapi.dll
0x00007ff96cee0000 - 0x00007ff96cf2a000 	C:\Windows\System32\powrprof.dll
0x00007ff96ce70000 - 0x00007ff96ce80000 	C:\Windows\System32\UMPDC.dll
0x00007ff96ff20000 - 0x00007ff96ff72000 	C:\Windows\System32\shlwapi.dll
0x00007ff96dfd0000 - 0x00007ff96dfe7000 	C:\Windows\System32\cryptsp.dll
0x00007ff95b6e0000 - 0x00007ff95b6f9000 	C:\Program Files\Java\jdk-11.0.12\bin\net.dll
0x00007ff95dd10000 - 0x00007ff95de0a000 	C:\Windows\SYSTEM32\WINHTTP.dll
0x00007ff96c6b0000 - 0x00007ff96c717000 	C:\Windows\system32\mswsock.dll
0x00007ff95a900000 - 0x00007ff95a912000 	C:\Program Files\Java\jdk-11.0.12\bin\nio.dll
0x00007ff95b7c0000 - 0x00007ff95b7e7000 	C:\Users\OmarTaha\.gradle\native\8bec1ad78214c89d9ad589b4d07fe93259594b29d510b10fafb7a158f7737e5d\windows-amd64\native-platform.dll
0x00007ff941a50000 - 0x00007ff941b8d000 	C:\Users\OmarTaha\.gradle\native\53dbd7edfb1c66fb8903c78663c9afc45aea4f116125fa6feffd364cf09443e8\windows-amd64\native-platform-file-events.dll
0x00007ff963bb0000 - 0x00007ff963bb9000 	C:\Program Files\Java\jdk-11.0.12\bin\management.dll
0x00007ff9637e0000 - 0x00007ff9637eb000 	C:\Program Files\Java\jdk-11.0.12\bin\management_ext.dll
0x00007ff96c230000 - 0x00007ff96c263000 	C:\Windows\system32\rsaenh.dll
0x00007ff96d620000 - 0x00007ff96d646000 	C:\Windows\System32\bcrypt.dll
0x00007ff96cd90000 - 0x00007ff96cdb5000 	C:\Windows\SYSTEM32\USERENV.dll
0x00007ff96c880000 - 0x00007ff96c88c000 	C:\Windows\SYSTEM32\CRYPTBASE.dll
0x00007ff96c3c0000 - 0x00007ff96c3fa000 	C:\Windows\SYSTEM32\IPHLPAPI.DLL
0x00007ff96ecb0000 - 0x00007ff96ecb8000 	C:\Windows\System32\NSI.dll
0x00007ff9618b0000 - 0x00007ff9618c6000 	C:\Windows\SYSTEM32\dhcpcsvc6.DLL
0x00007ff9619e0000 - 0x00007ff9619fc000 	C:\Windows\SYSTEM32\dhcpcsvc.DLL
0x00007ff96c400000 - 0x00007ff96c4cb000 	C:\Windows\SYSTEM32\DNSAPI.dll

dbghelp: loaded successfully - version: 4.0.5 - missing functions: none
symbol engine: initialized successfully - sym options: 0x614 - pdb path: .;C:\Program Files\Java\jdk-11.0.12\bin;C:\Windows\SYSTEM32;C:\Windows\WinSxS\amd64_microsoft.windows.common-controls_6595b64144ccf1df_6.0.18362.1556_none_9e7e372fe45e41d5;C:\Program Files\Java\jdk-11.0.12\bin\server;C:\Users\OmarTaha\.gradle\native\8bec1ad78214c89d9ad589b4d07fe93259594b29d510b10fafb7a158f7737e5d\windows-amd64;C:\Users\OmarTaha\.gradle\native\53dbd7edfb1c66fb8903c78663c9afc45aea4f116125fa6feffd364cf09443e8\windows-amd64

VM Arguments:
jvm_args: --add-opens=java.base/java.util=ALL-UNNAMED --add-opens=java.base/java.lang=ALL-UNNAMED --add-opens=java.base/java.lang.invoke=ALL-UNNAMED --add-opens=java.base/java.util=ALL-UNNAMED --add-opens=java.prefs/java.util.prefs=ALL-UNNAMED --add-opens=java.prefs/java.util.prefs=ALL-UNNAMED --add-opens=java.base/java.nio.charset=ALL-UNNAMED --add-opens=java.base/java.net=ALL-UNNAMED --add-opens=java.base/java.util.concurrent.atomic=ALL-UNNAMED -Xmx2048m -Dfile.encoding=windows-1252 -Duser.country=US -Duser.language=en -Duser.variant 
java_command: org.gradle.launcher.daemon.bootstrap.GradleDaemon 7.1-rc-1
java_class_path (initial): C:\Users\OmarTaha\.gradle\wrapper\dists\gradle-7.1-rc-1-bin\89hqeppvp8dbb4pzs5e0rkzxn\gradle-7.1-rc-1\lib\gradle-launcher-7.1.jar
Launcher Type: SUN_STANDARD

[Global flags]
     intx CICompilerCount                          = 4                                         {product} {ergonomic}
     uint ConcGCThreads                            = 2                                         {product} {ergonomic}
     uint G1ConcRefinementThreads                  = 8                                         {product} {ergonomic}
   size_t G1HeapRegionSize                         = 1048576                                   {product} {ergonomic}
    uintx GCDrainStackTargetSize                   = 64                                        {product} {ergonomic}
   size_t InitialHeapSize                          = 132120576                                 {product} {ergonomic}
   size_t MarkStackSize                            = 4194304                                   {product} {ergonomic}
   size_t MaxHeapSize                              = 2147483648                                {product} {command line}
   size_t MaxNewSize                               = 1287651328                                {product} {ergonomic}
   size_t MinHeapDeltaBytes                        = 1048576                                   {product} {ergonomic}
    uintx NonNMethodCodeHeapSize                   = 5836300                                {pd product} {ergonomic}
    uintx NonProfiledCodeHeapSize                  = 122910970                              {pd product} {ergonomic}
    uintx ProfiledCodeHeapSize                     = 122910970                              {pd product} {ergonomic}
    uintx ReservedCodeCacheSize                    = 251658240                              {pd product} {ergonomic}
     bool SegmentedCodeCache                       = true                                      {product} {ergonomic}
     bool UseCompressedClassPointers               = true                                 {lp64_product} {ergonomic}
     bool UseCompressedOops                        = true                                 {lp64_product} {ergonomic}
     bool UseG1GC                                  = true                                      {product} {ergonomic}
     bool UseLargePagesIndividualAllocation        = false                                  {pd product} {ergonomic}

Logging:
Log output configuration:
 #0: stdout all=warning uptime,level,tags
 #1: stderr all=off uptime,level,tags

Environment Variables:
JAVA_HOME=C:\Program Files\Java\jdk-11.0.12\bin
PATH=C:\Program Files\Common Files\Oracle\Java\javapath;C:\Program Files (x86)\Common Files\Oracle\Java\javapath;C:\Program Files (x86)\Common Files\Intel\Shared Libraries\redist\intel64\compiler;C:\Program Files\Java\jdk-12.0.2\bin;C:\Windows\system32;C:\Windows;C:\Windows\System32\Wbem;C:\Windows\System32\WindowsPowerShell\v1.0\;C:\Windows\System32\OpenSSH\;C:\Program Files\dotnet\;C:\Program Files\Microsoft SQL Server\120\Tools\Binn\;C:\Program Files\Microsoft SQL Server\120\DTS\Binn\;C:\Program Files\Microsoft SQL Server\Client SDK\ODBC\110\Tools\Binn\;C:\Program Files (x86)\Microsoft SQL Server\120\Tools\Binn\;C:\Program Files (x86)\Microsoft SQL Server\120\Tools\Binn\ManagementStudio\;C:\Program Files (x86)\Microsoft SQL Server\120\DTS\Binn\;C:\Windows\Microsoft.NET\Framework\v3.5;C:\Program Files\Microsoft SQL Server\130\Tools\Binn\;C:\Program Files\Microsoft SQL Server\Client SDK\ODBC\170\Tools\Binn\;C:\Program Files\MATLAB\R2016a\runtime\win64;C:\Program Files\MATLAB\R2016a\bin;C:\Program Files\MATLAB\R2016a\polyspace\bin;C:\Program Files (x86)\dotnet\;C:\sqlite;C:\Program Files\Git\cmd;C:\Users\OmarTaha\AppData\Local\Programs\Python\Python310;C:\Users\OmarTaha\AppData\Local\Programs\Python\Python310\Scripts;C:\Users\OmarTaha\AppData\Local\Programs\Python\Python38-32\Scripts\;C:\Users\OmarTaha\AppData\Local\Programs\Python\Python38-32\;C:\Users\OmarTaha\AppData\Local\Microsoft\WindowsApps;C:\Users\OmarTaha\AppData\Local\Programs\Microsoft VS Code\bin;C:\Users\OmarTaha\.dotnet\tools;C:\Program Files\JetBrains\PyCharm Community Edition 2020.2.4\bin;;C:\Users\OmarTaha\AppData\Local\GitHubDesktop\bin;
USERNAME=OmarTaha
OS=Windows_NT
PROCESSOR_IDENTIFIER=Intel64 Family 6 Model 60 Stepping 3, GenuineIntel



---------------  S Y S T E M  ---------------

OS: Windows 10 , 64 bit Build 18362 (10.0.18362.1500)

CPU:total 8 (initial active 8) (4 cores per cpu, 2 threads per core) family 6 model 60 stepping 3 microcode 0x28, cmov, cx8, fxsr, mmx, sse, sse2, sse3, ssse3, sse4.1, sse4.2, popcnt, avx, avx2, aes, clmul, erms, lzcnt, ht, tsc, tscinvbit, bmi1, bmi2, fma

Memory: 4k page, system-wide physical 7993M (688M free)
TotalPageFile size 13993M (AvailPageFile size 2M)
current process WorkingSet (physical memory assigned to process): 524M, peak: 542M
current process commit charge ("private bytes"): 575M, peak: 591M

vm_info: Java HotSpot(TM) 64-Bit Server VM (11.0.12+8-LTS-237) for windows-amd64 JRE (11.0.12+8-LTS-237), built on Jun  8 2021 11:25:59 by "mach5one" with MS VC++ 15.9 (VS2017)

END.
