#
# There is insufficient memory for the Java Runtime Environment to continue.
# Native memory allocation (mmap) failed to map 32505856 bytes for Failed to commit area from 0x0000000089800000 to 0x000000008b700000 of length 32505856.
# Possible reasons:
#   The system is out of physical RAM or swap space
#   The process is running with CompressedOops enabled, and the Java Heap may be blocking the growth of the native heap
# Possible solutions:
#   Reduce memory load on the system
#   Increase physical memory or swap space
#   Check if swap backing store is full
#   Decrease Java heap size (-Xmx/-Xms)
#   Decrease number of Java threads
#   Decrease Java thread stack sizes (-Xss)
#   Set larger code cache with -XX:ReservedCodeCacheSize=
#   JVM is running with Unscaled Compressed Oops mode in which the Java heap is
#     placed in the first 4GB address space. The Java Heap base address is the
#     maximum limit for the native heap growth. Please use -XX:HeapBaseMinAddress
#     to set the Java Heap base and to place the Java Heap above 4GB virtual address.
# This output file may be truncated or incomplete.
#
#  Out of Memory Error (./open/src/hotspot/os/windows/os_windows.cpp:3273), pid=7728, tid=11260
#
# JRE version: Java(TM) SE Runtime Environment 18.9 (11.0.12+8) (build 11.0.12+8-LTS-237)
# Java VM: Java HotSpot(TM) 64-Bit Server VM 18.9 (11.0.12+8-LTS-237, mixed mode, tiered, compressed oops, g1 gc, windows-amd64)
# No core dump will be written. Minidumps are not enabled by default on client versions of Windows
#

---------------  S U M M A R Y ------------

Command Line: --add-opens=java.base/java.util=ALL-UNNAMED --add-opens=java.base/java.lang=ALL-UNNAMED --add-opens=java.base/java.lang.invoke=ALL-UNNAMED --add-opens=java.base/java.util=ALL-UNNAMED --add-opens=java.prefs/java.util.prefs=ALL-UNNAMED --add-opens=java.prefs/java.util.prefs=ALL-UNNAMED --add-opens=java.base/java.nio.charset=ALL-UNNAMED --add-opens=java.base/java.net=ALL-UNNAMED --add-opens=java.base/java.util.concurrent.atomic=ALL-UNNAMED -Xmx2048m -Dfile.encoding=windows-1252 -Duser.country=US -Duser.language=en -Duser.variant org.gradle.launcher.daemon.bootstrap.GradleDaemon 7.1-rc-1

Host: Intel(R) Core(TM) i7-4800MQ CPU @ 2.70GHz, 8 cores, 7G,  Windows 10 , 64 bit Build 18362 (10.0.18362.1500)
Time: Mon Dec 20 12:40:13 2021 Arab Standard Time elapsed time: 9.321316 seconds (0d 0h 0m 9s)

---------------  T H R E A D  ---------------

Current thread (0x0000011bf3eed800):  VMThread "VM Thread" [stack: 0x000000175cd00000,0x000000175ce00000] [id=11260]

Stack: [0x000000175cd00000,0x000000175ce00000]
[error occurred during error reporting (printing stack bounds), id 0xc0000005, EXCEPTION_ACCESS_VIOLATION (0xc0000005) at pc=0x0000011bdd570f2d]

Native frames: (J=compiled Java code, j=interpreted, Vv=VM code, C=native code)
V  [jvm.dll+0x617d9a]
V  [jvm.dll+0x74eeef]
V  [jvm.dll+0x750599]
V  [jvm.dll+0x750b85]
V  [jvm.dll+0x750b3b]
V  [jvm.dll+0x6175d3]
V  [jvm.dll+0x617998]
C  [ntdll.dll+0xa1fff]
C  [ntdll.dll+0x6aad9]
C  [ntdll.dll+0xa0c6e]
C  0x0000011bdd570f2d

VM_Operation (0x000000175e1f7600): G1CollectForAllocation, mode: safepoint, requested by thread 0x0000011bf6af8800


---------------  P R O C E S S  ---------------

Threads class SMR info:
_java_thread_list=0x0000011bf83c4680, length=124, elements={
0x0000011bd50c1800, 0x0000011bf3f00800, 0x0000011bf3f02000, 0x0000011bf3f0a000,
0x0000011bf3f0c000, 0x0000011bf3f0f000, 0x0000011bf3f12000, 0x0000011bf3f1b000,
0x0000011bf486c000, 0x0000011bf49cd000, 0x0000011bf6af5000, 0x0000011bf678e800,
0x0000011bf6af2800, 0x0000011bf6af6000, 0x0000011bf6af6800, 0x0000011bf6af7800,
0x0000011bf6af9000, 0x0000011bf6af8800, 0x0000011bf6af3800, 0x0000011bf6af4000,
0x0000011bf7545000, 0x0000011bf7544800, 0x0000011bf7542000, 0x0000011bf7543800,
0x0000011bf753f800, 0x0000011bf7542800, 0x0000011bf7546000, 0x0000011bf7540000,
0x0000011bf7547000, 0x0000011bf7541000, 0x0000011bf7548800, 0x0000011bf7549000,
0x0000011bf754b000, 0x0000011bf754b800, 0x0000011bf754c800, 0x0000011bfb94d800,
0x0000011bfb948000, 0x0000011bfb948800, 0x0000011bfb94a800, 0x0000011bfb949800,
0x0000011bfb94b000, 0x0000011bfb94e800, 0x0000011bfb951000, 0x0000011bfb94d000,
0x0000011bfb94c000, 0x0000011bfb955000, 0x0000011bfb952800, 0x0000011bfb954000,
0x0000011bfb951800, 0x0000011bfb953800, 0x0000011bfb94f000, 0x0000011bfb955800,
0x0000011bfb950000, 0x0000011bfb956800, 0x0000011bf6096000, 0x0000011bf6093000,
0x0000011bf6095000, 0x0000011bf6093800, 0x0000011bf6097800, 0x0000011bf609a000,
0x0000011bf6098800, 0x0000011bf6094800, 0x0000011bf609c800, 0x0000011bf6099800,
0x0000011bf609b000, 0x0000011bf609b800, 0x0000011bf6097000, 0x0000011bf60a1800,
0x0000011bf609d800, 0x0000011bf609e000, 0x0000011bf609f000, 0x0000011bf60a0000,
0x0000011bf60a0800, 0x0000011bf83e1800, 0x0000011bf83e3000, 0x0000011bf83e4800,
0x0000011bf83e4000, 0x0000011bf83e5800, 0x0000011bf83e6000, 0x0000011bf83e7000,
0x0000011bf83e2000, 0x0000011bf83ed800, 0x0000011bf83eb000, 0x0000011bf83e8000,
0x0000011bf83e8800, 0x0000011bf83e9800, 0x0000011bf83f0000, 0x0000011bf83ee800,
0x0000011bf83ef000, 0x0000011bf83ec000, 0x0000011bf83ed000, 0x0000011bf83ea800,
0x0000011bf71d8800, 0x0000011bf71d2800, 0x0000011bf71d6000, 0x0000011bf71d9000,
0x0000011bf71d3800, 0x0000011bf71d4800, 0x0000011bf71d7800, 0x0000011bf71da000,
0x0000011bf71d7000, 0x0000011bf71db000, 0x0000011bf71d5000, 0x0000011bf71e1800,
0x0000011bf71df000, 0x0000011bf71db800, 0x0000011bf71dc800, 0x0000011bf71dd800,
0x0000011bf71de000, 0x0000011bf71df800, 0x0000011bf71e0800, 0x0000011bfa4ab000,
0x0000011bfa4af000, 0x0000011bfa4b0000, 0x0000011bfa4aa800, 0x0000011bfa4b1800,
0x0000011bfa4ac000, 0x0000011bfa4ae800, 0x0000011bfa4ac800, 0x0000011bfa4b1000,
0x0000011bfa4b2800, 0x0000011bfa4ad800, 0x0000011bfa4b5000, 0x0000011bfa4b6800
}

Java Threads: ( => current thread )
  0x0000011bd50c1800 JavaThread "main" [_thread_blocked, id=10948, stack(0x000000175c700000,0x000000175c800000)]
  0x0000011bf3f00800 JavaThread "Reference Handler" daemon [_thread_blocked, id=13736, stack(0x000000175ce00000,0x000000175cf00000)]
  0x0000011bf3f02000 JavaThread "Finalizer" daemon [_thread_blocked, id=9300, stack(0x000000175cf00000,0x000000175d000000)]
  0x0000011bf3f0a000 JavaThread "Signal Dispatcher" daemon [_thread_blocked, id=12300, stack(0x000000175d000000,0x000000175d100000)]
  0x0000011bf3f0c000 JavaThread "Attach Listener" daemon [_thread_blocked, id=12348, stack(0x000000175d100000,0x000000175d200000)]
  0x0000011bf3f0f000 JavaThread "Service Thread" daemon [_thread_blocked, id=7100, stack(0x000000175d200000,0x000000175d300000)]
  0x0000011bf3f12000 JavaThread "C2 CompilerThread0" daemon [_thread_blocked, id=9748, stack(0x000000175d300000,0x000000175d400000)]
  0x0000011bf3f1b000 JavaThread "C1 CompilerThread0" daemon [_thread_blocked, id=9008, stack(0x000000175d400000,0x000000175d500000)]
  0x0000011bf486c000 JavaThread "Sweeper thread" daemon [_thread_blocked, id=4612, stack(0x000000175d500000,0x000000175d600000)]
  0x0000011bf49cd000 JavaThread "Common-Cleaner" daemon [_thread_blocked, id=9292, stack(0x000000175d600000,0x000000175d700000)]
  0x0000011bf6af5000 JavaThread "Daemon health stats" [_thread_blocked, id=12112, stack(0x000000175dc00000,0x000000175dd00000)]
  0x0000011bf678e800 JavaThread "C2 CompilerThread1" daemon [_thread_blocked, id=12208, stack(0x000000175d800000,0x000000175d900000)]
  0x0000011bf6af2800 JavaThread "Incoming local TCP Connector on port 53510" [_thread_in_native, id=7592, stack(0x000000175db00000,0x000000175dc00000)]
  0x0000011bf6af6000 JavaThread "Daemon periodic checks" [_thread_blocked, id=13496, stack(0x000000175dd00000,0x000000175de00000)]
  0x0000011bf6af6800 JavaThread "Daemon" [_thread_blocked, id=12236, stack(0x000000175de00000,0x000000175df00000)]
  0x0000011bf6af7800 JavaThread "Handler for socket connection from /127.0.0.1:53510 to /127.0.0.1:53511" [_thread_in_native, id=3936, stack(0x000000175df00000,0x000000175e000000)]
  0x0000011bf6af9000 JavaThread "Cancel handler" [_thread_blocked, id=14332, stack(0x000000175e000000,0x000000175e100000)]
  0x0000011bf6af8800 JavaThread "Daemon worker" [_thread_blocked, id=13188, stack(0x000000175e100000,0x000000175e200000)]
  0x0000011bf6af3800 JavaThread "Asynchronous log dispatcher for DefaultDaemonConnection: socket connection from /127.0.0.1:53510 to /127.0.0.1:53511" [_thread_blocked, id=2528, stack(0x000000175e200000,0x000000175e300000)]
  0x0000011bf6af4000 JavaThread "Stdin handler" [_thread_blocked, id=11800, stack(0x000000175e300000,0x000000175e400000)]
  0x0000011bf7545000 JavaThread "Daemon client event forwarder" [_thread_blocked, id=7460, stack(0x000000175e400000,0x000000175e500000)]
  0x0000011bf7544800 JavaThread "Cache worker for journal cache (C:\Users\OmarTaha\.gradle\caches\journal-1)" [_thread_blocked, id=14096, stack(0x000000175ea00000,0x000000175eb00000)]
  0x0000011bf7542000 JavaThread "File lock request listener" [_thread_in_native, id=7212, stack(0x000000175eb00000,0x000000175ec00000)]
  0x0000011bf7543800 JavaThread "Cache worker for file hash cache (C:\Users\OmarTaha\.gradle\caches\7.1-rc-1\fileHashes)" [_thread_blocked, id=13640, stack(0x000000175ec00000,0x000000175ed00000)]
  0x0000011bf753f800 JavaThread "Cache worker for file hash cache (C:\Users\OmarTaha\AndroidStudioProjects\GMS\.gradle\7.1-rc-1\fileHashes)" [_thread_blocked, id=12648, stack(0x000000175ee00000,0x000000175ef00000)]
  0x0000011bf7542800 JavaThread "File watcher server" daemon [_thread_in_native, id=13876, stack(0x000000175ef00000,0x000000175f000000)]
  0x0000011bf7546000 JavaThread "File watcher consumer" daemon [_thread_blocked, id=2096, stack(0x000000175f000000,0x000000175f100000)]
  0x0000011bf7540000 JavaThread "Cache worker for checksums cache (C:\Users\OmarTaha\AndroidStudioProjects\GMS\.gradle\checksums)" [_thread_blocked, id=10772, stack(0x000000175f100000,0x000000175f200000)]
  0x0000011bf7547000 JavaThread "Cache worker for cache directory md-supplier (C:\Users\OmarTaha\.gradle\caches\7.1-rc-1\md-supplier)" [_thread_blocked, id=13884, stack(0x000000175f200000,0x000000175f300000)]
  0x0000011bf7541000 JavaThread "Cache worker for cache directory md-rule (C:\Users\OmarTaha\.gradle\caches\7.1-rc-1\md-rule)" [_thread_blocked, id=8396, stack(0x000000175f300000,0x000000175f400000)]
  0x0000011bf7548800 JavaThread "C2 CompilerThread2" daemon [_thread_in_native, id=5524, stack(0x000000175f400000,0x000000175f500000)]
  0x0000011bf7549000 JavaThread "Cache worker for execution history cache (C:\Users\OmarTaha\.gradle\caches\7.1-rc-1\executionHistory)" [_thread_blocked, id=8844, stack(0x000000175f500000,0x000000175f600000)]
  0x0000011bf754b000 JavaThread "jar transforms" [_thread_blocked, id=3176, stack(0x000000175f600000,0x000000175f700000)]
  0x0000011bf754b800 JavaThread "jar transforms Thread 2" [_thread_blocked, id=10432, stack(0x000000175f700000,0x000000175f800000)]
  0x0000011bf754c800 JavaThread "Cache worker for file content cache (C:\Users\OmarTaha\.gradle\caches\7.1-rc-1\fileContent)" [_thread_blocked, id=11876, stack(0x000000175f800000,0x000000175f900000)]
  0x0000011bfb94d800 JavaThread "Cache worker for dependencies-accessors (C:\Users\OmarTaha\AndroidStudioProjects\GMS\.gradle\7.1-rc-1\dependencies-accessors)" [_thread_blocked, id=8292, stack(0x000000175f900000,0x000000175fa00000)]
  0x0000011bfb948000 JavaThread "jar transforms Thread 3" [_thread_blocked, id=3292, stack(0x000000175fa00000,0x000000175fb00000)]
  0x0000011bfb948800 JavaThread "Cache worker for Build Output Cleanup Cache (C:\Users\OmarTaha\AndroidStudioProjects\GMS\.gradle\buildOutputCleanup)" [_thread_blocked, id=2968, stack(0x000000175fb00000,0x000000175fc00000)]
  0x0000011bfb94a800 JavaThread "Unconstrained build operations" [_thread_blocked, id=10564, stack(0x000000175fc00000,0x000000175fd00000)]
  0x0000011bfb949800 JavaThread "Unconstrained build operations Thread 2" [_thread_blocked, id=2212, stack(0x000000175fd00000,0x000000175fe00000)]
  0x0000011bfb94b000 JavaThread "Unconstrained build operations Thread 3" [_thread_blocked, id=13336, stack(0x000000175fe00000,0x000000175ff00000)]
  0x0000011bfb94e800 JavaThread "Unconstrained build operations Thread 4" [_thread_blocked, id=8052, stack(0x000000175ff00000,0x0000001760000000)]
  0x0000011bfb951000 JavaThread "Unconstrained build operations Thread 5" [_thread_blocked, id=6352, stack(0x0000001760000000,0x0000001760100000)]
  0x0000011bfb94d000 JavaThread "Unconstrained build operations Thread 6" [_thread_blocked, id=9348, stack(0x0000001760100000,0x0000001760200000)]
  0x0000011bfb94c000 JavaThread "Unconstrained build operations Thread 7" [_thread_blocked, id=7664, stack(0x0000001760200000,0x0000001760300000)]
  0x0000011bfb955000 JavaThread "Unconstrained build operations Thread 8" [_thread_blocked, id=9636, stack(0x0000001760300000,0x0000001760400000)]
  0x0000011bfb952800 JavaThread "Unconstrained build operations Thread 9" [_thread_blocked, id=7224, stack(0x0000001760400000,0x0000001760500000)]
  0x0000011bfb954000 JavaThread "Unconstrained build operations Thread 10" [_thread_blocked, id=10296, stack(0x0000001760500000,0x0000001760600000)]
  0x0000011bfb951800 JavaThread "Unconstrained build operations Thread 11" [_thread_blocked, id=13284, stack(0x0000001760600000,0x0000001760700000)]
  0x0000011bfb953800 JavaThread "Unconstrained build operations Thread 12" [_thread_blocked, id=13460, stack(0x0000001760700000,0x0000001760800000)]
  0x0000011bfb94f000 JavaThread "Unconstrained build operations Thread 13" [_thread_blocked, id=2372, stack(0x0000001760800000,0x0000001760900000)]
  0x0000011bfb955800 JavaThread "Unconstrained build operations Thread 14" [_thread_blocked, id=12488, stack(0x0000001760900000,0x0000001760a00000)]
  0x0000011bfb950000 JavaThread "Unconstrained build operations Thread 15" [_thread_blocked, id=6140, stack(0x0000001760a00000,0x0000001760b00000)]
  0x0000011bfb956800 JavaThread "Unconstrained build operations Thread 16" [_thread_blocked, id=11704, stack(0x0000001760b00000,0x0000001760c00000)]
  0x0000011bf6096000 JavaThread "Unconstrained build operations Thread 17" [_thread_blocked, id=1508, stack(0x0000001760c00000,0x0000001760d00000)]
  0x0000011bf6093000 JavaThread "Unconstrained build operations Thread 18" [_thread_blocked, id=1980, stack(0x0000001760d00000,0x0000001760e00000)]
  0x0000011bf6095000 JavaThread "Unconstrained build operations Thread 19" [_thread_blocked, id=7988, stack(0x0000001760e00000,0x0000001760f00000)]
  0x0000011bf6093800 JavaThread "Unconstrained build operations Thread 20" [_thread_blocked, id=2148, stack(0x0000001760f00000,0x0000001761000000)]
  0x0000011bf6097800 JavaThread "Unconstrained build operations Thread 21" [_thread_blocked, id=13440, stack(0x0000001761000000,0x0000001761100000)]
  0x0000011bf609a000 JavaThread "Unconstrained build operations Thread 22" [_thread_blocked, id=10820, stack(0x0000001761100000,0x0000001761200000)]
  0x0000011bf6098800 JavaThread "Unconstrained build operations Thread 23" [_thread_blocked, id=13472, stack(0x0000001761200000,0x0000001761300000)]
  0x0000011bf6094800 JavaThread "Unconstrained build operations Thread 24" [_thread_blocked, id=11404, stack(0x0000001761300000,0x0000001761400000)]
  0x0000011bf609c800 JavaThread "Unconstrained build operations Thread 25" [_thread_blocked, id=6952, stack(0x0000001761400000,0x0000001761500000)]
  0x0000011bf6099800 JavaThread "Unconstrained build operations Thread 26" [_thread_blocked, id=7000, stack(0x0000001761500000,0x0000001761600000)]
  0x0000011bf609b000 JavaThread "Unconstrained build operations Thread 27" [_thread_blocked, id=11888, stack(0x0000001761600000,0x0000001761700000)]
  0x0000011bf609b800 JavaThread "Unconstrained build operations Thread 28" [_thread_blocked, id=14328, stack(0x0000001761700000,0x0000001761800000)]
  0x0000011bf6097000 JavaThread "Unconstrained build operations Thread 29" [_thread_blocked, id=8612, stack(0x0000001761800000,0x0000001761900000)]
  0x0000011bf60a1800 JavaThread "Unconstrained build operations Thread 30" [_thread_blocked, id=8904, stack(0x0000001761900000,0x0000001761a00000)]
  0x0000011bf609d800 JavaThread "Unconstrained build operations Thread 31" [_thread_blocked, id=13920, stack(0x0000001761a00000,0x0000001761b00000)]
  0x0000011bf609e000 JavaThread "Unconstrained build operations Thread 32" [_thread_blocked, id=13464, stack(0x0000001761b00000,0x0000001761c00000)]
  0x0000011bf609f000 JavaThread "Unconstrained build operations Thread 33" [_thread_blocked, id=7108, stack(0x0000001761c00000,0x0000001761d00000)]
  0x0000011bf60a0000 JavaThread "Unconstrained build operations Thread 34" [_thread_blocked, id=9708, stack(0x0000001761d00000,0x0000001761e00000)]
  0x0000011bf60a0800 JavaThread "Unconstrained build operations Thread 35" [_thread_blocked, id=4656, stack(0x0000001761e00000,0x0000001761f00000)]
  0x0000011bf83e1800 JavaThread "Unconstrained build operations Thread 36" [_thread_blocked, id=8752, stack(0x0000001761f00000,0x0000001762000000)]
  0x0000011bf83e3000 JavaThread "Unconstrained build operations Thread 37" [_thread_blocked, id=9656, stack(0x0000001762000000,0x0000001762100000)]
  0x0000011bf83e4800 JavaThread "Unconstrained build operations Thread 38" [_thread_blocked, id=11588, stack(0x0000001762100000,0x0000001762200000)]
  0x0000011bf83e4000 JavaThread "Unconstrained build operations Thread 39" [_thread_blocked, id=9604, stack(0x0000001762200000,0x0000001762300000)]
  0x0000011bf83e5800 JavaThread "Unconstrained build operations Thread 40" [_thread_blocked, id=10184, stack(0x0000001762300000,0x0000001762400000)]
  0x0000011bf83e6000 JavaThread "Unconstrained build operations Thread 41" [_thread_blocked, id=8664, stack(0x0000001762400000,0x0000001762500000)]
  0x0000011bf83e7000 JavaThread "Unconstrained build operations Thread 42" [_thread_blocked, id=14216, stack(0x0000001762500000,0x0000001762600000)]
  0x0000011bf83e2000 JavaThread "Unconstrained build operations Thread 43" [_thread_blocked, id=12508, stack(0x0000001762600000,0x0000001762700000)]
  0x0000011bf83ed800 JavaThread "Unconstrained build operations Thread 44" [_thread_blocked, id=13600, stack(0x0000001762700000,0x0000001762800000)]
  0x0000011bf83eb000 JavaThread "Unconstrained build operations Thread 45" [_thread_blocked, id=6688, stack(0x0000001762800000,0x0000001762900000)]
  0x0000011bf83e8000 JavaThread "Unconstrained build operations Thread 46" [_thread_blocked, id=14252, stack(0x0000001762900000,0x0000001762a00000)]
  0x0000011bf83e8800 JavaThread "Unconstrained build operations Thread 47" [_thread_blocked, id=1232, stack(0x0000001762a00000,0x0000001762b00000)]
  0x0000011bf83e9800 JavaThread "Unconstrained build operations Thread 48" [_thread_blocked, id=2452, stack(0x0000001762b00000,0x0000001762c00000)]
  0x0000011bf83f0000 JavaThread "Unconstrained build operations Thread 49" [_thread_blocked, id=7408, stack(0x0000001762c00000,0x0000001762d00000)]
  0x0000011bf83ee800 JavaThread "Unconstrained build operations Thread 50" [_thread_blocked, id=13404, stack(0x0000001762d00000,0x0000001762e00000)]
  0x0000011bf83ef000 JavaThread "Unconstrained build operations Thread 51" [_thread_blocked, id=8124, stack(0x0000001762e00000,0x0000001762f00000)]
  0x0000011bf83ec000 JavaThread "Unconstrained build operations Thread 52" [_thread_blocked, id=9344, stack(0x0000001762f00000,0x0000001763000000)]
  0x0000011bf83ed000 JavaThread "Unconstrained build operations Thread 53" [_thread_blocked, id=6360, stack(0x0000001763000000,0x0000001763100000)]
  0x0000011bf83ea800 JavaThread "Unconstrained build operations Thread 54" [_thread_blocked, id=9952, stack(0x0000001763100000,0x0000001763200000)]
  0x0000011bf71d8800 JavaThread "Unconstrained build operations Thread 55" [_thread_blocked, id=13680, stack(0x0000001763200000,0x0000001763300000)]
  0x0000011bf71d2800 JavaThread "Unconstrained build operations Thread 56" [_thread_blocked, id=13296, stack(0x0000001763300000,0x0000001763400000)]
  0x0000011bf71d6000 JavaThread "Unconstrained build operations Thread 57" [_thread_blocked, id=2524, stack(0x0000001763400000,0x0000001763500000)]
  0x0000011bf71d9000 JavaThread "Unconstrained build operations Thread 58" [_thread_blocked, id=13004, stack(0x0000001763500000,0x0000001763600000)]
  0x0000011bf71d3800 JavaThread "Unconstrained build operations Thread 59" [_thread_blocked, id=12772, stack(0x0000001763600000,0x0000001763700000)]
  0x0000011bf71d4800 JavaThread "Unconstrained build operations Thread 60" [_thread_blocked, id=7936, stack(0x0000001763700000,0x0000001763800000)]
  0x0000011bf71d7800 JavaThread "Unconstrained build operations Thread 61" [_thread_blocked, id=11056, stack(0x0000001763800000,0x0000001763900000)]
  0x0000011bf71da000 JavaThread "Unconstrained build operations Thread 62" [_thread_blocked, id=4112, stack(0x0000001763900000,0x0000001763a00000)]
  0x0000011bf71d7000 JavaThread "Unconstrained build operations Thread 63" [_thread_blocked, id=10120, stack(0x0000001763a00000,0x0000001763b00000)]
  0x0000011bf71db000 JavaThread "Unconstrained build operations Thread 64" [_thread_blocked, id=11464, stack(0x0000001763b00000,0x0000001763c00000)]
  0x0000011bf71d5000 JavaThread "Unconstrained build operations Thread 65" [_thread_blocked, id=10868, stack(0x0000001763c00000,0x0000001763d00000)]
  0x0000011bf71e1800 JavaThread "Unconstrained build operations Thread 66" [_thread_blocked, id=12556, stack(0x0000001763d00000,0x0000001763e00000)]
  0x0000011bf71df000 JavaThread "Unconstrained build operations Thread 67" [_thread_blocked, id=2136, stack(0x0000001763e00000,0x0000001763f00000)]
  0x0000011bf71db800 JavaThread "Unconstrained build operations Thread 68" [_thread_blocked, id=9664, stack(0x0000001763f00000,0x0000001764000000)]
  0x0000011bf71dc800 JavaThread "Unconstrained build operations Thread 69" [_thread_blocked, id=3800, stack(0x0000001764000000,0x0000001764100000)]
  0x0000011bf71dd800 JavaThread "Unconstrained build operations Thread 70" [_thread_blocked, id=7520, stack(0x0000001764100000,0x0000001764200000)]
  0x0000011bf71de000 JavaThread "Unconstrained build operations Thread 71" [_thread_blocked, id=7636, stack(0x0000001764200000,0x0000001764300000)]
  0x0000011bf71df800 JavaThread "Unconstrained build operations Thread 72" [_thread_blocked, id=10408, stack(0x0000001764300000,0x0000001764400000)]
  0x0000011bf71e0800 JavaThread "Unconstrained build operations Thread 73" [_thread_blocked, id=12952, stack(0x0000001764400000,0x0000001764500000)]
  0x0000011bfa4ab000 JavaThread "Unconstrained build operations Thread 74" [_thread_blocked, id=8280, stack(0x0000001764500000,0x0000001764600000)]
  0x0000011bfa4af000 JavaThread "Unconstrained build operations Thread 75" [_thread_blocked, id=13232, stack(0x0000001764600000,0x0000001764700000)]
  0x0000011bfa4b0000 JavaThread "Unconstrained build operations Thread 76" [_thread_blocked, id=13820, stack(0x0000001764700000,0x0000001764800000)]
  0x0000011bfa4aa800 JavaThread "Unconstrained build operations Thread 77" [_thread_blocked, id=12448, stack(0x0000001764800000,0x0000001764900000)]
  0x0000011bfa4b1800 JavaThread "Unconstrained build operations Thread 78" [_thread_blocked, id=11880, stack(0x0000001764900000,0x0000001764a00000)]
  0x0000011bfa4ac000 JavaThread "Unconstrained build operations Thread 79" [_thread_blocked, id=8884, stack(0x0000001764a00000,0x0000001764b00000)]
  0x0000011bfa4ae800 JavaThread "Unconstrained build operations Thread 80" [_thread_blocked, id=12432, stack(0x0000001764b00000,0x0000001764c00000)]
  0x0000011bfa4ac800 JavaThread "jar transforms Thread 4" [_thread_blocked, id=7972, stack(0x0000001764c00000,0x0000001764d00000)]
  0x0000011bfa4b1000 JavaThread "jar transforms Thread 5" [_thread_blocked, id=12124, stack(0x0000001764d00000,0x0000001764e00000)]
  0x0000011bfa4b2800 JavaThread "jar transforms Thread 6" [_thread_blocked, id=4180, stack(0x0000001764e00000,0x0000001764f00000)]
  0x0000011bfa4ad800 JavaThread "jar transforms Thread 7" [_thread_blocked, id=13984, stack(0x0000001764f00000,0x0000001765000000)]
  0x0000011bfa4b5000 JavaThread "jar transforms Thread 8" [_thread_blocked, id=12796, stack(0x0000001765000000,0x0000001765100000)]
  0x0000011bfa4b6800 JavaThread "Memory manager" [_thread_blocked, id=13844, stack(0x0000001765100000,0x0000001765200000)]

Other Threads:
=>0x0000011bf3eed800 VMThread "VM Thread" [stack: 0x000000175cd00000,0x000000175ce00000] [id=11260]
  0x0000011bf49fc000 WatcherThread [stack: 0x000000175d700000,0x000000175d800000] [id=9284]
  0x0000011bd50d8800 GCTaskThread "GC Thread#0" [stack: 0x000000175c800000,0x000000175c900000] [id=3652]
  0x0000011bf547e000 GCTaskThread "GC Thread#1" [stack: 0x000000175d900000,0x000000175da00000] [id=10860]
  0x0000011bf547c800 GCTaskThread "GC Thread#2" [stack: 0x000000175da00000,0x000000175db00000] [id=9816]
  0x0000011bf547e800 GCTaskThread "GC Thread#3" [stack: 0x000000175e500000,0x000000175e600000] [id=2068]
  0x0000011bf5480000 GCTaskThread "GC Thread#4" [stack: 0x000000175e600000,0x000000175e700000] [id=3592]
  0x0000011bf5481000 GCTaskThread "GC Thread#5" [stack: 0x000000175e700000,0x000000175e800000] [id=2920]
  0x0000011bf5481800 GCTaskThread "GC Thread#6" [stack: 0x000000175e800000,0x000000175e900000] [id=12748]
  0x0000011bf547d800 GCTaskThread "GC Thread#7" [stack: 0x000000175e900000,0x000000175ea00000] [id=12864]
  0x0000011bd5106000 ConcurrentGCThread "G1 Main Marker" [stack: 0x000000175c900000,0x000000175ca00000] [id=11196]
  0x0000011bd5107000 ConcurrentGCThread "G1 Conc#0" [stack: 0x000000175ca00000,0x000000175cb00000] [id=8256]
  0x0000011bf547f800 ConcurrentGCThread "G1 Conc#1" [stack: 0x000000175ed00000,0x000000175ee00000] [id=9428]
  0x0000011bf3d42800 ConcurrentGCThread "G1 Refine#0" [stack: 0x000000175cb00000,0x000000175cc00000] [id=5480]
  0x0000011bd518b800 ConcurrentGCThread "G1 Young RemSet Sampling" [stack: 0x000000175cc00000,0x000000175cd00000] [id=2560]

Threads with active compile tasks:
C2 CompilerThread0   9349 7453 %     4       org.gradle.internal.instantiation.generator.AbstractClassGenerator::inspectType @ 107 (560 bytes)
C1 CompilerThread0   9349 7516       3       org.gradle.internal.instantiation.generator.AbstractClassGenerator$AbstractInjectedPropertyHandler::getInjectedServices (59 bytes)
C2 CompilerThread1   9349 7501       4       sun.reflect.generics.visitor.Reifier::visitClassTypeSignature (381 bytes)
C2 CompilerThread2   9349 7493       4       org.gradle.internal.reflect.MethodSet::add (50 bytes)

VM state:at safepoint (normal execution)

VM Mutex/Monitor currently owned by a thread:  ([mutex/lock_event])
[0x0000011bd50be8f0] Threads_lock - owner thread: 0x0000011bf3eed800
[0x0000011bd50bd810] Heap_lock - owner thread: 0x0000011bf6af8800

Heap address: 0x0000000080000000, size: 2048 MB, Compressed Oops mode: 32-bit
Narrow klass base: 0x0000000000000000, Narrow klass shift: 3
Compressed class space size: 1073741824 Address: 0x0000000100000000

Heap:
 garbage-first heap   total 187392K, used 69828K [0x0000000080000000, 0x0000000100000000)
  region size 1024K, 8 young (8192K), 8 survivors (8192K)
 Metaspace       used 77366K, capacity 79221K, committed 79308K, reserved 1118208K
  class space    used 10020K, capacity 10711K, committed 10752K, reserved 1048576K
Heap Regions: E=young(eden), S=young(survivor), O=old, HS=humongous(starts), HC=humongous(continues), CS=collection set, F=free, A=archive, TAMS=top-at-mark-start (previous, next)
|   0|0x0000000080000000, 0x0000000080100000, 0x0000000080100000|100%| O|  |TAMS 0x0000000080100000, 0x0000000080000000| Untracked 
|   1|0x0000000080100000, 0x0000000080200000, 0x0000000080200000|100%| O|  |TAMS 0x0000000080200000, 0x0000000080100000| Untracked 
|   2|0x0000000080200000, 0x0000000080300000, 0x0000000080300000|100%| O|  |TAMS 0x0000000080300000, 0x0000000080200000| Untracked 
|   3|0x0000000080300000, 0x0000000080400000, 0x0000000080400000|100%|HS|  |TAMS 0x0000000080400000, 0x0000000080300000| Complete 
|   4|0x0000000080400000, 0x0000000080500000, 0x0000000080500000|100%|HC|  |TAMS 0x0000000080500000, 0x0000000080400000| Complete 
|   5|0x0000000080500000, 0x0000000080600000, 0x0000000080600000|100%|HC|  |TAMS 0x0000000080600000, 0x0000000080500000| Complete 
|   6|0x0000000080600000, 0x0000000080700000, 0x0000000080700000|100%| O|  |TAMS 0x0000000080700000, 0x0000000080600000| Untracked 
|   7|0x0000000080700000, 0x0000000080800000, 0x0000000080800000|100%| O|  |TAMS 0x0000000080800000, 0x0000000080700000| Untracked 
|   8|0x0000000080800000, 0x0000000080900000, 0x0000000080900000|100%| O|  |TAMS 0x0000000080900000, 0x0000000080800000| Untracked 
|   9|0x0000000080900000, 0x0000000080a00000, 0x0000000080a00000|100%| O|  |TAMS 0x0000000080a00000, 0x0000000080900000| Untracked 
|  10|0x0000000080a00000, 0x0000000080b00000, 0x0000000080b00000|100%| O|  |TAMS 0x0000000080b00000, 0x0000000080a00000| Untracked 
|  11|0x0000000080b00000, 0x0000000080c00000, 0x0000000080c00000|100%| O|  |TAMS 0x0000000080c00000, 0x0000000080b00000| Untracked 
|  12|0x0000000080c00000, 0x0000000080d00000, 0x0000000080d00000|100%| O|  |TAMS 0x0000000080d00000, 0x0000000080c00000| Untracked 
|  13|0x0000000080d00000, 0x0000000080e00000, 0x0000000080e00000|100%| O|  |TAMS 0x0000000080e00000, 0x0000000080d00000| Untracked 
|  14|0x0000000080e00000, 0x0000000080f00000, 0x0000000080f00000|100%| O|  |TAMS 0x0000000080f00000, 0x0000000080e00000| Untracked 
|  15|0x0000000080f00000, 0x0000000081000000, 0x0000000081000000|100%| O|  |TAMS 0x0000000081000000, 0x0000000080f00000| Untracked 
|  16|0x0000000081000000, 0x0000000081100000, 0x0000000081100000|100%|HS|  |TAMS 0x0000000081100000, 0x0000000081000000| Complete 
|  17|0x0000000081100000, 0x0000000081200000, 0x0000000081200000|100%| O|  |TAMS 0x0000000081200000, 0x0000000081100000| Untracked 
|  18|0x0000000081200000, 0x0000000081300000, 0x0000000081300000|100%| O|  |TAMS 0x0000000081300000, 0x0000000081200000| Untracked 
|  19|0x0000000081300000, 0x0000000081400000, 0x0000000081400000|100%| O|  |TAMS 0x0000000081400000, 0x0000000081300000| Untracked 
|  20|0x0000000081400000, 0x0000000081500000, 0x0000000081500000|100%| O|  |TAMS 0x0000000081500000, 0x0000000081400000| Untracked 
|  21|0x0000000081500000, 0x0000000081600000, 0x0000000081600000|100%| O|  |TAMS 0x0000000081600000, 0x0000000081500000| Untracked 
|  22|0x0000000081600000, 0x0000000081700000, 0x0000000081700000|100%| O|  |TAMS 0x0000000081700000, 0x0000000081600000| Untracked 
|  23|0x0000000081700000, 0x0000000081800000, 0x0000000081800000|100%| O|  |TAMS 0x0000000081800000, 0x0000000081700000| Untracked 
|  24|0x0000000081800000, 0x0000000081900000, 0x0000000081900000|100%| O|  |TAMS 0x0000000081900000, 0x0000000081800000| Untracked 
|  25|0x0000000081900000, 0x0000000081a00000, 0x0000000081a00000|100%| O|  |TAMS 0x0000000081a00000, 0x0000000081900000| Untracked 
|  26|0x0000000081a00000, 0x0000000081b00000, 0x0000000081b00000|100%| O|  |TAMS 0x0000000081b00000, 0x0000000081a00000| Untracked 
|  27|0x0000000081b00000, 0x0000000081c00000, 0x0000000081c00000|100%|HS|  |TAMS 0x0000000081c00000, 0x0000000081b00000| Complete 
|  28|0x0000000081c00000, 0x0000000081d00000, 0x0000000081d00000|100%|HS|  |TAMS 0x0000000081d00000, 0x0000000081c00000| Complete 
|  29|0x0000000081d00000, 0x0000000081e00000, 0x0000000081e00000|100%|HC|  |TAMS 0x0000000081e00000, 0x0000000081d00000| Complete 
|  30|0x0000000081e00000, 0x0000000081f00000, 0x0000000081f00000|100%|HC|  |TAMS 0x0000000081f00000, 0x0000000081e00000| Complete 
|  31|0x0000000081f00000, 0x0000000082000000, 0x0000000082000000|100%|HS|  |TAMS 0x0000000082000000, 0x0000000081f00000| Complete 
|  32|0x0000000082000000, 0x0000000082100000, 0x0000000082100000|100%|HC|  |TAMS 0x0000000082100000, 0x0000000082000000| Complete 
|  33|0x0000000082100000, 0x0000000082200000, 0x0000000082200000|100%| O|  |TAMS 0x0000000082200000, 0x0000000082100000| Untracked 
|  34|0x0000000082200000, 0x0000000082300000, 0x0000000082300000|100%| O|  |TAMS 0x0000000082300000, 0x0000000082200000| Untracked 
|  35|0x0000000082300000, 0x0000000082400000, 0x0000000082400000|100%| O|  |TAMS 0x0000000082400000, 0x0000000082300000| Untracked 
|  36|0x0000000082400000, 0x0000000082500000, 0x0000000082500000|100%| O|  |TAMS 0x0000000082500000, 0x0000000082400000| Untracked 
|  37|0x0000000082500000, 0x0000000082600000, 0x0000000082600000|100%| O|  |TAMS 0x0000000082600000, 0x0000000082500000| Untracked 
|  38|0x0000000082600000, 0x0000000082700000, 0x0000000082700000|100%| O|  |TAMS 0x0000000082700000, 0x0000000082600000| Untracked 
|  39|0x0000000082700000, 0x0000000082800000, 0x0000000082800000|100%| O|  |TAMS 0x0000000082800000, 0x0000000082700000| Untracked 
|  40|0x0000000082800000, 0x0000000082900000, 0x0000000082900000|100%| O|  |TAMS 0x0000000082900000, 0x0000000082800000| Untracked 
|  41|0x0000000082900000, 0x0000000082a00000, 0x0000000082a00000|100%| O|  |TAMS 0x0000000082a00000, 0x0000000082900000| Untracked 
|  42|0x0000000082a00000, 0x0000000082b00000, 0x0000000082b00000|100%| O|  |TAMS 0x0000000082b00000, 0x0000000082a00000| Untracked 
|  43|0x0000000082b00000, 0x0000000082c00000, 0x0000000082c00000|100%| O|  |TAMS 0x0000000082c00000, 0x0000000082b00000| Untracked 
|  44|0x0000000082c00000, 0x0000000082d00000, 0x0000000082d00000|100%| O|  |TAMS 0x0000000082d00000, 0x0000000082c00000| Untracked 
|  45|0x0000000082d00000, 0x0000000082e00000, 0x0000000082e00000|100%| O|  |TAMS 0x0000000082e00000, 0x0000000082d00000| Untracked 
|  46|0x0000000082e00000, 0x0000000082f00000, 0x0000000082f00000|100%| O|  |TAMS 0x0000000082f00000, 0x0000000082e00000| Untracked 
|  47|0x0000000082f00000, 0x0000000083000000, 0x0000000083000000|100%| O|  |TAMS 0x0000000083000000, 0x0000000082f00000| Untracked 
|  48|0x0000000083000000, 0x0000000083100000, 0x0000000083100000|100%| O|  |TAMS 0x0000000083100000, 0x0000000083000000| Untracked 
|  49|0x0000000083100000, 0x0000000083200000, 0x0000000083200000|100%| O|  |TAMS 0x0000000083200000, 0x0000000083100000| Untracked 
|  50|0x0000000083200000, 0x0000000083300000, 0x0000000083300000|100%| O|  |TAMS 0x0000000083270800, 0x0000000083200000| Untracked 
|  51|0x0000000083300000, 0x0000000083400000, 0x0000000083400000|100%| O|  |TAMS 0x0000000083300000, 0x0000000083300000| Untracked 
|  52|0x0000000083400000, 0x0000000083500000, 0x0000000083500000|100%| O|  |TAMS 0x0000000083400000, 0x0000000083400000| Untracked 
|  53|0x0000000083500000, 0x0000000083600000, 0x0000000083600000|100%| O|  |TAMS 0x0000000083500000, 0x0000000083500000| Untracked 
|  54|0x0000000083600000, 0x0000000083700000, 0x0000000083700000|100%| O|  |TAMS 0x0000000083600000, 0x0000000083600000| Untracked 
|  55|0x0000000083700000, 0x0000000083800000, 0x0000000083800000|100%| O|  |TAMS 0x0000000083700000, 0x0000000083700000| Untracked 
|  56|0x0000000083800000, 0x0000000083900000, 0x0000000083900000|100%| O|  |TAMS 0x0000000083800000, 0x0000000083800000| Untracked 
|  57|0x0000000083900000, 0x0000000083a00000, 0x0000000083a00000|100%| O|  |TAMS 0x0000000083900000, 0x0000000083900000| Untracked 
|  58|0x0000000083a00000, 0x0000000083b00000, 0x0000000083b00000|100%| O|  |TAMS 0x0000000083a00000, 0x0000000083a00000| Untracked 
|  59|0x0000000083b00000, 0x0000000083c00000, 0x0000000083c00000|100%| O|  |TAMS 0x0000000083b00000, 0x0000000083b00000| Untracked 
|  60|0x0000000083c00000, 0x0000000083ce3600, 0x0000000083d00000| 88%| O|  |TAMS 0x0000000083c00000, 0x0000000083c00000| Untracked 
|  61|0x0000000083d00000, 0x0000000083d00000, 0x0000000083e00000|  0%| F|  |TAMS 0x0000000083d00000, 0x0000000083d00000| Untracked 
|  62|0x0000000083e00000, 0x0000000083e00000, 0x0000000083f00000|  0%| F|  |TAMS 0x0000000083e00000, 0x0000000083e00000| Untracked 
|  63|0x0000000083f00000, 0x0000000083f00000, 0x0000000084000000|  0%| F|  |TAMS 0x0000000083f00000, 0x0000000083f00000| Untracked 
|  64|0x0000000084000000, 0x0000000084000000, 0x0000000084100000|  0%| F|  |TAMS 0x0000000084000000, 0x0000000084000000| Untracked 
|  65|0x0000000084100000, 0x0000000084100000, 0x0000000084200000|  0%| F|  |TAMS 0x0000000084100000, 0x0000000084100000| Untracked 
|  66|0x0000000084200000, 0x0000000084200000, 0x0000000084300000|  0%| F|  |TAMS 0x0000000084200000, 0x0000000084200000| Untracked 
|  67|0x0000000084300000, 0x0000000084300000, 0x0000000084400000|  0%| F|  |TAMS 0x0000000084300000, 0x0000000084300000| Untracked 
|  68|0x0000000084400000, 0x0000000084400000, 0x0000000084500000|  0%| F|  |TAMS 0x0000000084400000, 0x0000000084400000| Untracked 
|  69|0x0000000084500000, 0x0000000084500000, 0x0000000084600000|  0%| F|  |TAMS 0x0000000084500000, 0x0000000084500000| Untracked 
|  70|0x0000000084600000, 0x0000000084600000, 0x0000000084700000|  0%| F|  |TAMS 0x0000000084600000, 0x0000000084600000| Untracked 
|  71|0x0000000084700000, 0x0000000084700000, 0x0000000084800000|  0%| F|  |TAMS 0x0000000084700000, 0x0000000084700000| Untracked 
|  72|0x0000000084800000, 0x0000000084800000, 0x0000000084900000|  0%| F|  |TAMS 0x0000000084800000, 0x0000000084800000| Untracked 
|  73|0x0000000084900000, 0x0000000084900000, 0x0000000084a00000|  0%| F|  |TAMS 0x0000000084900000, 0x0000000084900000| Untracked 
|  74|0x0000000084a00000, 0x0000000084a00000, 0x0000000084b00000|  0%| F|  |TAMS 0x0000000084a00000, 0x0000000084a00000| Untracked 
|  75|0x0000000084b00000, 0x0000000084b00000, 0x0000000084c00000|  0%| F|  |TAMS 0x0000000084b00000, 0x0000000084b00000| Untracked 
|  76|0x0000000084c00000, 0x0000000084c00000, 0x0000000084d00000|  0%| F|  |TAMS 0x0000000084c00000, 0x0000000084c00000| Untracked 
|  77|0x0000000084d00000, 0x0000000084d00000, 0x0000000084e00000|  0%| F|  |TAMS 0x0000000084d00000, 0x0000000084d00000| Untracked 
|  78|0x0000000084e00000, 0x0000000084e00000, 0x0000000084f00000|  0%| F|  |TAMS 0x0000000084e00000, 0x0000000084e00000| Untracked 
|  79|0x0000000084f00000, 0x0000000084f00000, 0x0000000085000000|  0%| F|  |TAMS 0x0000000084f00000, 0x0000000084f00000| Untracked 
|  80|0x0000000085000000, 0x0000000085000000, 0x0000000085100000|  0%| F|  |TAMS 0x0000000085000000, 0x0000000085000000| Untracked 
|  81|0x0000000085100000, 0x0000000085100000, 0x0000000085200000|  0%| F|  |TAMS 0x0000000085100000, 0x0000000085100000| Untracked 
|  82|0x0000000085200000, 0x0000000085200000, 0x0000000085300000|  0%| F|  |TAMS 0x0000000085200000, 0x0000000085200000| Untracked 
|  83|0x0000000085300000, 0x0000000085300000, 0x0000000085400000|  0%| F|  |TAMS 0x0000000085300000, 0x0000000085300000| Untracked 
|  84|0x0000000085400000, 0x0000000085400000, 0x0000000085500000|  0%| F|  |TAMS 0x0000000085400000, 0x0000000085400000| Untracked 
|  85|0x0000000085500000, 0x000000008554dbf8, 0x0000000085600000| 30%| S|CS|TAMS 0x0000000085500000, 0x0000000085500000| Complete 
|  86|0x0000000085600000, 0x0000000085700000, 0x0000000085700000|100%| S|CS|TAMS 0x0000000085600000, 0x0000000085600000| Complete 
|  87|0x0000000085700000, 0x0000000085800000, 0x0000000085800000|100%| S|CS|TAMS 0x0000000085700000, 0x0000000085700000| Complete 
|  88|0x0000000085800000, 0x0000000085900000, 0x0000000085900000|100%| S|CS|TAMS 0x0000000085800000, 0x0000000085800000| Complete 
|  89|0x0000000085900000, 0x0000000085900000, 0x0000000085a00000|  0%| F|  |TAMS 0x0000000085900000, 0x0000000085900000| Untracked 
|  90|0x0000000085a00000, 0x0000000085a00000, 0x0000000085b00000|  0%| F|  |TAMS 0x0000000085a00000, 0x0000000085a00000| Untracked 
|  91|0x0000000085b00000, 0x0000000085b00000, 0x0000000085c00000|  0%| F|  |TAMS 0x0000000085b00000, 0x0000000085b00000| Untracked 
|  92|0x0000000085c00000, 0x0000000085d00000, 0x0000000085d00000|100%| S|CS|TAMS 0x0000000085c00000, 0x0000000085c00000| Complete 
|  93|0x0000000085d00000, 0x0000000085e00000, 0x0000000085e00000|100%| S|CS|TAMS 0x0000000085d00000, 0x0000000085d00000| Complete 
|  94|0x0000000085e00000, 0x0000000085f00000, 0x0000000085f00000|100%| S|CS|TAMS 0x0000000085e00000, 0x0000000085e00000| Complete 
|  95|0x0000000085f00000, 0x0000000085f00000, 0x0000000086000000|  0%| F|  |TAMS 0x0000000085f00000, 0x0000000085f00000| Untracked 
|  96|0x0000000086000000, 0x0000000086000000, 0x0000000086100000|  0%| F|  |TAMS 0x0000000086000000, 0x0000000086000000| Untracked 
|  97|0x0000000086100000, 0x0000000086200000, 0x0000000086200000|100%| S|CS|TAMS 0x0000000086100000, 0x0000000086100000| Complete 
|  98|0x0000000086200000, 0x0000000086200000, 0x0000000086300000|  0%| F|  |TAMS 0x0000000086200000, 0x0000000086200000| Untracked 
|  99|0x0000000086300000, 0x0000000086300000, 0x0000000086400000|  0%| F|  |TAMS 0x0000000086300000, 0x0000000086300000| Untracked 
| 100|0x0000000086400000, 0x0000000086400000, 0x0000000086500000|  0%| F|  |TAMS 0x0000000086400000, 0x0000000086400000| Untracked 
| 101|0x0000000086500000, 0x0000000086500000, 0x0000000086600000|  0%| F|  |TAMS 0x0000000086500000, 0x0000000086500000| Untracked 
| 102|0x0000000086600000, 0x0000000086600000, 0x0000000086700000|  0%| F|  |TAMS 0x0000000086600000, 0x0000000086600000| Untracked 
| 103|0x0000000086700000, 0x0000000086700000, 0x0000000086800000|  0%| F|  |TAMS 0x0000000086700000, 0x0000000086700000| Untracked 
| 104|0x0000000086800000, 0x0000000086800000, 0x0000000086900000|  0%| F|  |TAMS 0x0000000086800000, 0x0000000086800000| Untracked 
| 105|0x0000000086900000, 0x0000000086900000, 0x0000000086a00000|  0%| F|  |TAMS 0x0000000086900000, 0x0000000086900000| Untracked 
| 106|0x0000000086a00000, 0x0000000086a00000, 0x0000000086b00000|  0%| F|  |TAMS 0x0000000086a00000, 0x0000000086a00000| Untracked 
| 107|0x0000000086b00000, 0x0000000086b00000, 0x0000000086c00000|  0%| F|  |TAMS 0x0000000086b00000, 0x0000000086b00000| Untracked 
| 108|0x0000000086c00000, 0x0000000086c00000, 0x0000000086d00000|  0%| F|  |TAMS 0x0000000086c00000, 0x0000000086c00000| Untracked 
| 109|0x0000000086d00000, 0x0000000086d00000, 0x0000000086e00000|  0%| F|  |TAMS 0x0000000086d00000, 0x0000000086d00000| Untracked 
| 110|0x0000000086e00000, 0x0000000086e00000, 0x0000000086f00000|  0%| F|  |TAMS 0x0000000086e00000, 0x0000000086e00000| Untracked 
| 111|0x0000000086f00000, 0x0000000086f00000, 0x0000000087000000|  0%| F|  |TAMS 0x0000000086f00000, 0x0000000086f00000| Untracked 
| 112|0x0000000087000000, 0x0000000087000000, 0x0000000087100000|  0%| F|  |TAMS 0x0000000087000000, 0x0000000087000000| Untracked 
| 113|0x0000000087100000, 0x0000000087100000, 0x0000000087200000|  0%| F|  |TAMS 0x0000000087100000, 0x0000000087100000| Untracked 
| 114|0x0000000087200000, 0x0000000087200000, 0x0000000087300000|  0%| F|  |TAMS 0x0000000087200000, 0x0000000087200000| Untracked 
| 115|0x0000000087300000, 0x0000000087300000, 0x0000000087400000|  0%| F|  |TAMS 0x0000000087300000, 0x0000000087300000| Untracked 
| 116|0x0000000087400000, 0x0000000087400000, 0x0000000087500000|  0%| F|  |TAMS 0x0000000087400000, 0x0000000087400000| Untracked 
| 117|0x0000000087500000, 0x0000000087500000, 0x0000000087600000|  0%| F|  |TAMS 0x0000000087500000, 0x0000000087500000| Untracked 
| 118|0x0000000087600000, 0x0000000087600000, 0x0000000087700000|  0%| F|  |TAMS 0x0000000087600000, 0x0000000087600000| Untracked 
| 119|0x0000000087700000, 0x0000000087700000, 0x0000000087800000|  0%| F|  |TAMS 0x0000000087700000, 0x0000000087700000| Untracked 
| 120|0x0000000087800000, 0x0000000087800000, 0x0000000087900000|  0%| F|  |TAMS 0x0000000087800000, 0x0000000087800000| Untracked 
| 121|0x0000000087900000, 0x0000000087900000, 0x0000000087a00000|  0%| F|  |TAMS 0x0000000087900000, 0x0000000087900000| Untracked 
| 122|0x0000000087a00000, 0x0000000087a00000, 0x0000000087b00000|  0%| F|  |TAMS 0x0000000087a00000, 0x0000000087a00000| Untracked 
| 123|0x0000000087b00000, 0x0000000087b00000, 0x0000000087c00000|  0%| F|  |TAMS 0x0000000087b00000, 0x0000000087b00000| Untracked 
| 124|0x0000000087c00000, 0x0000000087c00000, 0x0000000087d00000|  0%| F|  |TAMS 0x0000000087c00000, 0x0000000087c00000| Untracked 
| 125|0x0000000087d00000, 0x0000000087d00000, 0x0000000087e00000|  0%| F|  |TAMS 0x0000000087d00000, 0x0000000087d00000| Untracked 
| 126|0x0000000087e00000, 0x0000000087e00000, 0x0000000087f00000|  0%| F|  |TAMS 0x0000000087e00000, 0x0000000087e00000| Untracked 
| 127|0x0000000087f00000, 0x0000000087f00000, 0x0000000088000000|  0%| F|  |TAMS 0x0000000087f00000, 0x0000000087f00000| Untracked 
| 128|0x0000000088000000, 0x0000000088000000, 0x0000000088100000|  0%| F|  |TAMS 0x0000000088000000, 0x0000000088000000| Untracked 
| 129|0x0000000088100000, 0x0000000088100000, 0x0000000088200000|  0%| F|  |TAMS 0x0000000088100000, 0x0000000088100000| Untracked 
| 130|0x0000000088200000, 0x0000000088200000, 0x0000000088300000|  0%| F|  |TAMS 0x0000000088200000, 0x0000000088200000| Untracked 
| 131|0x0000000088300000, 0x0000000088300000, 0x0000000088400000|  0%| F|  |TAMS 0x0000000088300000, 0x0000000088300000| Untracked 
| 132|0x0000000088400000, 0x0000000088400000, 0x0000000088500000|  0%| F|  |TAMS 0x0000000088400000, 0x0000000088400000| Untracked 
| 133|0x0000000088500000, 0x0000000088500000, 0x0000000088600000|  0%| F|  |TAMS 0x0000000088500000, 0x0000000088500000| Untracked 
| 134|0x0000000088600000, 0x0000000088600000, 0x0000000088700000|  0%| F|  |TAMS 0x0000000088600000, 0x0000000088600000| Untracked 
| 135|0x0000000088700000, 0x0000000088700000, 0x0000000088800000|  0%| F|  |TAMS 0x0000000088700000, 0x0000000088700000| Untracked 
| 136|0x0000000088800000, 0x0000000088800000, 0x0000000088900000|  0%| F|  |TAMS 0x0000000088800000, 0x0000000088800000| Untracked 
| 137|0x0000000088900000, 0x0000000088900000, 0x0000000088a00000|  0%| F|  |TAMS 0x0000000088900000, 0x0000000088900000| Untracked 
| 138|0x0000000088a00000, 0x0000000088a00000, 0x0000000088b00000|  0%| F|  |TAMS 0x0000000088a00000, 0x0000000088a00000| Untracked 
| 139|0x0000000088b00000, 0x0000000088b00000, 0x0000000088c00000|  0%| F|  |TAMS 0x0000000088b00000, 0x0000000088b00000| Untracked 
| 140|0x0000000088c00000, 0x0000000088c00000, 0x0000000088d00000|  0%| F|  |TAMS 0x0000000088c00000, 0x0000000088c00000| Untracked 
| 141|0x0000000088d00000, 0x0000000088d00000, 0x0000000088e00000|  0%| F|  |TAMS 0x0000000088d00000, 0x0000000088d00000| Untracked 
| 142|0x0000000088e00000, 0x0000000088e00000, 0x0000000088f00000|  0%| F|  |TAMS 0x0000000088e00000, 0x0000000088e00000| Untracked 
| 143|0x0000000088f00000, 0x0000000088f00000, 0x0000000089000000|  0%| F|  |TAMS 0x0000000088f00000, 0x0000000088f00000| Untracked 
| 144|0x0000000089000000, 0x0000000089000000, 0x0000000089100000|  0%| F|  |TAMS 0x0000000089000000, 0x0000000089000000| Untracked 
| 145|0x0000000089100000, 0x0000000089100000, 0x0000000089200000|  0%| F|  |TAMS 0x0000000089100000, 0x0000000089100000| Untracked 
| 146|0x0000000089200000, 0x0000000089200000, 0x0000000089300000|  0%| F|  |TAMS 0x0000000089200000, 0x0000000089200000| Untracked 
| 147|0x0000000089300000, 0x0000000089300000, 0x0000000089400000|  0%| F|  |TAMS 0x0000000089300000, 0x0000000089300000| Untracked 
| 148|0x0000000089400000, 0x0000000089400000, 0x0000000089500000|  0%| F|  |TAMS 0x0000000089400000, 0x0000000089400000| Untracked 
| 149|0x0000000089500000, 0x0000000089500000, 0x0000000089600000|  0%| F|  |TAMS 0x0000000089500000, 0x0000000089500000| Untracked 
| 150|0x0000000089600000, 0x0000000089600000, 0x0000000089700000|  0%| F|  |TAMS 0x0000000089600000, 0x0000000089600000| Untracked 
| 151|0x0000000089700000, 0x0000000089700000, 0x0000000089800000|  0%| F|  |TAMS 0x0000000089700000, 0x0000000089700000| Untracked 

Card table byte_map: [0x0000011becca0000,0x0000011bed0a0000] _byte_map_base: 0x0000011bec8a0000

Marking Bits (Prev, Next): (CMBitMap*) 0x0000011bd50fd228, (CMBitMap*) 0x0000011bd50fd260
 Prev Bits: [0x0000011bed4a0000, 0x0000011bef4a0000)
 Next Bits: [0x0000011bef4a0000, 0x0000011bf14a0000)

Polling page: 0x0000011bd3240000

Metaspace:

Usage:
  Non-class:     66.90 MB capacity,    65.77 MB ( 98%) used,   975.41 KB (  1%) free+waste,   188.75 KB ( <1%) overhead. 
      Class:     10.46 MB capacity,     9.79 MB ( 94%) used,   602.32 KB (  6%) free+waste,    87.81 KB ( <1%) overhead. 
       Both:     77.36 MB capacity,    75.55 MB ( 98%) used,     1.54 MB (  2%) free+waste,   276.56 KB ( <1%) overhead. 

Virtual space:
  Non-class space:       68.00 MB reserved,      66.95 MB ( 98%) committed 
      Class space:        1.00 GB reserved,      10.50 MB (  1%) committed 
             Both:        1.07 GB reserved,      77.45 MB (  7%) committed 

Chunk freelists:
   Non-Class:  5.75 KB
       Class:  1.13 KB
        Both:  6.88 KB

CodeHeap 'non-profiled nmethods': size=120000Kb used=4907Kb max_used=4907Kb free=115092Kb
 bounds [0x0000011be5040000, 0x0000011be5510000, 0x0000011bec570000]
CodeHeap 'profiled nmethods': size=120000Kb used=15941Kb max_used=15941Kb free=104058Kb
 bounds [0x0000011bddb10000, 0x0000011bdeab0000, 0x0000011be5040000]
CodeHeap 'non-nmethods': size=5760Kb used=2271Kb max_used=2366Kb free=3488Kb
 bounds [0x0000011bdd570000, 0x0000011bdd7e0000, 0x0000011bddb10000]
 total_blobs=8344 nmethods=7478 adapters=777
 compilation: enabled
              stopped_count=0, restarted_count=0
 full_count=0

Compilation events (10 events):
Event: 9.306 Thread 0x0000011bf3f1b000 nmethod 7511 0x0000011bdea9a310 code [0x0000011bdea9a500, 0x0000011bdea9abd8]
Event: 9.306 Thread 0x0000011bf3f1b000 7512       3       org.gradle.internal.instantiation.generator.AbstractClassGenerator$ManagedPropertiesHandler::<init> (55 bytes)
Event: 9.306 Thread 0x0000011bf3f1b000 nmethod 7512 0x0000011bdea9ae10 code [0x0000011bdea9b080, 0x0000011bdea9bd58]
Event: 9.306 Thread 0x0000011bf3f1b000 7513       3       org.gradle.internal.instantiation.generator.AbstractClassGenerator$DslMixInPropertyType::<init> (40 bytes)
Event: 9.307 Thread 0x0000011bf3f1b000 nmethod 7513 0x0000011bdea9c090 code [0x0000011bdea9c2e0, 0x0000011bdea9cd88]
Event: 9.307 Thread 0x0000011bf3f1b000 7514       3       org.gradle.internal.instantiation.generator.AsmBackedClassGenerator$ClassInspectionVisitorImpl::builder (237 bytes)
Event: 9.307 Thread 0x0000011bf3f1b000 nmethod 7514 0x0000011bdea9d110 code [0x0000011bdea9d400, 0x0000011bdea9e598]
Event: 9.308 Thread 0x0000011bf3f1b000 7517       3       org.gradle.internal.instantiation.generator.AbstractClassGenerator$GeneratedClassImpl::<init> (115 bytes)
Event: 9.310 Thread 0x0000011bf3f1b000 nmethod 7517 0x0000011bdea9ea90 code [0x0000011bdea9ee80, 0x0000011bdeaa0a58]
Event: 9.310 Thread 0x0000011bf3f1b000 7516       3       org.gradle.internal.instantiation.generator.AbstractClassGenerator$AbstractInjectedPropertyHandler::getInjectedServices (59 bytes)

GC Heap History (10 events):
Event: 6.429 GC heap after
{Heap after GC invocations=11 (full 0):
 garbage-first heap   total 155648K, used 51556K [0x0000000080000000, 0x0000000100000000)
  region size 1024K, 10 young (10240K), 10 survivors (10240K)
 Metaspace       used 53461K, capacity 54804K, committed 55040K, reserved 1097728K
  class space    used 6802K, capacity 7332K, committed 7424K, reserved 1048576K
}
Event: 6.792 GC heap before
{Heap before GC invocations=11 (full 0):
 garbage-first heap   total 155648K, used 81252K [0x0000000080000000, 0x0000000100000000)
  region size 1024K, 40 young (40960K), 10 survivors (10240K)
 Metaspace       used 58574K, capacity 60070K, committed 60160K, reserved 1101824K
  class space    used 7376K, capacity 7913K, committed 7936K, reserved 1048576K
}
Event: 6.798 GC heap after
{Heap after GC invocations=12 (full 0):
 garbage-first heap   total 155648K, used 53283K [0x0000000080000000, 0x0000000100000000)
  region size 1024K, 2 young (2048K), 2 survivors (2048K)
 Metaspace       used 58574K, capacity 60070K, committed 60160K, reserved 1101824K
  class space    used 7376K, capacity 7913K, committed 7936K, reserved 1048576K
}
Event: 7.445 GC heap before
{Heap before GC invocations=13 (full 0):
 garbage-first heap   total 155648K, used 112675K [0x0000000080000000, 0x0000000100000000)
  region size 1024K, 60 young (61440K), 2 survivors (2048K)
 Metaspace       used 64235K, capacity 65746K, committed 65996K, reserved 1105920K
  class space    used 8089K, capacity 8616K, committed 8704K, reserved 1048576K
}
Event: 7.453 GC heap after
{Heap after GC invocations=14 (full 0):
 garbage-first heap   total 155648K, used 57676K [0x0000000080000000, 0x0000000100000000)
  region size 1024K, 6 young (6144K), 6 survivors (6144K)
 Metaspace       used 64235K, capacity 65746K, committed 65996K, reserved 1105920K
  class space    used 8089K, capacity 8616K, committed 8704K, reserved 1048576K
}
Event: 7.981 GC heap before
{Heap before GC invocations=15 (full 0):
 garbage-first heap   total 155648K, used 116044K [0x0000000080000000, 0x0000000100000000)
  region size 1024K, 63 young (64512K), 6 survivors (6144K)
 Metaspace       used 67643K, capacity 69198K, committed 69324K, reserved 1110016K
  class space    used 8603K, capacity 9189K, committed 9216K, reserved 1048576K
}
Event: 7.988 GC heap after
{Heap after GC invocations=16 (full 0):
 garbage-first heap   total 155648K, used 62523K [0x0000000080000000, 0x0000000100000000)
  region size 1024K, 5 young (5120K), 5 survivors (5120K)
 Metaspace       used 67643K, capacity 69198K, committed 69324K, reserved 1110016K
  class space    used 8603K, capacity 9189K, committed 9216K, reserved 1048576K
}
Event: 8.591 GC heap before
{Heap before GC invocations=16 (full 0):
 garbage-first heap   total 155648K, used 118843K [0x0000000080000000, 0x0000000100000000)
  region size 1024K, 60 young (61440K), 5 survivors (5120K)
 Metaspace       used 71273K, capacity 72966K, committed 73036K, reserved 1112064K
  class space    used 9169K, capacity 9819K, committed 9856K, reserved 1048576K
}
Event: 8.599 GC heap after
{Heap after GC invocations=17 (full 0):
 garbage-first heap   total 155648K, used 66902K [0x0000000080000000, 0x0000000100000000)
  region size 1024K, 5 young (5120K), 5 survivors (5120K)
 Metaspace       used 71273K, capacity 72966K, committed 73036K, reserved 1112064K
  class space    used 9169K, capacity 9819K, committed 9856K, reserved 1048576K
}
Event: 9.311 GC heap before
{Heap before GC invocations=17 (full 0):
 garbage-first heap   total 155648K, used 122198K [0x0000000080000000, 0x0000000100000000)
  region size 1024K, 59 young (60416K), 5 survivors (5120K)
 Metaspace       used 77366K, capacity 79221K, committed 79308K, reserved 1118208K
  class space    used 10020K, capacity 10711K, committed 10752K, reserved 1048576K
}

Deoptimization events (10 events):
Event: 8.864 Thread 0x0000011bf6af8800 Uncommon trap: reason=unstable_if action=reinterpret pc=0x0000011be518b298 method=java.util.jar.JarFile.getVersionedEntry(Ljava/lang/String;Ljava/util/jar/JarEntry;)Ljava/util/jar/JarEntry; @ 67 c2
Event: 8.869 Thread 0x0000011bf6af8800 Uncommon trap: reason=unstable_if action=reinterpret pc=0x0000011be50a196c method=java.util.jar.JarFile.checkForSpecialAttributes()V @ 53 c2
Event: 8.970 Thread 0x0000011bf6af8800 Uncommon trap: reason=null_check action=make_not_entrant pc=0x0000011be541740c method=java.lang.Class.createAnnotationData(I)Ljava/lang/Class$AnnotationData; @ 14 c2
Event: 9.110 Thread 0x0000011bf6af8800 Uncommon trap: reason=unstable_if action=reinterpret pc=0x0000011be542601c method=java.util.regex.Pattern.atom()Ljava/util/regex/Pattern$Node; @ 14 c2
Event: 9.110 Thread 0x0000011bf6af8800 Uncommon trap: reason=unstable_if action=reinterpret pc=0x0000011be5159508 method=java.lang.AbstractStringBuilder.appendChars([CII)V @ 43 c2
Event: 9.112 Thread 0x0000011bf6af8800 Uncommon trap: reason=unstable_if action=reinterpret pc=0x0000011be53e1758 method=java.util.regex.Matcher.find()Z @ 10 c2
Event: 9.117 Thread 0x0000011bf6af8800 Uncommon trap: reason=unstable_if action=reinterpret pc=0x0000011be5046914 method=java.lang.String.isLatin1()Z @ 10 c2
Event: 9.228 Thread 0x0000011bf6af8800 Uncommon trap: reason=unstable_if action=reinterpret pc=0x0000011be52426d8 method=java.util.HashMap.putVal(ILjava/lang/Object;Ljava/lang/Object;ZZ)Ljava/lang/Object; @ 109 c2
Event: 9.228 Thread 0x0000011bf6af8800 Uncommon trap: reason=unstable_if action=reinterpret pc=0x0000011be51c3644 method=java.util.HashMap.putVal(ILjava/lang/Object;Ljava/lang/Object;ZZ)Ljava/lang/Object; @ 109 c2
Event: 9.285 Thread 0x0000011bf6af8800 Uncommon trap: reason=unstable_if action=reinterpret pc=0x0000011be54ff318 method=org.gradle.internal.instantiation.generator.AbstractClassGenerator.isNameProperty(Lorg/gradle/internal/instantiation/generator/AbstractClassGenerator$PropertyMetadata;)Z @ 2

Classes redefined (0 events):
No events

Internal exceptions (10 events):
Event: 8.818 Thread 0x0000011bf6af8800 Exception <a 'sun/nio/fs/WindowsException'{0x00000000888af7c0}> (0x00000000888af7c0) thrown at [./open/src/hotspot/share/prims/jni.cpp, line 611]
Event: 8.818 Thread 0x0000011bf6af8800 Exception <a 'sun/nio/fs/WindowsException'{0x00000000888afec8}> (0x00000000888afec8) thrown at [./open/src/hotspot/share/prims/jni.cpp, line 611]
Event: 8.905 Thread 0x0000011bf6af8800 Exception <a 'java/lang/NullPointerException'{0x0000000087f8bcc0}> (0x0000000087f8bcc0) thrown at [./open/src/hotspot/share/interpreter/linkResolver.cpp, line 1436]
Event: 8.970 Thread 0x0000011bf6af8800 Implicit null exception at 0x0000011be5415289 to 0x0000011be54173fc
Event: 9.088 Thread 0x0000011bf6af8800 Exception <a 'java/lang/NoSuchMethodError'{0x000000008704a010}: java.lang.invoke.DirectMethodHandle$Holder.invokeStatic(Ljava/lang/Object;Ljava/lang/Object;ILjava/lang/Object;)I> (0x000000008704a010) thrown at [./open/src/hotspot/share/interpreter/linkRes
Event: 9.089 Thread 0x0000011bf6af8800 Exception <a 'java/lang/NoSuchMethodError'{0x0000000087050de0}: java.lang.invoke.Invokers$Holder.linkToTargetMethod(Ljava/lang/Object;ILjava/lang/Object;)Ljava/lang/Object;> (0x0000000087050de0) thrown at [./open/src/hotspot/share/interpreter/linkResolver
Event: 9.128 Thread 0x0000011bf6af8800 Exception <a 'sun/nio/fs/WindowsException'{0x0000000086fb5da0}> (0x0000000086fb5da0) thrown at [./open/src/hotspot/share/prims/jni.cpp, line 611]
Event: 9.129 Thread 0x0000011bf6af8800 Exception <a 'sun/nio/fs/WindowsException'{0x0000000086fb6eb8}> (0x0000000086fb6eb8) thrown at [./open/src/hotspot/share/prims/jni.cpp, line 611]
Event: 9.129 Thread 0x0000011bf6af8800 Exception <a 'sun/nio/fs/WindowsException'{0x0000000086fb8008}> (0x0000000086fb8008) thrown at [./open/src/hotspot/share/prims/jni.cpp, line 611]
Event: 9.129 Thread 0x0000011bf6af8800 Exception <a 'sun/nio/fs/WindowsException'{0x0000000086fb9158}> (0x0000000086fb9158) thrown at [./open/src/hotspot/share/prims/jni.cpp, line 611]

Events (10 events):
Event: 9.301 loading class com/google/common/collect/SingletonImmutableBiMap done
Event: 9.301 loading class com/google/common/collect/RegularImmutableBiMap
Event: 9.301 loading class com/google/common/collect/RegularImmutableBiMap done
Event: 9.303 loading class com/android/build/gradle/internal/ide/dependencies/ArtifactCollections
Event: 9.303 loading class com/android/build/gradle/internal/ide/dependencies/ArtifactCollections done
Event: 9.304 loading class com/android/build/gradle/internal/ide/dependencies/Level1RuntimeArtifactCollections
Event: 9.304 loading class com/android/build/gradle/internal/ide/dependencies/Level1RuntimeArtifactCollections done
Event: 9.309 loading class com/android/tools/lint/model/LintModelSourceProvider
Event: 9.309 loading class com/android/tools/lint/model/LintModelSourceProvider done
Event: 9.311 Executing VM operation: G1CollectForAllocation


Dynamic libraries:
0x00007ff741f30000 - 0x00007ff741f3f000 	C:\Program Files\Java\jdk-11.0.12\bin\java.exe
0x00007ffa993a0000 - 0x00007ffa99590000 	C:\Windows\SYSTEM32\ntdll.dll
0x00007ffa992a0000 - 0x00007ffa99352000 	C:\Windows\System32\KERNEL32.DLL
0x00007ffa96340000 - 0x00007ffa965e5000 	C:\Windows\System32\KERNELBASE.dll
0x00007ffa971f0000 - 0x00007ffa972ea000 	C:\Windows\System32\ucrtbase.dll
0x00007ffa92440000 - 0x00007ffa92458000 	C:\Program Files\Java\jdk-11.0.12\bin\jli.dll
0x00007ffa926d0000 - 0x00007ffa926e5000 	C:\Program Files\Java\jdk-11.0.12\bin\VCRUNTIME140.dll
0x00007ffa97450000 - 0x00007ffa974f3000 	C:\Windows\System32\ADVAPI32.dll
0x00007ffa983e0000 - 0x00007ffa9847e000 	C:\Windows\System32\msvcrt.dll
0x00007ffa982d0000 - 0x00007ffa98367000 	C:\Windows\System32\sechost.dll
0x00007ffa97ad0000 - 0x00007ffa97bef000 	C:\Windows\System32\RPCRT4.dll
0x00007ffa98080000 - 0x00007ffa98214000 	C:\Windows\System32\USER32.dll
0x00007ffa96310000 - 0x00007ffa96331000 	C:\Windows\System32\win32u.dll
0x00007ffa98dd0000 - 0x00007ffa98df6000 	C:\Windows\System32\GDI32.dll
0x00007ffa96e50000 - 0x00007ffa96fe8000 	C:\Windows\System32\gdi32full.dll
0x00007ffa97010000 - 0x00007ffa970ae000 	C:\Windows\System32\msvcp_win.dll
0x00007ffa84330000 - 0x00007ffa845b4000 	C:\Windows\WinSxS\amd64_microsoft.windows.common-controls_6595b64144ccf1df_6.0.18362.1556_none_9e7e372fe45e41d5\COMCTL32.dll
0x00007ffa97ce0000 - 0x00007ffa98016000 	C:\Windows\System32\combase.dll
0x00007ffa970b0000 - 0x00007ffa97131000 	C:\Windows\System32\bcryptPrimitives.dll
0x00007ffa8e010000 - 0x00007ffa8e01a000 	C:\Windows\SYSTEM32\VERSION.dll
0x00007ffa982a0000 - 0x00007ffa982ce000 	C:\Windows\System32\IMM32.DLL
0x00007ffa908e0000 - 0x00007ffa9097b000 	C:\Program Files\Java\jdk-11.0.12\bin\msvcp140.dll
0x00007ffa57030000 - 0x00007ffa57b2f000 	C:\Program Files\Java\jdk-11.0.12\bin\server\jvm.dll
0x00007ffa98e00000 - 0x00007ffa98e08000 	C:\Windows\System32\PSAPI.DLL
0x00007ffa91560000 - 0x00007ffa91569000 	C:\Windows\SYSTEM32\WSOCK32.dll
0x00007ffa92600000 - 0x00007ffa92624000 	C:\Windows\SYSTEM32\WINMM.dll
0x00007ffa98370000 - 0x00007ffa983df000 	C:\Windows\System32\WS2_32.dll
0x00007ffa925d0000 - 0x00007ffa925fd000 	C:\Windows\SYSTEM32\winmmbase.dll
0x00007ffa971a0000 - 0x00007ffa971ea000 	C:\Windows\System32\cfgmgr32.dll
0x00007ffa96260000 - 0x00007ffa96271000 	C:\Windows\System32\kernel.appcore.dll
0x00007ffa91520000 - 0x00007ffa91530000 	C:\Program Files\Java\jdk-11.0.12\bin\verify.dll
0x00007ffa822c0000 - 0x00007ffa824b4000 	C:\Windows\SYSTEM32\DBGHELP.DLL
0x00007ffa681f0000 - 0x00007ffa6821a000 	C:\Windows\SYSTEM32\dbgcore.DLL
0x00007ffa909d0000 - 0x00007ffa909f8000 	C:\Program Files\Java\jdk-11.0.12\bin\java.dll
0x00007ffa91510000 - 0x00007ffa9151a000 	C:\Program Files\Java\jdk-11.0.12\bin\jimage.dll
0x00007ffa909b0000 - 0x00007ffa909c6000 	C:\Program Files\Java\jdk-11.0.12\bin\zip.dll
0x00007ffa98560000 - 0x00007ffa98c47000 	C:\Windows\System32\SHELL32.dll
0x00007ffa98d20000 - 0x00007ffa98dc8000 	C:\Windows\System32\shcore.dll
0x00007ffa966a0000 - 0x00007ffa96e1b000 	C:\Windows\System32\windows.storage.dll
0x00007ffa962f0000 - 0x00007ffa9630e000 	C:\Windows\System32\profapi.dll
0x00007ffa96280000 - 0x00007ffa962ca000 	C:\Windows\System32\powrprof.dll
0x00007ffa96250000 - 0x00007ffa96260000 	C:\Windows\System32\UMPDC.dll
0x00007ffa98020000 - 0x00007ffa98072000 	C:\Windows\System32\shlwapi.dll
0x00007ffa96ff0000 - 0x00007ffa97007000 	C:\Windows\System32\cryptsp.dll
0x00007ffa90990000 - 0x00007ffa909a9000 	C:\Program Files\Java\jdk-11.0.12\bin\net.dll
0x00007ffa885d0000 - 0x00007ffa886ca000 	C:\Windows\SYSTEM32\WINHTTP.dll
0x00007ffa95a90000 - 0x00007ffa95af7000 	C:\Windows\system32\mswsock.dll
0x00007ffa908c0000 - 0x00007ffa908d2000 	C:\Program Files\Java\jdk-11.0.12\bin\nio.dll
0x00007ffa8e550000 - 0x00007ffa8e577000 	C:\Users\OmarTaha\.gradle\native\8bec1ad78214c89d9ad589b4d07fe93259594b29d510b10fafb7a158f7737e5d\windows-amd64\native-platform.dll
0x00007ffa8b2c0000 - 0x00007ffa8b3fd000 	C:\Users\OmarTaha\.gradle\native\53dbd7edfb1c66fb8903c78663c9afc45aea4f116125fa6feffd364cf09443e8\windows-amd64\native-platform-file-events.dll
0x00007ffa90870000 - 0x00007ffa90879000 	C:\Program Files\Java\jdk-11.0.12\bin\management.dll
0x00007ffa90860000 - 0x00007ffa9086b000 	C:\Program Files\Java\jdk-11.0.12\bin\management_ext.dll
0x00007ffa95610000 - 0x00007ffa95643000 	C:\Windows\system32\rsaenh.dll
0x00007ffa96e20000 - 0x00007ffa96e46000 	C:\Windows\System32\bcrypt.dll
0x00007ffa96170000 - 0x00007ffa96195000 	C:\Windows\SYSTEM32\USERENV.dll
0x00007ffa95c60000 - 0x00007ffa95c6c000 	C:\Windows\SYSTEM32\CRYPTBASE.dll
0x00007ffa957a0000 - 0x00007ffa957da000 	C:\Windows\SYSTEM32\IPHLPAPI.DLL
0x00007ffa98230000 - 0x00007ffa98238000 	C:\Windows\System32\NSI.dll
0x00007ffa8f430000 - 0x00007ffa8f446000 	C:\Windows\SYSTEM32\dhcpcsvc6.DLL
0x00007ffa8fb60000 - 0x00007ffa8fb7c000 	C:\Windows\SYSTEM32\dhcpcsvc.DLL
0x00007ffa957e0000 - 0x00007ffa958ab000 	C:\Windows\SYSTEM32\DNSAPI.dll

dbghelp: loaded successfully - version: 4.0.5 - missing functions: none
symbol engine: initialized successfully - sym options: 0x614 - pdb path: .;C:\Program Files\Java\jdk-11.0.12\bin;C:\Windows\SYSTEM32;C:\Windows\WinSxS\amd64_microsoft.windows.common-controls_6595b64144ccf1df_6.0.18362.1556_none_9e7e372fe45e41d5;C:\Program Files\Java\jdk-11.0.12\bin\server;C:\Users\OmarTaha\.gradle\native\8bec1ad78214c89d9ad589b4d07fe93259594b29d510b10fafb7a158f7737e5d\windows-amd64;C:\Users\OmarTaha\.gradle\native\53dbd7edfb1c66fb8903c78663c9afc45aea4f116125fa6feffd364cf09443e8\windows-amd64

VM Arguments:
jvm_args: --add-opens=java.base/java.util=ALL-UNNAMED --add-opens=java.base/java.lang=ALL-UNNAMED --add-opens=java.base/java.lang.invoke=ALL-UNNAMED --add-opens=java.base/java.util=ALL-UNNAMED --add-opens=java.prefs/java.util.prefs=ALL-UNNAMED --add-opens=java.prefs/java.util.prefs=ALL-UNNAMED --add-opens=java.base/java.nio.charset=ALL-UNNAMED --add-opens=java.base/java.net=ALL-UNNAMED --add-opens=java.base/java.util.concurrent.atomic=ALL-UNNAMED -Xmx2048m -Dfile.encoding=windows-1252 -Duser.country=US -Duser.language=en -Duser.variant 
java_command: org.gradle.launcher.daemon.bootstrap.GradleDaemon 7.1-rc-1
java_class_path (initial): C:\Users\OmarTaha\.gradle\wrapper\dists\gradle-7.1-rc-1-bin\89hqeppvp8dbb4pzs5e0rkzxn\gradle-7.1-rc-1\lib\gradle-launcher-7.1.jar
Launcher Type: SUN_STANDARD

[Global flags]
     intx CICompilerCount                          = 4                                         {product} {ergonomic}
     uint ConcGCThreads                            = 2                                         {product} {ergonomic}
     uint G1ConcRefinementThreads                  = 8                                         {product} {ergonomic}
   size_t G1HeapRegionSize                         = 1048576                                   {product} {ergonomic}
    uintx GCDrainStackTargetSize                   = 64                                        {product} {ergonomic}
   size_t InitialHeapSize                          = 132120576                                 {product} {ergonomic}
   size_t MarkStackSize                            = 4194304                                   {product} {ergonomic}
   size_t MaxHeapSize                              = 2147483648                                {product} {command line}
   size_t MaxNewSize                               = 1287651328                                {product} {ergonomic}
   size_t MinHeapDeltaBytes                        = 1048576                                   {product} {ergonomic}
    uintx NonNMethodCodeHeapSize                   = 5836300                                {pd product} {ergonomic}
    uintx NonProfiledCodeHeapSize                  = 122910970                              {pd product} {ergonomic}
    uintx ProfiledCodeHeapSize                     = 122910970                              {pd product} {ergonomic}
    uintx ReservedCodeCacheSize                    = 251658240                              {pd product} {ergonomic}
     bool SegmentedCodeCache                       = true                                      {product} {ergonomic}
     bool UseCompressedClassPointers               = true                                 {lp64_product} {ergonomic}
     bool UseCompressedOops                        = true                                 {lp64_product} {ergonomic}
     bool UseG1GC                                  = true                                      {product} {ergonomic}
     bool UseLargePagesIndividualAllocation        = false                                  {pd product} {ergonomic}

Logging:
Log output configuration:
 #0: stdout all=warning uptime,level,tags
 #1: stderr all=off uptime,level,tags

Environment Variables:
JAVA_HOME=C:\Program Files\Java\jdk-11.0.12\bin
PATH=C:\Program Files\Common Files\Oracle\Java\javapath;C:\Program Files (x86)\Common Files\Oracle\Java\javapath;C:\Program Files (x86)\Common Files\Intel\Shared Libraries\redist\intel64\compiler;C:\Program Files\Java\jdk-12.0.2\bin;C:\Windows\system32;C:\Windows;C:\Windows\System32\Wbem;C:\Windows\System32\WindowsPowerShell\v1.0\;C:\Windows\System32\OpenSSH\;C:\Program Files\dotnet\;C:\Program Files\Microsoft SQL Server\120\Tools\Binn\;C:\Program Files\Microsoft SQL Server\120\DTS\Binn\;C:\Program Files\Microsoft SQL Server\Client SDK\ODBC\110\Tools\Binn\;C:\Program Files (x86)\Microsoft SQL Server\120\Tools\Binn\;C:\Program Files (x86)\Microsoft SQL Server\120\Tools\Binn\ManagementStudio\;C:\Program Files (x86)\Microsoft SQL Server\120\DTS\Binn\;C:\Windows\Microsoft.NET\Framework\v3.5;C:\Program Files\Microsoft SQL Server\130\Tools\Binn\;C:\Program Files\Microsoft SQL Server\Client SDK\ODBC\170\Tools\Binn\;C:\Program Files\MATLAB\R2016a\runtime\win64;C:\Program Files\MATLAB\R2016a\bin;C:\Program Files\MATLAB\R2016a\polyspace\bin;C:\Program Files (x86)\dotnet\;C:\sqlite;C:\Program Files\Git\cmd;C:\Users\OmarTaha\AppData\Local\Programs\Python\Python310;C:\Users\OmarTaha\AppData\Local\Programs\Python\Python310\Scripts;C:\Users\OmarTaha\AppData\Local\Programs\Python\Python38-32\Scripts\;C:\Users\OmarTaha\AppData\Local\Programs\Python\Python38-32\;C:\Users\OmarTaha\AppData\Local\Microsoft\WindowsApps;C:\Users\OmarTaha\AppData\Local\Programs\Microsoft VS Code\bin;C:\Users\OmarTaha\.dotnet\tools;C:\Program Files\JetBrains\PyCharm Community Edition 2020.2.4\bin;;C:\Users\OmarTaha\AppData\Local\GitHubDesktop\bin;
USERNAME=OmarTaha
OS=Windows_NT
PROCESSOR_IDENTIFIER=Intel64 Family 6 Model 60 Stepping 3, GenuineIntel



---------------  S Y S T E M  ---------------

OS: Windows 10 , 64 bit Build 18362 (10.0.18362.1500)

CPU:total 8 (initial active 8) (4 cores per cpu, 2 threads per core) family 6 model 60 stepping 3 microcode 0x28, cmov, cx8, fxsr, mmx, sse, sse2, sse3, ssse3, sse4.1, sse4.2, popcnt, avx, avx2, aes, clmul, erms, lzcnt, ht, tsc, tscinvbit, bmi1, bmi2, fma

Memory: 4k page, system-wide physical 7993M (660M free)
TotalPageFile size 13993M (AvailPageFile size 16M)
current process WorkingSet (physical memory assigned to process): 416M, peak: 420M
current process commit charge ("private bytes"): 463M, peak: 494M

vm_info: Java HotSpot(TM) 64-Bit Server VM (11.0.12+8-LTS-237) for windows-amd64 JRE (11.0.12+8-LTS-237), built on Jun  8 2021 11:25:59 by "mach5one" with MS VC++ 15.9 (VS2017)

END.
