#
# There is insufficient memory for the Java Runtime Environment to continue.
# Native memory allocation (mmap) failed to map 132120576 bytes for Failed to commit area from 0x0000000083000000 to 0x000000008ae00000 of length 132120576.
# Possible reasons:
#   The system is out of physical RAM or swap space
#   The process is running with CompressedOops enabled, and the Java Heap may be blocking the growth of the native heap
# Possible solutions:
#   Reduce memory load on the system
#   Increase physical memory or swap space
#   Check if swap backing store is full
#   Decrease Java heap size (-Xmx/-Xms)
#   Decrease number of Java threads
#   Decrease Java thread stack sizes (-Xss)
#   Set larger code cache with -XX:ReservedCodeCacheSize=
# This output file may be truncated or incomplete.
#
#  Out of Memory Error (./src/hotspot/os/windows/os_windows.cpp:3301), pid=4224, tid=14424
#
# JRE version:  (11.0.10) (build )
# Java VM: OpenJDK 64-Bit Server VM (11.0.10+0-b96-7249189, mixed mode, sharing, tiered, compressed oops, g1 gc, windows-amd64)
# No core dump will be written. Minidumps are not enabled by default on client versions of Windows
#

---------------  S U M M A R Y ------------

Command Line: org.jetbrains.git4idea.http.GitAskPassApp Username for 'https://github.com': 

Host: Intel(R) Core(TM) i7-4800MQ CPU @ 2.70GHz, 8 cores, 7G,  Windows 10 , 64 bit Build 18362 (10.0.18362.1500)
Time: Wed Dec 15 16:24:09 2021 Arab Standard Time elapsed time: 0.015115 seconds (0d 0h 0m 0s)

---------------  T H R E A D  ---------------

Current thread (0x0000028932dfb000):  JavaThread "Unknown thread" [_thread_in_vm, id=14424, stack(0x00000098c9900000,0x00000098c9a00000)]

Stack: [0x00000098c9900000,0x00000098c9a00000]
Native frames: (J=compiled Java code, j=interpreted, Vv=VM code, C=native code)
V  [jvm.dll+0x5ecfaa]
V  [jvm.dll+0x722bd5]
V  [jvm.dll+0x72412d]
V  [jvm.dll+0x7247e3]
V  [jvm.dll+0x242928]
V  [jvm.dll+0x5ea374]
V  [jvm.dll+0x5df425]
V  [jvm.dll+0x2fdebb]
V  [jvm.dll+0x2fde2a]
V  [jvm.dll+0x2fdd02]
V  [jvm.dll+0x302bf6]
V  [jvm.dll+0x34b2a3]
V  [jvm.dll+0x34b9a6]
V  [jvm.dll+0x34b3a3]
V  [jvm.dll+0x2d8888]
V  [jvm.dll+0x2d9a37]
V  [jvm.dll+0x701737]
V  [jvm.dll+0x702f2c]
V  [jvm.dll+0x3587d9]
V  [jvm.dll+0x6e4fae]
V  [jvm.dll+0x3c0be3]
V  [jvm.dll+0x3c2e91]
C  [jli.dll+0x5373]
C  [ucrtbase.dll+0x210b2]
C  [KERNEL32.DLL+0x17c24]
C  [ntdll.dll+0x6d721]


---------------  P R O C E S S  ---------------

Threads class SMR info:
_java_thread_list=0x0000028930bbba10, length=0, elements={
}

Java Threads: ( => current thread )

Other Threads:
  0x0000028932e13000 GCTaskThread "GC Thread#0" [stack: 0x00000098c9a00000,0x00000098c9b00000] [id=15100]
  0x0000028932e45000 ConcurrentGCThread "G1 Main Marker" [stack: 0x00000098c9b00000,0x00000098c9c00000] [id=1324]
  0x0000028932e47800 ConcurrentGCThread "G1 Conc#0" [stack: 0x00000098c9c00000,0x00000098c9d00000] [id=9748]

[error occurred during error reporting (printing all threads), id 0xc0000005, EXCEPTION_ACCESS_VIOLATION (0xc0000005) at pc=0x00007ffdae619107]

VM state:not at safepoint (not fully initialized)

VM Mutex/Monitor currently owned by a thread:  ([mutex/lock_event])
[0x0000028932df8ab0] Heap_lock - owner thread: 0x0000028932dfb000

Heap address: 0x0000000083000000, size: 2000 MB, Compressed Oops mode: Non-zero based: 0x0000000083000000
Narrow klass base: 0x0000000000000000, Narrow klass shift: 0

GC Heap History (0 events):
No events

Deoptimization events (0 events):
No events

Classes redefined (0 events):
No events

Internal exceptions (0 events):
No events

Events (1 events):
Event: 0.010 Loaded shared library C:\Program Files\Android\Android Studio\jre\bin\zip.dll


Dynamic libraries:
0x00007ff7b9e10000 - 0x00007ff7b9e1a000 	C:\Program Files\Android\Android Studio\jre\bin\java.exe
0x00007ffe27f00000 - 0x00007ffe280f0000 	C:\Windows\SYSTEM32\ntdll.dll
0x00007ffe262e0000 - 0x00007ffe26392000 	C:\Windows\System32\KERNEL32.DLL
0x00007ffe25860000 - 0x00007ffe25b05000 	C:\Windows\System32\KERNELBASE.dll
0x00007ffe229c0000 - 0x00007ffe22a4f000 	C:\Windows\SYSTEM32\apphelp.dll
0x00007ffe25eb0000 - 0x00007ffe25faa000 	C:\Windows\System32\ucrtbase.dll
0x00007ffe17040000 - 0x00007ffe17059000 	C:\Program Files\Android\Android Studio\jre\bin\jli.dll
0x00007ffe15dc0000 - 0x00007ffe15dd7000 	C:\Program Files\Android\Android Studio\jre\bin\VCRUNTIME140.dll
0x00007ffe25fb0000 - 0x00007ffe26144000 	C:\Windows\System32\USER32.dll
0x00007ffe25830000 - 0x00007ffe25851000 	C:\Windows\System32\win32u.dll
0x00007ffe27e30000 - 0x00007ffe27e56000 	C:\Windows\System32\GDI32.dll
0x00007ffe25d10000 - 0x00007ffe25ea8000 	C:\Windows\System32\gdi32full.dll
0x00007ffe25680000 - 0x00007ffe2571e000 	C:\Windows\System32\msvcp_win.dll
0x00007ffe13150000 - 0x00007ffe133d4000 	C:\Windows\WinSxS\amd64_microsoft.windows.common-controls_6595b64144ccf1df_6.0.18362.1556_none_9e7e372fe45e41d5\COMCTL32.dll
0x00007ffe27be0000 - 0x00007ffe27c7e000 	C:\Windows\System32\msvcrt.dll
0x00007ffe26470000 - 0x00007ffe267a6000 	C:\Windows\System32\combase.dll
0x00007ffe26870000 - 0x00007ffe2698f000 	C:\Windows\System32\RPCRT4.dll
0x00007ffe255f0000 - 0x00007ffe25671000 	C:\Windows\System32\bcryptPrimitives.dll
0x00007ffe27280000 - 0x00007ffe272ae000 	C:\Windows\System32\IMM32.DLL
0x00007ffded990000 - 0x00007ffdeda2d000 	C:\Program Files\Android\Android Studio\jre\bin\msvcp140.dll
0x00007ffdae330000 - 0x00007ffdaedff000 	C:\Program Files\Android\Android Studio\jre\bin\server\jvm.dll
0x00007ffe267c0000 - 0x00007ffe26863000 	C:\Windows\System32\ADVAPI32.dll
0x00007ffe27320000 - 0x00007ffe273b7000 	C:\Windows\System32\sechost.dll
0x00007ffe27490000 - 0x00007ffe27498000 	C:\Windows\System32\PSAPI.DLL
0x00007ffe1efb0000 - 0x00007ffe1efb9000 	C:\Windows\SYSTEM32\WSOCK32.dll
0x00007ffe274c0000 - 0x00007ffe2752f000 	C:\Windows\System32\WS2_32.dll
0x00007ffe1c3a0000 - 0x00007ffe1c3aa000 	C:\Windows\SYSTEM32\VERSION.dll
0x00007ffe21410000 - 0x00007ffe21434000 	C:\Windows\SYSTEM32\WINMM.dll
0x00007ffe213e0000 - 0x00007ffe2140d000 	C:\Windows\SYSTEM32\winmmbase.dll
0x00007ffe25c90000 - 0x00007ffe25cda000 	C:\Windows\System32\cfgmgr32.dll
0x00007ffe24dc0000 - 0x00007ffe24dd1000 	C:\Windows\System32\kernel.appcore.dll
0x00007ffe1d100000 - 0x00007ffe1d111000 	C:\Program Files\Android\Android Studio\jre\bin\verify.dll
0x00007ffe10da0000 - 0x00007ffe10f94000 	C:\Windows\SYSTEM32\DBGHELP.DLL
0x00007ffdf7f70000 - 0x00007ffdf7f9a000 	C:\Windows\SYSTEM32\dbgcore.DLL
0x00007ffe16ed0000 - 0x00007ffe16ef9000 	C:\Program Files\Android\Android Studio\jre\bin\java.dll
0x00007ffe184d0000 - 0x00007ffe184db000 	C:\Program Files\Android\Android Studio\jre\bin\jimage.dll
0x00007ffe171f0000 - 0x00007ffe17208000 	C:\Program Files\Android\Android Studio\jre\bin\zip.dll

dbghelp: loaded successfully - version: 4.0.5 - missing functions: none
symbol engine: initialized successfully - sym options: 0x614 - pdb path: .;C:\Program Files\Android\Android Studio\jre\bin;C:\Windows\SYSTEM32;C:\Windows\WinSxS\amd64_microsoft.windows.common-controls_6595b64144ccf1df_6.0.18362.1556_none_9e7e372fe45e41d5;C:\Program Files\Android\Android Studio\jre\bin\server

VM Arguments:
java_command: org.jetbrains.git4idea.http.GitAskPassApp Username for 'https://github.com': 
java_class_path (initial): C:/Program Files/Android/Android Studio/plugins/git4idea/lib/git4idea-rt.jar;C:/Program Files/Android/Android Studio/lib/xmlrpc-2.0.1.jar;C:/Program Files/Android/Android Studio/lib/commons-codec-1.14.jar
Launcher Type: SUN_STANDARD

[Global flags]
     intx CICompilerCount                          = 4                                         {product} {ergonomic}
     uint ConcGCThreads                            = 2                                         {product} {ergonomic}
     uint G1ConcRefinementThreads                  = 8                                         {product} {ergonomic}
   size_t G1HeapRegionSize                         = 1048576                                   {product} {ergonomic}
    uintx GCDrainStackTargetSize                   = 64                                        {product} {ergonomic}
   size_t InitialHeapSize                          = 132120576                                 {product} {ergonomic}
   size_t MarkStackSize                            = 4194304                                   {product} {ergonomic}
   size_t MaxHeapSize                              = 2097152000                                {product} {ergonomic}
   size_t MinHeapDeltaBytes                        = 1048576                                   {product} {ergonomic}
    uintx NonNMethodCodeHeapSize                   = 5836300                                {pd product} {ergonomic}
    uintx NonProfiledCodeHeapSize                  = 122910970                              {pd product} {ergonomic}
    uintx ProfiledCodeHeapSize                     = 122910970                              {pd product} {ergonomic}
    uintx ReservedCodeCacheSize                    = 251658240                              {pd product} {ergonomic}
     bool SegmentedCodeCache                       = true                                      {product} {ergonomic}
     bool UseCompressedClassPointers               = true                                 {lp64_product} {ergonomic}
     bool UseCompressedOops                        = true                                 {lp64_product} {ergonomic}
     bool UseG1GC                                  = true                                      {product} {ergonomic}
     bool UseLargePagesIndividualAllocation        = false                                  {pd product} {ergonomic}

Logging:
Log output configuration:
 #0: stdout all=warning uptime,level,tags
 #1: stderr all=off uptime,level,tags

Environment Variables:
JAVA_HOME=C:\Program Files\Java\jdk-11.0.12\bin
PATH=C:\Program Files\Git\mingw64\libexec\git-core;C:\Program Files\Git\mingw64\libexec\git-core;C:\Program Files\Git\mingw64\bin;C:\Program Files\Git\usr\bin;C:\Users\OmarTaha\bin;C:\Program Files\Common Files\Oracle\Java\javapath;C:\Program Files (x86)\Common Files\Oracle\Java\javapath;C:\Program Files (x86)\Common Files\Intel\Shared Libraries\redist\intel64\compiler;C:\Program Files\Java\jdk-12.0.2\bin;C:\Windows\system32;C:\Windows;C:\Windows\System32\Wbem;C:\Windows\System32\WindowsPowerShell\v1.0;C:\Windows\System32\OpenSSH;C:\Program Files\dotnet;C:\Program Files\Microsoft SQL Server\120\Tools\Binn;C:\Program Files\Microsoft SQL Server\120\DTS\Binn;C:\Program Files\Microsoft SQL Server\Client SDK\ODBC\110\Tools\Binn;C:\Program Files (x86)\Microsoft SQL Server\120\Tools\Binn;C:\Program Files (x86)\Microsoft SQL Server\120\Tools\Binn\ManagementStudio;C:\Program Files (x86)\Microsoft SQL Server\120\DTS\Binn;C:\Windows\Microsoft.NET\Framework\v3.5;C:\Program Files\Microsoft SQL Server\130\Tools\Binn;C:\Program Files\Microsoft SQL Server\Client SDK\ODBC\170\Tools\Binn;C:\Program Files\MATLAB\R2016a\runtime\win64;C:\Program Files\MATLAB\R2016a\bin;C:\Program Files\MATLAB\R2016a\polyspace\bin;C:\Program Files (x86)\dotnet;C:\sqlite;C:\Program Files\Git\cmd;C:\Users\OmarTaha\AppData\Local\Programs\Python\Python310;C:\Users\OmarTaha\AppData\Local\Programs\Python\Python310\Scripts;C:\Users\OmarTaha\AppData\Local\Programs\Python\Python38-32\Scripts;C:\Users\OmarTaha\AppData\Local\Programs\Python\Python38-32;C:\Users\OmarTaha\AppData\Local\Microsoft\WindowsApps;C:\Users\OmarTaha\AppData\Local\Programs\Microsoft VS Code\bin;C:\Users\OmarTaha\.dotnet\tools;C:\Program Files\JetBrains\PyCharm Community Edition 2020.2.4\bin;C:\Users\OmarTaha\AppData\Local\GitHubDesktop\bin
USERNAME=OmarTaha
DISPLAY=:0.0
LC_ALL=en_US.UTF-8
OS=Windows_NT
PROCESSOR_IDENTIFIER=Intel64 Family 6 Model 60 Stepping 3, GenuineIntel



---------------  S Y S T E M  ---------------

OS: Windows 10 , 64 bit Build 18362 (10.0.18362.1500)
OS uptime: 1 days 4:36 hours

CPU:total 8 (initial active 8) (4 cores per cpu, 2 threads per core) family 6 model 60 stepping 3 microcode 0x28, cmov, cx8, fxsr, mmx, sse, sse2, sse3, ssse3, sse4.1, sse4.2, popcnt, avx, avx2, aes, clmul, erms, lzcnt, ht, tsc, tscinvbit, bmi1, bmi2, fma

Memory: 4k page, system-wide physical 7993M (663M free)
TotalPageFile size 13993M (AvailPageFile size 53M)
current process WorkingSet (physical memory assigned to process): 10M, peak: 10M
current process commit charge ("private bytes"): 60M, peak: 186M

vm_info: OpenJDK 64-Bit Server VM (11.0.10+0-b96-7249189) for windows-amd64 JRE (11.0.10+0-b96-7249189), built on Mar 31 2021 21:44:00 by "builder" with MS VC++ 14.0 (VS2015)

END.
