#
# There is insufficient memory for the Java Runtime Environment to continue.
# Native memory allocation (malloc) failed to allocate 1422816 bytes for Chunk::new
# Possible reasons:
#   The system is out of physical RAM or swap space
#   The process is running with CompressedOops enabled, and the Java Heap may be blocking the growth of the native heap
# Possible solutions:
#   Reduce memory load on the system
#   Increase physical memory or swap space
#   Check if swap backing store is full
#   Decrease Java heap size (-Xmx/-Xms)
#   Decrease number of Java threads
#   Decrease Java thread stack sizes (-Xss)
#   Set larger code cache with -XX:ReservedCodeCacheSize=
#   JVM is running with Unscaled Compressed Oops mode in which the Java heap is
#     placed in the first 4GB address space. The Java Heap base address is the
#     maximum limit for the native heap growth. Please use -XX:HeapBaseMinAddress
#     to set the Java Heap base and to place the Java Heap above 4GB virtual address.
# This output file may be truncated or incomplete.
#
#  Out of Memory Error (./open/src/hotspot/share/memory/arena.cpp:197), pid=11524, tid=5664
#
# JRE version: Java(TM) SE Runtime Environment 18.9 (11.0.12+8) (build 11.0.12+8-LTS-237)
# Java VM: Java HotSpot(TM) 64-Bit Server VM 18.9 (11.0.12+8-LTS-237, mixed mode, tiered, compressed oops, g1 gc, windows-amd64)
# No core dump will be written. Minidumps are not enabled by default on client versions of Windows
#

---------------  S U M M A R Y ------------

Command Line: --add-opens=java.base/java.util=ALL-UNNAMED --add-opens=java.base/java.lang=ALL-UNNAMED --add-opens=java.base/java.lang.invoke=ALL-UNNAMED --add-opens=java.base/java.util=ALL-UNNAMED --add-opens=java.prefs/java.util.prefs=ALL-UNNAMED --add-opens=java.prefs/java.util.prefs=ALL-UNNAMED --add-opens=java.base/java.nio.charset=ALL-UNNAMED --add-opens=java.base/java.net=ALL-UNNAMED --add-opens=java.base/java.util.concurrent.atomic=ALL-UNNAMED -Xmx2048m -Dfile.encoding=windows-1252 -Duser.country=US -Duser.language=en -Duser.variant org.gradle.launcher.daemon.bootstrap.GradleDaemon 7.1-rc-1

Host: Intel(R) Core(TM) i7-4800MQ CPU @ 2.70GHz, 8 cores, 7G,  Windows 10 , 64 bit Build 18362 (10.0.18362.1500)
Time: Mon Dec 20 12:49:05 2021 Arab Standard Time elapsed time: 6.672660 seconds (0d 0h 0m 6s)

---------------  T H R E A D  ---------------

Current thread (0x0000019299036800):  JavaThread "C2 CompilerThread2" daemon [_thread_in_native, id=5664, stack(0x000000875f100000,0x000000875f200000)]


Current CompileTask:
C2:   6672 5610       4       java.net.URLClassLoader$1::run (5 bytes)

Stack: [0x000000875f100000,0x000000875f200000]
Native frames: (J=compiled Java code, j=interpreted, Vv=VM code, C=native code)
V  [jvm.dll+0x617d9a]
V  [jvm.dll+0x74eeef]
V  [jvm.dll+0x750599]
V  [jvm.dll+0x750c23]
V  [jvm.dll+0x2438d8]
V  [jvm.dll+0xba6dc]
V  [jvm.dll+0xbac9c]
V  [jvm.dll+0x2b4564]
V  [jvm.dll+0x52cc86]
V  [jvm.dll+0x20515d]
V  [jvm.dll+0x1ff15a]
V  [jvm.dll+0x1fc1ca]
V  [jvm.dll+0x17f18c]
V  [jvm.dll+0x20b87c]
V  [jvm.dll+0x20997b]
V  [jvm.dll+0x716359]
V  [jvm.dll+0x70f064]
V  [jvm.dll+0x616f66]
C  [ucrtbase.dll+0x210b2]
C  [KERNEL32.DLL+0x17c24]
C  [ntdll.dll+0x6d721]


---------------  P R O C E S S  ---------------

Threads class SMR info:
_java_thread_list=0x00000192993531a0, length=123, elements={
0x00000192f46bd000, 0x000001929550e000, 0x000001929550f000, 0x0000019295ea3000,
0x0000019295519000, 0x000001929551a000, 0x0000019295527800, 0x0000019295eac800,
0x0000019295529000, 0x000001929600c800, 0x0000019297e72800, 0x00000192980d3800,
0x00000192987c0000, 0x0000019297fa8800, 0x000001929865f800, 0x00000192981e2000,
0x0000019298053800, 0x0000019298376000, 0x0000019296ef7000, 0x0000019298bb8800,
0x0000019297701000, 0x0000019298bb6800, 0x0000019298bb9000, 0x0000019298bba000,
0x0000019298bb7800, 0x0000019298bb6000, 0x0000019298bb4800, 0x0000019299036800,
0x0000019298bbb000, 0x0000019298bb5000, 0x0000019299bda000, 0x0000019299bdc000,
0x0000019299bda800, 0x0000019299bd9000, 0x0000019299bdd000, 0x0000019299bde000,
0x0000019299bd8000, 0x0000019299be1000, 0x0000019299bde800, 0x0000019299bdf800,
0x0000019299bdb800, 0x0000019299be3800, 0x0000019299be6000, 0x0000019299be4800,
0x0000019299be5000, 0x000001929946c800, 0x0000019299467000, 0x0000019299467800,
0x000001929946d800, 0x000001929946a000, 0x000001929946b800, 0x000001929946b000,
0x0000019299469800, 0x000001929946e000, 0x0000019299468800, 0x0000019299473000,
0x0000019299470000, 0x0000019299474000, 0x0000019299474800, 0x000001929946f000,
0x0000019299475800, 0x0000019299470800, 0x0000019299471800, 0x0000019299472000,
0x0000019298547000, 0x000001929854a000, 0x0000019298548800, 0x000001929854b000,
0x000001929854b800, 0x0000019298547800, 0x0000019298549800, 0x0000019298546000,
0x0000019298551800, 0x000001929854e000, 0x0000019298552800, 0x000001929854c800,
0x000001929854d800, 0x0000019298553000, 0x0000019298550000, 0x0000019298554000,
0x0000019298550800, 0x0000019298554800, 0x000001929854f000, 0x000001929b85a800,
0x000001929b859800, 0x000001929b860000, 0x000001929b85c800, 0x000001929b85d800,
0x000001929b85e800, 0x000001929b85b000, 0x000001929b85f000, 0x000001929b861000,
0x000001929b861800, 0x000001929b85c000, 0x000001929b868000, 0x000001929b867800,
0x000001929b862800, 0x000001929b863000, 0x000001929b864000, 0x000001929b865000,
0x000001929b866800, 0x000001929b865800, 0x00000192979b9800, 0x00000192979ba800,
0x00000192979b6800, 0x00000192979b5800, 0x00000192979b8000, 0x00000192979b9000,
0x00000192979b5000, 0x00000192979bc000, 0x00000192979bd000, 0x00000192979b7000,
0x00000192979be000, 0x00000192979be800, 0x00000192979bb800, 0x00000192979c1000,
0x00000192979c2000, 0x00000192979c2800, 0x00000192979c3800, 0x00000192979bf800,
0x00000192979c0000, 0x000001929b549000, 0x000001929b54f000
}

Java Threads: ( => current thread )
  0x00000192f46bd000 JavaThread "main" [_thread_blocked, id=916, stack(0x000000875c700000,0x000000875c800000)]
  0x000001929550e000 JavaThread "Reference Handler" daemon [_thread_blocked, id=5272, stack(0x000000875ce00000,0x000000875cf00000)]
  0x000001929550f000 JavaThread "Finalizer" daemon [_thread_blocked, id=11340, stack(0x000000875cf00000,0x000000875d000000)]
  0x0000019295ea3000 JavaThread "Signal Dispatcher" daemon [_thread_blocked, id=12136, stack(0x000000875d000000,0x000000875d100000)]
  0x0000019295519000 JavaThread "Attach Listener" daemon [_thread_blocked, id=7576, stack(0x000000875d100000,0x000000875d200000)]
  0x000001929551a000 JavaThread "Service Thread" daemon [_thread_blocked, id=13596, stack(0x000000875d200000,0x000000875d300000)]
  0x0000019295527800 JavaThread "C2 CompilerThread0" daemon [_thread_in_native, id=11488, stack(0x000000875d300000,0x000000875d400000)]
  0x0000019295eac800 JavaThread "C1 CompilerThread0" daemon [_thread_blocked, id=7704, stack(0x000000875d400000,0x000000875d500000)]
  0x0000019295529000 JavaThread "Sweeper thread" daemon [_thread_blocked, id=6624, stack(0x000000875d500000,0x000000875d600000)]
  0x000001929600c800 JavaThread "Common-Cleaner" daemon [_thread_blocked, id=12560, stack(0x000000875d600000,0x000000875d700000)]
  0x0000019297e72800 JavaThread "Daemon health stats" [_thread_blocked, id=8892, stack(0x000000875dc00000,0x000000875dd00000)]
  0x00000192980d3800 JavaThread "Incoming local TCP Connector on port 53762" [_thread_in_native, id=14256, stack(0x000000875d800000,0x000000875d900000)]
  0x00000192987c0000 JavaThread "Daemon periodic checks" [_thread_blocked, id=8808, stack(0x000000875db00000,0x000000875dc00000)]
  0x0000019297fa8800 JavaThread "Daemon" [_thread_blocked, id=8968, stack(0x000000875dd00000,0x000000875de00000)]
  0x000001929865f800 JavaThread "Handler for socket connection from /127.0.0.1:53762 to /127.0.0.1:53763" [_thread_in_native, id=9644, stack(0x000000875de00000,0x000000875df00000)]
  0x00000192981e2000 JavaThread "Cancel handler" [_thread_blocked, id=11196, stack(0x000000875df00000,0x000000875e000000)]
  0x0000019298053800 JavaThread "Daemon worker" [_thread_in_vm, id=8256, stack(0x000000875e000000,0x000000875e100000)]
  0x0000019298376000 JavaThread "Asynchronous log dispatcher for DefaultDaemonConnection: socket connection from /127.0.0.1:53762 to /127.0.0.1:53763" [_thread_blocked, id=10772, stack(0x000000875e100000,0x000000875e200000)]
  0x0000019296ef7000 JavaThread "Stdin handler" [_thread_blocked, id=13736, stack(0x000000875e200000,0x000000875e300000)]
  0x0000019298bb8800 JavaThread "Daemon client event forwarder" [_thread_blocked, id=10676, stack(0x000000875e300000,0x000000875e400000)]
  0x0000019297701000 JavaThread "C2 CompilerThread1" daemon [_thread_in_native, id=12360, stack(0x000000875e900000,0x000000875ea00000)]
  0x0000019298bb6800 JavaThread "Cache worker for journal cache (C:\Users\OmarTaha\.gradle\caches\journal-1)" [_thread_blocked, id=8488, stack(0x000000875ea00000,0x000000875eb00000)]
  0x0000019298bb9000 JavaThread "File lock request listener" [_thread_in_native, id=7548, stack(0x000000875eb00000,0x000000875ec00000)]
  0x0000019298bba000 JavaThread "Cache worker for file hash cache (C:\Users\OmarTaha\.gradle\caches\7.1-rc-1\fileHashes)" [_thread_blocked, id=9160, stack(0x000000875ec00000,0x000000875ed00000)]
  0x0000019298bb7800 JavaThread "Cache worker for file hash cache (C:\Users\OmarTaha\AndroidStudioProjects\GMS\.gradle\7.1-rc-1\fileHashes)" [_thread_blocked, id=11080, stack(0x000000875ee00000,0x000000875ef00000)]
  0x0000019298bb6000 JavaThread "File watcher server" daemon [_thread_in_native, id=9428, stack(0x000000875ef00000,0x000000875f000000)]
  0x0000019298bb4800 JavaThread "File watcher consumer" daemon [_thread_blocked, id=1540, stack(0x000000875f000000,0x000000875f100000)]
=>0x0000019299036800 JavaThread "C2 CompilerThread2" daemon [_thread_in_native, id=5664, stack(0x000000875f100000,0x000000875f200000)]
  0x0000019298bbb000 JavaThread "jar transforms" [_thread_blocked, id=12012, stack(0x000000875f200000,0x000000875f300000)]
  0x0000019298bb5000 JavaThread "jar transforms Thread 2" [_thread_blocked, id=7748, stack(0x000000875f300000,0x000000875f400000)]
  0x0000019299bda000 JavaThread "jar transforms Thread 3" [_thread_blocked, id=4232, stack(0x000000875f400000,0x000000875f500000)]
  0x0000019299bdc000 JavaThread "jar transforms Thread 4" [_thread_blocked, id=8116, stack(0x000000875f500000,0x000000875f600000)]
  0x0000019299bda800 JavaThread "jar transforms Thread 5" [_thread_blocked, id=13944, stack(0x000000875f600000,0x000000875f700000)]
  0x0000019299bd9000 JavaThread "jar transforms Thread 6" [_thread_blocked, id=8872, stack(0x000000875f700000,0x000000875f800000)]
  0x0000019299bdd000 JavaThread "jar transforms Thread 7" [_thread_blocked, id=10000, stack(0x000000875f800000,0x000000875f900000)]
  0x0000019299bde000 JavaThread "jar transforms Thread 8" [_thread_blocked, id=6120, stack(0x000000875f900000,0x000000875fa00000)]
  0x0000019299bd8000 JavaThread "Cache worker for checksums cache (C:\Users\OmarTaha\AndroidStudioProjects\GMS\.gradle\checksums)" [_thread_blocked, id=2084, stack(0x000000875fa00000,0x000000875fb00000)]
  0x0000019299be1000 JavaThread "Cache worker for cache directory md-supplier (C:\Users\OmarTaha\.gradle\caches\7.1-rc-1\md-supplier)" [_thread_blocked, id=11584, stack(0x000000875fb00000,0x000000875fc00000)]
  0x0000019299bde800 JavaThread "Cache worker for cache directory md-rule (C:\Users\OmarTaha\.gradle\caches\7.1-rc-1\md-rule)" [_thread_blocked, id=1924, stack(0x000000875fc00000,0x000000875fd00000)]
  0x0000019299bdf800 JavaThread "Cache worker for execution history cache (C:\Users\OmarTaha\.gradle\caches\7.1-rc-1\executionHistory)" [_thread_blocked, id=10304, stack(0x000000875fd00000,0x000000875fe00000)]
  0x0000019299bdb800 JavaThread "Cache worker for file content cache (C:\Users\OmarTaha\.gradle\caches\7.1-rc-1\fileContent)" [_thread_blocked, id=11864, stack(0x000000875fe00000,0x000000875ff00000)]
  0x0000019299be3800 JavaThread "Cache worker for dependencies-accessors (C:\Users\OmarTaha\AndroidStudioProjects\GMS\.gradle\7.1-rc-1\dependencies-accessors)" [_thread_blocked, id=10132, stack(0x000000875ff00000,0x0000008760000000)]
  0x0000019299be6000 JavaThread "Cache worker for Build Output Cleanup Cache (C:\Users\OmarTaha\AndroidStudioProjects\GMS\.gradle\buildOutputCleanup)" [_thread_blocked, id=10584, stack(0x0000008760000000,0x0000008760100000)]
  0x0000019299be4800 JavaThread "Unconstrained build operations" [_thread_blocked, id=10464, stack(0x0000008760100000,0x0000008760200000)]
  0x0000019299be5000 JavaThread "Unconstrained build operations Thread 2" [_thread_blocked, id=12732, stack(0x0000008760200000,0x0000008760300000)]
  0x000001929946c800 JavaThread "Unconstrained build operations Thread 3" [_thread_blocked, id=3028, stack(0x0000008760300000,0x0000008760400000)]
  0x0000019299467000 JavaThread "Unconstrained build operations Thread 4" [_thread_blocked, id=908, stack(0x0000008760400000,0x0000008760500000)]
  0x0000019299467800 JavaThread "Unconstrained build operations Thread 5" [_thread_blocked, id=13628, stack(0x0000008760500000,0x0000008760600000)]
  0x000001929946d800 JavaThread "Unconstrained build operations Thread 6" [_thread_blocked, id=12428, stack(0x0000008760600000,0x0000008760700000)]
  0x000001929946a000 JavaThread "Unconstrained build operations Thread 7" [_thread_blocked, id=13276, stack(0x0000008760700000,0x0000008760800000)]
  0x000001929946b800 JavaThread "Unconstrained build operations Thread 8" [_thread_blocked, id=13064, stack(0x0000008760800000,0x0000008760900000)]
  0x000001929946b000 JavaThread "Unconstrained build operations Thread 9" [_thread_blocked, id=7744, stack(0x0000008760900000,0x0000008760a00000)]
  0x0000019299469800 JavaThread "Unconstrained build operations Thread 10" [_thread_blocked, id=7700, stack(0x0000008760a00000,0x0000008760b00000)]
  0x000001929946e000 JavaThread "Unconstrained build operations Thread 11" [_thread_blocked, id=13428, stack(0x0000008760b00000,0x0000008760c00000)]
  0x0000019299468800 JavaThread "Unconstrained build operations Thread 12" [_thread_blocked, id=784, stack(0x0000008760c00000,0x0000008760d00000)]
  0x0000019299473000 JavaThread "Unconstrained build operations Thread 13" [_thread_blocked, id=968, stack(0x0000008760d00000,0x0000008760e00000)]
  0x0000019299470000 JavaThread "Unconstrained build operations Thread 14" [_thread_blocked, id=9056, stack(0x0000008760e00000,0x0000008760f00000)]
  0x0000019299474000 JavaThread "Unconstrained build operations Thread 15" [_thread_blocked, id=11828, stack(0x0000008760f00000,0x0000008761000000)]
  0x0000019299474800 JavaThread "Unconstrained build operations Thread 16" [_thread_blocked, id=10452, stack(0x0000008761000000,0x0000008761100000)]
  0x000001929946f000 JavaThread "Unconstrained build operations Thread 17" [_thread_blocked, id=1480, stack(0x0000008761100000,0x0000008761200000)]
  0x0000019299475800 JavaThread "Unconstrained build operations Thread 18" [_thread_blocked, id=14224, stack(0x0000008761200000,0x0000008761300000)]
  0x0000019299470800 JavaThread "Unconstrained build operations Thread 19" [_thread_blocked, id=12672, stack(0x0000008761300000,0x0000008761400000)]
  0x0000019299471800 JavaThread "Unconstrained build operations Thread 20" [_thread_blocked, id=14244, stack(0x0000008761400000,0x0000008761500000)]
  0x0000019299472000 JavaThread "Unconstrained build operations Thread 21" [_thread_blocked, id=12412, stack(0x0000008761500000,0x0000008761600000)]
  0x0000019298547000 JavaThread "Unconstrained build operations Thread 22" [_thread_blocked, id=13748, stack(0x0000008761600000,0x0000008761700000)]
  0x000001929854a000 JavaThread "Unconstrained build operations Thread 23" [_thread_blocked, id=11020, stack(0x0000008761700000,0x0000008761800000)]
  0x0000019298548800 JavaThread "Unconstrained build operations Thread 24" [_thread_blocked, id=2936, stack(0x0000008761800000,0x0000008761900000)]
  0x000001929854b000 JavaThread "Unconstrained build operations Thread 25" [_thread_blocked, id=6596, stack(0x0000008761900000,0x0000008761a00000)]
  0x000001929854b800 JavaThread "Unconstrained build operations Thread 26" [_thread_blocked, id=14320, stack(0x0000008761a00000,0x0000008761b00000)]
  0x0000019298547800 JavaThread "Unconstrained build operations Thread 27" [_thread_blocked, id=3440, stack(0x0000008761b00000,0x0000008761c00000)]
  0x0000019298549800 JavaThread "Unconstrained build operations Thread 28" [_thread_blocked, id=1148, stack(0x0000008761c00000,0x0000008761d00000)]
  0x0000019298546000 JavaThread "Unconstrained build operations Thread 29" [_thread_blocked, id=3000, stack(0x0000008761d00000,0x0000008761e00000)]
  0x0000019298551800 JavaThread "Unconstrained build operations Thread 30" [_thread_blocked, id=7624, stack(0x0000008761e00000,0x0000008761f00000)]
  0x000001929854e000 JavaThread "Unconstrained build operations Thread 31" [_thread_blocked, id=13376, stack(0x0000008761f00000,0x0000008762000000)]
  0x0000019298552800 JavaThread "Unconstrained build operations Thread 32" [_thread_blocked, id=6492, stack(0x0000008762000000,0x0000008762100000)]
  0x000001929854c800 JavaThread "Unconstrained build operations Thread 33" [_thread_blocked, id=8552, stack(0x0000008762100000,0x0000008762200000)]
  0x000001929854d800 JavaThread "Unconstrained build operations Thread 34" [_thread_blocked, id=2168, stack(0x0000008762200000,0x0000008762300000)]
  0x0000019298553000 JavaThread "Unconstrained build operations Thread 35" [_thread_blocked, id=13508, stack(0x0000008762300000,0x0000008762400000)]
  0x0000019298550000 JavaThread "Unconstrained build operations Thread 36" [_thread_blocked, id=9304, stack(0x0000008762400000,0x0000008762500000)]
  0x0000019298554000 JavaThread "Unconstrained build operations Thread 37" [_thread_blocked, id=260, stack(0x0000008762500000,0x0000008762600000)]
  0x0000019298550800 JavaThread "Unconstrained build operations Thread 38" [_thread_blocked, id=3392, stack(0x0000008762600000,0x0000008762700000)]
  0x0000019298554800 JavaThread "Unconstrained build operations Thread 39" [_thread_blocked, id=11908, stack(0x0000008762700000,0x0000008762800000)]
  0x000001929854f000 JavaThread "Unconstrained build operations Thread 40" [_thread_blocked, id=752, stack(0x0000008762800000,0x0000008762900000)]
  0x000001929b85a800 JavaThread "Unconstrained build operations Thread 41" [_thread_blocked, id=9280, stack(0x0000008762900000,0x0000008762a00000)]
  0x000001929b859800 JavaThread "Unconstrained build operations Thread 42" [_thread_blocked, id=11796, stack(0x0000008762a00000,0x0000008762b00000)]
  0x000001929b860000 JavaThread "Unconstrained build operations Thread 43" [_thread_blocked, id=9352, stack(0x0000008762b00000,0x0000008762c00000)]
  0x000001929b85c800 JavaThread "Unconstrained build operations Thread 44" [_thread_blocked, id=9680, stack(0x0000008762c00000,0x0000008762d00000)]
  0x000001929b85d800 JavaThread "Unconstrained build operations Thread 45" [_thread_blocked, id=1264, stack(0x0000008762d00000,0x0000008762e00000)]
  0x000001929b85e800 JavaThread "Unconstrained build operations Thread 46" [_thread_blocked, id=5260, stack(0x0000008762e00000,0x0000008762f00000)]
  0x000001929b85b000 JavaThread "Unconstrained build operations Thread 47" [_thread_blocked, id=2804, stack(0x0000008762f00000,0x0000008763000000)]
  0x000001929b85f000 JavaThread "Unconstrained build operations Thread 48" [_thread_blocked, id=14204, stack(0x0000008763000000,0x0000008763100000)]
  0x000001929b861000 JavaThread "Unconstrained build operations Thread 49" [_thread_blocked, id=12612, stack(0x0000008763100000,0x0000008763200000)]
  0x000001929b861800 JavaThread "Unconstrained build operations Thread 50" [_thread_blocked, id=14024, stack(0x0000008763200000,0x0000008763300000)]
  0x000001929b85c000 JavaThread "Unconstrained build operations Thread 51" [_thread_blocked, id=1856, stack(0x0000008763300000,0x0000008763400000)]
  0x000001929b868000 JavaThread "Unconstrained build operations Thread 52" [_thread_blocked, id=10284, stack(0x0000008763400000,0x0000008763500000)]
  0x000001929b867800 JavaThread "Unconstrained build operations Thread 53" [_thread_blocked, id=7260, stack(0x0000008763500000,0x0000008763600000)]
  0x000001929b862800 JavaThread "Unconstrained build operations Thread 54" [_thread_blocked, id=6660, stack(0x0000008763600000,0x0000008763700000)]
  0x000001929b863000 JavaThread "Unconstrained build operations Thread 55" [_thread_blocked, id=10244, stack(0x0000008763700000,0x0000008763800000)]
  0x000001929b864000 JavaThread "Unconstrained build operations Thread 56" [_thread_blocked, id=12988, stack(0x0000008763800000,0x0000008763900000)]
  0x000001929b865000 JavaThread "Unconstrained build operations Thread 57" [_thread_blocked, id=1516, stack(0x0000008763900000,0x0000008763a00000)]
  0x000001929b866800 JavaThread "Unconstrained build operations Thread 58" [_thread_blocked, id=6272, stack(0x0000008763a00000,0x0000008763b00000)]
  0x000001929b865800 JavaThread "Unconstrained build operations Thread 59" [_thread_blocked, id=6132, stack(0x0000008763b00000,0x0000008763c00000)]
  0x00000192979b9800 JavaThread "Unconstrained build operations Thread 60" [_thread_blocked, id=10216, stack(0x0000008763c00000,0x0000008763d00000)]
  0x00000192979ba800 JavaThread "Unconstrained build operations Thread 61" [_thread_blocked, id=5828, stack(0x0000008763d00000,0x0000008763e00000)]
  0x00000192979b6800 JavaThread "Unconstrained build operations Thread 62" [_thread_blocked, id=14284, stack(0x0000008763e00000,0x0000008763f00000)]
  0x00000192979b5800 JavaThread "Unconstrained build operations Thread 63" [_thread_blocked, id=11596, stack(0x0000008763f00000,0x0000008764000000)]
  0x00000192979b8000 JavaThread "Unconstrained build operations Thread 64" [_thread_blocked, id=13132, stack(0x0000008764000000,0x0000008764100000)]
  0x00000192979b9000 JavaThread "Unconstrained build operations Thread 65" [_thread_blocked, id=6752, stack(0x0000008764100000,0x0000008764200000)]
  0x00000192979b5000 JavaThread "Unconstrained build operations Thread 66" [_thread_blocked, id=4608, stack(0x0000008764200000,0x0000008764300000)]
  0x00000192979bc000 JavaThread "Unconstrained build operations Thread 67" [_thread_blocked, id=8336, stack(0x0000008764300000,0x0000008764400000)]
  0x00000192979bd000 JavaThread "Unconstrained build operations Thread 68" [_thread_blocked, id=12604, stack(0x0000008764400000,0x0000008764500000)]
  0x00000192979b7000 JavaThread "Unconstrained build operations Thread 69" [_thread_blocked, id=5572, stack(0x0000008764500000,0x0000008764600000)]
  0x00000192979be000 JavaThread "Unconstrained build operations Thread 70" [_thread_blocked, id=9844, stack(0x0000008764600000,0x0000008764700000)]
  0x00000192979be800 JavaThread "Unconstrained build operations Thread 71" [_thread_blocked, id=8408, stack(0x0000008764700000,0x0000008764800000)]
  0x00000192979bb800 JavaThread "Unconstrained build operations Thread 72" [_thread_blocked, id=2940, stack(0x0000008764800000,0x0000008764900000)]
  0x00000192979c1000 JavaThread "Unconstrained build operations Thread 73" [_thread_blocked, id=10804, stack(0x0000008764900000,0x0000008764a00000)]
  0x00000192979c2000 JavaThread "Unconstrained build operations Thread 74" [_thread_blocked, id=5616, stack(0x0000008764a00000,0x0000008764b00000)]
  0x00000192979c2800 JavaThread "Unconstrained build operations Thread 75" [_thread_blocked, id=7256, stack(0x0000008764b00000,0x0000008764c00000)]
  0x00000192979c3800 JavaThread "Unconstrained build operations Thread 76" [_thread_blocked, id=5756, stack(0x0000008764c00000,0x0000008764d00000)]
  0x00000192979bf800 JavaThread "Unconstrained build operations Thread 77" [_thread_blocked, id=12356, stack(0x0000008764d00000,0x0000008764e00000)]
  0x00000192979c0000 JavaThread "Unconstrained build operations Thread 78" [_thread_blocked, id=10876, stack(0x0000008764e00000,0x0000008764f00000)]
  0x000001929b549000 JavaThread "Unconstrained build operations Thread 79" [_thread_blocked, id=2968, stack(0x0000008764f00000,0x0000008765000000)]
  0x000001929b54f000 JavaThread "Unconstrained build operations Thread 80" [_thread_blocked, id=13360, stack(0x0000008765000000,0x0000008765100000)]

Other Threads:
  0x00000192954fb800 VMThread "VM Thread" [stack: 0x000000875cd00000,0x000000875ce00000] [id=2100]
  0x000001929603c800 WatcherThread [stack: 0x000000875d700000,0x000000875d800000] [id=13540]
  0x00000192f46d4000 GCTaskThread "GC Thread#0" [stack: 0x000000875c800000,0x000000875c900000] [id=9408]
  0x0000019296c26000 GCTaskThread "GC Thread#1" [stack: 0x000000875d900000,0x000000875da00000] [id=11888]
  0x0000019296a58000 GCTaskThread "GC Thread#2" [stack: 0x000000875da00000,0x000000875db00000] [id=12876]
  0x0000019298744800 GCTaskThread "GC Thread#3" [stack: 0x000000875e400000,0x000000875e500000] [id=13336]
  0x0000019296ef7800 GCTaskThread "GC Thread#4" [stack: 0x000000875e500000,0x000000875e600000] [id=7364]
  0x000001929878e000 GCTaskThread "GC Thread#5" [stack: 0x000000875e600000,0x000000875e700000] [id=6676]
  0x000001929862a000 GCTaskThread "GC Thread#6" [stack: 0x000000875e700000,0x000000875e800000] [id=11408]
  0x000001929862b000 GCTaskThread "GC Thread#7" [stack: 0x000000875e800000,0x000000875e900000] [id=9348]
  0x00000192f4706000 ConcurrentGCThread "G1 Main Marker" [stack: 0x000000875c900000,0x000000875ca00000] [id=9668]
  0x00000192f4707800 ConcurrentGCThread "G1 Conc#0" [stack: 0x000000875ca00000,0x000000875cb00000] [id=1648]
  0x0000019297e1a000 ConcurrentGCThread "G1 Conc#1" [stack: 0x000000875ed00000,0x000000875ee00000] [id=12140]
  0x0000019295352800 ConcurrentGCThread "G1 Refine#0" [stack: 0x000000875cb00000,0x000000875cc00000] [id=11460]
  0x00000192f4789800 ConcurrentGCThread "G1 Young RemSet Sampling" [stack: 0x000000875cc00000,0x000000875cd00000] [id=5116]

Threads with active compile tasks:
C2 CompilerThread0   6721 5694       4       jdk.internal.loader.URLClassPath$JarLoader$2::getCodeSigners (8 bytes)
C2 CompilerThread1   6721 5693       4       jdk.internal.loader.URLClassPath$JarLoader$2::getInputStream (15 bytes)
C2 CompilerThread2   6721 5610       4       java.net.URLClassLoader$1::run (5 bytes)

VM state:not at safepoint (normal execution)

VM Mutex/Monitor currently owned by a thread: None

Heap address: 0x0000000080000000, size: 2048 MB, Compressed Oops mode: 32-bit
Narrow klass base: 0x0000000000000000, Narrow klass shift: 3
Compressed class space size: 1073741824 Address: 0x0000000100000000

Heap:
 garbage-first heap   total 129024K, used 95473K [0x0000000080000000, 0x0000000100000000)
  region size 1024K, 31 young (31744K), 6 survivors (6144K)
 Metaspace       used 51126K, capacity 52624K, committed 52964K, reserved 1095680K
  class space    used 6536K, capacity 7081K, committed 7168K, reserved 1048576K
Heap Regions: E=young(eden), S=young(survivor), O=old, HS=humongous(starts), HC=humongous(continues), CS=collection set, F=free, A=archive, TAMS=top-at-mark-start (previous, next)
|   0|0x0000000080000000, 0x0000000080100000, 0x0000000080100000|100%| O|  |TAMS 0x0000000080100000, 0x0000000080000000| Untracked 
|   1|0x0000000080100000, 0x0000000080200000, 0x0000000080200000|100%| O|  |TAMS 0x0000000080200000, 0x0000000080100000| Untracked 
|   2|0x0000000080200000, 0x0000000080300000, 0x0000000080300000|100%| O|  |TAMS 0x0000000080300000, 0x0000000080200000| Untracked 
|   3|0x0000000080300000, 0x0000000080400000, 0x0000000080400000|100%|HS|  |TAMS 0x0000000080400000, 0x0000000080300000| Complete 
|   4|0x0000000080400000, 0x0000000080500000, 0x0000000080500000|100%|HC|  |TAMS 0x0000000080500000, 0x0000000080400000| Complete 
|   5|0x0000000080500000, 0x0000000080600000, 0x0000000080600000|100%|HC|  |TAMS 0x0000000080600000, 0x0000000080500000| Complete 
|   6|0x0000000080600000, 0x0000000080700000, 0x0000000080700000|100%| O|  |TAMS 0x0000000080700000, 0x0000000080600000| Untracked 
|   7|0x0000000080700000, 0x0000000080800000, 0x0000000080800000|100%| O|  |TAMS 0x0000000080800000, 0x0000000080700000| Untracked 
|   8|0x0000000080800000, 0x0000000080900000, 0x0000000080900000|100%| O|  |TAMS 0x0000000080900000, 0x0000000080800000| Untracked 
|   9|0x0000000080900000, 0x0000000080a00000, 0x0000000080a00000|100%| O|  |TAMS 0x0000000080a00000, 0x0000000080900000| Untracked 
|  10|0x0000000080a00000, 0x0000000080b00000, 0x0000000080b00000|100%| O|  |TAMS 0x0000000080b00000, 0x0000000080a00000| Untracked 
|  11|0x0000000080b00000, 0x0000000080c00000, 0x0000000080c00000|100%| O|  |TAMS 0x0000000080c00000, 0x0000000080b00000| Untracked 
|  12|0x0000000080c00000, 0x0000000080d00000, 0x0000000080d00000|100%| O|  |TAMS 0x0000000080d00000, 0x0000000080c00000| Untracked 
|  13|0x0000000080d00000, 0x0000000080e00000, 0x0000000080e00000|100%| O|  |TAMS 0x0000000080e00000, 0x0000000080d00000| Untracked 
|  14|0x0000000080e00000, 0x0000000080f00000, 0x0000000080f00000|100%| O|  |TAMS 0x0000000080f00000, 0x0000000080e00000| Untracked 
|  15|0x0000000080f00000, 0x0000000081000000, 0x0000000081000000|100%| O|  |TAMS 0x0000000081000000, 0x0000000080f00000| Untracked 
|  16|0x0000000081000000, 0x0000000081100000, 0x0000000081100000|100%|HS|  |TAMS 0x0000000081100000, 0x0000000081000000| Complete 
|  17|0x0000000081100000, 0x0000000081200000, 0x0000000081200000|100%|HC|  |TAMS 0x0000000081200000, 0x0000000081100000| Complete 
|  18|0x0000000081200000, 0x0000000081300000, 0x0000000081300000|100%|HS|  |TAMS 0x0000000081300000, 0x0000000081200000| Complete 
|  19|0x0000000081300000, 0x0000000081400000, 0x0000000081400000|100%|HC|  |TAMS 0x0000000081400000, 0x0000000081300000| Complete 
|  20|0x0000000081400000, 0x0000000081500000, 0x0000000081500000|100%|HC|  |TAMS 0x0000000081500000, 0x0000000081400000| Complete 
|  21|0x0000000081500000, 0x0000000081600000, 0x0000000081600000|100%|HS|  |TAMS 0x0000000081600000, 0x0000000081500000| Complete 
|  22|0x0000000081600000, 0x0000000081700000, 0x0000000081700000|100%|HC|  |TAMS 0x0000000081700000, 0x0000000081600000| Complete 
|  23|0x0000000081700000, 0x0000000081800000, 0x0000000081800000|100%|HC|  |TAMS 0x0000000081800000, 0x0000000081700000| Complete 
|  24|0x0000000081800000, 0x0000000081900000, 0x0000000081900000|100%|HC|  |TAMS 0x0000000081900000, 0x0000000081800000| Complete 
|  25|0x0000000081900000, 0x0000000081a00000, 0x0000000081a00000|100%|HC|  |TAMS 0x0000000081a00000, 0x0000000081900000| Complete 
|  26|0x0000000081a00000, 0x0000000081b00000, 0x0000000081b00000|100%| O|  |TAMS 0x0000000081b00000, 0x0000000081a00000| Untracked 
|  27|0x0000000081b00000, 0x0000000081c00000, 0x0000000081c00000|100%| O|  |TAMS 0x0000000081c00000, 0x0000000081b00000| Untracked 
|  28|0x0000000081c00000, 0x0000000081d00000, 0x0000000081d00000|100%| O|  |TAMS 0x0000000081d00000, 0x0000000081c00000| Untracked 
|  29|0x0000000081d00000, 0x0000000081e00000, 0x0000000081e00000|100%| O|  |TAMS 0x0000000081e00000, 0x0000000081d00000| Untracked 
|  30|0x0000000081e00000, 0x0000000081f00000, 0x0000000081f00000|100%| O|  |TAMS 0x0000000081f00000, 0x0000000081e00000| Untracked 
|  31|0x0000000081f00000, 0x0000000082000000, 0x0000000082000000|100%| O|  |TAMS 0x0000000082000000, 0x0000000081f00000| Untracked 
|  32|0x0000000082000000, 0x0000000082100000, 0x0000000082100000|100%| O|  |TAMS 0x0000000082100000, 0x0000000082000000| Untracked 
|  33|0x0000000082100000, 0x0000000082200000, 0x0000000082200000|100%|HS|  |TAMS 0x0000000082200000, 0x0000000082100000| Complete 
|  34|0x0000000082200000, 0x0000000082300000, 0x0000000082300000|100%|HC|  |TAMS 0x0000000082300000, 0x0000000082200000| Complete 
|  35|0x0000000082300000, 0x0000000082400000, 0x0000000082400000|100%|HC|  |TAMS 0x0000000082400000, 0x0000000082300000| Complete 
|  36|0x0000000082400000, 0x0000000082500000, 0x0000000082500000|100%|HC|  |TAMS 0x0000000082500000, 0x0000000082400000| Complete 
|  37|0x0000000082500000, 0x0000000082600000, 0x0000000082600000|100%|HC|  |TAMS 0x0000000082600000, 0x0000000082500000| Complete 
|  38|0x0000000082600000, 0x0000000082700000, 0x0000000082700000|100%|HS|  |TAMS 0x0000000082700000, 0x0000000082600000| Complete 
|  39|0x0000000082700000, 0x0000000082800000, 0x0000000082800000|100%|HC|  |TAMS 0x0000000082800000, 0x0000000082700000| Complete 
|  40|0x0000000082800000, 0x0000000082900000, 0x0000000082900000|100%|HC|  |TAMS 0x0000000082900000, 0x0000000082800000| Complete 
|  41|0x0000000082900000, 0x0000000082a00000, 0x0000000082a00000|100%| O|  |TAMS 0x0000000082a00000, 0x0000000082900000| Untracked 
|  42|0x0000000082a00000, 0x0000000082b00000, 0x0000000082b00000|100%| O|  |TAMS 0x0000000082b00000, 0x0000000082a00000| Untracked 
|  43|0x0000000082b00000, 0x0000000082c00000, 0x0000000082c00000|100%| O|  |TAMS 0x0000000082c00000, 0x0000000082b00000| Untracked 
|  44|0x0000000082c00000, 0x0000000082d00000, 0x0000000082d00000|100%| O|  |TAMS 0x0000000082d00000, 0x0000000082c00000| Untracked 
|  45|0x0000000082d00000, 0x0000000082e00000, 0x0000000082e00000|100%| O|  |TAMS 0x0000000082e00000, 0x0000000082d00000| Untracked 
|  46|0x0000000082e00000, 0x0000000082f00000, 0x0000000082f00000|100%|HS|  |TAMS 0x0000000082f00000, 0x0000000082e00000| Complete 
|  47|0x0000000082f00000, 0x0000000083000000, 0x0000000083000000|100%| O|  |TAMS 0x0000000083000000, 0x0000000082f00000| Untracked 
|  48|0x0000000083000000, 0x0000000083100000, 0x0000000083100000|100%| O|  |TAMS 0x0000000083100000, 0x0000000083000000| Untracked 
|  49|0x0000000083100000, 0x0000000083200000, 0x0000000083200000|100%| O|  |TAMS 0x0000000083200000, 0x0000000083100000| Untracked 
|  50|0x0000000083200000, 0x0000000083300000, 0x0000000083300000|100%| O|  |TAMS 0x0000000083300000, 0x0000000083200000| Untracked 
|  51|0x0000000083300000, 0x0000000083400000, 0x0000000083400000|100%| O|  |TAMS 0x0000000083400000, 0x0000000083300000| Untracked 
|  52|0x0000000083400000, 0x0000000083500000, 0x0000000083500000|100%|HS|  |TAMS 0x0000000083500000, 0x0000000083400000| Complete 
|  53|0x0000000083500000, 0x0000000083600000, 0x0000000083600000|100%|HS|  |TAMS 0x0000000083600000, 0x0000000083500000| Complete 
|  54|0x0000000083600000, 0x0000000083700000, 0x0000000083700000|100%|HC|  |TAMS 0x0000000083700000, 0x0000000083600000| Complete 
|  55|0x0000000083700000, 0x0000000083800000, 0x0000000083800000|100%|HC|  |TAMS 0x0000000083800000, 0x0000000083700000| Complete 
|  56|0x0000000083800000, 0x0000000083900000, 0x0000000083900000|100%| O|  |TAMS 0x0000000083900000, 0x0000000083800000| Untracked 
|  57|0x0000000083900000, 0x0000000083a00000, 0x0000000083a00000|100%| O|  |TAMS 0x0000000083a00000, 0x0000000083900000| Untracked 
|  58|0x0000000083a00000, 0x0000000083b00000, 0x0000000083b00000|100%| O|  |TAMS 0x0000000083b00000, 0x0000000083a00000| Untracked 
|  59|0x0000000083b00000, 0x0000000083c00000, 0x0000000083c00000|100%| O|  |TAMS 0x0000000083c00000, 0x0000000083b00000| Untracked 
|  60|0x0000000083c00000, 0x0000000083d00000, 0x0000000083d00000|100%| O|  |TAMS 0x0000000083d00000, 0x0000000083c00000| Untracked 
|  61|0x0000000083d00000, 0x0000000083e00000, 0x0000000083e00000|100%| O|  |TAMS 0x0000000083e00000, 0x0000000083d00000| Untracked 
|  62|0x0000000083e00000, 0x0000000083e3c400, 0x0000000083f00000| 23%| O|  |TAMS 0x0000000083e3c400, 0x0000000083e00000| Untracked 
|  63|0x0000000083f00000, 0x0000000084000000, 0x0000000084000000|100%|HS|  |TAMS 0x0000000083f00000, 0x0000000083f00000| Complete 
|  64|0x0000000084000000, 0x0000000084100000, 0x0000000084100000|100%|HC|  |TAMS 0x0000000084000000, 0x0000000084000000| Complete 
|  65|0x0000000084100000, 0x0000000084100000, 0x0000000084200000|  0%| F|  |TAMS 0x0000000084100000, 0x0000000084100000| Untracked 
|  66|0x0000000084200000, 0x0000000084200000, 0x0000000084300000|  0%| F|  |TAMS 0x0000000084200000, 0x0000000084200000| Untracked 
|  67|0x0000000084300000, 0x0000000084300000, 0x0000000084400000|  0%| F|  |TAMS 0x0000000084300000, 0x0000000084300000| Untracked 
|  68|0x0000000084400000, 0x0000000084400000, 0x0000000084500000|  0%| F|  |TAMS 0x0000000084400000, 0x0000000084400000| Untracked 
|  69|0x0000000084500000, 0x0000000084500000, 0x0000000084600000|  0%| F|  |TAMS 0x0000000084500000, 0x0000000084500000| Untracked 
|  70|0x0000000084600000, 0x0000000084600000, 0x0000000084700000|  0%| F|  |TAMS 0x0000000084600000, 0x0000000084600000| Untracked 
|  71|0x0000000084700000, 0x0000000084700000, 0x0000000084800000|  0%| F|  |TAMS 0x0000000084700000, 0x0000000084700000| Untracked 
|  72|0x0000000084800000, 0x0000000084800000, 0x0000000084900000|  0%| F|  |TAMS 0x0000000084800000, 0x0000000084800000| Untracked 
|  73|0x0000000084900000, 0x0000000084900000, 0x0000000084a00000|  0%| F|  |TAMS 0x0000000084900000, 0x0000000084900000| Untracked 
|  74|0x0000000084a00000, 0x0000000084a00000, 0x0000000084b00000|  0%| F|  |TAMS 0x0000000084a00000, 0x0000000084a00000| Untracked 
|  75|0x0000000084b00000, 0x0000000084c00000, 0x0000000084c00000|100%| S|CS|TAMS 0x0000000084b00000, 0x0000000084b00000| Complete 
|  76|0x0000000084c00000, 0x0000000084c00000, 0x0000000084d00000|  0%| F|  |TAMS 0x0000000084c00000, 0x0000000084c00000| Untracked 
|  77|0x0000000084d00000, 0x0000000084d00000, 0x0000000084e00000|  0%| F|  |TAMS 0x0000000084d00000, 0x0000000084d00000| Untracked 
|  78|0x0000000084e00000, 0x0000000084e00000, 0x0000000084f00000|  0%| F|  |TAMS 0x0000000084e00000, 0x0000000084e00000| Untracked 
|  79|0x0000000084f00000, 0x0000000084f00000, 0x0000000085000000|  0%| F|  |TAMS 0x0000000084f00000, 0x0000000084f00000| Untracked 
|  80|0x0000000085000000, 0x0000000085000000, 0x0000000085100000|  0%| F|  |TAMS 0x0000000085000000, 0x0000000085000000| Untracked 
|  81|0x0000000085100000, 0x0000000085200000, 0x0000000085200000|100%| S|CS|TAMS 0x0000000085100000, 0x0000000085100000| Complete 
|  82|0x0000000085200000, 0x0000000085300000, 0x0000000085300000|100%| S|CS|TAMS 0x0000000085200000, 0x0000000085200000| Complete 
|  83|0x0000000085300000, 0x0000000085400000, 0x0000000085400000|100%| S|CS|TAMS 0x0000000085300000, 0x0000000085300000| Complete 
|  84|0x0000000085400000, 0x0000000085500000, 0x0000000085500000|100%| S|CS|TAMS 0x0000000085400000, 0x0000000085400000| Complete 
|  85|0x0000000085500000, 0x0000000085600000, 0x0000000085600000|100%| S|CS|TAMS 0x0000000085500000, 0x0000000085500000| Complete 
|  86|0x0000000085600000, 0x0000000085600000, 0x0000000085700000|  0%| F|  |TAMS 0x0000000085600000, 0x0000000085600000| Untracked 
|  87|0x0000000085700000, 0x0000000085700000, 0x0000000085800000|  0%| F|  |TAMS 0x0000000085700000, 0x0000000085700000| Untracked 
|  88|0x0000000085800000, 0x0000000085800000, 0x0000000085900000|  0%| F|  |TAMS 0x0000000085800000, 0x0000000085800000| Untracked 
|  89|0x0000000085900000, 0x0000000085900000, 0x0000000085a00000|  0%| F|  |TAMS 0x0000000085900000, 0x0000000085900000| Untracked 
|  90|0x0000000085a00000, 0x0000000085a00000, 0x0000000085b00000|  0%| F|  |TAMS 0x0000000085a00000, 0x0000000085a00000| Untracked 
|  91|0x0000000085b00000, 0x0000000085b00000, 0x0000000085c00000|  0%| F|  |TAMS 0x0000000085b00000, 0x0000000085b00000| Untracked 
|  92|0x0000000085c00000, 0x0000000085c00000, 0x0000000085d00000|  0%| F|  |TAMS 0x0000000085c00000, 0x0000000085c00000| Untracked 
|  93|0x0000000085d00000, 0x0000000085d00000, 0x0000000085e00000|  0%| F|  |TAMS 0x0000000085d00000, 0x0000000085d00000| Untracked 
|  94|0x0000000085e00000, 0x0000000085e00000, 0x0000000085f00000|  0%| F|  |TAMS 0x0000000085e00000, 0x0000000085e00000| Untracked 
|  95|0x0000000085f00000, 0x0000000085f00000, 0x0000000086000000|  0%| F|  |TAMS 0x0000000085f00000, 0x0000000085f00000| Untracked 
|  96|0x0000000086000000, 0x0000000086000000, 0x0000000086100000|  0%| F|  |TAMS 0x0000000086000000, 0x0000000086000000| Untracked 
|  97|0x0000000086100000, 0x0000000086100000, 0x0000000086200000|  0%| F|  |TAMS 0x0000000086100000, 0x0000000086100000| Untracked 
|  98|0x0000000086200000, 0x0000000086200000, 0x0000000086300000|  0%| F|  |TAMS 0x0000000086200000, 0x0000000086200000| Untracked 
|  99|0x0000000086300000, 0x0000000086300000, 0x0000000086400000|  0%| F|  |TAMS 0x0000000086300000, 0x0000000086300000| Untracked 
| 100|0x0000000086400000, 0x0000000086400000, 0x0000000086500000|  0%| F|  |TAMS 0x0000000086400000, 0x0000000086400000| Untracked 
| 101|0x0000000086500000, 0x00000000865fe4f0, 0x0000000086600000| 99%| E|  |TAMS 0x0000000086500000, 0x0000000086500000| Complete 
| 102|0x0000000086600000, 0x0000000086700000, 0x0000000086700000|100%| E|CS|TAMS 0x0000000086600000, 0x0000000086600000| Complete 
| 103|0x0000000086700000, 0x0000000086800000, 0x0000000086800000|100%| E|CS|TAMS 0x0000000086700000, 0x0000000086700000| Complete 
| 104|0x0000000086800000, 0x0000000086900000, 0x0000000086900000|100%| E|CS|TAMS 0x0000000086800000, 0x0000000086800000| Complete 
| 105|0x0000000086900000, 0x0000000086a00000, 0x0000000086a00000|100%| E|CS|TAMS 0x0000000086900000, 0x0000000086900000| Complete 
| 106|0x0000000086a00000, 0x0000000086b00000, 0x0000000086b00000|100%| E|CS|TAMS 0x0000000086a00000, 0x0000000086a00000| Complete 
| 107|0x0000000086b00000, 0x0000000086c00000, 0x0000000086c00000|100%| E|CS|TAMS 0x0000000086b00000, 0x0000000086b00000| Complete 
| 108|0x0000000086c00000, 0x0000000086d00000, 0x0000000086d00000|100%| E|  |TAMS 0x0000000086c00000, 0x0000000086c00000| Complete 
| 109|0x0000000086d00000, 0x0000000086e00000, 0x0000000086e00000|100%| E|CS|TAMS 0x0000000086d00000, 0x0000000086d00000| Complete 
| 110|0x0000000086e00000, 0x0000000086f00000, 0x0000000086f00000|100%| E|CS|TAMS 0x0000000086e00000, 0x0000000086e00000| Complete 
| 111|0x0000000086f00000, 0x0000000087000000, 0x0000000087000000|100%| E|CS|TAMS 0x0000000086f00000, 0x0000000086f00000| Complete 
| 112|0x0000000087000000, 0x0000000087100000, 0x0000000087100000|100%| E|CS|TAMS 0x0000000087000000, 0x0000000087000000| Complete 
| 113|0x0000000087100000, 0x0000000087200000, 0x0000000087200000|100%| E|CS|TAMS 0x0000000087100000, 0x0000000087100000| Complete 
| 114|0x0000000087200000, 0x0000000087300000, 0x0000000087300000|100%| E|CS|TAMS 0x0000000087200000, 0x0000000087200000| Complete 
| 115|0x0000000087300000, 0x0000000087400000, 0x0000000087400000|100%| E|CS|TAMS 0x0000000087300000, 0x0000000087300000| Complete 
| 116|0x0000000087400000, 0x0000000087500000, 0x0000000087500000|100%| E|CS|TAMS 0x0000000087400000, 0x0000000087400000| Complete 
| 117|0x0000000087500000, 0x0000000087600000, 0x0000000087600000|100%| E|CS|TAMS 0x0000000087500000, 0x0000000087500000| Complete 
| 118|0x0000000087600000, 0x0000000087700000, 0x0000000087700000|100%| E|CS|TAMS 0x0000000087600000, 0x0000000087600000| Complete 
| 119|0x0000000087700000, 0x0000000087800000, 0x0000000087800000|100%| E|CS|TAMS 0x0000000087700000, 0x0000000087700000| Complete 
| 120|0x0000000087800000, 0x0000000087900000, 0x0000000087900000|100%| E|CS|TAMS 0x0000000087800000, 0x0000000087800000| Complete 
| 121|0x0000000087900000, 0x0000000087a00000, 0x0000000087a00000|100%| E|CS|TAMS 0x0000000087900000, 0x0000000087900000| Complete 
| 122|0x0000000087a00000, 0x0000000087b00000, 0x0000000087b00000|100%| E|CS|TAMS 0x0000000087a00000, 0x0000000087a00000| Complete 
| 123|0x0000000087b00000, 0x0000000087c00000, 0x0000000087c00000|100%| E|CS|TAMS 0x0000000087b00000, 0x0000000087b00000| Complete 
| 124|0x0000000087c00000, 0x0000000087d00000, 0x0000000087d00000|100%| E|CS|TAMS 0x0000000087c00000, 0x0000000087c00000| Complete 
| 125|0x0000000087d00000, 0x0000000087e00000, 0x0000000087e00000|100%| E|CS|TAMS 0x0000000087d00000, 0x0000000087d00000| Complete 

Card table byte_map: [0x00000192ff1e0000,0x00000192ff5e0000] _byte_map_base: 0x00000192fede0000

Marking Bits (Prev, Next): (CMBitMap*) 0x00000192f46fd4d8, (CMBitMap*) 0x00000192f46fd510
 Prev Bits: [0x000001928f000000, 0x0000019291000000)
 Next Bits: [0x0000019291000000, 0x0000019293000000)

Polling page: 0x00000192f4790000

Metaspace:

Usage:
  Non-class:     44.54 MB capacity,    43.58 MB ( 98%) used,   840.05 KB (  2%) free+waste,   136.56 KB ( <1%) overhead. 
      Class:      6.92 MB capacity,     6.39 MB ( 92%) used,   470.10 KB (  7%) free+waste,    65.38 KB ( <1%) overhead. 
       Both:     51.45 MB capacity,    49.98 MB ( 97%) used,     1.28 MB (  2%) free+waste,   201.94 KB ( <1%) overhead. 

Virtual space:
  Non-class space:       46.00 MB reserved,      44.72 MB ( 97%) committed 
      Class space:        1.00 GB reserved,       7.00 MB ( <1%) committed 
             Both:        1.04 GB reserved,      51.72 MB (  5%) committed 

Chunk freelists:
   Non-Class:  7.63 KB
       Class:  2.88 KB
        Both:  10.50 KB

CodeHeap 'non-profiled nmethods': size=120000Kb used=3196Kb max_used=3196Kb free=116803Kb
 bounds [0x0000019287ad0000, 0x0000019287df0000, 0x000001928f000000]
CodeHeap 'profiled nmethods': size=120000Kb used=11555Kb max_used=11555Kb free=108445Kb
 bounds [0x00000192805a0000, 0x00000192810f0000, 0x0000019287ad0000]
CodeHeap 'non-nmethods': size=5760Kb used=2236Kb max_used=2259Kb free=3524Kb
 bounds [0x0000019280000000, 0x0000019280270000, 0x00000192805a0000]
 total_blobs=6479 nmethods=5680 adapters=708
 compilation: enabled
              stopped_count=0, restarted_count=0
 full_count=0

Compilation events (10 events):
Event: 6.655 Thread 0x0000019295eac800 5680       3       com.google.common.collect.MapMakerInternalMap$StrongKeyWeakValueEntry$Helper::newEntry (16 bytes)
Event: 6.655 Thread 0x0000019295eac800 nmethod 5680 0x00000192810e4a90 code [0x00000192810e4c80, 0x00000192810e52b8]
Event: 6.655 Thread 0x0000019295eac800 5681       3       com.google.common.collect.MapMakerInternalMap$StrongKeyWeakValueEntry$Helper::newEntry (12 bytes)
Event: 6.655 Thread 0x0000019295eac800 nmethod 5681 0x00000192810e5490 code [0x00000192810e5660, 0x00000192810e5a58]
Event: 6.655 Thread 0x0000019295eac800 5682       3       com.google.common.collect.MapMakerInternalMap$StrongKeyWeakValueEntry$Helper::setValue (14 bytes)
Event: 6.656 Thread 0x0000019295eac800 nmethod 5682 0x00000192810e5c10 code [0x00000192810e5e20, 0x00000192810e64d8]
Event: 6.656 Thread 0x0000019295eac800 5683       3       com.google.common.collect.MapMakerInternalMap$StrongKeyWeakValueEntry$Helper::setValue (10 bytes)
Event: 6.656 Thread 0x0000019295eac800 nmethod 5683 0x00000192810e6790 code [0x00000192810e6980, 0x00000192810e6e18]
Event: 6.656 Thread 0x0000019295eac800 5684       3       com.google.common.collect.MapMakerInternalMap$StrongKeyWeakValueEntry::getValue (10 bytes)
Event: 6.656 Thread 0x0000019295eac800 nmethod 5684 0x00000192810e7090 code [0x00000192810e7240, 0x00000192810e7408]

GC Heap History (10 events):
Event: 4.780 GC heap before
{Heap before GC invocations=8 (full 0):
 garbage-first heap   total 129024K, used 88900K [0x0000000080000000, 0x0000000100000000)
  region size 1024K, 52 young (53248K), 2 survivors (2048K)
 Metaspace       used 40383K, capacity 41437K, committed 41700K, reserved 1085440K
  class space    used 5170K, capacity 5568K, committed 5632K, reserved 1048576K
}
Event: 4.784 GC heap after
{Heap after GC invocations=9 (full 0):
 garbage-first heap   total 129024K, used 40041K [0x0000000080000000, 0x0000000100000000)
  region size 1024K, 7 young (7168K), 7 survivors (7168K)
 Metaspace       used 40383K, capacity 41437K, committed 41700K, reserved 1085440K
  class space    used 5170K, capacity 5568K, committed 5632K, reserved 1048576K
}
Event: 5.313 GC heap before
{Heap before GC invocations=10 (full 0):
 garbage-first heap   total 129024K, used 98409K [0x0000000080000000, 0x0000000100000000)
  region size 1024K, 56 young (57344K), 7 survivors (7168K)
 Metaspace       used 43443K, capacity 44564K, committed 44644K, reserved 1087488K
  class space    used 5568K, capacity 6005K, committed 6016K, reserved 1048576K
}
Event: 5.321 GC heap after
{Heap after GC invocations=11 (full 0):
 garbage-first heap   total 129024K, used 52836K [0x0000000080000000, 0x0000000100000000)
  region size 1024K, 6 young (6144K), 6 survivors (6144K)
 Metaspace       used 43443K, capacity 44564K, committed 44644K, reserved 1087488K
  class space    used 5568K, capacity 6005K, committed 6016K, reserved 1048576K
}
Event: 5.693 GC heap before
{Heap before GC invocations=11 (full 0):
 garbage-first heap   total 129024K, used 96868K [0x0000000080000000, 0x0000000100000000)
  region size 1024K, 48 young (49152K), 6 survivors (6144K)
 Metaspace       used 46799K, capacity 48065K, committed 48228K, reserved 1091584K
  class space    used 5962K, capacity 6406K, committed 6528K, reserved 1048576K
}
Event: 5.697 GC heap after
{Heap after GC invocations=12 (full 0):
 garbage-first heap   total 129024K, used 55065K [0x0000000080000000, 0x0000000100000000)
  region size 1024K, 3 young (3072K), 3 survivors (3072K)
 Metaspace       used 46799K, capacity 48065K, committed 48228K, reserved 1091584K
  class space    used 5962K, capacity 6406K, committed 6528K, reserved 1048576K
}
Event: 6.012 GC heap before
{Heap before GC invocations=12 (full 0):
 garbage-first heap   total 129024K, used 98073K [0x0000000080000000, 0x0000000100000000)
  region size 1024K, 45 young (46080K), 3 survivors (3072K)
 Metaspace       used 48831K, capacity 50181K, committed 50276K, reserved 1093632K
  class space    used 6262K, capacity 6705K, committed 6784K, reserved 1048576K
}
Event: 6.016 GC heap after
{Heap after GC invocations=13 (full 0):
 garbage-first heap   total 129024K, used 57026K [0x0000000080000000, 0x0000000100000000)
  region size 1024K, 5 young (5120K), 5 survivors (5120K)
 Metaspace       used 48831K, capacity 50181K, committed 50276K, reserved 1093632K
  class space    used 6262K, capacity 6705K, committed 6784K, reserved 1048576K
}
Event: 6.465 GC heap before
{Heap before GC invocations=13 (full 0):
 garbage-first heap   total 129024K, used 101058K [0x0000000080000000, 0x0000000100000000)
  region size 1024K, 45 young (46080K), 5 survivors (5120K)
 Metaspace       used 49670K, capacity 51084K, committed 51428K, reserved 1093632K
  class space    used 6334K, capacity 6805K, committed 6912K, reserved 1048576K
}
Event: 6.473 GC heap after
{Heap after GC invocations=14 (full 0):
 garbage-first heap   total 129024K, used 69873K [0x0000000080000000, 0x0000000100000000)
  region size 1024K, 6 young (6144K), 6 survivors (6144K)
 Metaspace       used 49670K, capacity 51084K, committed 51428K, reserved 1093632K
  class space    used 6334K, capacity 6805K, committed 6912K, reserved 1048576K
}

Deoptimization events (10 events):
Event: 6.190 Thread 0x0000019299475800 Uncommon trap: reason=unstable_if action=reinterpret pc=0x0000019287bc77ac method=java.util.concurrent.ConcurrentHashMap.putVal(Ljava/lang/Object;Ljava/lang/Object;Z)Ljava/lang/Object; @ 97 c2
Event: 6.197 Thread 0x0000019299475800 Uncommon trap: reason=unstable_if action=reinterpret pc=0x0000019287bcaa58 method=java.util.concurrent.ConcurrentHashMap.addCount(JI)V @ 97 c2
Event: 6.197 Thread 0x0000019299471800 Uncommon trap: reason=unstable_if action=reinterpret pc=0x0000019287d927b8 method=com.esotericsoftware.kryo.io.Output.writeString(Ljava/lang/CharSequence;)V @ 1 c2
Event: 6.239 Thread 0x0000019298053800 Uncommon trap: reason=profile_predicate action=maybe_recompile pc=0x0000019287d3ef94 method=java.util.stream.ReferencePipeline.forEachWithCancel(Ljava/util/Spliterator;Ljava/util/stream/Sink;)Z @ 8 c2
Event: 6.240 Thread 0x0000019298053800 Uncommon trap: reason=profile_predicate action=maybe_recompile pc=0x0000019287d3ef94 method=java.util.stream.ReferencePipeline.forEachWithCancel(Ljava/util/Spliterator;Ljava/util/stream/Sink;)Z @ 8 c2
Event: 6.241 Thread 0x0000019298053800 Uncommon trap: reason=profile_predicate action=maybe_recompile pc=0x0000019287d3ef94 method=java.util.stream.ReferencePipeline.forEachWithCancel(Ljava/util/Spliterator;Ljava/util/stream/Sink;)Z @ 8 c2
Event: 6.246 Thread 0x0000019298053800 Uncommon trap: reason=profile_predicate action=maybe_recompile pc=0x0000019287d3ef94 method=java.util.stream.ReferencePipeline.forEachWithCancel(Ljava/util/Spliterator;Ljava/util/stream/Sink;)Z @ 8 c2
Event: 6.247 Thread 0x0000019298053800 Uncommon trap: reason=bimorphic_or_optimized_type_check action=maybe_recompile pc=0x0000019287c8958c method=java.util.stream.ReferencePipeline.forEachWithCancel(Ljava/util/Spliterator;Ljava/util/stream/Sink;)Z @ 1 c2
Event: 6.405 Thread 0x0000019298053800 Uncommon trap: reason=unstable_if action=reinterpret pc=0x0000019287b35740 method=java.util.jar.JarFile.checkForSpecialAttributes()V @ 53 c2
Event: 6.444 Thread 0x0000019298053800 Uncommon trap: reason=unstable_if action=reinterpret pc=0x0000019287d2df78 method=java.lang.StringCoding.newStringUTF8NoRepl([BII)Ljava/lang/String; @ 12 c2

Classes redefined (0 events):
No events

Internal exceptions (10 events):
Event: 6.600 Thread 0x0000019298053800 Exception <a 'java/lang/ClassNotFoundException'{0x000000008711bd40}: org/gradle/api/internal/ConventionTaskBeanInfo> (0x000000008711bd40) thrown at [./open/src/hotspot/share/classfile/systemDictionary.cpp, line 228]
Event: 6.601 Thread 0x0000019298053800 Exception <a 'java/lang/ClassNotFoundException'{0x0000000087145180}: org/gradle/api/DefaultTaskBeanInfo> (0x0000000087145180) thrown at [./open/src/hotspot/share/classfile/systemDictionary.cpp, line 228]
Event: 6.602 Thread 0x0000019298053800 Exception <a 'java/lang/ClassNotFoundException'{0x0000000087172330}: org/gradle/api/internal/AbstractTaskBeanInfo> (0x0000000087172330) thrown at [./open/src/hotspot/share/classfile/systemDictionary.cpp, line 228]
Event: 6.602 Thread 0x0000019298053800 Exception <a 'java/lang/ClassNotFoundException'{0x000000008719fa48}: org/gradle/api/internal/AbstractTaskCustomizer> (0x000000008719fa48) thrown at [./open/src/hotspot/share/classfile/systemDictionary.cpp, line 228]
Event: 6.604 Thread 0x0000019298053800 Exception <a 'java/lang/ClassNotFoundException'{0x0000000087011e38}: org/gradle/api/DefaultTaskCustomizer> (0x0000000087011e38) thrown at [./open/src/hotspot/share/classfile/systemDictionary.cpp, line 228]
Event: 6.606 Thread 0x0000019298053800 Exception <a 'java/lang/ClassNotFoundException'{0x0000000087092e90}: org/gradle/api/internal/ConventionTaskCustomizer> (0x0000000087092e90) thrown at [./open/src/hotspot/share/classfile/systemDictionary.cpp, line 228]
Event: 6.608 Thread 0x0000019298053800 Exception <a 'java/lang/ClassNotFoundException'{0x00000000870cb6b8}: org/gradle/api/tasks/DeleteCustomizer> (0x00000000870cb6b8) thrown at [./open/src/hotspot/share/classfile/systemDictionary.cpp, line 228]
Event: 6.609 Thread 0x0000019298053800 Exception <a 'java/lang/ClassNotFoundException'{0x0000000086f0b470}: org/gradle/api/tasks/Delete_DecoratedCustomizer> (0x0000000086f0b470) thrown at [./open/src/hotspot/share/classfile/systemDictionary.cpp, line 228]
Event: 6.634 Thread 0x0000019298053800 Exception <a 'java/lang/ClassNotFoundException'{0x0000000086e5a5f0}: build_1he5j6v2ia3lmnn6xutxwoltuBeanInfo> (0x0000000086e5a5f0) thrown at [./open/src/hotspot/share/classfile/systemDictionary.cpp, line 228]
Event: 6.634 Thread 0x0000019298053800 Exception <a 'java/lang/ClassNotFoundException'{0x0000000086e655a8}: build_1he5j6v2ia3lmnn6xutxwoltuCustomizer> (0x0000000086e655a8) thrown at [./open/src/hotspot/share/classfile/systemDictionary.cpp, line 228]

Events (10 events):
Event: 6.669 loading class com/google/common/base/Platform
Event: 6.669 loading class com/google/common/base/Platform done
Event: 6.669 loading class com/google/common/base/PatternCompiler
Event: 6.669 loading class com/google/common/base/PatternCompiler done
Event: 6.669 loading class com/google/common/base/Platform$JdkPatternCompiler
Event: 6.669 loading class com/google/common/base/Platform$JdkPatternCompiler done
Event: 6.670 loading class java/util/regex/Pattern$2
Event: 6.670 loading class java/util/regex/Pattern$2 done
Event: 6.670 loading class com/android/build/gradle/AppPluginKt
Event: 6.670 loading class com/android/build/gradle/AppPluginKt done


Dynamic libraries:
0x00007ff741f30000 - 0x00007ff741f3f000 	C:\Program Files\Java\jdk-11.0.12\bin\java.exe
0x00007ffa993a0000 - 0x00007ffa99590000 	C:\Windows\SYSTEM32\ntdll.dll
0x00007ffa992a0000 - 0x00007ffa99352000 	C:\Windows\System32\KERNEL32.DLL
0x00007ffa96340000 - 0x00007ffa965e5000 	C:\Windows\System32\KERNELBASE.dll
0x00007ffa971f0000 - 0x00007ffa972ea000 	C:\Windows\System32\ucrtbase.dll
0x00007ffa908d0000 - 0x00007ffa908e5000 	C:\Program Files\Java\jdk-11.0.12\bin\VCRUNTIME140.dll
0x00007ffa90930000 - 0x00007ffa90948000 	C:\Program Files\Java\jdk-11.0.12\bin\jli.dll
0x00007ffa97450000 - 0x00007ffa974f3000 	C:\Windows\System32\ADVAPI32.dll
0x00007ffa983e0000 - 0x00007ffa9847e000 	C:\Windows\System32\msvcrt.dll
0x00007ffa982d0000 - 0x00007ffa98367000 	C:\Windows\System32\sechost.dll
0x00007ffa97ad0000 - 0x00007ffa97bef000 	C:\Windows\System32\RPCRT4.dll
0x00007ffa98080000 - 0x00007ffa98214000 	C:\Windows\System32\USER32.dll
0x00007ffa96310000 - 0x00007ffa96331000 	C:\Windows\System32\win32u.dll
0x00007ffa98dd0000 - 0x00007ffa98df6000 	C:\Windows\System32\GDI32.dll
0x00007ffa96e50000 - 0x00007ffa96fe8000 	C:\Windows\System32\gdi32full.dll
0x00007ffa97010000 - 0x00007ffa970ae000 	C:\Windows\System32\msvcp_win.dll
0x00007ffa84330000 - 0x00007ffa845b4000 	C:\Windows\WinSxS\amd64_microsoft.windows.common-controls_6595b64144ccf1df_6.0.18362.1556_none_9e7e372fe45e41d5\COMCTL32.dll
0x00007ffa97ce0000 - 0x00007ffa98016000 	C:\Windows\System32\combase.dll
0x00007ffa970b0000 - 0x00007ffa97131000 	C:\Windows\System32\bcryptPrimitives.dll
0x00007ffa8e010000 - 0x00007ffa8e01a000 	C:\Windows\SYSTEM32\VERSION.dll
0x00007ffa982a0000 - 0x00007ffa982ce000 	C:\Windows\System32\IMM32.DLL
0x00007ffa88470000 - 0x00007ffa8850b000 	C:\Program Files\Java\jdk-11.0.12\bin\msvcp140.dll
0x00007ffa54620000 - 0x00007ffa5511f000 	C:\Program Files\Java\jdk-11.0.12\bin\server\jvm.dll
0x00007ffa98e00000 - 0x00007ffa98e08000 	C:\Windows\System32\PSAPI.DLL
0x00007ffa92600000 - 0x00007ffa92624000 	C:\Windows\SYSTEM32\WINMM.dll
0x00007ffa91560000 - 0x00007ffa91569000 	C:\Windows\SYSTEM32\WSOCK32.dll
0x00007ffa98370000 - 0x00007ffa983df000 	C:\Windows\System32\WS2_32.dll
0x00007ffa925d0000 - 0x00007ffa925fd000 	C:\Windows\SYSTEM32\winmmbase.dll
0x00007ffa971a0000 - 0x00007ffa971ea000 	C:\Windows\System32\cfgmgr32.dll
0x00007ffa96260000 - 0x00007ffa96271000 	C:\Windows\System32\kernel.appcore.dll
0x00007ffa924b0000 - 0x00007ffa924c0000 	C:\Program Files\Java\jdk-11.0.12\bin\verify.dll
0x00007ffa822c0000 - 0x00007ffa824b4000 	C:\Windows\SYSTEM32\DBGHELP.DLL
0x00007ffa681f0000 - 0x00007ffa6821a000 	C:\Windows\SYSTEM32\dbgcore.DLL
0x00007ffa8f9f0000 - 0x00007ffa8fa18000 	C:\Program Files\Java\jdk-11.0.12\bin\java.dll
0x00007ffa92460000 - 0x00007ffa9246a000 	C:\Program Files\Java\jdk-11.0.12\bin\jimage.dll
0x00007ffa907e0000 - 0x00007ffa907f6000 	C:\Program Files\Java\jdk-11.0.12\bin\zip.dll
0x00007ffa98560000 - 0x00007ffa98c47000 	C:\Windows\System32\SHELL32.dll
0x00007ffa98d20000 - 0x00007ffa98dc8000 	C:\Windows\System32\shcore.dll
0x00007ffa966a0000 - 0x00007ffa96e1b000 	C:\Windows\System32\windows.storage.dll
0x00007ffa962f0000 - 0x00007ffa9630e000 	C:\Windows\System32\profapi.dll
0x00007ffa96280000 - 0x00007ffa962ca000 	C:\Windows\System32\powrprof.dll
0x00007ffa96250000 - 0x00007ffa96260000 	C:\Windows\System32\UMPDC.dll
0x00007ffa98020000 - 0x00007ffa98072000 	C:\Windows\System32\shlwapi.dll
0x00007ffa96ff0000 - 0x00007ffa97007000 	C:\Windows\System32\cryptsp.dll
0x00007ffa8e5c0000 - 0x00007ffa8e5d9000 	C:\Program Files\Java\jdk-11.0.12\bin\net.dll
0x00007ffa885d0000 - 0x00007ffa886ca000 	C:\Windows\SYSTEM32\WINHTTP.dll
0x00007ffa95a90000 - 0x00007ffa95af7000 	C:\Windows\system32\mswsock.dll
0x00007ffa8e5a0000 - 0x00007ffa8e5b2000 	C:\Program Files\Java\jdk-11.0.12\bin\nio.dll
0x00007ffa8e550000 - 0x00007ffa8e577000 	C:\Users\OmarTaha\.gradle\native\8bec1ad78214c89d9ad589b4d07fe93259594b29d510b10fafb7a158f7737e5d\windows-amd64\native-platform.dll
0x00007ffa8b2c0000 - 0x00007ffa8b3fd000 	C:\Users\OmarTaha\.gradle\native\53dbd7edfb1c66fb8903c78663c9afc45aea4f116125fa6feffd364cf09443e8\windows-amd64\native-platform-file-events.dll
0x00007ffa915e0000 - 0x00007ffa915e9000 	C:\Program Files\Java\jdk-11.0.12\bin\management.dll
0x00007ffa909c0000 - 0x00007ffa909cb000 	C:\Program Files\Java\jdk-11.0.12\bin\management_ext.dll
0x00007ffa95610000 - 0x00007ffa95643000 	C:\Windows\system32\rsaenh.dll
0x00007ffa96e20000 - 0x00007ffa96e46000 	C:\Windows\System32\bcrypt.dll
0x00007ffa96170000 - 0x00007ffa96195000 	C:\Windows\SYSTEM32\USERENV.dll
0x00007ffa95c60000 - 0x00007ffa95c6c000 	C:\Windows\SYSTEM32\CRYPTBASE.dll
0x00007ffa957a0000 - 0x00007ffa957da000 	C:\Windows\SYSTEM32\IPHLPAPI.DLL
0x00007ffa98230000 - 0x00007ffa98238000 	C:\Windows\System32\NSI.dll
0x00007ffa8f430000 - 0x00007ffa8f446000 	C:\Windows\SYSTEM32\dhcpcsvc6.DLL
0x00007ffa8fb60000 - 0x00007ffa8fb7c000 	C:\Windows\SYSTEM32\dhcpcsvc.DLL
0x00007ffa957e0000 - 0x00007ffa958ab000 	C:\Windows\SYSTEM32\DNSAPI.dll

dbghelp: loaded successfully - version: 4.0.5 - missing functions: none
symbol engine: initialized successfully - sym options: 0x614 - pdb path: .;C:\Program Files\Java\jdk-11.0.12\bin;C:\Windows\SYSTEM32;C:\Windows\WinSxS\amd64_microsoft.windows.common-controls_6595b64144ccf1df_6.0.18362.1556_none_9e7e372fe45e41d5;C:\Program Files\Java\jdk-11.0.12\bin\server;C:\Users\OmarTaha\.gradle\native\8bec1ad78214c89d9ad589b4d07fe93259594b29d510b10fafb7a158f7737e5d\windows-amd64;C:\Users\OmarTaha\.gradle\native\53dbd7edfb1c66fb8903c78663c9afc45aea4f116125fa6feffd364cf09443e8\windows-amd64

VM Arguments:
jvm_args: --add-opens=java.base/java.util=ALL-UNNAMED --add-opens=java.base/java.lang=ALL-UNNAMED --add-opens=java.base/java.lang.invoke=ALL-UNNAMED --add-opens=java.base/java.util=ALL-UNNAMED --add-opens=java.prefs/java.util.prefs=ALL-UNNAMED --add-opens=java.prefs/java.util.prefs=ALL-UNNAMED --add-opens=java.base/java.nio.charset=ALL-UNNAMED --add-opens=java.base/java.net=ALL-UNNAMED --add-opens=java.base/java.util.concurrent.atomic=ALL-UNNAMED -Xmx2048m -Dfile.encoding=windows-1252 -Duser.country=US -Duser.language=en -Duser.variant 
java_command: org.gradle.launcher.daemon.bootstrap.GradleDaemon 7.1-rc-1
java_class_path (initial): C:\Users\OmarTaha\.gradle\wrapper\dists\gradle-7.1-rc-1-bin\89hqeppvp8dbb4pzs5e0rkzxn\gradle-7.1-rc-1\lib\gradle-launcher-7.1.jar
Launcher Type: SUN_STANDARD

[Global flags]
     intx CICompilerCount                          = 4                                         {product} {ergonomic}
     uint ConcGCThreads                            = 2                                         {product} {ergonomic}
     uint G1ConcRefinementThreads                  = 8                                         {product} {ergonomic}
   size_t G1HeapRegionSize                         = 1048576                                   {product} {ergonomic}
    uintx GCDrainStackTargetSize                   = 64                                        {product} {ergonomic}
   size_t InitialHeapSize                          = 132120576                                 {product} {ergonomic}
   size_t MarkStackSize                            = 4194304                                   {product} {ergonomic}
   size_t MaxHeapSize                              = 2147483648                                {product} {command line}
   size_t MaxNewSize                               = 1287651328                                {product} {ergonomic}
   size_t MinHeapDeltaBytes                        = 1048576                                   {product} {ergonomic}
    uintx NonNMethodCodeHeapSize                   = 5836300                                {pd product} {ergonomic}
    uintx NonProfiledCodeHeapSize                  = 122910970                              {pd product} {ergonomic}
    uintx ProfiledCodeHeapSize                     = 122910970                              {pd product} {ergonomic}
    uintx ReservedCodeCacheSize                    = 251658240                              {pd product} {ergonomic}
     bool SegmentedCodeCache                       = true                                      {product} {ergonomic}
     bool UseCompressedClassPointers               = true                                 {lp64_product} {ergonomic}
     bool UseCompressedOops                        = true                                 {lp64_product} {ergonomic}
     bool UseG1GC                                  = true                                      {product} {ergonomic}
     bool UseLargePagesIndividualAllocation        = false                                  {pd product} {ergonomic}

Logging:
Log output configuration:
 #0: stdout all=warning uptime,level,tags
 #1: stderr all=off uptime,level,tags

Environment Variables:
JAVA_HOME=C:\Program Files\Java\jdk-11.0.12\bin
PATH=C:\Program Files\Common Files\Oracle\Java\javapath;C:\Program Files (x86)\Common Files\Oracle\Java\javapath;C:\Program Files (x86)\Common Files\Intel\Shared Libraries\redist\intel64\compiler;C:\Program Files\Java\jdk-12.0.2\bin;C:\Windows\system32;C:\Windows;C:\Windows\System32\Wbem;C:\Windows\System32\WindowsPowerShell\v1.0\;C:\Windows\System32\OpenSSH\;C:\Program Files\dotnet\;C:\Program Files\Microsoft SQL Server\120\Tools\Binn\;C:\Program Files\Microsoft SQL Server\120\DTS\Binn\;C:\Program Files\Microsoft SQL Server\Client SDK\ODBC\110\Tools\Binn\;C:\Program Files (x86)\Microsoft SQL Server\120\Tools\Binn\;C:\Program Files (x86)\Microsoft SQL Server\120\Tools\Binn\ManagementStudio\;C:\Program Files (x86)\Microsoft SQL Server\120\DTS\Binn\;C:\Windows\Microsoft.NET\Framework\v3.5;C:\Program Files\Microsoft SQL Server\130\Tools\Binn\;C:\Program Files\Microsoft SQL Server\Client SDK\ODBC\170\Tools\Binn\;C:\Program Files\MATLAB\R2016a\runtime\win64;C:\Program Files\MATLAB\R2016a\bin;C:\Program Files\MATLAB\R2016a\polyspace\bin;C:\Program Files (x86)\dotnet\;C:\sqlite;C:\Program Files\Git\cmd;C:\Users\OmarTaha\AppData\Local\Programs\Python\Python310;C:\Users\OmarTaha\AppData\Local\Programs\Python\Python310\Scripts;C:\Users\OmarTaha\AppData\Local\Programs\Python\Python38-32\Scripts\;C:\Users\OmarTaha\AppData\Local\Programs\Python\Python38-32\;C:\Users\OmarTaha\AppData\Local\Microsoft\WindowsApps;C:\Users\OmarTaha\AppData\Local\Programs\Microsoft VS Code\bin;C:\Users\OmarTaha\.dotnet\tools;C:\Program Files\JetBrains\PyCharm Community Edition 2020.2.4\bin;;C:\Users\OmarTaha\AppData\Local\GitHubDesktop\bin;
USERNAME=OmarTaha
OS=Windows_NT
PROCESSOR_IDENTIFIER=Intel64 Family 6 Model 60 Stepping 3, GenuineIntel



---------------  S Y S T E M  ---------------

OS: Windows 10 , 64 bit Build 18362 (10.0.18362.1500)

CPU:total 8 (initial active 8) (4 cores per cpu, 2 threads per core) family 6 model 60 stepping 3 microcode 0x28, cmov, cx8, fxsr, mmx, sse, sse2, sse3, ssse3, sse4.1, sse4.2, popcnt, avx, avx2, aes, clmul, erms, lzcnt, ht, tsc, tscinvbit, bmi1, bmi2, fma

Memory: 4k page, system-wide physical 7993M (549M free)
TotalPageFile size 13993M (AvailPageFile size 7M)
current process WorkingSet (physical memory assigned to process): 309M, peak: 310M
current process commit charge ("private bytes"): 356M, peak: 359M

vm_info: Java HotSpot(TM) 64-Bit Server VM (11.0.12+8-LTS-237) for windows-amd64 JRE (11.0.12+8-LTS-237), built on Jun  8 2021 11:25:59 by "mach5one" with MS VC++ 15.9 (VS2017)

END.
