#
# There is insufficient memory for the Java Runtime Environment to continue.
# Native memory allocation (malloc) failed to allocate 781696 bytes for Chunk::new
# Possible reasons:
#   The system is out of physical RAM or swap space
#   The process is running with CompressedOops enabled, and the Java Heap may be blocking the growth of the native heap
# Possible solutions:
#   Reduce memory load on the system
#   Increase physical memory or swap space
#   Check if swap backing store is full
#   Decrease Java heap size (-Xmx/-Xms)
#   Decrease number of Java threads
#   Decrease Java thread stack sizes (-Xss)
#   Set larger code cache with -XX:ReservedCodeCacheSize=
#   JVM is running with Unscaled Compressed Oops mode in which the Java heap is
#     placed in the first 4GB address space. The Java Heap base address is the
#     maximum limit for the native heap growth. Please use -XX:HeapBaseMinAddress
#     to set the Java Heap base and to place the Java Heap above 4GB virtual address.
# This output file may be truncated or incomplete.
#
#  Out of Memory Error (./open/src/hotspot/share/memory/arena.cpp:197), pid=7100, tid=8488
#
# JRE version: Java(TM) SE Runtime Environment 18.9 (11.0.12+8) (build 11.0.12+8-LTS-237)
# Java VM: Java HotSpot(TM) 64-Bit Server VM 18.9 (11.0.12+8-LTS-237, mixed mode, tiered, compressed oops, g1 gc, windows-amd64)
# No core dump will be written. Minidumps are not enabled by default on client versions of Windows
#

---------------  S U M M A R Y ------------

Command Line: --add-opens=java.base/java.util=ALL-UNNAMED --add-opens=java.base/java.lang=ALL-UNNAMED --add-opens=java.base/java.lang.invoke=ALL-UNNAMED --add-opens=java.base/java.util=ALL-UNNAMED --add-opens=java.prefs/java.util.prefs=ALL-UNNAMED --add-opens=java.prefs/java.util.prefs=ALL-UNNAMED --add-opens=java.base/java.nio.charset=ALL-UNNAMED --add-opens=java.base/java.net=ALL-UNNAMED --add-opens=java.base/java.util.concurrent.atomic=ALL-UNNAMED -Xmx2048m -Dfile.encoding=windows-1252 -Duser.country=US -Duser.language=en -Duser.variant org.gradle.launcher.daemon.bootstrap.GradleDaemon 7.1-rc-1

Host: Intel(R) Core(TM) i7-4800MQ CPU @ 2.70GHz, 8 cores, 7G,  Windows 10 , 64 bit Build 18362 (10.0.18362.1500)
Time: Mon Dec 20 12:52:24 2021 Arab Standard Time elapsed time: 6.417306 seconds (0d 0h 0m 6s)

---------------  T H R E A D  ---------------

Current thread (0x000001baafb5f000):  JavaThread "C2 CompilerThread0" daemon [_thread_in_native, id=8488, stack(0x00000011f0900000,0x00000011f0a00000)]


Current CompileTask:
C2:   6417 5628 % !   4       java.util.jar.Attributes::read @ 186 (390 bytes)

Stack: [0x00000011f0900000,0x00000011f0a00000]
Native frames: (J=compiled Java code, j=interpreted, Vv=VM code, C=native code)
V  [jvm.dll+0x617d9a]
V  [jvm.dll+0x74eeef]
V  [jvm.dll+0x750599]
V  [jvm.dll+0x750c23]
V  [jvm.dll+0x2438d8]
V  [jvm.dll+0xba6dc]
V  [jvm.dll+0xbac9c]
V  [jvm.dll+0x2b4564]
V  [jvm.dll+0x52cc86]
V  [jvm.dll+0x20515d]
V  [jvm.dll+0x1ff15a]
V  [jvm.dll+0x1fc1ca]
V  [jvm.dll+0x17f18c]
V  [jvm.dll+0x20b87c]
V  [jvm.dll+0x20997b]
V  [jvm.dll+0x716359]
V  [jvm.dll+0x70f064]
V  [jvm.dll+0x616f66]
C  [ucrtbase.dll+0x210b2]
C  [KERNEL32.DLL+0x17c24]
C  [ntdll.dll+0x6d721]


---------------  P R O C E S S  ---------------

Threads class SMR info:
_java_thread_list=0x000001bab6162c30, length=123, elements={
0x000001ba90d0d000, 0x000001baafb51000, 0x000001baafb52800, 0x000001baafb57000,
0x000001baafb59000, 0x000001baafb5a000, 0x000001baafb5f000, 0x000001baafb60800,
0x000001baafb63800, 0x000001bab0642800, 0x000001bab2440000, 0x000001bab0790000,
0x000001bab3b4f800, 0x000001bab26a7000, 0x000001bab1fb3000, 0x000001bab16fc000,
0x000001bab176f800, 0x000001bab1770800, 0x000001bab2c74800, 0x000001bab2c73000,
0x000001bab2c70800, 0x000001bab2c6f800, 0x000001bab2c72000, 0x000001bab2d93000,
0x000001bab2c71000, 0x000001bab2c73800, 0x000001bab2c6e800, 0x000001bab411a800,
0x000001bab2c75800, 0x000001bab43d3000, 0x000001bab43d0800, 0x000001bab43d1800,
0x000001bab43cf000, 0x000001bab43cf800, 0x000001bab43d2000, 0x000001bab43d3800,
0x000001bab43ce000, 0x000001bab43d8000, 0x000001bab43da800, 0x000001bab43d7000,
0x000001bab43d6000, 0x000001bab43d8800, 0x000001bab43db000, 0x000001bab43d5800,
0x000001bab43dc000, 0x000001bab43dc800, 0x000001bab42e7800, 0x000001bab42e8000,
0x000001bab42e9000, 0x000001bab42eb800, 0x000001bab42e5800, 0x000001bab42e9800,
0x000001bab42ea800, 0x000001bab42ec000, 0x000001bab42e6800, 0x000001bab42ed000,
0x000001bab42f1000, 0x000001bab42f2000, 0x000001bab42f2800, 0x000001bab42f3800,
0x000001bab42ee000, 0x000001bab42ef800, 0x000001bab42f4800, 0x000001bab42ee800,
0x000001bab42f0800, 0x000001bab6e99000, 0x000001bab6e9b000, 0x000001bab6e9b800,
0x000001bab6e97000, 0x000001bab6e97800, 0x000001bab6e9c800, 0x000001bab6e9e000,
0x000001bab6e9d800, 0x000001bab6e98800, 0x000001bab6e9f000, 0x000001bab6ea0000,
0x000001bab6e9a000, 0x000001bab6ea5800, 0x000001bab6ea3000, 0x000001bab6ea0800,
0x000001bab6ea4000, 0x000001bab6ea1800, 0x000001bab6ea2000, 0x000001bab6ea4800,
0x000001bab2d3a000, 0x000001bab2d37800, 0x000001bab2d38800, 0x000001bab2d39000,
0x000001bab2d36000, 0x000001bab2d35000, 0x000001bab2d36800, 0x000001bab2d34800,
0x000001bab2d3b800, 0x000001bab2d40800, 0x000001bab2d3c800, 0x000001bab2d3e000,
0x000001bab2d3d800, 0x000001bab2d3f000, 0x000001bab2d3f800, 0x000001bab2d3b000,
0x000001bab2d41800, 0x000001bab2d42000, 0x000001bab2d43000, 0x000001bab5810000,
0x000001bab5812800, 0x000001bab5811800, 0x000001bab5810800, 0x000001bab5813000,
0x000001bab580f000, 0x000001bab5814000, 0x000001bab580e800, 0x000001bab5818000,
0x000001bab5815800, 0x000001bab5815000, 0x000001bab581a800, 0x000001bab5819000,
0x000001bab581b800, 0x000001bab581c000, 0x000001bab5816800, 0x000001bab5819800,
0x000001bab581d000, 0x000001bab5817800, 0x000001bab595c000
}

Java Threads: ( => current thread )
  0x000001ba90d0d000 JavaThread "main" [_thread_blocked, id=2080, stack(0x00000011efd00000,0x00000011efe00000)]
  0x000001baafb51000 JavaThread "Reference Handler" daemon [_thread_blocked, id=14160, stack(0x00000011f0400000,0x00000011f0500000)]
  0x000001baafb52800 JavaThread "Finalizer" daemon [_thread_blocked, id=13292, stack(0x00000011f0500000,0x00000011f0600000)]
  0x000001baafb57000 JavaThread "Signal Dispatcher" daemon [_thread_blocked, id=8872, stack(0x00000011f0600000,0x00000011f0700000)]
  0x000001baafb59000 JavaThread "Attach Listener" daemon [_thread_blocked, id=10000, stack(0x00000011f0700000,0x00000011f0800000)]
  0x000001baafb5a000 JavaThread "Service Thread" daemon [_thread_blocked, id=6120, stack(0x00000011f0800000,0x00000011f0900000)]
=>0x000001baafb5f000 JavaThread "C2 CompilerThread0" daemon [_thread_in_native, id=8488, stack(0x00000011f0900000,0x00000011f0a00000)]
  0x000001baafb60800 JavaThread "C1 CompilerThread0" daemon [_thread_blocked, id=2084, stack(0x00000011f0a00000,0x00000011f0b00000)]
  0x000001baafb63800 JavaThread "Sweeper thread" daemon [_thread_blocked, id=11584, stack(0x00000011f0b00000,0x00000011f0c00000)]
  0x000001bab0642800 JavaThread "Common-Cleaner" daemon [_thread_blocked, id=1924, stack(0x00000011f0c00000,0x00000011f0d00000)]
  0x000001bab2440000 JavaThread "Daemon health stats" [_thread_blocked, id=3444, stack(0x00000011f1200000,0x00000011f1300000)]
  0x000001bab0790000 JavaThread "Incoming local TCP Connector on port 53815" [_thread_in_native, id=6740, stack(0x00000011f0e00000,0x00000011f0f00000)]
  0x000001bab3b4f800 JavaThread "Daemon periodic checks" [_thread_blocked, id=9732, stack(0x00000011f1100000,0x00000011f1200000)]
  0x000001bab26a7000 JavaThread "Daemon" [_thread_blocked, id=7224, stack(0x00000011f1300000,0x00000011f1400000)]
  0x000001bab1fb3000 JavaThread "Handler for socket connection from /127.0.0.1:53815 to /127.0.0.1:53816" [_thread_in_native, id=5824, stack(0x00000011f1400000,0x00000011f1500000)]
  0x000001bab16fc000 JavaThread "Cancel handler" [_thread_blocked, id=13868, stack(0x00000011f1500000,0x00000011f1600000)]
  0x000001bab176f800 JavaThread "Daemon worker" [_thread_in_Java, id=13452, stack(0x00000011f1600000,0x00000011f1700000)]
  0x000001bab1770800 JavaThread "Asynchronous log dispatcher for DefaultDaemonConnection: socket connection from /127.0.0.1:53815 to /127.0.0.1:53816" [_thread_blocked, id=12200, stack(0x00000011f1700000,0x00000011f1800000)]
  0x000001bab2c74800 JavaThread "Stdin handler" [_thread_blocked, id=11252, stack(0x00000011f1800000,0x00000011f1900000)]
  0x000001bab2c73000 JavaThread "Daemon client event forwarder" [_thread_blocked, id=8396, stack(0x00000011f1900000,0x00000011f1a00000)]
  0x000001bab2c70800 JavaThread "Cache worker for journal cache (C:\Users\OmarTaha\.gradle\caches\journal-1)" [_thread_blocked, id=3104, stack(0x00000011f1f00000,0x00000011f2000000)]
  0x000001bab2c6f800 JavaThread "File lock request listener" [_thread_in_native, id=14044, stack(0x00000011f2000000,0x00000011f2100000)]
  0x000001bab2c72000 JavaThread "Cache worker for file hash cache (C:\Users\OmarTaha\.gradle\caches\7.1-rc-1\fileHashes)" [_thread_blocked, id=972, stack(0x00000011f2100000,0x00000011f2200000)]
  0x000001bab2d93000 JavaThread "C2 CompilerThread1" daemon [_thread_in_native, id=780, stack(0x00000011f2300000,0x00000011f2400000)]
  0x000001bab2c71000 JavaThread "Cache worker for file hash cache (C:\Users\OmarTaha\AndroidStudioProjects\GMS\.gradle\7.1-rc-1\fileHashes)" [_thread_blocked, id=8820, stack(0x00000011f2400000,0x00000011f2500000)]
  0x000001bab2c73800 JavaThread "File watcher server" daemon [_thread_in_native, id=8880, stack(0x00000011f2500000,0x00000011f2600000)]
  0x000001bab2c6e800 JavaThread "File watcher consumer" daemon [_thread_blocked, id=10548, stack(0x00000011f2600000,0x00000011f2700000)]
  0x000001bab411a800 JavaThread "C2 CompilerThread2" daemon [_thread_in_native, id=8904, stack(0x00000011f2700000,0x00000011f2800000)]
  0x000001bab2c75800 JavaThread "jar transforms" [_thread_blocked, id=9164, stack(0x00000011f2800000,0x00000011f2900000)]
  0x000001bab43d3000 JavaThread "jar transforms Thread 2" [_thread_blocked, id=6860, stack(0x00000011f2900000,0x00000011f2a00000)]
  0x000001bab43d0800 JavaThread "jar transforms Thread 3" [_thread_blocked, id=14040, stack(0x00000011f2a00000,0x00000011f2b00000)]
  0x000001bab43d1800 JavaThread "jar transforms Thread 4" [_thread_blocked, id=9408, stack(0x00000011f2b00000,0x00000011f2c00000)]
  0x000001bab43cf000 JavaThread "jar transforms Thread 5" [_thread_blocked, id=9668, stack(0x00000011f2c00000,0x00000011f2d00000)]
  0x000001bab43cf800 JavaThread "jar transforms Thread 6" [_thread_blocked, id=1648, stack(0x00000011f2d00000,0x00000011f2e00000)]
  0x000001bab43d2000 JavaThread "jar transforms Thread 7" [_thread_blocked, id=2756, stack(0x00000011f2e00000,0x00000011f2f00000)]
  0x000001bab43d3800 JavaThread "jar transforms Thread 8" [_thread_blocked, id=11460, stack(0x00000011f2f00000,0x00000011f3000000)]
  0x000001bab43ce000 JavaThread "Cache worker for checksums cache (C:\Users\OmarTaha\AndroidStudioProjects\GMS\.gradle\checksums)" [_thread_blocked, id=5116, stack(0x00000011f3000000,0x00000011f3100000)]
  0x000001bab43d8000 JavaThread "Cache worker for cache directory md-supplier (C:\Users\OmarTaha\.gradle\caches\7.1-rc-1\md-supplier)" [_thread_blocked, id=2100, stack(0x00000011f3100000,0x00000011f3200000)]
  0x000001bab43da800 JavaThread "Cache worker for cache directory md-rule (C:\Users\OmarTaha\.gradle\caches\7.1-rc-1\md-rule)" [_thread_blocked, id=5272, stack(0x00000011f3200000,0x00000011f3300000)]
  0x000001bab43d7000 JavaThread "Cache worker for execution history cache (C:\Users\OmarTaha\.gradle\caches\7.1-rc-1\executionHistory)" [_thread_blocked, id=11340, stack(0x00000011f3300000,0x00000011f3400000)]
  0x000001bab43d6000 JavaThread "Cache worker for file content cache (C:\Users\OmarTaha\.gradle\caches\7.1-rc-1\fileContent)" [_thread_blocked, id=12136, stack(0x00000011f3400000,0x00000011f3500000)]
  0x000001bab43d8800 JavaThread "Cache worker for dependencies-accessors (C:\Users\OmarTaha\AndroidStudioProjects\GMS\.gradle\7.1-rc-1\dependencies-accessors)" [_thread_blocked, id=13540, stack(0x00000011f3500000,0x00000011f3600000)]
  0x000001bab43db000 JavaThread "Cache worker for Build Output Cleanup Cache (C:\Users\OmarTaha\AndroidStudioProjects\GMS\.gradle\buildOutputCleanup)" [_thread_blocked, id=11888, stack(0x00000011f3600000,0x00000011f3700000)]
  0x000001bab43d5800 JavaThread "Unconstrained build operations" [_thread_blocked, id=8892, stack(0x00000011f3700000,0x00000011f3800000)]
  0x000001bab43dc000 JavaThread "Unconstrained build operations Thread 2" [_thread_blocked, id=916, stack(0x00000011f3800000,0x00000011f3900000)]
  0x000001bab43dc800 JavaThread "Unconstrained build operations Thread 3" [_thread_blocked, id=8808, stack(0x00000011f3900000,0x00000011f3a00000)]
  0x000001bab42e7800 JavaThread "Unconstrained build operations Thread 4" [_thread_blocked, id=13336, stack(0x00000011f3a00000,0x00000011f3b00000)]
  0x000001bab42e8000 JavaThread "Unconstrained build operations Thread 5" [_thread_blocked, id=6676, stack(0x00000011f3b00000,0x00000011f3c00000)]
  0x000001bab42e9000 JavaThread "Unconstrained build operations Thread 6" [_thread_blocked, id=11372, stack(0x00000011f3c00000,0x00000011f3d00000)]
  0x000001bab42eb800 JavaThread "Unconstrained build operations Thread 7" [_thread_blocked, id=11920, stack(0x00000011f3d00000,0x00000011f3e00000)]
  0x000001bab42e5800 JavaThread "Unconstrained build operations Thread 8" [_thread_blocked, id=7548, stack(0x00000011f3e00000,0x00000011f3f00000)]
  0x000001bab42e9800 JavaThread "Unconstrained build operations Thread 9" [_thread_blocked, id=7748, stack(0x00000011f3f00000,0x00000011f4000000)]
  0x000001bab42ea800 JavaThread "Unconstrained build operations Thread 10" [_thread_blocked, id=8116, stack(0x00000011f4000000,0x00000011f4100000)]
  0x000001bab42ec000 JavaThread "Unconstrained build operations Thread 11" [_thread_blocked, id=10304, stack(0x00000011f4100000,0x00000011f4200000)]
  0x000001bab42e6800 JavaThread "Unconstrained build operations Thread 12" [_thread_blocked, id=1316, stack(0x00000011f4200000,0x00000011f4300000)]
  0x000001bab42ed000 JavaThread "Unconstrained build operations Thread 13" [_thread_blocked, id=12648, stack(0x00000011f4300000,0x00000011f4400000)]
  0x000001bab42f1000 JavaThread "Unconstrained build operations Thread 14" [_thread_blocked, id=11864, stack(0x00000011f4400000,0x00000011f4500000)]
  0x000001bab42f2000 JavaThread "Unconstrained build operations Thread 15" [_thread_blocked, id=10132, stack(0x00000011f4500000,0x00000011f4600000)]
  0x000001bab42f2800 JavaThread "Unconstrained build operations Thread 16" [_thread_blocked, id=10584, stack(0x00000011f4600000,0x00000011f4700000)]
  0x000001bab42f3800 JavaThread "Unconstrained build operations Thread 17" [_thread_blocked, id=10464, stack(0x00000011f4700000,0x00000011f4800000)]
  0x000001bab42ee000 JavaThread "Unconstrained build operations Thread 18" [_thread_blocked, id=12732, stack(0x00000011f4800000,0x00000011f4900000)]
  0x000001bab42ef800 JavaThread "Unconstrained build operations Thread 19" [_thread_blocked, id=3028, stack(0x00000011f4900000,0x00000011f4a00000)]
  0x000001bab42f4800 JavaThread "Unconstrained build operations Thread 20" [_thread_blocked, id=908, stack(0x00000011f4a00000,0x00000011f4b00000)]
  0x000001bab42ee800 JavaThread "Unconstrained build operations Thread 21" [_thread_blocked, id=13628, stack(0x00000011f4b00000,0x00000011f4c00000)]
  0x000001bab42f0800 JavaThread "Unconstrained build operations Thread 22" [_thread_blocked, id=12428, stack(0x00000011f4c00000,0x00000011f4d00000)]
  0x000001bab6e99000 JavaThread "Unconstrained build operations Thread 23" [_thread_blocked, id=13276, stack(0x00000011f4d00000,0x00000011f4e00000)]
  0x000001bab6e9b000 JavaThread "Unconstrained build operations Thread 24" [_thread_blocked, id=13064, stack(0x00000011f4e00000,0x00000011f4f00000)]
  0x000001bab6e9b800 JavaThread "Unconstrained build operations Thread 25" [_thread_blocked, id=7744, stack(0x00000011f4f00000,0x00000011f5000000)]
  0x000001bab6e97000 JavaThread "Unconstrained build operations Thread 26" [_thread_blocked, id=7700, stack(0x00000011f5000000,0x00000011f5100000)]
  0x000001bab6e97800 JavaThread "Unconstrained build operations Thread 27" [_thread_blocked, id=13428, stack(0x00000011f5100000,0x00000011f5200000)]
  0x000001bab6e9c800 JavaThread "Unconstrained build operations Thread 28" [_thread_blocked, id=784, stack(0x00000011f5200000,0x00000011f5300000)]
  0x000001bab6e9e000 JavaThread "Unconstrained build operations Thread 29" [_thread_blocked, id=968, stack(0x00000011f5300000,0x00000011f5400000)]
  0x000001bab6e9d800 JavaThread "Unconstrained build operations Thread 30" [_thread_blocked, id=9056, stack(0x00000011f5400000,0x00000011f5500000)]
  0x000001bab6e98800 JavaThread "Unconstrained build operations Thread 31" [_thread_blocked, id=11828, stack(0x00000011f5500000,0x00000011f5600000)]
  0x000001bab6e9f000 JavaThread "Unconstrained build operations Thread 32" [_thread_blocked, id=10452, stack(0x00000011f5600000,0x00000011f5700000)]
  0x000001bab6ea0000 JavaThread "Unconstrained build operations Thread 33" [_thread_blocked, id=1480, stack(0x00000011f5700000,0x00000011f5800000)]
  0x000001bab6e9a000 JavaThread "Unconstrained build operations Thread 34" [_thread_blocked, id=14224, stack(0x00000011f5800000,0x00000011f5900000)]
  0x000001bab6ea5800 JavaThread "Unconstrained build operations Thread 35" [_thread_blocked, id=12672, stack(0x00000011f5900000,0x00000011f5a00000)]
  0x000001bab6ea3000 JavaThread "Unconstrained build operations Thread 36" [_thread_blocked, id=14244, stack(0x00000011f5a00000,0x00000011f5b00000)]
  0x000001bab6ea0800 JavaThread "Unconstrained build operations Thread 37" [_thread_blocked, id=12412, stack(0x00000011f5b00000,0x00000011f5c00000)]
  0x000001bab6ea4000 JavaThread "Unconstrained build operations Thread 38" [_thread_blocked, id=13748, stack(0x00000011f5c00000,0x00000011f5d00000)]
  0x000001bab6ea1800 JavaThread "Unconstrained build operations Thread 39" [_thread_blocked, id=11020, stack(0x00000011f5d00000,0x00000011f5e00000)]
  0x000001bab6ea2000 JavaThread "Unconstrained build operations Thread 40" [_thread_blocked, id=2936, stack(0x00000011f5e00000,0x00000011f5f00000)]
  0x000001bab6ea4800 JavaThread "Unconstrained build operations Thread 41" [_thread_blocked, id=6596, stack(0x00000011f5f00000,0x00000011f6000000)]
  0x000001bab2d3a000 JavaThread "Unconstrained build operations Thread 42" [_thread_blocked, id=14320, stack(0x00000011f6000000,0x00000011f6100000)]
  0x000001bab2d37800 JavaThread "Unconstrained build operations Thread 43" [_thread_blocked, id=3440, stack(0x00000011f6100000,0x00000011f6200000)]
  0x000001bab2d38800 JavaThread "Unconstrained build operations Thread 44" [_thread_blocked, id=1148, stack(0x00000011f6200000,0x00000011f6300000)]
  0x000001bab2d39000 JavaThread "Unconstrained build operations Thread 45" [_thread_blocked, id=3000, stack(0x00000011f6300000,0x00000011f6400000)]
  0x000001bab2d36000 JavaThread "Unconstrained build operations Thread 46" [_thread_blocked, id=7624, stack(0x00000011f6400000,0x00000011f6500000)]
  0x000001bab2d35000 JavaThread "Unconstrained build operations Thread 47" [_thread_blocked, id=13376, stack(0x00000011f6500000,0x00000011f6600000)]
  0x000001bab2d36800 JavaThread "Unconstrained build operations Thread 48" [_thread_blocked, id=6492, stack(0x00000011f6600000,0x00000011f6700000)]
  0x000001bab2d34800 JavaThread "Unconstrained build operations Thread 49" [_thread_blocked, id=8552, stack(0x00000011f6700000,0x00000011f6800000)]
  0x000001bab2d3b800 JavaThread "Unconstrained build operations Thread 50" [_thread_blocked, id=2168, stack(0x00000011f6800000,0x00000011f6900000)]
  0x000001bab2d40800 JavaThread "Unconstrained build operations Thread 51" [_thread_blocked, id=13508, stack(0x00000011f6900000,0x00000011f6a00000)]
  0x000001bab2d3c800 JavaThread "Unconstrained build operations Thread 52" [_thread_blocked, id=9304, stack(0x00000011f6a00000,0x00000011f6b00000)]
  0x000001bab2d3e000 JavaThread "Unconstrained build operations Thread 53" [_thread_blocked, id=260, stack(0x00000011f6b00000,0x00000011f6c00000)]
  0x000001bab2d3d800 JavaThread "Unconstrained build operations Thread 54" [_thread_blocked, id=3392, stack(0x00000011f6c00000,0x00000011f6d00000)]
  0x000001bab2d3f000 JavaThread "Unconstrained build operations Thread 55" [_thread_blocked, id=11908, stack(0x00000011f6d00000,0x00000011f6e00000)]
  0x000001bab2d3f800 JavaThread "Unconstrained build operations Thread 56" [_thread_blocked, id=752, stack(0x00000011f6e00000,0x00000011f6f00000)]
  0x000001bab2d3b000 JavaThread "Unconstrained build operations Thread 57" [_thread_blocked, id=9280, stack(0x00000011f6f00000,0x00000011f7000000)]
  0x000001bab2d41800 JavaThread "Unconstrained build operations Thread 58" [_thread_blocked, id=11796, stack(0x00000011f7000000,0x00000011f7100000)]
  0x000001bab2d42000 JavaThread "Unconstrained build operations Thread 59" [_thread_blocked, id=9352, stack(0x00000011f7100000,0x00000011f7200000)]
  0x000001bab2d43000 JavaThread "Unconstrained build operations Thread 60" [_thread_blocked, id=9680, stack(0x00000011f7200000,0x00000011f7300000)]
  0x000001bab5810000 JavaThread "Unconstrained build operations Thread 61" [_thread_blocked, id=1264, stack(0x00000011f7300000,0x00000011f7400000)]
  0x000001bab5812800 JavaThread "Unconstrained build operations Thread 62" [_thread_blocked, id=5260, stack(0x00000011f7400000,0x00000011f7500000)]
  0x000001bab5811800 JavaThread "Unconstrained build operations Thread 63" [_thread_blocked, id=2804, stack(0x00000011f7500000,0x00000011f7600000)]
  0x000001bab5810800 JavaThread "Unconstrained build operations Thread 64" [_thread_blocked, id=14204, stack(0x00000011f7600000,0x00000011f7700000)]
  0x000001bab5813000 JavaThread "Unconstrained build operations Thread 65" [_thread_blocked, id=12612, stack(0x00000011f7700000,0x00000011f7800000)]
  0x000001bab580f000 JavaThread "Unconstrained build operations Thread 66" [_thread_blocked, id=14024, stack(0x00000011f7800000,0x00000011f7900000)]
  0x000001bab5814000 JavaThread "Unconstrained build operations Thread 67" [_thread_blocked, id=1856, stack(0x00000011f7900000,0x00000011f7a00000)]
  0x000001bab580e800 JavaThread "Unconstrained build operations Thread 68" [_thread_blocked, id=10284, stack(0x00000011f7a00000,0x00000011f7b00000)]
  0x000001bab5818000 JavaThread "Unconstrained build operations Thread 69" [_thread_blocked, id=7260, stack(0x00000011f7b00000,0x00000011f7c00000)]
  0x000001bab5815800 JavaThread "Unconstrained build operations Thread 70" [_thread_blocked, id=6660, stack(0x00000011f7c00000,0x00000011f7d00000)]
  0x000001bab5815000 JavaThread "Unconstrained build operations Thread 71" [_thread_blocked, id=10244, stack(0x00000011f7d00000,0x00000011f7e00000)]
  0x000001bab581a800 JavaThread "Unconstrained build operations Thread 72" [_thread_blocked, id=12988, stack(0x00000011f7e00000,0x00000011f7f00000)]
  0x000001bab5819000 JavaThread "Unconstrained build operations Thread 73" [_thread_blocked, id=1516, stack(0x00000011f7f00000,0x00000011f8000000)]
  0x000001bab581b800 JavaThread "Unconstrained build operations Thread 74" [_thread_blocked, id=6272, stack(0x00000011f8000000,0x00000011f8100000)]
  0x000001bab581c000 JavaThread "Unconstrained build operations Thread 75" [_thread_blocked, id=6132, stack(0x00000011f8100000,0x00000011f8200000)]
  0x000001bab5816800 JavaThread "Unconstrained build operations Thread 76" [_thread_blocked, id=10216, stack(0x00000011f8200000,0x00000011f8300000)]
  0x000001bab5819800 JavaThread "Unconstrained build operations Thread 77" [_thread_blocked, id=5828, stack(0x00000011f8300000,0x00000011f8400000)]
  0x000001bab581d000 JavaThread "Unconstrained build operations Thread 78" [_thread_blocked, id=14284, stack(0x00000011f8400000,0x00000011f8500000)]
  0x000001bab5817800 JavaThread "Unconstrained build operations Thread 79" [_thread_blocked, id=11596, stack(0x00000011f8500000,0x00000011f8600000)]
  0x000001bab595c000 JavaThread "Unconstrained build operations Thread 80" [_thread_blocked, id=13132, stack(0x00000011f8600000,0x00000011f8700000)]

Other Threads:
  0x000001baafb3e000 VMThread "VM Thread" [stack: 0x00000011f0300000,0x00000011f0400000] [id=11060]
  0x000001bab067e000 WatcherThread [stack: 0x00000011f0d00000,0x00000011f0e00000] [id=6564]
  0x000001ba90d24000 GCTaskThread "GC Thread#0" [stack: 0x00000011efe00000,0x00000011eff00000] [id=10360]
  0x000001bab1401800 GCTaskThread "GC Thread#1" [stack: 0x00000011f0f00000,0x00000011f1000000] [id=4212]
  0x000001bab13c4800 GCTaskThread "GC Thread#2" [stack: 0x00000011f1000000,0x00000011f1100000] [id=11092]
  0x000001bab1985000 GCTaskThread "GC Thread#3" [stack: 0x00000011f1a00000,0x00000011f1b00000] [id=2040]
  0x000001bab2770800 GCTaskThread "GC Thread#4" [stack: 0x00000011f1b00000,0x00000011f1c00000] [id=13816]
  0x000001bab27df800 GCTaskThread "GC Thread#5" [stack: 0x00000011f1c00000,0x00000011f1d00000] [id=11640]
  0x000001bab27e0800 GCTaskThread "GC Thread#6" [stack: 0x00000011f1d00000,0x00000011f1e00000] [id=12776]
  0x000001bab26d2800 GCTaskThread "GC Thread#7" [stack: 0x00000011f1e00000,0x00000011f1f00000] [id=1372]
  0x000001ba90d55800 ConcurrentGCThread "G1 Main Marker" [stack: 0x00000011eff00000,0x00000011f0000000] [id=3636]
  0x000001ba90d58000 ConcurrentGCThread "G1 Conc#0" [stack: 0x00000011f0000000,0x00000011f0100000] [id=11932]
  0x000001bab2a39000 ConcurrentGCThread "G1 Conc#1" [stack: 0x00000011f2200000,0x00000011f2300000] [id=8644]
  0x000001baaf992800 ConcurrentGCThread "G1 Refine#0" [stack: 0x00000011f0100000,0x00000011f0200000] [id=12168]
  0x000001ba90dd7800 ConcurrentGCThread "G1 Young RemSet Sampling" [stack: 0x00000011f0200000,0x00000011f0300000] [id=2076]

Threads with active compile tasks:
C2 CompilerThread0   6465 5628 % !   4       java.util.jar.Attributes::read @ 186 (390 bytes)
C1 CompilerThread0   6465 5677   !   3       java.beans.PropertyDescriptor::findPropertyType (144 bytes)
C2 CompilerThread1   6465 5667       4       java.net.URLClassLoader$1::run (5 bytes)
C2 CompilerThread2   6465 5645       4       java.util.zip.ZipFile$Source::initCEN (693 bytes)

VM state:not at safepoint (normal execution)

VM Mutex/Monitor currently owned by a thread: None

Heap address: 0x0000000080000000, size: 2048 MB, Compressed Oops mode: 32-bit
Narrow klass base: 0x0000000000000000, Narrow klass shift: 3
Compressed class space size: 1073741824 Address: 0x0000000100000000

Heap:
 garbage-first heap   total 155648K, used 81548K [0x0000000080000000, 0x0000000100000000)
  region size 1024K, 16 young (16384K), 8 survivors (8192K)
 Metaspace       used 49764K, capacity 51291K, committed 51528K, reserved 1093632K
  class space    used 6346K, capacity 6878K, committed 6912K, reserved 1048576K
Heap Regions: E=young(eden), S=young(survivor), O=old, HS=humongous(starts), HC=humongous(continues), CS=collection set, F=free, A=archive, TAMS=top-at-mark-start (previous, next)
|   0|0x0000000080000000, 0x0000000080100000, 0x0000000080100000|100%| O|  |TAMS 0x0000000080100000, 0x0000000080000000| Untracked 
|   1|0x0000000080100000, 0x0000000080200000, 0x0000000080200000|100%| O|  |TAMS 0x0000000080200000, 0x0000000080100000| Untracked 
|   2|0x0000000080200000, 0x0000000080300000, 0x0000000080300000|100%| O|  |TAMS 0x0000000080300000, 0x0000000080200000| Untracked 
|   3|0x0000000080300000, 0x0000000080400000, 0x0000000080400000|100%|HS|  |TAMS 0x0000000080400000, 0x0000000080300000| Complete 
|   4|0x0000000080400000, 0x0000000080500000, 0x0000000080500000|100%|HC|  |TAMS 0x0000000080500000, 0x0000000080400000| Complete 
|   5|0x0000000080500000, 0x0000000080600000, 0x0000000080600000|100%|HC|  |TAMS 0x0000000080600000, 0x0000000080500000| Complete 
|   6|0x0000000080600000, 0x0000000080700000, 0x0000000080700000|100%| O|  |TAMS 0x0000000080700000, 0x0000000080600000| Untracked 
|   7|0x0000000080700000, 0x0000000080800000, 0x0000000080800000|100%| O|  |TAMS 0x0000000080800000, 0x0000000080700000| Untracked 
|   8|0x0000000080800000, 0x0000000080900000, 0x0000000080900000|100%| O|  |TAMS 0x0000000080900000, 0x0000000080800000| Untracked 
|   9|0x0000000080900000, 0x0000000080a00000, 0x0000000080a00000|100%| O|  |TAMS 0x0000000080a00000, 0x0000000080900000| Untracked 
|  10|0x0000000080a00000, 0x0000000080b00000, 0x0000000080b00000|100%| O|  |TAMS 0x0000000080b00000, 0x0000000080a00000| Untracked 
|  11|0x0000000080b00000, 0x0000000080c00000, 0x0000000080c00000|100%| O|  |TAMS 0x0000000080c00000, 0x0000000080b00000| Untracked 
|  12|0x0000000080c00000, 0x0000000080d00000, 0x0000000080d00000|100%| O|  |TAMS 0x0000000080d00000, 0x0000000080c00000| Untracked 
|  13|0x0000000080d00000, 0x0000000080e00000, 0x0000000080e00000|100%| O|  |TAMS 0x0000000080e00000, 0x0000000080d00000| Untracked 
|  14|0x0000000080e00000, 0x0000000080f00000, 0x0000000080f00000|100%| O|  |TAMS 0x0000000080f00000, 0x0000000080e00000| Untracked 
|  15|0x0000000080f00000, 0x0000000081000000, 0x0000000081000000|100%| O|  |TAMS 0x0000000081000000, 0x0000000080f00000| Untracked 
|  16|0x0000000081000000, 0x0000000081100000, 0x0000000081100000|100%| O|  |TAMS 0x0000000081100000, 0x0000000081000000| Untracked 
|  17|0x0000000081100000, 0x0000000081200000, 0x0000000081200000|100%|HS|  |TAMS 0x0000000081200000, 0x0000000081100000| Complete 
|  18|0x0000000081200000, 0x0000000081300000, 0x0000000081300000|100%|HC|  |TAMS 0x0000000081300000, 0x0000000081200000| Complete 
|  19|0x0000000081300000, 0x0000000081400000, 0x0000000081400000|100%|HS|  |TAMS 0x0000000081400000, 0x0000000081300000| Complete 
|  20|0x0000000081400000, 0x0000000081500000, 0x0000000081500000|100%|HC|  |TAMS 0x0000000081500000, 0x0000000081400000| Complete 
|  21|0x0000000081500000, 0x0000000081600000, 0x0000000081600000|100%|HC|  |TAMS 0x0000000081600000, 0x0000000081500000| Complete 
|  22|0x0000000081600000, 0x0000000081700000, 0x0000000081700000|100%|HS|  |TAMS 0x0000000081700000, 0x0000000081600000| Complete 
|  23|0x0000000081700000, 0x0000000081800000, 0x0000000081800000|100%|HC|  |TAMS 0x0000000081800000, 0x0000000081700000| Complete 
|  24|0x0000000081800000, 0x0000000081900000, 0x0000000081900000|100%|HC|  |TAMS 0x0000000081900000, 0x0000000081800000| Complete 
|  25|0x0000000081900000, 0x0000000081a00000, 0x0000000081a00000|100%|HC|  |TAMS 0x0000000081a00000, 0x0000000081900000| Complete 
|  26|0x0000000081a00000, 0x0000000081b00000, 0x0000000081b00000|100%|HC|  |TAMS 0x0000000081b00000, 0x0000000081a00000| Complete 
|  27|0x0000000081b00000, 0x0000000081c00000, 0x0000000081c00000|100%| O|  |TAMS 0x0000000081c00000, 0x0000000081b00000| Untracked 
|  28|0x0000000081c00000, 0x0000000081d00000, 0x0000000081d00000|100%| O|  |TAMS 0x0000000081d00000, 0x0000000081c00000| Untracked 
|  29|0x0000000081d00000, 0x0000000081e00000, 0x0000000081e00000|100%| O|  |TAMS 0x0000000081e00000, 0x0000000081d00000| Untracked 
|  30|0x0000000081e00000, 0x0000000081f00000, 0x0000000081f00000|100%| O|  |TAMS 0x0000000081f00000, 0x0000000081e00000| Untracked 
|  31|0x0000000081f00000, 0x0000000082000000, 0x0000000082000000|100%| O|  |TAMS 0x0000000082000000, 0x0000000081f00000| Untracked 
|  32|0x0000000082000000, 0x0000000082100000, 0x0000000082100000|100%| O|  |TAMS 0x0000000082100000, 0x0000000082000000| Untracked 
|  33|0x0000000082100000, 0x0000000082200000, 0x0000000082200000|100%| O|  |TAMS 0x0000000082200000, 0x0000000082100000| Untracked 
|  34|0x0000000082200000, 0x0000000082300000, 0x0000000082300000|100%| O|  |TAMS 0x0000000082204600, 0x0000000082200000| Untracked 
|  35|0x0000000082300000, 0x0000000082400000, 0x0000000082400000|100%|HS|  |TAMS 0x0000000082300000, 0x0000000082300000| Complete 
|  36|0x0000000082400000, 0x0000000082500000, 0x0000000082500000|100%|HC|  |TAMS 0x0000000082400000, 0x0000000082400000| Complete 
|  37|0x0000000082500000, 0x0000000082600000, 0x0000000082600000|100%|HC|  |TAMS 0x0000000082500000, 0x0000000082500000| Complete 
|  38|0x0000000082600000, 0x0000000082700000, 0x0000000082700000|100%|HC|  |TAMS 0x0000000082600000, 0x0000000082600000| Complete 
|  39|0x0000000082700000, 0x0000000082800000, 0x0000000082800000|100%|HC|  |TAMS 0x0000000082700000, 0x0000000082700000| Complete 
|  40|0x0000000082800000, 0x0000000082900000, 0x0000000082900000|100%|HS|  |TAMS 0x0000000082800000, 0x0000000082800000| Complete 
|  41|0x0000000082900000, 0x0000000082a00000, 0x0000000082a00000|100%|HC|  |TAMS 0x0000000082900000, 0x0000000082900000| Complete 
|  42|0x0000000082a00000, 0x0000000082b00000, 0x0000000082b00000|100%|HC|  |TAMS 0x0000000082a00000, 0x0000000082a00000| Complete 
|  43|0x0000000082b00000, 0x0000000082c00000, 0x0000000082c00000|100%| O|  |TAMS 0x0000000082b00000, 0x0000000082b00000| Untracked 
|  44|0x0000000082c00000, 0x0000000082d00000, 0x0000000082d00000|100%| O|  |TAMS 0x0000000082c00000, 0x0000000082c00000| Untracked 
|  45|0x0000000082d00000, 0x0000000082e00000, 0x0000000082e00000|100%| O|  |TAMS 0x0000000082d00000, 0x0000000082d00000| Untracked 
|  46|0x0000000082e00000, 0x0000000082f00000, 0x0000000082f00000|100%| O|  |TAMS 0x0000000082e00000, 0x0000000082e00000| Untracked 
|  47|0x0000000082f00000, 0x0000000083000000, 0x0000000083000000|100%| O|  |TAMS 0x0000000082f00000, 0x0000000082f00000| Untracked 
|  48|0x0000000083000000, 0x0000000083100000, 0x0000000083100000|100%|HS|  |TAMS 0x0000000083000000, 0x0000000083000000| Complete 
|  49|0x0000000083100000, 0x0000000083200000, 0x0000000083200000|100%| O|  |TAMS 0x0000000083100000, 0x0000000083100000| Untracked 
|  50|0x0000000083200000, 0x0000000083300000, 0x0000000083300000|100%| O|  |TAMS 0x0000000083200000, 0x0000000083200000| Untracked 
|  51|0x0000000083300000, 0x0000000083400000, 0x0000000083400000|100%| O|  |TAMS 0x0000000083300000, 0x0000000083300000| Untracked 
|  52|0x0000000083400000, 0x0000000083500000, 0x0000000083500000|100%| O|  |TAMS 0x0000000083400000, 0x0000000083400000| Untracked 
|  53|0x0000000083500000, 0x0000000083600000, 0x0000000083600000|100%| O|  |TAMS 0x0000000083500000, 0x0000000083500000| Untracked 
|  54|0x0000000083600000, 0x0000000083700000, 0x0000000083700000|100%|HS|  |TAMS 0x0000000083600000, 0x0000000083600000| Complete 
|  55|0x0000000083700000, 0x0000000083800000, 0x0000000083800000|100%|HS|  |TAMS 0x0000000083700000, 0x0000000083700000| Complete 
|  56|0x0000000083800000, 0x0000000083900000, 0x0000000083900000|100%|HC|  |TAMS 0x0000000083800000, 0x0000000083800000| Complete 
|  57|0x0000000083900000, 0x0000000083a00000, 0x0000000083a00000|100%|HC|  |TAMS 0x0000000083900000, 0x0000000083900000| Complete 
|  58|0x0000000083a00000, 0x0000000083b00000, 0x0000000083b00000|100%|HS|  |TAMS 0x0000000083a00000, 0x0000000083a00000| Complete 
|  59|0x0000000083b00000, 0x0000000083c00000, 0x0000000083c00000|100%|HC|  |TAMS 0x0000000083b00000, 0x0000000083b00000| Complete 
|  60|0x0000000083c00000, 0x0000000083d00000, 0x0000000083d00000|100%| O|  |TAMS 0x0000000083c00000, 0x0000000083c00000| Untracked 
|  61|0x0000000083d00000, 0x0000000083e00000, 0x0000000083e00000|100%| O|  |TAMS 0x0000000083d00000, 0x0000000083d00000| Untracked 
|  62|0x0000000083e00000, 0x0000000083f00000, 0x0000000083f00000|100%| O|  |TAMS 0x0000000083e00000, 0x0000000083e00000| Untracked 
|  63|0x0000000083f00000, 0x0000000084000000, 0x0000000084000000|100%| O|  |TAMS 0x0000000083f00000, 0x0000000083f00000| Untracked 
|  64|0x0000000084000000, 0x00000000840a3000, 0x0000000084100000| 63%| O|  |TAMS 0x0000000084000000, 0x0000000084000000| Untracked 
|  65|0x0000000084100000, 0x0000000084100000, 0x0000000084200000|  0%| F|  |TAMS 0x0000000084100000, 0x0000000084100000| Untracked 
|  66|0x0000000084200000, 0x0000000084200000, 0x0000000084300000|  0%| F|  |TAMS 0x0000000084200000, 0x0000000084200000| Untracked 
|  67|0x0000000084300000, 0x0000000084300000, 0x0000000084400000|  0%| F|  |TAMS 0x0000000084300000, 0x0000000084300000| Untracked 
|  68|0x0000000084400000, 0x0000000084400000, 0x0000000084500000|  0%| F|  |TAMS 0x0000000084400000, 0x0000000084400000| Untracked 
|  69|0x0000000084500000, 0x0000000084500000, 0x0000000084600000|  0%| F|  |TAMS 0x0000000084500000, 0x0000000084500000| Untracked 
|  70|0x0000000084600000, 0x0000000084600000, 0x0000000084700000|  0%| F|  |TAMS 0x0000000084600000, 0x0000000084600000| Untracked 
|  71|0x0000000084700000, 0x0000000084700000, 0x0000000084800000|  0%| F|  |TAMS 0x0000000084700000, 0x0000000084700000| Untracked 
|  72|0x0000000084800000, 0x0000000084800000, 0x0000000084900000|  0%| F|  |TAMS 0x0000000084800000, 0x0000000084800000| Untracked 
|  73|0x0000000084900000, 0x0000000084900000, 0x0000000084a00000|  0%| F|  |TAMS 0x0000000084900000, 0x0000000084900000| Untracked 
|  74|0x0000000084a00000, 0x0000000084a00000, 0x0000000084b00000|  0%| F|  |TAMS 0x0000000084a00000, 0x0000000084a00000| Untracked 
|  75|0x0000000084b00000, 0x0000000084b00000, 0x0000000084c00000|  0%| F|  |TAMS 0x0000000084b00000, 0x0000000084b00000| Untracked 
|  76|0x0000000084c00000, 0x0000000084c00000, 0x0000000084d00000|  0%| F|  |TAMS 0x0000000084c00000, 0x0000000084c00000| Untracked 
|  77|0x0000000084d00000, 0x0000000084d00000, 0x0000000084e00000|  0%| F|  |TAMS 0x0000000084d00000, 0x0000000084d00000| Untracked 
|  78|0x0000000084e00000, 0x0000000084e00000, 0x0000000084f00000|  0%| F|  |TAMS 0x0000000084e00000, 0x0000000084e00000| Untracked 
|  79|0x0000000084f00000, 0x0000000084f00000, 0x0000000085000000|  0%| F|  |TAMS 0x0000000084f00000, 0x0000000084f00000| Untracked 
|  80|0x0000000085000000, 0x0000000085000000, 0x0000000085100000|  0%| F|  |TAMS 0x0000000085000000, 0x0000000085000000| Untracked 
|  81|0x0000000085100000, 0x0000000085100000, 0x0000000085200000|  0%| F|  |TAMS 0x0000000085100000, 0x0000000085100000| Untracked 
|  82|0x0000000085200000, 0x0000000085200000, 0x0000000085300000|  0%| F|  |TAMS 0x0000000085200000, 0x0000000085200000| Untracked 
|  83|0x0000000085300000, 0x0000000085300000, 0x0000000085400000|  0%| F|  |TAMS 0x0000000085300000, 0x0000000085300000| Untracked 
|  84|0x0000000085400000, 0x0000000085400000, 0x0000000085500000|  0%| F|  |TAMS 0x0000000085400000, 0x0000000085400000| Untracked 
|  85|0x0000000085500000, 0x0000000085500000, 0x0000000085600000|  0%| F|  |TAMS 0x0000000085500000, 0x0000000085500000| Untracked 
|  86|0x0000000085600000, 0x0000000085600000, 0x0000000085700000|  0%| F|  |TAMS 0x0000000085600000, 0x0000000085600000| Untracked 
|  87|0x0000000085700000, 0x0000000085700000, 0x0000000085800000|  0%| F|  |TAMS 0x0000000085700000, 0x0000000085700000| Untracked 
|  88|0x0000000085800000, 0x0000000085800000, 0x0000000085900000|  0%| F|  |TAMS 0x0000000085800000, 0x0000000085800000| Untracked 
|  89|0x0000000085900000, 0x0000000085900000, 0x0000000085a00000|  0%| F|  |TAMS 0x0000000085900000, 0x0000000085900000| Untracked 
|  90|0x0000000085a00000, 0x0000000085a00000, 0x0000000085b00000|  0%| F|  |TAMS 0x0000000085a00000, 0x0000000085a00000| Untracked 
|  91|0x0000000085b00000, 0x0000000085b00000, 0x0000000085c00000|  0%| F|  |TAMS 0x0000000085b00000, 0x0000000085b00000| Untracked 
|  92|0x0000000085c00000, 0x0000000085d00000, 0x0000000085d00000|100%| S|CS|TAMS 0x0000000085c00000, 0x0000000085c00000| Complete 
|  93|0x0000000085d00000, 0x0000000085e00000, 0x0000000085e00000|100%| S|CS|TAMS 0x0000000085d00000, 0x0000000085d00000| Complete 
|  94|0x0000000085e00000, 0x0000000085f00000, 0x0000000085f00000|100%| S|CS|TAMS 0x0000000085e00000, 0x0000000085e00000| Complete 
|  95|0x0000000085f00000, 0x0000000086000000, 0x0000000086000000|100%| S|CS|TAMS 0x0000000085f00000, 0x0000000085f00000| Complete 
|  96|0x0000000086000000, 0x0000000086100000, 0x0000000086100000|100%| S|CS|TAMS 0x0000000086000000, 0x0000000086000000| Complete 
|  97|0x0000000086100000, 0x0000000086200000, 0x0000000086200000|100%| S|CS|TAMS 0x0000000086100000, 0x0000000086100000| Complete 
|  98|0x0000000086200000, 0x0000000086300000, 0x0000000086300000|100%| S|CS|TAMS 0x0000000086200000, 0x0000000086200000| Complete 
|  99|0x0000000086300000, 0x0000000086400000, 0x0000000086400000|100%| S|CS|TAMS 0x0000000086300000, 0x0000000086300000| Complete 
| 100|0x0000000086400000, 0x0000000086400000, 0x0000000086500000|  0%| F|  |TAMS 0x0000000086400000, 0x0000000086400000| Untracked 
| 101|0x0000000086500000, 0x0000000086500000, 0x0000000086600000|  0%| F|  |TAMS 0x0000000086500000, 0x0000000086500000| Untracked 
| 102|0x0000000086600000, 0x0000000086600000, 0x0000000086700000|  0%| F|  |TAMS 0x0000000086600000, 0x0000000086600000| Untracked 
| 103|0x0000000086700000, 0x0000000086700000, 0x0000000086800000|  0%| F|  |TAMS 0x0000000086700000, 0x0000000086700000| Untracked 
| 104|0x0000000086800000, 0x0000000086800000, 0x0000000086900000|  0%| F|  |TAMS 0x0000000086800000, 0x0000000086800000| Untracked 
| 105|0x0000000086900000, 0x0000000086900000, 0x0000000086a00000|  0%| F|  |TAMS 0x0000000086900000, 0x0000000086900000| Untracked 
| 106|0x0000000086a00000, 0x0000000086a00000, 0x0000000086b00000|  0%| F|  |TAMS 0x0000000086a00000, 0x0000000086a00000| Untracked 
| 107|0x0000000086b00000, 0x0000000086b00000, 0x0000000086c00000|  0%| F|  |TAMS 0x0000000086b00000, 0x0000000086b00000| Untracked 
| 108|0x0000000086c00000, 0x0000000086c00000, 0x0000000086d00000|  0%| F|  |TAMS 0x0000000086c00000, 0x0000000086c00000| Untracked 
| 109|0x0000000086d00000, 0x0000000086d00000, 0x0000000086e00000|  0%| F|  |TAMS 0x0000000086d00000, 0x0000000086d00000| Untracked 
| 110|0x0000000086e00000, 0x0000000086e00000, 0x0000000086f00000|  0%| F|  |TAMS 0x0000000086e00000, 0x0000000086e00000| Untracked 
| 111|0x0000000086f00000, 0x0000000086f00000, 0x0000000087000000|  0%| F|  |TAMS 0x0000000086f00000, 0x0000000086f00000| Untracked 
| 112|0x0000000087000000, 0x0000000087000000, 0x0000000087100000|  0%| F|  |TAMS 0x0000000087000000, 0x0000000087000000| Untracked 
| 113|0x0000000087100000, 0x0000000087100000, 0x0000000087200000|  0%| F|  |TAMS 0x0000000087100000, 0x0000000087100000| Untracked 
| 114|0x0000000087200000, 0x0000000087200000, 0x0000000087300000|  0%| F|  |TAMS 0x0000000087200000, 0x0000000087200000| Untracked 
| 115|0x0000000087300000, 0x0000000087300000, 0x0000000087400000|  0%| F|  |TAMS 0x0000000087300000, 0x0000000087300000| Untracked 
| 116|0x0000000087400000, 0x0000000087400000, 0x0000000087500000|  0%| F|  |TAMS 0x0000000087400000, 0x0000000087400000| Untracked 
| 117|0x0000000087500000, 0x0000000087500000, 0x0000000087600000|  0%| F|  |TAMS 0x0000000087500000, 0x0000000087500000| Untracked 
| 118|0x0000000087600000, 0x0000000087600000, 0x0000000087700000|  0%| F|  |TAMS 0x0000000087600000, 0x0000000087600000| Untracked 
| 119|0x0000000087700000, 0x0000000087700000, 0x0000000087800000|  0%| F|  |TAMS 0x0000000087700000, 0x0000000087700000| Untracked 
| 120|0x0000000087800000, 0x0000000087800000, 0x0000000087900000|  0%| F|  |TAMS 0x0000000087800000, 0x0000000087800000| Untracked 
| 121|0x0000000087900000, 0x0000000087900000, 0x0000000087a00000|  0%| F|  |TAMS 0x0000000087900000, 0x0000000087900000| Untracked 
| 122|0x0000000087a00000, 0x0000000087a00000, 0x0000000087b00000|  0%| F|  |TAMS 0x0000000087a00000, 0x0000000087a00000| Untracked 
| 123|0x0000000087b00000, 0x0000000087b00000, 0x0000000087c00000|  0%| F|  |TAMS 0x0000000087b00000, 0x0000000087b00000| Untracked 
| 124|0x0000000087c00000, 0x0000000087c00000, 0x0000000087d00000|  0%| F|  |TAMS 0x0000000087c00000, 0x0000000087c00000| Untracked 
| 125|0x0000000087d00000, 0x0000000087d00000, 0x0000000087e00000|  0%| F|  |TAMS 0x0000000087d00000, 0x0000000087d00000| Untracked 
| 126|0x0000000087e00000, 0x0000000087e00000, 0x0000000087f00000|  0%| F|  |TAMS 0x0000000087e00000, 0x0000000087e00000| Untracked 
| 127|0x0000000087f00000, 0x0000000087f00000, 0x0000000088000000|  0%| F|  |TAMS 0x0000000087f00000, 0x0000000087f00000| Untracked 
| 128|0x0000000088000000, 0x0000000088000000, 0x0000000088100000|  0%| F|  |TAMS 0x0000000088000000, 0x0000000088000000| Untracked 
| 129|0x0000000088100000, 0x0000000088100000, 0x0000000088200000|  0%| F|  |TAMS 0x0000000088100000, 0x0000000088100000| Untracked 
| 130|0x0000000088200000, 0x0000000088200000, 0x0000000088300000|  0%| F|  |TAMS 0x0000000088200000, 0x0000000088200000| Untracked 
| 131|0x0000000088300000, 0x0000000088300000, 0x0000000088400000|  0%| F|  |TAMS 0x0000000088300000, 0x0000000088300000| Untracked 
| 132|0x0000000088400000, 0x0000000088400000, 0x0000000088500000|  0%| F|  |TAMS 0x0000000088400000, 0x0000000088400000| Untracked 
| 133|0x0000000088500000, 0x0000000088500000, 0x0000000088600000|  0%| F|  |TAMS 0x0000000088500000, 0x0000000088500000| Untracked 
| 134|0x0000000088600000, 0x0000000088600000, 0x0000000088700000|  0%| F|  |TAMS 0x0000000088600000, 0x0000000088600000| Untracked 
| 135|0x0000000088700000, 0x0000000088700000, 0x0000000088800000|  0%| F|  |TAMS 0x0000000088700000, 0x0000000088700000| Untracked 
| 136|0x0000000088800000, 0x0000000088800000, 0x0000000088900000|  0%| F|  |TAMS 0x0000000088800000, 0x0000000088800000| Untracked 
| 137|0x0000000088900000, 0x0000000088900000, 0x0000000088a00000|  0%| F|  |TAMS 0x0000000088900000, 0x0000000088900000| Untracked 
| 138|0x0000000088a00000, 0x0000000088a00000, 0x0000000088b00000|  0%| F|  |TAMS 0x0000000088a00000, 0x0000000088a00000| Untracked 
| 139|0x0000000088b00000, 0x0000000088b00000, 0x0000000088c00000|  0%| F|  |TAMS 0x0000000088b00000, 0x0000000088b00000| Untracked 
| 140|0x0000000088c00000, 0x0000000088c00000, 0x0000000088d00000|  0%| F|  |TAMS 0x0000000088c00000, 0x0000000088c00000| Untracked 
| 141|0x0000000088d00000, 0x0000000088d00000, 0x0000000088e00000|  0%| F|  |TAMS 0x0000000088d00000, 0x0000000088d00000| Untracked 
| 142|0x0000000088e00000, 0x0000000088e00000, 0x0000000088f00000|  0%| F|  |TAMS 0x0000000088e00000, 0x0000000088e00000| Untracked 
| 143|0x0000000088f00000, 0x0000000088f00000, 0x0000000089000000|  0%| F|  |TAMS 0x0000000088f00000, 0x0000000088f00000| Untracked 
| 144|0x0000000089000000, 0x0000000089100000, 0x0000000089100000|100%| E|  |TAMS 0x0000000089000000, 0x0000000089000000| Complete 
| 145|0x0000000089100000, 0x0000000089200000, 0x0000000089200000|100%| E|CS|TAMS 0x0000000089100000, 0x0000000089100000| Complete 
| 146|0x0000000089200000, 0x0000000089300000, 0x0000000089300000|100%| E|CS|TAMS 0x0000000089200000, 0x0000000089200000| Complete 
| 147|0x0000000089300000, 0x0000000089400000, 0x0000000089400000|100%| E|CS|TAMS 0x0000000089300000, 0x0000000089300000| Complete 
| 148|0x0000000089400000, 0x0000000089500000, 0x0000000089500000|100%| E|CS|TAMS 0x0000000089400000, 0x0000000089400000| Complete 
| 149|0x0000000089500000, 0x0000000089600000, 0x0000000089600000|100%| E|CS|TAMS 0x0000000089500000, 0x0000000089500000| Complete 
| 150|0x0000000089600000, 0x0000000089700000, 0x0000000089700000|100%| E|CS|TAMS 0x0000000089600000, 0x0000000089600000| Complete 
| 151|0x0000000089700000, 0x0000000089800000, 0x0000000089800000|100%| E|CS|TAMS 0x0000000089700000, 0x0000000089700000| Complete 

Card table byte_map: [0x000001baa88f0000,0x000001baa8cf0000] _byte_map_base: 0x000001baa84f0000

Marking Bits (Prev, Next): (CMBitMap*) 0x000001ba90d4c950, (CMBitMap*) 0x000001ba90d4c918
 Prev Bits: [0x000001baab0f0000, 0x000001baad0f0000)
 Next Bits: [0x000001baa90f0000, 0x000001baab0f0000)

Polling page: 0x000001ba904e0000

Metaspace:

Usage:
  Non-class:     43.38 MB capacity,    42.41 MB ( 98%) used,   858.69 KB (  2%) free+waste,   134.81 KB ( <1%) overhead. 
      Class:      6.72 MB capacity,     6.20 MB ( 92%) used,   467.54 KB (  7%) free+waste,    64.69 KB ( <1%) overhead. 
       Both:     50.09 MB capacity,    48.60 MB ( 97%) used,     1.30 MB (  3%) free+waste,   199.50 KB ( <1%) overhead. 

Virtual space:
  Non-class space:       44.00 MB reserved,      43.57 MB (>99%) committed 
      Class space:        1.00 GB reserved,       6.75 MB ( <1%) committed 
             Both:        1.04 GB reserved,      50.32 MB (  5%) committed 

Chunk freelists:
   Non-Class:  768 bytes
       Class:  128 bytes
        Both:  896 bytes

CodeHeap 'non-profiled nmethods': size=120000Kb used=3096Kb max_used=3096Kb free=116903Kb
 bounds [0x000001baa0c90000, 0x000001baa0fa0000, 0x000001baa81c0000]
CodeHeap 'profiled nmethods': size=120000Kb used=11596Kb max_used=11596Kb free=108403Kb
 bounds [0x000001ba99760000, 0x000001ba9a2c0000, 0x000001baa0c90000]
CodeHeap 'non-nmethods': size=5760Kb used=2221Kb max_used=2267Kb free=3538Kb
 bounds [0x000001ba991c0000, 0x000001ba99430000, 0x000001ba99760000]
 total_blobs=6449 nmethods=5654 adapters=706
 compilation: enabled
              stopped_count=0, restarted_count=0
 full_count=0

Compilation events (10 events):
Event: 6.368 Thread 0x000001baafb60800 nmethod 5638 0x000001ba9a294f10 code [0x000001ba9a295140, 0x000001ba9a295b68]
Event: 6.371 Thread 0x000001bab411a800 nmethod 5636 0x000001baa0f8e190 code [0x000001baa0f8e340, 0x000001baa0f8e878]
Event: 6.376 Thread 0x000001bab2d93000 5639 %     4       java.util.jar.JarFile::match @ 14 (132 bytes)
Event: 6.380 Thread 0x000001bab2d93000 nmethod 5639% 0x000001baa0f8ec10 code [0x000001baa0f8edc0, 0x000001baa0f8f198]
Event: 6.381 Thread 0x000001baafb60800 5640   !   3       java.util.jar.JarFile::checkForSpecialAttributes (163 bytes)
Event: 6.381 Thread 0x000001baafb60800 nmethod 5640 0x000001ba9a295e90 code [0x000001ba9a2961a0, 0x000001ba9a297438]
Event: 6.385 Thread 0x000001bab411a800 5641 %     4       java.util.zip.ZipFile$Source::initCEN @ 228 (693 bytes)
Event: 6.399 Thread 0x000001bab2d93000 5642 %     4       java.util.jar.JarFile::match @ 27 (132 bytes)
Event: 6.402 Thread 0x000001baafb60800 5643       3       java.nio.Buffer::discardMark (6 bytes)
Event: 6.403 Thread 0x000001baafb60800 nmethod 5643 0x000001ba9a297b90 code [0x000001ba9a297d20, 0x000001ba9a297e18]

GC Heap History (10 events):
Event: 4.151 GC heap before
{Heap before GC invocations=6 (full 0):
 garbage-first heap   total 129024K, used 47956K [0x0000000080000000, 0x0000000100000000)
  region size 1024K, 22 young (22528K), 8 survivors (8192K)
 Metaspace       used 34648K, capacity 35498K, committed 35632K, reserved 1079296K
  class space    used 4515K, capacity 4872K, committed 4992K, reserved 1048576K
}
Event: 4.157 GC heap after
{Heap after GC invocations=7 (full 0):
 garbage-first heap   total 129024K, used 37425K [0x0000000080000000, 0x0000000100000000)
  region size 1024K, 3 young (3072K), 3 survivors (3072K)
 Metaspace       used 34648K, capacity 35498K, committed 35632K, reserved 1079296K
  class space    used 4515K, capacity 4872K, committed 4992K, reserved 1048576K
}
Event: 4.638 GC heap before
{Heap before GC invocations=8 (full 0):
 garbage-first heap   total 129024K, used 87601K [0x0000000080000000, 0x0000000100000000)
  region size 1024K, 49 young (50176K), 3 survivors (3072K)
 Metaspace       used 39982K, capacity 41046K, committed 41160K, reserved 1085440K
  class space    used 5098K, capacity 5502K, committed 5504K, reserved 1048576K
}
Event: 4.645 GC heap after
{Heap after GC invocations=9 (full 0):
 garbage-first heap   total 129024K, used 41435K [0x0000000080000000, 0x0000000100000000)
  region size 1024K, 7 young (7168K), 7 survivors (7168K)
 Metaspace       used 39982K, capacity 41046K, committed 41160K, reserved 1085440K
  class space    used 5098K, capacity 5502K, committed 5504K, reserved 1048576K
}
Event: 5.159 GC heap before
{Heap before GC invocations=10 (full 0):
 garbage-first heap   total 129024K, used 96731K [0x0000000080000000, 0x0000000100000000)
  region size 1024K, 53 young (54272K), 7 survivors (7168K)
 Metaspace       used 42915K, capacity 44015K, committed 44232K, reserved 1087488K
  class space    used 5513K, capacity 5909K, committed 6016K, reserved 1048576K
}
Event: 5.165 GC heap after
{Heap after GC invocations=11 (full 0):
 garbage-first heap   total 129024K, used 53723K [0x0000000080000000, 0x0000000100000000)
  region size 1024K, 6 young (6144K), 6 survivors (6144K)
 Metaspace       used 42915K, capacity 44015K, committed 44232K, reserved 1087488K
  class space    used 5513K, capacity 5909K, committed 6016K, reserved 1048576K
}
Event: 5.545 GC heap before
{Heap before GC invocations=11 (full 0):
 garbage-first heap   total 129024K, used 94683K [0x0000000080000000, 0x0000000100000000)
  region size 1024K, 46 young (47104K), 6 survivors (6144K)
 Metaspace       used 46455K, capacity 47729K, committed 47944K, reserved 1091584K
  class space    used 5904K, capacity 6360K, committed 6400K, reserved 1048576K
}
Event: 5.552 GC heap after
{Heap after GC invocations=12 (full 0):
 garbage-first heap   total 129024K, used 56719K [0x0000000080000000, 0x0000000100000000)
  region size 1024K, 3 young (3072K), 3 survivors (3072K)
 Metaspace       used 46455K, capacity 47729K, committed 47944K, reserved 1091584K
  class space    used 5904K, capacity 6360K, committed 6400K, reserved 1048576K
}
Event: 5.801 GC heap before
{Heap before GC invocations=12 (full 0):
 garbage-first heap   total 129024K, used 97679K [0x0000000080000000, 0x0000000100000000)
  region size 1024K, 43 young (44032K), 3 survivors (3072K)
 Metaspace       used 48071K, capacity 49423K, committed 49480K, reserved 1091584K
  class space    used 6178K, capacity 6627K, committed 6656K, reserved 1048576K
}
Event: 5.806 GC heap after
{Heap after GC invocations=13 (full 0):
 garbage-first heap   total 155648K, used 58189K [0x0000000080000000, 0x0000000100000000)
  region size 1024K, 5 young (5120K), 5 survivors (5120K)
 Metaspace       used 48071K, capacity 49423K, committed 49480K, reserved 1091584K
  class space    used 6178K, capacity 6627K, committed 6656K, reserved 1048576K
}

Deoptimization events (10 events):
Event: 6.104 Thread 0x000001bab42e9000 Uncommon trap: reason=unstable_if action=reinterpret pc=0x000001baa0e0b4e0 method=java.util.concurrent.ConcurrentHashMap.addCount(JI)V @ 34 c2
Event: 6.104 Thread 0x000001bab43d5800 Uncommon trap: reason=unstable_if action=reinterpret pc=0x000001baa0e0b4e0 method=java.util.concurrent.ConcurrentHashMap.addCount(JI)V @ 34 c2
Event: 6.105 Thread 0x000001bab43d5800 Uncommon trap: reason=unstable_if action=reinterpret pc=0x000001baa0d37d08 method=java.util.concurrent.ConcurrentHashMap.addCount(JI)V @ 7 c2
Event: 6.105 Thread 0x000001bab43dc800 Uncommon trap: reason=unstable_if action=reinterpret pc=0x000001baa0d37d08 method=java.util.concurrent.ConcurrentHashMap.addCount(JI)V @ 7 c2
Event: 6.105 Thread 0x000001bab42e9000 Uncommon trap: reason=unstable_if action=reinterpret pc=0x000001baa0d37d08 method=java.util.concurrent.ConcurrentHashMap.addCount(JI)V @ 7 c2
Event: 6.105 Thread 0x000001bab43dc000 Uncommon trap: reason=unstable_if action=reinterpret pc=0x000001baa0d37d08 method=java.util.concurrent.ConcurrentHashMap.addCount(JI)V @ 7 c2
Event: 6.114 Thread 0x000001bab43dc000 Uncommon trap: reason=unstable_if action=reinterpret pc=0x000001baa0f45cb8 method=com.esotericsoftware.kryo.io.Output.writeString(Ljava/lang/CharSequence;)V @ 1 c2
Event: 6.330 Thread 0x000001bab176f800 Uncommon trap: reason=bimorphic_or_optimized_type_check action=maybe_recompile pc=0x000001baa0ea626c method=java.util.AbstractCollection.addAll(Ljava/util/Collection;)Z @ 29 c2
Event: 6.344 Thread 0x000001bab176f800 Uncommon trap: reason=unstable_if action=reinterpret pc=0x000001baa0cf70c0 method=java.util.jar.JarFile.checkForSpecialAttributes()V @ 53 c2
Event: 6.384 Thread 0x000001bab176f800 Uncommon trap: reason=unstable_if action=reinterpret pc=0x000001baa0ee1878 method=java.lang.StringCoding.newStringUTF8NoRepl([BII)Ljava/lang/String; @ 12 c2

Classes redefined (0 events):
No events

Internal exceptions (10 events):
Event: 6.362 Thread 0x000001bab176f800 Exception <a 'java/security/PrivilegedActionException'{0x0000000086839350}> (0x0000000086839350) thrown at [./open/src/hotspot/share/prims/jvm.cpp, line 1305]
Event: 6.362 Thread 0x000001bab176f800 Exception <a 'java/security/PrivilegedActionException'{0x000000008683ab60}> (0x000000008683ab60) thrown at [./open/src/hotspot/share/prims/jvm.cpp, line 1305]
Event: 6.362 Thread 0x000001bab176f800 Exception <a 'java/security/PrivilegedActionException'{0x000000008683e310}> (0x000000008683e310) thrown at [./open/src/hotspot/share/prims/jvm.cpp, line 1305]
Event: 6.362 Thread 0x000001bab176f800 Exception <a 'java/security/PrivilegedActionException'{0x000000008683fb20}> (0x000000008683fb20) thrown at [./open/src/hotspot/share/prims/jvm.cpp, line 1305]
Event: 6.362 Thread 0x000001bab176f800 Exception <a 'java/security/PrivilegedActionException'{0x0000000086843228}> (0x0000000086843228) thrown at [./open/src/hotspot/share/prims/jvm.cpp, line 1305]
Event: 6.362 Thread 0x000001bab176f800 Exception <a 'java/security/PrivilegedActionException'{0x0000000086844a38}> (0x0000000086844a38) thrown at [./open/src/hotspot/share/prims/jvm.cpp, line 1305]
Event: 6.363 Thread 0x000001bab176f800 Exception <a 'java/security/PrivilegedActionException'{0x0000000086848160}> (0x0000000086848160) thrown at [./open/src/hotspot/share/prims/jvm.cpp, line 1305]
Event: 6.363 Thread 0x000001bab176f800 Exception <a 'java/security/PrivilegedActionException'{0x0000000086849970}> (0x0000000086849970) thrown at [./open/src/hotspot/share/prims/jvm.cpp, line 1305]
Event: 6.363 Thread 0x000001bab176f800 Exception <a 'java/security/PrivilegedActionException'{0x000000008684d120}> (0x000000008684d120) thrown at [./open/src/hotspot/share/prims/jvm.cpp, line 1305]
Event: 6.363 Thread 0x000001bab176f800 Exception <a 'java/security/PrivilegedActionException'{0x000000008684e930}> (0x000000008684e930) thrown at [./open/src/hotspot/share/prims/jvm.cpp, line 1305]

Events (10 events):
Event: 6.332 loading class java/util/InvalidPropertiesFormatException
Event: 6.333 loading class java/util/InvalidPropertiesFormatException done
Event: 6.334 loading class java/util/PropertiesBeanInfo
Event: 6.334 loading class java/util/PropertiesBeanInfo done
Event: 6.344 Thread 0x000001bab176f800 Uncommon trap: trap_request=0xffffff4d fr.pc=0x000001baa0cf70c0 relative=0x00000000000012e0
Event: 6.344 Thread 0x000001bab176f800 DEOPT PACKING pc=0x000001baa0cf70c0 sp=0x00000011f16ecf40
Event: 6.344 Thread 0x000001bab176f800 DEOPT UNPACKING pc=0x000001ba991e662f sp=0x00000011f16ecf00 mode 2
Event: 6.384 Thread 0x000001bab176f800 Uncommon trap: trap_request=0xffffff4d fr.pc=0x000001baa0ee1878 relative=0x0000000000000458
Event: 6.384 Thread 0x000001bab176f800 DEOPT PACKING pc=0x000001baa0ee1878 sp=0x00000011f16ec710
Event: 6.384 Thread 0x000001bab176f800 DEOPT UNPACKING pc=0x000001ba991e662f sp=0x00000011f16ec610 mode 2


Dynamic libraries:
0x00007ff741f30000 - 0x00007ff741f3f000 	C:\Program Files\Java\jdk-11.0.12\bin\java.exe
0x00007ffa993a0000 - 0x00007ffa99590000 	C:\Windows\SYSTEM32\ntdll.dll
0x00007ffa992a0000 - 0x00007ffa99352000 	C:\Windows\System32\KERNEL32.DLL
0x00007ffa96340000 - 0x00007ffa965e5000 	C:\Windows\System32\KERNELBASE.dll
0x00007ffa971f0000 - 0x00007ffa972ea000 	C:\Windows\System32\ucrtbase.dll
0x00007ffa91510000 - 0x00007ffa91525000 	C:\Program Files\Java\jdk-11.0.12\bin\VCRUNTIME140.dll
0x00007ffa90930000 - 0x00007ffa90948000 	C:\Program Files\Java\jdk-11.0.12\bin\jli.dll
0x00007ffa97450000 - 0x00007ffa974f3000 	C:\Windows\System32\ADVAPI32.dll
0x00007ffa983e0000 - 0x00007ffa9847e000 	C:\Windows\System32\msvcrt.dll
0x00007ffa982d0000 - 0x00007ffa98367000 	C:\Windows\System32\sechost.dll
0x00007ffa97ad0000 - 0x00007ffa97bef000 	C:\Windows\System32\RPCRT4.dll
0x00007ffa98080000 - 0x00007ffa98214000 	C:\Windows\System32\USER32.dll
0x00007ffa96310000 - 0x00007ffa96331000 	C:\Windows\System32\win32u.dll
0x00007ffa98dd0000 - 0x00007ffa98df6000 	C:\Windows\System32\GDI32.dll
0x00007ffa96e50000 - 0x00007ffa96fe8000 	C:\Windows\System32\gdi32full.dll
0x00007ffa97010000 - 0x00007ffa970ae000 	C:\Windows\System32\msvcp_win.dll
0x00007ffa84330000 - 0x00007ffa845b4000 	C:\Windows\WinSxS\amd64_microsoft.windows.common-controls_6595b64144ccf1df_6.0.18362.1556_none_9e7e372fe45e41d5\COMCTL32.dll
0x00007ffa97ce0000 - 0x00007ffa98016000 	C:\Windows\System32\combase.dll
0x00007ffa970b0000 - 0x00007ffa97131000 	C:\Windows\System32\bcryptPrimitives.dll
0x00007ffa8e010000 - 0x00007ffa8e01a000 	C:\Windows\SYSTEM32\VERSION.dll
0x00007ffa982a0000 - 0x00007ffa982ce000 	C:\Windows\System32\IMM32.DLL
0x00007ffa90890000 - 0x00007ffa9092b000 	C:\Program Files\Java\jdk-11.0.12\bin\msvcp140.dll
0x00007ffa57030000 - 0x00007ffa57b2f000 	C:\Program Files\Java\jdk-11.0.12\bin\server\jvm.dll
0x00007ffa98e00000 - 0x00007ffa98e08000 	C:\Windows\System32\PSAPI.DLL
0x00007ffa92600000 - 0x00007ffa92624000 	C:\Windows\SYSTEM32\WINMM.dll
0x00007ffa91560000 - 0x00007ffa91569000 	C:\Windows\SYSTEM32\WSOCK32.dll
0x00007ffa98370000 - 0x00007ffa983df000 	C:\Windows\System32\WS2_32.dll
0x00007ffa925d0000 - 0x00007ffa925fd000 	C:\Windows\SYSTEM32\winmmbase.dll
0x00007ffa971a0000 - 0x00007ffa971ea000 	C:\Windows\System32\cfgmgr32.dll
0x00007ffa96260000 - 0x00007ffa96271000 	C:\Windows\System32\kernel.appcore.dll
0x00007ffa924b0000 - 0x00007ffa924c0000 	C:\Program Files\Java\jdk-11.0.12\bin\verify.dll
0x00007ffa822c0000 - 0x00007ffa824b4000 	C:\Windows\SYSTEM32\DBGHELP.DLL
0x00007ffa681f0000 - 0x00007ffa6821a000 	C:\Windows\SYSTEM32\dbgcore.DLL
0x00007ffa90860000 - 0x00007ffa90888000 	C:\Program Files\Java\jdk-11.0.12\bin\java.dll
0x00007ffa92460000 - 0x00007ffa9246a000 	C:\Program Files\Java\jdk-11.0.12\bin\jimage.dll
0x00007ffa90800000 - 0x00007ffa90816000 	C:\Program Files\Java\jdk-11.0.12\bin\zip.dll
0x00007ffa98560000 - 0x00007ffa98c47000 	C:\Windows\System32\SHELL32.dll
0x00007ffa98d20000 - 0x00007ffa98dc8000 	C:\Windows\System32\shcore.dll
0x00007ffa966a0000 - 0x00007ffa96e1b000 	C:\Windows\System32\windows.storage.dll
0x00007ffa962f0000 - 0x00007ffa9630e000 	C:\Windows\System32\profapi.dll
0x00007ffa96280000 - 0x00007ffa962ca000 	C:\Windows\System32\powrprof.dll
0x00007ffa96250000 - 0x00007ffa96260000 	C:\Windows\System32\UMPDC.dll
0x00007ffa98020000 - 0x00007ffa98072000 	C:\Windows\System32\shlwapi.dll
0x00007ffa96ff0000 - 0x00007ffa97007000 	C:\Windows\System32\cryptsp.dll
0x00007ffa907e0000 - 0x00007ffa907f9000 	C:\Program Files\Java\jdk-11.0.12\bin\net.dll
0x00007ffa885d0000 - 0x00007ffa886ca000 	C:\Windows\SYSTEM32\WINHTTP.dll
0x00007ffa95a90000 - 0x00007ffa95af7000 	C:\Windows\system32\mswsock.dll
0x00007ffa8fa00000 - 0x00007ffa8fa12000 	C:\Program Files\Java\jdk-11.0.12\bin\nio.dll
0x00007ffa8e550000 - 0x00007ffa8e577000 	C:\Users\OmarTaha\.gradle\native\8bec1ad78214c89d9ad589b4d07fe93259594b29d510b10fafb7a158f7737e5d\windows-amd64\native-platform.dll
0x00007ffa8b2c0000 - 0x00007ffa8b3fd000 	C:\Users\OmarTaha\.gradle\native\53dbd7edfb1c66fb8903c78663c9afc45aea4f116125fa6feffd364cf09443e8\windows-amd64\native-platform-file-events.dll
0x00007ffa915e0000 - 0x00007ffa915e9000 	C:\Program Files\Java\jdk-11.0.12\bin\management.dll
0x00007ffa909c0000 - 0x00007ffa909cb000 	C:\Program Files\Java\jdk-11.0.12\bin\management_ext.dll
0x00007ffa95610000 - 0x00007ffa95643000 	C:\Windows\system32\rsaenh.dll
0x00007ffa96e20000 - 0x00007ffa96e46000 	C:\Windows\System32\bcrypt.dll
0x00007ffa96170000 - 0x00007ffa96195000 	C:\Windows\SYSTEM32\USERENV.dll
0x00007ffa95c60000 - 0x00007ffa95c6c000 	C:\Windows\SYSTEM32\CRYPTBASE.dll
0x00007ffa957a0000 - 0x00007ffa957da000 	C:\Windows\SYSTEM32\IPHLPAPI.DLL
0x00007ffa98230000 - 0x00007ffa98238000 	C:\Windows\System32\NSI.dll
0x00007ffa8f430000 - 0x00007ffa8f446000 	C:\Windows\SYSTEM32\dhcpcsvc6.DLL
0x00007ffa8fb60000 - 0x00007ffa8fb7c000 	C:\Windows\SYSTEM32\dhcpcsvc.DLL
0x00007ffa957e0000 - 0x00007ffa958ab000 	C:\Windows\SYSTEM32\DNSAPI.dll

dbghelp: loaded successfully - version: 4.0.5 - missing functions: none
symbol engine: initialized successfully - sym options: 0x614 - pdb path: .;C:\Program Files\Java\jdk-11.0.12\bin;C:\Windows\SYSTEM32;C:\Windows\WinSxS\amd64_microsoft.windows.common-controls_6595b64144ccf1df_6.0.18362.1556_none_9e7e372fe45e41d5;C:\Program Files\Java\jdk-11.0.12\bin\server;C:\Users\OmarTaha\.gradle\native\8bec1ad78214c89d9ad589b4d07fe93259594b29d510b10fafb7a158f7737e5d\windows-amd64;C:\Users\OmarTaha\.gradle\native\53dbd7edfb1c66fb8903c78663c9afc45aea4f116125fa6feffd364cf09443e8\windows-amd64

VM Arguments:
jvm_args: --add-opens=java.base/java.util=ALL-UNNAMED --add-opens=java.base/java.lang=ALL-UNNAMED --add-opens=java.base/java.lang.invoke=ALL-UNNAMED --add-opens=java.base/java.util=ALL-UNNAMED --add-opens=java.prefs/java.util.prefs=ALL-UNNAMED --add-opens=java.prefs/java.util.prefs=ALL-UNNAMED --add-opens=java.base/java.nio.charset=ALL-UNNAMED --add-opens=java.base/java.net=ALL-UNNAMED --add-opens=java.base/java.util.concurrent.atomic=ALL-UNNAMED -Xmx2048m -Dfile.encoding=windows-1252 -Duser.country=US -Duser.language=en -Duser.variant 
java_command: org.gradle.launcher.daemon.bootstrap.GradleDaemon 7.1-rc-1
java_class_path (initial): C:\Users\OmarTaha\.gradle\wrapper\dists\gradle-7.1-rc-1-bin\89hqeppvp8dbb4pzs5e0rkzxn\gradle-7.1-rc-1\lib\gradle-launcher-7.1.jar
Launcher Type: SUN_STANDARD

[Global flags]
     intx CICompilerCount                          = 4                                         {product} {ergonomic}
     uint ConcGCThreads                            = 2                                         {product} {ergonomic}
     uint G1ConcRefinementThreads                  = 8                                         {product} {ergonomic}
   size_t G1HeapRegionSize                         = 1048576                                   {product} {ergonomic}
    uintx GCDrainStackTargetSize                   = 64                                        {product} {ergonomic}
   size_t InitialHeapSize                          = 132120576                                 {product} {ergonomic}
   size_t MarkStackSize                            = 4194304                                   {product} {ergonomic}
   size_t MaxHeapSize                              = 2147483648                                {product} {command line}
   size_t MaxNewSize                               = 1287651328                                {product} {ergonomic}
   size_t MinHeapDeltaBytes                        = 1048576                                   {product} {ergonomic}
    uintx NonNMethodCodeHeapSize                   = 5836300                                {pd product} {ergonomic}
    uintx NonProfiledCodeHeapSize                  = 122910970                              {pd product} {ergonomic}
    uintx ProfiledCodeHeapSize                     = 122910970                              {pd product} {ergonomic}
    uintx ReservedCodeCacheSize                    = 251658240                              {pd product} {ergonomic}
     bool SegmentedCodeCache                       = true                                      {product} {ergonomic}
     bool UseCompressedClassPointers               = true                                 {lp64_product} {ergonomic}
     bool UseCompressedOops                        = true                                 {lp64_product} {ergonomic}
     bool UseG1GC                                  = true                                      {product} {ergonomic}
     bool UseLargePagesIndividualAllocation        = false                                  {pd product} {ergonomic}

Logging:
Log output configuration:
 #0: stdout all=warning uptime,level,tags
 #1: stderr all=off uptime,level,tags

Environment Variables:
JAVA_HOME=C:\Program Files\Java\jdk-11.0.12\bin
PATH=C:\Program Files\Common Files\Oracle\Java\javapath;C:\Program Files (x86)\Common Files\Oracle\Java\javapath;C:\Program Files (x86)\Common Files\Intel\Shared Libraries\redist\intel64\compiler;C:\Program Files\Java\jdk-12.0.2\bin;C:\Windows\system32;C:\Windows;C:\Windows\System32\Wbem;C:\Windows\System32\WindowsPowerShell\v1.0\;C:\Windows\System32\OpenSSH\;C:\Program Files\dotnet\;C:\Program Files\Microsoft SQL Server\120\Tools\Binn\;C:\Program Files\Microsoft SQL Server\120\DTS\Binn\;C:\Program Files\Microsoft SQL Server\Client SDK\ODBC\110\Tools\Binn\;C:\Program Files (x86)\Microsoft SQL Server\120\Tools\Binn\;C:\Program Files (x86)\Microsoft SQL Server\120\Tools\Binn\ManagementStudio\;C:\Program Files (x86)\Microsoft SQL Server\120\DTS\Binn\;C:\Windows\Microsoft.NET\Framework\v3.5;C:\Program Files\Microsoft SQL Server\130\Tools\Binn\;C:\Program Files\Microsoft SQL Server\Client SDK\ODBC\170\Tools\Binn\;C:\Program Files\MATLAB\R2016a\runtime\win64;C:\Program Files\MATLAB\R2016a\bin;C:\Program Files\MATLAB\R2016a\polyspace\bin;C:\Program Files (x86)\dotnet\;C:\sqlite;C:\Program Files\Git\cmd;C:\Users\OmarTaha\AppData\Local\Programs\Python\Python310;C:\Users\OmarTaha\AppData\Local\Programs\Python\Python310\Scripts;C:\Users\OmarTaha\AppData\Local\Programs\Python\Python38-32\Scripts\;C:\Users\OmarTaha\AppData\Local\Programs\Python\Python38-32\;C:\Users\OmarTaha\AppData\Local\Microsoft\WindowsApps;C:\Users\OmarTaha\AppData\Local\Programs\Microsoft VS Code\bin;C:\Users\OmarTaha\.dotnet\tools;C:\Program Files\JetBrains\PyCharm Community Edition 2020.2.4\bin;;C:\Users\OmarTaha\AppData\Local\GitHubDesktop\bin;
USERNAME=OmarTaha
OS=Windows_NT
PROCESSOR_IDENTIFIER=Intel64 Family 6 Model 60 Stepping 3, GenuineIntel



---------------  S Y S T E M  ---------------

OS: Windows 10 , 64 bit Build 18362 (10.0.18362.1500)

CPU:total 8 (initial active 8) (4 cores per cpu, 2 threads per core) family 6 model 60 stepping 3 microcode 0x28, cmov, cx8, fxsr, mmx, sse, sse2, sse3, ssse3, sse4.1, sse4.2, popcnt, avx, avx2, aes, clmul, erms, lzcnt, ht, tsc, tscinvbit, bmi1, bmi2, fma

Memory: 4k page, system-wide physical 7993M (579M free)
TotalPageFile size 13993M (AvailPageFile size 5M)
current process WorkingSet (physical memory assigned to process): 327M, peak: 327M
current process commit charge ("private bytes"): 379M, peak: 379M

vm_info: Java HotSpot(TM) 64-Bit Server VM (11.0.12+8-LTS-237) for windows-amd64 JRE (11.0.12+8-LTS-237), built on Jun  8 2021 11:25:59 by "mach5one" with MS VC++ 15.9 (VS2017)

END.
