#
# There is insufficient memory for the Java Runtime Environment to continue.
# Native memory allocation (malloc) failed to allocate 1158576 bytes for Chunk::new
# Possible reasons:
#   The system is out of physical RAM or swap space
#   The process is running with CompressedOops enabled, and the Java Heap may be blocking the growth of the native heap
# Possible solutions:
#   Reduce memory load on the system
#   Increase physical memory or swap space
#   Check if swap backing store is full
#   Decrease Java heap size (-Xmx/-Xms)
#   Decrease number of Java threads
#   Decrease Java thread stack sizes (-Xss)
#   Set larger code cache with -XX:ReservedCodeCacheSize=
#   JVM is running with Unscaled Compressed Oops mode in which the Java heap is
#     placed in the first 4GB address space. The Java Heap base address is the
#     maximum limit for the native heap growth. Please use -XX:HeapBaseMinAddress
#     to set the Java Heap base and to place the Java Heap above 4GB virtual address.
# This output file may be truncated or incomplete.
#
#  Out of Memory Error (./open/src/hotspot/share/memory/arena.cpp:197), pid=9404, tid=10656
#
# JRE version: Java(TM) SE Runtime Environment 18.9 (11.0.12+8) (build 11.0.12+8-LTS-237)
# Java VM: Java HotSpot(TM) 64-Bit Server VM 18.9 (11.0.12+8-LTS-237, mixed mode, tiered, compressed oops, g1 gc, windows-amd64)
# No core dump will be written. Minidumps are not enabled by default on client versions of Windows
#

---------------  S U M M A R Y ------------

Command Line: --add-opens=java.base/java.util=ALL-UNNAMED --add-opens=java.base/java.lang=ALL-UNNAMED --add-opens=java.base/java.lang.invoke=ALL-UNNAMED --add-opens=java.base/java.util=ALL-UNNAMED --add-opens=java.prefs/java.util.prefs=ALL-UNNAMED --add-opens=java.prefs/java.util.prefs=ALL-UNNAMED --add-opens=java.base/java.nio.charset=ALL-UNNAMED --add-opens=java.base/java.net=ALL-UNNAMED --add-opens=java.base/java.util.concurrent.atomic=ALL-UNNAMED -Xmx2048m -Dfile.encoding=windows-1252 -Duser.country=US -Duser.language=en -Duser.variant org.gradle.launcher.daemon.bootstrap.GradleDaemon 7.1-rc-1

Host: Intel(R) Core(TM) i7-4800MQ CPU @ 2.70GHz, 8 cores, 7G,  Windows 10 , 64 bit Build 18362 (10.0.18362.1500)
Time: Mon Dec 20 12:48:12 2021 Arab Standard Time elapsed time: 6.636028 seconds (0d 0h 0m 6s)

---------------  T H R E A D  ---------------

Current thread (0x0000015db0229000):  JavaThread "C2 CompilerThread0" daemon [_thread_in_native, id=10656, stack(0x00000038a6f00000,0x00000038a7000000)]


Current CompileTask:
C2:   6636 5602 % !   4       java.util.jar.Attributes::read @ 186 (390 bytes)

Stack: [0x00000038a6f00000,0x00000038a7000000]
Native frames: (J=compiled Java code, j=interpreted, Vv=VM code, C=native code)
V  [jvm.dll+0x617d9a]
V  [jvm.dll+0x74eeef]
V  [jvm.dll+0x750599]
V  [jvm.dll+0x750c23]
V  [jvm.dll+0x2438d8]
V  [jvm.dll+0xba6dc]
V  [jvm.dll+0xbac9c]
V  [jvm.dll+0x346972]
V  [jvm.dll+0x3147a3]
V  [jvm.dll+0x313aea]
V  [jvm.dll+0x1fd105]
V  [jvm.dll+0x1fc2ed]
V  [jvm.dll+0x17f18c]
V  [jvm.dll+0x20b87c]
V  [jvm.dll+0x20997b]
V  [jvm.dll+0x716359]
V  [jvm.dll+0x70f064]
V  [jvm.dll+0x616f66]
C  [ucrtbase.dll+0x210b2]
C  [KERNEL32.DLL+0x17c24]
C  [ntdll.dll+0x6d721]


---------------  P R O C E S S  ---------------

Threads class SMR info:
_java_thread_list=0x0000015db3bb5d60, length=123, elements={
0x0000015d8f3d1000, 0x0000015db0203800, 0x0000015db020d800, 0x0000015db021a800,
0x0000015db021d000, 0x0000015db0220000, 0x0000015db0229000, 0x0000015db022a000,
0x0000015db0b9d800, 0x0000015db0cfc800, 0x0000015db2d53800, 0x0000015db0f2b000,
0x0000015db2d7c000, 0x0000015db26db800, 0x0000015db2a3e000, 0x0000015db2536000,
0x0000015db2537000, 0x0000015db3c53800, 0x0000015db33f6800, 0x0000015db305f000,
0x0000015db305d800, 0x0000015db3062000, 0x0000015db3063000, 0x0000015db2596800,
0x0000015db3061800, 0x0000015db3060000, 0x0000015db3064000, 0x0000015db305e000,
0x0000015db3060800, 0x0000015db323b800, 0x0000015db323b000, 0x0000015db3237800,
0x0000015db3239000, 0x0000015db3236800, 0x0000015db3238800, 0x0000015db4494000,
0x0000015db323a000, 0x0000015db3236000, 0x0000015db323c800, 0x0000015db3240800,
0x0000015db3241800, 0x0000015db3243000, 0x0000015db323e000, 0x0000015db3244800,
0x0000015db323f000, 0x0000015db6957800, 0x0000015db695a000, 0x0000015db6957000,
0x0000015db695b000, 0x0000015db695c000, 0x0000015db695c800, 0x0000015db695d800,
0x0000015db6958800, 0x0000015db695e000, 0x0000015db695f000, 0x0000015db6959800,
0x0000015db6960000, 0x0000015db6964000, 0x0000015db6960800, 0x0000015db6965000,
0x0000015db6962800, 0x0000015db6963000, 0x0000015db6965800, 0x0000015db6961800,
0x0000015db68aa800, 0x0000015db68ad800, 0x0000015db68a8000, 0x0000015db68ab000,
0x0000015db68a8800, 0x0000015db68ad000, 0x0000015db68af800, 0x0000015db68ac000,
0x0000015db68ae800, 0x0000015db68a9800, 0x0000015db68b6000, 0x0000015db68b1800,
0x0000015db68b1000, 0x0000015db68b2800, 0x0000015db68b4000, 0x0000015db68b5000,
0x0000015db68b0000, 0x0000015db68b3800, 0x0000015db68b6800, 0x0000015db78c8800,
0x0000015db78c7800, 0x0000015db78cc800, 0x0000015db78c9000, 0x0000015db78ca000,
0x0000015db78c6800, 0x0000015db78cf800, 0x0000015db78cd000, 0x0000015db78ca800,
0x0000015db78d1000, 0x0000015db78ce000, 0x0000015db78cb800, 0x0000015db78d0800,
0x0000015db78cf000, 0x0000015db78d2000, 0x0000015db78d3000, 0x0000015db78d3800,
0x0000015db78d4800, 0x0000015db78d5800, 0x0000015db42c0800, 0x0000015db42c2000,
0x0000015db42c3800, 0x0000015db42bf800, 0x0000015db42c1000, 0x0000015db42c7000,
0x0000015db42c7800, 0x0000015db42c5000, 0x0000015db42c6000, 0x0000015db42c8800,
0x0000015db42c3000, 0x0000015db42c9800, 0x0000015db42ca000, 0x0000015db42c4800,
0x0000015db42ce000, 0x0000015db42cb000, 0x0000015db42cb800, 0x0000015db42cc800,
0x0000015db42cd800, 0x0000015db0f69800, 0x0000015db0f6a000
}

Java Threads: ( => current thread )
  0x0000015d8f3d1000 JavaThread "main" [_thread_blocked, id=3784, stack(0x00000038a6300000,0x00000038a6400000)]
  0x0000015db0203800 JavaThread "Reference Handler" daemon [_thread_blocked, id=1792, stack(0x00000038a6a00000,0x00000038a6b00000)]
  0x0000015db020d800 JavaThread "Finalizer" daemon [_thread_blocked, id=14052, stack(0x00000038a6b00000,0x00000038a6c00000)]
  0x0000015db021a800 JavaThread "Signal Dispatcher" daemon [_thread_blocked, id=8992, stack(0x00000038a6c00000,0x00000038a6d00000)]
  0x0000015db021d000 JavaThread "Attach Listener" daemon [_thread_blocked, id=4764, stack(0x00000038a6d00000,0x00000038a6e00000)]
  0x0000015db0220000 JavaThread "Service Thread" daemon [_thread_blocked, id=10188, stack(0x00000038a6e00000,0x00000038a6f00000)]
=>0x0000015db0229000 JavaThread "C2 CompilerThread0" daemon [_thread_in_native, id=10656, stack(0x00000038a6f00000,0x00000038a7000000)]
  0x0000015db022a000 JavaThread "C1 CompilerThread0" daemon [_thread_blocked, id=12196, stack(0x00000038a7000000,0x00000038a7100000)]
  0x0000015db0b9d800 JavaThread "Sweeper thread" daemon [_thread_blocked, id=9776, stack(0x00000038a7100000,0x00000038a7200000)]
  0x0000015db0cfc800 JavaThread "Common-Cleaner" daemon [_thread_blocked, id=9512, stack(0x00000038a7200000,0x00000038a7300000)]
  0x0000015db2d53800 JavaThread "Daemon health stats" [_thread_blocked, id=13524, stack(0x00000038a7800000,0x00000038a7900000)]
  0x0000015db0f2b000 JavaThread "Incoming local TCP Connector on port 53732" [_thread_in_native, id=8884, stack(0x00000038a7400000,0x00000038a7500000)]
  0x0000015db2d7c000 JavaThread "Daemon periodic checks" [_thread_blocked, id=12432, stack(0x00000038a7700000,0x00000038a7800000)]
  0x0000015db26db800 JavaThread "Daemon" [_thread_blocked, id=3456, stack(0x00000038a7900000,0x00000038a7a00000)]
  0x0000015db2a3e000 JavaThread "Handler for socket connection from /127.0.0.1:53732 to /127.0.0.1:53733" [_thread_in_native, id=6420, stack(0x00000038a7a00000,0x00000038a7b00000)]
  0x0000015db2536000 JavaThread "Cancel handler" [_thread_blocked, id=8944, stack(0x00000038a7b00000,0x00000038a7c00000)]
  0x0000015db2537000 JavaThread "Daemon worker" [_thread_in_vm, id=14212, stack(0x00000038a7c00000,0x00000038a7d00000)]
  0x0000015db3c53800 JavaThread "Asynchronous log dispatcher for DefaultDaemonConnection: socket connection from /127.0.0.1:53732 to /127.0.0.1:53733" [_thread_blocked, id=10472, stack(0x00000038a7d00000,0x00000038a7e00000)]
  0x0000015db33f6800 JavaThread "Stdin handler" [_thread_blocked, id=2272, stack(0x00000038a7e00000,0x00000038a7f00000)]
  0x0000015db305f000 JavaThread "Daemon client event forwarder" [_thread_blocked, id=6908, stack(0x00000038a7f00000,0x00000038a8000000)]
  0x0000015db305d800 JavaThread "Cache worker for journal cache (C:\Users\OmarTaha\.gradle\caches\journal-1)" [_thread_blocked, id=10652, stack(0x00000038a8500000,0x00000038a8600000)]
  0x0000015db3062000 JavaThread "File lock request listener" [_thread_in_native, id=10532, stack(0x00000038a8600000,0x00000038a8700000)]
  0x0000015db3063000 JavaThread "Cache worker for file hash cache (C:\Users\OmarTaha\.gradle\caches\7.1-rc-1\fileHashes)" [_thread_blocked, id=13124, stack(0x00000038a8700000,0x00000038a8800000)]
  0x0000015db2596800 JavaThread "C2 CompilerThread1" daemon [_thread_in_native, id=13848, stack(0x00000038a8900000,0x00000038a8a00000)]
  0x0000015db3061800 JavaThread "Cache worker for file hash cache (C:\Users\OmarTaha\AndroidStudioProjects\GMS\.gradle\7.1-rc-1\fileHashes)" [_thread_blocked, id=8984, stack(0x00000038a8a00000,0x00000038a8b00000)]
  0x0000015db3060000 JavaThread "File watcher server" daemon [_thread_in_native, id=11652, stack(0x00000038a8b00000,0x00000038a8c00000)]
  0x0000015db3064000 JavaThread "File watcher consumer" daemon [_thread_blocked, id=5040, stack(0x00000038a8c00000,0x00000038a8d00000)]
  0x0000015db305e000 JavaThread "jar transforms" [_thread_blocked, id=10392, stack(0x00000038a8d00000,0x00000038a8e00000)]
  0x0000015db3060800 JavaThread "jar transforms Thread 2" [_thread_blocked, id=11496, stack(0x00000038a8e00000,0x00000038a8f00000)]
  0x0000015db323b800 JavaThread "jar transforms Thread 3" [_thread_blocked, id=9308, stack(0x00000038a8f00000,0x00000038a9000000)]
  0x0000015db323b000 JavaThread "jar transforms Thread 4" [_thread_blocked, id=8388, stack(0x00000038a9000000,0x00000038a9100000)]
  0x0000015db3237800 JavaThread "jar transforms Thread 5" [_thread_blocked, id=3252, stack(0x00000038a9100000,0x00000038a9200000)]
  0x0000015db3239000 JavaThread "jar transforms Thread 6" [_thread_blocked, id=13856, stack(0x00000038a9200000,0x00000038a9300000)]
  0x0000015db3236800 JavaThread "jar transforms Thread 7" [_thread_blocked, id=10992, stack(0x00000038a9300000,0x00000038a9400000)]
  0x0000015db3238800 JavaThread "jar transforms Thread 8" [_thread_blocked, id=9700, stack(0x00000038a9400000,0x00000038a9500000)]
  0x0000015db4494000 JavaThread "C2 CompilerThread2" daemon [_thread_in_native, id=1984, stack(0x00000038a9500000,0x00000038a9600000)]
  0x0000015db323a000 JavaThread "Cache worker for checksums cache (C:\Users\OmarTaha\AndroidStudioProjects\GMS\.gradle\checksums)" [_thread_blocked, id=11544, stack(0x00000038a9600000,0x00000038a9700000)]
  0x0000015db3236000 JavaThread "Cache worker for cache directory md-supplier (C:\Users\OmarTaha\.gradle\caches\7.1-rc-1\md-supplier)" [_thread_blocked, id=8252, stack(0x00000038a9700000,0x00000038a9800000)]
  0x0000015db323c800 JavaThread "Cache worker for cache directory md-rule (C:\Users\OmarTaha\.gradle\caches\7.1-rc-1\md-rule)" [_thread_blocked, id=13280, stack(0x00000038a9800000,0x00000038a9900000)]
  0x0000015db3240800 JavaThread "Cache worker for execution history cache (C:\Users\OmarTaha\.gradle\caches\7.1-rc-1\executionHistory)" [_thread_blocked, id=14240, stack(0x00000038a9900000,0x00000038a9a00000)]
  0x0000015db3241800 JavaThread "Cache worker for file content cache (C:\Users\OmarTaha\.gradle\caches\7.1-rc-1\fileContent)" [_thread_blocked, id=10388, stack(0x00000038a9a00000,0x00000038a9b00000)]
  0x0000015db3243000 JavaThread "Cache worker for dependencies-accessors (C:\Users\OmarTaha\AndroidStudioProjects\GMS\.gradle\7.1-rc-1\dependencies-accessors)" [_thread_blocked, id=10228, stack(0x00000038a9b00000,0x00000038a9c00000)]
  0x0000015db323e000 JavaThread "Cache worker for Build Output Cleanup Cache (C:\Users\OmarTaha\AndroidStudioProjects\GMS\.gradle\buildOutputCleanup)" [_thread_blocked, id=14292, stack(0x00000038a9c00000,0x00000038a9d00000)]
  0x0000015db3244800 JavaThread "Unconstrained build operations" [_thread_blocked, id=13900, stack(0x00000038a9d00000,0x00000038a9e00000)]
  0x0000015db323f000 JavaThread "Unconstrained build operations Thread 2" [_thread_blocked, id=14300, stack(0x00000038a9e00000,0x00000038a9f00000)]
  0x0000015db6957800 JavaThread "Unconstrained build operations Thread 3" [_thread_blocked, id=1308, stack(0x00000038a9f00000,0x00000038aa000000)]
  0x0000015db695a000 JavaThread "Unconstrained build operations Thread 4" [_thread_blocked, id=12436, stack(0x00000038aa000000,0x00000038aa100000)]
  0x0000015db6957000 JavaThread "Unconstrained build operations Thread 5" [_thread_blocked, id=9472, stack(0x00000038aa100000,0x00000038aa200000)]
  0x0000015db695b000 JavaThread "Unconstrained build operations Thread 6" [_thread_blocked, id=4452, stack(0x00000038aa200000,0x00000038aa300000)]
  0x0000015db695c000 JavaThread "Unconstrained build operations Thread 7" [_thread_blocked, id=2356, stack(0x00000038aa300000,0x00000038aa400000)]
  0x0000015db695c800 JavaThread "Unconstrained build operations Thread 8" [_thread_blocked, id=140, stack(0x00000038aa400000,0x00000038aa500000)]
  0x0000015db695d800 JavaThread "Unconstrained build operations Thread 9" [_thread_blocked, id=12700, stack(0x00000038aa500000,0x00000038aa600000)]
  0x0000015db6958800 JavaThread "Unconstrained build operations Thread 10" [_thread_blocked, id=8964, stack(0x00000038aa600000,0x00000038aa700000)]
  0x0000015db695e000 JavaThread "Unconstrained build operations Thread 11" [_thread_blocked, id=12024, stack(0x00000038aa700000,0x00000038aa800000)]
  0x0000015db695f000 JavaThread "Unconstrained build operations Thread 12" [_thread_blocked, id=10508, stack(0x00000038aa800000,0x00000038aa900000)]
  0x0000015db6959800 JavaThread "Unconstrained build operations Thread 13" [_thread_blocked, id=6884, stack(0x00000038aa900000,0x00000038aaa00000)]
  0x0000015db6960000 JavaThread "Unconstrained build operations Thread 14" [_thread_blocked, id=5768, stack(0x00000038aaa00000,0x00000038aab00000)]
  0x0000015db6964000 JavaThread "Unconstrained build operations Thread 15" [_thread_blocked, id=11696, stack(0x00000038aab00000,0x00000038aac00000)]
  0x0000015db6960800 JavaThread "Unconstrained build operations Thread 16" [_thread_blocked, id=13252, stack(0x00000038aac00000,0x00000038aad00000)]
  0x0000015db6965000 JavaThread "Unconstrained build operations Thread 17" [_thread_blocked, id=11892, stack(0x00000038aad00000,0x00000038aae00000)]
  0x0000015db6962800 JavaThread "Unconstrained build operations Thread 18" [_thread_blocked, id=13740, stack(0x00000038aae00000,0x00000038aaf00000)]
  0x0000015db6963000 JavaThread "Unconstrained build operations Thread 19" [_thread_blocked, id=11732, stack(0x00000038aaf00000,0x00000038ab000000)]
  0x0000015db6965800 JavaThread "Unconstrained build operations Thread 20" [_thread_blocked, id=8728, stack(0x00000038ab000000,0x00000038ab100000)]
  0x0000015db6961800 JavaThread "Unconstrained build operations Thread 21" [_thread_blocked, id=1352, stack(0x00000038ab100000,0x00000038ab200000)]
  0x0000015db68aa800 JavaThread "Unconstrained build operations Thread 22" [_thread_blocked, id=8144, stack(0x00000038ab200000,0x00000038ab300000)]
  0x0000015db68ad800 JavaThread "Unconstrained build operations Thread 23" [_thread_blocked, id=13812, stack(0x00000038ab300000,0x00000038ab400000)]
  0x0000015db68a8000 JavaThread "Unconstrained build operations Thread 24" [_thread_blocked, id=7752, stack(0x00000038ab400000,0x00000038ab500000)]
  0x0000015db68ab000 JavaThread "Unconstrained build operations Thread 25" [_thread_blocked, id=6096, stack(0x00000038ab500000,0x00000038ab600000)]
  0x0000015db68a8800 JavaThread "Unconstrained build operations Thread 26" [_thread_blocked, id=3720, stack(0x00000038ab600000,0x00000038ab700000)]
  0x0000015db68ad000 JavaThread "Unconstrained build operations Thread 27" [_thread_blocked, id=13480, stack(0x00000038ab700000,0x00000038ab800000)]
  0x0000015db68af800 JavaThread "Unconstrained build operations Thread 28" [_thread_blocked, id=7056, stack(0x00000038ab800000,0x00000038ab900000)]
  0x0000015db68ac000 JavaThread "Unconstrained build operations Thread 29" [_thread_blocked, id=10832, stack(0x00000038ab900000,0x00000038aba00000)]
  0x0000015db68ae800 JavaThread "Unconstrained build operations Thread 30" [_thread_blocked, id=12392, stack(0x00000038aba00000,0x00000038abb00000)]
  0x0000015db68a9800 JavaThread "Unconstrained build operations Thread 31" [_thread_blocked, id=7376, stack(0x00000038abb00000,0x00000038abc00000)]
  0x0000015db68b6000 JavaThread "Unconstrained build operations Thread 32" [_thread_blocked, id=900, stack(0x00000038abc00000,0x00000038abd00000)]
  0x0000015db68b1800 JavaThread "Unconstrained build operations Thread 33" [_thread_blocked, id=7312, stack(0x00000038abd00000,0x00000038abe00000)]
  0x0000015db68b1000 JavaThread "Unconstrained build operations Thread 34" [_thread_blocked, id=13144, stack(0x00000038abe00000,0x00000038abf00000)]
  0x0000015db68b2800 JavaThread "Unconstrained build operations Thread 35" [_thread_blocked, id=8036, stack(0x00000038abf00000,0x00000038ac000000)]
  0x0000015db68b4000 JavaThread "Unconstrained build operations Thread 36" [_thread_blocked, id=13408, stack(0x00000038ac000000,0x00000038ac100000)]
  0x0000015db68b5000 JavaThread "Unconstrained build operations Thread 37" [_thread_blocked, id=8772, stack(0x00000038ac100000,0x00000038ac200000)]
  0x0000015db68b0000 JavaThread "Unconstrained build operations Thread 38" [_thread_blocked, id=6336, stack(0x00000038ac200000,0x00000038ac300000)]
  0x0000015db68b3800 JavaThread "Unconstrained build operations Thread 39" [_thread_blocked, id=3256, stack(0x00000038ac300000,0x00000038ac400000)]
  0x0000015db68b6800 JavaThread "Unconstrained build operations Thread 40" [_thread_blocked, id=3424, stack(0x00000038ac400000,0x00000038ac500000)]
  0x0000015db78c8800 JavaThread "Unconstrained build operations Thread 41" [_thread_blocked, id=11348, stack(0x00000038ac500000,0x00000038ac600000)]
  0x0000015db78c7800 JavaThread "Unconstrained build operations Thread 42" [_thread_blocked, id=9676, stack(0x00000038ac600000,0x00000038ac700000)]
  0x0000015db78cc800 JavaThread "Unconstrained build operations Thread 43" [_thread_blocked, id=13260, stack(0x00000038ac700000,0x00000038ac800000)]
  0x0000015db78c9000 JavaThread "Unconstrained build operations Thread 44" [_thread_blocked, id=3608, stack(0x00000038ac800000,0x00000038ac900000)]
  0x0000015db78ca000 JavaThread "Unconstrained build operations Thread 45" [_thread_blocked, id=12404, stack(0x00000038ac900000,0x00000038aca00000)]
  0x0000015db78c6800 JavaThread "Unconstrained build operations Thread 46" [_thread_blocked, id=2812, stack(0x00000038aca00000,0x00000038acb00000)]
  0x0000015db78cf800 JavaThread "Unconstrained build operations Thread 47" [_thread_blocked, id=11192, stack(0x00000038acb00000,0x00000038acc00000)]
  0x0000015db78cd000 JavaThread "Unconstrained build operations Thread 48" [_thread_blocked, id=11528, stack(0x00000038acc00000,0x00000038acd00000)]
  0x0000015db78ca800 JavaThread "Unconstrained build operations Thread 49" [_thread_blocked, id=12484, stack(0x00000038acd00000,0x00000038ace00000)]
  0x0000015db78d1000 JavaThread "Unconstrained build operations Thread 50" [_thread_blocked, id=6412, stack(0x00000038ace00000,0x00000038acf00000)]
  0x0000015db78ce000 JavaThread "Unconstrained build operations Thread 51" [_thread_blocked, id=12208, stack(0x00000038acf00000,0x00000038ad000000)]
  0x0000015db78cb800 JavaThread "Unconstrained build operations Thread 52" [_thread_blocked, id=9284, stack(0x00000038ad000000,0x00000038ad100000)]
  0x0000015db78d0800 JavaThread "Unconstrained build operations Thread 53" [_thread_blocked, id=5788, stack(0x00000038ad100000,0x00000038ad200000)]
  0x0000015db78cf000 JavaThread "Unconstrained build operations Thread 54" [_thread_blocked, id=376, stack(0x00000038ad200000,0x00000038ad300000)]
  0x0000015db78d2000 JavaThread "Unconstrained build operations Thread 55" [_thread_blocked, id=1564, stack(0x00000038ad300000,0x00000038ad400000)]
  0x0000015db78d3000 JavaThread "Unconstrained build operations Thread 56" [_thread_blocked, id=1824, stack(0x00000038ad400000,0x00000038ad500000)]
  0x0000015db78d3800 JavaThread "Unconstrained build operations Thread 57" [_thread_blocked, id=3752, stack(0x00000038ad500000,0x00000038ad600000)]
  0x0000015db78d4800 JavaThread "Unconstrained build operations Thread 58" [_thread_blocked, id=7572, stack(0x00000038ad600000,0x00000038ad700000)]
  0x0000015db78d5800 JavaThread "Unconstrained build operations Thread 59" [_thread_blocked, id=128, stack(0x00000038ad700000,0x00000038ad800000)]
  0x0000015db42c0800 JavaThread "Unconstrained build operations Thread 60" [_thread_blocked, id=11836, stack(0x00000038ad800000,0x00000038ad900000)]
  0x0000015db42c2000 JavaThread "Unconstrained build operations Thread 61" [_thread_blocked, id=1164, stack(0x00000038ad900000,0x00000038ada00000)]
  0x0000015db42c3800 JavaThread "Unconstrained build operations Thread 62" [_thread_blocked, id=3564, stack(0x00000038ada00000,0x00000038adb00000)]
  0x0000015db42bf800 JavaThread "Unconstrained build operations Thread 63" [_thread_blocked, id=484, stack(0x00000038adb00000,0x00000038adc00000)]
  0x0000015db42c1000 JavaThread "Unconstrained build operations Thread 64" [_thread_blocked, id=10512, stack(0x00000038adc00000,0x00000038add00000)]
  0x0000015db42c7000 JavaThread "Unconstrained build operations Thread 65" [_thread_blocked, id=8348, stack(0x00000038add00000,0x00000038ade00000)]
  0x0000015db42c7800 JavaThread "Unconstrained build operations Thread 66" [_thread_blocked, id=12660, stack(0x00000038ade00000,0x00000038adf00000)]
  0x0000015db42c5000 JavaThread "Unconstrained build operations Thread 67" [_thread_blocked, id=5648, stack(0x00000038adf00000,0x00000038ae000000)]
  0x0000015db42c6000 JavaThread "Unconstrained build operations Thread 68" [_thread_blocked, id=1244, stack(0x00000038ae000000,0x00000038ae100000)]
  0x0000015db42c8800 JavaThread "Unconstrained build operations Thread 69" [_thread_blocked, id=10340, stack(0x00000038ae100000,0x00000038ae200000)]
  0x0000015db42c3000 JavaThread "Unconstrained build operations Thread 70" [_thread_blocked, id=4408, stack(0x00000038ae200000,0x00000038ae300000)]
  0x0000015db42c9800 JavaThread "Unconstrained build operations Thread 71" [_thread_blocked, id=7344, stack(0x00000038ae300000,0x00000038ae400000)]
  0x0000015db42ca000 JavaThread "Unconstrained build operations Thread 72" [_thread_blocked, id=5452, stack(0x00000038ae400000,0x00000038ae500000)]
  0x0000015db42c4800 JavaThread "Unconstrained build operations Thread 73" [_thread_blocked, id=3576, stack(0x00000038ae500000,0x00000038ae600000)]
  0x0000015db42ce000 JavaThread "Unconstrained build operations Thread 74" [_thread_blocked, id=1020, stack(0x00000038ae600000,0x00000038ae700000)]
  0x0000015db42cb000 JavaThread "Unconstrained build operations Thread 75" [_thread_blocked, id=3716, stack(0x00000038ae700000,0x00000038ae800000)]
  0x0000015db42cb800 JavaThread "Unconstrained build operations Thread 76" [_thread_blocked, id=12184, stack(0x00000038ae800000,0x00000038ae900000)]
  0x0000015db42cc800 JavaThread "Unconstrained build operations Thread 77" [_thread_blocked, id=11112, stack(0x00000038ae900000,0x00000038aea00000)]
  0x0000015db42cd800 JavaThread "Unconstrained build operations Thread 78" [_thread_blocked, id=4508, stack(0x00000038aea00000,0x00000038aeb00000)]
  0x0000015db0f69800 JavaThread "Unconstrained build operations Thread 79" [_thread_blocked, id=13664, stack(0x00000038aeb00000,0x00000038aec00000)]
  0x0000015db0f6a000 JavaThread "Unconstrained build operations Thread 80" [_thread_blocked, id=10220, stack(0x00000038aec00000,0x00000038aed00000)]

Other Threads:
  0x0000015db01ff000 VMThread "VM Thread" [stack: 0x00000038a6900000,0x00000038a6a00000] [id=14172]
  0x0000015db0d2c800 WatcherThread [stack: 0x00000038a7300000,0x00000038a7400000] [id=8208]
  0x0000015d8f3e7800 GCTaskThread "GC Thread#0" [stack: 0x00000038a6400000,0x00000038a6500000] [id=4000]
  0x0000015db1952800 GCTaskThread "GC Thread#1" [stack: 0x00000038a7500000,0x00000038a7600000] [id=10028]
  0x0000015db1ab2000 GCTaskThread "GC Thread#2" [stack: 0x00000038a7600000,0x00000038a7700000] [id=13532]
  0x0000015db241d800 GCTaskThread "GC Thread#3" [stack: 0x00000038a8000000,0x00000038a8100000] [id=8504]
  0x0000015db2463800 GCTaskThread "GC Thread#4" [stack: 0x00000038a8100000,0x00000038a8200000] [id=2544]
  0x0000015db2464800 GCTaskThread "GC Thread#5" [stack: 0x00000038a8200000,0x00000038a8300000] [id=6192]
  0x0000015db241e000 GCTaskThread "GC Thread#6" [stack: 0x00000038a8300000,0x00000038a8400000] [id=13672]
  0x0000015db241f000 GCTaskThread "GC Thread#7" [stack: 0x00000038a8400000,0x00000038a8500000] [id=11904]
  0x0000015d8f417800 ConcurrentGCThread "G1 Main Marker" [stack: 0x00000038a6500000,0x00000038a6600000] [id=7416]
  0x0000015d8f41a800 ConcurrentGCThread "G1 Conc#0" [stack: 0x00000038a6600000,0x00000038a6700000] [id=8392]
  0x0000015db3861800 ConcurrentGCThread "G1 Conc#1" [stack: 0x00000038a8800000,0x00000038a8900000] [id=10336]
  0x0000015db0052800 ConcurrentGCThread "G1 Refine#0" [stack: 0x00000038a6700000,0x00000038a6800000] [id=9996]
  0x0000015d8f499000 ConcurrentGCThread "G1 Young RemSet Sampling" [stack: 0x00000038a6800000,0x00000038a6900000] [id=13352]

Threads with active compile tasks:
C2 CompilerThread0   6682 5602 % !   4       java.util.jar.Attributes::read @ 186 (390 bytes)
C2 CompilerThread1   6682 5640       4       java.net.URLClassLoader$1::run (5 bytes)
C2 CompilerThread2   6682 5641       4       java.lang.String::regionMatches (150 bytes)

VM state:not at safepoint (normal execution)

VM Mutex/Monitor currently owned by a thread:  ([mutex/lock_event])
[0x0000015d8f3cc800] Patching_lock - owner thread: 0x0000015db2537000

Heap address: 0x0000000080000000, size: 2048 MB, Compressed Oops mode: 32-bit
Narrow klass base: 0x0000000000000000, Narrow klass shift: 3
Compressed class space size: 1073741824 Address: 0x0000000100000000

Heap:
 garbage-first heap   total 129024K, used 79059K [0x0000000080000000, 0x0000000100000000)
  region size 1024K, 13 young (13312K), 6 survivors (6144K)
 Metaspace       used 49702K, capacity 51154K, committed 51456K, reserved 1093632K
  class space    used 6339K, capacity 6832K, committed 6912K, reserved 1048576K
Heap Regions: E=young(eden), S=young(survivor), O=old, HS=humongous(starts), HC=humongous(continues), CS=collection set, F=free, A=archive, TAMS=top-at-mark-start (previous, next)
|   0|0x0000000080000000, 0x0000000080100000, 0x0000000080100000|100%| O|  |TAMS 0x0000000080100000, 0x0000000080000000| Updating 
|   1|0x0000000080100000, 0x0000000080200000, 0x0000000080200000|100%| O|  |TAMS 0x0000000080200000, 0x0000000080100000| Updating 
|   2|0x0000000080200000, 0x0000000080300000, 0x0000000080300000|100%| O|  |TAMS 0x0000000080300000, 0x0000000080200000| Updating 
|   3|0x0000000080300000, 0x0000000080400000, 0x0000000080400000|100%|HS|  |TAMS 0x0000000080400000, 0x0000000080300000| Complete 
|   4|0x0000000080400000, 0x0000000080500000, 0x0000000080500000|100%|HC|  |TAMS 0x0000000080500000, 0x0000000080400000| Complete 
|   5|0x0000000080500000, 0x0000000080600000, 0x0000000080600000|100%|HC|  |TAMS 0x0000000080600000, 0x0000000080500000| Complete 
|   6|0x0000000080600000, 0x0000000080700000, 0x0000000080700000|100%| O|  |TAMS 0x0000000080700000, 0x0000000080600000| Untracked 
|   7|0x0000000080700000, 0x0000000080800000, 0x0000000080800000|100%| O|  |TAMS 0x0000000080800000, 0x0000000080700000| Untracked 
|   8|0x0000000080800000, 0x0000000080900000, 0x0000000080900000|100%| O|  |TAMS 0x0000000080900000, 0x0000000080800000| Untracked 
|   9|0x0000000080900000, 0x0000000080a00000, 0x0000000080a00000|100%| O|  |TAMS 0x0000000080a00000, 0x0000000080900000| Untracked 
|  10|0x0000000080a00000, 0x0000000080b00000, 0x0000000080b00000|100%| O|  |TAMS 0x0000000080b00000, 0x0000000080a00000| Untracked 
|  11|0x0000000080b00000, 0x0000000080c00000, 0x0000000080c00000|100%| O|  |TAMS 0x0000000080c00000, 0x0000000080b00000| Untracked 
|  12|0x0000000080c00000, 0x0000000080d00000, 0x0000000080d00000|100%| O|  |TAMS 0x0000000080d00000, 0x0000000080c00000| Untracked 
|  13|0x0000000080d00000, 0x0000000080e00000, 0x0000000080e00000|100%| O|  |TAMS 0x0000000080e00000, 0x0000000080d00000| Untracked 
|  14|0x0000000080e00000, 0x0000000080f00000, 0x0000000080f00000|100%| O|  |TAMS 0x0000000080f00000, 0x0000000080e00000| Untracked 
|  15|0x0000000080f00000, 0x0000000081000000, 0x0000000081000000|100%| O|  |TAMS 0x0000000081000000, 0x0000000080f00000| Untracked 
|  16|0x0000000081000000, 0x0000000081100000, 0x0000000081100000|100%|HS|  |TAMS 0x0000000081100000, 0x0000000081000000| Complete 
|  17|0x0000000081100000, 0x0000000081200000, 0x0000000081200000|100%|HC|  |TAMS 0x0000000081200000, 0x0000000081100000| Complete 
|  18|0x0000000081200000, 0x0000000081300000, 0x0000000081300000|100%|HS|  |TAMS 0x0000000081300000, 0x0000000081200000| Complete 
|  19|0x0000000081300000, 0x0000000081400000, 0x0000000081400000|100%|HC|  |TAMS 0x0000000081400000, 0x0000000081300000| Complete 
|  20|0x0000000081400000, 0x0000000081500000, 0x0000000081500000|100%|HC|  |TAMS 0x0000000081500000, 0x0000000081400000| Complete 
|  21|0x0000000081500000, 0x0000000081600000, 0x0000000081600000|100%|HS|  |TAMS 0x0000000081600000, 0x0000000081500000| Complete 
|  22|0x0000000081600000, 0x0000000081700000, 0x0000000081700000|100%|HC|  |TAMS 0x0000000081700000, 0x0000000081600000| Complete 
|  23|0x0000000081700000, 0x0000000081800000, 0x0000000081800000|100%|HC|  |TAMS 0x0000000081800000, 0x0000000081700000| Complete 
|  24|0x0000000081800000, 0x0000000081900000, 0x0000000081900000|100%|HC|  |TAMS 0x0000000081900000, 0x0000000081800000| Complete 
|  25|0x0000000081900000, 0x0000000081a00000, 0x0000000081a00000|100%|HC|  |TAMS 0x0000000081a00000, 0x0000000081900000| Complete 
|  26|0x0000000081a00000, 0x0000000081b00000, 0x0000000081b00000|100%| O|  |TAMS 0x0000000081b00000, 0x0000000081a00000| Untracked 
|  27|0x0000000081b00000, 0x0000000081c00000, 0x0000000081c00000|100%| O|  |TAMS 0x0000000081c00000, 0x0000000081b00000| Untracked 
|  28|0x0000000081c00000, 0x0000000081d00000, 0x0000000081d00000|100%| O|  |TAMS 0x0000000081d00000, 0x0000000081c00000| Untracked 
|  29|0x0000000081d00000, 0x0000000081e00000, 0x0000000081e00000|100%| O|  |TAMS 0x0000000081e00000, 0x0000000081d00000| Untracked 
|  30|0x0000000081e00000, 0x0000000081f00000, 0x0000000081f00000|100%| O|  |TAMS 0x0000000081f00000, 0x0000000081e00000| Untracked 
|  31|0x0000000081f00000, 0x0000000082000000, 0x0000000082000000|100%| O|  |TAMS 0x0000000082000000, 0x0000000081f00000| Untracked 
|  32|0x0000000082000000, 0x0000000082100000, 0x0000000082100000|100%|HS|  |TAMS 0x0000000082100000, 0x0000000082000000| Complete 
|  33|0x0000000082100000, 0x0000000082200000, 0x0000000082200000|100%|HC|  |TAMS 0x0000000082200000, 0x0000000082100000| Complete 
|  34|0x0000000082200000, 0x0000000082300000, 0x0000000082300000|100%|HC|  |TAMS 0x0000000082300000, 0x0000000082200000| Complete 
|  35|0x0000000082300000, 0x0000000082400000, 0x0000000082400000|100%| O|  |TAMS 0x0000000082400000, 0x0000000082300000| Untracked 
|  36|0x0000000082400000, 0x0000000082500000, 0x0000000082500000|100%| O|  |TAMS 0x0000000082500000, 0x0000000082400000| Untracked 
|  37|0x0000000082500000, 0x0000000082600000, 0x0000000082600000|100%| O|  |TAMS 0x0000000082600000, 0x0000000082500000| Untracked 
|  38|0x0000000082600000, 0x0000000082700000, 0x0000000082700000|100%|HS|  |TAMS 0x0000000082700000, 0x0000000082600000| Complete 
|  39|0x0000000082700000, 0x0000000082800000, 0x0000000082800000|100%|HC|  |TAMS 0x0000000082800000, 0x0000000082700000| Complete 
|  40|0x0000000082800000, 0x0000000082900000, 0x0000000082900000|100%|HC|  |TAMS 0x0000000082900000, 0x0000000082800000| Complete 
|  41|0x0000000082900000, 0x0000000082a00000, 0x0000000082a00000|100%|HC|  |TAMS 0x0000000082a00000, 0x0000000082900000| Complete 
|  42|0x0000000082a00000, 0x0000000082b00000, 0x0000000082b00000|100%|HC|  |TAMS 0x0000000082b00000, 0x0000000082a00000| Complete 
|  43|0x0000000082b00000, 0x0000000082c00000, 0x0000000082c00000|100%| O|  |TAMS 0x0000000082c00000, 0x0000000082b00000| Untracked 
|  44|0x0000000082c00000, 0x0000000082d00000, 0x0000000082d00000|100%| O|  |TAMS 0x0000000082d00000, 0x0000000082c00000| Untracked 
|  45|0x0000000082d00000, 0x0000000082e00000, 0x0000000082e00000|100%| O|  |TAMS 0x0000000082e00000, 0x0000000082d00000| Untracked 
|  46|0x0000000082e00000, 0x0000000082f00000, 0x0000000082f00000|100%| O|  |TAMS 0x0000000082f00000, 0x0000000082e00000| Untracked 
|  47|0x0000000082f00000, 0x0000000083000000, 0x0000000083000000|100%|HS|  |TAMS 0x0000000083000000, 0x0000000082f00000| Complete 
|  48|0x0000000083000000, 0x0000000083100000, 0x0000000083100000|100%| O|  |TAMS 0x0000000083100000, 0x0000000083000000| Untracked 
|  49|0x0000000083100000, 0x0000000083200000, 0x0000000083200000|100%| O|  |TAMS 0x0000000083200000, 0x0000000083100000| Untracked 
|  50|0x0000000083200000, 0x0000000083300000, 0x0000000083300000|100%| O|  |TAMS 0x0000000083300000, 0x0000000083200000| Untracked 
|  51|0x0000000083300000, 0x0000000083400000, 0x0000000083400000|100%| O|  |TAMS 0x0000000083400000, 0x0000000083300000| Untracked 
|  52|0x0000000083400000, 0x0000000083500000, 0x0000000083500000|100%| O|  |TAMS 0x0000000083500000, 0x0000000083400000| Untracked 
|  53|0x0000000083500000, 0x0000000083600000, 0x0000000083600000|100%|HS|  |TAMS 0x0000000083600000, 0x0000000083500000| Complete 
|  54|0x0000000083600000, 0x0000000083700000, 0x0000000083700000|100%|HS|  |TAMS 0x0000000083700000, 0x0000000083600000| Complete 
|  55|0x0000000083700000, 0x0000000083800000, 0x0000000083800000|100%|HC|  |TAMS 0x0000000083800000, 0x0000000083700000| Complete 
|  56|0x0000000083800000, 0x0000000083900000, 0x0000000083900000|100%|HC|  |TAMS 0x0000000083900000, 0x0000000083800000| Complete 
|  57|0x0000000083900000, 0x0000000083a00000, 0x0000000083a00000|100%| O|  |TAMS 0x0000000083a00000, 0x0000000083900000| Untracked 
|  58|0x0000000083a00000, 0x0000000083b00000, 0x0000000083b00000|100%| O|  |TAMS 0x0000000083b00000, 0x0000000083a00000| Untracked 
|  59|0x0000000083b00000, 0x0000000083c00000, 0x0000000083c00000|100%| O|  |TAMS 0x0000000083c00000, 0x0000000083b00000| Untracked 
|  60|0x0000000083c00000, 0x0000000083d00000, 0x0000000083d00000|100%| O|  |TAMS 0x0000000083d00000, 0x0000000083c00000| Untracked 
|  61|0x0000000083d00000, 0x0000000083e00000, 0x0000000083e00000|100%| O|  |TAMS 0x0000000083e00000, 0x0000000083d00000| Untracked 
|  62|0x0000000083e00000, 0x0000000083f00000, 0x0000000083f00000|100%| O|  |TAMS 0x0000000083f00000, 0x0000000083e00000| Untracked 
|  63|0x0000000083f00000, 0x0000000083f34e00, 0x0000000084000000| 20%| O|  |TAMS 0x0000000083f34e00, 0x0000000083f00000| Untracked 
|  64|0x0000000084000000, 0x0000000084100000, 0x0000000084100000|100%|HS|  |TAMS 0x0000000084000000, 0x0000000084000000| Complete 
|  65|0x0000000084100000, 0x0000000084200000, 0x0000000084200000|100%|HC|  |TAMS 0x0000000084100000, 0x0000000084100000| Complete 
|  66|0x0000000084200000, 0x0000000084200000, 0x0000000084300000|  0%| F|  |TAMS 0x0000000084200000, 0x0000000084200000| Untracked 
|  67|0x0000000084300000, 0x0000000084300000, 0x0000000084400000|  0%| F|  |TAMS 0x0000000084300000, 0x0000000084300000| Untracked 
|  68|0x0000000084400000, 0x0000000084400000, 0x0000000084500000|  0%| F|  |TAMS 0x0000000084400000, 0x0000000084400000| Untracked 
|  69|0x0000000084500000, 0x0000000084500000, 0x0000000084600000|  0%| F|  |TAMS 0x0000000084500000, 0x0000000084500000| Untracked 
|  70|0x0000000084600000, 0x0000000084600000, 0x0000000084700000|  0%| F|  |TAMS 0x0000000084600000, 0x0000000084600000| Untracked 
|  71|0x0000000084700000, 0x0000000084700000, 0x0000000084800000|  0%| F|  |TAMS 0x0000000084700000, 0x0000000084700000| Untracked 
|  72|0x0000000084800000, 0x0000000084800000, 0x0000000084900000|  0%| F|  |TAMS 0x0000000084800000, 0x0000000084800000| Untracked 
|  73|0x0000000084900000, 0x0000000084900000, 0x0000000084a00000|  0%| F|  |TAMS 0x0000000084900000, 0x0000000084900000| Untracked 
|  74|0x0000000084a00000, 0x0000000084a00000, 0x0000000084b00000|  0%| F|  |TAMS 0x0000000084a00000, 0x0000000084a00000| Untracked 
|  75|0x0000000084b00000, 0x0000000084c00000, 0x0000000084c00000|100%| S|CS|TAMS 0x0000000084b00000, 0x0000000084b00000| Complete 
|  76|0x0000000084c00000, 0x0000000084c00000, 0x0000000084d00000|  0%| F|  |TAMS 0x0000000084c00000, 0x0000000084c00000| Untracked 
|  77|0x0000000084d00000, 0x0000000084d00000, 0x0000000084e00000|  0%| F|  |TAMS 0x0000000084d00000, 0x0000000084d00000| Untracked 
|  78|0x0000000084e00000, 0x0000000084e00000, 0x0000000084f00000|  0%| F|  |TAMS 0x0000000084e00000, 0x0000000084e00000| Untracked 
|  79|0x0000000084f00000, 0x0000000084f00000, 0x0000000085000000|  0%| F|  |TAMS 0x0000000084f00000, 0x0000000084f00000| Untracked 
|  80|0x0000000085000000, 0x0000000085000000, 0x0000000085100000|  0%| F|  |TAMS 0x0000000085000000, 0x0000000085000000| Untracked 
|  81|0x0000000085100000, 0x0000000085200000, 0x0000000085200000|100%| S|CS|TAMS 0x0000000085100000, 0x0000000085100000| Complete 
|  82|0x0000000085200000, 0x0000000085300000, 0x0000000085300000|100%| S|CS|TAMS 0x0000000085200000, 0x0000000085200000| Complete 
|  83|0x0000000085300000, 0x0000000085400000, 0x0000000085400000|100%| S|CS|TAMS 0x0000000085300000, 0x0000000085300000| Complete 
|  84|0x0000000085400000, 0x0000000085500000, 0x0000000085500000|100%| S|CS|TAMS 0x0000000085400000, 0x0000000085400000| Complete 
|  85|0x0000000085500000, 0x0000000085600000, 0x0000000085600000|100%| S|CS|TAMS 0x0000000085500000, 0x0000000085500000| Complete 
|  86|0x0000000085600000, 0x0000000085600000, 0x0000000085700000|  0%| F|  |TAMS 0x0000000085600000, 0x0000000085600000| Untracked 
|  87|0x0000000085700000, 0x0000000085700000, 0x0000000085800000|  0%| F|  |TAMS 0x0000000085700000, 0x0000000085700000| Untracked 
|  88|0x0000000085800000, 0x0000000085800000, 0x0000000085900000|  0%| F|  |TAMS 0x0000000085800000, 0x0000000085800000| Untracked 
|  89|0x0000000085900000, 0x0000000085900000, 0x0000000085a00000|  0%| F|  |TAMS 0x0000000085900000, 0x0000000085900000| Untracked 
|  90|0x0000000085a00000, 0x0000000085a00000, 0x0000000085b00000|  0%| F|  |TAMS 0x0000000085a00000, 0x0000000085a00000| Untracked 
|  91|0x0000000085b00000, 0x0000000085b00000, 0x0000000085c00000|  0%| F|  |TAMS 0x0000000085b00000, 0x0000000085b00000| Untracked 
|  92|0x0000000085c00000, 0x0000000085c00000, 0x0000000085d00000|  0%| F|  |TAMS 0x0000000085c00000, 0x0000000085c00000| Untracked 
|  93|0x0000000085d00000, 0x0000000085d00000, 0x0000000085e00000|  0%| F|  |TAMS 0x0000000085d00000, 0x0000000085d00000| Untracked 
|  94|0x0000000085e00000, 0x0000000085e00000, 0x0000000085f00000|  0%| F|  |TAMS 0x0000000085e00000, 0x0000000085e00000| Untracked 
|  95|0x0000000085f00000, 0x0000000085f00000, 0x0000000086000000|  0%| F|  |TAMS 0x0000000085f00000, 0x0000000085f00000| Untracked 
|  96|0x0000000086000000, 0x0000000086000000, 0x0000000086100000|  0%| F|  |TAMS 0x0000000086000000, 0x0000000086000000| Untracked 
|  97|0x0000000086100000, 0x0000000086100000, 0x0000000086200000|  0%| F|  |TAMS 0x0000000086100000, 0x0000000086100000| Untracked 
|  98|0x0000000086200000, 0x0000000086200000, 0x0000000086300000|  0%| F|  |TAMS 0x0000000086200000, 0x0000000086200000| Untracked 
|  99|0x0000000086300000, 0x0000000086300000, 0x0000000086400000|  0%| F|  |TAMS 0x0000000086300000, 0x0000000086300000| Untracked 
| 100|0x0000000086400000, 0x0000000086400000, 0x0000000086500000|  0%| F|  |TAMS 0x0000000086400000, 0x0000000086400000| Untracked 
| 101|0x0000000086500000, 0x0000000086500000, 0x0000000086600000|  0%| F|  |TAMS 0x0000000086500000, 0x0000000086500000| Untracked 
| 102|0x0000000086600000, 0x0000000086600000, 0x0000000086700000|  0%| F|  |TAMS 0x0000000086600000, 0x0000000086600000| Untracked 
| 103|0x0000000086700000, 0x0000000086700000, 0x0000000086800000|  0%| F|  |TAMS 0x0000000086700000, 0x0000000086700000| Untracked 
| 104|0x0000000086800000, 0x0000000086800000, 0x0000000086900000|  0%| F|  |TAMS 0x0000000086800000, 0x0000000086800000| Untracked 
| 105|0x0000000086900000, 0x0000000086900000, 0x0000000086a00000|  0%| F|  |TAMS 0x0000000086900000, 0x0000000086900000| Untracked 
| 106|0x0000000086a00000, 0x0000000086a00000, 0x0000000086b00000|  0%| F|  |TAMS 0x0000000086a00000, 0x0000000086a00000| Untracked 
| 107|0x0000000086b00000, 0x0000000086b00000, 0x0000000086c00000|  0%| F|  |TAMS 0x0000000086b00000, 0x0000000086b00000| Untracked 
| 108|0x0000000086c00000, 0x0000000086c00000, 0x0000000086d00000|  0%| F|  |TAMS 0x0000000086c00000, 0x0000000086c00000| Untracked 
| 109|0x0000000086d00000, 0x0000000086d00000, 0x0000000086e00000|  0%| F|  |TAMS 0x0000000086d00000, 0x0000000086d00000| Untracked 
| 110|0x0000000086e00000, 0x0000000086e00000, 0x0000000086f00000|  0%| F|  |TAMS 0x0000000086e00000, 0x0000000086e00000| Untracked 
| 111|0x0000000086f00000, 0x0000000086f00000, 0x0000000087000000|  0%| F|  |TAMS 0x0000000086f00000, 0x0000000086f00000| Untracked 
| 112|0x0000000087000000, 0x0000000087000000, 0x0000000087100000|  0%| F|  |TAMS 0x0000000087000000, 0x0000000087000000| Untracked 
| 113|0x0000000087100000, 0x0000000087100000, 0x0000000087200000|  0%| F|  |TAMS 0x0000000087100000, 0x0000000087100000| Untracked 
| 114|0x0000000087200000, 0x0000000087200000, 0x0000000087300000|  0%| F|  |TAMS 0x0000000087200000, 0x0000000087200000| Untracked 
| 115|0x0000000087300000, 0x0000000087300000, 0x0000000087400000|  0%| F|  |TAMS 0x0000000087300000, 0x0000000087300000| Untracked 
| 116|0x0000000087400000, 0x0000000087400000, 0x0000000087500000|  0%| F|  |TAMS 0x0000000087400000, 0x0000000087400000| Untracked 
| 117|0x0000000087500000, 0x0000000087500000, 0x0000000087600000|  0%| F|  |TAMS 0x0000000087500000, 0x0000000087500000| Untracked 
| 118|0x0000000087600000, 0x0000000087600000, 0x0000000087700000|  0%| F|  |TAMS 0x0000000087600000, 0x0000000087600000| Untracked 
| 119|0x0000000087700000, 0x00000000877fcfc0, 0x0000000087800000| 98%| E|  |TAMS 0x0000000087700000, 0x0000000087700000| Complete 
| 120|0x0000000087800000, 0x0000000087900000, 0x0000000087900000|100%| E|CS|TAMS 0x0000000087800000, 0x0000000087800000| Complete 
| 121|0x0000000087900000, 0x0000000087a00000, 0x0000000087a00000|100%| E|CS|TAMS 0x0000000087900000, 0x0000000087900000| Complete 
| 122|0x0000000087a00000, 0x0000000087b00000, 0x0000000087b00000|100%| E|CS|TAMS 0x0000000087a00000, 0x0000000087a00000| Complete 
| 123|0x0000000087b00000, 0x0000000087c00000, 0x0000000087c00000|100%| E|CS|TAMS 0x0000000087b00000, 0x0000000087b00000| Complete 
| 124|0x0000000087c00000, 0x0000000087d00000, 0x0000000087d00000|100%| E|CS|TAMS 0x0000000087c00000, 0x0000000087c00000| Complete 
| 125|0x0000000087d00000, 0x0000000087e00000, 0x0000000087e00000|100%| E|CS|TAMS 0x0000000087d00000, 0x0000000087d00000| Complete 

Card table byte_map: [0x0000015da8f10000,0x0000015da9310000] _byte_map_base: 0x0000015da8b10000

Marking Bits (Prev, Next): (CMBitMap*) 0x0000015d8f40ec18, (CMBitMap*) 0x0000015d8f40ec50
 Prev Bits: [0x0000015da9710000, 0x0000015dab710000)
 Next Bits: [0x0000015dab710000, 0x0000015dad710000)

Polling page: 0x0000015d8f230000

Metaspace:

Usage:
  Non-class:     43.28 MB capacity,    42.35 MB ( 98%) used,   826.19 KB (  2%) free+waste,   132.94 KB ( <1%) overhead. 
      Class:      6.67 MB capacity,     6.19 MB ( 93%) used,   428.36 KB (  6%) free+waste,    63.69 KB ( <1%) overhead. 
       Both:     49.96 MB capacity,    48.54 MB ( 97%) used,     1.23 MB (  2%) free+waste,   196.63 KB ( <1%) overhead. 

Virtual space:
  Non-class space:       44.00 MB reserved,      43.50 MB ( 99%) committed 
      Class space:        1.00 GB reserved,       6.75 MB ( <1%) committed 
             Both:        1.04 GB reserved,      50.25 MB (  5%) committed 

Chunk freelists:
   Non-Class:  3.75 KB
       Class:  2.00 KB
        Both:  5.75 KB

CodeHeap 'non-profiled nmethods': size=120000Kb used=3201Kb max_used=3201Kb free=116798Kb
 bounds [0x0000015da0b60000, 0x0000015da0e90000, 0x0000015da8090000]
CodeHeap 'profiled nmethods': size=120000Kb used=11423Kb max_used=11423Kb free=108576Kb
 bounds [0x0000015d99630000, 0x0000015d9a160000, 0x0000015da0b60000]
CodeHeap 'non-nmethods': size=5760Kb used=2221Kb max_used=2270Kb free=3538Kb
 bounds [0x0000015d99090000, 0x0000015d99300000, 0x0000015d99630000]
 total_blobs=6424 nmethods=5629 adapters=706
 compilation: enabled
              stopped_count=0, restarted_count=0
 full_count=0

Compilation events (10 events):
Event: 6.574 Thread 0x0000015db022a000 nmethod 5608 0x0000015d9a142310 code [0x0000015d9a142500, 0x0000015d9a142d58]
Event: 6.574 Thread 0x0000015db022a000 5609       3       java.lang.StringConcatHelper::newString (46 bytes)
Event: 6.574 Thread 0x0000015db022a000 nmethod 5609 0x0000015d9a142e90 code [0x0000015d9a143120, 0x0000015d9a143ba8]
Event: 6.574 Thread 0x0000015db022a000 5607       3       jdk.internal.loader.URLClassPath$JarLoader::isOptimizable (10 bytes)
Event: 6.574 Thread 0x0000015db022a000 nmethod 5607 0x0000015d9a143f90 code [0x0000015d9a144140, 0x0000015d9a144288]
Event: 6.574 Thread 0x0000015db022a000 5610       3       java.util.jar.Manifest::read (340 bytes)
Event: 6.576 Thread 0x0000015db022a000 nmethod 5610 0x0000015d9a144390 code [0x0000015d9a144760, 0x0000015d9a146398]
Event: 6.594 Thread 0x0000015db2596800 5611       4       java.util.HashMap::putVal (300 bytes)
Event: 6.602 Thread 0x0000015db2596800 nmethod 5611 0x0000015da0e76510 code [0x0000015da0e766e0, 0x0000015da0e76e68]
Event: 6.627 Thread 0x0000015db4494000 nmethod 5599 0x0000015da0e77310 code [0x0000015da0e77600, 0x0000015da0e7a400]

GC Heap History (10 events):
Event: 4.888 GC heap before
{Heap before GC invocations=8 (full 0):
 garbage-first heap   total 129024K, used 89578K [0x0000000080000000, 0x0000000100000000)
  region size 1024K, 55 young (56320K), 5 survivors (5120K)
 Metaspace       used 40404K, capacity 41424K, committed 41728K, reserved 1085440K
  class space    used 5175K, capacity 5565K, committed 5632K, reserved 1048576K
}
Event: 4.895 GC heap after
{Heap after GC invocations=9 (full 0):
 garbage-first heap   total 129024K, used 40927K [0x0000000080000000, 0x0000000100000000)
  region size 1024K, 6 young (6144K), 6 survivors (6144K)
 Metaspace       used 40404K, capacity 41424K, committed 41728K, reserved 1085440K
  class space    used 5175K, capacity 5565K, committed 5632K, reserved 1048576K
}
Event: 5.423 GC heap before
{Heap before GC invocations=10 (full 0):
 garbage-first heap   total 129024K, used 98271K [0x0000000080000000, 0x0000000100000000)
  region size 1024K, 55 young (56320K), 6 survivors (6144K)
 Metaspace       used 43457K, capacity 44654K, committed 44800K, reserved 1087488K
  class space    used 5572K, capacity 6037K, committed 6144K, reserved 1048576K
}
Event: 5.431 GC heap after
{Heap after GC invocations=11 (full 0):
 garbage-first heap   total 129024K, used 53475K [0x0000000080000000, 0x0000000100000000)
  region size 1024K, 6 young (6144K), 6 survivors (6144K)
 Metaspace       used 43457K, capacity 44654K, committed 44800K, reserved 1087488K
  class space    used 5572K, capacity 6037K, committed 6144K, reserved 1048576K
}
Event: 5.803 GC heap before
{Heap before GC invocations=11 (full 0):
 garbage-first heap   total 129024K, used 96483K [0x0000000080000000, 0x0000000100000000)
  region size 1024K, 47 young (48128K), 6 survivors (6144K)
 Metaspace       used 46691K, capacity 47914K, committed 48256K, reserved 1091584K
  class space    used 5951K, capacity 6401K, committed 6528K, reserved 1048576K
}
Event: 5.808 GC heap after
{Heap after GC invocations=12 (full 0):
 garbage-first heap   total 129024K, used 55887K [0x0000000080000000, 0x0000000100000000)
  region size 1024K, 3 young (3072K), 3 survivors (3072K)
 Metaspace       used 46691K, capacity 47914K, committed 48256K, reserved 1091584K
  class space    used 5951K, capacity 6401K, committed 6528K, reserved 1048576K
}
Event: 6.132 GC heap before
{Heap before GC invocations=12 (full 0):
 garbage-first heap   total 129024K, used 98895K [0x0000000080000000, 0x0000000100000000)
  region size 1024K, 45 young (46080K), 3 survivors (3072K)
 Metaspace       used 48755K, capacity 50105K, committed 50304K, reserved 1093632K
  class space    used 6260K, capacity 6704K, committed 6784K, reserved 1048576K
}
Event: 6.135 GC heap after
{Heap after GC invocations=13 (full 0):
 garbage-first heap   total 129024K, used 57707K [0x0000000080000000, 0x0000000100000000)
  region size 1024K, 5 young (5120K), 5 survivors (5120K)
 Metaspace       used 48755K, capacity 50105K, committed 50304K, reserved 1093632K
  class space    used 6260K, capacity 6704K, committed 6784K, reserved 1048576K
}
Event: 6.619 GC heap before
{Heap before GC invocations=13 (full 0):
 garbage-first heap   total 129024K, used 101739K [0x0000000080000000, 0x0000000100000000)
  region size 1024K, 45 young (46080K), 5 survivors (5120K)
 Metaspace       used 49664K, capacity 51040K, committed 51200K, reserved 1093632K
  class space    used 6332K, capacity 6794K, committed 6912K, reserved 1048576K
}
Event: 6.626 GC heap after
{Heap after GC invocations=14 (full 0):
 garbage-first heap   total 129024K, used 70867K [0x0000000080000000, 0x0000000100000000)
  region size 1024K, 6 young (6144K), 6 survivors (6144K)
 Metaspace       used 49664K, capacity 51040K, committed 51200K, reserved 1093632K
  class space    used 6332K, capacity 6794K, committed 6912K, reserved 1048576K
}

Deoptimization events (10 events):
Event: 6.322 Thread 0x0000015db695d800 Uncommon trap: reason=unstable_if action=reinterpret pc=0x0000015da0c8a7a0 method=java.util.concurrent.ConcurrentHashMap.addCount(JI)V @ 34 c2
Event: 6.323 Thread 0x0000015db695b000 Uncommon trap: reason=unstable_if action=reinterpret pc=0x0000015da0c3fb8c method=java.util.concurrent.ConcurrentHashMap.addCount(JI)V @ 7 c2
Event: 6.332 Thread 0x0000015db695c000 Uncommon trap: reason=unstable_if action=reinterpret pc=0x0000015da0e23b38 method=com.esotericsoftware.kryo.io.Output.writeString(Ljava/lang/CharSequence;)V @ 1 c2
Event: 6.333 Thread 0x0000015db2537000 Uncommon trap: reason=unstable_if action=reinterpret pc=0x0000015da0e3c38c method=java.util.concurrent.locks.ReentrantLock$Sync.nonfairTryAcquire(I)Z @ 19 c2
Event: 6.378 Thread 0x0000015db2537000 Uncommon trap: reason=profile_predicate action=maybe_recompile pc=0x0000015da0ddeff4 method=java.util.stream.ReferencePipeline.forEachWithCancel(Ljava/util/Spliterator;Ljava/util/stream/Sink;)Z @ 8 c2
Event: 6.379 Thread 0x0000015db2537000 Uncommon trap: reason=profile_predicate action=maybe_recompile pc=0x0000015da0ddeff4 method=java.util.stream.ReferencePipeline.forEachWithCancel(Ljava/util/Spliterator;Ljava/util/stream/Sink;)Z @ 8 c2
Event: 6.381 Thread 0x0000015db2537000 Uncommon trap: reason=profile_predicate action=maybe_recompile pc=0x0000015da0ddeff4 method=java.util.stream.ReferencePipeline.forEachWithCancel(Ljava/util/Spliterator;Ljava/util/stream/Sink;)Z @ 8 c2
Event: 6.386 Thread 0x0000015db2537000 Uncommon trap: reason=profile_predicate action=maybe_recompile pc=0x0000015da0ddeff4 method=java.util.stream.ReferencePipeline.forEachWithCancel(Ljava/util/Spliterator;Ljava/util/stream/Sink;)Z @ 8 c2
Event: 6.543 Thread 0x0000015db2537000 Uncommon trap: reason=bimorphic_or_optimized_type_check action=maybe_recompile pc=0x0000015da0d6a8e8 method=java.util.AbstractCollection.addAll(Ljava/util/Collection;)Z @ 29 c2
Event: 6.598 Thread 0x0000015db2537000 Uncommon trap: reason=unstable_if action=reinterpret pc=0x0000015da0dc2578 method=java.lang.StringCoding.newStringUTF8NoRepl([BII)Ljava/lang/String; @ 12 c2

Classes redefined (0 events):
No events

Internal exceptions (10 events):
Event: 6.575 Thread 0x0000015db2537000 Exception <a 'java/security/PrivilegedActionException'{0x0000000085a73d68}> (0x0000000085a73d68) thrown at [./open/src/hotspot/share/prims/jvm.cpp, line 1305]
Event: 6.575 Thread 0x0000015db2537000 Exception <a 'java/security/PrivilegedActionException'{0x0000000085a75578}> (0x0000000085a75578) thrown at [./open/src/hotspot/share/prims/jvm.cpp, line 1305]
Event: 6.575 Thread 0x0000015db2537000 Exception <a 'java/security/PrivilegedActionException'{0x0000000085a78cf8}> (0x0000000085a78cf8) thrown at [./open/src/hotspot/share/prims/jvm.cpp, line 1305]
Event: 6.575 Thread 0x0000015db2537000 Exception <a 'java/security/PrivilegedActionException'{0x0000000085a7a508}> (0x0000000085a7a508) thrown at [./open/src/hotspot/share/prims/jvm.cpp, line 1305]
Event: 6.575 Thread 0x0000015db2537000 Exception <a 'java/security/PrivilegedActionException'{0x0000000085a7dbe0}> (0x0000000085a7dbe0) thrown at [./open/src/hotspot/share/prims/jvm.cpp, line 1305]
Event: 6.575 Thread 0x0000015db2537000 Exception <a 'java/security/PrivilegedActionException'{0x0000000085a7f3f0}> (0x0000000085a7f3f0) thrown at [./open/src/hotspot/share/prims/jvm.cpp, line 1305]
Event: 6.576 Thread 0x0000015db2537000 Exception <a 'java/security/PrivilegedActionException'{0x0000000085a82ae8}> (0x0000000085a82ae8) thrown at [./open/src/hotspot/share/prims/jvm.cpp, line 1305]
Event: 6.576 Thread 0x0000015db2537000 Exception <a 'java/security/PrivilegedActionException'{0x0000000085a842f8}> (0x0000000085a842f8) thrown at [./open/src/hotspot/share/prims/jvm.cpp, line 1305]
Event: 6.576 Thread 0x0000015db2537000 Exception <a 'java/security/PrivilegedActionException'{0x0000000085a87a78}> (0x0000000085a87a78) thrown at [./open/src/hotspot/share/prims/jvm.cpp, line 1305]
Event: 6.576 Thread 0x0000015db2537000 Exception <a 'java/security/PrivilegedActionException'{0x0000000085a89288}> (0x0000000085a89288) thrown at [./open/src/hotspot/share/prims/jvm.cpp, line 1305]

Events (10 events):
Event: 6.598 Thread 0x0000015db2537000 DEOPT PACKING pc=0x0000015da0dc2578 sp=0x00000038a7cecb70
Event: 6.598 Thread 0x0000015db2537000 DEOPT UNPACKING pc=0x0000015d990b662f sp=0x00000038a7ceca70 mode 2
Event: 6.598 Thread 0x0000015db2537000 DEOPT PACKING pc=0x0000015d99afcdfc sp=0x00000038a7ceccc0
Event: 6.598 Thread 0x0000015db2537000 DEOPT UNPACKING pc=0x0000015d990b6dde sp=0x00000038a7cec298 mode 0
Event: 6.614 Thread 0x0000015db2537000 DEOPT PACKING pc=0x0000015d99afcdfc sp=0x00000038a7ceccc0
Event: 6.614 Thread 0x0000015db2537000 DEOPT UNPACKING pc=0x0000015d990b6dde sp=0x00000038a7cec298 mode 0
Event: 6.619 Executing VM operation: G1CollectForAllocation
Event: 6.626 Executing VM operation: G1CollectForAllocation done
Event: 6.628 Thread 0x0000015db2537000 DEOPT PACKING pc=0x0000015d99afcdfc sp=0x00000038a7ceccc0
Event: 6.628 Thread 0x0000015db2537000 DEOPT UNPACKING pc=0x0000015d990b6dde sp=0x00000038a7cec298 mode 0


Dynamic libraries:
0x00007ff741f30000 - 0x00007ff741f3f000 	C:\Program Files\Java\jdk-11.0.12\bin\java.exe
0x00007ffa993a0000 - 0x00007ffa99590000 	C:\Windows\SYSTEM32\ntdll.dll
0x00007ffa992a0000 - 0x00007ffa99352000 	C:\Windows\System32\KERNEL32.DLL
0x00007ffa96340000 - 0x00007ffa965e5000 	C:\Windows\System32\KERNELBASE.dll
0x00007ffa971f0000 - 0x00007ffa972ea000 	C:\Windows\System32\ucrtbase.dll
0x00007ffa907e0000 - 0x00007ffa907f5000 	C:\Program Files\Java\jdk-11.0.12\bin\VCRUNTIME140.dll
0x00007ffa8fa00000 - 0x00007ffa8fa18000 	C:\Program Files\Java\jdk-11.0.12\bin\jli.dll
0x00007ffa97450000 - 0x00007ffa974f3000 	C:\Windows\System32\ADVAPI32.dll
0x00007ffa983e0000 - 0x00007ffa9847e000 	C:\Windows\System32\msvcrt.dll
0x00007ffa982d0000 - 0x00007ffa98367000 	C:\Windows\System32\sechost.dll
0x00007ffa97ad0000 - 0x00007ffa97bef000 	C:\Windows\System32\RPCRT4.dll
0x00007ffa98080000 - 0x00007ffa98214000 	C:\Windows\System32\USER32.dll
0x00007ffa96310000 - 0x00007ffa96331000 	C:\Windows\System32\win32u.dll
0x00007ffa98dd0000 - 0x00007ffa98df6000 	C:\Windows\System32\GDI32.dll
0x00007ffa96e50000 - 0x00007ffa96fe8000 	C:\Windows\System32\gdi32full.dll
0x00007ffa97010000 - 0x00007ffa970ae000 	C:\Windows\System32\msvcp_win.dll
0x00007ffa84330000 - 0x00007ffa845b4000 	C:\Windows\WinSxS\amd64_microsoft.windows.common-controls_6595b64144ccf1df_6.0.18362.1556_none_9e7e372fe45e41d5\COMCTL32.dll
0x00007ffa97ce0000 - 0x00007ffa98016000 	C:\Windows\System32\combase.dll
0x00007ffa970b0000 - 0x00007ffa97131000 	C:\Windows\System32\bcryptPrimitives.dll
0x00007ffa8e010000 - 0x00007ffa8e01a000 	C:\Windows\SYSTEM32\VERSION.dll
0x00007ffa982a0000 - 0x00007ffa982ce000 	C:\Windows\System32\IMM32.DLL
0x00007ffa59000000 - 0x00007ffa5909b000 	C:\Program Files\Java\jdk-11.0.12\bin\msvcp140.dll
0x00007ffa40680000 - 0x00007ffa4117f000 	C:\Program Files\Java\jdk-11.0.12\bin\server\jvm.dll
0x00007ffa98e00000 - 0x00007ffa98e08000 	C:\Windows\System32\PSAPI.DLL
0x00007ffa91560000 - 0x00007ffa91569000 	C:\Windows\SYSTEM32\WSOCK32.dll
0x00007ffa92600000 - 0x00007ffa92624000 	C:\Windows\SYSTEM32\WINMM.dll
0x00007ffa98370000 - 0x00007ffa983df000 	C:\Windows\System32\WS2_32.dll
0x00007ffa925d0000 - 0x00007ffa925fd000 	C:\Windows\SYSTEM32\winmmbase.dll
0x00007ffa971a0000 - 0x00007ffa971ea000 	C:\Windows\System32\cfgmgr32.dll
0x00007ffa96260000 - 0x00007ffa96271000 	C:\Windows\System32\kernel.appcore.dll
0x00007ffa90930000 - 0x00007ffa90940000 	C:\Program Files\Java\jdk-11.0.12\bin\verify.dll
0x00007ffa822c0000 - 0x00007ffa824b4000 	C:\Windows\SYSTEM32\DBGHELP.DLL
0x00007ffa681f0000 - 0x00007ffa6821a000 	C:\Windows\SYSTEM32\dbgcore.DLL
0x00007ffa88b00000 - 0x00007ffa88b28000 	C:\Program Files\Java\jdk-11.0.12\bin\java.dll
0x00007ffa90860000 - 0x00007ffa9086a000 	C:\Program Files\Java\jdk-11.0.12\bin\jimage.dll
0x00007ffa8f9e0000 - 0x00007ffa8f9f6000 	C:\Program Files\Java\jdk-11.0.12\bin\zip.dll
0x00007ffa98560000 - 0x00007ffa98c47000 	C:\Windows\System32\SHELL32.dll
0x00007ffa98d20000 - 0x00007ffa98dc8000 	C:\Windows\System32\shcore.dll
0x00007ffa966a0000 - 0x00007ffa96e1b000 	C:\Windows\System32\windows.storage.dll
0x00007ffa962f0000 - 0x00007ffa9630e000 	C:\Windows\System32\profapi.dll
0x00007ffa96280000 - 0x00007ffa962ca000 	C:\Windows\System32\powrprof.dll
0x00007ffa96250000 - 0x00007ffa96260000 	C:\Windows\System32\UMPDC.dll
0x00007ffa98020000 - 0x00007ffa98072000 	C:\Windows\System32\shlwapi.dll
0x00007ffa96ff0000 - 0x00007ffa97007000 	C:\Windows\System32\cryptsp.dll
0x00007ffa8e5c0000 - 0x00007ffa8e5d9000 	C:\Program Files\Java\jdk-11.0.12\bin\net.dll
0x00007ffa885d0000 - 0x00007ffa886ca000 	C:\Windows\SYSTEM32\WINHTTP.dll
0x00007ffa95a90000 - 0x00007ffa95af7000 	C:\Windows\system32\mswsock.dll
0x00007ffa88770000 - 0x00007ffa88782000 	C:\Program Files\Java\jdk-11.0.12\bin\nio.dll
0x00007ffa8e550000 - 0x00007ffa8e577000 	C:\Users\OmarTaha\.gradle\native\8bec1ad78214c89d9ad589b4d07fe93259594b29d510b10fafb7a158f7737e5d\windows-amd64\native-platform.dll
0x00007ffa8b2c0000 - 0x00007ffa8b3fd000 	C:\Users\OmarTaha\.gradle\native\53dbd7edfb1c66fb8903c78663c9afc45aea4f116125fa6feffd364cf09443e8\windows-amd64\native-platform-file-events.dll
0x00007ffa915e0000 - 0x00007ffa915e9000 	C:\Program Files\Java\jdk-11.0.12\bin\management.dll
0x00007ffa909c0000 - 0x00007ffa909cb000 	C:\Program Files\Java\jdk-11.0.12\bin\management_ext.dll
0x00007ffa95610000 - 0x00007ffa95643000 	C:\Windows\system32\rsaenh.dll
0x00007ffa96e20000 - 0x00007ffa96e46000 	C:\Windows\System32\bcrypt.dll
0x00007ffa96170000 - 0x00007ffa96195000 	C:\Windows\SYSTEM32\USERENV.dll
0x00007ffa95c60000 - 0x00007ffa95c6c000 	C:\Windows\SYSTEM32\CRYPTBASE.dll
0x00007ffa957a0000 - 0x00007ffa957da000 	C:\Windows\SYSTEM32\IPHLPAPI.DLL
0x00007ffa98230000 - 0x00007ffa98238000 	C:\Windows\System32\NSI.dll
0x00007ffa8f430000 - 0x00007ffa8f446000 	C:\Windows\SYSTEM32\dhcpcsvc6.DLL
0x00007ffa8fb60000 - 0x00007ffa8fb7c000 	C:\Windows\SYSTEM32\dhcpcsvc.DLL
0x00007ffa957e0000 - 0x00007ffa958ab000 	C:\Windows\SYSTEM32\DNSAPI.dll

dbghelp: loaded successfully - version: 4.0.5 - missing functions: none
symbol engine: initialized successfully - sym options: 0x614 - pdb path: .;C:\Program Files\Java\jdk-11.0.12\bin;C:\Windows\SYSTEM32;C:\Windows\WinSxS\amd64_microsoft.windows.common-controls_6595b64144ccf1df_6.0.18362.1556_none_9e7e372fe45e41d5;C:\Program Files\Java\jdk-11.0.12\bin\server;C:\Users\OmarTaha\.gradle\native\8bec1ad78214c89d9ad589b4d07fe93259594b29d510b10fafb7a158f7737e5d\windows-amd64;C:\Users\OmarTaha\.gradle\native\53dbd7edfb1c66fb8903c78663c9afc45aea4f116125fa6feffd364cf09443e8\windows-amd64

VM Arguments:
jvm_args: --add-opens=java.base/java.util=ALL-UNNAMED --add-opens=java.base/java.lang=ALL-UNNAMED --add-opens=java.base/java.lang.invoke=ALL-UNNAMED --add-opens=java.base/java.util=ALL-UNNAMED --add-opens=java.prefs/java.util.prefs=ALL-UNNAMED --add-opens=java.prefs/java.util.prefs=ALL-UNNAMED --add-opens=java.base/java.nio.charset=ALL-UNNAMED --add-opens=java.base/java.net=ALL-UNNAMED --add-opens=java.base/java.util.concurrent.atomic=ALL-UNNAMED -Xmx2048m -Dfile.encoding=windows-1252 -Duser.country=US -Duser.language=en -Duser.variant 
java_command: org.gradle.launcher.daemon.bootstrap.GradleDaemon 7.1-rc-1
java_class_path (initial): C:\Users\OmarTaha\.gradle\wrapper\dists\gradle-7.1-rc-1-bin\89hqeppvp8dbb4pzs5e0rkzxn\gradle-7.1-rc-1\lib\gradle-launcher-7.1.jar
Launcher Type: SUN_STANDARD

[Global flags]
     intx CICompilerCount                          = 4                                         {product} {ergonomic}
     uint ConcGCThreads                            = 2                                         {product} {ergonomic}
     uint G1ConcRefinementThreads                  = 8                                         {product} {ergonomic}
   size_t G1HeapRegionSize                         = 1048576                                   {product} {ergonomic}
    uintx GCDrainStackTargetSize                   = 64                                        {product} {ergonomic}
   size_t InitialHeapSize                          = 132120576                                 {product} {ergonomic}
   size_t MarkStackSize                            = 4194304                                   {product} {ergonomic}
   size_t MaxHeapSize                              = 2147483648                                {product} {command line}
   size_t MaxNewSize                               = 1287651328                                {product} {ergonomic}
   size_t MinHeapDeltaBytes                        = 1048576                                   {product} {ergonomic}
    uintx NonNMethodCodeHeapSize                   = 5836300                                {pd product} {ergonomic}
    uintx NonProfiledCodeHeapSize                  = 122910970                              {pd product} {ergonomic}
    uintx ProfiledCodeHeapSize                     = 122910970                              {pd product} {ergonomic}
    uintx ReservedCodeCacheSize                    = 251658240                              {pd product} {ergonomic}
     bool SegmentedCodeCache                       = true                                      {product} {ergonomic}
     bool UseCompressedClassPointers               = true                                 {lp64_product} {ergonomic}
     bool UseCompressedOops                        = true                                 {lp64_product} {ergonomic}
     bool UseG1GC                                  = true                                      {product} {ergonomic}
     bool UseLargePagesIndividualAllocation        = false                                  {pd product} {ergonomic}

Logging:
Log output configuration:
 #0: stdout all=warning uptime,level,tags
 #1: stderr all=off uptime,level,tags

Environment Variables:
JAVA_HOME=C:\Program Files\Java\jdk-11.0.12\bin
PATH=C:\Program Files\Common Files\Oracle\Java\javapath;C:\Program Files (x86)\Common Files\Oracle\Java\javapath;C:\Program Files (x86)\Common Files\Intel\Shared Libraries\redist\intel64\compiler;C:\Program Files\Java\jdk-12.0.2\bin;C:\Windows\system32;C:\Windows;C:\Windows\System32\Wbem;C:\Windows\System32\WindowsPowerShell\v1.0\;C:\Windows\System32\OpenSSH\;C:\Program Files\dotnet\;C:\Program Files\Microsoft SQL Server\120\Tools\Binn\;C:\Program Files\Microsoft SQL Server\120\DTS\Binn\;C:\Program Files\Microsoft SQL Server\Client SDK\ODBC\110\Tools\Binn\;C:\Program Files (x86)\Microsoft SQL Server\120\Tools\Binn\;C:\Program Files (x86)\Microsoft SQL Server\120\Tools\Binn\ManagementStudio\;C:\Program Files (x86)\Microsoft SQL Server\120\DTS\Binn\;C:\Windows\Microsoft.NET\Framework\v3.5;C:\Program Files\Microsoft SQL Server\130\Tools\Binn\;C:\Program Files\Microsoft SQL Server\Client SDK\ODBC\170\Tools\Binn\;C:\Program Files\MATLAB\R2016a\runtime\win64;C:\Program Files\MATLAB\R2016a\bin;C:\Program Files\MATLAB\R2016a\polyspace\bin;C:\Program Files (x86)\dotnet\;C:\sqlite;C:\Program Files\Git\cmd;C:\Users\OmarTaha\AppData\Local\Programs\Python\Python310;C:\Users\OmarTaha\AppData\Local\Programs\Python\Python310\Scripts;C:\Users\OmarTaha\AppData\Local\Programs\Python\Python38-32\Scripts\;C:\Users\OmarTaha\AppData\Local\Programs\Python\Python38-32\;C:\Users\OmarTaha\AppData\Local\Microsoft\WindowsApps;C:\Users\OmarTaha\AppData\Local\Programs\Microsoft VS Code\bin;C:\Users\OmarTaha\.dotnet\tools;C:\Program Files\JetBrains\PyCharm Community Edition 2020.2.4\bin;;C:\Users\OmarTaha\AppData\Local\GitHubDesktop\bin;
USERNAME=OmarTaha
OS=Windows_NT
PROCESSOR_IDENTIFIER=Intel64 Family 6 Model 60 Stepping 3, GenuineIntel



---------------  S Y S T E M  ---------------

OS: Windows 10 , 64 bit Build 18362 (10.0.18362.1500)

CPU:total 8 (initial active 8) (4 cores per cpu, 2 threads per core) family 6 model 60 stepping 3 microcode 0x28, cmov, cx8, fxsr, mmx, sse, sse2, sse3, ssse3, sse4.1, sse4.2, popcnt, avx, avx2, aes, clmul, erms, lzcnt, ht, tsc, tscinvbit, bmi1, bmi2, fma

Memory: 4k page, system-wide physical 7993M (572M free)
TotalPageFile size 13993M (AvailPageFile size 5M)
current process WorkingSet (physical memory assigned to process): 301M, peak: 301M
current process commit charge ("private bytes"): 346M, peak: 347M

vm_info: Java HotSpot(TM) 64-Bit Server VM (11.0.12+8-LTS-237) for windows-amd64 JRE (11.0.12+8-LTS-237), built on Jun  8 2021 11:25:59 by "mach5one" with MS VC++ 15.9 (VS2017)

END.
