#
# There is insufficient memory for the Java Runtime Environment to continue.
# Native memory allocation (malloc) failed to allocate 677696 bytes for Chunk::new
# Possible reasons:
#   The system is out of physical RAM or swap space
#   The process is running with CompressedOops enabled, and the Java Heap may be blocking the growth of the native heap
# Possible solutions:
#   Reduce memory load on the system
#   Increase physical memory or swap space
#   Check if swap backing store is full
#   Decrease Java heap size (-Xmx/-Xms)
#   Decrease number of Java threads
#   Decrease Java thread stack sizes (-Xss)
#   Set larger code cache with -XX:ReservedCodeCacheSize=
#   JVM is running with Unscaled Compressed Oops mode in which the Java heap is
#     placed in the first 4GB address space. The Java Heap base address is the
#     maximum limit for the native heap growth. Please use -XX:HeapBaseMinAddress
#     to set the Java Heap base and to place the Java Heap above 4GB virtual address.
# This output file may be truncated or incomplete.
#
#  Out of Memory Error (./src/hotspot/share/memory/arena.cpp:197), pid=11348, tid=12244
#
# JRE version: OpenJDK Runtime Environment (11.0.10) (build 11.0.10+0-b96-7249189)
# Java VM: OpenJDK 64-Bit Server VM (11.0.10+0-b96-7249189, mixed mode, tiered, compressed oops, g1 gc, windows-amd64)
# No core dump will be written. Minidumps are not enabled by default on client versions of Windows
#

---------------  S U M M A R Y ------------

Command Line: --add-opens=java.base/java.util=ALL-UNNAMED --add-opens=java.base/java.lang=ALL-UNNAMED --add-opens=java.base/java.lang.invoke=ALL-UNNAMED --add-opens=java.base/java.util=ALL-UNNAMED --add-opens=java.prefs/java.util.prefs=ALL-UNNAMED --add-opens=java.prefs/java.util.prefs=ALL-UNNAMED --add-opens=java.base/java.nio.charset=ALL-UNNAMED --add-opens=java.base/java.net=ALL-UNNAMED --add-opens=java.base/java.util.concurrent.atomic=ALL-UNNAMED -Xmx2048m -Dfile.encoding=windows-1252 -Duser.country=US -Duser.language=en -Duser.variant org.gradle.launcher.daemon.bootstrap.GradleDaemon 7.1-rc-1

Host: Intel(R) Core(TM) i7-4800MQ CPU @ 2.70GHz, 8 cores, 7G,  Windows 10 , 64 bit Build 18362 (10.0.18362.1500)
Time: Sat Oct  9 13:49:22 2021 Arab Standard Time elapsed time: 6.681176 seconds (0d 0h 0m 6s)

---------------  T H R E A D  ---------------

Current thread (0x00000257708f5800):  JavaThread "C2 CompilerThread2" daemon [_thread_in_native, id=12244, stack(0x000000aeffe00000,0x000000aefff00000)]


Current CompileTask:
C2:   6681 2468   !   4       java.net.URLClassLoader$1::run (63 bytes)

Stack: [0x000000aeffe00000,0x000000aefff00000]
Native frames: (J=compiled Java code, j=interpreted, Vv=VM code, C=native code)
V  [jvm.dll+0x5ecfaa]
V  [jvm.dll+0x722bd5]
V  [jvm.dll+0x72412d]
V  [jvm.dll+0x7247e3]
V  [jvm.dll+0x242928]
V  [jvm.dll+0xbc4fc]
V  [jvm.dll+0xbca0c]
V  [jvm.dll+0x2b4fd4]
V  [jvm.dll+0x506028]
V  [jvm.dll+0x1fcbde]
V  [jvm.dll+0x1fa77f]
V  [jvm.dll+0x18354c]
V  [jvm.dll+0x208ee7]
V  [jvm.dll+0x207731]
V  [jvm.dll+0x6eb1cf]
V  [jvm.dll+0x6e3d45]
V  [jvm.dll+0x5ebe96]
C  [ucrtbase.dll+0x210b2]
C  [KERNEL32.DLL+0x17c24]
C  [ntdll.dll+0x6d721]


---------------  P R O C E S S  ---------------

Threads class SMR info:
_java_thread_list=0x000002576fe6b250, length=38, elements={
0x0000025752aa2800, 0x000002576cf16000, 0x000002576cf19800, 0x000002576cf30000,
0x000002576cf32000, 0x000002576cf35000, 0x000002576cf3c800, 0x000002576cf3e800,
0x000002576d89a800, 0x000002576d9f4800, 0x000002576d9f8000, 0x000002576d9f5800,
0x000002576d9f6000, 0x000002576d9f7000, 0x000002576d9f3000, 0x000002576d9f8800,
0x000002576d9f9800, 0x000002576d9f4000, 0x000002576fa13800, 0x000002576fa14000,
0x000002576fa15800, 0x000002576fa19000, 0x000002576fa1a000, 0x000002576fb82000,
0x000002576fa17800, 0x000002576fa1a800, 0x000002576fa15000, 0x00000257708f5800,
0x000002576fa1b800, 0x000002576fa1c800, 0x000002576fa18000, 0x000002576fa16800,
0x000002576fa1e800, 0x000002576fa20800, 0x000002576fa1e000, 0x000002576fa21000,
0x000002576fa1d000, 0x000002576fa1f800
}

Java Threads: ( => current thread )
  0x0000025752aa2800 JavaThread "main" [_thread_blocked, id=1928, stack(0x000000aefd400000,0x000000aefd500000)]
  0x000002576cf16000 JavaThread "Reference Handler" daemon [_thread_blocked, id=3816, stack(0x000000aefdb00000,0x000000aefdc00000)]
  0x000002576cf19800 JavaThread "Finalizer" daemon [_thread_blocked, id=8904, stack(0x000000aefdc00000,0x000000aefdd00000)]
  0x000002576cf30000 JavaThread "Signal Dispatcher" daemon [_thread_blocked, id=15916, stack(0x000000aefdd00000,0x000000aefde00000)]
  0x000002576cf32000 JavaThread "Attach Listener" daemon [_thread_blocked, id=1704, stack(0x000000aefde00000,0x000000aefdf00000)]
  0x000002576cf35000 JavaThread "Service Thread" daemon [_thread_blocked, id=11060, stack(0x000000aefdf00000,0x000000aefe000000)]
  0x000002576cf3c800 JavaThread "C2 CompilerThread0" daemon [_thread_in_native, id=8444, stack(0x000000aefe000000,0x000000aefe100000)]
  0x000002576cf3e800 JavaThread "C1 CompilerThread0" daemon [_thread_blocked, id=8160, stack(0x000000aefe100000,0x000000aefe200000)]
  0x000002576d89a800 JavaThread "Sweeper thread" daemon [_thread_blocked, id=16188, stack(0x000000aefe200000,0x000000aefe300000)]
  0x000002576d9f4800 JavaThread "Common-Cleaner" daemon [_thread_blocked, id=4536, stack(0x000000aefe300000,0x000000aefe400000)]
  0x000002576d9f8000 JavaThread "Daemon health stats" [_thread_blocked, id=4244, stack(0x000000aefe900000,0x000000aefea00000)]
  0x000002576d9f5800 JavaThread "Incoming local TCP Connector on port 1166" [_thread_in_native, id=15388, stack(0x000000aefe500000,0x000000aefe600000)]
  0x000002576d9f6000 JavaThread "Daemon periodic checks" [_thread_blocked, id=3576, stack(0x000000aefe600000,0x000000aefe700000)]
  0x000002576d9f7000 JavaThread "Daemon" [_thread_blocked, id=4444, stack(0x000000aefea00000,0x000000aefeb00000)]
  0x000002576d9f3000 JavaThread "Handler for socket connection from /127.0.0.1:1166 to /127.0.0.1:1167" [_thread_in_native, id=8748, stack(0x000000aefeb00000,0x000000aefec00000)]
  0x000002576d9f8800 JavaThread "Cancel handler" [_thread_blocked, id=2396, stack(0x000000aefec00000,0x000000aefed00000)]
  0x000002576d9f9800 JavaThread "Daemon worker" [_thread_blocked, id=2428, stack(0x000000aefed00000,0x000000aefee00000)]
  0x000002576d9f4000 JavaThread "Asynchronous log dispatcher for DefaultDaemonConnection: socket connection from /127.0.0.1:1166 to /127.0.0.1:1167" [_thread_blocked, id=10852, stack(0x000000aefee00000,0x000000aefef00000)]
  0x000002576fa13800 JavaThread "Stdin handler" [_thread_blocked, id=2520, stack(0x000000aefef00000,0x000000aeff000000)]
  0x000002576fa14000 JavaThread "Daemon client event forwarder" [_thread_blocked, id=2604, stack(0x000000aeff000000,0x000000aeff100000)]
  0x000002576fa15800 JavaThread "Cache worker for journal cache (C:\Users\OmarTaha\.gradle\caches\journal-1)" [_thread_blocked, id=14096, stack(0x000000aeff600000,0x000000aeff700000)]
  0x000002576fa19000 JavaThread "File lock request listener" [_thread_in_native, id=13480, stack(0x000000aeff700000,0x000000aeff800000)]
  0x000002576fa1a000 JavaThread "Cache worker for file hash cache (C:\Users\OmarTaha\.gradle\caches\7.1-rc-1\fileHashes)" [_thread_blocked, id=6780, stack(0x000000aeff800000,0x000000aeff900000)]
  0x000002576fb82000 JavaThread "C2 CompilerThread1" daemon [_thread_in_native, id=1668, stack(0x000000aeffa00000,0x000000aeffb00000)]
  0x000002576fa17800 JavaThread "Cache worker for file hash cache (C:\Users\OmarTaha\AndroidStudioProjects\GMS\.gradle\7.1-rc-1\fileHashes)" [_thread_blocked, id=13408, stack(0x000000aeffb00000,0x000000aeffc00000)]
  0x000002576fa1a800 JavaThread "File watcher server" daemon [_thread_in_native, id=14644, stack(0x000000aeffc00000,0x000000aeffd00000)]
  0x000002576fa15000 JavaThread "File watcher consumer" daemon [_thread_blocked, id=1576, stack(0x000000aeffd00000,0x000000aeffe00000)]
=>0x00000257708f5800 JavaThread "C2 CompilerThread2" daemon [_thread_in_native, id=12244, stack(0x000000aeffe00000,0x000000aefff00000)]
  0x000002576fa1b800 JavaThread "jar transforms" [_thread_blocked, id=3588, stack(0x000000aefff00000,0x000000af00000000)]
  0x000002576fa1c800 JavaThread "jar transforms Thread 2" [_thread_blocked, id=11152, stack(0x000000ae80000000,0x000000ae80100000)]
  0x000002576fa18000 JavaThread "jar transforms Thread 3" [_thread_blocked, id=4328, stack(0x000000ae80100000,0x000000ae80200000)]
  0x000002576fa16800 JavaThread "jar transforms Thread 4" [_thread_blocked, id=14256, stack(0x000000ae80200000,0x000000ae80300000)]
  0x000002576fa1e800 JavaThread "jar transforms Thread 5" [_thread_blocked, id=13712, stack(0x000000ae80300000,0x000000ae80400000)]
  0x000002576fa20800 JavaThread "jar transforms Thread 6" [_thread_blocked, id=11224, stack(0x000000ae80400000,0x000000ae80500000)]
  0x000002576fa1e000 JavaThread "jar transforms Thread 7" [_thread_blocked, id=680, stack(0x000000ae80500000,0x000000ae80600000)]
  0x000002576fa21000 JavaThread "jar transforms Thread 8" [_thread_blocked, id=9680, stack(0x000000ae80600000,0x000000ae80700000)]
  0x000002576fa1d000 JavaThread "Cache worker for checksums cache (C:\Users\OmarTaha\AndroidStudioProjects\GMS\.gradle\checksums)" [_thread_blocked, id=10900, stack(0x000000ae80700000,0x000000ae80800000)]
  0x000002576fa1f800 JavaThread "Cache worker for cache directory md-supplier (C:\Users\OmarTaha\.gradle\caches\7.1-rc-1\md-supplier)" [_thread_blocked, id=92, stack(0x000000ae80800000,0x000000ae80900000)]

Other Threads:
  0x000002576cf12000 VMThread "VM Thread" [stack: 0x000000aefda00000,0x000000aefdb00000] [id=8052]
  0x000002576da31000 WatcherThread [stack: 0x000000aefe400000,0x000000aefe500000] [id=12560]
  0x0000025752abc000 GCTaskThread "GC Thread#0" [stack: 0x000000aefd500000,0x000000aefd600000] [id=5964]
  0x000002576ec7d000 GCTaskThread "GC Thread#1" [stack: 0x000000aefe700000,0x000000aefe800000] [id=10640]
  0x000002576e660800 GCTaskThread "GC Thread#2" [stack: 0x000000aefe800000,0x000000aefe900000] [id=12480]
  0x000002576f409800 GCTaskThread "GC Thread#3" [stack: 0x000000aeff100000,0x000000aeff200000] [id=11820]
  0x0000025770ee9800 GCTaskThread "GC Thread#4" [stack: 0x000000aeff200000,0x000000aeff300000] [id=14544]
  0x000002576ed25800 GCTaskThread "GC Thread#5" [stack: 0x000000aeff300000,0x000000aeff400000] [id=1004]
  0x000002576ec7c000 GCTaskThread "GC Thread#6" [stack: 0x000000aeff400000,0x000000aeff500000] [id=3196]
  0x000002576f95a800 GCTaskThread "GC Thread#7" [stack: 0x000000aeff500000,0x000000aeff600000] [id=12468]
  0x0000025752aec800 ConcurrentGCThread "G1 Main Marker" [stack: 0x000000aefd600000,0x000000aefd700000] [id=13816]
  0x0000025752aed800 ConcurrentGCThread "G1 Conc#0" [stack: 0x000000aefd700000,0x000000aefd800000] [id=11712]
  0x000002576e769000 ConcurrentGCThread "G1 Conc#1" [stack: 0x000000aeff900000,0x000000aeffa00000] [id=16048]
  0x000002576cd64800 ConcurrentGCThread "G1 Refine#0" [stack: 0x000000aefd800000,0x000000aefd900000] [id=11112]
  0x000002576cd65000 ConcurrentGCThread "G1 Young RemSet Sampling" [stack: 0x000000aefd900000,0x000000aefda00000] [id=16088]

Threads with active compile tasks:
C2 CompilerThread0   6729 2225       4       java.net.URLClassLoader$1::run (5 bytes)
C2 CompilerThread1   6730 2461   !   4       java.net.URL::<init> (543 bytes)
C2 CompilerThread2   6730 2468   !   4       java.net.URLClassLoader$1::run (63 bytes)

VM state:at safepoint (normal execution)

VM Mutex/Monitor currently owned by a thread:  ([mutex/lock_event])
[0x0000025752aa0060] Threads_lock - owner thread: 0x000002576cf12000
[0x0000025752aa0180] Heap_lock - owner thread: 0x0000025752aec800

Heap address: 0x0000000080000000, size: 2048 MB, Compressed Oops mode: 32-bit
Narrow klass base: 0x0000000000000000, Narrow klass shift: 3
Compressed class space size: 1073741824 Address: 0x0000000100000000

Heap:
 garbage-first heap   total 129024K, used 33651K [0x0000000080000000, 0x0000000100000000)
  region size 1024K, 8 young (8192K), 6 survivors (6144K)
 Metaspace       used 27776K, capacity 28561K, committed 28928K, reserved 1079296K
  class space    used 3696K, capacity 3970K, committed 4096K, reserved 1048576K
Heap Regions: E=young(eden), S=young(survivor), O=old, HS=humongous(starts), HC=humongous(continues), CS=collection set, F=free, A=archive, TAMS=top-at-mark-start (previous, next)
|   0|0x0000000080000000, 0x0000000080100000, 0x0000000080100000|100%| O|  |TAMS 0x0000000080100000, 0x0000000080100000| Untracked 
|   1|0x0000000080100000, 0x0000000080200000, 0x0000000080200000|100%| O|  |TAMS 0x0000000080200000, 0x0000000080200000| Untracked 
|   2|0x0000000080200000, 0x0000000080300000, 0x0000000080300000|100%| O|  |TAMS 0x0000000080300000, 0x0000000080300000| Untracked 
|   3|0x0000000080300000, 0x0000000080400000, 0x0000000080400000|100%|HS|  |TAMS 0x0000000080400000, 0x0000000080400000| Complete 
|   4|0x0000000080400000, 0x0000000080500000, 0x0000000080500000|100%|HC|  |TAMS 0x0000000080500000, 0x0000000080500000| Complete 
|   5|0x0000000080500000, 0x0000000080600000, 0x0000000080600000|100%|HC|  |TAMS 0x0000000080600000, 0x0000000080600000| Complete 
|   6|0x0000000080600000, 0x0000000080700000, 0x0000000080700000|100%| O|  |TAMS 0x0000000080700000, 0x0000000080700000| Untracked 
|   7|0x0000000080700000, 0x0000000080800000, 0x0000000080800000|100%| O|  |TAMS 0x0000000080800000, 0x0000000080800000| Untracked 
|   8|0x0000000080800000, 0x0000000080900000, 0x0000000080900000|100%| O|  |TAMS 0x0000000080900000, 0x0000000080900000| Untracked 
|   9|0x0000000080900000, 0x0000000080a00000, 0x0000000080a00000|100%| O|  |TAMS 0x0000000080a00000, 0x0000000080a00000| Untracked 
|  10|0x0000000080a00000, 0x0000000080b00000, 0x0000000080b00000|100%| O|  |TAMS 0x0000000080b00000, 0x0000000080b00000| Untracked 
|  11|0x0000000080b00000, 0x0000000080c00000, 0x0000000080c00000|100%| O|  |TAMS 0x0000000080c00000, 0x0000000080c00000| Untracked 
|  12|0x0000000080c00000, 0x0000000080d00000, 0x0000000080d00000|100%| O|  |TAMS 0x0000000080d00000, 0x0000000080d00000| Untracked 
|  13|0x0000000080d00000, 0x0000000080e00000, 0x0000000080e00000|100%| O|  |TAMS 0x0000000080e00000, 0x0000000080e00000| Untracked 
|  14|0x0000000080e00000, 0x0000000080f00000, 0x0000000080f00000|100%| O|  |TAMS 0x0000000080f00000, 0x0000000080f00000| Untracked 
|  15|0x0000000080f00000, 0x0000000081000000, 0x0000000081000000|100%| O|  |TAMS 0x0000000080f34e00, 0x0000000081000000| Untracked 
|  16|0x0000000081000000, 0x0000000081100000, 0x0000000081100000|100%|HS|  |TAMS 0x0000000081000000, 0x0000000081100000| Complete 
|  17|0x0000000081100000, 0x0000000081200000, 0x0000000081200000|100%|HC|  |TAMS 0x0000000081100000, 0x0000000081200000| Complete 
|  18|0x0000000081200000, 0x0000000081300000, 0x0000000081300000|100%|HS|  |TAMS 0x0000000081200000, 0x0000000081300000| Complete 
|  19|0x0000000081300000, 0x0000000081400000, 0x0000000081400000|100%|HC|  |TAMS 0x0000000081300000, 0x0000000081400000| Complete 
|  20|0x0000000081400000, 0x0000000081500000, 0x0000000081500000|100%|HC|  |TAMS 0x0000000081400000, 0x0000000081500000| Complete 
|  21|0x0000000081500000, 0x0000000081600000, 0x0000000081600000|100%|HS|  |TAMS 0x0000000081500000, 0x0000000081600000| Complete 
|  22|0x0000000081600000, 0x0000000081700000, 0x0000000081700000|100%|HC|  |TAMS 0x0000000081600000, 0x0000000081700000| Complete 
|  23|0x0000000081700000, 0x0000000081800000, 0x0000000081800000|100%|HC|  |TAMS 0x0000000081700000, 0x0000000081800000| Complete 
|  24|0x0000000081800000, 0x0000000081900000, 0x0000000081900000|100%|HC|  |TAMS 0x0000000081800000, 0x0000000081900000| Complete 
|  25|0x0000000081900000, 0x0000000081a00000, 0x0000000081a00000|100%|HC|  |TAMS 0x0000000081900000, 0x0000000081a00000| Complete 
|  26|0x0000000081a00000, 0x0000000081a05400, 0x0000000081b00000|  2%| O|  |TAMS 0x0000000081a00000, 0x0000000081a05400| Untracked 
|  27|0x0000000081b00000, 0x0000000081b00000, 0x0000000081c00000|  0%| F|  |TAMS 0x0000000081b00000, 0x0000000081b00000| Untracked 
|  28|0x0000000081c00000, 0x0000000081c00000, 0x0000000081d00000|  0%| F|  |TAMS 0x0000000081c00000, 0x0000000081c00000| Untracked 
|  29|0x0000000081d00000, 0x0000000081d00000, 0x0000000081e00000|  0%| F|  |TAMS 0x0000000081d00000, 0x0000000081d00000| Untracked 
|  30|0x0000000081e00000, 0x0000000081e00000, 0x0000000081f00000|  0%| F|  |TAMS 0x0000000081e00000, 0x0000000081e00000| Untracked 
|  31|0x0000000081f00000, 0x0000000081f00000, 0x0000000082000000|  0%| F|  |TAMS 0x0000000081f00000, 0x0000000081f00000| Untracked 
|  32|0x0000000082000000, 0x0000000082000000, 0x0000000082100000|  0%| F|  |TAMS 0x0000000082000000, 0x0000000082000000| Untracked 
|  33|0x0000000082100000, 0x0000000082100000, 0x0000000082200000|  0%| F|  |TAMS 0x0000000082100000, 0x0000000082100000| Untracked 
|  34|0x0000000082200000, 0x0000000082200000, 0x0000000082300000|  0%| F|  |TAMS 0x0000000082200000, 0x0000000082200000| Untracked 
|  35|0x0000000082300000, 0x0000000082300000, 0x0000000082400000|  0%| F|  |TAMS 0x0000000082300000, 0x0000000082300000| Untracked 
|  36|0x0000000082400000, 0x0000000082400000, 0x0000000082500000|  0%| F|  |TAMS 0x0000000082400000, 0x0000000082400000| Untracked 
|  37|0x0000000082500000, 0x0000000082500000, 0x0000000082600000|  0%| F|  |TAMS 0x0000000082500000, 0x0000000082500000| Untracked 
|  38|0x0000000082600000, 0x0000000082600000, 0x0000000082700000|  0%| F|  |TAMS 0x0000000082600000, 0x0000000082600000| Untracked 
|  39|0x0000000082700000, 0x0000000082700000, 0x0000000082800000|  0%| F|  |TAMS 0x0000000082700000, 0x0000000082700000| Untracked 
|  40|0x0000000082800000, 0x0000000082800000, 0x0000000082900000|  0%| F|  |TAMS 0x0000000082800000, 0x0000000082800000| Untracked 
|  41|0x0000000082900000, 0x0000000082900000, 0x0000000082a00000|  0%| F|  |TAMS 0x0000000082900000, 0x0000000082900000| Untracked 
|  42|0x0000000082a00000, 0x0000000082a00000, 0x0000000082b00000|  0%| F|  |TAMS 0x0000000082a00000, 0x0000000082a00000| Untracked 
|  43|0x0000000082b00000, 0x0000000082b00000, 0x0000000082c00000|  0%| F|  |TAMS 0x0000000082b00000, 0x0000000082b00000| Untracked 
|  44|0x0000000082c00000, 0x0000000082c00000, 0x0000000082d00000|  0%| F|  |TAMS 0x0000000082c00000, 0x0000000082c00000| Untracked 
|  45|0x0000000082d00000, 0x0000000082d00000, 0x0000000082e00000|  0%| F|  |TAMS 0x0000000082d00000, 0x0000000082d00000| Untracked 
|  46|0x0000000082e00000, 0x0000000082e00000, 0x0000000082f00000|  0%| F|  |TAMS 0x0000000082e00000, 0x0000000082e00000| Untracked 
|  47|0x0000000082f00000, 0x0000000082f00000, 0x0000000083000000|  0%| F|  |TAMS 0x0000000082f00000, 0x0000000082f00000| Untracked 
|  48|0x0000000083000000, 0x0000000083000000, 0x0000000083100000|  0%| F|  |TAMS 0x0000000083000000, 0x0000000083000000| Untracked 
|  49|0x0000000083100000, 0x0000000083100000, 0x0000000083200000|  0%| F|  |TAMS 0x0000000083100000, 0x0000000083100000| Untracked 
|  50|0x0000000083200000, 0x0000000083200000, 0x0000000083300000|  0%| F|  |TAMS 0x0000000083200000, 0x0000000083200000| Untracked 
|  51|0x0000000083300000, 0x0000000083300000, 0x0000000083400000|  0%| F|  |TAMS 0x0000000083300000, 0x0000000083300000| Untracked 
|  52|0x0000000083400000, 0x0000000083400000, 0x0000000083500000|  0%| F|  |TAMS 0x0000000083400000, 0x0000000083400000| Untracked 
|  53|0x0000000083500000, 0x0000000083500000, 0x0000000083600000|  0%| F|  |TAMS 0x0000000083500000, 0x0000000083500000| Untracked 
|  54|0x0000000083600000, 0x0000000083600000, 0x0000000083700000|  0%| F|  |TAMS 0x0000000083600000, 0x0000000083600000| Untracked 
|  55|0x0000000083700000, 0x0000000083700000, 0x0000000083800000|  0%| F|  |TAMS 0x0000000083700000, 0x0000000083700000| Untracked 
|  56|0x0000000083800000, 0x0000000083800000, 0x0000000083900000|  0%| F|  |TAMS 0x0000000083800000, 0x0000000083800000| Untracked 
|  57|0x0000000083900000, 0x0000000083900000, 0x0000000083a00000|  0%| F|  |TAMS 0x0000000083900000, 0x0000000083900000| Untracked 
|  58|0x0000000083a00000, 0x0000000083a00000, 0x0000000083b00000|  0%| F|  |TAMS 0x0000000083a00000, 0x0000000083a00000| Untracked 
|  59|0x0000000083b00000, 0x0000000083b00000, 0x0000000083c00000|  0%| F|  |TAMS 0x0000000083b00000, 0x0000000083b00000| Untracked 
|  60|0x0000000083c00000, 0x0000000083c00000, 0x0000000083d00000|  0%| F|  |TAMS 0x0000000083c00000, 0x0000000083c00000| Untracked 
|  61|0x0000000083d00000, 0x0000000083d00000, 0x0000000083e00000|  0%| F|  |TAMS 0x0000000083d00000, 0x0000000083d00000| Untracked 
|  62|0x0000000083e00000, 0x0000000083e00000, 0x0000000083f00000|  0%| F|  |TAMS 0x0000000083e00000, 0x0000000083e00000| Untracked 
|  63|0x0000000083f00000, 0x0000000083f00000, 0x0000000084000000|  0%| F|  |TAMS 0x0000000083f00000, 0x0000000083f00000| Untracked 
|  64|0x0000000084000000, 0x0000000084000000, 0x0000000084100000|  0%| F|  |TAMS 0x0000000084000000, 0x0000000084000000| Untracked 
|  65|0x0000000084100000, 0x0000000084100000, 0x0000000084200000|  0%| F|  |TAMS 0x0000000084100000, 0x0000000084100000| Untracked 
|  66|0x0000000084200000, 0x0000000084200000, 0x0000000084300000|  0%| F|  |TAMS 0x0000000084200000, 0x0000000084200000| Untracked 
|  67|0x0000000084300000, 0x0000000084300000, 0x0000000084400000|  0%| F|  |TAMS 0x0000000084300000, 0x0000000084300000| Untracked 
|  68|0x0000000084400000, 0x0000000084400000, 0x0000000084500000|  0%| F|  |TAMS 0x0000000084400000, 0x0000000084400000| Untracked 
|  69|0x0000000084500000, 0x0000000084500000, 0x0000000084600000|  0%| F|  |TAMS 0x0000000084500000, 0x0000000084500000| Untracked 
|  70|0x0000000084600000, 0x0000000084600000, 0x0000000084700000|  0%| F|  |TAMS 0x0000000084600000, 0x0000000084600000| Untracked 
|  71|0x0000000084700000, 0x0000000084700000, 0x0000000084800000|  0%| F|  |TAMS 0x0000000084700000, 0x0000000084700000| Untracked 
|  72|0x0000000084800000, 0x0000000084800000, 0x0000000084900000|  0%| F|  |TAMS 0x0000000084800000, 0x0000000084800000| Untracked 
|  73|0x0000000084900000, 0x0000000084900000, 0x0000000084a00000|  0%| F|  |TAMS 0x0000000084900000, 0x0000000084900000| Untracked 
|  74|0x0000000084a00000, 0x0000000084a00000, 0x0000000084b00000|  0%| F|  |TAMS 0x0000000084a00000, 0x0000000084a00000| Untracked 
|  75|0x0000000084b00000, 0x0000000084b00000, 0x0000000084c00000|  0%| F|  |TAMS 0x0000000084b00000, 0x0000000084b00000| Untracked 
|  76|0x0000000084c00000, 0x0000000084c00000, 0x0000000084d00000|  0%| F|  |TAMS 0x0000000084c00000, 0x0000000084c00000| Untracked 
|  77|0x0000000084d00000, 0x0000000084d00000, 0x0000000084e00000|  0%| F|  |TAMS 0x0000000084d00000, 0x0000000084d00000| Untracked 
|  78|0x0000000084e00000, 0x0000000084e00000, 0x0000000084f00000|  0%| F|  |TAMS 0x0000000084e00000, 0x0000000084e00000| Untracked 
|  79|0x0000000084f00000, 0x0000000084f00000, 0x0000000085000000|  0%| F|  |TAMS 0x0000000084f00000, 0x0000000084f00000| Untracked 
|  80|0x0000000085000000, 0x0000000085000000, 0x0000000085100000|  0%| F|  |TAMS 0x0000000085000000, 0x0000000085000000| Untracked 
|  81|0x0000000085100000, 0x0000000085100000, 0x0000000085200000|  0%| F|  |TAMS 0x0000000085100000, 0x0000000085100000| Untracked 
|  82|0x0000000085200000, 0x0000000085200000, 0x0000000085300000|  0%| F|  |TAMS 0x0000000085200000, 0x0000000085200000| Untracked 
|  83|0x0000000085300000, 0x0000000085300000, 0x0000000085400000|  0%| F|  |TAMS 0x0000000085300000, 0x0000000085300000| Untracked 
|  84|0x0000000085400000, 0x0000000085400000, 0x0000000085500000|  0%| F|  |TAMS 0x0000000085400000, 0x0000000085400000| Untracked 
|  85|0x0000000085500000, 0x0000000085500000, 0x0000000085600000|  0%| F|  |TAMS 0x0000000085500000, 0x0000000085500000| Untracked 
|  86|0x0000000085600000, 0x0000000085600000, 0x0000000085700000|  0%| F|  |TAMS 0x0000000085600000, 0x0000000085600000| Untracked 
|  87|0x0000000085700000, 0x0000000085700000, 0x0000000085800000|  0%| F|  |TAMS 0x0000000085700000, 0x0000000085700000| Untracked 
|  88|0x0000000085800000, 0x0000000085800000, 0x0000000085900000|  0%| F|  |TAMS 0x0000000085800000, 0x0000000085800000| Untracked 
|  89|0x0000000085900000, 0x0000000085900000, 0x0000000085a00000|  0%| F|  |TAMS 0x0000000085900000, 0x0000000085900000| Untracked 
|  90|0x0000000085a00000, 0x0000000085a00000, 0x0000000085b00000|  0%| F|  |TAMS 0x0000000085a00000, 0x0000000085a00000| Untracked 
|  91|0x0000000085b00000, 0x0000000085b00000, 0x0000000085c00000|  0%| F|  |TAMS 0x0000000085b00000, 0x0000000085b00000| Untracked 
|  92|0x0000000085c00000, 0x0000000085c00000, 0x0000000085d00000|  0%| F|  |TAMS 0x0000000085c00000, 0x0000000085c00000| Untracked 
|  93|0x0000000085d00000, 0x0000000085d00000, 0x0000000085e00000|  0%| F|  |TAMS 0x0000000085d00000, 0x0000000085d00000| Untracked 
|  94|0x0000000085e00000, 0x0000000085e00000, 0x0000000085f00000|  0%| F|  |TAMS 0x0000000085e00000, 0x0000000085e00000| Untracked 
|  95|0x0000000085f00000, 0x0000000085f00000, 0x0000000086000000|  0%| F|  |TAMS 0x0000000085f00000, 0x0000000085f00000| Untracked 
|  96|0x0000000086000000, 0x0000000086000000, 0x0000000086100000|  0%| F|  |TAMS 0x0000000086000000, 0x0000000086000000| Untracked 
|  97|0x0000000086100000, 0x0000000086100000, 0x0000000086200000|  0%| F|  |TAMS 0x0000000086100000, 0x0000000086100000| Untracked 
|  98|0x0000000086200000, 0x0000000086200000, 0x0000000086300000|  0%| F|  |TAMS 0x0000000086200000, 0x0000000086200000| Untracked 
|  99|0x0000000086300000, 0x00000000863d7958, 0x0000000086400000| 84%| S|CS|TAMS 0x0000000086300000, 0x0000000086300000| Complete 
| 100|0x0000000086400000, 0x0000000086500000, 0x0000000086500000|100%| S|CS|TAMS 0x0000000086400000, 0x0000000086400000| Complete 
| 101|0x0000000086500000, 0x0000000086600000, 0x0000000086600000|100%| S|CS|TAMS 0x0000000086500000, 0x0000000086500000| Complete 
| 102|0x0000000086600000, 0x0000000086700000, 0x0000000086700000|100%| S|CS|TAMS 0x0000000086600000, 0x0000000086600000| Complete 
| 103|0x0000000086700000, 0x0000000086800000, 0x0000000086800000|100%| S|CS|TAMS 0x0000000086700000, 0x0000000086700000| Complete 
| 104|0x0000000086800000, 0x0000000086900000, 0x0000000086900000|100%| S|CS|TAMS 0x0000000086800000, 0x0000000086800000| Complete 
| 105|0x0000000086900000, 0x0000000086900000, 0x0000000086a00000|  0%| F|  |TAMS 0x0000000086900000, 0x0000000086900000| Untracked 
| 106|0x0000000086a00000, 0x0000000086a00000, 0x0000000086b00000|  0%| F|  |TAMS 0x0000000086a00000, 0x0000000086a00000| Untracked 
| 107|0x0000000086b00000, 0x0000000086b00000, 0x0000000086c00000|  0%| F|  |TAMS 0x0000000086b00000, 0x0000000086b00000| Untracked 
| 108|0x0000000086c00000, 0x0000000086c00000, 0x0000000086d00000|  0%| F|  |TAMS 0x0000000086c00000, 0x0000000086c00000| Untracked 
| 109|0x0000000086d00000, 0x0000000086d00000, 0x0000000086e00000|  0%| F|  |TAMS 0x0000000086d00000, 0x0000000086d00000| Untracked 
| 110|0x0000000086e00000, 0x0000000086e00000, 0x0000000086f00000|  0%| F|  |TAMS 0x0000000086e00000, 0x0000000086e00000| Untracked 
| 111|0x0000000086f00000, 0x0000000086f00000, 0x0000000087000000|  0%| F|  |TAMS 0x0000000086f00000, 0x0000000086f00000| Untracked 
| 112|0x0000000087000000, 0x0000000087000000, 0x0000000087100000|  0%| F|  |TAMS 0x0000000087000000, 0x0000000087000000| Untracked 
| 113|0x0000000087100000, 0x0000000087100000, 0x0000000087200000|  0%| F|  |TAMS 0x0000000087100000, 0x0000000087100000| Untracked 
| 114|0x0000000087200000, 0x0000000087200000, 0x0000000087300000|  0%| F|  |TAMS 0x0000000087200000, 0x0000000087200000| Untracked 
| 115|0x0000000087300000, 0x0000000087300000, 0x0000000087400000|  0%| F|  |TAMS 0x0000000087300000, 0x0000000087300000| Untracked 
| 116|0x0000000087400000, 0x0000000087400000, 0x0000000087500000|  0%| F|  |TAMS 0x0000000087400000, 0x0000000087400000| Untracked 
| 117|0x0000000087500000, 0x0000000087500000, 0x0000000087600000|  0%| F|  |TAMS 0x0000000087500000, 0x0000000087500000| Untracked 
| 118|0x0000000087600000, 0x0000000087600000, 0x0000000087700000|  0%| F|  |TAMS 0x0000000087600000, 0x0000000087600000| Untracked 
| 119|0x0000000087700000, 0x0000000087700000, 0x0000000087800000|  0%| F|  |TAMS 0x0000000087700000, 0x0000000087700000| Untracked 
| 120|0x0000000087800000, 0x0000000087800000, 0x0000000087900000|  0%| F|  |TAMS 0x0000000087800000, 0x0000000087800000| Untracked 
| 121|0x0000000087900000, 0x0000000087900000, 0x0000000087a00000|  0%| F|  |TAMS 0x0000000087900000, 0x0000000087900000| Untracked 
| 122|0x0000000087a00000, 0x0000000087a00000, 0x0000000087b00000|  0%| F|  |TAMS 0x0000000087a00000, 0x0000000087a00000| Untracked 
| 123|0x0000000087b00000, 0x0000000087b00000, 0x0000000087c00000|  0%| F|  |TAMS 0x0000000087b00000, 0x0000000087b00000| Untracked 
| 124|0x0000000087c00000, 0x0000000087c80800, 0x0000000087d00000| 50%| E|  |TAMS 0x0000000087c00000, 0x0000000087c00000| Complete 
| 125|0x0000000087d00000, 0x0000000087e00000, 0x0000000087e00000|100%| E|CS|TAMS 0x0000000087d00000, 0x0000000087d00000| Complete 

Card table byte_map: [0x0000025765cb0000,0x00000257660b0000] _byte_map_base: 0x00000257658b0000

Marking Bits (Prev, Next): (CMBitMap*) 0x0000025752ae2750, (CMBitMap*) 0x0000025752ae2718
 Prev Bits: [0x00000257684b0000, 0x000002576a4b0000)
 Next Bits: [0x00000257664b0000, 0x00000257684b0000)

Polling page: 0x0000025750960000

Metaspace:

Usage:
  Non-class:     24.01 MB capacity,    23.52 MB ( 98%) used,   446.27 KB (  2%) free+waste,    64.13 KB ( <1%) overhead. 
      Class:      3.88 MB capacity,     3.61 MB ( 93%) used,   241.12 KB (  6%) free+waste,    32.69 KB ( <1%) overhead. 
       Both:     27.89 MB capacity,    27.13 MB ( 97%) used,   687.38 KB (  2%) free+waste,    96.81 KB ( <1%) overhead. 

Virtual space:
  Non-class space:       30.00 MB reserved,      24.25 MB ( 81%) committed 
      Class space:        1.00 GB reserved,       4.00 MB ( <1%) committed 
             Both:        1.03 GB reserved,      28.25 MB (  3%) committed 

Chunk freelists:
   Non-Class:  49.00 KB
       Class:  0 bytes
        Both:  49.00 KB

MaxMetaspaceSize: 17179869184.00 GB
CompressedClassSpaceSize: 1.00 GB

CodeHeap 'non-profiled nmethods': size=120000Kb used=1288Kb max_used=1288Kb free=118711Kb
 bounds [0x000002575e050000, 0x000002575e2c0000, 0x0000025765580000]
CodeHeap 'profiled nmethods': size=120000Kb used=5199Kb max_used=5199Kb free=114800Kb
 bounds [0x0000025756b20000, 0x0000025757040000, 0x000002575e050000]
CodeHeap 'non-nmethods': size=5760Kb used=1159Kb max_used=1193Kb free=4600Kb
 bounds [0x0000025756580000, 0x00000257567f0000, 0x0000025756b20000]
 total_blobs=2992 nmethods=2489 adapters=414
 compilation: enabled
              stopped_count=0, restarted_count=0
 full_count=0

Compilation events (20 events):
Event: 6.623 Thread 0x000002576cf3e800 2478       3       com.google.common.cache.LocalCache::evictsBySize (15 bytes)
Event: 6.623 Thread 0x000002576cf3e800 nmethod 2478 0x000002575702d390 code [0x000002575702d540, 0x000002575702d6b8]
Event: 6.623 Thread 0x000002576cf3e800 2479       3       com.google.common.cache.LongAdder::<init> (5 bytes)
Event: 6.623 Thread 0x000002576cf3e800 nmethod 2479 0x000002575702d790 code [0x000002575702d960, 0x000002575702db78]
Event: 6.623 Thread 0x000002576cf3e800 2480       3       jdk.internal.loader.AbstractClassLoaderValue::sub (10 bytes)
Event: 6.623 Thread 0x000002576cf3e800 nmethod 2480 0x000002575702dc90 code [0x000002575702de60, 0x000002575702e198]
Event: 6.625 Thread 0x000002576cf3e800 2481       3       jdk.internal.org.objectweb.asm.AnnotationWriter::put (109 bytes)
Event: 6.626 Thread 0x000002576cf3e800 nmethod 2481 0x000002575702e310 code [0x000002575702e520, 0x000002575702e958]
Event: 6.639 Thread 0x000002576cf3e800 2483       3       jdk.internal.reflect.NativeMethodAccessorImpl::invoke (104 bytes)
Event: 6.642 Thread 0x000002576cf3e800 nmethod 2483 0x000002575702eb90 code [0x000002575702ee40, 0x000002575702fd18]
Event: 6.642 Thread 0x000002576cf3e800 2487       3       jdk.internal.org.objectweb.asm.ClassWriter::visitField (16 bytes)
Event: 6.642 Thread 0x000002576cf3e800 nmethod 2487 0x0000025757030210 code [0x00000257570303c0, 0x0000025757030588]
Event: 6.642 Thread 0x000002576cf3e800 2486       3       java.lang.invoke.Invokers::checkCustomized (23 bytes)
Event: 6.642 Thread 0x000002576cf3e800 nmethod 2486 0x0000025757030690 code [0x0000025757030860, 0x0000025757030a28]
Event: 6.657 Thread 0x000002576cf3e800 2490       3       jdk.internal.org.objectweb.asm.FieldWriter::getSize (262 bytes)
Event: 6.659 Thread 0x000002576cf3e800 nmethod 2490 0x0000025757030b10 code [0x0000025757030de0, 0x0000025757031a08]
Event: 6.659 Thread 0x000002576cf3e800 2491       3       jdk.internal.org.objectweb.asm.FieldWriter::put (475 bytes)
Event: 6.661 Thread 0x000002576cf3e800 nmethod 2491 0x0000025757031f90 code [0x0000025757032380, 0x00000257570333f8]
Event: 6.667 Thread 0x000002576cf3e800 2492       3       java.lang.invoke.MethodHandles$Lookup::lookupModes (8 bytes)
Event: 6.668 Thread 0x000002576cf3e800 nmethod 2492 0x0000025757033a10 code [0x0000025757033bc0, 0x0000025757033cb8]

GC Heap History (8 events):
Event: 1.007 GC heap before
{Heap before GC invocations=0 (full 0):
 garbage-first heap   total 129024K, used 29696K [0x0000000080000000, 0x0000000100000000)
  region size 1024K, 24 young (24576K), 0 survivors (0K)
 Metaspace       used 9822K, capacity 10054K, committed 10112K, reserved 1058816K
  class space    used 1024K, capacity 1102K, committed 1152K, reserved 1048576K
}
Event: 1.014 GC heap after
{Heap after GC invocations=1 (full 0):
 garbage-first heap   total 129024K, used 8995K [0x0000000080000000, 0x0000000100000000)
  region size 1024K, 3 young (3072K), 3 survivors (3072K)
 Metaspace       used 9822K, capacity 10054K, committed 10112K, reserved 1058816K
  class space    used 1024K, capacity 1102K, committed 1152K, reserved 1048576K
}
Event: 5.471 GC heap before
{Heap before GC invocations=1 (full 0):
 garbage-first heap   total 129024K, used 82723K [0x0000000080000000, 0x0000000100000000)
  region size 1024K, 75 young (76800K), 3 survivors (3072K)
 Metaspace       used 17828K, capacity 18293K, committed 18432K, reserved 1064960K
  class space    used 2103K, capacity 2265K, committed 2304K, reserved 1048576K
}
Event: 5.478 GC heap after
{Heap after GC invocations=2 (full 0):
 garbage-first heap   total 129024K, used 15727K [0x0000000080000000, 0x0000000100000000)
  region size 1024K, 10 young (10240K), 10 survivors (10240K)
 Metaspace       used 17828K, capacity 18293K, committed 18432K, reserved 1064960K
  class space    used 2103K, capacity 2265K, committed 2304K, reserved 1048576K
}
Event: 5.755 GC heap before
{Heap before GC invocations=2 (full 0):
 garbage-first heap   total 129024K, used 39279K [0x0000000080000000, 0x0000000100000000)
  region size 1024K, 35 young (35840K), 10 survivors (10240K)
 Metaspace       used 20660K, capacity 21082K, committed 21248K, reserved 1067008K
  class space    used 2531K, capacity 2705K, committed 2816K, reserved 1048576K
}
Event: 5.763 GC heap after
{Heap after GC invocations=3 (full 0):
 garbage-first heap   total 129024K, used 16898K [0x0000000080000000, 0x0000000100000000)
  region size 1024K, 2 young (2048K), 2 survivors (2048K)
 Metaspace       used 20660K, capacity 21082K, committed 21248K, reserved 1067008K
  class space    used 2531K, capacity 2705K, committed 2816K, reserved 1048576K
}
Event: 6.417 GC heap before
{Heap before GC invocations=4 (full 0):
 garbage-first heap   total 129024K, used 78338K [0x0000000080000000, 0x0000000100000000)
  region size 1024K, 57 young (58368K), 2 survivors (2048K)
 Metaspace       used 26324K, capacity 27042K, committed 27392K, reserved 1073152K
  class space    used 3454K, capacity 3718K, committed 3840K, reserved 1048576K
}
Event: 6.421 GC heap after
{Heap after GC invocations=5 (full 0):
 garbage-first heap   total 129024K, used 25196K [0x0000000080000000, 0x0000000100000000)
  region size 1024K, 5 young (5120K), 5 survivors (5120K)
 Metaspace       used 26324K, capacity 27042K, committed 27392K, reserved 1073152K
  class space    used 3454K, capacity 3718K, committed 3840K, reserved 1048576K
}

Deoptimization events (20 events):
Event: 6.388 Thread 0x000002576d9f9800 DEOPT PACKING pc=0x000002575e163f60 sp=0x000000aefedf8ce0
Event: 6.388 Thread 0x000002576d9f9800 DEOPT UNPACKING pc=0x00000257565a78af sp=0x000000aefedf8d30 mode 2
Event: 6.389 Thread 0x000002576d9f9800 Uncommon trap: trap_request=0xffffffc6 fr.pc=0x000002575e163f60 relative=0x0000000000003a40
Event: 6.389 Thread 0x000002576d9f9800 Uncommon trap: reason=bimorphic_or_optimized_type_check action=maybe_recompile pc=0x000002575e163f60 method=java.lang.ClassLoader.loadClass(Ljava/lang/String;Z)Ljava/lang/Class; @ 38 c2
Event: 6.389 Thread 0x000002576d9f9800 DEOPT PACKING pc=0x000002575e163f60 sp=0x000000aefedfa390
Event: 6.389 Thread 0x000002576d9f9800 DEOPT UNPACKING pc=0x00000257565a78af sp=0x000000aefedfa3e0 mode 2
Event: 6.401 Thread 0x000002576d9f9800 DEOPT PACKING pc=0x0000025756d9425a sp=0x000000aefedf63d0
Event: 6.401 Thread 0x000002576d9f9800 DEOPT UNPACKING pc=0x00000257565a76ce sp=0x000000aefedf5858 mode 0
Event: 6.405 Thread 0x000002576d9f9800 Uncommon trap: trap_request=0xffffff4d fr.pc=0x000002575e0df924 relative=0x0000000000001ae4
Event: 6.405 Thread 0x000002576d9f9800 Uncommon trap: reason=unstable_if action=reinterpret pc=0x000002575e0df924 method=java.util.zip.ZipFile$Source.initCEN(ILjava/util/zip/ZipCoder;)V @ 582 c2
Event: 6.405 Thread 0x000002576d9f9800 DEOPT PACKING pc=0x000002575e0df924 sp=0x000000aefedf6410
Event: 6.405 Thread 0x000002576d9f9800 DEOPT UNPACKING pc=0x00000257565a78af sp=0x000000aefedf63f8 mode 2
Event: 6.412 Thread 0x000002576d9f9800 DEOPT PACKING pc=0x0000025756be231b sp=0x000000aefedf3ae0
Event: 6.412 Thread 0x000002576d9f9800 DEOPT UNPACKING pc=0x00000257565a76ce sp=0x000000aefedf3020 mode 0
Event: 6.469 Thread 0x000002576d9f9800 DEOPT PACKING pc=0x0000025756fed1aa sp=0x000000aefedf5370
Event: 6.469 Thread 0x000002576d9f9800 DEOPT UNPACKING pc=0x00000257565a76ce sp=0x000000aefedf4960 mode 0
Event: 6.534 Thread 0x000002576d9f9800 Uncommon trap: trap_request=0xffffff4d fr.pc=0x000002575e077ea8 relative=0x0000000000000468
Event: 6.534 Thread 0x000002576d9f9800 Uncommon trap: reason=unstable_if action=reinterpret pc=0x000002575e077ea8 method=java.util.Properties$LineReader.readLine()I @ 249 c2
Event: 6.534 Thread 0x000002576d9f9800 DEOPT PACKING pc=0x000002575e077ea8 sp=0x000000aefedfbca0
Event: 6.534 Thread 0x000002576d9f9800 DEOPT UNPACKING pc=0x00000257565a78af sp=0x000000aefedfbc30 mode 2

Classes redefined (0 events):
No events

Internal exceptions (20 events):
Event: 6.510 Thread 0x000002576d9f9800 Exception <a 'java/lang/NoSuchMethodError'{0x0000000087ade010}: <clinit>> (0x0000000087ade010) thrown at [./src/hotspot/share/prims/jni.cpp, line 1362]
Event: 6.512 Thread 0x000002576d9f9800 Exception <a 'java/lang/NoSuchMethodError'{0x0000000087af82f8}: <clinit>> (0x0000000087af82f8) thrown at [./src/hotspot/share/prims/jni.cpp, line 1362]
Event: 6.512 Thread 0x000002576d9f9800 Exception <a 'java/lang/NoSuchMethodError'{0x00000000879020f0}: <clinit>> (0x00000000879020f0) thrown at [./src/hotspot/share/prims/jni.cpp, line 1362]
Event: 6.513 Thread 0x000002576d9f9800 Exception <a 'java/lang/NoSuchMethodError'{0x000000008790b9f8}: <clinit>> (0x000000008790b9f8) thrown at [./src/hotspot/share/prims/jni.cpp, line 1362]
Event: 6.513 Thread 0x000002576d9f9800 Exception <a 'java/lang/NoSuchMethodError'{0x0000000087915510}: <clinit>> (0x0000000087915510) thrown at [./src/hotspot/share/prims/jni.cpp, line 1362]
Event: 6.520 Thread 0x000002576d9f9800 Exception <a 'java/lang/NoSuchMethodError'{0x00000000879ce1b8}: <clinit>> (0x00000000879ce1b8) thrown at [./src/hotspot/share/prims/jni.cpp, line 1362]
Event: 6.520 Thread 0x000002576d9f9800 Exception <a 'java/lang/NoSuchMethodError'{0x00000000879d0bf0}: <clinit>> (0x00000000879d0bf0) thrown at [./src/hotspot/share/prims/jni.cpp, line 1362]
Event: 6.520 Thread 0x000002576d9f9800 Exception <a 'java/lang/NoSuchMethodError'{0x00000000879d21f8}: <clinit>> (0x00000000879d21f8) thrown at [./src/hotspot/share/prims/jni.cpp, line 1362]
Event: 6.520 Thread 0x000002576d9f9800 Exception <a 'java/lang/NoSuchMethodError'{0x00000000879d3790}: <clinit>> (0x00000000879d3790) thrown at [./src/hotspot/share/prims/jni.cpp, line 1362]
Event: 6.520 Thread 0x000002576d9f9800 Exception <a 'java/lang/NoSuchMethodError'{0x00000000879d4ef0}: <clinit>> (0x00000000879d4ef0) thrown at [./src/hotspot/share/prims/jni.cpp, line 1362]
Event: 6.520 Thread 0x000002576d9f9800 Exception <a 'java/lang/NoSuchMethodError'{0x00000000879d6588}: <clinit>> (0x00000000879d6588) thrown at [./src/hotspot/share/prims/jni.cpp, line 1362]
Event: 6.521 Thread 0x000002576d9f9800 Exception <a 'java/lang/NoSuchMethodError'{0x00000000879d7818}: <clinit>> (0x00000000879d7818) thrown at [./src/hotspot/share/prims/jni.cpp, line 1362]
Event: 6.522 Thread 0x000002576d9f9800 Exception <a 'java/lang/NoSuchMethodError'{0x000000008781e7e8}: 'java.lang.Object java.lang.invoke.DirectMethodHandle$Holder.invokeSpecial(java.lang.Object, java.lang.Object, int, java.lang.Object, java.lang.Object, java.lang.Object)'> (0x000000008781e7e8) thrown at [./src/hotspot/share/interpreter/linkResolver.cpp, line 773]
Event: 6.629 Thread 0x000002576d9f9800 Exception <a 'java/lang/NoSuchMethodError'{0x0000000086e60f10}: 'java.lang.Object java.lang.invoke.DirectMethodHandle$Holder.invokeSpecialIFC(java.lang.Object, java.lang.Object, java.lang.Object, java.lang.Object)'> (0x0000000086e60f10) thrown at [./src/hotspot/share/interpreter/linkResolver.cpp, line 773]
Event: 6.640 Thread 0x000002576d9f9800 Exception <a 'java/lang/NoSuchMethodError'{0x0000000086d57208}: 'java.lang.Object java.lang.invoke.DirectMethodHandle$Holder.invokeSpecial(java.lang.Object, java.lang.Object, java.lang.Object, java.lang.Object, java.lang.Object, java.lang.Object, java.lang.Object, java.lang.Object, java.lang.Object, java.lang.Object, java.lang.Object, java.lang.Object, java.lang.Object)'> (0x0000000086d57208) thrown at [./src/hotspot/share/interpreter/linkResolver.cpp, line 773]
Event: 6.641 Thread 0x000002576d9f9800 Exception <a 'java/lang/NoSuchMethodError'{0x0000000086d68068}: 'java.lang.Object java.lang.invoke.DirectMethodHandle$Holder.invokeSpecial(java.lang.Object, java.lang.Object, java.lang.Object, java.lang.Object, java.lang.Object, java.lang.Object, java.lang.Object, java.lang.Object, java.lang.Object, java.lang.Object, java.lang.Object, java.lang.Object)'> (0x0000000086d68068) thrown at [./src/hotspot/share/interpreter/linkResolver.cpp, line 773]
Event: 6.642 Thread 0x000002576d9f9800 Exception <a 'java/lang/NoSuchMethodError'{0x0000000086d6d190}: 'java.lang.Object java.lang.invoke.Invokers$Holder.linkToTargetMethod(java.lang.Object, java.lang.Object, java.lang.Object, java.lang.Object, java.lang.Object, java.lang.Object, java.lang.Object, java.lang.Object, java.lang.Object, java.lang.Object, java.lang.Object)'> (0x0000000086d6d190) thrown at [./src/hotspot/share/interpreter/linkResolver.cpp, line 773]
Event: 6.656 Thread 0x000002576d9f9800 Exception <a 'java/lang/NoSuchMethodError'{0x0000000086ca72b0}: 'java.lang.Object java.lang.invoke.DirectMethodHandle$Holder.invokeSpecial(java.lang.Object, java.lang.Object, java.lang.Object, java.lang.Object, java.lang.Object, java.lang.Object, java.lang.Object, java.lang.Object, java.lang.Object, java.lang.Object, java.lang.Object, java.lang.Object, java.lang.Object, java.lang.Object)'> (0x0000000086ca72b0) thrown at [./src/hotspot/share/interpreter/linkResolver.cpp, line 773]
Event: 6.658 Thread 0x000002576d9f9800 Exception <a 'java/lang/NoSuchMethodError'{0x0000000086cb8928}: 'java.lang.Object java.lang.invoke.Invokers$Holder.linkToTargetMethod(java.lang.Object, java.lang.Object, java.lang.Object, java.lang.Object, java.lang.Object, java.lang.Object, java.lang.Object, java.lang.Object, java.lang.Object, java.lang.Object, java.lang.Object, java.lang.Object)'> (0x0000000086cb8928) thrown at [./src/hotspot/share/interpreter/linkResolver.cpp, line 773]
Event: 6.667 Thread 0x000002576d9f9800 Exception <a 'java/lang/NoSuchMethodError'{0x0000000086b47a50}: 'java.lang.Object java.lang.invoke.DirectMethodHandle$Holder.invokeStaticInit(java.lang.Object, java.lang.Object, java.lang.Object, java.lang.Object)'> (0x0000000086b47a50) thrown at [./src/hotspot/share/interpreter/linkResolver.cpp, line 773]

Events (20 events):
Event: 6.667 loading class org/gradle/api/internal/artifacts/ivyservice/ivyresolve/verification/DependencyVerificationOverride
Event: 6.667 loading class org/gradle/api/internal/artifacts/ivyservice/ivyresolve/verification/DependencyVerificationOverride done
Event: 6.668 loading class org/gradle/api/internal/artifacts/DependencyManagementBuildScopeServices$2
Event: 6.668 loading class org/gradle/api/internal/artifacts/DependencyManagementBuildScopeServices$2 done
Event: 6.669 loading class org/gradle/api/internal/artifacts/ivyservice/ivyresolve/ConnectionFailureRepositoryDisabler
Event: 6.669 loading class org/gradle/api/internal/artifacts/ivyservice/ivyresolve/ConnectionFailureRepositoryDisabler done
Event: 6.670 loading class org/gradle/api/internal/artifacts/MetadataResolutionContext
Event: 6.670 loading class org/gradle/api/internal/artifacts/MetadataResolutionContext done
Event: 6.671 loading class org/gradle/api/artifacts/result/ResolvedArtifactResult
Event: 6.671 loading class org/gradle/api/artifacts/result/ResolvedArtifactResult done
Event: 6.671 loading class org/gradle/api/artifacts/result/ArtifactResult
Event: 6.671 loading class org/gradle/api/artifacts/result/ArtifactResult done
Event: 6.671 loading class org/gradle/api/internal/artifacts/ivyservice/ivyresolve/ChangingValueDependencyResolutionListener
Event: 6.671 loading class org/gradle/api/internal/artifacts/ivyservice/ivyresolve/ChangingValueDependencyResolutionListener done
Event: 6.672 loading class org/gradle/api/artifacts/component/ModuleComponentSelector
Event: 6.672 loading class org/gradle/api/artifacts/component/ModuleComponentSelector done
Event: 6.673 loading class org/gradle/api/internal/artifacts/configurations/dynamicversion/Expiry
Event: 6.673 loading class org/gradle/api/internal/artifacts/configurations/dynamicversion/Expiry done
Event: 6.673 loading class org/gradle/api/artifacts/component/ModuleComponentIdentifier
Event: 6.673 loading class org/gradle/api/artifacts/component/ModuleComponentIdentifier done


Dynamic libraries:
0x00007ff653080000 - 0x00007ff65308a000 	C:\Program Files\Android\Android Studio\jre\bin\java.exe
0x00007ffac6da0000 - 0x00007ffac6f90000 	C:\Windows\SYSTEM32\ntdll.dll
0x00007ffac6b40000 - 0x00007ffac6bf2000 	C:\Windows\System32\KERNEL32.DLL
0x00007ffac4490000 - 0x00007ffac4735000 	C:\Windows\System32\KERNELBASE.dll
0x00007ffac49f0000 - 0x00007ffac4aea000 	C:\Windows\System32\ucrtbase.dll
0x00007ffab7d40000 - 0x00007ffab7d59000 	C:\Program Files\Android\Android Studio\jre\bin\jli.dll
0x00007ffab7b80000 - 0x00007ffab7b97000 	C:\Program Files\Android\Android Studio\jre\bin\VCRUNTIME140.dll
0x00007ffac5c30000 - 0x00007ffac5dc4000 	C:\Windows\System32\USER32.dll
0x00007ffac4930000 - 0x00007ffac4951000 	C:\Windows\System32\win32u.dll
0x00007ffac53b0000 - 0x00007ffac53d6000 	C:\Windows\System32\GDI32.dll
0x00007ffac4790000 - 0x00007ffac4928000 	C:\Windows\System32\gdi32full.dll
0x00007ffac4bc0000 - 0x00007ffac4c5e000 	C:\Windows\System32\msvcp_win.dll
0x00007ffab31b0000 - 0x00007ffab3434000 	C:\Windows\WinSxS\amd64_microsoft.windows.common-controls_6595b64144ccf1df_6.0.18362.1556_none_9e7e372fe45e41d5\COMCTL32.dll
0x00007ffac64a0000 - 0x00007ffac653e000 	C:\Windows\System32\msvcrt.dll
0x00007ffac4ff0000 - 0x00007ffac5326000 	C:\Windows\System32\combase.dll
0x00007ffac6a20000 - 0x00007ffac6b3f000 	C:\Windows\System32\RPCRT4.dll
0x00007ffac4960000 - 0x00007ffac49e1000 	C:\Windows\System32\bcryptPrimitives.dll
0x00007ffac4fc0000 - 0x00007ffac4fee000 	C:\Windows\System32\IMM32.DLL
0x00007ffab5620000 - 0x00007ffab56bd000 	C:\Program Files\Android\Android Studio\jre\bin\msvcp140.dll
0x00007ffa85c00000 - 0x00007ffa866cf000 	C:\Program Files\Android\Android Studio\jre\bin\server\jvm.dll
0x00007ffac6540000 - 0x00007ffac65e3000 	C:\Windows\System32\ADVAPI32.dll
0x00007ffac4e50000 - 0x00007ffac4ee7000 	C:\Windows\System32\sechost.dll
0x00007ffac5330000 - 0x00007ffac5338000 	C:\Windows\System32\PSAPI.DLL
0x00007ffac00f0000 - 0x00007ffac00f9000 	C:\Windows\SYSTEM32\WSOCK32.dll
0x00007ffab9770000 - 0x00007ffab977a000 	C:\Windows\SYSTEM32\VERSION.dll
0x00007ffac5e30000 - 0x00007ffac5e9f000 	C:\Windows\System32\WS2_32.dll
0x00007ffac16a0000 - 0x00007ffac16c4000 	C:\Windows\SYSTEM32\WINMM.dll
0x00007ffac1670000 - 0x00007ffac169d000 	C:\Windows\SYSTEM32\winmmbase.dll
0x00007ffac4740000 - 0x00007ffac478a000 	C:\Windows\System32\cfgmgr32.dll
0x00007ffac3cf0000 - 0x00007ffac3d01000 	C:\Windows\System32\kernel.appcore.dll
0x00007ffabe8f0000 - 0x00007ffabe901000 	C:\Program Files\Android\Android Studio\jre\bin\verify.dll
0x00007ffab0740000 - 0x00007ffab0934000 	C:\Windows\SYSTEM32\DBGHELP.DLL
0x00007ffa98bf0000 - 0x00007ffa98c1a000 	C:\Windows\SYSTEM32\dbgcore.DLL
0x00007ffabe3e0000 - 0x00007ffabe409000 	C:\Program Files\Android\Android Studio\jre\bin\java.dll
0x00007ffabfd30000 - 0x00007ffabfd3b000 	C:\Program Files\Android\Android Studio\jre\bin\jimage.dll
0x00007ffab80b0000 - 0x00007ffab80c8000 	C:\Program Files\Android\Android Studio\jre\bin\zip.dll
0x00007ffac5540000 - 0x00007ffac5c27000 	C:\Windows\System32\SHELL32.dll
0x00007ffac65f0000 - 0x00007ffac6698000 	C:\Windows\System32\shcore.dll
0x00007ffac3d10000 - 0x00007ffac448b000 	C:\Windows\System32\windows.storage.dll
0x00007ffac3c60000 - 0x00007ffac3c7e000 	C:\Windows\System32\profapi.dll
0x00007ffac3c80000 - 0x00007ffac3cca000 	C:\Windows\System32\powrprof.dll
0x00007ffac3c50000 - 0x00007ffac3c60000 	C:\Windows\System32\UMPDC.dll
0x00007ffac5dd0000 - 0x00007ffac5e22000 	C:\Windows\System32\shlwapi.dll
0x00007ffac4ba0000 - 0x00007ffac4bb7000 	C:\Windows\System32\cryptsp.dll
0x00007ffab7d10000 - 0x00007ffab7d2a000 	C:\Program Files\Android\Android Studio\jre\bin\net.dll
0x00007ffab4ac0000 - 0x00007ffab4bba000 	C:\Windows\SYSTEM32\WINHTTP.dll
0x00007ffac3490000 - 0x00007ffac34f7000 	C:\Windows\system32\mswsock.dll
0x00007ffab7cf0000 - 0x00007ffab7d04000 	C:\Program Files\Android\Android Studio\jre\bin\nio.dll
0x00007ffab77a0000 - 0x00007ffab77c7000 	C:\Users\OmarTaha\.gradle\native\8bec1ad78214c89d9ad589b4d07fe93259594b29d510b10fafb7a158f7737e5d\windows-amd64\native-platform.dll
0x00007ffab36c0000 - 0x00007ffab37fd000 	C:\Users\OmarTaha\.gradle\native\53dbd7edfb1c66fb8903c78663c9afc45aea4f116125fa6feffd364cf09443e8\windows-amd64\native-platform-file-events.dll
0x00007ffabeae0000 - 0x00007ffabeaea000 	C:\Program Files\Android\Android Studio\jre\bin\management.dll
0x00007ffabe8e0000 - 0x00007ffabe8ec000 	C:\Program Files\Android\Android Studio\jre\bin\management_ext.dll
0x00007ffac3010000 - 0x00007ffac3043000 	C:\Windows\system32\rsaenh.dll
0x00007ffac4c60000 - 0x00007ffac4c86000 	C:\Windows\System32\bcrypt.dll
0x00007ffac3b70000 - 0x00007ffac3b95000 	C:\Windows\SYSTEM32\USERENV.dll
0x00007ffac3660000 - 0x00007ffac366c000 	C:\Windows\SYSTEM32\CRYPTBASE.dll
0x00007ffac31a0000 - 0x00007ffac31da000 	C:\Windows\SYSTEM32\IPHLPAPI.DLL
0x00007ffac67e0000 - 0x00007ffac67e8000 	C:\Windows\System32\NSI.dll
0x00007ffaba9c0000 - 0x00007ffaba9d6000 	C:\Windows\SYSTEM32\dhcpcsvc6.DLL
0x00007ffabae50000 - 0x00007ffabae6c000 	C:\Windows\SYSTEM32\dhcpcsvc.DLL
0x00007ffac31e0000 - 0x00007ffac32ab000 	C:\Windows\SYSTEM32\DNSAPI.dll

dbghelp: loaded successfully - version: 4.0.5 - missing functions: none
symbol engine: initialized successfully - sym options: 0x614 - pdb path: .;C:\Program Files\Android\Android Studio\jre\bin;C:\Windows\SYSTEM32;C:\Windows\WinSxS\amd64_microsoft.windows.common-controls_6595b64144ccf1df_6.0.18362.1556_none_9e7e372fe45e41d5;C:\Program Files\Android\Android Studio\jre\bin\server;C:\Users\OmarTaha\.gradle\native\8bec1ad78214c89d9ad589b4d07fe93259594b29d510b10fafb7a158f7737e5d\windows-amd64;C:\Users\OmarTaha\.gradle\native\53dbd7edfb1c66fb8903c78663c9afc45aea4f116125fa6feffd364cf09443e8\windows-amd64

VM Arguments:
jvm_args: --add-opens=java.base/java.util=ALL-UNNAMED --add-opens=java.base/java.lang=ALL-UNNAMED --add-opens=java.base/java.lang.invoke=ALL-UNNAMED --add-opens=java.base/java.util=ALL-UNNAMED --add-opens=java.prefs/java.util.prefs=ALL-UNNAMED --add-opens=java.prefs/java.util.prefs=ALL-UNNAMED --add-opens=java.base/java.nio.charset=ALL-UNNAMED --add-opens=java.base/java.net=ALL-UNNAMED --add-opens=java.base/java.util.concurrent.atomic=ALL-UNNAMED -Xmx2048m -Dfile.encoding=windows-1252 -Duser.country=US -Duser.language=en -Duser.variant 
java_command: org.gradle.launcher.daemon.bootstrap.GradleDaemon 7.1-rc-1
java_class_path (initial): C:\Users\OmarTaha\.gradle\wrapper\dists\gradle-7.1-rc-1-bin\89hqeppvp8dbb4pzs5e0rkzxn\gradle-7.1-rc-1\lib\gradle-launcher-7.1.jar
Launcher Type: SUN_STANDARD

[Global flags]
     intx CICompilerCount                          = 4                                         {product} {ergonomic}
     uint ConcGCThreads                            = 2                                         {product} {ergonomic}
     uint G1ConcRefinementThreads                  = 8                                         {product} {ergonomic}
   size_t G1HeapRegionSize                         = 1048576                                   {product} {ergonomic}
    uintx GCDrainStackTargetSize                   = 64                                        {product} {ergonomic}
   size_t InitialHeapSize                          = 132120576                                 {product} {ergonomic}
   size_t MarkStackSize                            = 4194304                                   {product} {ergonomic}
   size_t MaxHeapSize                              = 2147483648                                {product} {command line}
   size_t MaxNewSize                               = 1287651328                                {product} {ergonomic}
   size_t MinHeapDeltaBytes                        = 1048576                                   {product} {ergonomic}
    uintx NonNMethodCodeHeapSize                   = 5836300                                {pd product} {ergonomic}
    uintx NonProfiledCodeHeapSize                  = 122910970                              {pd product} {ergonomic}
    uintx ProfiledCodeHeapSize                     = 122910970                              {pd product} {ergonomic}
    uintx ReservedCodeCacheSize                    = 251658240                              {pd product} {ergonomic}
     bool SegmentedCodeCache                       = true                                      {product} {ergonomic}
     bool UseCompressedClassPointers               = true                                 {lp64_product} {ergonomic}
     bool UseCompressedOops                        = true                                 {lp64_product} {ergonomic}
     bool UseG1GC                                  = true                                      {product} {ergonomic}
     bool UseLargePagesIndividualAllocation        = false                                  {pd product} {ergonomic}

Logging:
Log output configuration:
 #0: stdout all=warning uptime,level,tags
 #1: stderr all=off uptime,level,tags

Environment Variables:
JAVA_HOME=C:\Program Files\Android\jdk\microsoft_dist_openjdk_1.8.0.25
PATH=C:\Program Files (x86)\Common Files\Oracle\Java\javapath;C:\Program Files\ImageMagick-7.0.10-Q16-HDRI;C:\Program Files (x86)\Common Files\Intel\Shared Libraries\redist\intel64\compiler;C:\Program Files\Java\jdk-12.0.2\bin;C:\Windows\system32;C:\Windows;C:\Windows\System32\Wbem;C:\Windows\System32\WindowsPowerShell\v1.0\;C:\Windows\System32\OpenSSH\;C:\Program Files\dotnet\;C:\Program Files\Microsoft SQL Server\120\Tools\Binn\;C:\Program Files\Microsoft SQL Server\120\DTS\Binn\;C:\Program Files\Microsoft SQL Server\Client SDK\ODBC\110\Tools\Binn\;C:\Program Files (x86)\Microsoft SQL Server\120\Tools\Binn\;C:\Program Files (x86)\Microsoft SQL Server\120\Tools\Binn\ManagementStudio\;C:\Program Files (x86)\Microsoft SQL Server\120\DTS\Binn\;C:\Windows\Microsoft.NET\Framework\v3.5;C:\Program Files\Microsoft SQL Server\130\Tools\Binn\;C:\Program Files\Microsoft SQL Server\Client SDK\ODBC\170\Tools\Binn\;C:\Program Files\MATLAB\R2016a\runtime\win64;C:\Program Files\MATLAB\R2016a\bin;C:\Program Files\MATLAB\R2016a\polyspace\bin;C:\Program Files (x86)\dotnet\;C:\sqlite;C:\Program Files\Git\cmd;C:\Users\OmarTaha\AppData\Local\Programs\Python\Python38-32\Scripts\;C:\Users\OmarTaha\AppData\Local\Programs\Python\Python38-32\;C:\Users\OmarTaha\AppData\Local\Microsoft\WindowsApps;C:\Users\OmarTaha\AppData\Local\Programs\Microsoft VS Code\bin;C:\Users\OmarTaha\.dotnet\tools;C:\Program Files\JetBrains\PyCharm Community Edition 2020.2.4\bin;;C:\Users\OmarTaha\AppData\Local\GitHubDesktop\bin
USERNAME=OmarTaha
OS=Windows_NT
PROCESSOR_IDENTIFIER=Intel64 Family 6 Model 60 Stepping 3, GenuineIntel



---------------  S Y S T E M  ---------------

OS: Windows 10 , 64 bit Build 18362 (10.0.18362.1500)
OS uptime: 0 days 6:13 hours

CPU:total 8 (initial active 8) (4 cores per cpu, 2 threads per core) family 6 model 60 stepping 3 microcode 0x28, cmov, cx8, fxsr, mmx, sse, sse2, sse3, ssse3, sse4.1, sse4.2, popcnt, avx, avx2, aes, clmul, erms, lzcnt, ht, tsc, tscinvbit, bmi1, bmi2, fma

Memory: 4k page, system-wide physical 7993M (835M free)
TotalPageFile size 7993M (AvailPageFile size 5M)
current process WorkingSet (physical memory assigned to process): 241M, peak: 241M
current process commit charge ("private bytes"): 300M, peak: 300M

vm_info: OpenJDK 64-Bit Server VM (11.0.10+0-b96-7249189) for windows-amd64 JRE (11.0.10+0-b96-7249189), built on Mar 31 2021 21:44:00 by "builder" with MS VC++ 14.0 (VS2015)

END.
