#
# There is insufficient memory for the Java Runtime Environment to continue.
# Native memory allocation (malloc) failed to allocate 1500016 bytes for Chunk::new
# Possible reasons:
#   The system is out of physical RAM or swap space
#   The process is running with CompressedOops enabled, and the Java Heap may be blocking the growth of the native heap
# Possible solutions:
#   Reduce memory load on the system
#   Increase physical memory or swap space
#   Check if swap backing store is full
#   Decrease Java heap size (-Xmx/-Xms)
#   Decrease number of Java threads
#   Decrease Java thread stack sizes (-Xss)
#   Set larger code cache with -XX:ReservedCodeCacheSize=
#   JVM is running with Unscaled Compressed Oops mode in which the Java heap is
#     placed in the first 4GB address space. The Java Heap base address is the
#     maximum limit for the native heap growth. Please use -XX:HeapBaseMinAddress
#     to set the Java Heap base and to place the Java Heap above 4GB virtual address.
# This output file may be truncated or incomplete.
#
#  Out of Memory Error (./src/hotspot/share/memory/arena.cpp:197), pid=2476, tid=13004
#
# JRE version: OpenJDK Runtime Environment (11.0.10) (build 11.0.10+0-b96-7249189)
# Java VM: OpenJDK 64-Bit Server VM (11.0.10+0-b96-7249189, mixed mode, tiered, compressed oops, g1 gc, windows-amd64)
# No core dump will be written. Minidumps are not enabled by default on client versions of Windows
#

---------------  S U M M A R Y ------------

Command Line: -XX:MaxPermSize=512m -XX:+HeapDumpOnOutOfMemoryError --add-opens=java.base/java.util=ALL-UNNAMED --add-opens=java.base/java.lang=ALL-UNNAMED --add-opens=java.base/java.lang.invoke=ALL-UNNAMED --add-opens=java.base/java.util=ALL-UNNAMED --add-opens=java.prefs/java.util.prefs=ALL-UNNAMED --add-opens=java.prefs/java.util.prefs=ALL-UNNAMED --add-opens=java.base/java.nio.charset=ALL-UNNAMED --add-opens=java.base/java.net=ALL-UNNAMED --add-opens=java.base/java.util.concurrent.atomic=ALL-UNNAMED -Xmx2048m -Dfile.encoding=UTF-8 -Duser.country=US -Duser.language=en -Duser.variant org.gradle.launcher.daemon.bootstrap.GradleDaemon 7.1-rc-1

Host: Intel(R) Core(TM) i7-4800MQ CPU @ 2.70GHz, 8 cores, 7G,  Windows 10 , 64 bit Build 18362 (10.0.18362.1500)
Time: Sat Oct  9 22:03:41 2021 Arab Standard Time elapsed time: 5.578759 seconds (0d 0h 0m 5s)

---------------  T H R E A D  ---------------

Current thread (0x00000209e65a0800):  JavaThread "C2 CompilerThread0" daemon [_thread_in_native, id=13004, stack(0x000000d6faf00000,0x000000d6fb000000)]


Current CompileTask:
C2:   5578 2216   !   4       java.net.URLClassLoader$1::run (63 bytes)

Stack: [0x000000d6faf00000,0x000000d6fb000000]
Native frames: (J=compiled Java code, j=interpreted, Vv=VM code, C=native code)
V  [jvm.dll+0x5ecfaa]
V  [jvm.dll+0x722bd5]
V  [jvm.dll+0x72412d]
V  [jvm.dll+0x7247e3]
V  [jvm.dll+0x242928]
V  [jvm.dll+0xbc4fc]
V  [jvm.dll+0xbca0c]
V  [jvm.dll+0x352d3b]
V  [jvm.dll+0x19800c]
V  [jvm.dll+0x1fb70e]
V  [jvm.dll+0x1fa7f4]
V  [jvm.dll+0x18354c]
V  [jvm.dll+0x208ee7]
V  [jvm.dll+0x207731]
V  [jvm.dll+0x6eb1cf]
V  [jvm.dll+0x6e3d45]
V  [jvm.dll+0x5ebe96]
C  [ucrtbase.dll+0x210b2]
C  [KERNEL32.DLL+0x17c24]
C  [ntdll.dll+0x6d721]


---------------  P R O C E S S  ---------------

Threads class SMR info:
_java_thread_list=0x00000209e888d0e0, length=36, elements={
0x00000209cb8a2000, 0x00000209e6541800, 0x00000209e654a800, 0x00000209e6596800,
0x00000209e6597800, 0x00000209e659a800, 0x00000209e65a0800, 0x00000209e5d20800,
0x00000209e5d2c000, 0x00000209e66f1000, 0x00000209e7f9e000, 0x00000209e7e24800,
0x00000209e87f4800, 0x00000209e813e000, 0x00000209e7a89000, 0x00000209e7996000,
0x00000209e96c8800, 0x00000209e916e000, 0x00000209e96c9800, 0x00000209e921f000,
0x00000209e921a000, 0x00000209e9220000, 0x00000209e921c000, 0x00000209e984e000,
0x00000209e9221000, 0x00000209e921e800, 0x00000209e921b000, 0x00000209ea1c0800,
0x00000209e921c800, 0x00000209e921d800, 0x00000209e9105000, 0x00000209e9106800,
0x00000209e9107800, 0x00000209e910a000, 0x00000209e9106000, 0x00000209e9104800
}

Java Threads: ( => current thread )
  0x00000209cb8a2000 JavaThread "main" [_thread_blocked, id=10100, stack(0x000000d6fa300000,0x000000d6fa400000)]
  0x00000209e6541800 JavaThread "Reference Handler" daemon [_thread_blocked, id=10872, stack(0x000000d6faa00000,0x000000d6fab00000)]
  0x00000209e654a800 JavaThread "Finalizer" daemon [_thread_blocked, id=2012, stack(0x000000d6fab00000,0x000000d6fac00000)]
  0x00000209e6596800 JavaThread "Signal Dispatcher" daemon [_thread_blocked, id=7048, stack(0x000000d6fac00000,0x000000d6fad00000)]
  0x00000209e6597800 JavaThread "Attach Listener" daemon [_thread_blocked, id=12584, stack(0x000000d6fad00000,0x000000d6fae00000)]
  0x00000209e659a800 JavaThread "Service Thread" daemon [_thread_blocked, id=4100, stack(0x000000d6fae00000,0x000000d6faf00000)]
=>0x00000209e65a0800 JavaThread "C2 CompilerThread0" daemon [_thread_in_native, id=13004, stack(0x000000d6faf00000,0x000000d6fb000000)]
  0x00000209e5d20800 JavaThread "C1 CompilerThread0" daemon [_thread_blocked, id=14008, stack(0x000000d6fb000000,0x000000d6fb100000)]
  0x00000209e5d2c000 JavaThread "Sweeper thread" daemon [_thread_blocked, id=11304, stack(0x000000d6fb100000,0x000000d6fb200000)]
  0x00000209e66f1000 JavaThread "Common-Cleaner" daemon [_thread_blocked, id=12408, stack(0x000000d6fb200000,0x000000d6fb300000)]
  0x00000209e7f9e000 JavaThread "Daemon health stats" [_thread_blocked, id=928, stack(0x000000d6fb800000,0x000000d6fb900000)]
  0x00000209e7e24800 JavaThread "Incoming local TCP Connector on port 51667" [_thread_in_native, id=13668, stack(0x000000d6fb400000,0x000000d6fb500000)]
  0x00000209e87f4800 JavaThread "Daemon periodic checks" [_thread_blocked, id=13808, stack(0x000000d6fb700000,0x000000d6fb800000)]
  0x00000209e813e000 JavaThread "Daemon" [_thread_blocked, id=9968, stack(0x000000d6fb900000,0x000000d6fba00000)]
  0x00000209e7a89000 JavaThread "Handler for socket connection from /127.0.0.1:51667 to /127.0.0.1:51668" [_thread_in_native, id=12876, stack(0x000000d6fba00000,0x000000d6fbb00000)]
  0x00000209e7996000 JavaThread "Cancel handler" [_thread_blocked, id=1464, stack(0x000000d6fbb00000,0x000000d6fbc00000)]
  0x00000209e96c8800 JavaThread "Daemon worker" [_thread_in_native, id=10452, stack(0x000000d6fbc00000,0x000000d6fbd00000)]
  0x00000209e916e000 JavaThread "Asynchronous log dispatcher for DefaultDaemonConnection: socket connection from /127.0.0.1:51667 to /127.0.0.1:51668" [_thread_blocked, id=2256, stack(0x000000d6fbd00000,0x000000d6fbe00000)]
  0x00000209e96c9800 JavaThread "Stdin handler" [_thread_blocked, id=13592, stack(0x000000d6fbe00000,0x000000d6fbf00000)]
  0x00000209e921f000 JavaThread "Daemon client event forwarder" [_thread_blocked, id=4988, stack(0x000000d6fbf00000,0x000000d6fc000000)]
  0x00000209e921a000 JavaThread "Cache worker for journal cache (C:\Users\OmarTaha\.gradle\caches\journal-1)" [_thread_blocked, id=13280, stack(0x000000d6fc500000,0x000000d6fc600000)]
  0x00000209e9220000 JavaThread "File lock request listener" [_thread_in_native, id=13372, stack(0x000000d6fc600000,0x000000d6fc700000)]
  0x00000209e921c000 JavaThread "Cache worker for file hash cache (C:\Users\OmarTaha\.gradle\caches\7.1-rc-1\fileHashes)" [_thread_blocked, id=3172, stack(0x000000d6fc700000,0x000000d6fc800000)]
  0x00000209e984e000 JavaThread "C2 CompilerThread1" daemon [_thread_blocked, id=9452, stack(0x000000d6fc900000,0x000000d6fca00000)]
  0x00000209e9221000 JavaThread "Cache worker for file hash cache (C:\Users\OmarTaha\AndroidStudioProjects\GMS\.gradle\7.1-rc-1\fileHashes)" [_thread_blocked, id=9508, stack(0x000000d6fca00000,0x000000d6fcb00000)]
  0x00000209e921e800 JavaThread "File watcher server" daemon [_thread_in_native, id=1376, stack(0x000000d6fcb00000,0x000000d6fcc00000)]
  0x00000209e921b000 JavaThread "File watcher consumer" daemon [_thread_blocked, id=9500, stack(0x000000d6fcc00000,0x000000d6fcd00000)]
  0x00000209ea1c0800 JavaThread "C2 CompilerThread2" daemon [_thread_blocked, id=13780, stack(0x000000d6fcd00000,0x000000d6fce00000)]
  0x00000209e921c800 JavaThread "jar transforms" [_thread_blocked, id=13432, stack(0x000000d6fce00000,0x000000d6fcf00000)]
  0x00000209e921d800 JavaThread "jar transforms Thread 2" [_thread_blocked, id=12460, stack(0x000000d6fcf00000,0x000000d6fd000000)]
  0x00000209e9105000 JavaThread "jar transforms Thread 3" [_thread_blocked, id=3300, stack(0x000000d6fd000000,0x000000d6fd100000)]
  0x00000209e9106800 JavaThread "jar transforms Thread 4" [_thread_blocked, id=11784, stack(0x000000d6fd100000,0x000000d6fd200000)]
  0x00000209e9107800 JavaThread "jar transforms Thread 5" [_thread_blocked, id=4276, stack(0x000000d6fd200000,0x000000d6fd300000)]
  0x00000209e910a000 JavaThread "jar transforms Thread 6" [_thread_blocked, id=3100, stack(0x000000d6fd300000,0x000000d6fd400000)]
  0x00000209e9106000 JavaThread "jar transforms Thread 7" [_thread_blocked, id=7436, stack(0x000000d6fd400000,0x000000d6fd500000)]
  0x00000209e9104800 JavaThread "jar transforms Thread 8" [_thread_blocked, id=3236, stack(0x000000d6fd500000,0x000000d6fd600000)]

Other Threads:
  0x00000209e5d15800 VMThread "VM Thread" [stack: 0x000000d6fa900000,0x000000d6faa00000] [id=3972]
  0x00000209e6706000 WatcherThread [stack: 0x000000d6fb300000,0x000000d6fb400000] [id=3568]
  0x00000209cb8b9800 GCTaskThread "GC Thread#0" [stack: 0x000000d6fa400000,0x000000d6fa500000] [id=12228]
  0x00000209e750f800 GCTaskThread "GC Thread#1" [stack: 0x000000d6fb500000,0x000000d6fb600000] [id=2820]
  0x00000209e7610800 GCTaskThread "GC Thread#2" [stack: 0x000000d6fb600000,0x000000d6fb700000] [id=13852]
  0x00000209e9380000 GCTaskThread "GC Thread#3" [stack: 0x000000d6fc000000,0x000000d6fc100000] [id=12948]
  0x00000209e96ca800 GCTaskThread "GC Thread#4" [stack: 0x000000d6fc100000,0x000000d6fc200000] [id=13260]
  0x00000209e9626000 GCTaskThread "GC Thread#5" [stack: 0x000000d6fc200000,0x000000d6fc300000] [id=7180]
  0x00000209e9183000 GCTaskThread "GC Thread#6" [stack: 0x000000d6fc300000,0x000000d6fc400000] [id=5776]
  0x00000209e9184000 GCTaskThread "GC Thread#7" [stack: 0x000000d6fc400000,0x000000d6fc500000] [id=760]
  0x00000209cb8ec000 ConcurrentGCThread "G1 Main Marker" [stack: 0x000000d6fa500000,0x000000d6fa600000] [id=4384]
  0x00000209cb8ee800 ConcurrentGCThread "G1 Conc#0" [stack: 0x000000d6fa600000,0x000000d6fa700000] [id=12660]
  0x00000209e8fbf000 ConcurrentGCThread "G1 Conc#1" [stack: 0x000000d6fc800000,0x000000d6fc900000] [id=14004]
  0x00000209cb96d800 ConcurrentGCThread "G1 Refine#0" [stack: 0x000000d6fa700000,0x000000d6fa800000] [id=4440]
  0x00000209e5b64800 ConcurrentGCThread "G1 Young RemSet Sampling" [stack: 0x000000d6fa800000,0x000000d6fa900000] [id=13944]

Threads with active compile tasks:
C2 CompilerThread0   5618 2216   !   4       java.net.URLClassLoader$1::run (63 bytes)

VM state:not at safepoint (normal execution)

VM Mutex/Monitor currently owned by a thread: None

Heap address: 0x0000000080000000, size: 2048 MB, Compressed Oops mode: 32-bit
Narrow klass base: 0x0000000000000000, Narrow klass shift: 3
Compressed class space size: 1073741824 Address: 0x0000000100000000

Heap:
 garbage-first heap   total 129024K, used 31968K [0x0000000080000000, 0x0000000100000000)
  region size 1024K, 7 young (7168K), 4 survivors (4096K)
 Metaspace       used 26317K, capacity 27050K, committed 27392K, reserved 1073152K
  class space    used 3456K, capacity 3719K, committed 3840K, reserved 1048576K
Heap Regions: E=young(eden), S=young(survivor), O=old, HS=humongous(starts), HC=humongous(continues), CS=collection set, F=free, A=archive, TAMS=top-at-mark-start (previous, next)
|   0|0x0000000080000000, 0x0000000080100000, 0x0000000080100000|100%| O|  |TAMS 0x0000000080100000, 0x0000000080000000| Untracked 
|   1|0x0000000080100000, 0x0000000080200000, 0x0000000080200000|100%| O|  |TAMS 0x0000000080200000, 0x0000000080100000| Untracked 
|   2|0x0000000080200000, 0x0000000080300000, 0x0000000080300000|100%| O|  |TAMS 0x0000000080300000, 0x0000000080200000| Untracked 
|   3|0x0000000080300000, 0x0000000080400000, 0x0000000080400000|100%|HS|  |TAMS 0x0000000080400000, 0x0000000080300000| Complete 
|   4|0x0000000080400000, 0x0000000080500000, 0x0000000080500000|100%|HC|  |TAMS 0x0000000080500000, 0x0000000080400000| Complete 
|   5|0x0000000080500000, 0x0000000080600000, 0x0000000080600000|100%|HC|  |TAMS 0x0000000080600000, 0x0000000080500000| Complete 
|   6|0x0000000080600000, 0x0000000080700000, 0x0000000080700000|100%| O|  |TAMS 0x0000000080700000, 0x0000000080600000| Untracked 
|   7|0x0000000080700000, 0x0000000080800000, 0x0000000080800000|100%| O|  |TAMS 0x0000000080800000, 0x0000000080700000| Untracked 
|   8|0x0000000080800000, 0x0000000080900000, 0x0000000080900000|100%| O|  |TAMS 0x0000000080900000, 0x0000000080800000| Untracked 
|   9|0x0000000080900000, 0x0000000080a00000, 0x0000000080a00000|100%| O|  |TAMS 0x0000000080a00000, 0x0000000080900000| Untracked 
|  10|0x0000000080a00000, 0x0000000080b00000, 0x0000000080b00000|100%| O|  |TAMS 0x0000000080b00000, 0x0000000080a00000| Untracked 
|  11|0x0000000080b00000, 0x0000000080c00000, 0x0000000080c00000|100%| O|  |TAMS 0x0000000080c00000, 0x0000000080b00000| Untracked 
|  12|0x0000000080c00000, 0x0000000080d00000, 0x0000000080d00000|100%| O|  |TAMS 0x0000000080d00000, 0x0000000080c00000| Untracked 
|  13|0x0000000080d00000, 0x0000000080e00000, 0x0000000080e00000|100%| O|  |TAMS 0x0000000080e00000, 0x0000000080d00000| Untracked 
|  14|0x0000000080e00000, 0x0000000080f00000, 0x0000000080f00000|100%| O|  |TAMS 0x0000000080f00000, 0x0000000080e00000| Untracked 
|  15|0x0000000080f00000, 0x0000000080fb2a00, 0x0000000081000000| 69%| O|  |TAMS 0x0000000080fb2808, 0x0000000080f00000| Untracked 
|  16|0x0000000081000000, 0x0000000081100000, 0x0000000081100000|100%|HS|  |TAMS 0x0000000081000000, 0x0000000081000000| Complete 
|  17|0x0000000081100000, 0x0000000081200000, 0x0000000081200000|100%|HC|  |TAMS 0x0000000081100000, 0x0000000081100000| Complete 
|  18|0x0000000081200000, 0x0000000081300000, 0x0000000081300000|100%|HS|  |TAMS 0x0000000081200000, 0x0000000081200000| Complete 
|  19|0x0000000081300000, 0x0000000081400000, 0x0000000081400000|100%|HC|  |TAMS 0x0000000081300000, 0x0000000081300000| Complete 
|  20|0x0000000081400000, 0x0000000081500000, 0x0000000081500000|100%|HC|  |TAMS 0x0000000081400000, 0x0000000081400000| Complete 
|  21|0x0000000081500000, 0x0000000081600000, 0x0000000081600000|100%|HS|  |TAMS 0x0000000081500000, 0x0000000081500000| Complete 
|  22|0x0000000081600000, 0x0000000081700000, 0x0000000081700000|100%|HC|  |TAMS 0x0000000081600000, 0x0000000081600000| Complete 
|  23|0x0000000081700000, 0x0000000081800000, 0x0000000081800000|100%|HC|  |TAMS 0x0000000081700000, 0x0000000081700000| Complete 
|  24|0x0000000081800000, 0x0000000081900000, 0x0000000081900000|100%|HC|  |TAMS 0x0000000081800000, 0x0000000081800000| Complete 
|  25|0x0000000081900000, 0x0000000081a00000, 0x0000000081a00000|100%|HC|  |TAMS 0x0000000081900000, 0x0000000081900000| Complete 
|  26|0x0000000081a00000, 0x0000000081a00000, 0x0000000081b00000|  0%| F|  |TAMS 0x0000000081a00000, 0x0000000081a00000| Untracked 
|  27|0x0000000081b00000, 0x0000000081b00000, 0x0000000081c00000|  0%| F|  |TAMS 0x0000000081b00000, 0x0000000081b00000| Untracked 
|  28|0x0000000081c00000, 0x0000000081c00000, 0x0000000081d00000|  0%| F|  |TAMS 0x0000000081c00000, 0x0000000081c00000| Untracked 
|  29|0x0000000081d00000, 0x0000000081d00000, 0x0000000081e00000|  0%| F|  |TAMS 0x0000000081d00000, 0x0000000081d00000| Untracked 
|  30|0x0000000081e00000, 0x0000000081e00000, 0x0000000081f00000|  0%| F|  |TAMS 0x0000000081e00000, 0x0000000081e00000| Untracked 
|  31|0x0000000081f00000, 0x0000000081f00000, 0x0000000082000000|  0%| F|  |TAMS 0x0000000081f00000, 0x0000000081f00000| Untracked 
|  32|0x0000000082000000, 0x0000000082000000, 0x0000000082100000|  0%| F|  |TAMS 0x0000000082000000, 0x0000000082000000| Untracked 
|  33|0x0000000082100000, 0x0000000082100000, 0x0000000082200000|  0%| F|  |TAMS 0x0000000082100000, 0x0000000082100000| Untracked 
|  34|0x0000000082200000, 0x0000000082200000, 0x0000000082300000|  0%| F|  |TAMS 0x0000000082200000, 0x0000000082200000| Untracked 
|  35|0x0000000082300000, 0x0000000082300000, 0x0000000082400000|  0%| F|  |TAMS 0x0000000082300000, 0x0000000082300000| Untracked 
|  36|0x0000000082400000, 0x0000000082400000, 0x0000000082500000|  0%| F|  |TAMS 0x0000000082400000, 0x0000000082400000| Untracked 
|  37|0x0000000082500000, 0x0000000082500000, 0x0000000082600000|  0%| F|  |TAMS 0x0000000082500000, 0x0000000082500000| Untracked 
|  38|0x0000000082600000, 0x0000000082600000, 0x0000000082700000|  0%| F|  |TAMS 0x0000000082600000, 0x0000000082600000| Untracked 
|  39|0x0000000082700000, 0x0000000082700000, 0x0000000082800000|  0%| F|  |TAMS 0x0000000082700000, 0x0000000082700000| Untracked 
|  40|0x0000000082800000, 0x0000000082800000, 0x0000000082900000|  0%| F|  |TAMS 0x0000000082800000, 0x0000000082800000| Untracked 
|  41|0x0000000082900000, 0x0000000082900000, 0x0000000082a00000|  0%| F|  |TAMS 0x0000000082900000, 0x0000000082900000| Untracked 
|  42|0x0000000082a00000, 0x0000000082a00000, 0x0000000082b00000|  0%| F|  |TAMS 0x0000000082a00000, 0x0000000082a00000| Untracked 
|  43|0x0000000082b00000, 0x0000000082b00000, 0x0000000082c00000|  0%| F|  |TAMS 0x0000000082b00000, 0x0000000082b00000| Untracked 
|  44|0x0000000082c00000, 0x0000000082c00000, 0x0000000082d00000|  0%| F|  |TAMS 0x0000000082c00000, 0x0000000082c00000| Untracked 
|  45|0x0000000082d00000, 0x0000000082d00000, 0x0000000082e00000|  0%| F|  |TAMS 0x0000000082d00000, 0x0000000082d00000| Untracked 
|  46|0x0000000082e00000, 0x0000000082e00000, 0x0000000082f00000|  0%| F|  |TAMS 0x0000000082e00000, 0x0000000082e00000| Untracked 
|  47|0x0000000082f00000, 0x0000000082f00000, 0x0000000083000000|  0%| F|  |TAMS 0x0000000082f00000, 0x0000000082f00000| Untracked 
|  48|0x0000000083000000, 0x0000000083000000, 0x0000000083100000|  0%| F|  |TAMS 0x0000000083000000, 0x0000000083000000| Untracked 
|  49|0x0000000083100000, 0x0000000083100000, 0x0000000083200000|  0%| F|  |TAMS 0x0000000083100000, 0x0000000083100000| Untracked 
|  50|0x0000000083200000, 0x0000000083200000, 0x0000000083300000|  0%| F|  |TAMS 0x0000000083200000, 0x0000000083200000| Untracked 
|  51|0x0000000083300000, 0x0000000083300000, 0x0000000083400000|  0%| F|  |TAMS 0x0000000083300000, 0x0000000083300000| Untracked 
|  52|0x0000000083400000, 0x0000000083400000, 0x0000000083500000|  0%| F|  |TAMS 0x0000000083400000, 0x0000000083400000| Untracked 
|  53|0x0000000083500000, 0x0000000083500000, 0x0000000083600000|  0%| F|  |TAMS 0x0000000083500000, 0x0000000083500000| Untracked 
|  54|0x0000000083600000, 0x0000000083600000, 0x0000000083700000|  0%| F|  |TAMS 0x0000000083600000, 0x0000000083600000| Untracked 
|  55|0x0000000083700000, 0x0000000083700000, 0x0000000083800000|  0%| F|  |TAMS 0x0000000083700000, 0x0000000083700000| Untracked 
|  56|0x0000000083800000, 0x0000000083800000, 0x0000000083900000|  0%| F|  |TAMS 0x0000000083800000, 0x0000000083800000| Untracked 
|  57|0x0000000083900000, 0x0000000083900000, 0x0000000083a00000|  0%| F|  |TAMS 0x0000000083900000, 0x0000000083900000| Untracked 
|  58|0x0000000083a00000, 0x0000000083a00000, 0x0000000083b00000|  0%| F|  |TAMS 0x0000000083a00000, 0x0000000083a00000| Untracked 
|  59|0x0000000083b00000, 0x0000000083b00000, 0x0000000083c00000|  0%| F|  |TAMS 0x0000000083b00000, 0x0000000083b00000| Untracked 
|  60|0x0000000083c00000, 0x0000000083c00000, 0x0000000083d00000|  0%| F|  |TAMS 0x0000000083c00000, 0x0000000083c00000| Untracked 
|  61|0x0000000083d00000, 0x0000000083d00000, 0x0000000083e00000|  0%| F|  |TAMS 0x0000000083d00000, 0x0000000083d00000| Untracked 
|  62|0x0000000083e00000, 0x0000000083e00000, 0x0000000083f00000|  0%| F|  |TAMS 0x0000000083e00000, 0x0000000083e00000| Untracked 
|  63|0x0000000083f00000, 0x0000000083f00000, 0x0000000084000000|  0%| F|  |TAMS 0x0000000083f00000, 0x0000000083f00000| Untracked 
|  64|0x0000000084000000, 0x0000000084000000, 0x0000000084100000|  0%| F|  |TAMS 0x0000000084000000, 0x0000000084000000| Untracked 
|  65|0x0000000084100000, 0x0000000084100000, 0x0000000084200000|  0%| F|  |TAMS 0x0000000084100000, 0x0000000084100000| Untracked 
|  66|0x0000000084200000, 0x0000000084200000, 0x0000000084300000|  0%| F|  |TAMS 0x0000000084200000, 0x0000000084200000| Untracked 
|  67|0x0000000084300000, 0x00000000843858e0, 0x0000000084400000| 52%| S|CS|TAMS 0x0000000084300000, 0x0000000084300000| Complete 
|  68|0x0000000084400000, 0x0000000084500000, 0x0000000084500000|100%| S|CS|TAMS 0x0000000084400000, 0x0000000084400000| Complete 
|  69|0x0000000084500000, 0x0000000084600000, 0x0000000084600000|100%| S|CS|TAMS 0x0000000084500000, 0x0000000084500000| Complete 
|  70|0x0000000084600000, 0x0000000084700000, 0x0000000084700000|100%| S|CS|TAMS 0x0000000084600000, 0x0000000084600000| Complete 
|  71|0x0000000084700000, 0x0000000084700000, 0x0000000084800000|  0%| F|  |TAMS 0x0000000084700000, 0x0000000084700000| Untracked 
|  72|0x0000000084800000, 0x0000000084800000, 0x0000000084900000|  0%| F|  |TAMS 0x0000000084800000, 0x0000000084800000| Untracked 
|  73|0x0000000084900000, 0x0000000084900000, 0x0000000084a00000|  0%| F|  |TAMS 0x0000000084900000, 0x0000000084900000| Untracked 
|  74|0x0000000084a00000, 0x0000000084a00000, 0x0000000084b00000|  0%| F|  |TAMS 0x0000000084a00000, 0x0000000084a00000| Untracked 
|  75|0x0000000084b00000, 0x0000000084b00000, 0x0000000084c00000|  0%| F|  |TAMS 0x0000000084b00000, 0x0000000084b00000| Untracked 
|  76|0x0000000084c00000, 0x0000000084c00000, 0x0000000084d00000|  0%| F|  |TAMS 0x0000000084c00000, 0x0000000084c00000| Untracked 
|  77|0x0000000084d00000, 0x0000000084d00000, 0x0000000084e00000|  0%| F|  |TAMS 0x0000000084d00000, 0x0000000084d00000| Untracked 
|  78|0x0000000084e00000, 0x0000000084e00000, 0x0000000084f00000|  0%| F|  |TAMS 0x0000000084e00000, 0x0000000084e00000| Untracked 
|  79|0x0000000084f00000, 0x0000000084f00000, 0x0000000085000000|  0%| F|  |TAMS 0x0000000084f00000, 0x0000000084f00000| Untracked 
|  80|0x0000000085000000, 0x0000000085000000, 0x0000000085100000|  0%| F|  |TAMS 0x0000000085000000, 0x0000000085000000| Untracked 
|  81|0x0000000085100000, 0x0000000085100000, 0x0000000085200000|  0%| F|  |TAMS 0x0000000085100000, 0x0000000085100000| Untracked 
|  82|0x0000000085200000, 0x0000000085200000, 0x0000000085300000|  0%| F|  |TAMS 0x0000000085200000, 0x0000000085200000| Untracked 
|  83|0x0000000085300000, 0x0000000085300000, 0x0000000085400000|  0%| F|  |TAMS 0x0000000085300000, 0x0000000085300000| Untracked 
|  84|0x0000000085400000, 0x0000000085400000, 0x0000000085500000|  0%| F|  |TAMS 0x0000000085400000, 0x0000000085400000| Untracked 
|  85|0x0000000085500000, 0x0000000085500000, 0x0000000085600000|  0%| F|  |TAMS 0x0000000085500000, 0x0000000085500000| Untracked 
|  86|0x0000000085600000, 0x0000000085600000, 0x0000000085700000|  0%| F|  |TAMS 0x0000000085600000, 0x0000000085600000| Untracked 
|  87|0x0000000085700000, 0x0000000085700000, 0x0000000085800000|  0%| F|  |TAMS 0x0000000085700000, 0x0000000085700000| Untracked 
|  88|0x0000000085800000, 0x0000000085800000, 0x0000000085900000|  0%| F|  |TAMS 0x0000000085800000, 0x0000000085800000| Untracked 
|  89|0x0000000085900000, 0x0000000085900000, 0x0000000085a00000|  0%| F|  |TAMS 0x0000000085900000, 0x0000000085900000| Untracked 
|  90|0x0000000085a00000, 0x0000000085a00000, 0x0000000085b00000|  0%| F|  |TAMS 0x0000000085a00000, 0x0000000085a00000| Untracked 
|  91|0x0000000085b00000, 0x0000000085b00000, 0x0000000085c00000|  0%| F|  |TAMS 0x0000000085b00000, 0x0000000085b00000| Untracked 
|  92|0x0000000085c00000, 0x0000000085c00000, 0x0000000085d00000|  0%| F|  |TAMS 0x0000000085c00000, 0x0000000085c00000| Untracked 
|  93|0x0000000085d00000, 0x0000000085d00000, 0x0000000085e00000|  0%| F|  |TAMS 0x0000000085d00000, 0x0000000085d00000| Untracked 
|  94|0x0000000085e00000, 0x0000000085e00000, 0x0000000085f00000|  0%| F|  |TAMS 0x0000000085e00000, 0x0000000085e00000| Untracked 
|  95|0x0000000085f00000, 0x0000000085f00000, 0x0000000086000000|  0%| F|  |TAMS 0x0000000085f00000, 0x0000000085f00000| Untracked 
|  96|0x0000000086000000, 0x0000000086000000, 0x0000000086100000|  0%| F|  |TAMS 0x0000000086000000, 0x0000000086000000| Untracked 
|  97|0x0000000086100000, 0x0000000086100000, 0x0000000086200000|  0%| F|  |TAMS 0x0000000086100000, 0x0000000086100000| Untracked 
|  98|0x0000000086200000, 0x0000000086200000, 0x0000000086300000|  0%| F|  |TAMS 0x0000000086200000, 0x0000000086200000| Untracked 
|  99|0x0000000086300000, 0x0000000086300000, 0x0000000086400000|  0%| F|  |TAMS 0x0000000086300000, 0x0000000086300000| Untracked 
| 100|0x0000000086400000, 0x0000000086400000, 0x0000000086500000|  0%| F|  |TAMS 0x0000000086400000, 0x0000000086400000| Untracked 
| 101|0x0000000086500000, 0x0000000086500000, 0x0000000086600000|  0%| F|  |TAMS 0x0000000086500000, 0x0000000086500000| Untracked 
| 102|0x0000000086600000, 0x0000000086600000, 0x0000000086700000|  0%| F|  |TAMS 0x0000000086600000, 0x0000000086600000| Untracked 
| 103|0x0000000086700000, 0x0000000086700000, 0x0000000086800000|  0%| F|  |TAMS 0x0000000086700000, 0x0000000086700000| Untracked 
| 104|0x0000000086800000, 0x0000000086800000, 0x0000000086900000|  0%| F|  |TAMS 0x0000000086800000, 0x0000000086800000| Untracked 
| 105|0x0000000086900000, 0x0000000086900000, 0x0000000086a00000|  0%| F|  |TAMS 0x0000000086900000, 0x0000000086900000| Untracked 
| 106|0x0000000086a00000, 0x0000000086a00000, 0x0000000086b00000|  0%| F|  |TAMS 0x0000000086a00000, 0x0000000086a00000| Untracked 
| 107|0x0000000086b00000, 0x0000000086b00000, 0x0000000086c00000|  0%| F|  |TAMS 0x0000000086b00000, 0x0000000086b00000| Untracked 
| 108|0x0000000086c00000, 0x0000000086c00000, 0x0000000086d00000|  0%| F|  |TAMS 0x0000000086c00000, 0x0000000086c00000| Untracked 
| 109|0x0000000086d00000, 0x0000000086d00000, 0x0000000086e00000|  0%| F|  |TAMS 0x0000000086d00000, 0x0000000086d00000| Untracked 
| 110|0x0000000086e00000, 0x0000000086e00000, 0x0000000086f00000|  0%| F|  |TAMS 0x0000000086e00000, 0x0000000086e00000| Untracked 
| 111|0x0000000086f00000, 0x0000000086f00000, 0x0000000087000000|  0%| F|  |TAMS 0x0000000086f00000, 0x0000000086f00000| Untracked 
| 112|0x0000000087000000, 0x0000000087000000, 0x0000000087100000|  0%| F|  |TAMS 0x0000000087000000, 0x0000000087000000| Untracked 
| 113|0x0000000087100000, 0x0000000087100000, 0x0000000087200000|  0%| F|  |TAMS 0x0000000087100000, 0x0000000087100000| Untracked 
| 114|0x0000000087200000, 0x0000000087200000, 0x0000000087300000|  0%| F|  |TAMS 0x0000000087200000, 0x0000000087200000| Untracked 
| 115|0x0000000087300000, 0x0000000087300000, 0x0000000087400000|  0%| F|  |TAMS 0x0000000087300000, 0x0000000087300000| Untracked 
| 116|0x0000000087400000, 0x0000000087400000, 0x0000000087500000|  0%| F|  |TAMS 0x0000000087400000, 0x0000000087400000| Untracked 
| 117|0x0000000087500000, 0x0000000087500000, 0x0000000087600000|  0%| F|  |TAMS 0x0000000087500000, 0x0000000087500000| Untracked 
| 118|0x0000000087600000, 0x0000000087600000, 0x0000000087700000|  0%| F|  |TAMS 0x0000000087600000, 0x0000000087600000| Untracked 
| 119|0x0000000087700000, 0x0000000087700000, 0x0000000087800000|  0%| F|  |TAMS 0x0000000087700000, 0x0000000087700000| Untracked 
| 120|0x0000000087800000, 0x0000000087800000, 0x0000000087900000|  0%| F|  |TAMS 0x0000000087800000, 0x0000000087800000| Untracked 
| 121|0x0000000087900000, 0x0000000087900000, 0x0000000087a00000|  0%| F|  |TAMS 0x0000000087900000, 0x0000000087900000| Untracked 
| 122|0x0000000087a00000, 0x0000000087a00000, 0x0000000087b00000|  0%| F|  |TAMS 0x0000000087a00000, 0x0000000087a00000| Untracked 
| 123|0x0000000087b00000, 0x0000000087b94e20, 0x0000000087c00000| 58%| E|  |TAMS 0x0000000087b00000, 0x0000000087b00000| Complete 
| 124|0x0000000087c00000, 0x0000000087d00000, 0x0000000087d00000|100%| E|CS|TAMS 0x0000000087c00000, 0x0000000087c00000| Complete 
| 125|0x0000000087d00000, 0x0000000087e00000, 0x0000000087e00000|100%| E|CS|TAMS 0x0000000087d00000, 0x0000000087d00000| Complete 

Card table byte_map: [0x00000209deab0000,0x00000209deeb0000] _byte_map_base: 0x00000209de6b0000

Marking Bits (Prev, Next): (CMBitMap*) 0x00000209cb8e36f0, (CMBitMap*) 0x00000209cb8e36b8
 Prev Bits: [0x00000209e12b0000, 0x00000209e32b0000)
 Next Bits: [0x00000209df2b0000, 0x00000209e12b0000)

Polling page: 0x00000209c9780000

Metaspace:

Usage:
  Non-class:     22.78 MB capacity,    22.33 MB ( 98%) used,   412.96 KB (  2%) free+waste,    56.44 KB ( <1%) overhead. 
      Class:      3.63 MB capacity,     3.38 MB ( 93%) used,   234.03 KB (  6%) free+waste,    28.69 KB ( <1%) overhead. 
       Both:     26.42 MB capacity,    25.70 MB ( 97%) used,   646.99 KB (  2%) free+waste,    85.13 KB ( <1%) overhead. 

Virtual space:
  Non-class space:       24.00 MB reserved,      23.00 MB ( 96%) committed 
      Class space:        1.00 GB reserved,       3.75 MB ( <1%) committed 
             Both:        1.02 GB reserved,      26.75 MB (  3%) committed 

Chunk freelists:
   Non-Class:  29.00 KB
       Class:  25.00 KB
        Both:  54.00 KB

MaxMetaspaceSize: 17179869184.00 GB
CompressedClassSpaceSize: 1.00 GB

CodeHeap 'non-profiled nmethods': size=120000Kb used=1268Kb max_used=1268Kb free=118731Kb
 bounds [0x00000209d6e50000, 0x00000209d70c0000, 0x00000209de380000]
CodeHeap 'profiled nmethods': size=120000Kb used=4964Kb max_used=4964Kb free=115035Kb
 bounds [0x00000209cf920000, 0x00000209cfe00000, 0x00000209d6e50000]
CodeHeap 'non-nmethods': size=5760Kb used=1157Kb max_used=1203Kb free=4602Kb
 bounds [0x00000209cf380000, 0x00000209cf5f0000, 0x00000209cf920000]
 total_blobs=2877 nmethods=2376 adapters=412
 compilation: enabled
              stopped_count=0, restarted_count=0
 full_count=0

Compilation events (20 events):
Event: 5.517 Thread 0x00000209e5d20800 nmethod 2357 0x00000209cfded890 code [0x00000209cfdedee0, 0x00000209cfdf1848]
Event: 5.526 Thread 0x00000209ea1c0800 2358       4       java.io.WinNTFileSystem::normalize (224 bytes)
Event: 5.563 Thread 0x00000209e5d20800 2360       3       jdk.internal.reflect.ClassFileAssembler::incStack (11 bytes)
Event: 5.563 Thread 0x00000209e5d20800 nmethod 2360 0x00000209cfdf3290 code [0x00000209cfdf3440, 0x00000209cfdf35f8]
Event: 5.563 Thread 0x00000209e5d20800 2361       3       jdk.internal.reflect.ClassFileAssembler::getLength (11 bytes)
Event: 5.564 Thread 0x00000209e5d20800 nmethod 2361 0x00000209cfdf3690 code [0x00000209cfdf3840, 0x00000209cfdf39f8]
Event: 5.564 Thread 0x00000209e5d20800 2364       3       java.util.jar.JarFile::getManEntry (91 bytes)
Event: 5.565 Thread 0x00000209e5d20800 nmethod 2364 0x00000209cfdf3b10 code [0x00000209cfdf3de0, 0x00000209cfdf4d18]
Event: 5.565 Thread 0x00000209e5d20800 2365       3       java.io.ObjectStreamField::isPrimitive (23 bytes)
Event: 5.566 Thread 0x00000209e5d20800 nmethod 2365 0x00000209cfdf5210 code [0x00000209cfdf5420, 0x00000209cfdf5988]
Event: 5.566 Thread 0x00000209e5d20800 2367       3       java.io.ObjectInputStream$BlockDataInputStream::readByte (20 bytes)
Event: 5.566 Thread 0x00000209e5d20800 nmethod 2367 0x00000209cfdf5b90 code [0x00000209cfdf5d60, 0x00000209cfdf5fb8]
Event: 5.566 Thread 0x00000209e5d20800 2368       3       java.io.ObjectStreamField::getSignature (39 bytes)
Event: 5.566 Thread 0x00000209e5d20800 nmethod 2368 0x00000209cfdf6110 code [0x00000209cfdf6320, 0x00000209cfdf67a8]
Event: 5.566 Thread 0x00000209e5d20800 2366       1       java.io.ObjectStreamField::getField (5 bytes)
Event: 5.567 Thread 0x00000209e5d20800 nmethod 2366 0x00000209d6f79090 code [0x00000209d6f79240, 0x00000209d6f792f8]
Event: 5.569 Thread 0x00000209ea1c0800 nmethod 2358 0x00000209d6f79390 code [0x00000209d6f796e0, 0x00000209d6f7b6b0]
Event: 5.569 Thread 0x00000209ea1c0800 2359       4       jdk.internal.reflect.UTF8::utf8Length (81 bytes)
Event: 5.573 Thread 0x00000209ea1c0800 nmethod 2359 0x00000209d6f7c890 code [0x00000209d6f7ca40, 0x00000209d6f7cbe8]
Event: 5.573 Thread 0x00000209ea1c0800 2362       4       java.lang.ThreadLocal::get (38 bytes)

GC Heap History (8 events):
Event: 0.876 GC heap before
{Heap before GC invocations=0 (full 0):
 garbage-first heap   total 129024K, used 29696K [0x0000000080000000, 0x0000000100000000)
  region size 1024K, 24 young (24576K), 0 survivors (0K)
 Metaspace       used 9811K, capacity 10050K, committed 10112K, reserved 1058816K
  class space    used 1024K, capacity 1102K, committed 1152K, reserved 1048576K
}
Event: 0.880 GC heap after
{Heap after GC invocations=1 (full 0):
 garbage-first heap   total 129024K, used 9017K [0x0000000080000000, 0x0000000100000000)
  region size 1024K, 3 young (3072K), 3 survivors (3072K)
 Metaspace       used 9811K, capacity 10050K, committed 10112K, reserved 1058816K
  class space    used 1024K, capacity 1102K, committed 1152K, reserved 1048576K
}
Event: 4.503 GC heap before
{Heap before GC invocations=1 (full 0):
 garbage-first heap   total 129024K, used 82745K [0x0000000080000000, 0x0000000100000000)
  region size 1024K, 75 young (76800K), 3 survivors (3072K)
 Metaspace       used 17805K, capacity 18225K, committed 18432K, reserved 1064960K
  class space    used 2101K, capacity 2265K, committed 2304K, reserved 1048576K
}
Event: 4.509 GC heap after
{Heap after GC invocations=2 (full 0):
 garbage-first heap   total 129024K, used 15891K [0x0000000080000000, 0x0000000100000000)
  region size 1024K, 10 young (10240K), 10 survivors (10240K)
 Metaspace       used 17805K, capacity 18225K, committed 18432K, reserved 1064960K
  class space    used 2101K, capacity 2265K, committed 2304K, reserved 1048576K
}
Event: 4.740 GC heap before
{Heap before GC invocations=2 (full 0):
 garbage-first heap   total 129024K, used 41491K [0x0000000080000000, 0x0000000100000000)
  region size 1024K, 36 young (36864K), 10 survivors (10240K)
 Metaspace       used 20654K, capacity 21081K, committed 21248K, reserved 1067008K
  class space    used 2533K, capacity 2706K, committed 2816K, reserved 1048576K
}
Event: 4.747 GC heap after
{Heap after GC invocations=3 (full 0):
 garbage-first heap   total 129024K, used 17283K [0x0000000080000000, 0x0000000100000000)
  region size 1024K, 2 young (2048K), 2 survivors (2048K)
 Metaspace       used 20654K, capacity 21081K, committed 21248K, reserved 1067008K
  class space    used 2533K, capacity 2706K, committed 2816K, reserved 1048576K
}
Event: 5.395 GC heap before
{Heap before GC invocations=4 (full 0):
 garbage-first heap   total 129024K, used 72579K [0x0000000080000000, 0x0000000100000000)
  region size 1024K, 55 young (56320K), 2 survivors (2048K)
 Metaspace       used 26195K, capacity 26830K, committed 27008K, reserved 1073152K
  class space    used 3435K, capacity 3673K, committed 3712K, reserved 1048576K
}
Event: 5.399 GC heap after
{Heap after GC invocations=5 (full 0):
 garbage-first heap   total 129024K, used 21728K [0x0000000080000000, 0x0000000100000000)
  region size 1024K, 4 young (4096K), 4 survivors (4096K)
 Metaspace       used 26195K, capacity 26830K, committed 27008K, reserved 1073152K
  class space    used 3435K, capacity 3673K, committed 3712K, reserved 1048576K
}

Deoptimization events (20 events):
Event: 5.399 Thread 0x00000209e96c8800 DEOPT PACKING pc=0x00000209cfb8625a sp=0x000000d6fbcf6920
Event: 5.399 Thread 0x00000209e96c8800 DEOPT UNPACKING pc=0x00000209cf3a76ce sp=0x000000d6fbcf5da8 mode 0
Event: 5.403 Thread 0x00000209e96c8800 Uncommon trap: trap_request=0xffffffc6 fr.pc=0x00000209d6f5d2a8 relative=0x0000000000003a08
Event: 5.403 Thread 0x00000209e96c8800 Uncommon trap: reason=bimorphic_or_optimized_type_check action=maybe_recompile pc=0x00000209d6f5d2a8 method=java.lang.ClassLoader.loadClass(Ljava/lang/String;Z)Ljava/lang/Class; @ 38 c2
Event: 5.403 Thread 0x00000209e96c8800 DEOPT PACKING pc=0x00000209d6f5d2a8 sp=0x000000d6fbcf8a20
Event: 5.403 Thread 0x00000209e96c8800 DEOPT UNPACKING pc=0x00000209cf3a78af sp=0x000000d6fbcf8a70 mode 2
Event: 5.404 Thread 0x00000209e96c8800 Uncommon trap: trap_request=0xffffffc6 fr.pc=0x00000209d6f5d2a8 relative=0x0000000000003a08
Event: 5.404 Thread 0x00000209e96c8800 Uncommon trap: reason=bimorphic_or_optimized_type_check action=maybe_recompile pc=0x00000209d6f5d2a8 method=java.lang.ClassLoader.loadClass(Ljava/lang/String;Z)Ljava/lang/Class; @ 38 c2
Event: 5.404 Thread 0x00000209e96c8800 DEOPT PACKING pc=0x00000209d6f5d2a8 sp=0x000000d6fbcf8cb0
Event: 5.404 Thread 0x00000209e96c8800 DEOPT UNPACKING pc=0x00000209cf3a78af sp=0x000000d6fbcf8d00 mode 2
Event: 5.404 Thread 0x00000209e96c8800 Uncommon trap: trap_request=0xffffffc6 fr.pc=0x00000209d6f5d2a8 relative=0x0000000000003a08
Event: 5.404 Thread 0x00000209e96c8800 Uncommon trap: reason=bimorphic_or_optimized_type_check action=maybe_recompile pc=0x00000209d6f5d2a8 method=java.lang.ClassLoader.loadClass(Ljava/lang/String;Z)Ljava/lang/Class; @ 38 c2
Event: 5.404 Thread 0x00000209e96c8800 DEOPT PACKING pc=0x00000209d6f5d2a8 sp=0x000000d6fbcfa360
Event: 5.404 Thread 0x00000209e96c8800 DEOPT UNPACKING pc=0x00000209cf3a78af sp=0x000000d6fbcfa3b0 mode 2
Event: 5.444 Thread 0x00000209e96c8800 Uncommon trap: trap_request=0xffffff4d fr.pc=0x00000209d6ed2d24 relative=0x0000000000001ae4
Event: 5.444 Thread 0x00000209e96c8800 Uncommon trap: reason=unstable_if action=reinterpret pc=0x00000209d6ed2d24 method=java.util.zip.ZipFile$Source.initCEN(ILjava/util/zip/ZipCoder;)V @ 582 c2
Event: 5.444 Thread 0x00000209e96c8800 DEOPT PACKING pc=0x00000209d6ed2d24 sp=0x000000d6fbcf63e0
Event: 5.444 Thread 0x00000209e96c8800 DEOPT UNPACKING pc=0x00000209cf3a78af sp=0x000000d6fbcf63c8 mode 2
Event: 5.526 Thread 0x00000209e96c8800 DEOPT PACKING pc=0x00000209cf9de01b sp=0x000000d6fbcf3ac0
Event: 5.526 Thread 0x00000209e96c8800 DEOPT UNPACKING pc=0x00000209cf3a76ce sp=0x000000d6fbcf3000 mode 0

Classes redefined (0 events):
No events

Internal exceptions (20 events):
Event: 4.770 Thread 0x00000209e96c8800 Exception <a 'java/lang/NoSuchMethodError'{0x0000000087c92e60}: 'int java.lang.invoke.DirectMethodHandle$Holder.invokeSpecialIFC(java.lang.Object, java.lang.Object, java.lang.Object, java.lang.Object)'> (0x0000000087c92e60) thrown at [./src/hotspot/share/interpreter/linkResolver.cpp, line 773]
Event: 4.772 Thread 0x00000209e96c8800 Exception <a 'java/lang/NoSuchMethodError'{0x0000000087ca0c50}: 'java.lang.Object java.lang.invoke.DirectMethodHandle$Holder.invokeInterface(java.lang.Object, java.lang.Object, java.lang.Object)'> (0x0000000087ca0c50) thrown at [./src/hotspot/share/interpreter/linkResolver.cpp, line 773]
Event: 4.772 Thread 0x00000209e96c8800 Exception <a 'java/lang/IncompatibleClassChangeError'{0x0000000087ca4128}: Found class java.lang.Object, but interface was expected> (0x0000000087ca4128) thrown at [./src/hotspot/share/interpreter/linkResolver.cpp, line 839]
Event: 4.795 Thread 0x00000209e96c8800 Exception <a 'java/lang/NoSuchMethodError'{0x0000000087aff740}: 'void java.lang.invoke.DirectMethodHandle$Holder.invokeStatic(java.lang.Object, java.lang.Object, java.lang.Object, java.lang.Object, java.lang.Object)'> (0x0000000087aff740) thrown at [./src/hotspot/share/interpreter/linkResolver.cpp, line 773]
Event: 4.860 Thread 0x00000209e96c8800 Exception <a 'java/lang/NoSuchMethodError'{0x0000000087304b00}: 'java.lang.Object java.lang.invoke.DirectMethodHandle$Holder.invokeSpecial(java.lang.Object, java.lang.Object, java.lang.Object, java.lang.Object, java.lang.Object, java.lang.Object, java.lang.Object, java.lang.Object, java.lang.Object)'> (0x0000000087304b00) thrown at [./src/hotspot/share/interpreter/linkResolver.cpp, line 773]
Event: 4.919 Thread 0x00000209e96c8800 Exception <a 'java/lang/NoSuchMethodError'{0x0000000086a88780}: 'java.lang.Object java.lang.invoke.DirectMethodHandle$Holder.invokeVirtual(java.lang.Object, java.lang.Object, java.lang.Object, java.lang.Object)'> (0x0000000086a88780) thrown at [./src/hotspot/share/interpreter/linkResolver.cpp, line 773]
Event: 4.998 Thread 0x00000209e96c8800 Exception <a 'java/lang/NoSuchMethodError'{0x000000008615f7b8}: 'void java.lang.invoke.DirectMethodHandle$Holder.invokeSpecial(java.lang.Object, java.lang.Object, java.lang.Object, java.lang.Object, java.lang.Object, java.lang.Object)'> (0x000000008615f7b8) thrown at [./src/hotspot/share/interpreter/linkResolver.cpp, line 773]
Event: 5.008 Thread 0x00000209e96c8800 Exception <a 'java/lang/NoSuchMethodError'{0x00000000861c5fd0}: 'void java.lang.invoke.DirectMethodHandle$Holder.invokeSpecial(java.lang.Object, java.lang.Object, java.lang.Object, java.lang.Object, java.lang.Object, java.lang.Object, java.lang.Object)'> (0x00000000861c5fd0) thrown at [./src/hotspot/share/interpreter/linkResolver.cpp, line 773]
Event: 5.008 Thread 0x00000209e96c8800 Exception <a 'java/lang/NoSuchMethodError'{0x00000000861ce4c0}: 'java.lang.Object java.lang.invoke.Invokers$Holder.linkToTargetMethod(java.lang.Object, java.lang.Object, java.lang.Object, java.lang.Object, java.lang.Object, java.lang.Object)'> (0x00000000861ce4c0) thrown at [./src/hotspot/share/interpreter/linkResolver.cpp, line 773]
Event: 5.061 Thread 0x00000209e96c8800 Exception <a 'java/lang/NoSuchMethodError'{0x0000000085b26e58}: 'java.lang.Object java.lang.invoke.Invokers$Holder.invoker(java.lang.Object, java.lang.Object, java.lang.Object, java.lang.Object, java.lang.Object)'> (0x0000000085b26e58) thrown at [./src/hotspot/share/interpreter/linkResolver.cpp, line 773]
Event: 5.104 Thread 0x00000209e96c8800 Exception <a 'java/lang/NoSuchMethodError'{0x0000000085711a10}: 'int java.lang.invoke.DirectMethodHandle$Holder.invokeStaticInit(java.lang.Object, java.lang.Object, java.lang.Object)'> (0x0000000085711a10) thrown at [./src/hotspot/share/interpreter/linkResolver.cpp, line 773]
Event: 5.172 Thread 0x00000209e96c8800 Exception <a 'java/lang/NoSuchMethodError'{0x000000008520ccc0}: 'void java.lang.invoke.DirectMethodHandle$Holder.invokeStaticInit(java.lang.Object, java.lang.Object)'> (0x000000008520ccc0) thrown at [./src/hotspot/share/interpreter/linkResolver.cpp, line 773]
Event: 5.253 Thread 0x00000209e96c8800 Exception <a 'java/lang/NoSuchMethodError'{0x0000000084dad248}: 'void java.lang.invoke.DirectMethodHandle$Holder.invokeStatic(java.lang.Object, java.lang.Object, java.lang.Object, java.lang.Object)'> (0x0000000084dad248) thrown at [./src/hotspot/share/interpreter/linkResolver.cpp, line 773]
Event: 5.255 Thread 0x00000209e96c8800 Exception <a 'java/lang/NoSuchMethodError'{0x0000000084dc0ca8}: 'int java.lang.invoke.DirectMethodHandle$Holder.invokeInterface(java.lang.Object, java.lang.Object)'> (0x0000000084dc0ca8) thrown at [./src/hotspot/share/interpreter/linkResolver.cpp, line 773]
Event: 5.286 Thread 0x00000209e921c000 Exception <a 'java/lang/NoSuchMethodError'{0x0000000084b86638}: 'void java.lang.invoke.DirectMethodHandle$Holder.invokeSpecial(java.lang.Object, java.lang.Object)'> (0x0000000084b86638) thrown at [./src/hotspot/share/interpreter/linkResolver.cpp, line 773]
Event: 5.318 Thread 0x00000209e96c8800 Exception <a 'java/lang/NoSuchMethodError'{0x0000000084ac9500}: 'java.lang.Object java.lang.invoke.DirectMethodHandle$Holder.invokeStatic(java.lang.Object, java.lang.Object, int, java.lang.Object)'> (0x0000000084ac9500) thrown at [./src/hotspot/share/interpreter/linkResolver.cpp, line 773]
Event: 5.318 Thread 0x00000209e96c8800 Exception <a 'java/lang/NoSuchMethodError'{0x0000000084ad33f8}: 'java.lang.Object java.lang.invoke.Invokers$Holder.linkToTargetMethod(java.lang.Object, int, java.lang.Object, java.lang.Object)'> (0x0000000084ad33f8) thrown at [./src/hotspot/share/interpreter/linkResolver.cpp, line 773]
Event: 5.406 Thread 0x00000209e96c8800 Exception <a 'java/lang/NoSuchMethodError'{0x0000000087d67148}: <clinit>> (0x0000000087d67148) thrown at [./src/hotspot/share/prims/jni.cpp, line 1362]
Event: 5.412 Thread 0x00000209e96c8800 Exception <a 'java/lang/NoSuchMethodError'{0x0000000087dd94b8}: <clinit>> (0x0000000087dd94b8) thrown at [./src/hotspot/share/prims/jni.cpp, line 1362]
Event: 5.444 Thread 0x00000209e96c8800 Implicit null exception at 0x00000209d6ed2189 to 0x00000209d6ed2d02

Events (20 events):
Event: 5.560 loading class org/jetbrains/plugins/gradle/model/ProjectImportModelProvider$ProjectModelConsumer
Event: 5.560 loading class org/jetbrains/plugins/gradle/model/ProjectImportModelProvider$ProjectModelConsumer done
Event: 5.560 loading class org/gradle/tooling/model/Model
Event: 5.560 loading class org/gradle/tooling/model/Model done
Event: 5.561 loading class org/jetbrains/plugins/gradle/model/ProjectImportAction$AllModels
Event: 5.561 loading class org/jetbrains/plugins/gradle/model/ProjectImportAction$AllModels done
Event: 5.561 loading class org/jetbrains/plugins/gradle/model/ModelsHolder
Event: 5.561 loading class org/jetbrains/plugins/gradle/model/ModelsHolder done
Event: 5.561 loading class org/gradle/tooling/model/gradle/GradleBuild
Event: 5.561 loading class org/gradle/tooling/model/gradle/GradleBuild done
Event: 5.562 loading class org/jetbrains/plugins/gradle/model/ProjectImportAction$ToolingSerializerAdapter
Event: 5.562 loading class org/jetbrains/plugins/gradle/model/ProjectImportAction$ToolingSerializerAdapter done
Event: 5.563 loading class org/jetbrains/plugins/gradle/model/ProjectImportModelProvider
Event: 5.563 loading class org/jetbrains/plugins/gradle/model/ProjectImportModelProvider done
Event: 5.564 loading class org/gradle/tooling/model/gradle/BasicGradleProject
Event: 5.564 loading class org/gradle/tooling/model/gradle/BasicGradleProject done
Event: 5.564 loading class org/gradle/tooling/model/ProjectModel
Event: 5.564 loading class org/gradle/tooling/model/ProjectModel done
Event: 5.568 loading class org/jetbrains/plugins/gradle/model/ClassSetProjectImportModelProvider
Event: 5.568 loading class org/jetbrains/plugins/gradle/model/ClassSetProjectImportModelProvider done


Dynamic libraries:
0x00007ff63a2c0000 - 0x00007ff63a2ca000 	C:\Program Files\Android\Android Studio\jre\bin\java.exe
0x00007ffc9f600000 - 0x00007ffc9f7f0000 	C:\Windows\SYSTEM32\ntdll.dll
0x00007ffc9d9e0000 - 0x00007ffc9da92000 	C:\Windows\System32\KERNEL32.DLL
0x00007ffc9d400000 - 0x00007ffc9d6a5000 	C:\Windows\System32\KERNELBASE.dll
0x00007ffc9c600000 - 0x00007ffc9c6fa000 	C:\Windows\System32\ucrtbase.dll
0x00007ffc98550000 - 0x00007ffc98567000 	C:\Program Files\Android\Android Studio\jre\bin\VCRUNTIME140.dll
0x00007ffc91c60000 - 0x00007ffc91c79000 	C:\Program Files\Android\Android Studio\jre\bin\jli.dll
0x00007ffc9e320000 - 0x00007ffc9e4b4000 	C:\Windows\System32\USER32.dll
0x00007ffc9d3d0000 - 0x00007ffc9d3f1000 	C:\Windows\System32\win32u.dll
0x00007ffc9d9b0000 - 0x00007ffc9d9d6000 	C:\Windows\System32\GDI32.dll
0x00007ffc9d0d0000 - 0x00007ffc9d268000 	C:\Windows\System32\gdi32full.dll
0x00007ffc9c800000 - 0x00007ffc9c89e000 	C:\Windows\System32\msvcp_win.dll
0x00007ffc8aec0000 - 0x00007ffc8b144000 	C:\Windows\WinSxS\amd64_microsoft.windows.common-controls_6595b64144ccf1df_6.0.18362.1556_none_9e7e372fe45e41d5\COMCTL32.dll
0x00007ffc9e210000 - 0x00007ffc9e2ae000 	C:\Windows\System32\msvcrt.dll
0x00007ffc9f0a0000 - 0x00007ffc9f3d6000 	C:\Windows\System32\combase.dll
0x00007ffc9d810000 - 0x00007ffc9d92f000 	C:\Windows\System32\RPCRT4.dll
0x00007ffc9c570000 - 0x00007ffc9c5f1000 	C:\Windows\System32\bcryptPrimitives.dll
0x00007ffc9e520000 - 0x00007ffc9e54e000 	C:\Windows\System32\IMM32.DLL
0x00007ffc74c40000 - 0x00007ffc74cdd000 	C:\Program Files\Android\Android Studio\jre\bin\msvcp140.dll
0x00007ffc5b5e0000 - 0x00007ffc5c0af000 	C:\Program Files\Android\Android Studio\jre\bin\server\jvm.dll
0x00007ffc9ec40000 - 0x00007ffc9ece3000 	C:\Windows\System32\ADVAPI32.dll
0x00007ffc9f520000 - 0x00007ffc9f5b7000 	C:\Windows\System32\sechost.dll
0x00007ffc9e150000 - 0x00007ffc9e158000 	C:\Windows\System32\PSAPI.DLL
0x00007ffc95550000 - 0x00007ffc9555a000 	C:\Windows\SYSTEM32\VERSION.dll
0x00007ffc98e10000 - 0x00007ffc98e34000 	C:\Windows\SYSTEM32\WINMM.dll
0x00007ffc98de0000 - 0x00007ffc98e0d000 	C:\Windows\SYSTEM32\winmmbase.dll
0x00007ffc9c7b0000 - 0x00007ffc9c7fa000 	C:\Windows\System32\cfgmgr32.dll
0x00007ffc98dd0000 - 0x00007ffc98dd9000 	C:\Windows\SYSTEM32\WSOCK32.dll
0x00007ffc9e2b0000 - 0x00007ffc9e31f000 	C:\Windows\System32\WS2_32.dll
0x00007ffc9c4e0000 - 0x00007ffc9c4f1000 	C:\Windows\System32\kernel.appcore.dll
0x00007ffc98db0000 - 0x00007ffc98dc1000 	C:\Program Files\Android\Android Studio\jre\bin\verify.dll
0x00007ffc877c0000 - 0x00007ffc879b4000 	C:\Windows\SYSTEM32\DBGHELP.DLL
0x00007ffc6f820000 - 0x00007ffc6f84a000 	C:\Windows\SYSTEM32\dbgcore.DLL
0x00007ffc98d80000 - 0x00007ffc98da9000 	C:\Program Files\Android\Android Studio\jre\bin\java.dll
0x00007ffc98d70000 - 0x00007ffc98d7b000 	C:\Program Files\Android\Android Studio\jre\bin\jimage.dll
0x00007ffc98d50000 - 0x00007ffc98d68000 	C:\Program Files\Android\Android Studio\jre\bin\zip.dll
0x00007ffc9e550000 - 0x00007ffc9ec37000 	C:\Windows\System32\SHELL32.dll
0x00007ffc9e160000 - 0x00007ffc9e208000 	C:\Windows\System32\shcore.dll
0x00007ffc9c900000 - 0x00007ffc9d07b000 	C:\Windows\System32\windows.storage.dll
0x00007ffc9c4c0000 - 0x00007ffc9c4de000 	C:\Windows\System32\profapi.dll
0x00007ffc9c520000 - 0x00007ffc9c56a000 	C:\Windows\System32\powrprof.dll
0x00007ffc9c4b0000 - 0x00007ffc9c4c0000 	C:\Windows\System32\UMPDC.dll
0x00007ffc9e4c0000 - 0x00007ffc9e512000 	C:\Windows\System32\shlwapi.dll
0x00007ffc9d0b0000 - 0x00007ffc9d0c7000 	C:\Windows\System32\cryptsp.dll
0x00007ffc98d30000 - 0x00007ffc98d4a000 	C:\Program Files\Android\Android Studio\jre\bin\net.dll
0x00007ffc8db60000 - 0x00007ffc8dc5a000 	C:\Windows\SYSTEM32\WINHTTP.dll
0x00007ffc9bcf0000 - 0x00007ffc9bd57000 	C:\Windows\system32\mswsock.dll
0x00007ffc98d10000 - 0x00007ffc98d24000 	C:\Program Files\Android\Android Studio\jre\bin\nio.dll
0x00007ffc91cb0000 - 0x00007ffc91cd7000 	C:\Users\OmarTaha\.gradle\native\8bec1ad78214c89d9ad589b4d07fe93259594b29d510b10fafb7a158f7737e5d\windows-amd64\native-platform.dll
0x00007ffc5f410000 - 0x00007ffc5f54d000 	C:\Users\OmarTaha\.gradle\native\53dbd7edfb1c66fb8903c78663c9afc45aea4f116125fa6feffd364cf09443e8\windows-amd64\native-platform-file-events.dll
0x00007ffc98d00000 - 0x00007ffc98d0a000 	C:\Program Files\Android\Android Studio\jre\bin\management.dll
0x00007ffc98cf0000 - 0x00007ffc98cfc000 	C:\Program Files\Android\Android Studio\jre\bin\management_ext.dll
0x00007ffc9b870000 - 0x00007ffc9b8a3000 	C:\Windows\system32\rsaenh.dll
0x00007ffc9d080000 - 0x00007ffc9d0a6000 	C:\Windows\System32\bcrypt.dll
0x00007ffc9c3d0000 - 0x00007ffc9c3f5000 	C:\Windows\SYSTEM32\USERENV.dll
0x00007ffc9bec0000 - 0x00007ffc9becc000 	C:\Windows\SYSTEM32\CRYPTBASE.dll
0x00007ffc9ba00000 - 0x00007ffc9ba3a000 	C:\Windows\SYSTEM32\IPHLPAPI.DLL
0x00007ffc9db70000 - 0x00007ffc9db78000 	C:\Windows\System32\NSI.dll
0x00007ffc94ab0000 - 0x00007ffc94ac6000 	C:\Windows\SYSTEM32\dhcpcsvc6.DLL
0x00007ffc956b0000 - 0x00007ffc956cc000 	C:\Windows\SYSTEM32\dhcpcsvc.DLL
0x00007ffc9ba40000 - 0x00007ffc9bb0b000 	C:\Windows\SYSTEM32\DNSAPI.dll

dbghelp: loaded successfully - version: 4.0.5 - missing functions: none
symbol engine: initialized successfully - sym options: 0x614 - pdb path: .;C:\Program Files\Android\Android Studio\jre\bin;C:\Windows\SYSTEM32;C:\Windows\WinSxS\amd64_microsoft.windows.common-controls_6595b64144ccf1df_6.0.18362.1556_none_9e7e372fe45e41d5;C:\Program Files\Android\Android Studio\jre\bin\server;C:\Users\OmarTaha\.gradle\native\8bec1ad78214c89d9ad589b4d07fe93259594b29d510b10fafb7a158f7737e5d\windows-amd64;C:\Users\OmarTaha\.gradle\native\53dbd7edfb1c66fb8903c78663c9afc45aea4f116125fa6feffd364cf09443e8\windows-amd64

VM Arguments:
jvm_args: -XX:MaxPermSize=512m -XX:+HeapDumpOnOutOfMemoryError --add-opens=java.base/java.util=ALL-UNNAMED --add-opens=java.base/java.lang=ALL-UNNAMED --add-opens=java.base/java.lang.invoke=ALL-UNNAMED --add-opens=java.base/java.util=ALL-UNNAMED --add-opens=java.prefs/java.util.prefs=ALL-UNNAMED --add-opens=java.prefs/java.util.prefs=ALL-UNNAMED --add-opens=java.base/java.nio.charset=ALL-UNNAMED --add-opens=java.base/java.net=ALL-UNNAMED --add-opens=java.base/java.util.concurrent.atomic=ALL-UNNAMED -Xmx2048m -Dfile.encoding=UTF-8 -Duser.country=US -Duser.language=en -Duser.variant 
java_command: org.gradle.launcher.daemon.bootstrap.GradleDaemon 7.1-rc-1
java_class_path (initial): C:\Users\OmarTaha\.gradle\wrapper\dists\gradle-7.1-rc-1-bin\89hqeppvp8dbb4pzs5e0rkzxn\gradle-7.1-rc-1\lib\gradle-launcher-7.1.jar
Launcher Type: SUN_STANDARD

[Global flags]
     intx CICompilerCount                          = 4                                         {product} {ergonomic}
     uint ConcGCThreads                            = 2                                         {product} {ergonomic}
     uint G1ConcRefinementThreads                  = 8                                         {product} {ergonomic}
   size_t G1HeapRegionSize                         = 1048576                                   {product} {ergonomic}
    uintx GCDrainStackTargetSize                   = 64                                        {product} {ergonomic}
     bool HeapDumpOnOutOfMemoryError               = true                                   {manageable} {command line}
   size_t InitialHeapSize                          = 132120576                                 {product} {ergonomic}
   size_t MarkStackSize                            = 4194304                                   {product} {ergonomic}
   size_t MaxHeapSize                              = 2147483648                                {product} {command line}
   size_t MaxNewSize                               = 1287651328                                {product} {ergonomic}
   size_t MinHeapDeltaBytes                        = 1048576                                   {product} {ergonomic}
    uintx NonNMethodCodeHeapSize                   = 5836300                                {pd product} {ergonomic}
    uintx NonProfiledCodeHeapSize                  = 122910970                              {pd product} {ergonomic}
    uintx ProfiledCodeHeapSize                     = 122910970                              {pd product} {ergonomic}
    uintx ReservedCodeCacheSize                    = 251658240                              {pd product} {ergonomic}
     bool SegmentedCodeCache                       = true                                      {product} {ergonomic}
     bool UseCompressedClassPointers               = true                                 {lp64_product} {ergonomic}
     bool UseCompressedOops                        = true                                 {lp64_product} {ergonomic}
     bool UseG1GC                                  = true                                      {product} {ergonomic}
     bool UseLargePagesIndividualAllocation        = false                                  {pd product} {ergonomic}

Logging:
Log output configuration:
 #0: stdout all=warning uptime,level,tags
 #1: stderr all=off uptime,level,tags

Environment Variables:
JAVA_HOME=C:\Program Files\Java\jdk-11.0.12\bin
PATH=C:\Program Files\Common Files\Oracle\Java\javapath;C:\Program Files (x86)\Common Files\Oracle\Java\javapath;C:\Program Files\ImageMagick-7.0.10-Q16-HDRI;C:\Program Files (x86)\Common Files\Intel\Shared Libraries\redist\intel64\compiler;C:\Program Files\Java\jdk-12.0.2\bin;C:\Windows\system32;C:\Windows;C:\Windows\System32\Wbem;C:\Windows\System32\WindowsPowerShell\v1.0\;C:\Windows\System32\OpenSSH\;C:\Program Files\dotnet\;C:\Program Files\Microsoft SQL Server\120\Tools\Binn\;C:\Program Files\Microsoft SQL Server\120\DTS\Binn\;C:\Program Files\Microsoft SQL Server\Client SDK\ODBC\110\Tools\Binn\;C:\Program Files (x86)\Microsoft SQL Server\120\Tools\Binn\;C:\Program Files (x86)\Microsoft SQL Server\120\Tools\Binn\ManagementStudio\;C:\Program Files (x86)\Microsoft SQL Server\120\DTS\Binn\;C:\Windows\Microsoft.NET\Framework\v3.5;C:\Program Files\Microsoft SQL Server\130\Tools\Binn\;C:\Program Files\Microsoft SQL Server\Client SDK\ODBC\170\Tools\Binn\;C:\Program Files\MATLAB\R2016a\runtime\win64;C:\Program Files\MATLAB\R2016a\bin;C:\Program Files\MATLAB\R2016a\polyspace\bin;C:\Program Files (x86)\dotnet\;C:\sqlite;C:\Program Files\Git\cmd;C:\Users\OmarTaha\AppData\Local\Programs\Python\Python38-32\Scripts\;C:\Users\OmarTaha\AppData\Local\Programs\Python\Python38-32\;C:\Users\OmarTaha\AppData\Local\Microsoft\WindowsApps;C:\Users\OmarTaha\AppData\Local\Programs\Microsoft VS Code\bin;C:\Users\OmarTaha\.dotnet\tools;C:\Program Files\JetBrains\PyCharm Community Edition 2020.2.4\bin;;C:\Users\OmarTaha\AppData\Local\GitHubDesktop\bin
USERNAME=OmarTaha
OS=Windows_NT
PROCESSOR_IDENTIFIER=Intel64 Family 6 Model 60 Stepping 3, GenuineIntel



---------------  S Y S T E M  ---------------

OS: Windows 10 , 64 bit Build 18362 (10.0.18362.1500)
OS uptime: 0 days 0:51 hours

CPU:total 8 (initial active 8) (4 cores per cpu, 2 threads per core) family 6 model 60 stepping 3 microcode 0x28, cmov, cx8, fxsr, mmx, sse, sse2, sse3, ssse3, sse4.1, sse4.2, popcnt, avx, avx2, aes, clmul, erms, lzcnt, ht, tsc, tscinvbit, bmi1, bmi2, fma

Memory: 4k page, system-wide physical 7993M (1051M free)
TotalPageFile size 7993M (AvailPageFile size 11M)
current process WorkingSet (physical memory assigned to process): 237M, peak: 241M
current process commit charge ("private bytes"): 295M, peak: 305M

vm_info: OpenJDK 64-Bit Server VM (11.0.10+0-b96-7249189) for windows-amd64 JRE (11.0.10+0-b96-7249189), built on Mar 31 2021 21:44:00 by "builder" with MS VC++ 14.0 (VS2015)

END.
