#
# There is insufficient memory for the Java Runtime Environment to continue.
# Native memory allocation (mmap) failed to map 38797312 bytes for Failed to commit area from 0x000000008b700000 to 0x000000008dc00000 of length 38797312.
# Possible reasons:
#   The system is out of physical RAM or swap space
#   The process is running with CompressedOops enabled, and the Java Heap may be blocking the growth of the native heap
# Possible solutions:
#   Reduce memory load on the system
#   Increase physical memory or swap space
#   Check if swap backing store is full
#   Decrease Java heap size (-Xmx/-Xms)
#   Decrease number of Java threads
#   Decrease Java thread stack sizes (-Xss)
#   Set larger code cache with -XX:ReservedCodeCacheSize=
#   JVM is running with Unscaled Compressed Oops mode in which the Java heap is
#     placed in the first 4GB address space. The Java Heap base address is the
#     maximum limit for the native heap growth. Please use -XX:HeapBaseMinAddress
#     to set the Java Heap base and to place the Java Heap above 4GB virtual address.
# This output file may be truncated or incomplete.
#
#  Out of Memory Error (./open/src/hotspot/os/windows/os_windows.cpp:3273), pid=11748, tid=22408
#
# JRE version: Java(TM) SE Runtime Environment 18.9 (11.0.12+8) (build 11.0.12+8-LTS-237)
# Java VM: Java HotSpot(TM) 64-Bit Server VM 18.9 (11.0.12+8-LTS-237, mixed mode, tiered, compressed oops, g1 gc, windows-amd64)
# No core dump will be written. Minidumps are not enabled by default on client versions of Windows
#

---------------  S U M M A R Y ------------

Command Line: --add-opens=java.base/java.util=ALL-UNNAMED --add-opens=java.base/java.lang=ALL-UNNAMED --add-opens=java.base/java.lang.invoke=ALL-UNNAMED --add-opens=java.base/java.util=ALL-UNNAMED --add-opens=java.prefs/java.util.prefs=ALL-UNNAMED --add-opens=java.prefs/java.util.prefs=ALL-UNNAMED --add-opens=java.base/java.nio.charset=ALL-UNNAMED --add-opens=java.base/java.net=ALL-UNNAMED --add-opens=java.base/java.util.concurrent.atomic=ALL-UNNAMED -Xmx2048m -Dfile.encoding=windows-1252 -Duser.country=US -Duser.language=en -Duser.variant org.gradle.launcher.daemon.bootstrap.GradleDaemon 7.1-rc-1

Host: Intel(R) Core(TM) i7-4800MQ CPU @ 2.70GHz, 8 cores, 7G,  Windows 10 , 64 bit Build 18362 (10.0.18362.1500)
Time: Sun Dec 12 22:34:03 2021 Arab Standard Time elapsed time: 136.099113 seconds (0d 0h 2m 16s)

---------------  T H R E A D  ---------------

Current thread (0x000001d77f76b000):  VMThread "VM Thread" [stack: 0x0000005dab900000,0x0000005daba00000] [id=22408]

Stack: [0x0000005dab900000,0x0000005daba00000]
[error occurred during error reporting (printing stack bounds), id 0xc0000005, EXCEPTION_ACCESS_VIOLATION (0xc0000005) at pc=0x000001d76adf0f2d]

Native frames: (J=compiled Java code, j=interpreted, Vv=VM code, C=native code)
V  [jvm.dll+0x617d9a]
V  [jvm.dll+0x74eeef]
V  [jvm.dll+0x750599]
V  [jvm.dll+0x750b85]
V  [jvm.dll+0x750b3b]
V  [jvm.dll+0x6175d3]
V  [jvm.dll+0x617998]
C  [ntdll.dll+0xa1fff]
C  [ntdll.dll+0x6aad9]
C  [ntdll.dll+0xa0c6e]
C  0x000001d76adf0f2d

VM_Operation (0x0000005db4ffc720): G1CollectForAllocation, mode: safepoint, requested by thread 0x000001d70953a800


---------------  P R O C E S S  ---------------

Threads class SMR info:
_java_thread_list=0x000001d705c8a750, length=151, elements={
0x000001d76293e000, 0x000001d77f77e800, 0x000001d77f774800, 0x000001d77f785000,
0x000001d77f787000, 0x000001d77f78b000, 0x000001d77f78f800, 0x000001d77f797000,
0x000001d77f798800, 0x000001d7022d2000, 0x000001d703262800, 0x000001d703b3a800,
0x000001d70385b800, 0x000001d70406e800, 0x000001d70406a000, 0x000001d70406b000,
0x000001d70406c800, 0x000001d70406c000, 0x000001d7046e2000, 0x000001d7046e3800,
0x000001d7046e4800, 0x000001d7046e5000, 0x000001d7046e1000, 0x000001d707db1800,
0x000001d707db8000, 0x000001d707db8800, 0x000001d707db9800, 0x000001d707d0f800,
0x000001d707d13800, 0x000001d707d16000, 0x000001d707d1b000, 0x000001d707dab000,
0x000001d707daf000, 0x000001d707dab800, 0x000001d707db2000, 0x000001d707dac800,
0x000001d707dad800, 0x000001d707db3000, 0x000001d707db0000, 0x000001d707db4000,
0x000001d707dae000, 0x000001d707db4800, 0x000001d707db5800, 0x000001d707db0800,
0x000001d707db6800, 0x000001d707db7000, 0x000001d7046e0800, 0x000001d7046e8800,
0x000001d7046e9800, 0x000001d7046ec800, 0x000001d7046e7800, 0x000001d7046ec000,
0x000001d7046ea000, 0x000001d7046eb000, 0x000001d7046e7000, 0x000001d7046ed800,
0x000001d7046ee000, 0x000001d707d12000, 0x000001d707d11000, 0x000001d707d14000,
0x000001d707d12800, 0x000001d707d10000, 0x000001d707d1c800, 0x000001d707d16800,
0x000001d707d18800, 0x000001d707d19000, 0x000001d707d1a000, 0x000001d707d1b800,
0x000001d70406d800, 0x000001d704068800, 0x000001d70406f000, 0x000001d704069800,
0x000001d704359800, 0x000001d704360000, 0x000001d70435f000, 0x000001d70435b800,
0x000001d70435c800, 0x000001d70435a000, 0x000001d70435d800, 0x000001d70435e000,
0x000001d704360800, 0x000001d70435b000, 0x000001d704365800, 0x000001d704364000,
0x000001d704363000, 0x000001d704364800, 0x000001d704366800, 0x000001d704361800,
0x000001d704367000, 0x000001d704368000, 0x000001d704362800, 0x000001d70737b000,
0x000001d707377800, 0x000001d70737d800, 0x000001d70737a000, 0x000001d70737b800,
0x000001d707378800, 0x000001d707379800, 0x000001d70737e000, 0x000001d70737f000,
0x000001d707380000, 0x000001d707380800, 0x000001d707381800, 0x000001d707382800,
0x000001d70737c800, 0x000001d707383000, 0x000001d707384000, 0x000001d707386800,
0x000001d707384800, 0x000001d707385800, 0x000001d709e24000, 0x000001d709e26800,
0x000001d709e29800, 0x000001d709e2a800, 0x000001d709e25000, 0x000001d709e2b800,
0x000001d709e28000, 0x000001d709e25800, 0x000001d709e2d000, 0x000001d709e29000,
0x000001d709e2c000, 0x000001d709e27800, 0x000001d709e30800, 0x000001d709e2e800,
0x000001d709e32000, 0x000001d709e31000, 0x000001d709e32800, 0x000001d709e2f800,
0x000001d709e2e000, 0x000001d70952d800, 0x000001d709533800, 0x000001d709531800,
0x000001d709530000, 0x000001d709534000, 0x000001d70952e800, 0x000001d709535000,
0x000001d70952f000, 0x000001d709536000, 0x000001d709536800, 0x000001d709531000,
0x000001d709537800, 0x000001d70953b800, 0x000001d70953c800, 0x000001d70953a800,
0x000001d709538000, 0x000001d709539000, 0x000001d70953a000, 0x000001d709e61800,
0x000001d709e5f000, 0x000001d709e5e800, 0x000001d709e5d800
}

Java Threads: ( => current thread )
  0x000001d76293e000 JavaThread "main" [_thread_blocked, id=15064, stack(0x0000005dab300000,0x0000005dab400000)]
  0x000001d77f77e800 JavaThread "Reference Handler" daemon [_thread_blocked, id=13784, stack(0x0000005daba00000,0x0000005dabb00000)]
  0x000001d77f774800 JavaThread "Finalizer" daemon [_thread_blocked, id=17892, stack(0x0000005dabb00000,0x0000005dabc00000)]
  0x000001d77f785000 JavaThread "Signal Dispatcher" daemon [_thread_blocked, id=19012, stack(0x0000005dabc00000,0x0000005dabd00000)]
  0x000001d77f787000 JavaThread "Attach Listener" daemon [_thread_blocked, id=10948, stack(0x0000005dabd00000,0x0000005dabe00000)]
  0x000001d77f78b000 JavaThread "Service Thread" daemon [_thread_blocked, id=2796, stack(0x0000005dabe00000,0x0000005dabf00000)]
  0x000001d77f78f800 JavaThread "C2 CompilerThread0" daemon [_thread_blocked, id=9460, stack(0x0000005dabf00000,0x0000005dac000000)]
  0x000001d77f797000 JavaThread "C1 CompilerThread0" daemon [_thread_blocked, id=13136, stack(0x0000005dac000000,0x0000005dac100000)]
  0x000001d77f798800 JavaThread "Sweeper thread" daemon [_thread_blocked, id=21336, stack(0x0000005dac100000,0x0000005dac200000)]
  0x000001d7022d2000 JavaThread "Common-Cleaner" daemon [_thread_blocked, id=8868, stack(0x0000005dac200000,0x0000005dac300000)]
  0x000001d703262800 JavaThread "Daemon health stats" [_thread_blocked, id=6820, stack(0x0000005dac800000,0x0000005dac900000)]
  0x000001d703b3a800 JavaThread "Incoming local TCP Connector on port 15763" [_thread_in_native, id=22272, stack(0x0000005dac400000,0x0000005dac500000)]
  0x000001d70385b800 JavaThread "Daemon periodic checks" [_thread_blocked, id=13968, stack(0x0000005dac700000,0x0000005dac800000)]
  0x000001d70406e800 JavaThread "Cache worker for journal cache (C:\Users\OmarTaha\.gradle\caches\journal-1)" [_thread_blocked, id=14160, stack(0x0000005dad500000,0x0000005dad600000)]
  0x000001d70406a000 JavaThread "File lock request listener" [_thread_in_native, id=9604, stack(0x0000005dad600000,0x0000005dad700000)]
  0x000001d70406b000 JavaThread "Cache worker for file hash cache (C:\Users\OmarTaha\.gradle\caches\7.1-rc-1\fileHashes)" [_thread_blocked, id=10868, stack(0x0000005dad700000,0x0000005dad800000)]
  0x000001d70406c800 JavaThread "File watcher server" daemon [_thread_blocked, id=10892, stack(0x0000005dadc00000,0x0000005dadd00000)]
  0x000001d70406c000 JavaThread "File watcher consumer" daemon [_thread_blocked, id=15128, stack(0x0000005dadd00000,0x0000005dade00000)]
  0x000001d7046e2000 JavaThread "Cache worker for execution history cache (C:\Users\OmarTaha\.gradle\caches\7.1-rc-1\executionHistory)" [_thread_blocked, id=912, stack(0x0000005dae100000,0x0000005dae200000)]
  0x000001d7046e3800 JavaThread "jar transforms" [_thread_blocked, id=19184, stack(0x0000005dae200000,0x0000005dae300000)]
  0x000001d7046e4800 JavaThread "jar transforms Thread 2" [_thread_blocked, id=8880, stack(0x0000005dae300000,0x0000005dae400000)]
  0x000001d7046e5000 JavaThread "Cache worker for file content cache (C:\Users\OmarTaha\.gradle\caches\7.1-rc-1\fileContent)" [_thread_blocked, id=7256, stack(0x0000005dae400000,0x0000005dae500000)]
  0x000001d7046e1000 JavaThread "jar transforms Thread 3" [_thread_blocked, id=15548, stack(0x0000005dae600000,0x0000005dae700000)]
  0x000001d707db1800 JavaThread "jar transforms Thread 4" [_thread_blocked, id=13840, stack(0x0000005db3800000,0x0000005db3900000)]
  0x000001d707db8000 JavaThread "jar transforms Thread 5" [_thread_blocked, id=13124, stack(0x0000005db3900000,0x0000005db3a00000)]
  0x000001d707db8800 JavaThread "jar transforms Thread 6" [_thread_blocked, id=19020, stack(0x0000005db3a00000,0x0000005db3b00000)]
  0x000001d707db9800 JavaThread "jar transforms Thread 7" [_thread_blocked, id=17120, stack(0x0000005db3b00000,0x0000005db3c00000)]
  0x000001d707d0f800 JavaThread "jar transforms Thread 8" [_thread_blocked, id=21860, stack(0x0000005db3c00000,0x0000005db3d00000)]
  0x000001d707d13800 JavaThread "Memory manager" [_thread_blocked, id=844, stack(0x0000005db3d00000,0x0000005db3e00000)]
  0x000001d707d16000 JavaThread "pool-3-thread-1" [_thread_blocked, id=18572, stack(0x0000005db3f00000,0x0000005db4000000)]
  0x000001d707d1b000 JavaThread "Cache worker for Java compile cache (C:\Users\OmarTaha\.gradle\caches\7.1-rc-1\javaCompile)" [_thread_blocked, id=12868, stack(0x0000005db4900000,0x0000005db4a00000)]
  0x000001d707dab000 JavaThread "Daemon Thread 2" [_thread_blocked, id=21776, stack(0x0000005dab000000,0x0000005dab100000)]
  0x000001d707daf000 JavaThread "Handler for socket connection from /127.0.0.1:15763 to /127.0.0.1:16067" [_thread_in_native, id=3912, stack(0x0000005dab100000,0x0000005dab200000)]
  0x000001d707dab800 JavaThread "Cancel handler" [_thread_blocked, id=19152, stack(0x0000005dab200000,0x0000005dab300000)]
  0x000001d707db2000 JavaThread "Daemon worker Thread 2" [_thread_blocked, id=12292, stack(0x0000005dac900000,0x0000005daca00000)]
  0x000001d707dac800 JavaThread "Asynchronous log dispatcher for DefaultDaemonConnection: socket connection from /127.0.0.1:15763 to /127.0.0.1:16067" [_thread_blocked, id=19720, stack(0x0000005daca00000,0x0000005dacb00000)]
  0x000001d707dad800 JavaThread "Stdin handler" [_thread_blocked, id=18828, stack(0x0000005dacb00000,0x0000005dacc00000)]
  0x000001d707db3000 JavaThread "Daemon client event forwarder" [_thread_blocked, id=20684, stack(0x0000005dacc00000,0x0000005dacd00000)]
  0x000001d707db0000 JavaThread "Cache worker for file hash cache (C:\Users\OmarTaha\AndroidStudioProjects\GMS\.gradle\7.1-rc-1\fileHashes)" [_thread_blocked, id=11164, stack(0x0000005dacd00000,0x0000005dace00000)]
  0x000001d707db4000 JavaThread "Cache worker for checksums cache (C:\Users\OmarTaha\AndroidStudioProjects\GMS\.gradle\checksums)" [_thread_blocked, id=23024, stack(0x0000005dace00000,0x0000005dacf00000)]
  0x000001d707dae000 JavaThread "Cache worker for cache directory md-supplier (C:\Users\OmarTaha\.gradle\caches\7.1-rc-1\md-supplier)" [_thread_blocked, id=6592, stack(0x0000005dacf00000,0x0000005dad000000)]
  0x000001d707db4800 JavaThread "Cache worker for cache directory md-rule (C:\Users\OmarTaha\.gradle\caches\7.1-rc-1\md-rule)" [_thread_blocked, id=17724, stack(0x0000005dad900000,0x0000005dada00000)]
  0x000001d707db5800 JavaThread "Cache worker for dependencies-accessors (C:\Users\OmarTaha\AndroidStudioProjects\GMS\.gradle\7.1-rc-1\dependencies-accessors)" [_thread_blocked, id=13828, stack(0x0000005dada00000,0x0000005dadb00000)]
  0x000001d707db0800 JavaThread "Cache worker for Build Output Cleanup Cache (C:\Users\OmarTaha\AndroidStudioProjects\GMS\.gradle\buildOutputCleanup)" [_thread_blocked, id=20332, stack(0x0000005dadb00000,0x0000005dadc00000)]
  0x000001d707db6800 JavaThread "Unconstrained build operations" [_thread_blocked, id=10448, stack(0x0000005dade00000,0x0000005dadf00000)]
  0x000001d707db7000 JavaThread "Unconstrained build operations Thread 2" [_thread_blocked, id=20088, stack(0x0000005dadf00000,0x0000005dae000000)]
  0x000001d7046e0800 JavaThread "Unconstrained build operations Thread 3" [_thread_blocked, id=19172, stack(0x0000005dae000000,0x0000005dae100000)]
  0x000001d7046e8800 JavaThread "Unconstrained build operations Thread 4" [_thread_blocked, id=11384, stack(0x0000005dae500000,0x0000005dae600000)]
  0x000001d7046e9800 JavaThread "Unconstrained build operations Thread 5" [_thread_blocked, id=10488, stack(0x0000005dae700000,0x0000005dae800000)]
  0x000001d7046ec800 JavaThread "Unconstrained build operations Thread 6" [_thread_blocked, id=9016, stack(0x0000005dae800000,0x0000005dae900000)]
  0x000001d7046e7800 JavaThread "Unconstrained build operations Thread 7" [_thread_blocked, id=22580, stack(0x0000005dae900000,0x0000005daea00000)]
  0x000001d7046ec000 JavaThread "Unconstrained build operations Thread 8" [_thread_blocked, id=21480, stack(0x0000005daea00000,0x0000005daeb00000)]
  0x000001d7046ea000 JavaThread "Unconstrained build operations Thread 9" [_thread_blocked, id=17872, stack(0x0000005daeb00000,0x0000005daec00000)]
  0x000001d7046eb000 JavaThread "Unconstrained build operations Thread 10" [_thread_blocked, id=5792, stack(0x0000005daec00000,0x0000005daed00000)]
  0x000001d7046e7000 JavaThread "Unconstrained build operations Thread 11" [_thread_blocked, id=16628, stack(0x0000005daed00000,0x0000005daee00000)]
  0x000001d7046ed800 JavaThread "Unconstrained build operations Thread 12" [_thread_blocked, id=21300, stack(0x0000005daee00000,0x0000005daef00000)]
  0x000001d7046ee000 JavaThread "Unconstrained build operations Thread 13" [_thread_blocked, id=12640, stack(0x0000005daef00000,0x0000005daf000000)]
  0x000001d707d12000 JavaThread "Unconstrained build operations Thread 14" [_thread_blocked, id=8768, stack(0x0000005daf000000,0x0000005daf100000)]
  0x000001d707d11000 JavaThread "Unconstrained build operations Thread 15" [_thread_blocked, id=5852, stack(0x0000005daf100000,0x0000005daf200000)]
  0x000001d707d14000 JavaThread "Unconstrained build operations Thread 16" [_thread_blocked, id=14596, stack(0x0000005daf200000,0x0000005daf300000)]
  0x000001d707d12800 JavaThread "Unconstrained build operations Thread 17" [_thread_blocked, id=10416, stack(0x0000005daf300000,0x0000005daf400000)]
  0x000001d707d10000 JavaThread "Unconstrained build operations Thread 18" [_thread_blocked, id=12224, stack(0x0000005daf400000,0x0000005daf500000)]
  0x000001d707d1c800 JavaThread "Unconstrained build operations Thread 19" [_thread_blocked, id=7232, stack(0x0000005daf500000,0x0000005daf600000)]
  0x000001d707d16800 JavaThread "Unconstrained build operations Thread 20" [_thread_blocked, id=7604, stack(0x0000005daf600000,0x0000005daf700000)]
  0x000001d707d18800 JavaThread "Unconstrained build operations Thread 21" [_thread_blocked, id=16544, stack(0x0000005daf700000,0x0000005daf800000)]
  0x000001d707d19000 JavaThread "Unconstrained build operations Thread 22" [_thread_blocked, id=4020, stack(0x0000005daf800000,0x0000005daf900000)]
  0x000001d707d1a000 JavaThread "Unconstrained build operations Thread 23" [_thread_blocked, id=23548, stack(0x0000005daf900000,0x0000005dafa00000)]
  0x000001d707d1b800 JavaThread "Unconstrained build operations Thread 24" [_thread_blocked, id=1524, stack(0x0000005dafa00000,0x0000005dafb00000)]
  0x000001d70406d800 JavaThread "Unconstrained build operations Thread 25" [_thread_blocked, id=4712, stack(0x0000005dafb00000,0x0000005dafc00000)]
  0x000001d704068800 JavaThread "Unconstrained build operations Thread 26" [_thread_blocked, id=6124, stack(0x0000005dafc00000,0x0000005dafd00000)]
  0x000001d70406f000 JavaThread "Unconstrained build operations Thread 27" [_thread_blocked, id=6884, stack(0x0000005dafd00000,0x0000005dafe00000)]
  0x000001d704069800 JavaThread "Unconstrained build operations Thread 28" [_thread_blocked, id=1208, stack(0x0000005dafe00000,0x0000005daff00000)]
  0x000001d704359800 JavaThread "Unconstrained build operations Thread 29" [_thread_blocked, id=12592, stack(0x0000005daff00000,0x0000005db0000000)]
  0x000001d704360000 JavaThread "Unconstrained build operations Thread 30" [_thread_blocked, id=19784, stack(0x0000005db0000000,0x0000005db0100000)]
  0x000001d70435f000 JavaThread "Unconstrained build operations Thread 31" [_thread_blocked, id=8544, stack(0x0000005db0100000,0x0000005db0200000)]
  0x000001d70435b800 JavaThread "Unconstrained build operations Thread 32" [_thread_blocked, id=13720, stack(0x0000005db0200000,0x0000005db0300000)]
  0x000001d70435c800 JavaThread "Unconstrained build operations Thread 33" [_thread_blocked, id=7692, stack(0x0000005db0300000,0x0000005db0400000)]
  0x000001d70435a000 JavaThread "Unconstrained build operations Thread 34" [_thread_blocked, id=16156, stack(0x0000005db0400000,0x0000005db0500000)]
  0x000001d70435d800 JavaThread "Unconstrained build operations Thread 35" [_thread_blocked, id=4352, stack(0x0000005db0500000,0x0000005db0600000)]
  0x000001d70435e000 JavaThread "Unconstrained build operations Thread 36" [_thread_blocked, id=16852, stack(0x0000005db0600000,0x0000005db0700000)]
  0x000001d704360800 JavaThread "Unconstrained build operations Thread 37" [_thread_blocked, id=2380, stack(0x0000005db0700000,0x0000005db0800000)]
  0x000001d70435b000 JavaThread "Unconstrained build operations Thread 38" [_thread_blocked, id=1784, stack(0x0000005db0800000,0x0000005db0900000)]
  0x000001d704365800 JavaThread "Unconstrained build operations Thread 39" [_thread_blocked, id=12996, stack(0x0000005db0900000,0x0000005db0a00000)]
  0x000001d704364000 JavaThread "Unconstrained build operations Thread 40" [_thread_blocked, id=21020, stack(0x0000005db0a00000,0x0000005db0b00000)]
  0x000001d704363000 JavaThread "Unconstrained build operations Thread 41" [_thread_blocked, id=20824, stack(0x0000005db0b00000,0x0000005db0c00000)]
  0x000001d704364800 JavaThread "Unconstrained build operations Thread 42" [_thread_blocked, id=6564, stack(0x0000005db0c00000,0x0000005db0d00000)]
  0x000001d704366800 JavaThread "Unconstrained build operations Thread 43" [_thread_blocked, id=10480, stack(0x0000005db0d00000,0x0000005db0e00000)]
  0x000001d704361800 JavaThread "Unconstrained build operations Thread 44" [_thread_blocked, id=4556, stack(0x0000005db0e00000,0x0000005db0f00000)]
  0x000001d704367000 JavaThread "Unconstrained build operations Thread 45" [_thread_blocked, id=16948, stack(0x0000005db0f00000,0x0000005db1000000)]
  0x000001d704368000 JavaThread "Unconstrained build operations Thread 46" [_thread_blocked, id=12068, stack(0x0000005db1000000,0x0000005db1100000)]
  0x000001d704362800 JavaThread "Unconstrained build operations Thread 47" [_thread_blocked, id=12144, stack(0x0000005db1100000,0x0000005db1200000)]
  0x000001d70737b000 JavaThread "Unconstrained build operations Thread 48" [_thread_blocked, id=18632, stack(0x0000005db1200000,0x0000005db1300000)]
  0x000001d707377800 JavaThread "Unconstrained build operations Thread 49" [_thread_blocked, id=5116, stack(0x0000005db1300000,0x0000005db1400000)]
  0x000001d70737d800 JavaThread "Unconstrained build operations Thread 50" [_thread_blocked, id=3360, stack(0x0000005db1400000,0x0000005db1500000)]
  0x000001d70737a000 JavaThread "Unconstrained build operations Thread 51" [_thread_blocked, id=5912, stack(0x0000005db1500000,0x0000005db1600000)]
  0x000001d70737b800 JavaThread "Unconstrained build operations Thread 52" [_thread_blocked, id=14088, stack(0x0000005db1600000,0x0000005db1700000)]
  0x000001d707378800 JavaThread "Unconstrained build operations Thread 53" [_thread_blocked, id=2448, stack(0x0000005db1700000,0x0000005db1800000)]
  0x000001d707379800 JavaThread "Unconstrained build operations Thread 54" [_thread_blocked, id=14284, stack(0x0000005db1800000,0x0000005db1900000)]
  0x000001d70737e000 JavaThread "Unconstrained build operations Thread 55" [_thread_blocked, id=8232, stack(0x0000005db1900000,0x0000005db1a00000)]
  0x000001d70737f000 JavaThread "Unconstrained build operations Thread 56" [_thread_blocked, id=19744, stack(0x0000005db1a00000,0x0000005db1b00000)]
  0x000001d707380000 JavaThread "Unconstrained build operations Thread 57" [_thread_blocked, id=11980, stack(0x0000005db1b00000,0x0000005db1c00000)]
  0x000001d707380800 JavaThread "Unconstrained build operations Thread 58" [_thread_blocked, id=21976, stack(0x0000005db1c00000,0x0000005db1d00000)]
  0x000001d707381800 JavaThread "Unconstrained build operations Thread 59" [_thread_blocked, id=23332, stack(0x0000005db1d00000,0x0000005db1e00000)]
  0x000001d707382800 JavaThread "Unconstrained build operations Thread 60" [_thread_blocked, id=21792, stack(0x0000005db1e00000,0x0000005db1f00000)]
  0x000001d70737c800 JavaThread "Unconstrained build operations Thread 61" [_thread_blocked, id=544, stack(0x0000005db1f00000,0x0000005db2000000)]
  0x000001d707383000 JavaThread "Unconstrained build operations Thread 62" [_thread_blocked, id=20096, stack(0x0000005db2000000,0x0000005db2100000)]
  0x000001d707384000 JavaThread "Unconstrained build operations Thread 63" [_thread_blocked, id=18352, stack(0x0000005db2100000,0x0000005db2200000)]
  0x000001d707386800 JavaThread "Unconstrained build operations Thread 64" [_thread_blocked, id=21592, stack(0x0000005db2200000,0x0000005db2300000)]
  0x000001d707384800 JavaThread "Unconstrained build operations Thread 65" [_thread_blocked, id=11364, stack(0x0000005db2300000,0x0000005db2400000)]
  0x000001d707385800 JavaThread "Unconstrained build operations Thread 66" [_thread_blocked, id=20832, stack(0x0000005db2400000,0x0000005db2500000)]
  0x000001d709e24000 JavaThread "Unconstrained build operations Thread 67" [_thread_blocked, id=13676, stack(0x0000005db2500000,0x0000005db2600000)]
  0x000001d709e26800 JavaThread "Unconstrained build operations Thread 68" [_thread_blocked, id=2192, stack(0x0000005db2600000,0x0000005db2700000)]
  0x000001d709e29800 JavaThread "Unconstrained build operations Thread 69" [_thread_blocked, id=17896, stack(0x0000005db2700000,0x0000005db2800000)]
  0x000001d709e2a800 JavaThread "Unconstrained build operations Thread 70" [_thread_blocked, id=15048, stack(0x0000005db2800000,0x0000005db2900000)]
  0x000001d709e25000 JavaThread "Unconstrained build operations Thread 71" [_thread_blocked, id=15212, stack(0x0000005db2900000,0x0000005db2a00000)]
  0x000001d709e2b800 JavaThread "Unconstrained build operations Thread 72" [_thread_blocked, id=22988, stack(0x0000005db2a00000,0x0000005db2b00000)]
  0x000001d709e28000 JavaThread "Unconstrained build operations Thread 73" [_thread_blocked, id=15740, stack(0x0000005db2b00000,0x0000005db2c00000)]
  0x000001d709e25800 JavaThread "Unconstrained build operations Thread 74" [_thread_blocked, id=17500, stack(0x0000005db2c00000,0x0000005db2d00000)]
  0x000001d709e2d000 JavaThread "Unconstrained build operations Thread 75" [_thread_blocked, id=15804, stack(0x0000005db2d00000,0x0000005db2e00000)]
  0x000001d709e29000 JavaThread "Unconstrained build operations Thread 76" [_thread_blocked, id=22024, stack(0x0000005db2e00000,0x0000005db2f00000)]
  0x000001d709e2c000 JavaThread "Unconstrained build operations Thread 77" [_thread_blocked, id=9028, stack(0x0000005db2f00000,0x0000005db3000000)]
  0x000001d709e27800 JavaThread "Unconstrained build operations Thread 78" [_thread_blocked, id=9180, stack(0x0000005db3000000,0x0000005db3100000)]
  0x000001d709e30800 JavaThread "Unconstrained build operations Thread 79" [_thread_blocked, id=13300, stack(0x0000005db3100000,0x0000005db3200000)]
  0x000001d709e2e800 JavaThread "Unconstrained build operations Thread 80" [_thread_blocked, id=14620, stack(0x0000005db3200000,0x0000005db3300000)]
  0x000001d709e32000 JavaThread "build event listener" [_thread_blocked, id=5652, stack(0x0000005db3300000,0x0000005db3400000)]
  0x000001d709e31000 JavaThread "pool-6-thread-1" [_thread_blocked, id=22700, stack(0x0000005db3400000,0x0000005db3500000)]
  0x000001d709e32800 JavaThread "build event listener" [_thread_blocked, id=13140, stack(0x0000005db3500000,0x0000005db3600000)]
  0x000001d709e2f800 JavaThread "Execution worker for ':'" [_thread_blocked, id=20836, stack(0x0000005db3600000,0x0000005db3700000)]
  0x000001d709e2e000 JavaThread "Execution worker for ':' Thread 2" [_thread_blocked, id=13988, stack(0x0000005db3700000,0x0000005db3800000)]
  0x000001d70952d800 JavaThread "Execution worker for ':' Thread 3" [_thread_blocked, id=9616, stack(0x0000005db3e00000,0x0000005db3f00000)]
  0x000001d709533800 JavaThread "Execution worker for ':' Thread 4" [_thread_blocked, id=22448, stack(0x0000005db4000000,0x0000005db4100000)]
  0x000001d709531800 JavaThread "Execution worker for ':' Thread 5" [_thread_blocked, id=720, stack(0x0000005db4100000,0x0000005db4200000)]
  0x000001d709530000 JavaThread "Execution worker for ':' Thread 6" [_thread_blocked, id=21500, stack(0x0000005db4200000,0x0000005db4300000)]
  0x000001d709534000 JavaThread "Execution worker for ':' Thread 7" [_thread_blocked, id=2752, stack(0x0000005db4300000,0x0000005db4400000)]
  0x000001d70952e800 JavaThread "Cache worker for execution history cache (C:\Users\OmarTaha\AndroidStudioProjects\GMS\.gradle\7.1-rc-1\executionHistory)" [_thread_blocked, id=15836, stack(0x0000005db4400000,0x0000005db4500000)]
  0x000001d709535000 JavaThread "Build operations" [_thread_blocked, id=6148, stack(0x0000005db4500000,0x0000005db4600000)]
  0x000001d70952f000 JavaThread "Build operations Thread 2" [_thread_blocked, id=10052, stack(0x0000005db4600000,0x0000005db4700000)]
  0x000001d709536000 JavaThread "Build operations Thread 3" [_thread_blocked, id=7812, stack(0x0000005db4700000,0x0000005db4800000)]
  0x000001d709536800 JavaThread "Build operations Thread 4" [_thread_blocked, id=13276, stack(0x0000005db4800000,0x0000005db4900000)]
  0x000001d709531000 JavaThread "Build operations Thread 5" [_thread_blocked, id=13500, stack(0x0000005db4b00000,0x0000005db4c00000)]
  0x000001d709537800 JavaThread "Build operations Thread 6" [_thread_blocked, id=13768, stack(0x0000005db4c00000,0x0000005db4d00000)]
  0x000001d70953b800 JavaThread "Build operations Thread 7" [_thread_blocked, id=2104, stack(0x0000005db4d00000,0x0000005db4e00000)]
  0x000001d70953c800 JavaThread "Build operations Thread 8" [_thread_blocked, id=13020, stack(0x0000005db4e00000,0x0000005db4f00000)]
  0x000001d70953a800 JavaThread "WorkerExecutor Queue" [_thread_blocked, id=22388, stack(0x0000005db4f00000,0x0000005db5000000)]
  0x000001d709538000 JavaThread "WorkerExecutor Queue Thread 2" [_thread_blocked, id=8172, stack(0x0000005db5000000,0x0000005db5100000)]
  0x000001d709539000 JavaThread "WorkerExecutor Queue Thread 3" [_thread_blocked, id=13288, stack(0x0000005db5100000,0x0000005db5200000)]
  0x000001d70953a000 JavaThread "WorkerExecutor Queue Thread 4" [_thread_blocked, id=12296, stack(0x0000005db5200000,0x0000005db5300000)]
  0x000001d709e61800 JavaThread "WorkerExecutor Queue Thread 5" [_thread_blocked, id=16232, stack(0x0000005db5300000,0x0000005db5400000)]
  0x000001d709e5f000 JavaThread "WorkerExecutor Queue Thread 6" [_thread_blocked, id=1820, stack(0x0000005db5400000,0x0000005db5500000)]
  0x000001d709e5e800 JavaThread "WorkerExecutor Queue Thread 7" [_thread_blocked, id=21332, stack(0x0000005db5500000,0x0000005db5600000)]
  0x000001d709e5d800 JavaThread "WorkerExecutor Queue Thread 8" [_thread_blocked, id=13144, stack(0x0000005db5600000,0x0000005db5700000)]

Other Threads:
=>0x000001d77f76b000 VMThread "VM Thread" [stack: 0x0000005dab900000,0x0000005daba00000] [id=22408]
  0x000001d702309800 WatcherThread [stack: 0x0000005dac300000,0x0000005dac400000] [id=10788]
  0x000001d762955000 GCTaskThread "GC Thread#0" [stack: 0x0000005dab400000,0x0000005dab500000] [id=15016]
  0x000001d7025fe800 GCTaskThread "GC Thread#1" [stack: 0x0000005dac500000,0x0000005dac600000] [id=18452]
  0x000001d703030800 GCTaskThread "GC Thread#2" [stack: 0x0000005dac600000,0x0000005dac700000] [id=13732]
  0x000001d703b6e000 GCTaskThread "GC Thread#3" [stack: 0x0000005dad000000,0x0000005dad100000] [id=17660]
  0x000001d7035b0800 GCTaskThread "GC Thread#4" [stack: 0x0000005dad100000,0x0000005dad200000] [id=20544]
  0x000001d704192000 GCTaskThread "GC Thread#5" [stack: 0x0000005dad200000,0x0000005dad300000] [id=22000]
  0x000001d704188800 GCTaskThread "GC Thread#6" [stack: 0x0000005dad300000,0x0000005dad400000] [id=11772]
  0x000001d703c1c800 GCTaskThread "GC Thread#7" [stack: 0x0000005dad400000,0x0000005dad500000] [id=21348]
  0x000001d76298a000 ConcurrentGCThread "G1 Main Marker" [stack: 0x0000005dab500000,0x0000005dab600000] [id=3208]
  0x000001d76298b000 ConcurrentGCThread "G1 Conc#0" [stack: 0x0000005dab600000,0x0000005dab700000] [id=21520]
  0x000001d704251800 ConcurrentGCThread "G1 Conc#1" [stack: 0x0000005dad800000,0x0000005dad900000] [id=8224]
  0x000001d77f5c2800 ConcurrentGCThread "G1 Refine#0" [stack: 0x0000005dab700000,0x0000005dab800000] [id=20988]
  0x000001d70ad45000 ConcurrentGCThread "G1 Refine#1" [stack: 0x0000005db4a00000,0x0000005db4b00000] [id=19756]
  0x000001d762a09000 ConcurrentGCThread "G1 Young RemSet Sampling" [stack: 0x0000005dab800000,0x0000005dab900000] [id=14756]

Threads with active compile tasks:
C2 CompilerThread0 136163 17466       4       com.android.tools.r8.graph.c0::a (89 bytes)
C1 CompilerThread0 136163 17641 %     3       com.android.tools.r8.internal.T6::a @ 2458 (4191 bytes)

VM state:at safepoint (normal execution)

VM Mutex/Monitor currently owned by a thread:  ([mutex/lock_event])
[0x000001d76293b910] Threads_lock - owner thread: 0x000001d77f76b000
[0x000001d762939f30] Heap_lock - owner thread: 0x000001d70953a800

Heap address: 0x0000000080000000, size: 2048 MB, Compressed Oops mode: 32-bit
Narrow klass base: 0x0000000000000000, Narrow klass shift: 3
Compressed class space size: 1073741824 Address: 0x0000000100000000

Heap:
 garbage-first heap   total 225280K, used 162943K [0x0000000080000000, 0x0000000100000000)
  region size 1024K, 2 young (2048K), 2 survivors (2048K)
 Metaspace       used 104819K, capacity 107746K, committed 107980K, reserved 1142784K
  class space    used 12943K, capacity 14070K, committed 14080K, reserved 1048576K
Heap Regions: E=young(eden), S=young(survivor), O=old, HS=humongous(starts), HC=humongous(continues), CS=collection set, F=free, A=archive, TAMS=top-at-mark-start (previous, next)
|   0|0x0000000080000000, 0x0000000080100000, 0x0000000080100000|100%| O|  |TAMS 0x0000000080100000, 0x0000000080100000| Untracked 
|   1|0x0000000080100000, 0x0000000080200000, 0x0000000080200000|100%| O|  |TAMS 0x0000000080200000, 0x0000000080200000| Untracked 
|   2|0x0000000080200000, 0x0000000080300000, 0x0000000080300000|100%| O|  |TAMS 0x0000000080300000, 0x0000000080300000| Untracked 
|   3|0x0000000080300000, 0x0000000080400000, 0x0000000080400000|100%|HS|  |TAMS 0x0000000080400000, 0x0000000080400000| Complete 
|   4|0x0000000080400000, 0x0000000080500000, 0x0000000080500000|100%|HC|  |TAMS 0x0000000080500000, 0x0000000080500000| Complete 
|   5|0x0000000080500000, 0x0000000080600000, 0x0000000080600000|100%|HC|  |TAMS 0x0000000080600000, 0x0000000080600000| Complete 
|   6|0x0000000080600000, 0x0000000080700000, 0x0000000080700000|100%| O|  |TAMS 0x0000000080700000, 0x0000000080700000| Untracked 
|   7|0x0000000080700000, 0x0000000080800000, 0x0000000080800000|100%| O|  |TAMS 0x0000000080800000, 0x0000000080800000| Untracked 
|   8|0x0000000080800000, 0x0000000080900000, 0x0000000080900000|100%| O|  |TAMS 0x0000000080900000, 0x0000000080900000| Untracked 
|   9|0x0000000080900000, 0x0000000080a00000, 0x0000000080a00000|100%| O|  |TAMS 0x0000000080a00000, 0x0000000080a00000| Untracked 
|  10|0x0000000080a00000, 0x0000000080b00000, 0x0000000080b00000|100%| O|  |TAMS 0x0000000080b00000, 0x0000000080b00000| Untracked 
|  11|0x0000000080b00000, 0x0000000080c00000, 0x0000000080c00000|100%| O|  |TAMS 0x0000000080c00000, 0x0000000080c00000| Untracked 
|  12|0x0000000080c00000, 0x0000000080d00000, 0x0000000080d00000|100%| O|  |TAMS 0x0000000080d00000, 0x0000000080d00000| Untracked 
|  13|0x0000000080d00000, 0x0000000080e00000, 0x0000000080e00000|100%| O|  |TAMS 0x0000000080e00000, 0x0000000080e00000| Untracked 
|  14|0x0000000080e00000, 0x0000000080f00000, 0x0000000080f00000|100%| O|  |TAMS 0x0000000080f00000, 0x0000000080f00000| Untracked 
|  15|0x0000000080f00000, 0x0000000081000000, 0x0000000081000000|100%| O|  |TAMS 0x0000000081000000, 0x0000000081000000| Untracked 
|  16|0x0000000081000000, 0x0000000081100000, 0x0000000081100000|100%|HS|  |TAMS 0x0000000081100000, 0x0000000081100000| Complete 
|  17|0x0000000081100000, 0x0000000081200000, 0x0000000081200000|100%| O|  |TAMS 0x0000000081200000, 0x0000000081200000| Untracked 
|  18|0x0000000081200000, 0x0000000081300000, 0x0000000081300000|100%| O|  |TAMS 0x0000000081300000, 0x0000000081300000| Untracked 
|  19|0x0000000081300000, 0x0000000081400000, 0x0000000081400000|100%| O|  |TAMS 0x0000000081400000, 0x0000000081400000| Untracked 
|  20|0x0000000081400000, 0x0000000081500000, 0x0000000081500000|100%| O|  |TAMS 0x0000000081500000, 0x0000000081500000| Untracked 
|  21|0x0000000081500000, 0x0000000081600000, 0x0000000081600000|100%| O|  |TAMS 0x0000000081600000, 0x0000000081600000| Untracked 
|  22|0x0000000081600000, 0x0000000081700000, 0x0000000081700000|100%| O|  |TAMS 0x0000000081700000, 0x0000000081700000| Untracked 
|  23|0x0000000081700000, 0x0000000081800000, 0x0000000081800000|100%| O|  |TAMS 0x0000000081800000, 0x0000000081800000| Untracked 
|  24|0x0000000081800000, 0x0000000081900000, 0x0000000081900000|100%| O|  |TAMS 0x0000000081900000, 0x0000000081900000| Untracked 
|  25|0x0000000081900000, 0x0000000081a00000, 0x0000000081a00000|100%| O|  |TAMS 0x0000000081a00000, 0x0000000081a00000| Untracked 
|  26|0x0000000081a00000, 0x0000000081b00000, 0x0000000081b00000|100%| O|  |TAMS 0x0000000081a00000, 0x0000000081b00000| Untracked 
|  27|0x0000000081b00000, 0x0000000081c00000, 0x0000000081c00000|100%|HS|  |TAMS 0x0000000081c00000, 0x0000000081c00000| Complete 
|  28|0x0000000081c00000, 0x0000000081d00000, 0x0000000081d00000|100%|HS|  |TAMS 0x0000000081d00000, 0x0000000081d00000| Complete 
|  29|0x0000000081d00000, 0x0000000081e00000, 0x0000000081e00000|100%|HC|  |TAMS 0x0000000081e00000, 0x0000000081e00000| Complete 
|  30|0x0000000081e00000, 0x0000000081f00000, 0x0000000081f00000|100%| O|  |TAMS 0x0000000081f00000, 0x0000000081f00000| Untracked 
|  31|0x0000000081f00000, 0x0000000082000000, 0x0000000082000000|100%| O|  |TAMS 0x0000000082000000, 0x0000000082000000| Untracked 
|  32|0x0000000082000000, 0x0000000082100000, 0x0000000082100000|100%| O|  |TAMS 0x0000000082000000, 0x0000000082100000| Untracked 
|  33|0x0000000082100000, 0x0000000082200000, 0x0000000082200000|100%| O|  |TAMS 0x0000000082200000, 0x0000000082200000| Untracked 
|  34|0x0000000082200000, 0x0000000082300000, 0x0000000082300000|100%| O|  |TAMS 0x0000000082300000, 0x0000000082300000| Untracked 
|  35|0x0000000082300000, 0x0000000082400000, 0x0000000082400000|100%| O|  |TAMS 0x0000000082400000, 0x0000000082400000| Untracked 
|  36|0x0000000082400000, 0x0000000082500000, 0x0000000082500000|100%| O|  |TAMS 0x0000000082500000, 0x0000000082500000| Untracked 
|  37|0x0000000082500000, 0x0000000082600000, 0x0000000082600000|100%| O|  |TAMS 0x0000000082600000, 0x0000000082600000| Untracked 
|  38|0x0000000082600000, 0x0000000082700000, 0x0000000082700000|100%| O|  |TAMS 0x0000000082700000, 0x0000000082700000| Untracked 
|  39|0x0000000082700000, 0x0000000082800000, 0x0000000082800000|100%| O|  |TAMS 0x0000000082800000, 0x0000000082800000| Untracked 
|  40|0x0000000082800000, 0x0000000082900000, 0x0000000082900000|100%| O|  |TAMS 0x0000000082900000, 0x0000000082900000| Untracked 
|  41|0x0000000082900000, 0x0000000082a00000, 0x0000000082a00000|100%| O|  |TAMS 0x0000000082900000, 0x0000000082a00000| Untracked 
|  42|0x0000000082a00000, 0x0000000082b00000, 0x0000000082b00000|100%| O|  |TAMS 0x0000000082b00000, 0x0000000082b00000| Untracked 
|  43|0x0000000082b00000, 0x0000000082c00000, 0x0000000082c00000|100%| O|  |TAMS 0x0000000082c00000, 0x0000000082c00000| Untracked 
|  44|0x0000000082c00000, 0x0000000082d00000, 0x0000000082d00000|100%| O|  |TAMS 0x0000000082d00000, 0x0000000082d00000| Untracked 
|  45|0x0000000082d00000, 0x0000000082e00000, 0x0000000082e00000|100%| O|  |TAMS 0x0000000082e00000, 0x0000000082e00000| Untracked 
|  46|0x0000000082e00000, 0x0000000082f00000, 0x0000000082f00000|100%| O|  |TAMS 0x0000000082f00000, 0x0000000082f00000| Untracked 
|  47|0x0000000082f00000, 0x0000000083000000, 0x0000000083000000|100%| O|  |TAMS 0x0000000083000000, 0x0000000083000000| Untracked 
|  48|0x0000000083000000, 0x0000000083100000, 0x0000000083100000|100%| O|  |TAMS 0x0000000083100000, 0x0000000083100000| Untracked 
|  49|0x0000000083100000, 0x0000000083200000, 0x0000000083200000|100%| O|  |TAMS 0x0000000083200000, 0x0000000083200000| Untracked 
|  50|0x0000000083200000, 0x0000000083300000, 0x0000000083300000|100%| O|  |TAMS 0x0000000083300000, 0x0000000083300000| Untracked 
|  51|0x0000000083300000, 0x0000000083400000, 0x0000000083400000|100%| O|  |TAMS 0x0000000083400000, 0x0000000083400000| Untracked 
|  52|0x0000000083400000, 0x0000000083500000, 0x0000000083500000|100%| O|  |TAMS 0x0000000083500000, 0x0000000083500000| Untracked 
|  53|0x0000000083500000, 0x0000000083600000, 0x0000000083600000|100%| O|  |TAMS 0x0000000083600000, 0x0000000083600000| Untracked 
|  54|0x0000000083600000, 0x0000000083700000, 0x0000000083700000|100%| O|  |TAMS 0x0000000083700000, 0x0000000083700000| Untracked 
|  55|0x0000000083700000, 0x0000000083800000, 0x0000000083800000|100%| O|  |TAMS 0x0000000083800000, 0x0000000083800000| Untracked 
|  56|0x0000000083800000, 0x0000000083900000, 0x0000000083900000|100%| O|  |TAMS 0x0000000083900000, 0x0000000083900000| Untracked 
|  57|0x0000000083900000, 0x0000000083a00000, 0x0000000083a00000|100%| O|  |TAMS 0x0000000083a00000, 0x0000000083a00000| Untracked 
|  58|0x0000000083a00000, 0x0000000083b00000, 0x0000000083b00000|100%| O|  |TAMS 0x0000000083b00000, 0x0000000083b00000| Untracked 
|  59|0x0000000083b00000, 0x0000000083c00000, 0x0000000083c00000|100%| O|  |TAMS 0x0000000083c00000, 0x0000000083c00000| Untracked 
|  60|0x0000000083c00000, 0x0000000083d00000, 0x0000000083d00000|100%| O|  |TAMS 0x0000000083d00000, 0x0000000083d00000| Untracked 
|  61|0x0000000083d00000, 0x0000000083e00000, 0x0000000083e00000|100%| O|  |TAMS 0x0000000083e00000, 0x0000000083e00000| Untracked 
|  62|0x0000000083e00000, 0x0000000083f00000, 0x0000000083f00000|100%| O|  |TAMS 0x0000000083f00000, 0x0000000083f00000| Untracked 
|  63|0x0000000083f00000, 0x0000000084000000, 0x0000000084000000|100%| O|  |TAMS 0x0000000084000000, 0x0000000084000000| Untracked 
|  64|0x0000000084000000, 0x0000000084100000, 0x0000000084100000|100%| O|  |TAMS 0x0000000084100000, 0x0000000084100000| Untracked 
|  65|0x0000000084100000, 0x0000000084200000, 0x0000000084200000|100%| O|  |TAMS 0x0000000084200000, 0x0000000084200000| Untracked 
|  66|0x0000000084200000, 0x0000000084300000, 0x0000000084300000|100%| O|  |TAMS 0x0000000084300000, 0x0000000084300000| Untracked 
|  67|0x0000000084300000, 0x0000000084400000, 0x0000000084400000|100%| O|  |TAMS 0x0000000084300000, 0x0000000084400000| Untracked 
|  68|0x0000000084400000, 0x0000000084500000, 0x0000000084500000|100%| O|  |TAMS 0x0000000084400000, 0x0000000084500000| Untracked 
|  69|0x0000000084500000, 0x0000000084600000, 0x0000000084600000|100%| O|  |TAMS 0x0000000084500000, 0x0000000084600000| Untracked 
|  70|0x0000000084600000, 0x0000000084700000, 0x0000000084700000|100%| O|  |TAMS 0x0000000084700000, 0x0000000084700000| Untracked 
|  71|0x0000000084700000, 0x0000000084800000, 0x0000000084800000|100%| O|  |TAMS 0x0000000084800000, 0x0000000084800000| Untracked 
|  72|0x0000000084800000, 0x0000000084900000, 0x0000000084900000|100%| O|  |TAMS 0x0000000084900000, 0x0000000084900000| Untracked 
|  73|0x0000000084900000, 0x0000000084a00000, 0x0000000084a00000|100%| O|  |TAMS 0x0000000084900000, 0x0000000084a00000| Untracked 
|  74|0x0000000084a00000, 0x0000000084b00000, 0x0000000084b00000|100%| O|  |TAMS 0x0000000084b00000, 0x0000000084b00000| Untracked 
|  75|0x0000000084b00000, 0x0000000084c00000, 0x0000000084c00000|100%| O|  |TAMS 0x0000000084c00000, 0x0000000084c00000| Untracked 
|  76|0x0000000084c00000, 0x0000000084d00000, 0x0000000084d00000|100%| O|  |TAMS 0x0000000084d00000, 0x0000000084d00000| Untracked 
|  77|0x0000000084d00000, 0x0000000084e00000, 0x0000000084e00000|100%| O|  |TAMS 0x0000000084d00000, 0x0000000084e00000| Untracked 
|  78|0x0000000084e00000, 0x0000000084f00000, 0x0000000084f00000|100%| O|  |TAMS 0x0000000084f00000, 0x0000000084f00000| Untracked 
|  79|0x0000000084f00000, 0x0000000085000000, 0x0000000085000000|100%| O|  |TAMS 0x0000000085000000, 0x0000000085000000| Untracked 
|  80|0x0000000085000000, 0x0000000085100000, 0x0000000085100000|100%| O|  |TAMS 0x0000000085100000, 0x0000000085100000| Untracked 
|  81|0x0000000085100000, 0x0000000085200000, 0x0000000085200000|100%| O|  |TAMS 0x0000000085100000, 0x0000000085200000| Untracked 
|  82|0x0000000085200000, 0x0000000085300000, 0x0000000085300000|100%| O|  |TAMS 0x0000000085200000, 0x0000000085300000| Untracked 
|  83|0x0000000085300000, 0x0000000085400000, 0x0000000085400000|100%| O|  |TAMS 0x0000000085300000, 0x0000000085400000| Untracked 
|  84|0x0000000085400000, 0x0000000085500000, 0x0000000085500000|100%| O|  |TAMS 0x0000000085500000, 0x0000000085500000| Untracked 
|  85|0x0000000085500000, 0x0000000085600000, 0x0000000085600000|100%| O|  |TAMS 0x0000000085500000, 0x0000000085600000| Untracked 
|  86|0x0000000085600000, 0x0000000085700000, 0x0000000085700000|100%| O|  |TAMS 0x0000000085700000, 0x0000000085700000| Untracked 
|  87|0x0000000085700000, 0x0000000085800000, 0x0000000085800000|100%| O|  |TAMS 0x0000000085800000, 0x0000000085800000| Untracked 
|  88|0x0000000085800000, 0x0000000085900000, 0x0000000085900000|100%| O|  |TAMS 0x0000000085900000, 0x0000000085900000| Untracked 
|  89|0x0000000085900000, 0x0000000085a00000, 0x0000000085a00000|100%| O|  |TAMS 0x0000000085a00000, 0x0000000085a00000| Untracked 
|  90|0x0000000085a00000, 0x0000000085b00000, 0x0000000085b00000|100%| O|  |TAMS 0x0000000085b00000, 0x0000000085b00000| Untracked 
|  91|0x0000000085b00000, 0x0000000085c00000, 0x0000000085c00000|100%| O|  |TAMS 0x0000000085c00000, 0x0000000085c00000| Untracked 
|  92|0x0000000085c00000, 0x0000000085d00000, 0x0000000085d00000|100%| O|  |TAMS 0x0000000085d00000, 0x0000000085d00000| Untracked 
|  93|0x0000000085d00000, 0x0000000085e00000, 0x0000000085e00000|100%| O|  |TAMS 0x0000000085e00000, 0x0000000085e00000| Untracked 
|  94|0x0000000085e00000, 0x0000000085f00000, 0x0000000085f00000|100%| O|  |TAMS 0x0000000085e00000, 0x0000000085f00000| Untracked 
|  95|0x0000000085f00000, 0x0000000086000000, 0x0000000086000000|100%| O|  |TAMS 0x0000000086000000, 0x0000000086000000| Untracked 
|  96|0x0000000086000000, 0x0000000086100000, 0x0000000086100000|100%| O|  |TAMS 0x0000000086100000, 0x0000000086100000| Untracked 
|  97|0x0000000086100000, 0x0000000086200000, 0x0000000086200000|100%| O|  |TAMS 0x0000000086200000, 0x0000000086200000| Untracked 
|  98|0x0000000086200000, 0x0000000086300000, 0x0000000086300000|100%| O|  |TAMS 0x0000000086300000, 0x0000000086300000| Untracked 
|  99|0x0000000086300000, 0x0000000086400000, 0x0000000086400000|100%| O|  |TAMS 0x0000000086400000, 0x0000000086400000| Untracked 
| 100|0x0000000086400000, 0x0000000086500000, 0x0000000086500000|100%|HS|  |TAMS 0x0000000086500000, 0x0000000086500000| Complete 
| 101|0x0000000086500000, 0x0000000086600000, 0x0000000086600000|100%|HC|  |TAMS 0x0000000086600000, 0x0000000086600000| Complete 
| 102|0x0000000086600000, 0x0000000086700000, 0x0000000086700000|100%| O|  |TAMS 0x0000000086700000, 0x0000000086700000| Untracked 
| 103|0x0000000086700000, 0x0000000086800000, 0x0000000086800000|100%| O|  |TAMS 0x0000000086800000, 0x0000000086800000| Untracked 
| 104|0x0000000086800000, 0x0000000086900000, 0x0000000086900000|100%| O|  |TAMS 0x0000000086900000, 0x0000000086900000| Untracked 
| 105|0x0000000086900000, 0x0000000086a00000, 0x0000000086a00000|100%| O|  |TAMS 0x00000000869fec00, 0x0000000086a00000| Untracked 
| 106|0x0000000086a00000, 0x0000000086b00000, 0x0000000086b00000|100%| O|  |TAMS 0x0000000086a00000, 0x0000000086b00000| Untracked 
| 107|0x0000000086b00000, 0x0000000086c00000, 0x0000000086c00000|100%| O|  |TAMS 0x0000000086b00000, 0x0000000086c00000| Untracked 
| 108|0x0000000086c00000, 0x0000000086d00000, 0x0000000086d00000|100%| O|  |TAMS 0x0000000086c00000, 0x0000000086d00000| Untracked 
| 109|0x0000000086d00000, 0x0000000086e00000, 0x0000000086e00000|100%| O|  |TAMS 0x0000000086d00000, 0x0000000086e00000| Untracked 
| 110|0x0000000086e00000, 0x0000000086f00000, 0x0000000086f00000|100%| O|  |TAMS 0x0000000086e00000, 0x0000000086f00000| Untracked 
| 111|0x0000000086f00000, 0x0000000087000000, 0x0000000087000000|100%| O|  |TAMS 0x0000000086f00000, 0x0000000087000000| Untracked 
| 112|0x0000000087000000, 0x0000000087100000, 0x0000000087100000|100%| O|  |TAMS 0x0000000087000000, 0x0000000087100000| Untracked 
| 113|0x0000000087100000, 0x0000000087200000, 0x0000000087200000|100%| O|  |TAMS 0x0000000087100000, 0x0000000087200000| Untracked 
| 114|0x0000000087200000, 0x0000000087300000, 0x0000000087300000|100%| O|  |TAMS 0x0000000087200000, 0x0000000087300000| Untracked 
| 115|0x0000000087300000, 0x0000000087400000, 0x0000000087400000|100%| O|  |TAMS 0x0000000087300000, 0x0000000087400000| Untracked 
| 116|0x0000000087400000, 0x0000000087500000, 0x0000000087500000|100%| O|  |TAMS 0x0000000087400000, 0x0000000087500000| Untracked 
| 117|0x0000000087500000, 0x0000000087600000, 0x0000000087600000|100%| O|  |TAMS 0x0000000087500000, 0x0000000087600000| Untracked 
| 118|0x0000000087600000, 0x0000000087700000, 0x0000000087700000|100%| O|  |TAMS 0x0000000087600000, 0x0000000087700000| Untracked 
| 119|0x0000000087700000, 0x0000000087800000, 0x0000000087800000|100%| O|  |TAMS 0x0000000087700000, 0x0000000087800000| Untracked 
| 120|0x0000000087800000, 0x0000000087900000, 0x0000000087900000|100%| O|  |TAMS 0x0000000087800000, 0x0000000087900000| Untracked 
| 121|0x0000000087900000, 0x0000000087a00000, 0x0000000087a00000|100%| O|  |TAMS 0x0000000087a00000, 0x0000000087a00000| Untracked 
| 122|0x0000000087a00000, 0x0000000087b00000, 0x0000000087b00000|100%| O|  |TAMS 0x0000000087b00000, 0x0000000087b00000| Untracked 
| 123|0x0000000087b00000, 0x0000000087c00000, 0x0000000087c00000|100%| O|  |TAMS 0x0000000087c00000, 0x0000000087c00000| Untracked 
| 124|0x0000000087c00000, 0x0000000087d00000, 0x0000000087d00000|100%| O|  |TAMS 0x0000000087c00000, 0x0000000087d00000| Untracked 
| 125|0x0000000087d00000, 0x0000000087e00000, 0x0000000087e00000|100%| O|  |TAMS 0x0000000087d00000, 0x0000000087e00000| Untracked 
| 126|0x0000000087e00000, 0x0000000087f00000, 0x0000000087f00000|100%| O|  |TAMS 0x0000000087f00000, 0x0000000087f00000| Untracked 
| 127|0x0000000087f00000, 0x0000000088000000, 0x0000000088000000|100%| O|  |TAMS 0x0000000087f00000, 0x0000000088000000| Untracked 
| 128|0x0000000088000000, 0x0000000088100000, 0x0000000088100000|100%| O|  |TAMS 0x0000000088000000, 0x0000000088100000| Untracked 
| 129|0x0000000088100000, 0x0000000088200000, 0x0000000088200000|100%| O|  |TAMS 0x0000000088100000, 0x0000000088200000| Untracked 
| 130|0x0000000088200000, 0x0000000088300000, 0x0000000088300000|100%| O|  |TAMS 0x0000000088200000, 0x0000000088300000| Untracked 
| 131|0x0000000088300000, 0x0000000088400000, 0x0000000088400000|100%| O|  |TAMS 0x0000000088300000, 0x0000000088400000| Untracked 
| 132|0x0000000088400000, 0x0000000088500000, 0x0000000088500000|100%| O|  |TAMS 0x0000000088400000, 0x0000000088500000| Untracked 
| 133|0x0000000088500000, 0x0000000088600000, 0x0000000088600000|100%| O|  |TAMS 0x0000000088500000, 0x0000000088600000| Untracked 
| 134|0x0000000088600000, 0x0000000088700000, 0x0000000088700000|100%| O|  |TAMS 0x0000000088600000, 0x0000000088700000| Untracked 
| 135|0x0000000088700000, 0x0000000088800000, 0x0000000088800000|100%| O|  |TAMS 0x0000000088700000, 0x0000000088800000| Untracked 
| 136|0x0000000088800000, 0x0000000088900000, 0x0000000088900000|100%| O|  |TAMS 0x0000000088800000, 0x0000000088900000| Untracked 
| 137|0x0000000088900000, 0x0000000088a00000, 0x0000000088a00000|100%| O|  |TAMS 0x0000000088900000, 0x0000000088a00000| Untracked 
| 138|0x0000000088a00000, 0x0000000088b00000, 0x0000000088b00000|100%| O|  |TAMS 0x0000000088a00000, 0x0000000088b00000| Untracked 
| 139|0x0000000088b00000, 0x0000000088c00000, 0x0000000088c00000|100%| O|  |TAMS 0x0000000088b00000, 0x0000000088c00000| Untracked 
| 140|0x0000000088c00000, 0x0000000088d00000, 0x0000000088d00000|100%| O|  |TAMS 0x0000000088c00000, 0x0000000088d00000| Untracked 
| 141|0x0000000088d00000, 0x0000000088e00000, 0x0000000088e00000|100%| O|  |TAMS 0x0000000088d00000, 0x0000000088e00000| Untracked 
| 142|0x0000000088e00000, 0x0000000088f00000, 0x0000000088f00000|100%| O|  |TAMS 0x0000000088e00000, 0x0000000088f00000| Untracked 
| 143|0x0000000088f00000, 0x0000000089000000, 0x0000000089000000|100%| O|  |TAMS 0x0000000088f00000, 0x0000000089000000| Untracked 
| 144|0x0000000089000000, 0x0000000089100000, 0x0000000089100000|100%| O|  |TAMS 0x0000000089000000, 0x0000000089100000| Untracked 
| 145|0x0000000089100000, 0x0000000089200000, 0x0000000089200000|100%| O|  |TAMS 0x0000000089100000, 0x0000000089200000| Untracked 
| 146|0x0000000089200000, 0x0000000089300000, 0x0000000089300000|100%| O|  |TAMS 0x0000000089200000, 0x0000000089300000| Untracked 
| 147|0x0000000089300000, 0x0000000089400000, 0x0000000089400000|100%| O|  |TAMS 0x0000000089300000, 0x0000000089400000| Untracked 
| 148|0x0000000089400000, 0x0000000089500000, 0x0000000089500000|100%| O|  |TAMS 0x0000000089400000, 0x0000000089500000| Untracked 
| 149|0x0000000089500000, 0x0000000089600000, 0x0000000089600000|100%| O|  |TAMS 0x0000000089500000, 0x0000000089600000| Untracked 
| 150|0x0000000089600000, 0x0000000089700000, 0x0000000089700000|100%| O|  |TAMS 0x0000000089600000, 0x0000000089700000| Untracked 
| 151|0x0000000089700000, 0x0000000089800000, 0x0000000089800000|100%| O|  |TAMS 0x0000000089700000, 0x0000000089800000| Untracked 
| 152|0x0000000089800000, 0x0000000089900000, 0x0000000089900000|100%| O|  |TAMS 0x0000000089800000, 0x0000000089800000| Untracked 
| 153|0x0000000089900000, 0x0000000089a00000, 0x0000000089a00000|100%| O|  |TAMS 0x0000000089900000, 0x0000000089900000| Untracked 
| 154|0x0000000089a00000, 0x0000000089b00000, 0x0000000089b00000|100%| O|  |TAMS 0x0000000089a00000, 0x0000000089a00000| Untracked 
| 155|0x0000000089b00000, 0x0000000089c00000, 0x0000000089c00000|100%| O|  |TAMS 0x0000000089b00000, 0x0000000089b00000| Untracked 
| 156|0x0000000089c00000, 0x0000000089d00000, 0x0000000089d00000|100%| O|  |TAMS 0x0000000089c00000, 0x0000000089c00000| Untracked 
| 157|0x0000000089d00000, 0x0000000089d1fc00, 0x0000000089e00000| 12%| O|  |TAMS 0x0000000089d00000, 0x0000000089d00000| Untracked 
| 158|0x0000000089e00000, 0x0000000089e00000, 0x0000000089f00000|  0%| F|  |TAMS 0x0000000089e00000, 0x0000000089e00000| Untracked 
| 159|0x0000000089f00000, 0x0000000089f00000, 0x000000008a000000|  0%| F|  |TAMS 0x0000000089f00000, 0x0000000089f00000| Untracked 
| 160|0x000000008a000000, 0x000000008a000000, 0x000000008a100000|  0%| F|  |TAMS 0x000000008a000000, 0x000000008a000000| Untracked 
| 161|0x000000008a100000, 0x000000008a100000, 0x000000008a200000|  0%| F|  |TAMS 0x000000008a100000, 0x000000008a100000| Untracked 
| 162|0x000000008a200000, 0x000000008a200000, 0x000000008a300000|  0%| F|  |TAMS 0x000000008a200000, 0x000000008a200000| Untracked 
| 163|0x000000008a300000, 0x000000008a300000, 0x000000008a400000|  0%| F|  |TAMS 0x000000008a300000, 0x000000008a300000| Untracked 
| 164|0x000000008a400000, 0x000000008a400000, 0x000000008a500000|  0%| F|  |TAMS 0x000000008a400000, 0x000000008a400000| Untracked 
| 165|0x000000008a500000, 0x000000008a500000, 0x000000008a600000|  0%| F|  |TAMS 0x000000008a500000, 0x000000008a500000| Untracked 
| 166|0x000000008a600000, 0x000000008a600000, 0x000000008a700000|  0%| F|  |TAMS 0x000000008a600000, 0x000000008a600000| Untracked 
| 167|0x000000008a700000, 0x000000008a700000, 0x000000008a800000|  0%| F|  |TAMS 0x000000008a700000, 0x000000008a700000| Untracked 
| 168|0x000000008a800000, 0x000000008a800000, 0x000000008a900000|  0%| F|  |TAMS 0x000000008a800000, 0x000000008a800000| Untracked 
| 169|0x000000008a900000, 0x000000008a900000, 0x000000008aa00000|  0%| F|  |TAMS 0x000000008a900000, 0x000000008a900000| Untracked 
| 170|0x000000008aa00000, 0x000000008aa00000, 0x000000008ab00000|  0%| F|  |TAMS 0x000000008aa00000, 0x000000008aa00000| Untracked 
| 171|0x000000008ab00000, 0x000000008ab00000, 0x000000008ac00000|  0%| F|  |TAMS 0x000000008ab00000, 0x000000008ab00000| Untracked 
| 172|0x000000008ac00000, 0x000000008ac00000, 0x000000008ad00000|  0%| F|  |TAMS 0x000000008ac00000, 0x000000008ac00000| Untracked 
| 173|0x000000008ad00000, 0x000000008ad00000, 0x000000008ae00000|  0%| F|  |TAMS 0x000000008ad00000, 0x000000008ad00000| Untracked 
| 174|0x000000008ae00000, 0x000000008af00000, 0x000000008af00000|100%| S|CS|TAMS 0x000000008ae00000, 0x000000008ae00000| Complete 
| 175|0x000000008af00000, 0x000000008b000000, 0x000000008b000000|100%| S|CS|TAMS 0x000000008af00000, 0x000000008af00000| Complete 
| 176|0x000000008b000000, 0x000000008b000000, 0x000000008b100000|  0%| F|  |TAMS 0x000000008b000000, 0x000000008b000000| Untracked 
| 177|0x000000008b100000, 0x000000008b100000, 0x000000008b200000|  0%| F|  |TAMS 0x000000008b100000, 0x000000008b100000| Untracked 
| 178|0x000000008b200000, 0x000000008b200000, 0x000000008b300000|  0%| F|  |TAMS 0x000000008b200000, 0x000000008b200000| Untracked 
| 179|0x000000008b300000, 0x000000008b300000, 0x000000008b400000|  0%| F|  |TAMS 0x000000008b300000, 0x000000008b300000| Untracked 
| 180|0x000000008b400000, 0x000000008b400000, 0x000000008b500000|  0%| F|  |TAMS 0x000000008b400000, 0x000000008b400000| Untracked 
| 181|0x000000008b500000, 0x000000008b500000, 0x000000008b600000|  0%| F|  |TAMS 0x000000008b500000, 0x000000008b500000| Untracked 
| 182|0x000000008b600000, 0x000000008b600000, 0x000000008b700000|  0%| F|  |TAMS 0x000000008b600000, 0x000000008b600000| Untracked 

Card table byte_map: [0x000001d77a520000,0x000001d77a920000] _byte_map_base: 0x000001d77a120000

Marking Bits (Prev, Next): (CMBitMap*) 0x000001d762980078, (CMBitMap*) 0x000001d7629800b0
 Prev Bits: [0x000001d77ad20000, 0x000001d77cd20000)
 Next Bits: [0x000001d77cd20000, 0x000001d77ed20000)

Polling page: 0x000001d760aa0000

Metaspace:

Usage:
  Non-class:     91.48 MB capacity,    89.72 MB ( 98%) used,     1.43 MB (  2%) free+waste,   334.38 KB ( <1%) overhead. 
      Class:     13.74 MB capacity,    12.64 MB ( 92%) used,   978.54 KB (  7%) free+waste,   148.00 KB (  1%) overhead. 
       Both:    105.22 MB capacity,   102.36 MB ( 97%) used,     2.39 MB (  2%) free+waste,   482.38 KB ( <1%) overhead. 

Virtual space:
  Non-class space:       92.00 MB reserved,      91.70 MB (>99%) committed 
      Class space:        1.00 GB reserved,      13.75 MB (  1%) committed 
             Both:        1.09 GB reserved,     105.45 MB (  9%) committed 

Chunk freelists:
   Non-Class:  4.00 KB
       Class:  1.25 KB
        Both:  5.25 KB

CodeHeap 'non-profiled nmethods': size=120000Kb used=11017Kb max_used=11017Kb free=108982Kb
 bounds [0x000001d7728c0000, 0x000001d773390000, 0x000001d779df0000]
CodeHeap 'profiled nmethods': size=120000Kb used=35682Kb max_used=35682Kb free=84317Kb
 bounds [0x000001d76b390000, 0x000001d76d680000, 0x000001d7728c0000]
CodeHeap 'non-nmethods': size=5760Kb used=2311Kb max_used=2355Kb free=3448Kb
 bounds [0x000001d76adf0000, 0x000001d76b060000, 0x000001d76b390000]
 total_blobs=16636 nmethods=15721 adapters=825
 compilation: enabled
              stopped_count=0, restarted_count=0
 full_count=0

Compilation events (10 events):
Event: 136.066 Thread 0x000001d77f797000 nmethod 17630 0x000001d76d677890 code [0x000001d76d677a20, 0x000001d76d677b18]
Event: 136.066 Thread 0x000001d77f797000 17640       2       java.util.concurrent.atomic.AtomicReference::<init> (5 bytes)
Event: 136.066 Thread 0x000001d77f797000 nmethod 17640 0x000001d76d677b90 code [0x000001d76d677d20, 0x000001d76d677e18]
Event: 136.066 Thread 0x000001d77f797000 17631       2       com.google.common.util.concurrent.AbstractFuture$UnsafeAtomicHelper::casWaiters (13 bytes)
Event: 136.067 Thread 0x000001d77f797000 nmethod 17631 0x000001d76d677e90 code [0x000001d76d678020, 0x000001d76d678198]
Event: 136.067 Thread 0x000001d77f797000 17632       2       com.google.common.util.concurrent.AbstractFuture::afterDone (1 bytes)
Event: 136.067 Thread 0x000001d77f797000 nmethod 17632 0x000001d76d678210 code [0x000001d76d6783a0, 0x000001d76d678498]
Event: 136.067 Thread 0x000001d77f797000 17633       2       com.google.common.util.concurrent.AbstractFuture::clearListeners (47 bytes)
Event: 136.067 Thread 0x000001d77f797000 nmethod 17633 0x000001d76d678510 code [0x000001d76d6786c0, 0x000001d76d678998]
Event: 136.067 Thread 0x000001d77f797000 17641 %     3       com.android.tools.r8.internal.T6::a @ 2458 (4191 bytes)

GC Heap History (10 events):
Event: 135.609 GC heap after
{Heap after GC invocations=74 (full 0):
 garbage-first heap   total 187392K, used 149805K [0x0000000080000000, 0x0000000100000000)
  region size 1024K, 1 young (1024K), 1 survivors (1024K)
 Metaspace       used 101617K, capacity 104310K, committed 104652K, reserved 1140736K
  class space    used 12459K, capacity 13476K, committed 13568K, reserved 1048576K
}
Event: 135.825 GC heap before
{Heap before GC invocations=74 (full 0):
 garbage-first heap   total 187392K, used 161069K [0x0000000080000000, 0x0000000100000000)
  region size 1024K, 13 young (13312K), 1 survivors (1024K)
 Metaspace       used 103766K, capacity 106663K, committed 106828K, reserved 1142784K
  class space    used 12796K, capacity 13895K, committed 13952K, reserved 1048576K
}
Event: 135.828 GC heap after
{Heap after GC invocations=75 (full 0):
 garbage-first heap   total 187392K, used 151296K [0x0000000080000000, 0x0000000100000000)
  region size 1024K, 2 young (2048K), 2 survivors (2048K)
 Metaspace       used 103766K, capacity 106663K, committed 106828K, reserved 1142784K
  class space    used 12796K, capacity 13895K, committed 13952K, reserved 1048576K
}
Event: 135.911 GC heap before
{Heap before GC invocations=75 (full 0):
 garbage-first heap   total 187392K, used 161536K [0x0000000080000000, 0x0000000100000000)
  region size 1024K, 13 young (13312K), 2 survivors (2048K)
 Metaspace       used 104327K, capacity 107261K, committed 107468K, reserved 1142784K
  class space    used 12879K, capacity 13994K, committed 14080K, reserved 1048576K
}
Event: 135.917 GC heap after
{Heap after GC invocations=76 (full 0):
 garbage-first heap   total 187392K, used 154836K [0x0000000080000000, 0x0000000100000000)
  region size 1024K, 2 young (2048K), 2 survivors (2048K)
 Metaspace       used 104327K, capacity 107261K, committed 107468K, reserved 1142784K
  class space    used 12879K, capacity 13994K, committed 14080K, reserved 1048576K
}
Event: 135.960 GC heap before
{Heap before GC invocations=76 (full 0):
 garbage-first heap   total 187392K, used 160980K [0x0000000080000000, 0x0000000100000000)
  region size 1024K, 9 young (9216K), 2 survivors (2048K)
 Metaspace       used 104485K, capacity 107390K, committed 107724K, reserved 1142784K
  class space    used 12890K, capacity 13994K, committed 14080K, reserved 1048576K
}
Event: 135.968 GC heap after
{Heap after GC invocations=77 (full 0):
 garbage-first heap   total 187392K, used 157696K [0x0000000080000000, 0x0000000100000000)
  region size 1024K, 2 young (2048K), 2 survivors (2048K)
 Metaspace       used 104485K, capacity 107390K, committed 107724K, reserved 1142784K
  class space    used 12890K, capacity 13994K, committed 14080K, reserved 1048576K
}
Event: 136.043 GC heap before
{Heap before GC invocations=77 (full 0):
 garbage-first heap   total 187392K, used 164864K [0x0000000080000000, 0x0000000100000000)
  region size 1024K, 9 young (9216K), 2 survivors (2048K)
 Metaspace       used 104809K, capacity 107746K, committed 107980K, reserved 1142784K
  class space    used 12943K, capacity 14070K, committed 14080K, reserved 1048576K
}
Event: 136.049 GC heap after
{Heap after GC invocations=78 (full 0):
 garbage-first heap   total 187392K, used 160480K [0x0000000080000000, 0x0000000100000000)
  region size 1024K, 2 young (2048K), 2 survivors (2048K)
 Metaspace       used 104809K, capacity 107746K, committed 107980K, reserved 1142784K
  class space    used 12943K, capacity 14070K, committed 14080K, reserved 1048576K
}
Event: 136.083 GC heap before
{Heap before GC invocations=78 (full 0):
 garbage-first heap   total 187392K, used 167648K [0x0000000080000000, 0x0000000100000000)
  region size 1024K, 9 young (9216K), 2 survivors (2048K)
 Metaspace       used 104819K, capacity 107746K, committed 107980K, reserved 1142784K
  class space    used 12943K, capacity 14070K, committed 14080K, reserved 1048576K
}

Deoptimization events (10 events):
Event: 135.354 Thread 0x000001d709530000 Uncommon trap: reason=unstable_if action=reinterpret pc=0x000001d7729a5c48 method=java.lang.Integer.stringSize(I)I @ 19 c2
Event: 135.368 Thread 0x000001d709530000 Uncommon trap: reason=profile_predicate action=maybe_recompile pc=0x000001d77318b8cc method=java.util.TimSort.binarySort([Ljava/lang/Object;IIILjava/util/Comparator;)V @ 34 c2
Event: 135.381 Thread 0x000001d709530000 Uncommon trap: reason=unstable_if action=reinterpret pc=0x000001d7729a6418 method=java.lang.Integer.stringSize(I)I @ 19 c2
Event: 135.390 Thread 0x000001d70953a800 Uncommon trap: reason=unstable_if action=reinterpret pc=0x000001d772a0d1b4 method=java.lang.reflect.Executable.declaredAnnotations()Ljava/util/Map; @ 19 c2
Event: 135.392 Thread 0x000001d709530000 Uncommon trap: reason=class_check action=maybe_recompile pc=0x000001d7731fffd8 method=java.security.MessageDigest$Delegate.clone()Ljava/lang/Object; @ 4 c2
Event: 135.416 Thread 0x000001d709e5f000 Uncommon trap: reason=unloaded action=reinterpret pc=0x000001d772f4bb28 method=java.util.regex.Pattern.newSlice([IIZ)Ljava/util/regex/Pattern$Node; @ 68 c2
Event: 135.486 Thread 0x000001d709e5d800 Uncommon trap: reason=unstable_if action=reinterpret pc=0x000001d772ea81c0 method=java.io.BufferedInputStream.fill()V @ 222 c2
Event: 135.598 Thread 0x000001d70953a000 Uncommon trap: reason=unstable_if action=reinterpret pc=0x000001d773207ac4 method=java.util.concurrent.ConcurrentHashMap.putVal(Ljava/lang/Object;Ljava/lang/Object;Z)Ljava/lang/Object; @ 162 c2
Event: 135.598 Thread 0x000001d70953a000 Uncommon trap: reason=unstable_if action=reinterpret pc=0x000001d772e22a3c method=com.google.common.collect.MapMakerInternalMap$Segment.getEntry(Ljava/lang/Object;I)Lcom/google/common/collect/MapMakerInternalMap$InternalEntry; @ 63 c2
Event: 135.598 Thread 0x000001d70953a000 Uncommon trap: reason=unstable_if action=reinterpret pc=0x000001d772df3b70 method=com.google.common.collect.MapMakerInternalMap$Segment.put(Ljava/lang/Object;ILjava/lang/Object;Z)Ljava/lang/Object; @ 92 c2

Classes redefined (0 events):
No events

Internal exceptions (10 events):
Event: 135.838 Thread 0x000001d709e5f000 Exception <a 'java/lang/NoSuchMethodError'{0x000000008b6b5bc0}: java.lang.invoke.DirectMethodHandle$Holder.invokeStatic(Ljava/lang/Object;J)Ljava/lang/Object;> (0x000000008b6b5bc0) thrown at [./open/src/hotspot/share/interpreter/linkResolver.cpp, line 772
Event: 135.843 Thread 0x000001d709e5f000 Exception <a 'java/lang/NoSuchMethodError'{0x000000008b6b8ef0}: java.lang.invoke.DirectMethodHandle$Holder.invokeSpecial(Ljava/lang/Object;Ljava/lang/Object;J)Ljava/lang/Object;> (0x000000008b6b8ef0) thrown at [./open/src/hotspot/share/interpreter/linkRes
Event: 135.843 Thread 0x000001d709e5d800 Exception <a 'java/lang/NoSuchMethodError'{0x000000008b6c7518}: java.lang.invoke.Invokers$Holder.linkToTargetMethod(JLjava/lang/Object;)Ljava/lang/Object;> (0x000000008b6c7518) thrown at [./open/src/hotspot/share/interpreter/linkResolver.cpp, line 772]
Event: 135.843 Thread 0x000001d70953a800 Exception <a 'java/lang/NoSuchMethodError'{0x000000008b6a3218}: java.lang.invoke.Invokers$Holder.linkToTargetMethod(JLjava/lang/Object;)Ljava/lang/Object;> (0x000000008b6a3218) thrown at [./open/src/hotspot/share/interpreter/linkResolver.cpp, line 772]
Event: 135.843 Thread 0x000001d709e61800 Exception <a 'java/lang/NoSuchMethodError'{0x000000008b6be920}: java.lang.invoke.Invokers$Holder.linkToTargetMethod(JLjava/lang/Object;)Ljava/lang/Object;> (0x000000008b6be920) thrown at [./open/src/hotspot/share/interpreter/linkResolver.cpp, line 772]
Event: 135.843 Thread 0x000001d709e5e800 Exception <a 'java/lang/NoSuchMethodError'{0x000000008b6a92b8}: java.lang.invoke.Invokers$Holder.linkToTargetMethod(JLjava/lang/Object;)Ljava/lang/Object;> (0x000000008b6a92b8) thrown at [./open/src/hotspot/share/interpreter/linkResolver.cpp, line 772]
Event: 135.843 Thread 0x000001d709538000 Exception <a 'java/lang/NoSuchMethodError'{0x000000008b6bfe28}: java.lang.invoke.DirectMethodHandle$Holder.invokeSpecial(Ljava/lang/Object;Ljava/lang/Object;J)Ljava/lang/Object;> (0x000000008b6bfe28) thrown at [./open/src/hotspot/share/interpreter/linkRes
Event: 135.843 Thread 0x000001d709539000 Exception <a 'java/lang/NoSuchMethodError'{0x000000008b6cc468}: java.lang.invoke.Invokers$Holder.linkToTargetMethod(JLjava/lang/Object;)Ljava/lang/Object;> (0x000000008b6cc468) thrown at [./open/src/hotspot/share/interpreter/linkResolver.cpp, line 772]
Event: 135.843 Thread 0x000001d709e5f000 Exception <a 'java/lang/NoSuchMethodError'{0x000000008b6d33a8}: java.lang.invoke.Invokers$Holder.linkToTargetMethod(JLjava/lang/Object;)Ljava/lang/Object;> (0x000000008b6d33a8) thrown at [./open/src/hotspot/share/interpreter/linkResolver.cpp, line 772]
Event: 135.843 Thread 0x000001d709538000 Exception <a 'java/lang/NoSuchMethodError'{0x000000008b6c2de8}: java.lang.invoke.Invokers$Holder.linkToTargetMethod(JLjava/lang/Object;)Ljava/lang/Object;> (0x000000008b6c2de8) thrown at [./open/src/hotspot/share/interpreter/linkResolver.cpp, line 772]

Events (10 events):
Event: 136.003 loading class com/android/tools/r8/internal/t6 done
Event: 136.003 Executing VM operation: RevokeBias
Event: 136.004 Executing VM operation: RevokeBias done
Event: 136.043 Executing VM operation: G1CollectForAllocation
Event: 136.049 Executing VM operation: G1CollectForAllocation done
Event: 136.068 Thread 0x000001d709e5f000 DEOPT PACKING pc=0x000001d76d642764 sp=0x0000005db54fcba0
Event: 136.068 Thread 0x000001d709e5f000 DEOPT UNPACKING pc=0x000001d76ae16dde sp=0x0000005db54fc070 mode 0
Event: 136.070 Thread 0x000001d709e5f000 DEOPT PACKING pc=0x000001d76d641907 sp=0x0000005db54fd0b0
Event: 136.070 Thread 0x000001d709e5f000 DEOPT UNPACKING pc=0x000001d76ae16dde sp=0x0000005db54fc5d0 mode 0
Event: 136.082 Executing VM operation: G1CollectForAllocation


Dynamic libraries:
0x00007ff796360000 - 0x00007ff79636f000 	C:\Program Files\Java\jdk-11.0.12\bin\java.exe
0x00007ffd19a20000 - 0x00007ffd19c10000 	C:\Windows\SYSTEM32\ntdll.dll
0x00007ffd18c80000 - 0x00007ffd18d32000 	C:\Windows\System32\KERNEL32.DLL
0x00007ffd17340000 - 0x00007ffd175e5000 	C:\Windows\System32\KERNELBASE.dll
0x00007ffd17920000 - 0x00007ffd17a1a000 	C:\Windows\System32\ucrtbase.dll
0x00007ffd0ec10000 - 0x00007ffd0ec28000 	C:\Program Files\Java\jdk-11.0.12\bin\jli.dll
0x00007ffd0db70000 - 0x00007ffd0db85000 	C:\Program Files\Java\jdk-11.0.12\bin\VCRUNTIME140.dll
0x00007ffd187d0000 - 0x00007ffd18873000 	C:\Windows\System32\ADVAPI32.dll
0x00007ffd18dd0000 - 0x00007ffd18e6e000 	C:\Windows\System32\msvcrt.dll
0x00007ffd17c00000 - 0x00007ffd17c97000 	C:\Windows\System32\sechost.dll
0x00007ffd198b0000 - 0x00007ffd199cf000 	C:\Windows\System32\RPCRT4.dll
0x00007ffd18e70000 - 0x00007ffd19004000 	C:\Windows\System32\USER32.dll
0x00007ffd178c0000 - 0x00007ffd178e1000 	C:\Windows\System32\win32u.dll
0x00007ffd18da0000 - 0x00007ffd18dc6000 	C:\Windows\System32\GDI32.dll
0x00007ffd171a0000 - 0x00007ffd17338000 	C:\Windows\System32\gdi32full.dll
0x00007ffd175f0000 - 0x00007ffd1768e000 	C:\Windows\System32\msvcp_win.dll
0x00007ffcfac90000 - 0x00007ffcfaf14000 	C:\Windows\WinSxS\amd64_microsoft.windows.common-controls_6595b64144ccf1df_6.0.18362.1556_none_9e7e372fe45e41d5\COMCTL32.dll
0x00007ffd18110000 - 0x00007ffd18446000 	C:\Windows\System32\combase.dll
0x00007ffd16990000 - 0x00007ffd16a11000 	C:\Windows\System32\bcryptPrimitives.dll
0x00007ffd10cf0000 - 0x00007ffd10cfa000 	C:\Windows\SYSTEM32\VERSION.dll
0x00007ffd18bd0000 - 0x00007ffd18bfe000 	C:\Windows\System32\IMM32.DLL
0x00007ffcef6e0000 - 0x00007ffcef77b000 	C:\Program Files\Java\jdk-11.0.12\bin\msvcp140.dll
0x00007ffcd3e80000 - 0x00007ffcd497f000 	C:\Program Files\Java\jdk-11.0.12\bin\server\jvm.dll
0x00007ffd199d0000 - 0x00007ffd199d8000 	C:\Windows\System32\PSAPI.DLL
0x00007ffd05670000 - 0x00007ffd05694000 	C:\Windows\SYSTEM32\WINMM.dll
0x00007ffd14450000 - 0x00007ffd14459000 	C:\Windows\SYSTEM32\WSOCK32.dll
0x00007ffd18740000 - 0x00007ffd187af000 	C:\Windows\System32\WS2_32.dll
0x00007ffd05640000 - 0x00007ffd0566d000 	C:\Windows\SYSTEM32\winmmbase.dll
0x00007ffd17810000 - 0x00007ffd1785a000 	C:\Windows\System32\cfgmgr32.dll
0x00007ffd16970000 - 0x00007ffd16981000 	C:\Windows\System32\kernel.appcore.dll
0x00007ffd0dc40000 - 0x00007ffd0dc50000 	C:\Program Files\Java\jdk-11.0.12\bin\verify.dll
0x00007ffd0f6a0000 - 0x00007ffd0f894000 	C:\Windows\SYSTEM32\DBGHELP.DLL
0x00007ffd0f270000 - 0x00007ffd0f29a000 	C:\Windows\SYSTEM32\dbgcore.DLL
0x00007ffd0db40000 - 0x00007ffd0db68000 	C:\Program Files\Java\jdk-11.0.12\bin\java.dll
0x00007ffd0d2e0000 - 0x00007ffd0d2ea000 	C:\Program Files\Java\jdk-11.0.12\bin\jimage.dll
0x00007ffd0abe0000 - 0x00007ffd0abf6000 	C:\Program Files\Java\jdk-11.0.12\bin\zip.dll
0x00007ffd19160000 - 0x00007ffd19847000 	C:\Windows\System32\SHELL32.dll
0x00007ffd18b20000 - 0x00007ffd18bc8000 	C:\Windows\System32\shcore.dll
0x00007ffd16a20000 - 0x00007ffd1719b000 	C:\Windows\System32\windows.storage.dll
0x00007ffd168e0000 - 0x00007ffd168fe000 	C:\Windows\System32\profapi.dll
0x00007ffd16920000 - 0x00007ffd1696a000 	C:\Windows\System32\powrprof.dll
0x00007ffd168d0000 - 0x00007ffd168e0000 	C:\Windows\System32\UMPDC.dll
0x00007ffd19850000 - 0x00007ffd198a2000 	C:\Windows\System32\shlwapi.dll
0x00007ffd17690000 - 0x00007ffd176a7000 	C:\Windows\System32\cryptsp.dll
0x00007ffcf6460000 - 0x00007ffcf6479000 	C:\Program Files\Java\jdk-11.0.12\bin\net.dll
0x00007ffd09f70000 - 0x00007ffd0a06a000 	C:\Windows\SYSTEM32\WINHTTP.dll
0x00007ffd16110000 - 0x00007ffd16177000 	C:\Windows\system32\mswsock.dll
0x00007ffcf6080000 - 0x00007ffcf6092000 	C:\Program Files\Java\jdk-11.0.12\bin\nio.dll
0x00007ffce6ec0000 - 0x00007ffce6ee7000 	C:\Users\OmarTaha\.gradle\native\8bec1ad78214c89d9ad589b4d07fe93259594b29d510b10fafb7a158f7737e5d\windows-amd64\native-platform.dll
0x00007ffcd3180000 - 0x00007ffcd32bd000 	C:\Users\OmarTaha\.gradle\native\53dbd7edfb1c66fb8903c78663c9afc45aea4f116125fa6feffd364cf09443e8\windows-amd64\native-platform-file-events.dll
0x00007ffcf0f70000 - 0x00007ffcf0f79000 	C:\Program Files\Java\jdk-11.0.12\bin\management.dll
0x00007ffcf0390000 - 0x00007ffcf039b000 	C:\Program Files\Java\jdk-11.0.12\bin\management_ext.dll
0x00007ffd15c90000 - 0x00007ffd15cc3000 	C:\Windows\system32\rsaenh.dll
0x00007ffd178f0000 - 0x00007ffd17916000 	C:\Windows\System32\bcrypt.dll
0x00007ffd167f0000 - 0x00007ffd16815000 	C:\Windows\SYSTEM32\USERENV.dll
0x00007ffd162e0000 - 0x00007ffd162ec000 	C:\Windows\SYSTEM32\CRYPTBASE.dll
0x00007ffd15e20000 - 0x00007ffd15e5a000 	C:\Windows\SYSTEM32\IPHLPAPI.DLL
0x00007ffd19150000 - 0x00007ffd19158000 	C:\Windows\System32\NSI.dll
0x00007ffd0af70000 - 0x00007ffd0af86000 	C:\Windows\SYSTEM32\dhcpcsvc6.DLL
0x00007ffd0b310000 - 0x00007ffd0b32c000 	C:\Windows\SYSTEM32\dhcpcsvc.DLL
0x00007ffd15e60000 - 0x00007ffd15f2b000 	C:\Windows\SYSTEM32\DNSAPI.dll

dbghelp: loaded successfully - version: 4.0.5 - missing functions: none
symbol engine: initialized successfully - sym options: 0x614 - pdb path: .;C:\Program Files\Java\jdk-11.0.12\bin;C:\Windows\SYSTEM32;C:\Windows\WinSxS\amd64_microsoft.windows.common-controls_6595b64144ccf1df_6.0.18362.1556_none_9e7e372fe45e41d5;C:\Program Files\Java\jdk-11.0.12\bin\server;C:\Users\OmarTaha\.gradle\native\8bec1ad78214c89d9ad589b4d07fe93259594b29d510b10fafb7a158f7737e5d\windows-amd64;C:\Users\OmarTaha\.gradle\native\53dbd7edfb1c66fb8903c78663c9afc45aea4f116125fa6feffd364cf09443e8\windows-amd64

VM Arguments:
jvm_args: --add-opens=java.base/java.util=ALL-UNNAMED --add-opens=java.base/java.lang=ALL-UNNAMED --add-opens=java.base/java.lang.invoke=ALL-UNNAMED --add-opens=java.base/java.util=ALL-UNNAMED --add-opens=java.prefs/java.util.prefs=ALL-UNNAMED --add-opens=java.prefs/java.util.prefs=ALL-UNNAMED --add-opens=java.base/java.nio.charset=ALL-UNNAMED --add-opens=java.base/java.net=ALL-UNNAMED --add-opens=java.base/java.util.concurrent.atomic=ALL-UNNAMED -Xmx2048m -Dfile.encoding=windows-1252 -Duser.country=US -Duser.language=en -Duser.variant 
java_command: org.gradle.launcher.daemon.bootstrap.GradleDaemon 7.1-rc-1
java_class_path (initial): C:\Users\OmarTaha\.gradle\wrapper\dists\gradle-7.1-rc-1-bin\89hqeppvp8dbb4pzs5e0rkzxn\gradle-7.1-rc-1\lib\gradle-launcher-7.1.jar
Launcher Type: SUN_STANDARD

[Global flags]
     intx CICompilerCount                          = 4                                         {product} {ergonomic}
     uint ConcGCThreads                            = 2                                         {product} {ergonomic}
     uint G1ConcRefinementThreads                  = 8                                         {product} {ergonomic}
   size_t G1HeapRegionSize                         = 1048576                                   {product} {ergonomic}
    uintx GCDrainStackTargetSize                   = 64                                        {product} {ergonomic}
   size_t InitialHeapSize                          = 132120576                                 {product} {ergonomic}
   size_t MarkStackSize                            = 4194304                                   {product} {ergonomic}
   size_t MaxHeapSize                              = 2147483648                                {product} {command line}
   size_t MaxNewSize                               = 1287651328                                {product} {ergonomic}
   size_t MinHeapDeltaBytes                        = 1048576                                   {product} {ergonomic}
    uintx NonNMethodCodeHeapSize                   = 5836300                                {pd product} {ergonomic}
    uintx NonProfiledCodeHeapSize                  = 122910970                              {pd product} {ergonomic}
    uintx ProfiledCodeHeapSize                     = 122910970                              {pd product} {ergonomic}
    uintx ReservedCodeCacheSize                    = 251658240                              {pd product} {ergonomic}
     bool SegmentedCodeCache                       = true                                      {product} {ergonomic}
     bool UseCompressedClassPointers               = true                                 {lp64_product} {ergonomic}
     bool UseCompressedOops                        = true                                 {lp64_product} {ergonomic}
     bool UseG1GC                                  = true                                      {product} {ergonomic}
     bool UseLargePagesIndividualAllocation        = false                                  {pd product} {ergonomic}

Logging:
Log output configuration:
 #0: stdout all=warning uptime,level,tags
 #1: stderr all=off uptime,level,tags

Environment Variables:
JAVA_HOME=C:\Program Files\Java\jdk-11.0.12\bin
PATH=C:\Program Files\Common Files\Oracle\Java\javapath;C:\Program Files (x86)\Common Files\Oracle\Java\javapath;C:\Program Files (x86)\Common Files\Intel\Shared Libraries\redist\intel64\compiler;C:\Program Files\Java\jdk-12.0.2\bin;C:\Windows\system32;C:\Windows;C:\Windows\System32\Wbem;C:\Windows\System32\WindowsPowerShell\v1.0\;C:\Windows\System32\OpenSSH\;C:\Program Files\dotnet\;C:\Program Files\Microsoft SQL Server\120\Tools\Binn\;C:\Program Files\Microsoft SQL Server\120\DTS\Binn\;C:\Program Files\Microsoft SQL Server\Client SDK\ODBC\110\Tools\Binn\;C:\Program Files (x86)\Microsoft SQL Server\120\Tools\Binn\;C:\Program Files (x86)\Microsoft SQL Server\120\Tools\Binn\ManagementStudio\;C:\Program Files (x86)\Microsoft SQL Server\120\DTS\Binn\;C:\Windows\Microsoft.NET\Framework\v3.5;C:\Program Files\Microsoft SQL Server\130\Tools\Binn\;C:\Program Files\Microsoft SQL Server\Client SDK\ODBC\170\Tools\Binn\;C:\Program Files\MATLAB\R2016a\runtime\win64;C:\Program Files\MATLAB\R2016a\bin;C:\Program Files\MATLAB\R2016a\polyspace\bin;C:\Program Files (x86)\dotnet\;C:\sqlite;C:\Program Files\Git\cmd;C:\Users\OmarTaha\AppData\Local\Programs\Python\Python310;C:\Users\OmarTaha\AppData\Local\Programs\Python\Python310\Scripts;C:\Users\OmarTaha\AppData\Local\Programs\Python\Python38-32\Scripts\;C:\Users\OmarTaha\AppData\Local\Programs\Python\Python38-32\;C:\Users\OmarTaha\AppData\Local\Microsoft\WindowsApps;C:\Users\OmarTaha\AppData\Local\Programs\Microsoft VS Code\bin;C:\Users\OmarTaha\.dotnet\tools;C:\Program Files\JetBrains\PyCharm Community Edition 2020.2.4\bin;;C:\Users\OmarTaha\AppData\Local\GitHubDesktop\bin;
USERNAME=OmarTaha
OS=Windows_NT
PROCESSOR_IDENTIFIER=Intel64 Family 6 Model 60 Stepping 3, GenuineIntel



---------------  S Y S T E M  ---------------

OS: Windows 10 , 64 bit Build 18362 (10.0.18362.1500)

CPU:total 8 (initial active 8) (4 cores per cpu, 2 threads per core) family 6 model 60 stepping 3 microcode 0x28, cmov, cx8, fxsr, mmx, sse, sse2, sse3, ssse3, sse4.1, sse4.2, popcnt, avx, avx2, aes, clmul, erms, lzcnt, ht, tsc, tscinvbit, bmi1, bmi2, fma

Memory: 4k page, system-wide physical 7993M (320M free)
TotalPageFile size 32569M (AvailPageFile size 24M)
current process WorkingSet (physical memory assigned to process): 414M, peak: 491M
current process commit charge ("private bytes"): 536M, peak: 573M

vm_info: Java HotSpot(TM) 64-Bit Server VM (11.0.12+8-LTS-237) for windows-amd64 JRE (11.0.12+8-LTS-237), built on Jun  8 2021 11:25:59 by "mach5one" with MS VC++ 15.9 (VS2017)

END.
