#
# There is insufficient memory for the Java Runtime Environment to continue.
# Native memory allocation (mmap) failed to map 27262976 bytes for Failed to commit area from 0x0000000087e00000 to 0x0000000089800000 of length 27262976.
# Possible reasons:
#   The system is out of physical RAM or swap space
#   The process is running with CompressedOops enabled, and the Java Heap may be blocking the growth of the native heap
# Possible solutions:
#   Reduce memory load on the system
#   Increase physical memory or swap space
#   Check if swap backing store is full
#   Decrease Java heap size (-Xmx/-Xms)
#   Decrease number of Java threads
#   Decrease Java thread stack sizes (-Xss)
#   Set larger code cache with -XX:ReservedCodeCacheSize=
#   JVM is running with Unscaled Compressed Oops mode in which the Java heap is
#     placed in the first 4GB address space. The Java Heap base address is the
#     maximum limit for the native heap growth. Please use -XX:HeapBaseMinAddress
#     to set the Java Heap base and to place the Java Heap above 4GB virtual address.
# This output file may be truncated or incomplete.
#
#  Out of Memory Error (./src/hotspot/os/windows/os_windows.cpp:3301), pid=13168, tid=2724
#
# JRE version: OpenJDK Runtime Environment (11.0.10) (build 11.0.10+0-b96-7249189)
# Java VM: OpenJDK 64-Bit Server VM (11.0.10+0-b96-7249189, mixed mode, tiered, compressed oops, g1 gc, windows-amd64)
# No core dump will be written. Minidumps are not enabled by default on client versions of Windows
#

---------------  S U M M A R Y ------------

Command Line: --add-opens=java.base/java.util=ALL-UNNAMED --add-opens=java.base/java.lang=ALL-UNNAMED --add-opens=java.base/java.lang.invoke=ALL-UNNAMED --add-opens=java.base/java.util=ALL-UNNAMED --add-opens=java.prefs/java.util.prefs=ALL-UNNAMED --add-opens=java.prefs/java.util.prefs=ALL-UNNAMED --add-opens=java.base/java.nio.charset=ALL-UNNAMED --add-opens=java.base/java.net=ALL-UNNAMED --add-opens=java.base/java.util.concurrent.atomic=ALL-UNNAMED -Xmx2048m -Dfile.encoding=windows-1252 -Duser.country=US -Duser.language=en -Duser.variant org.gradle.launcher.daemon.bootstrap.GradleDaemon 7.1-rc-1

Host: Intel(R) Core(TM) i7-4800MQ CPU @ 2.70GHz, 8 cores, 7G,  Windows 10 , 64 bit Build 18362 (10.0.18362.1500)
Time: Sat Oct  9 14:01:28 2021 Arab Standard Time elapsed time: 13.084494 seconds (0d 0h 0m 13s)

---------------  T H R E A D  ---------------

Current thread (0x000001927efc2000):  VMThread "VM Thread" [stack: 0x000000595c400000,0x000000595c500000] [id=2724]

Stack: [0x000000595c400000,0x000000595c500000]
[error occurred during error reporting (printing stack bounds), id 0xc0000005, EXCEPTION_ACCESS_VIOLATION (0xc0000005) at pc=0x0000019200000f2d]

Native frames: (J=compiled Java code, j=interpreted, Vv=VM code, C=native code)
V  [jvm.dll+0x5ecfaa]
V  [jvm.dll+0x722bd5]
V  [jvm.dll+0x72412d]
V  [jvm.dll+0x724745]
V  [jvm.dll+0x7246fb]
V  [jvm.dll+0x5ec348]
V  [jvm.dll+0x5ecad8]
C  [ntdll.dll+0xa1fff]
C  [ntdll.dll+0x6aad9]
C  [ntdll.dll+0xa0c6e]
C  0x0000019200000f2d

VM_Operation (0x000000595d7f6380): G1CollectForAllocation, mode: safepoint, requested by thread 0x00000192123b6800


---------------  P R O C E S S  ---------------

Threads class SMR info:
_java_thread_list=0x00000192139b3ee0, length=123, elements={
0x0000019273bd0800, 0x000001927efc6000, 0x000001927efc7000, 0x000001927efe1000,
0x000001927efe3000, 0x000001927efe6800, 0x000001927efed800, 0x000001927f96a800,
0x000001927f96b800, 0x000001927fad6800, 0x00000192130d0000, 0x0000019213646800,
0x00000192126a0800, 0x000001921207e800, 0x00000192119f1800, 0x0000019211f08000,
0x00000192123b6800, 0x00000192128a5800, 0x00000192128a6800, 0x0000019212c21800,
0x0000019212c23000, 0x0000019212c22000, 0x0000019212c24000, 0x00000192112f0800,
0x00000192139a5000, 0x00000192139a2000, 0x00000192139a4800, 0x00000192139a2800,
0x00000192139a0800, 0x00000192139a3800, 0x00000192139a6000, 0x00000192139a7000,
0x00000192139a1000, 0x00000192139aa000, 0x00000192139ab000, 0x0000019213643800,
0x00000192139ab800, 0x00000192139ac800, 0x00000192139a9800, 0x00000192139ad800,
0x00000192139ae000, 0x00000192167fa000, 0x00000192167fc000, 0x00000192167fd000,
0x00000192167f9000, 0x00000192167fe800, 0x00000192167fe000, 0x00000192167ff800,
0x00000192167fa800, 0x0000019216804800, 0x0000019216801000, 0x0000019216802000,
0x0000019216805000, 0x0000019216806000, 0x0000019216803800, 0x0000019216802800,
0x0000019216800800, 0x0000019216807000, 0x0000019216807800, 0x000001921614c800,
0x000001921614b800, 0x000001921614d000, 0x0000019216149000, 0x000001921614a000,
0x000001921614e000, 0x0000019216148800, 0x000001921614f800, 0x000001921614f000,
0x0000019216150800, 0x000001921614a800, 0x0000019216152000, 0x0000019216156000,
0x0000019216151000, 0x0000019216155800, 0x0000019216157000, 0x0000019216153000,
0x0000019216153800, 0x0000019216154800, 0x0000019213177800, 0x000001921317b000,
0x000001921317b800, 0x0000019213179000, 0x0000019213176000, 0x0000019213176800,
0x000001921317c800, 0x000001921317a000, 0x000001921317d000, 0x000001921317e000,
0x0000019213178800, 0x0000019213182000, 0x0000019213184000, 0x0000019213183000,
0x0000019213181800, 0x0000019213184800, 0x000001921317f000, 0x000001921317f800,
0x0000019213180800, 0x00000192179d8000, 0x00000192179d5800, 0x00000192179d5000,
0x00000192179d2800, 0x00000192179d6800, 0x00000192179d7800, 0x00000192179d9000,
0x00000192179d4000, 0x00000192179d3800, 0x00000192179dd000, 0x00000192179de000,
0x00000192179de800, 0x00000192179db800, 0x00000192179da000, 0x00000192179df800,
0x00000192179e0800, 0x00000192179da800, 0x00000192179dc800, 0x00000192179e1000,
0x0000019211e56000, 0x0000019211e56800, 0x0000019211e54800, 0x0000019211e58800,
0x0000019211e55000, 0x0000019211e57800, 0x0000019211e59000
}

Java Threads: ( => current thread )
  0x0000019273bd0800 JavaThread "main" [_thread_blocked, id=2608, stack(0x000000595be00000,0x000000595bf00000)]
  0x000001927efc6000 JavaThread "Reference Handler" daemon [_thread_blocked, id=5996, stack(0x000000595c500000,0x000000595c600000)]
  0x000001927efc7000 JavaThread "Finalizer" daemon [_thread_blocked, id=6532, stack(0x000000595c600000,0x000000595c700000)]
  0x000001927efe1000 JavaThread "Signal Dispatcher" daemon [_thread_blocked, id=6432, stack(0x000000595c700000,0x000000595c800000)]
  0x000001927efe3000 JavaThread "Attach Listener" daemon [_thread_blocked, id=14788, stack(0x000000595c800000,0x000000595c900000)]
  0x000001927efe6800 JavaThread "Service Thread" daemon [_thread_blocked, id=6260, stack(0x000000595c900000,0x000000595ca00000)]
  0x000001927efed800 JavaThread "C2 CompilerThread0" daemon [_thread_blocked, id=7380, stack(0x000000595ca00000,0x000000595cb00000)]
  0x000001927f96a800 JavaThread "C1 CompilerThread0" daemon [_thread_blocked, id=4172, stack(0x000000595cb00000,0x000000595cc00000)]
  0x000001927f96b800 JavaThread "Sweeper thread" daemon [_thread_blocked, id=4192, stack(0x000000595cc00000,0x000000595cd00000)]
  0x000001927fad6800 JavaThread "Common-Cleaner" daemon [_thread_blocked, id=13972, stack(0x000000595cd00000,0x000000595ce00000)]
  0x00000192130d0000 JavaThread "Daemon health stats" [_thread_blocked, id=13368, stack(0x000000595d300000,0x000000595d400000)]
  0x0000019213646800 JavaThread "Incoming local TCP Connector on port 1357" [_thread_in_native, id=13064, stack(0x000000595cf00000,0x000000595d000000)]
  0x00000192126a0800 JavaThread "Daemon periodic checks" [_thread_blocked, id=12408, stack(0x000000595d200000,0x000000595d300000)]
  0x000001921207e800 JavaThread "Daemon" [_thread_blocked, id=10752, stack(0x000000595d400000,0x000000595d500000)]
  0x00000192119f1800 JavaThread "Handler for socket connection from /127.0.0.1:1357 to /127.0.0.1:1358" [_thread_in_native, id=14172, stack(0x000000595d500000,0x000000595d600000)]
  0x0000019211f08000 JavaThread "Cancel handler" [_thread_blocked, id=6632, stack(0x000000595d600000,0x000000595d700000)]
  0x00000192123b6800 JavaThread "Daemon worker" [_thread_blocked, id=14936, stack(0x000000595d700000,0x000000595d800000)]
  0x00000192128a5800 JavaThread "Asynchronous log dispatcher for DefaultDaemonConnection: socket connection from /127.0.0.1:1357 to /127.0.0.1:1358" [_thread_blocked, id=7836, stack(0x000000595d800000,0x000000595d900000)]
  0x00000192128a6800 JavaThread "Stdin handler" [_thread_blocked, id=15880, stack(0x000000595d900000,0x000000595da00000)]
  0x0000019212c21800 JavaThread "Daemon client event forwarder" [_thread_blocked, id=4168, stack(0x000000595da00000,0x000000595db00000)]
  0x0000019212c23000 JavaThread "Cache worker for journal cache (C:\Users\OmarTaha\.gradle\caches\journal-1)" [_thread_blocked, id=15420, stack(0x000000595e000000,0x000000595e100000)]
  0x0000019212c22000 JavaThread "File lock request listener" [_thread_in_native, id=15464, stack(0x000000595e100000,0x000000595e200000)]
  0x0000019212c24000 JavaThread "Cache worker for file hash cache (C:\Users\OmarTaha\.gradle\caches\7.1-rc-1\fileHashes)" [_thread_blocked, id=3760, stack(0x000000595e200000,0x000000595e300000)]
  0x00000192112f0800 JavaThread "C2 CompilerThread1" daemon [_thread_blocked, id=2356, stack(0x000000595e400000,0x000000595e500000)]
  0x00000192139a5000 JavaThread "Cache worker for file hash cache (C:\Users\OmarTaha\AndroidStudioProjects\GMS\.gradle\7.1-rc-1\fileHashes)" [_thread_blocked, id=7992, stack(0x000000595e500000,0x000000595e600000)]
  0x00000192139a2000 JavaThread "File watcher server" daemon [_thread_in_native, id=15804, stack(0x000000595e600000,0x000000595e700000)]
  0x00000192139a4800 JavaThread "File watcher consumer" daemon [_thread_blocked, id=11096, stack(0x000000595e700000,0x000000595e800000)]
  0x00000192139a2800 JavaThread "jar transforms" [_thread_blocked, id=4356, stack(0x000000595e800000,0x000000595e900000)]
  0x00000192139a0800 JavaThread "jar transforms Thread 2" [_thread_blocked, id=2592, stack(0x000000595e900000,0x000000595ea00000)]
  0x00000192139a3800 JavaThread "jar transforms Thread 3" [_thread_blocked, id=8408, stack(0x000000595ea00000,0x000000595eb00000)]
  0x00000192139a6000 JavaThread "jar transforms Thread 4" [_thread_blocked, id=13252, stack(0x000000595eb00000,0x000000595ec00000)]
  0x00000192139a7000 JavaThread "jar transforms Thread 5" [_thread_blocked, id=872, stack(0x000000595ec00000,0x000000595ed00000)]
  0x00000192139a1000 JavaThread "jar transforms Thread 6" [_thread_blocked, id=6024, stack(0x000000595ed00000,0x000000595ee00000)]
  0x00000192139aa000 JavaThread "jar transforms Thread 7" [_thread_blocked, id=11700, stack(0x000000595ee00000,0x000000595ef00000)]
  0x00000192139ab000 JavaThread "jar transforms Thread 8" [_thread_blocked, id=11740, stack(0x000000595ef00000,0x000000595f000000)]
  0x0000019213643800 JavaThread "C2 CompilerThread2" daemon [_thread_blocked, id=16072, stack(0x000000595f000000,0x000000595f100000)]
  0x00000192139ab800 JavaThread "Cache worker for checksums cache (C:\Users\OmarTaha\AndroidStudioProjects\GMS\.gradle\checksums)" [_thread_blocked, id=2304, stack(0x000000595f100000,0x000000595f200000)]
  0x00000192139ac800 JavaThread "Cache worker for cache directory md-supplier (C:\Users\OmarTaha\.gradle\caches\7.1-rc-1\md-supplier)" [_thread_blocked, id=16160, stack(0x000000595f200000,0x000000595f300000)]
  0x00000192139a9800 JavaThread "Cache worker for cache directory md-rule (C:\Users\OmarTaha\.gradle\caches\7.1-rc-1\md-rule)" [_thread_blocked, id=9196, stack(0x000000595f300000,0x000000595f400000)]
  0x00000192139ad800 JavaThread "Cache worker for execution history cache (C:\Users\OmarTaha\.gradle\caches\7.1-rc-1\executionHistory)" [_thread_blocked, id=8128, stack(0x000000595f400000,0x000000595f500000)]
  0x00000192139ae000 JavaThread "Cache worker for file content cache (C:\Users\OmarTaha\.gradle\caches\7.1-rc-1\fileContent)" [_thread_blocked, id=12868, stack(0x000000595f500000,0x000000595f600000)]
  0x00000192167fa000 JavaThread "Cache worker for dependencies-accessors (C:\Users\OmarTaha\AndroidStudioProjects\GMS\.gradle\7.1-rc-1\dependencies-accessors)" [_thread_blocked, id=13904, stack(0x000000595f600000,0x000000595f700000)]
  0x00000192167fc000 JavaThread "Cache worker for Build Output Cleanup Cache (C:\Users\OmarTaha\AndroidStudioProjects\GMS\.gradle\buildOutputCleanup)" [_thread_blocked, id=12712, stack(0x000000595f700000,0x000000595f800000)]
  0x00000192167fd000 JavaThread "Unconstrained build operations" [_thread_blocked, id=13896, stack(0x000000595f800000,0x000000595f900000)]
  0x00000192167f9000 JavaThread "Unconstrained build operations Thread 2" [_thread_blocked, id=3008, stack(0x000000595f900000,0x000000595fa00000)]
  0x00000192167fe800 JavaThread "Unconstrained build operations Thread 3" [_thread_blocked, id=9120, stack(0x000000595fa00000,0x000000595fb00000)]
  0x00000192167fe000 JavaThread "Unconstrained build operations Thread 4" [_thread_blocked, id=6980, stack(0x000000595fb00000,0x000000595fc00000)]
  0x00000192167ff800 JavaThread "Unconstrained build operations Thread 5" [_thread_blocked, id=5936, stack(0x000000595fc00000,0x000000595fd00000)]
  0x00000192167fa800 JavaThread "Unconstrained build operations Thread 6" [_thread_blocked, id=1736, stack(0x000000595fd00000,0x000000595fe00000)]
  0x0000019216804800 JavaThread "Unconstrained build operations Thread 7" [_thread_blocked, id=9236, stack(0x000000595fe00000,0x000000595ff00000)]
  0x0000019216801000 JavaThread "Unconstrained build operations Thread 8" [_thread_blocked, id=14744, stack(0x000000595ff00000,0x0000005960000000)]
  0x0000019216802000 JavaThread "Unconstrained build operations Thread 9" [_thread_blocked, id=9088, stack(0x0000005960000000,0x0000005960100000)]
  0x0000019216805000 JavaThread "Unconstrained build operations Thread 10" [_thread_blocked, id=2220, stack(0x0000005960100000,0x0000005960200000)]
  0x0000019216806000 JavaThread "Unconstrained build operations Thread 11" [_thread_blocked, id=11596, stack(0x0000005960200000,0x0000005960300000)]
  0x0000019216803800 JavaThread "Unconstrained build operations Thread 12" [_thread_blocked, id=3464, stack(0x0000005960300000,0x0000005960400000)]
  0x0000019216802800 JavaThread "Unconstrained build operations Thread 13" [_thread_blocked, id=4840, stack(0x0000005960400000,0x0000005960500000)]
  0x0000019216800800 JavaThread "Unconstrained build operations Thread 14" [_thread_blocked, id=12456, stack(0x0000005960500000,0x0000005960600000)]
  0x0000019216807000 JavaThread "Unconstrained build operations Thread 15" [_thread_blocked, id=8792, stack(0x0000005960600000,0x0000005960700000)]
  0x0000019216807800 JavaThread "Unconstrained build operations Thread 16" [_thread_blocked, id=15120, stack(0x0000005960700000,0x0000005960800000)]
  0x000001921614c800 JavaThread "Unconstrained build operations Thread 17" [_thread_blocked, id=12308, stack(0x0000005960800000,0x0000005960900000)]
  0x000001921614b800 JavaThread "Unconstrained build operations Thread 18" [_thread_blocked, id=7352, stack(0x0000005960900000,0x0000005960a00000)]
  0x000001921614d000 JavaThread "Unconstrained build operations Thread 19" [_thread_blocked, id=3820, stack(0x0000005960a00000,0x0000005960b00000)]
  0x0000019216149000 JavaThread "Unconstrained build operations Thread 20" [_thread_blocked, id=5388, stack(0x0000005960b00000,0x0000005960c00000)]
  0x000001921614a000 JavaThread "Unconstrained build operations Thread 21" [_thread_blocked, id=2912, stack(0x0000005960c00000,0x0000005960d00000)]
  0x000001921614e000 JavaThread "Unconstrained build operations Thread 22" [_thread_blocked, id=15952, stack(0x0000005960d00000,0x0000005960e00000)]
  0x0000019216148800 JavaThread "Unconstrained build operations Thread 23" [_thread_blocked, id=9060, stack(0x0000005960e00000,0x0000005960f00000)]
  0x000001921614f800 JavaThread "Unconstrained build operations Thread 24" [_thread_blocked, id=13048, stack(0x0000005960f00000,0x0000005961000000)]
  0x000001921614f000 JavaThread "Unconstrained build operations Thread 25" [_thread_blocked, id=12624, stack(0x0000005961000000,0x0000005961100000)]
  0x0000019216150800 JavaThread "Unconstrained build operations Thread 26" [_thread_blocked, id=9112, stack(0x0000005961100000,0x0000005961200000)]
  0x000001921614a800 JavaThread "Unconstrained build operations Thread 27" [_thread_blocked, id=16012, stack(0x0000005961200000,0x0000005961300000)]
  0x0000019216152000 JavaThread "Unconstrained build operations Thread 28" [_thread_blocked, id=4824, stack(0x0000005961300000,0x0000005961400000)]
  0x0000019216156000 JavaThread "Unconstrained build operations Thread 29" [_thread_blocked, id=11424, stack(0x0000005961400000,0x0000005961500000)]
  0x0000019216151000 JavaThread "Unconstrained build operations Thread 30" [_thread_blocked, id=15840, stack(0x0000005961500000,0x0000005961600000)]
  0x0000019216155800 JavaThread "Unconstrained build operations Thread 31" [_thread_blocked, id=13532, stack(0x0000005961600000,0x0000005961700000)]
  0x0000019216157000 JavaThread "Unconstrained build operations Thread 32" [_thread_blocked, id=8236, stack(0x0000005961700000,0x0000005961800000)]
  0x0000019216153000 JavaThread "Unconstrained build operations Thread 33" [_thread_blocked, id=8000, stack(0x0000005961800000,0x0000005961900000)]
  0x0000019216153800 JavaThread "Unconstrained build operations Thread 34" [_thread_blocked, id=11812, stack(0x0000005961900000,0x0000005961a00000)]
  0x0000019216154800 JavaThread "Unconstrained build operations Thread 35" [_thread_blocked, id=7248, stack(0x0000005961a00000,0x0000005961b00000)]
  0x0000019213177800 JavaThread "Unconstrained build operations Thread 36" [_thread_blocked, id=11684, stack(0x0000005961b00000,0x0000005961c00000)]
  0x000001921317b000 JavaThread "Unconstrained build operations Thread 37" [_thread_blocked, id=3476, stack(0x0000005961c00000,0x0000005961d00000)]
  0x000001921317b800 JavaThread "Unconstrained build operations Thread 38" [_thread_blocked, id=14208, stack(0x0000005961d00000,0x0000005961e00000)]
  0x0000019213179000 JavaThread "Unconstrained build operations Thread 39" [_thread_blocked, id=2424, stack(0x0000005961e00000,0x0000005961f00000)]
  0x0000019213176000 JavaThread "Unconstrained build operations Thread 40" [_thread_blocked, id=7884, stack(0x0000005961f00000,0x0000005962000000)]
  0x0000019213176800 JavaThread "Unconstrained build operations Thread 41" [_thread_blocked, id=8564, stack(0x0000005962000000,0x0000005962100000)]
  0x000001921317c800 JavaThread "Unconstrained build operations Thread 42" [_thread_blocked, id=4816, stack(0x0000005962100000,0x0000005962200000)]
  0x000001921317a000 JavaThread "Unconstrained build operations Thread 43" [_thread_blocked, id=7976, stack(0x0000005962200000,0x0000005962300000)]
  0x000001921317d000 JavaThread "Unconstrained build operations Thread 44" [_thread_blocked, id=2884, stack(0x0000005962300000,0x0000005962400000)]
  0x000001921317e000 JavaThread "Unconstrained build operations Thread 45" [_thread_blocked, id=14376, stack(0x0000005962400000,0x0000005962500000)]
  0x0000019213178800 JavaThread "Unconstrained build operations Thread 46" [_thread_blocked, id=11384, stack(0x0000005962500000,0x0000005962600000)]
  0x0000019213182000 JavaThread "Unconstrained build operations Thread 47" [_thread_blocked, id=16140, stack(0x0000005962600000,0x0000005962700000)]
  0x0000019213184000 JavaThread "Unconstrained build operations Thread 48" [_thread_blocked, id=15744, stack(0x0000005962700000,0x0000005962800000)]
  0x0000019213183000 JavaThread "Unconstrained build operations Thread 49" [_thread_blocked, id=7528, stack(0x0000005962800000,0x0000005962900000)]
  0x0000019213181800 JavaThread "Unconstrained build operations Thread 50" [_thread_blocked, id=8608, stack(0x0000005962900000,0x0000005962a00000)]
  0x0000019213184800 JavaThread "Unconstrained build operations Thread 51" [_thread_blocked, id=6516, stack(0x0000005962a00000,0x0000005962b00000)]
  0x000001921317f000 JavaThread "Unconstrained build operations Thread 52" [_thread_blocked, id=7484, stack(0x0000005962b00000,0x0000005962c00000)]
  0x000001921317f800 JavaThread "Unconstrained build operations Thread 53" [_thread_blocked, id=11380, stack(0x0000005962c00000,0x0000005962d00000)]
  0x0000019213180800 JavaThread "Unconstrained build operations Thread 54" [_thread_blocked, id=1844, stack(0x0000005962d00000,0x0000005962e00000)]
  0x00000192179d8000 JavaThread "Unconstrained build operations Thread 55" [_thread_blocked, id=13124, stack(0x0000005962e00000,0x0000005962f00000)]
  0x00000192179d5800 JavaThread "Unconstrained build operations Thread 56" [_thread_blocked, id=10928, stack(0x0000005962f00000,0x0000005963000000)]
  0x00000192179d5000 JavaThread "Unconstrained build operations Thread 57" [_thread_blocked, id=648, stack(0x0000005963000000,0x0000005963100000)]
  0x00000192179d2800 JavaThread "Unconstrained build operations Thread 58" [_thread_blocked, id=6860, stack(0x0000005963100000,0x0000005963200000)]
  0x00000192179d6800 JavaThread "Unconstrained build operations Thread 59" [_thread_blocked, id=14124, stack(0x0000005963200000,0x0000005963300000)]
  0x00000192179d7800 JavaThread "Unconstrained build operations Thread 60" [_thread_blocked, id=14084, stack(0x0000005963300000,0x0000005963400000)]
  0x00000192179d9000 JavaThread "Unconstrained build operations Thread 61" [_thread_blocked, id=14296, stack(0x0000005963400000,0x0000005963500000)]
  0x00000192179d4000 JavaThread "Unconstrained build operations Thread 62" [_thread_blocked, id=6616, stack(0x0000005963500000,0x0000005963600000)]
  0x00000192179d3800 JavaThread "Unconstrained build operations Thread 63" [_thread_blocked, id=12200, stack(0x0000005963600000,0x0000005963700000)]
  0x00000192179dd000 JavaThread "Unconstrained build operations Thread 64" [_thread_blocked, id=16284, stack(0x0000005963700000,0x0000005963800000)]
  0x00000192179de000 JavaThread "Unconstrained build operations Thread 65" [_thread_blocked, id=11360, stack(0x0000005963800000,0x0000005963900000)]
  0x00000192179de800 JavaThread "Unconstrained build operations Thread 66" [_thread_blocked, id=10916, stack(0x0000005963900000,0x0000005963a00000)]
  0x00000192179db800 JavaThread "Unconstrained build operations Thread 67" [_thread_blocked, id=12284, stack(0x0000005963a00000,0x0000005963b00000)]
  0x00000192179da000 JavaThread "Unconstrained build operations Thread 68" [_thread_blocked, id=13884, stack(0x0000005963b00000,0x0000005963c00000)]
  0x00000192179df800 JavaThread "Unconstrained build operations Thread 69" [_thread_blocked, id=15972, stack(0x0000005963c00000,0x0000005963d00000)]
  0x00000192179e0800 JavaThread "Unconstrained build operations Thread 70" [_thread_blocked, id=4408, stack(0x0000005963d00000,0x0000005963e00000)]
  0x00000192179da800 JavaThread "Unconstrained build operations Thread 71" [_thread_blocked, id=15656, stack(0x0000005963e00000,0x0000005963f00000)]
  0x00000192179dc800 JavaThread "Unconstrained build operations Thread 72" [_thread_blocked, id=14292, stack(0x0000005963f00000,0x0000005964000000)]
  0x00000192179e1000 JavaThread "Unconstrained build operations Thread 73" [_thread_blocked, id=12512, stack(0x0000005964000000,0x0000005964100000)]
  0x0000019211e56000 JavaThread "Unconstrained build operations Thread 74" [_thread_blocked, id=15548, stack(0x0000005964100000,0x0000005964200000)]
  0x0000019211e56800 JavaThread "Unconstrained build operations Thread 75" [_thread_blocked, id=11956, stack(0x0000005964200000,0x0000005964300000)]
  0x0000019211e54800 JavaThread "Unconstrained build operations Thread 76" [_thread_blocked, id=13016, stack(0x0000005964300000,0x0000005964400000)]
  0x0000019211e58800 JavaThread "Unconstrained build operations Thread 77" [_thread_blocked, id=10604, stack(0x0000005964400000,0x0000005964500000)]
  0x0000019211e55000 JavaThread "Unconstrained build operations Thread 78" [_thread_blocked, id=7220, stack(0x0000005964500000,0x0000005964600000)]
  0x0000019211e57800 JavaThread "Unconstrained build operations Thread 79" [_thread_blocked, id=1044, stack(0x0000005964600000,0x0000005964700000)]
  0x0000019211e59000 JavaThread "Unconstrained build operations Thread 80" [_thread_blocked, id=13336, stack(0x0000005964700000,0x0000005964800000)]

Other Threads:
=>0x000001927efc2000 VMThread "VM Thread" [stack: 0x000000595c400000,0x000000595c500000] [id=2724]
  0x000001927fb14000 WatcherThread [stack: 0x000000595ce00000,0x000000595cf00000] [id=12172]
  0x0000019273bea000 GCTaskThread "GC Thread#0" [stack: 0x000000595bf00000,0x000000595c000000] [id=14140]
  0x0000019211bbc800 GCTaskThread "GC Thread#1" [stack: 0x000000595d000000,0x000000595d100000] [id=10336]
  0x00000192119d2000 GCTaskThread "GC Thread#2" [stack: 0x000000595d100000,0x000000595d200000] [id=8340]
  0x000001921123d000 GCTaskThread "GC Thread#3" [stack: 0x000000595db00000,0x000000595dc00000] [id=16084]
  0x0000019211238000 GCTaskThread "GC Thread#4" [stack: 0x000000595dc00000,0x000000595dd00000] [id=3024]
  0x0000019211238800 GCTaskThread "GC Thread#5" [stack: 0x000000595dd00000,0x000000595de00000] [id=13912]
  0x0000019211239000 GCTaskThread "GC Thread#6" [stack: 0x000000595de00000,0x000000595df00000] [id=14536]
  0x000001921123a000 GCTaskThread "GC Thread#7" [stack: 0x000000595df00000,0x000000595e000000] [id=12992]
  0x0000019273c1a800 ConcurrentGCThread "G1 Main Marker" [stack: 0x000000595c000000,0x000000595c100000] [id=11568]
  0x0000019273c1c000 ConcurrentGCThread "G1 Conc#0" [stack: 0x000000595c100000,0x000000595c200000] [id=13392]
  0x0000019213418000 ConcurrentGCThread "G1 Conc#1" [stack: 0x000000595e300000,0x000000595e400000] [id=15776]
  0x0000019273c9e800 ConcurrentGCThread "G1 Refine#0" [stack: 0x000000595c200000,0x000000595c300000] [id=13492]
  0x000001927ee10800 ConcurrentGCThread "G1 Young RemSet Sampling" [stack: 0x000000595c300000,0x000000595c400000] [id=15476]

Threads with active compile tasks:
C2 CompilerThread1  13128 6741       4       java.util.regex.Pattern::closure (365 bytes)

VM state:at safepoint (normal execution)

VM Mutex/Monitor currently owned by a thread:  ([mutex/lock_event])
[0x0000019273bcd9f0] Threads_lock - owner thread: 0x000001927efc2000
[0x0000019273bce020] Heap_lock - owner thread: 0x00000192123b6800

Heap address: 0x0000000080000000, size: 2048 MB, Compressed Oops mode: 32-bit
Narrow klass base: 0x0000000000000000, Narrow klass shift: 3
Compressed class space size: 1073741824 Address: 0x0000000100000000

Heap:
 garbage-first heap   total 155648K, used 74703K [0x0000000080000000, 0x0000000100000000)
  region size 1024K, 3 young (3072K), 3 survivors (3072K)
 Metaspace       used 56887K, capacity 58667K, committed 58880K, reserved 1099776K
  class space    used 7316K, capacity 7884K, committed 7936K, reserved 1048576K
Heap Regions: E=young(eden), S=young(survivor), O=old, HS=humongous(starts), HC=humongous(continues), CS=collection set, F=free, A=archive, TAMS=top-at-mark-start (previous, next)
|   0|0x0000000080000000, 0x0000000080100000, 0x0000000080100000|100%| O|  |TAMS 0x0000000080100000, 0x0000000080000000| Untracked 
|   1|0x0000000080100000, 0x0000000080200000, 0x0000000080200000|100%| O|  |TAMS 0x0000000080200000, 0x0000000080100000| Untracked 
|   2|0x0000000080200000, 0x0000000080300000, 0x0000000080300000|100%| O|  |TAMS 0x0000000080300000, 0x0000000080200000| Untracked 
|   3|0x0000000080300000, 0x0000000080400000, 0x0000000080400000|100%|HS|  |TAMS 0x0000000080400000, 0x0000000080300000| Complete 
|   4|0x0000000080400000, 0x0000000080500000, 0x0000000080500000|100%|HC|  |TAMS 0x0000000080500000, 0x0000000080400000| Complete 
|   5|0x0000000080500000, 0x0000000080600000, 0x0000000080600000|100%|HC|  |TAMS 0x0000000080600000, 0x0000000080500000| Complete 
|   6|0x0000000080600000, 0x0000000080700000, 0x0000000080700000|100%| O|  |TAMS 0x0000000080700000, 0x0000000080600000| Untracked 
|   7|0x0000000080700000, 0x0000000080800000, 0x0000000080800000|100%| O|  |TAMS 0x0000000080800000, 0x0000000080700000| Untracked 
|   8|0x0000000080800000, 0x0000000080900000, 0x0000000080900000|100%| O|  |TAMS 0x0000000080900000, 0x0000000080800000| Untracked 
|   9|0x0000000080900000, 0x0000000080a00000, 0x0000000080a00000|100%| O|  |TAMS 0x0000000080a00000, 0x0000000080900000| Untracked 
|  10|0x0000000080a00000, 0x0000000080b00000, 0x0000000080b00000|100%| O|  |TAMS 0x0000000080b00000, 0x0000000080a00000| Untracked 
|  11|0x0000000080b00000, 0x0000000080c00000, 0x0000000080c00000|100%| O|  |TAMS 0x0000000080c00000, 0x0000000080b00000| Untracked 
|  12|0x0000000080c00000, 0x0000000080d00000, 0x0000000080d00000|100%| O|  |TAMS 0x0000000080d00000, 0x0000000080c00000| Untracked 
|  13|0x0000000080d00000, 0x0000000080e00000, 0x0000000080e00000|100%| O|  |TAMS 0x0000000080e00000, 0x0000000080d00000| Untracked 
|  14|0x0000000080e00000, 0x0000000080f00000, 0x0000000080f00000|100%| O|  |TAMS 0x0000000080f00000, 0x0000000080e00000| Untracked 
|  15|0x0000000080f00000, 0x0000000081000000, 0x0000000081000000|100%| O|  |TAMS 0x0000000081000000, 0x0000000080f00000| Untracked 
|  16|0x0000000081000000, 0x0000000081100000, 0x0000000081100000|100%|HS|  |TAMS 0x0000000081100000, 0x0000000081000000| Complete 
|  17|0x0000000081100000, 0x0000000081200000, 0x0000000081200000|100%|HC|  |TAMS 0x0000000081200000, 0x0000000081100000| Complete 
|  18|0x0000000081200000, 0x0000000081300000, 0x0000000081300000|100%|HS|  |TAMS 0x0000000081300000, 0x0000000081200000| Complete 
|  19|0x0000000081300000, 0x0000000081400000, 0x0000000081400000|100%|HC|  |TAMS 0x0000000081400000, 0x0000000081300000| Complete 
|  20|0x0000000081400000, 0x0000000081500000, 0x0000000081500000|100%|HC|  |TAMS 0x0000000081500000, 0x0000000081400000| Complete 
|  21|0x0000000081500000, 0x0000000081600000, 0x0000000081600000|100%|HS|  |TAMS 0x0000000081600000, 0x0000000081500000| Complete 
|  22|0x0000000081600000, 0x0000000081700000, 0x0000000081700000|100%|HC|  |TAMS 0x0000000081700000, 0x0000000081600000| Complete 
|  23|0x0000000081700000, 0x0000000081800000, 0x0000000081800000|100%|HC|  |TAMS 0x0000000081800000, 0x0000000081700000| Complete 
|  24|0x0000000081800000, 0x0000000081900000, 0x0000000081900000|100%|HC|  |TAMS 0x0000000081900000, 0x0000000081800000| Complete 
|  25|0x0000000081900000, 0x0000000081a00000, 0x0000000081a00000|100%|HC|  |TAMS 0x0000000081a00000, 0x0000000081900000| Complete 
|  26|0x0000000081a00000, 0x0000000081b00000, 0x0000000081b00000|100%| O|  |TAMS 0x0000000081b00000, 0x0000000081a00000| Untracked 
|  27|0x0000000081b00000, 0x0000000081c00000, 0x0000000081c00000|100%| O|  |TAMS 0x0000000081c00000, 0x0000000081b00000| Untracked 
|  28|0x0000000081c00000, 0x0000000081d00000, 0x0000000081d00000|100%| O|  |TAMS 0x0000000081d00000, 0x0000000081c00000| Untracked 
|  29|0x0000000081d00000, 0x0000000081e00000, 0x0000000081e00000|100%| O|  |TAMS 0x0000000081e00000, 0x0000000081d00000| Untracked 
|  30|0x0000000081e00000, 0x0000000081f00000, 0x0000000081f00000|100%| O|  |TAMS 0x0000000081f00000, 0x0000000081e00000| Untracked 
|  31|0x0000000081f00000, 0x0000000082000000, 0x0000000082000000|100%| O|  |TAMS 0x0000000082000000, 0x0000000081f00000| Untracked 
|  32|0x0000000082000000, 0x0000000082100000, 0x0000000082100000|100%| O|  |TAMS 0x0000000082100000, 0x0000000082000000| Untracked 
|  33|0x0000000082100000, 0x0000000082200000, 0x0000000082200000|100%| O|  |TAMS 0x0000000082200000, 0x0000000082100000| Untracked 
|  34|0x0000000082200000, 0x0000000082300000, 0x0000000082300000|100%| O|  |TAMS 0x0000000082300000, 0x0000000082200000| Untracked 
|  35|0x0000000082300000, 0x0000000082400000, 0x0000000082400000|100%| O|  |TAMS 0x0000000082400000, 0x0000000082300000| Untracked 
|  36|0x0000000082400000, 0x0000000082500000, 0x0000000082500000|100%| O|  |TAMS 0x0000000082500000, 0x0000000082400000| Untracked 
|  37|0x0000000082500000, 0x0000000082600000, 0x0000000082600000|100%| O|  |TAMS 0x0000000082600000, 0x0000000082500000| Untracked 
|  38|0x0000000082600000, 0x0000000082700000, 0x0000000082700000|100%|HS|  |TAMS 0x0000000082700000, 0x0000000082600000| Complete 
|  39|0x0000000082700000, 0x0000000082800000, 0x0000000082800000|100%|HC|  |TAMS 0x0000000082800000, 0x0000000082700000| Complete 
|  40|0x0000000082800000, 0x0000000082900000, 0x0000000082900000|100%|HC|  |TAMS 0x0000000082900000, 0x0000000082800000| Complete 
|  41|0x0000000082900000, 0x0000000082a00000, 0x0000000082a00000|100%|HC|  |TAMS 0x0000000082a00000, 0x0000000082900000| Complete 
|  42|0x0000000082a00000, 0x0000000082b00000, 0x0000000082b00000|100%|HC|  |TAMS 0x0000000082b00000, 0x0000000082a00000| Complete 
|  43|0x0000000082b00000, 0x0000000082c00000, 0x0000000082c00000|100%| O|  |TAMS 0x0000000082c00000, 0x0000000082b00000| Untracked 
|  44|0x0000000082c00000, 0x0000000082d00000, 0x0000000082d00000|100%| O|  |TAMS 0x0000000082d00000, 0x0000000082c00000| Untracked 
|  45|0x0000000082d00000, 0x0000000082e00000, 0x0000000082e00000|100%| O|  |TAMS 0x0000000082e00000, 0x0000000082d00000| Untracked 
|  46|0x0000000082e00000, 0x0000000082f00000, 0x0000000082f00000|100%| O|  |TAMS 0x0000000082f00000, 0x0000000082e00000| Untracked 
|  47|0x0000000082f00000, 0x0000000083000000, 0x0000000083000000|100%|HS|  |TAMS 0x0000000083000000, 0x0000000082f00000| Complete 
|  48|0x0000000083000000, 0x0000000083100000, 0x0000000083100000|100%|HC|  |TAMS 0x0000000083100000, 0x0000000083000000| Complete 
|  49|0x0000000083100000, 0x0000000083200000, 0x0000000083200000|100%|HC|  |TAMS 0x0000000083200000, 0x0000000083100000| Complete 
|  50|0x0000000083200000, 0x0000000083300000, 0x0000000083300000|100%| O|  |TAMS 0x0000000083300000, 0x0000000083200000| Untracked 
|  51|0x0000000083300000, 0x0000000083400000, 0x0000000083400000|100%| O|  |TAMS 0x0000000083400000, 0x0000000083300000| Untracked 
|  52|0x0000000083400000, 0x0000000083500000, 0x0000000083500000|100%| O|  |TAMS 0x0000000083500000, 0x0000000083400000| Untracked 
|  53|0x0000000083500000, 0x0000000083600000, 0x0000000083600000|100%| O|  |TAMS 0x0000000083600000, 0x0000000083500000| Untracked 
|  54|0x0000000083600000, 0x0000000083700000, 0x0000000083700000|100%| O|  |TAMS 0x0000000083700000, 0x0000000083600000| Untracked 
|  55|0x0000000083700000, 0x0000000083800000, 0x0000000083800000|100%| O|  |TAMS 0x0000000083800000, 0x0000000083700000| Untracked 
|  56|0x0000000083800000, 0x0000000083900000, 0x0000000083900000|100%|HS|  |TAMS 0x0000000083900000, 0x0000000083800000| Complete 
|  57|0x0000000083900000, 0x0000000083a00000, 0x0000000083a00000|100%| O|  |TAMS 0x0000000083a00000, 0x0000000083900000| Untracked 
|  58|0x0000000083a00000, 0x0000000083b00000, 0x0000000083b00000|100%| O|  |TAMS 0x0000000083b00000, 0x0000000083a00000| Untracked 
|  59|0x0000000083b00000, 0x0000000083c00000, 0x0000000083c00000|100%| O|  |TAMS 0x0000000083c00000, 0x0000000083b00000| Untracked 
|  60|0x0000000083c00000, 0x0000000083d00000, 0x0000000083d00000|100%|HS|  |TAMS 0x0000000083d00000, 0x0000000083c00000| Complete 
|  61|0x0000000083d00000, 0x0000000083e00000, 0x0000000083e00000|100%| O|  |TAMS 0x0000000083e00000, 0x0000000083d00000| Untracked 
|  62|0x0000000083e00000, 0x0000000083f00000, 0x0000000083f00000|100%| O|  |TAMS 0x0000000083ebb600, 0x0000000083e00000| Untracked 
|  63|0x0000000083f00000, 0x0000000084000000, 0x0000000084000000|100%|HS|  |TAMS 0x0000000083f00000, 0x0000000083f00000| Complete 
|  64|0x0000000084000000, 0x0000000084100000, 0x0000000084100000|100%|HC|  |TAMS 0x0000000084000000, 0x0000000084000000| Complete 
|  65|0x0000000084100000, 0x0000000084200000, 0x0000000084200000|100%| O|  |TAMS 0x0000000084100000, 0x0000000084100000| Untracked 
|  66|0x0000000084200000, 0x0000000084300000, 0x0000000084300000|100%| O|  |TAMS 0x0000000084200000, 0x0000000084200000| Untracked 
|  67|0x0000000084300000, 0x0000000084400000, 0x0000000084400000|100%| O|  |TAMS 0x0000000084300000, 0x0000000084300000| Untracked 
|  68|0x0000000084400000, 0x0000000084500000, 0x0000000084500000|100%| O|  |TAMS 0x0000000084400000, 0x0000000084400000| Untracked 
|  69|0x0000000084500000, 0x0000000084600000, 0x0000000084600000|100%| O|  |TAMS 0x0000000084500000, 0x0000000084500000| Untracked 
|  70|0x0000000084600000, 0x0000000084684600, 0x0000000084700000| 51%| O|  |TAMS 0x0000000084600000, 0x0000000084600000| Untracked 
|  71|0x0000000084700000, 0x0000000084700000, 0x0000000084800000|  0%| F|  |TAMS 0x0000000084700000, 0x0000000084700000| Untracked 
|  72|0x0000000084800000, 0x0000000084800000, 0x0000000084900000|  0%| F|  |TAMS 0x0000000084800000, 0x0000000084800000| Untracked 
|  73|0x0000000084900000, 0x0000000084900000, 0x0000000084a00000|  0%| F|  |TAMS 0x0000000084900000, 0x0000000084900000| Untracked 
|  74|0x0000000084a00000, 0x0000000084a00000, 0x0000000084b00000|  0%| F|  |TAMS 0x0000000084a00000, 0x0000000084a00000| Untracked 
|  75|0x0000000084b00000, 0x0000000084b00000, 0x0000000084c00000|  0%| F|  |TAMS 0x0000000084b00000, 0x0000000084b00000| Untracked 
|  76|0x0000000084c00000, 0x0000000084c00000, 0x0000000084d00000|  0%| F|  |TAMS 0x0000000084c00000, 0x0000000084c00000| Untracked 
|  77|0x0000000084d00000, 0x0000000084d00000, 0x0000000084e00000|  0%| F|  |TAMS 0x0000000084d00000, 0x0000000084d00000| Untracked 
|  78|0x0000000084e00000, 0x0000000084e00000, 0x0000000084f00000|  0%| F|  |TAMS 0x0000000084e00000, 0x0000000084e00000| Untracked 
|  79|0x0000000084f00000, 0x0000000084f00000, 0x0000000085000000|  0%| F|  |TAMS 0x0000000084f00000, 0x0000000084f00000| Untracked 
|  80|0x0000000085000000, 0x0000000085000000, 0x0000000085100000|  0%| F|  |TAMS 0x0000000085000000, 0x0000000085000000| Untracked 
|  81|0x0000000085100000, 0x0000000085100000, 0x0000000085200000|  0%| F|  |TAMS 0x0000000085100000, 0x0000000085100000| Untracked 
|  82|0x0000000085200000, 0x0000000085200000, 0x0000000085300000|  0%| F|  |TAMS 0x0000000085200000, 0x0000000085200000| Untracked 
|  83|0x0000000085300000, 0x0000000085300000, 0x0000000085400000|  0%| F|  |TAMS 0x0000000085300000, 0x0000000085300000| Untracked 
|  84|0x0000000085400000, 0x0000000085400000, 0x0000000085500000|  0%| F|  |TAMS 0x0000000085400000, 0x0000000085400000| Untracked 
|  85|0x0000000085500000, 0x0000000085500000, 0x0000000085600000|  0%| F|  |TAMS 0x0000000085500000, 0x0000000085500000| Untracked 
|  86|0x0000000085600000, 0x0000000085600000, 0x0000000085700000|  0%| F|  |TAMS 0x0000000085600000, 0x0000000085600000| Untracked 
|  87|0x0000000085700000, 0x0000000085700000, 0x0000000085800000|  0%| F|  |TAMS 0x0000000085700000, 0x0000000085700000| Untracked 
|  88|0x0000000085800000, 0x0000000085800000, 0x0000000085900000|  0%| F|  |TAMS 0x0000000085800000, 0x0000000085800000| Untracked 
|  89|0x0000000085900000, 0x0000000085900000, 0x0000000085a00000|  0%| F|  |TAMS 0x0000000085900000, 0x0000000085900000| Untracked 
|  90|0x0000000085a00000, 0x0000000085a00000, 0x0000000085b00000|  0%| F|  |TAMS 0x0000000085a00000, 0x0000000085a00000| Untracked 
|  91|0x0000000085b00000, 0x0000000085b00000, 0x0000000085c00000|  0%| F|  |TAMS 0x0000000085b00000, 0x0000000085b00000| Untracked 
|  92|0x0000000085c00000, 0x0000000085c6f780, 0x0000000085d00000| 43%| S|CS|TAMS 0x0000000085c00000, 0x0000000085c00000| Complete 
|  93|0x0000000085d00000, 0x0000000085e00000, 0x0000000085e00000|100%| S|CS|TAMS 0x0000000085d00000, 0x0000000085d00000| Complete 
|  94|0x0000000085e00000, 0x0000000085f00000, 0x0000000085f00000|100%| S|CS|TAMS 0x0000000085e00000, 0x0000000085e00000| Complete 
|  95|0x0000000085f00000, 0x0000000085f00000, 0x0000000086000000|  0%| F|  |TAMS 0x0000000085f00000, 0x0000000085f00000| Untracked 
|  96|0x0000000086000000, 0x0000000086000000, 0x0000000086100000|  0%| F|  |TAMS 0x0000000086000000, 0x0000000086000000| Untracked 
|  97|0x0000000086100000, 0x0000000086100000, 0x0000000086200000|  0%| F|  |TAMS 0x0000000086100000, 0x0000000086100000| Untracked 
|  98|0x0000000086200000, 0x0000000086200000, 0x0000000086300000|  0%| F|  |TAMS 0x0000000086200000, 0x0000000086200000| Untracked 
|  99|0x0000000086300000, 0x0000000086300000, 0x0000000086400000|  0%| F|  |TAMS 0x0000000086300000, 0x0000000086300000| Untracked 
| 100|0x0000000086400000, 0x0000000086400000, 0x0000000086500000|  0%| F|  |TAMS 0x0000000086400000, 0x0000000086400000| Untracked 
| 101|0x0000000086500000, 0x0000000086500000, 0x0000000086600000|  0%| F|  |TAMS 0x0000000086500000, 0x0000000086500000| Untracked 
| 102|0x0000000086600000, 0x0000000086600000, 0x0000000086700000|  0%| F|  |TAMS 0x0000000086600000, 0x0000000086600000| Untracked 
| 103|0x0000000086700000, 0x0000000086700000, 0x0000000086800000|  0%| F|  |TAMS 0x0000000086700000, 0x0000000086700000| Untracked 
| 104|0x0000000086800000, 0x0000000086800000, 0x0000000086900000|  0%| F|  |TAMS 0x0000000086800000, 0x0000000086800000| Untracked 
| 105|0x0000000086900000, 0x0000000086900000, 0x0000000086a00000|  0%| F|  |TAMS 0x0000000086900000, 0x0000000086900000| Untracked 
| 106|0x0000000086a00000, 0x0000000086a00000, 0x0000000086b00000|  0%| F|  |TAMS 0x0000000086a00000, 0x0000000086a00000| Untracked 
| 107|0x0000000086b00000, 0x0000000086b00000, 0x0000000086c00000|  0%| F|  |TAMS 0x0000000086b00000, 0x0000000086b00000| Untracked 
| 108|0x0000000086c00000, 0x0000000086c00000, 0x0000000086d00000|  0%| F|  |TAMS 0x0000000086c00000, 0x0000000086c00000| Untracked 
| 109|0x0000000086d00000, 0x0000000086d00000, 0x0000000086e00000|  0%| F|  |TAMS 0x0000000086d00000, 0x0000000086d00000| Untracked 
| 110|0x0000000086e00000, 0x0000000086e00000, 0x0000000086f00000|  0%| F|  |TAMS 0x0000000086e00000, 0x0000000086e00000| Untracked 
| 111|0x0000000086f00000, 0x0000000086f00000, 0x0000000087000000|  0%| F|  |TAMS 0x0000000086f00000, 0x0000000086f00000| Untracked 
| 112|0x0000000087000000, 0x0000000087000000, 0x0000000087100000|  0%| F|  |TAMS 0x0000000087000000, 0x0000000087000000| Untracked 
| 113|0x0000000087100000, 0x0000000087100000, 0x0000000087200000|  0%| F|  |TAMS 0x0000000087100000, 0x0000000087100000| Untracked 
| 114|0x0000000087200000, 0x0000000087200000, 0x0000000087300000|  0%| F|  |TAMS 0x0000000087200000, 0x0000000087200000| Untracked 
| 115|0x0000000087300000, 0x0000000087300000, 0x0000000087400000|  0%| F|  |TAMS 0x0000000087300000, 0x0000000087300000| Untracked 
| 116|0x0000000087400000, 0x0000000087400000, 0x0000000087500000|  0%| F|  |TAMS 0x0000000087400000, 0x0000000087400000| Untracked 
| 117|0x0000000087500000, 0x0000000087500000, 0x0000000087600000|  0%| F|  |TAMS 0x0000000087500000, 0x0000000087500000| Untracked 
| 118|0x0000000087600000, 0x0000000087600000, 0x0000000087700000|  0%| F|  |TAMS 0x0000000087600000, 0x0000000087600000| Untracked 
| 119|0x0000000087700000, 0x0000000087700000, 0x0000000087800000|  0%| F|  |TAMS 0x0000000087700000, 0x0000000087700000| Untracked 
| 120|0x0000000087800000, 0x0000000087800000, 0x0000000087900000|  0%| F|  |TAMS 0x0000000087800000, 0x0000000087800000| Untracked 
| 121|0x0000000087900000, 0x0000000087900000, 0x0000000087a00000|  0%| F|  |TAMS 0x0000000087900000, 0x0000000087900000| Untracked 
| 122|0x0000000087a00000, 0x0000000087a00000, 0x0000000087b00000|  0%| F|  |TAMS 0x0000000087a00000, 0x0000000087a00000| Untracked 
| 123|0x0000000087b00000, 0x0000000087b00000, 0x0000000087c00000|  0%| F|  |TAMS 0x0000000087b00000, 0x0000000087b00000| Untracked 
| 124|0x0000000087c00000, 0x0000000087c00000, 0x0000000087d00000|  0%| F|  |TAMS 0x0000000087c00000, 0x0000000087c00000| Untracked 
| 125|0x0000000087d00000, 0x0000000087d00000, 0x0000000087e00000|  0%| F|  |TAMS 0x0000000087d00000, 0x0000000087d00000| Untracked 

Card table byte_map: [0x0000019279ce0000,0x000001927a0e0000] _byte_map_base: 0x00000192798e0000

Marking Bits (Prev, Next): (CMBitMap*) 0x0000019273c11d20, (CMBitMap*) 0x0000019273c11ce8
 Prev Bits: [0x000001927c4e0000, 0x000001927e4e0000)
 Next Bits: [0x000001927a4e0000, 0x000001927c4e0000)

Polling page: 0x0000019273940000

Metaspace:

Usage:
  Non-class:     49.59 MB capacity,    48.41 MB ( 98%) used,     1.03 MB (  2%) free+waste,   157.44 KB ( <1%) overhead. 
      Class:      7.70 MB capacity,     7.14 MB ( 93%) used,   492.72 KB (  6%) free+waste,    74.88 KB ( <1%) overhead. 
       Both:     57.29 MB capacity,    55.55 MB ( 97%) used,     1.51 MB (  3%) free+waste,   232.31 KB ( <1%) overhead. 

Virtual space:
  Non-class space:       50.00 MB reserved,      49.75 MB (>99%) committed 
      Class space:        1.00 GB reserved,       7.75 MB ( <1%) committed 
             Both:        1.05 GB reserved,      57.50 MB (  5%) committed 

Chunk freelists:
   Non-Class:  33.00 KB
       Class:  20.00 KB
        Both:  53.00 KB

MaxMetaspaceSize: 17179869184.00 GB
CompressedClassSpaceSize: 1.00 GB

CodeHeap 'non-profiled nmethods': size=120000Kb used=4023Kb max_used=4023Kb free=115976Kb
 bounds [0x0000019207ad0000, 0x0000019207ec0000, 0x000001920f000000]
CodeHeap 'profiled nmethods': size=120000Kb used=13717Kb max_used=13717Kb free=106283Kb
 bounds [0x00000192005a0000, 0x0000019201310000, 0x0000019207ad0000]
CodeHeap 'non-nmethods': size=5760Kb used=2233Kb max_used=2304Kb free=3526Kb
 bounds [0x0000019200000000, 0x0000019200270000, 0x00000192005a0000]
 total_blobs=7493 nmethods=6679 adapters=725
 compilation: enabled
              stopped_count=0, restarted_count=0
 full_count=0

Compilation events (20 events):
Event: 12.977 Thread 0x00000192112f0800 nmethod 6732 0x0000019207ebca10 code [0x0000019207ebcba0, 0x0000019207ebcc38]
Event: 12.982 Thread 0x000001927f96a800 6733       3       com.google.common.base.Equivalence$Equals::doEquivalent (6 bytes)
Event: 12.982 Thread 0x000001927f96a800 nmethod 6733 0x0000019201302990 code [0x0000019201302b40, 0x0000019201302d08]
Event: 12.984 Thread 0x000001927efed800 6734       4       com.google.common.collect.MapMakerInternalMap::rehash (49 bytes)
Event: 12.984 Thread 0x000001927efed800 nmethod 6734 0x0000019207ebcd10 code [0x0000019207ebcea0, 0x0000019207ebcf38]
Event: 12.991 Thread 0x000001927f96a800 6735       1       org.gradle.api.internal.collections.AbstractIterationOrderRetainingElementSource$Element::isRealized (5 bytes)
Event: 12.991 Thread 0x000001927f96a800 nmethod 6735 0x0000019207ebcf90 code [0x0000019207ebd140, 0x0000019207ebd1f8]
Event: 12.996 Thread 0x000001927f96a800 6736       3       java.util.jar.Manifest$FastInputStream::<init> (9 bytes)
Event: 12.996 Thread 0x000001927f96a800 nmethod 6736 0x0000019201302e10 code [0x0000019201302fe0, 0x00000192013033b8]
Event: 12.996 Thread 0x000001927f96a800 6737       3       java.util.jar.Manifest$FastInputStream::<init> (23 bytes)
Event: 12.996 Thread 0x000001927f96a800 nmethod 6737 0x0000019201303510 code [0x00000192013036e0, 0x0000019201303a58]
Event: 12.999 Thread 0x000001927f96a800 6738       3       java.net.URL::openConnection (9 bytes)
Event: 12.999 Thread 0x000001927f96a800 nmethod 6738 0x0000019201303b90 code [0x0000019201303d40, 0x0000019201303f08]
Event: 13.031 Thread 0x0000019213643800 6739       4       org.gradle.internal.reflect.PropertyAccessorType::of (95 bytes)
Event: 13.039 Thread 0x0000019213643800 nmethod 6739 0x0000019207ebd290 code [0x0000019207ebd460, 0x0000019207ebd858]
Event: 13.070 Thread 0x000001927f96a800 6740       3       java.util.Properties::load0 (249 bytes)
Event: 13.071 Thread 0x000001927f96a800 nmethod 6740 0x0000019201304010 code [0x0000019201304260, 0x0000019201304c68]
Event: 13.071 Thread 0x00000192112f0800 6741       4       java.util.regex.Pattern::closure (365 bytes)
Event: 13.074 Thread 0x000001927f96a800 6742       3       com.google.common.cache.LocalCache::usesWriteQueue (5 bytes)
Event: 13.074 Thread 0x000001927f96a800 nmethod 6742 0x0000019201304f90 code [0x0000019201305140, 0x0000019201305318]

GC Heap History (20 events):
Event: 8.191 GC heap after
{Heap after GC invocations=9 (full 0):
 garbage-first heap   total 129024K, used 39927K [0x0000000080000000, 0x0000000100000000)
  region size 1024K, 5 young (5120K), 5 survivors (5120K)
 Metaspace       used 38201K, capacity 39227K, committed 39424K, reserved 1083392K
  class space    used 4956K, capacity 5327K, committed 5376K, reserved 1048576K
}
Event: 8.771 GC heap before
{Heap before GC invocations=10 (full 0):
 garbage-first heap   total 129024K, used 87031K [0x0000000080000000, 0x0000000100000000)
  region size 1024K, 43 young (44032K), 5 survivors (5120K)
 Metaspace       used 42047K, capacity 43133K, committed 43264K, reserved 1087488K
  class space    used 5427K, capacity 5841K, committed 5888K, reserved 1048576K
}
Event: 8.778 GC heap after
{Heap after GC invocations=11 (full 0):
 garbage-first heap   total 129024K, used 46460K [0x0000000080000000, 0x0000000100000000)
  region size 1024K, 3 young (3072K), 3 survivors (3072K)
 Metaspace       used 42047K, capacity 43133K, committed 43264K, reserved 1087488K
  class space    used 5427K, capacity 5841K, committed 5888K, reserved 1048576K
}
Event: 9.281 GC heap before
{Heap before GC invocations=11 (full 0):
 garbage-first heap   total 129024K, used 85372K [0x0000000080000000, 0x0000000100000000)
  region size 1024K, 41 young (41984K), 3 survivors (3072K)
 Metaspace       used 45144K, capacity 46218K, committed 46336K, reserved 1089536K
  class space    used 5906K, capacity 6317K, committed 6400K, reserved 1048576K
}
Event: 9.287 GC heap after
{Heap after GC invocations=12 (full 0):
 garbage-first heap   total 129024K, used 49441K [0x0000000080000000, 0x0000000100000000)
  region size 1024K, 6 young (6144K), 6 survivors (6144K)
 Metaspace       used 45144K, capacity 46218K, committed 46336K, reserved 1089536K
  class space    used 5906K, capacity 6317K, committed 6400K, reserved 1048576K
}
Event: 9.546 GC heap before
{Heap before GC invocations=12 (full 0):
 garbage-first heap   total 129024K, used 89377K [0x0000000080000000, 0x0000000100000000)
  region size 1024K, 45 young (46080K), 6 survivors (6144K)
 Metaspace       used 45194K, capacity 46282K, committed 46592K, reserved 1089536K
  class space    used 5906K, capacity 6317K, committed 6400K, reserved 1048576K
}
Event: 9.553 GC heap after
{Heap after GC invocations=13 (full 0):
 garbage-first heap   total 129024K, used 50119K [0x0000000080000000, 0x0000000100000000)
  region size 1024K, 4 young (4096K), 4 survivors (4096K)
 Metaspace       used 45194K, capacity 46282K, committed 46592K, reserved 1089536K
  class space    used 5906K, capacity 6317K, committed 6400K, reserved 1048576K
}
Event: 10.219 GC heap before
{Heap before GC invocations=13 (full 0):
 garbage-first heap   total 129024K, used 96199K [0x0000000080000000, 0x0000000100000000)
  region size 1024K, 46 young (47104K), 4 survivors (4096K)
 Metaspace       used 47497K, capacity 48733K, committed 48896K, reserved 1091584K
  class space    used 6155K, capacity 6615K, committed 6656K, reserved 1048576K
}
Event: 10.226 GC heap after
{Heap after GC invocations=14 (full 0):
 garbage-first heap   total 129024K, used 56060K [0x0000000080000000, 0x0000000100000000)
  region size 1024K, 5 young (5120K), 5 survivors (5120K)
 Metaspace       used 47497K, capacity 48733K, committed 48896K, reserved 1091584K
  class space    used 6155K, capacity 6615K, committed 6656K, reserved 1048576K
}
Event: 10.739 GC heap before
{Heap before GC invocations=14 (full 0):
 garbage-first heap   total 129024K, used 97020K [0x0000000080000000, 0x0000000100000000)
  region size 1024K, 45 young (46080K), 5 survivors (5120K)
 Metaspace       used 48470K, capacity 49893K, committed 50048K, reserved 1093632K
  class space    used 6257K, capacity 6783K, committed 6784K, reserved 1048576K
}
Event: 10.744 GC heap after
{Heap after GC invocations=15 (full 0):
 garbage-first heap   total 129024K, used 57400K [0x0000000080000000, 0x0000000100000000)
  region size 1024K, 5 young (5120K), 5 survivors (5120K)
 Metaspace       used 48470K, capacity 49893K, committed 50048K, reserved 1093632K
  class space    used 6257K, capacity 6783K, committed 6784K, reserved 1048576K
}
Event: 11.369 GC heap before
{Heap before GC invocations=15 (full 0):
 garbage-first heap   total 129024K, used 99384K [0x0000000080000000, 0x0000000100000000)
  region size 1024K, 46 young (47104K), 5 survivors (5120K)
 Metaspace       used 51970K, capacity 53441K, committed 53632K, reserved 1095680K
  class space    used 6642K, capacity 7198K, committed 7296K, reserved 1048576K
}
Event: 11.377 GC heap after
{Heap after GC invocations=16 (full 0):
 garbage-first heap   total 129024K, used 60040K [0x0000000080000000, 0x0000000100000000)
  region size 1024K, 5 young (5120K), 5 survivors (5120K)
 Metaspace       used 51970K, capacity 53441K, committed 53632K, reserved 1095680K
  class space    used 6642K, capacity 7198K, committed 7296K, reserved 1048576K
}
Event: 11.798 GC heap before
{Heap before GC invocations=16 (full 0):
 garbage-first heap   total 129024K, used 101000K [0x0000000080000000, 0x0000000100000000)
  region size 1024K, 45 young (46080K), 5 survivors (5120K)
 Metaspace       used 54238K, capacity 55825K, committed 55936K, reserved 1097728K
  class space    used 7003K, capacity 7545K, committed 7552K, reserved 1048576K
}
Event: 11.804 GC heap after
{Heap after GC invocations=17 (full 0):
 garbage-first heap   total 129024K, used 61624K [0x0000000080000000, 0x0000000100000000)
  region size 1024K, 5 young (5120K), 5 survivors (5120K)
 Metaspace       used 54238K, capacity 55825K, committed 55936K, reserved 1097728K
  class space    used 7003K, capacity 7545K, committed 7552K, reserved 1048576K
}
Event: 12.562 GC heap before
{Heap before GC invocations=17 (full 0):
 garbage-first heap   total 129024K, used 94392K [0x0000000080000000, 0x0000000100000000)
  region size 1024K, 38 young (38912K), 5 survivors (5120K)
 Metaspace       used 55263K, capacity 57004K, committed 57088K, reserved 1099776K
  class space    used 7096K, capacity 7651K, committed 7680K, reserved 1048576K
}
Event: 12.573 GC heap after
{Heap after GC invocations=18 (full 0):
 garbage-first heap   total 129024K, used 66174K [0x0000000080000000, 0x0000000100000000)
  region size 1024K, 5 young (5120K), 5 survivors (5120K)
 Metaspace       used 55263K, capacity 57004K, committed 57088K, reserved 1099776K
  class space    used 7096K, capacity 7651K, committed 7680K, reserved 1048576K
}
Event: 12.730 GC heap before
{Heap before GC invocations=19 (full 0):
 garbage-first heap   total 129024K, used 71294K [0x0000000080000000, 0x0000000100000000)
  region size 1024K, 11 young (11264K), 5 survivors (5120K)
 Metaspace       used 55221K, capacity 56866K, committed 57088K, reserved 1099776K
  class space    used 7082K, capacity 7605K, committed 7680K, reserved 1048576K
}
Event: 12.739 GC heap after
{Heap after GC invocations=20 (full 0):
 garbage-first heap   total 129024K, used 70381K [0x0000000080000000, 0x0000000100000000)
  region size 1024K, 6 young (6144K), 6 survivors (6144K)
 Metaspace       used 55221K, capacity 56866K, committed 57088K, reserved 1099776K
  class space    used 7082K, capacity 7605K, committed 7680K, reserved 1048576K
}
Event: 13.076 GC heap before
{Heap before GC invocations=21 (full 0):
 garbage-first heap   total 129024K, used 98029K [0x0000000080000000, 0x0000000100000000)
  region size 1024K, 31 young (31744K), 6 survivors (6144K)
 Metaspace       used 56887K, capacity 58667K, committed 58880K, reserved 1099776K
  class space    used 7316K, capacity 7884K, committed 7936K, reserved 1048576K
}

Deoptimization events (20 events):
Event: 12.675 Thread 0x00000192123b6800 DEOPT PACKING pc=0x00000192012c0b2a sp=0x000000595d7ed2b0
Event: 12.675 Thread 0x00000192123b6800 DEOPT UNPACKING pc=0x00000192000276ce sp=0x000000595d7ec888 mode 0
Event: 12.714 Thread 0x00000192123b6800 DEOPT PACKING pc=0x000001920066462e sp=0x000000595d7ed900
Event: 12.714 Thread 0x00000192123b6800 DEOPT UNPACKING pc=0x00000192000276ce sp=0x000000595d7ecd70 mode 0
Event: 12.723 Thread 0x00000192123b6800 DEOPT PACKING pc=0x00000192012c0b2a sp=0x000000595d7ed2b0
Event: 12.723 Thread 0x00000192123b6800 DEOPT UNPACKING pc=0x00000192000276ce sp=0x000000595d7ec888 mode 0
Event: 12.746 Thread 0x00000192123b6800 DEOPT PACKING pc=0x00000192012c0b2a sp=0x000000595d7ed2b0
Event: 12.746 Thread 0x00000192123b6800 DEOPT UNPACKING pc=0x00000192000276ce sp=0x000000595d7ec888 mode 0
Event: 12.886 Thread 0x00000192123b6800 Uncommon trap: trap_request=0xffffffdc fr.pc=0x0000019207eae1ec relative=0x00000000000002ac
Event: 12.886 Thread 0x00000192123b6800 Uncommon trap: reason=class_check action=make_not_entrant pc=0x0000019207eae1ec method=java.util.ArrayList.toArray([Ljava/lang/Object;)[Ljava/lang/Object; @ 21 c2
Event: 12.886 Thread 0x00000192123b6800 DEOPT PACKING pc=0x0000019207eae1ec sp=0x000000595d7f7e70
Event: 12.886 Thread 0x00000192123b6800 DEOPT UNPACKING pc=0x00000192000278af sp=0x000000595d7f7e30 mode 2
Event: 13.071 Thread 0x00000192123b6800 Uncommon trap: trap_request=0xffffff4d fr.pc=0x0000019207d71d74 relative=0x0000000000000054
Event: 13.071 Thread 0x00000192123b6800 Uncommon trap: reason=unstable_if action=reinterpret pc=0x0000019207d71d74 method=java.util.regex.Pattern.has(I)Z @ 6 c2
Event: 13.071 Thread 0x00000192123b6800 DEOPT PACKING pc=0x0000019207d71d74 sp=0x000000595d7f64e0
Event: 13.071 Thread 0x00000192123b6800 DEOPT UNPACKING pc=0x00000192000278af sp=0x000000595d7f6470 mode 2
Event: 13.071 Thread 0x00000192123b6800 Uncommon trap: trap_request=0xffffff4d fr.pc=0x0000019207db472c relative=0x000000000000116c
Event: 13.071 Thread 0x00000192123b6800 Uncommon trap: reason=unstable_if action=reinterpret pc=0x0000019207db472c method=java.util.regex.Pattern.has(I)Z @ 6 c2
Event: 13.071 Thread 0x00000192123b6800 DEOPT PACKING pc=0x0000019207db472c sp=0x000000595d7f69e0
Event: 13.071 Thread 0x00000192123b6800 DEOPT UNPACKING pc=0x00000192000278af sp=0x000000595d7f68d0 mode 2

Classes redefined (0 events):
No events

Internal exceptions (20 events):
Event: 12.839 Thread 0x00000192123b6800 Exception <a 'java/lang/ClassNotFoundException'{0x00000000871f06a8}: build_5qsysrob5tve2fzdvlwrnij49$_run_closure1$_closure3BeanInfo> (0x00000000871f06a8) thrown at [./src/hotspot/share/classfile/systemDictionary.cpp, line 231]
Event: 12.840 Thread 0x00000192123b6800 Exception <a 'java/lang/ClassNotFoundException'{0x00000000870042a8}: build_5qsysrob5tve2fzdvlwrnij49$_run_closure1$_closure3Customizer> (0x00000000870042a8) thrown at [./src/hotspot/share/classfile/systemDictionary.cpp, line 231]
Event: 12.843 Thread 0x00000192123b6800 Exception <a 'java/lang/ClassNotFoundException'{0x0000000087032720}: build_5qsysrob5tve2fzdvlwrnij49$_run_closure1BeanInfo> (0x0000000087032720) thrown at [./src/hotspot/share/classfile/systemDictionary.cpp, line 231]
Event: 12.844 Thread 0x00000192123b6800 Exception <a 'java/lang/ClassNotFoundException'{0x0000000087045500}: build_5qsysrob5tve2fzdvlwrnij49$_run_closure1Customizer> (0x0000000087045500) thrown at [./src/hotspot/share/classfile/systemDictionary.cpp, line 231]
Event: 12.853 Thread 0x00000192123b6800 Exception <a 'java/lang/ClassNotFoundException'{0x0000000086f0a108}: org/gradle/internal/credentials/DefaultPasswordCredentials_DecoratedBeanInfo> (0x0000000086f0a108) thrown at [./src/hotspot/share/classfile/systemDictionary.cpp, line 231]
Event: 12.853 Thread 0x00000192123b6800 Exception <a 'java/lang/ClassNotFoundException'{0x0000000086f47a80}: org/gradle/internal/credentials/DefaultPasswordCredentialsBeanInfo> (0x0000000086f47a80) thrown at [./src/hotspot/share/classfile/systemDictionary.cpp, line 231]
Event: 12.854 Thread 0x00000192123b6800 Exception <a 'java/lang/ClassNotFoundException'{0x0000000086f869c8}: org/gradle/internal/credentials/DefaultPasswordCredentialsCustomizer> (0x0000000086f869c8) thrown at [./src/hotspot/share/classfile/systemDictionary.cpp, line 231]
Event: 12.856 Thread 0x00000192123b6800 Exception <a 'java/lang/ClassNotFoundException'{0x0000000086fcdab0}: org/gradle/internal/credentials/DefaultPasswordCredentials_DecoratedCustomizer> (0x0000000086fcdab0) thrown at [./src/hotspot/share/classfile/systemDictionary.cpp, line 231]
Event: 12.889 Thread 0x00000192123b6800 Exception <a 'java/lang/ClassNotFoundException'{0x0000000086de22c8}: org/gradle/api/tasks/Delete_DecoratedBeanInfo> (0x0000000086de22c8) thrown at [./src/hotspot/share/classfile/systemDictionary.cpp, line 231]
Event: 12.889 Thread 0x00000192123b6800 Exception <a 'java/lang/ClassNotFoundException'{0x0000000086c0adb8}: org/gradle/api/tasks/DeleteBeanInfo> (0x0000000086c0adb8) thrown at [./src/hotspot/share/classfile/systemDictionary.cpp, line 231]
Event: 12.890 Thread 0x00000192123b6800 Exception <a 'java/lang/ClassNotFoundException'{0x0000000086c361c8}: org/gradle/api/internal/ConventionTaskBeanInfo> (0x0000000086c361c8) thrown at [./src/hotspot/share/classfile/systemDictionary.cpp, line 231]
Event: 12.891 Thread 0x00000192123b6800 Exception <a 'java/lang/ClassNotFoundException'{0x0000000086c5dfd8}: org/gradle/api/DefaultTaskBeanInfo> (0x0000000086c5dfd8) thrown at [./src/hotspot/share/classfile/systemDictionary.cpp, line 231]
Event: 12.892 Thread 0x00000192123b6800 Exception <a 'java/lang/ClassNotFoundException'{0x0000000086c8a390}: org/gradle/api/internal/AbstractTaskBeanInfo> (0x0000000086c8a390) thrown at [./src/hotspot/share/classfile/systemDictionary.cpp, line 231]
Event: 12.893 Thread 0x00000192123b6800 Exception <a 'java/lang/ClassNotFoundException'{0x0000000086cb6768}: org/gradle/api/internal/AbstractTaskCustomizer> (0x0000000086cb6768) thrown at [./src/hotspot/share/classfile/systemDictionary.cpp, line 231]
Event: 12.898 Thread 0x00000192123b6800 Exception <a 'java/lang/ClassNotFoundException'{0x0000000086b27d90}: org/gradle/api/DefaultTaskCustomizer> (0x0000000086b27d90) thrown at [./src/hotspot/share/classfile/systemDictionary.cpp, line 231]
Event: 12.903 Thread 0x00000192123b6800 Exception <a 'java/lang/ClassNotFoundException'{0x0000000086ba7dc8}: org/gradle/api/internal/ConventionTaskCustomizer> (0x0000000086ba7dc8) thrown at [./src/hotspot/share/classfile/systemDictionary.cpp, line 231]
Event: 12.905 Thread 0x00000192123b6800 Exception <a 'java/lang/ClassNotFoundException'{0x0000000086bdf188}: org/gradle/api/tasks/DeleteCustomizer> (0x0000000086bdf188) thrown at [./src/hotspot/share/classfile/systemDictionary.cpp, line 231]
Event: 12.908 Thread 0x00000192123b6800 Exception <a 'java/lang/ClassNotFoundException'{0x0000000086a1db68}: org/gradle/api/tasks/Delete_DecoratedCustomizer> (0x0000000086a1db68) thrown at [./src/hotspot/share/classfile/systemDictionary.cpp, line 231]
Event: 12.946 Thread 0x00000192123b6800 Exception <a 'java/lang/ClassNotFoundException'{0x000000008696f2a8}: build_1he5j6v2ia3lmnn6xutxwoltuBeanInfo> (0x000000008696f2a8) thrown at [./src/hotspot/share/classfile/systemDictionary.cpp, line 231]
Event: 12.946 Thread 0x00000192123b6800 Exception <a 'java/lang/ClassNotFoundException'{0x000000008697a260}: build_1he5j6v2ia3lmnn6xutxwoltuCustomizer> (0x000000008697a260) thrown at [./src/hotspot/share/classfile/systemDictionary.cpp, line 231]

Events (20 events):
Event: 13.072 loading class com/android/build/gradle/internal/services/AndroidLocationsBuildService$RegistrationAction done
Event: 13.072 loading class com/android/build/gradle/internal/services/ServiceRegistrationAction
Event: 13.072 loading class com/android/build/gradle/internal/services/ServiceRegistrationAction done
Event: 13.073 loading class com/android/build/gradle/internal/services/AndroidLocationsBuildService
Event: 13.073 loading class com/android/build/gradle/internal/services/AndroidLocationsBuildService done
Event: 13.073 loading class com/android/prefs/AndroidLocationsProvider
Event: 13.073 loading class com/android/prefs/AndroidLocationsProvider done
Event: 13.074 loading class org/gradle/api/services/internal/DefaultBuildServicesRegistry
Event: 13.074 loading class org/gradle/api/services/internal/DefaultBuildServicesRegistry done
Event: 13.074 loading class org/gradle/internal/resources/SharedResource
Event: 13.074 loading class org/gradle/internal/resources/SharedResource done
Event: 13.075 loading class org/gradle/api/services/BuildServiceParameters
Event: 13.075 loading class org/gradle/api/services/BuildServiceParameters done
Event: 13.075 loading class org/gradle/api/services/internal/BuildServiceProvider
Event: 13.075 loading class org/gradle/api/services/internal/BuildServiceProvider done
Event: 13.075 loading class org/gradle/api/services/internal/DefaultBuildServicesRegistry$DefaultServiceRegistration
Event: 13.075 loading class org/gradle/api/services/internal/DefaultBuildServicesRegistry$DefaultServiceRegistration done
Event: 13.076 loading class org/gradle/api/services/BuildServiceRegistration
Event: 13.076 loading class org/gradle/api/services/BuildServiceRegistration done
Event: 13.076 Executing VM operation: G1CollectForAllocation


Dynamic libraries:
0x00007ff642660000 - 0x00007ff64266a000 	C:\Program Files\Android\Android Studio\jre\bin\java.exe
0x00007ffac6da0000 - 0x00007ffac6f90000 	C:\Windows\SYSTEM32\ntdll.dll
0x00007ffac6b40000 - 0x00007ffac6bf2000 	C:\Windows\System32\KERNEL32.DLL
0x00007ffac4490000 - 0x00007ffac4735000 	C:\Windows\System32\KERNELBASE.dll
0x00007ffac49f0000 - 0x00007ffac4aea000 	C:\Windows\System32\ucrtbase.dll
0x00007ffab8260000 - 0x00007ffab8277000 	C:\Program Files\Android\Android Studio\jre\bin\VCRUNTIME140.dll
0x00007ffab80b0000 - 0x00007ffab80c9000 	C:\Program Files\Android\Android Studio\jre\bin\jli.dll
0x00007ffac5c30000 - 0x00007ffac5dc4000 	C:\Windows\System32\USER32.dll
0x00007ffac4930000 - 0x00007ffac4951000 	C:\Windows\System32\win32u.dll
0x00007ffac53b0000 - 0x00007ffac53d6000 	C:\Windows\System32\GDI32.dll
0x00007ffac4790000 - 0x00007ffac4928000 	C:\Windows\System32\gdi32full.dll
0x00007ffac4bc0000 - 0x00007ffac4c5e000 	C:\Windows\System32\msvcp_win.dll
0x00007ffab31b0000 - 0x00007ffab3434000 	C:\Windows\WinSxS\amd64_microsoft.windows.common-controls_6595b64144ccf1df_6.0.18362.1556_none_9e7e372fe45e41d5\COMCTL32.dll
0x00007ffac64a0000 - 0x00007ffac653e000 	C:\Windows\System32\msvcrt.dll
0x00007ffac4ff0000 - 0x00007ffac5326000 	C:\Windows\System32\combase.dll
0x00007ffac6a20000 - 0x00007ffac6b3f000 	C:\Windows\System32\RPCRT4.dll
0x00007ffac4960000 - 0x00007ffac49e1000 	C:\Windows\System32\bcryptPrimitives.dll
0x00007ffac4fc0000 - 0x00007ffac4fee000 	C:\Windows\System32\IMM32.DLL
0x00007ffab3760000 - 0x00007ffab37fd000 	C:\Program Files\Android\Android Studio\jre\bin\msvcp140.dll
0x00007ffa85cc0000 - 0x00007ffa8678f000 	C:\Program Files\Android\Android Studio\jre\bin\server\jvm.dll
0x00007ffac6540000 - 0x00007ffac65e3000 	C:\Windows\System32\ADVAPI32.dll
0x00007ffac4e50000 - 0x00007ffac4ee7000 	C:\Windows\System32\sechost.dll
0x00007ffac5330000 - 0x00007ffac5338000 	C:\Windows\System32\PSAPI.DLL
0x00007ffac1780000 - 0x00007ffac1789000 	C:\Windows\SYSTEM32\WSOCK32.dll
0x00007ffac5e30000 - 0x00007ffac5e9f000 	C:\Windows\System32\WS2_32.dll
0x00007ffac16a0000 - 0x00007ffac16c4000 	C:\Windows\SYSTEM32\WINMM.dll
0x00007ffab9770000 - 0x00007ffab977a000 	C:\Windows\SYSTEM32\VERSION.dll
0x00007ffac1670000 - 0x00007ffac169d000 	C:\Windows\SYSTEM32\winmmbase.dll
0x00007ffac4740000 - 0x00007ffac478a000 	C:\Windows\System32\cfgmgr32.dll
0x00007ffac3cf0000 - 0x00007ffac3d01000 	C:\Windows\System32\kernel.appcore.dll
0x00007ffabe8f0000 - 0x00007ffabe901000 	C:\Program Files\Android\Android Studio\jre\bin\verify.dll
0x00007ffab0740000 - 0x00007ffab0934000 	C:\Windows\SYSTEM32\DBGHELP.DLL
0x00007ffa98bf0000 - 0x00007ffa98c1a000 	C:\Windows\SYSTEM32\dbgcore.DLL
0x00007ffabe3e0000 - 0x00007ffabe409000 	C:\Program Files\Android\Android Studio\jre\bin\java.dll
0x00007ffac00f0000 - 0x00007ffac00fb000 	C:\Program Files\Android\Android Studio\jre\bin\jimage.dll
0x00007ffab8390000 - 0x00007ffab83a8000 	C:\Program Files\Android\Android Studio\jre\bin\zip.dll
0x00007ffac5540000 - 0x00007ffac5c27000 	C:\Windows\System32\SHELL32.dll
0x00007ffac65f0000 - 0x00007ffac6698000 	C:\Windows\System32\shcore.dll
0x00007ffac3d10000 - 0x00007ffac448b000 	C:\Windows\System32\windows.storage.dll
0x00007ffac3c60000 - 0x00007ffac3c7e000 	C:\Windows\System32\profapi.dll
0x00007ffac3c80000 - 0x00007ffac3cca000 	C:\Windows\System32\powrprof.dll
0x00007ffac3c50000 - 0x00007ffac3c60000 	C:\Windows\System32\UMPDC.dll
0x00007ffac5dd0000 - 0x00007ffac5e22000 	C:\Windows\System32\shlwapi.dll
0x00007ffac4ba0000 - 0x00007ffac4bb7000 	C:\Windows\System32\cryptsp.dll
0x00007ffab8370000 - 0x00007ffab838a000 	C:\Program Files\Android\Android Studio\jre\bin\net.dll
0x00007ffab4ac0000 - 0x00007ffab4bba000 	C:\Windows\SYSTEM32\WINHTTP.dll
0x00007ffac3490000 - 0x00007ffac34f7000 	C:\Windows\system32\mswsock.dll
0x00007ffab8350000 - 0x00007ffab8364000 	C:\Program Files\Android\Android Studio\jre\bin\nio.dll
0x00007ffab7bf0000 - 0x00007ffab7c17000 	C:\Users\OmarTaha\.gradle\native\8bec1ad78214c89d9ad589b4d07fe93259594b29d510b10fafb7a158f7737e5d\windows-amd64\native-platform.dll
0x00007ffab77c0000 - 0x00007ffab78fd000 	C:\Users\OmarTaha\.gradle\native\53dbd7edfb1c66fb8903c78663c9afc45aea4f116125fa6feffd364cf09443e8\windows-amd64\native-platform-file-events.dll
0x00007ffabfdc0000 - 0x00007ffabfdca000 	C:\Program Files\Android\Android Studio\jre\bin\management.dll
0x00007ffabfd30000 - 0x00007ffabfd3c000 	C:\Program Files\Android\Android Studio\jre\bin\management_ext.dll
0x00007ffac3010000 - 0x00007ffac3043000 	C:\Windows\system32\rsaenh.dll
0x00007ffac4c60000 - 0x00007ffac4c86000 	C:\Windows\System32\bcrypt.dll
0x00007ffac3b70000 - 0x00007ffac3b95000 	C:\Windows\SYSTEM32\USERENV.dll
0x00007ffac3660000 - 0x00007ffac366c000 	C:\Windows\SYSTEM32\CRYPTBASE.dll
0x00007ffac31a0000 - 0x00007ffac31da000 	C:\Windows\SYSTEM32\IPHLPAPI.DLL
0x00007ffac67e0000 - 0x00007ffac67e8000 	C:\Windows\System32\NSI.dll
0x00007ffaba9c0000 - 0x00007ffaba9d6000 	C:\Windows\SYSTEM32\dhcpcsvc6.DLL
0x00007ffabae50000 - 0x00007ffabae6c000 	C:\Windows\SYSTEM32\dhcpcsvc.DLL
0x00007ffac31e0000 - 0x00007ffac32ab000 	C:\Windows\SYSTEM32\DNSAPI.dll

dbghelp: loaded successfully - version: 4.0.5 - missing functions: none
symbol engine: initialized successfully - sym options: 0x614 - pdb path: .;C:\Program Files\Android\Android Studio\jre\bin;C:\Windows\SYSTEM32;C:\Windows\WinSxS\amd64_microsoft.windows.common-controls_6595b64144ccf1df_6.0.18362.1556_none_9e7e372fe45e41d5;C:\Program Files\Android\Android Studio\jre\bin\server;C:\Users\OmarTaha\.gradle\native\8bec1ad78214c89d9ad589b4d07fe93259594b29d510b10fafb7a158f7737e5d\windows-amd64;C:\Users\OmarTaha\.gradle\native\53dbd7edfb1c66fb8903c78663c9afc45aea4f116125fa6feffd364cf09443e8\windows-amd64

VM Arguments:
jvm_args: --add-opens=java.base/java.util=ALL-UNNAMED --add-opens=java.base/java.lang=ALL-UNNAMED --add-opens=java.base/java.lang.invoke=ALL-UNNAMED --add-opens=java.base/java.util=ALL-UNNAMED --add-opens=java.prefs/java.util.prefs=ALL-UNNAMED --add-opens=java.prefs/java.util.prefs=ALL-UNNAMED --add-opens=java.base/java.nio.charset=ALL-UNNAMED --add-opens=java.base/java.net=ALL-UNNAMED --add-opens=java.base/java.util.concurrent.atomic=ALL-UNNAMED -Xmx2048m -Dfile.encoding=windows-1252 -Duser.country=US -Duser.language=en -Duser.variant 
java_command: org.gradle.launcher.daemon.bootstrap.GradleDaemon 7.1-rc-1
java_class_path (initial): C:\Users\OmarTaha\.gradle\wrapper\dists\gradle-7.1-rc-1-bin\89hqeppvp8dbb4pzs5e0rkzxn\gradle-7.1-rc-1\lib\gradle-launcher-7.1.jar
Launcher Type: SUN_STANDARD

[Global flags]
     intx CICompilerCount                          = 4                                         {product} {ergonomic}
     uint ConcGCThreads                            = 2                                         {product} {ergonomic}
     uint G1ConcRefinementThreads                  = 8                                         {product} {ergonomic}
   size_t G1HeapRegionSize                         = 1048576                                   {product} {ergonomic}
    uintx GCDrainStackTargetSize                   = 64                                        {product} {ergonomic}
   size_t InitialHeapSize                          = 132120576                                 {product} {ergonomic}
   size_t MarkStackSize                            = 4194304                                   {product} {ergonomic}
   size_t MaxHeapSize                              = 2147483648                                {product} {command line}
   size_t MaxNewSize                               = 1287651328                                {product} {ergonomic}
   size_t MinHeapDeltaBytes                        = 1048576                                   {product} {ergonomic}
    uintx NonNMethodCodeHeapSize                   = 5836300                                {pd product} {ergonomic}
    uintx NonProfiledCodeHeapSize                  = 122910970                              {pd product} {ergonomic}
    uintx ProfiledCodeHeapSize                     = 122910970                              {pd product} {ergonomic}
    uintx ReservedCodeCacheSize                    = 251658240                              {pd product} {ergonomic}
     bool SegmentedCodeCache                       = true                                      {product} {ergonomic}
     bool UseCompressedClassPointers               = true                                 {lp64_product} {ergonomic}
     bool UseCompressedOops                        = true                                 {lp64_product} {ergonomic}
     bool UseG1GC                                  = true                                      {product} {ergonomic}
     bool UseLargePagesIndividualAllocation        = false                                  {pd product} {ergonomic}

Logging:
Log output configuration:
 #0: stdout all=warning uptime,level,tags
 #1: stderr all=off uptime,level,tags

Environment Variables:
JAVA_HOME=C:\Program Files\Android\jdk\microsoft_dist_openjdk_1.8.0.25
PATH=C:\Program Files (x86)\Common Files\Oracle\Java\javapath;C:\Program Files\ImageMagick-7.0.10-Q16-HDRI;C:\Program Files (x86)\Common Files\Intel\Shared Libraries\redist\intel64\compiler;C:\Program Files\Java\jdk-12.0.2\bin;C:\Windows\system32;C:\Windows;C:\Windows\System32\Wbem;C:\Windows\System32\WindowsPowerShell\v1.0\;C:\Windows\System32\OpenSSH\;C:\Program Files\dotnet\;C:\Program Files\Microsoft SQL Server\120\Tools\Binn\;C:\Program Files\Microsoft SQL Server\120\DTS\Binn\;C:\Program Files\Microsoft SQL Server\Client SDK\ODBC\110\Tools\Binn\;C:\Program Files (x86)\Microsoft SQL Server\120\Tools\Binn\;C:\Program Files (x86)\Microsoft SQL Server\120\Tools\Binn\ManagementStudio\;C:\Program Files (x86)\Microsoft SQL Server\120\DTS\Binn\;C:\Windows\Microsoft.NET\Framework\v3.5;C:\Program Files\Microsoft SQL Server\130\Tools\Binn\;C:\Program Files\Microsoft SQL Server\Client SDK\ODBC\170\Tools\Binn\;C:\Program Files\MATLAB\R2016a\runtime\win64;C:\Program Files\MATLAB\R2016a\bin;C:\Program Files\MATLAB\R2016a\polyspace\bin;C:\Program Files (x86)\dotnet\;C:\sqlite;C:\Program Files\Git\cmd;C:\Users\OmarTaha\AppData\Local\Programs\Python\Python38-32\Scripts\;C:\Users\OmarTaha\AppData\Local\Programs\Python\Python38-32\;C:\Users\OmarTaha\AppData\Local\Microsoft\WindowsApps;C:\Users\OmarTaha\AppData\Local\Programs\Microsoft VS Code\bin;C:\Users\OmarTaha\.dotnet\tools;C:\Program Files\JetBrains\PyCharm Community Edition 2020.2.4\bin;;C:\Users\OmarTaha\AppData\Local\GitHubDesktop\bin
USERNAME=OmarTaha
OS=Windows_NT
PROCESSOR_IDENTIFIER=Intel64 Family 6 Model 60 Stepping 3, GenuineIntel



---------------  S Y S T E M  ---------------

OS: Windows 10 , 64 bit Build 18362 (10.0.18362.1500)
OS uptime: 0 days 6:26 hours

CPU:total 8 (initial active 8) (4 cores per cpu, 2 threads per core) family 6 model 60 stepping 3 microcode 0x28, cmov, cx8, fxsr, mmx, sse, sse2, sse3, ssse3, sse4.1, sse4.2, popcnt, avx, avx2, aes, clmul, erms, lzcnt, ht, tsc, tscinvbit, bmi1, bmi2, fma

Memory: 4k page, system-wide physical 7993M (965M free)
TotalPageFile size 7993M (AvailPageFile size 11M)
current process WorkingSet (physical memory assigned to process): 337M, peak: 337M
current process commit charge ("private bytes"): 376M, peak: 402M

vm_info: OpenJDK 64-Bit Server VM (11.0.10+0-b96-7249189) for windows-amd64 JRE (11.0.10+0-b96-7249189), built on Mar 31 2021 21:44:00 by "builder" with MS VC++ 14.0 (VS2015)

END.
