#
# There is insufficient memory for the Java Runtime Environment to continue.
# Native memory allocation (malloc) failed to allocate 2281936 bytes for Chunk::new
# Possible reasons:
#   The system is out of physical RAM or swap space
#   The process is running with CompressedOops enabled, and the Java Heap may be blocking the growth of the native heap
# Possible solutions:
#   Reduce memory load on the system
#   Increase physical memory or swap space
#   Check if swap backing store is full
#   Decrease Java heap size (-Xmx/-Xms)
#   Decrease number of Java threads
#   Decrease Java thread stack sizes (-Xss)
#   Set larger code cache with -XX:ReservedCodeCacheSize=
#   JVM is running with Unscaled Compressed Oops mode in which the Java heap is
#     placed in the first 4GB address space. The Java Heap base address is the
#     maximum limit for the native heap growth. Please use -XX:HeapBaseMinAddress
#     to set the Java Heap base and to place the Java Heap above 4GB virtual address.
# This output file may be truncated or incomplete.
#
#  Out of Memory Error (./src/hotspot/share/memory/arena.cpp:197), pid=7684, tid=13628
#
# JRE version: OpenJDK Runtime Environment (11.0.10) (build 11.0.10+0-b96-7249189)
# Java VM: OpenJDK 64-Bit Server VM (11.0.10+0-b96-7249189, mixed mode, tiered, compressed oops, g1 gc, windows-amd64)
# No core dump will be written. Minidumps are not enabled by default on client versions of Windows
#

---------------  S U M M A R Y ------------

Command Line: --add-opens=java.base/java.util=ALL-UNNAMED --add-opens=java.base/java.lang=ALL-UNNAMED --add-opens=java.base/java.lang.invoke=ALL-UNNAMED --add-opens=java.base/java.util=ALL-UNNAMED --add-opens=java.prefs/java.util.prefs=ALL-UNNAMED --add-opens=java.prefs/java.util.prefs=ALL-UNNAMED --add-opens=java.base/java.nio.charset=ALL-UNNAMED --add-opens=java.base/java.net=ALL-UNNAMED --add-opens=java.base/java.util.concurrent.atomic=ALL-UNNAMED -Xmx2048m -Dfile.encoding=windows-1252 -Duser.country=US -Duser.language=en -Duser.variant org.gradle.launcher.daemon.bootstrap.GradleDaemon 7.1-rc-1

Host: Intel(R) Core(TM) i7-4800MQ CPU @ 2.70GHz, 8 cores, 7G,  Windows 10 , 64 bit Build 18362 (10.0.18362.1500)
Time: Sat Oct  9 07:19:37 2021 Arab Standard Time elapsed time: 11.778266 seconds (0d 0h 0m 11s)

---------------  T H R E A D  ---------------

Current thread (0x00000250e5980800):  JavaThread "C2 CompilerThread0" daemon [_thread_in_native, id=13628, stack(0x0000008814400000,0x0000008814500000)]


Current CompileTask:
C2:  11778 5273       4       groovy.lang.MetaClassImpl::addMetaMethodToIndex (65 bytes)

Stack: [0x0000008814400000,0x0000008814500000]
Native frames: (J=compiled Java code, j=interpreted, Vv=VM code, C=native code)
V  [jvm.dll+0x5ecfaa]
V  [jvm.dll+0x722bd5]
V  [jvm.dll+0x72412d]
V  [jvm.dll+0x7247e3]
V  [jvm.dll+0x242928]
V  [jvm.dll+0xbc4fc]
V  [jvm.dll+0xbca0c]
V  [jvm.dll+0x352d7d]
V  [jvm.dll+0x320ad3]
V  [jvm.dll+0x31ffca]
V  [jvm.dll+0x1fb602]
V  [jvm.dll+0x1fa7f4]
V  [jvm.dll+0x18354c]
V  [jvm.dll+0x208ee7]
V  [jvm.dll+0x207731]
V  [jvm.dll+0x6eb1cf]
V  [jvm.dll+0x6e3d45]
V  [jvm.dll+0x5ebe96]
C  [ucrtbase.dll+0x210b2]
C  [KERNEL32.DLL+0x17c24]
C  [ntdll.dll+0x6d721]


---------------  P R O C E S S  ---------------

Threads class SMR info:
_java_thread_list=0x00000250e7d3d700, length=42, elements={
0x00000250cac82800, 0x00000250e5921800, 0x00000250e5924800, 0x00000250e5977000,
0x00000250e5978000, 0x00000250e597a000, 0x00000250e5980800, 0x00000250e5109000,
0x00000250e510a000, 0x00000250e5af5800, 0x00000250e783e800, 0x00000250e5c36800,
0x00000250e74db800, 0x00000250e6e93800, 0x00000250e70e0000, 0x00000250e72d7800,
0x00000250e7261000, 0x00000250e751b000, 0x00000250e727e000, 0x00000250e82bd000,
0x00000250e82bf800, 0x00000250e82be000, 0x00000250e82be800, 0x00000250e82c0800,
0x00000250e82bc800, 0x00000250e82c1000, 0x00000250e82c2000, 0x00000250e82c3000,
0x00000250e9695000, 0x00000250e9698800, 0x00000250e9699800, 0x00000250e9696000,
0x00000250e9697000, 0x00000250e9697800, 0x00000250e969a000, 0x00000250e9694800,
0x00000250e969d800, 0x00000250e969f000, 0x00000250e96a0800, 0x00000250e96a2800,
0x00000250e969c800, 0x00000250e96a3000
}

Java Threads: ( => current thread )
  0x00000250cac82800 JavaThread "main" [_thread_blocked, id=1328, stack(0x0000008813800000,0x0000008813900000)]
  0x00000250e5921800 JavaThread "Reference Handler" daemon [_thread_blocked, id=1872, stack(0x0000008813f00000,0x0000008814000000)]
  0x00000250e5924800 JavaThread "Finalizer" daemon [_thread_blocked, id=3800, stack(0x0000008814000000,0x0000008814100000)]
  0x00000250e5977000 JavaThread "Signal Dispatcher" daemon [_thread_blocked, id=11288, stack(0x0000008814100000,0x0000008814200000)]
  0x00000250e5978000 JavaThread "Attach Listener" daemon [_thread_blocked, id=2576, stack(0x0000008814200000,0x0000008814300000)]
  0x00000250e597a000 JavaThread "Service Thread" daemon [_thread_blocked, id=5884, stack(0x0000008814300000,0x0000008814400000)]
=>0x00000250e5980800 JavaThread "C2 CompilerThread0" daemon [_thread_in_native, id=13628, stack(0x0000008814400000,0x0000008814500000)]
  0x00000250e5109000 JavaThread "C1 CompilerThread0" daemon [_thread_blocked, id=3096, stack(0x0000008814500000,0x0000008814600000)]
  0x00000250e510a000 JavaThread "Sweeper thread" daemon [_thread_blocked, id=11852, stack(0x0000008814600000,0x0000008814700000)]
  0x00000250e5af5800 JavaThread "Common-Cleaner" daemon [_thread_blocked, id=8400, stack(0x0000008814700000,0x0000008814800000)]
  0x00000250e783e800 JavaThread "Daemon health stats" [_thread_blocked, id=3468, stack(0x0000008814d00000,0x0000008814e00000)]
  0x00000250e5c36800 JavaThread "Incoming local TCP Connector on port 1110" [_thread_in_native, id=2132, stack(0x0000008814900000,0x0000008814a00000)]
  0x00000250e74db800 JavaThread "Daemon periodic checks" [_thread_blocked, id=3456, stack(0x0000008814c00000,0x0000008814d00000)]
  0x00000250e6e93800 JavaThread "Daemon" [_thread_blocked, id=1368, stack(0x0000008814e00000,0x0000008814f00000)]
  0x00000250e70e0000 JavaThread "Handler for socket connection from /127.0.0.1:1110 to /127.0.0.1:1111" [_thread_in_native, id=3416, stack(0x0000008814f00000,0x0000008815000000)]
  0x00000250e72d7800 JavaThread "Cancel handler" [_thread_blocked, id=2260, stack(0x0000008815000000,0x0000008815100000)]
  0x00000250e7261000 JavaThread "Daemon worker" [_thread_in_vm, id=9884, stack(0x0000008815100000,0x0000008815200000)]
  0x00000250e751b000 JavaThread "Asynchronous log dispatcher for DefaultDaemonConnection: socket connection from /127.0.0.1:1110 to /127.0.0.1:1111" [_thread_blocked, id=13352, stack(0x0000008815200000,0x0000008815300000)]
  0x00000250e727e000 JavaThread "Stdin handler" [_thread_blocked, id=8492, stack(0x0000008815300000,0x0000008815400000)]
  0x00000250e82bd000 JavaThread "Daemon client event forwarder" [_thread_blocked, id=13344, stack(0x0000008815400000,0x0000008815500000)]
  0x00000250e82bf800 JavaThread "Cache worker for journal cache (C:\Users\OmarTaha\.gradle\caches\journal-1)" [_thread_blocked, id=10944, stack(0x0000008815b00000,0x0000008815c00000)]
  0x00000250e82be000 JavaThread "File lock request listener" [_thread_in_native, id=3548, stack(0x0000008815c00000,0x0000008815d00000)]
  0x00000250e82be800 JavaThread "Cache worker for file hash cache (C:\Users\OmarTaha\.gradle\caches\7.1-rc-1\fileHashes)" [_thread_blocked, id=908, stack(0x0000008815d00000,0x0000008815e00000)]
  0x00000250e82c0800 JavaThread "Cache worker for file hash cache (C:\Users\OmarTaha\Abdulrahman_folder\GMS\.gradle\7.1-rc-1\fileHashes)" [_thread_blocked, id=3520, stack(0x0000008816000000,0x0000008816100000)]
  0x00000250e82bc800 JavaThread "File watcher server" daemon [_thread_in_native, id=5876, stack(0x0000008816100000,0x0000008816200000)]
  0x00000250e82c1000 JavaThread "File watcher consumer" daemon [_thread_blocked, id=6732, stack(0x0000008816200000,0x0000008816300000)]
  0x00000250e82c2000 JavaThread "jar transforms" [_thread_blocked, id=9728, stack(0x0000008816400000,0x0000008816500000)]
  0x00000250e82c3000 JavaThread "jar transforms Thread 2" [_thread_blocked, id=7908, stack(0x0000008816500000,0x0000008816600000)]
  0x00000250e9695000 JavaThread "jar transforms Thread 3" [_thread_blocked, id=3864, stack(0x0000008816600000,0x0000008816700000)]
  0x00000250e9698800 JavaThread "jar transforms Thread 4" [_thread_blocked, id=3680, stack(0x0000008816700000,0x0000008816800000)]
  0x00000250e9699800 JavaThread "jar transforms Thread 5" [_thread_blocked, id=10424, stack(0x0000008816800000,0x0000008816900000)]
  0x00000250e9696000 JavaThread "jar transforms Thread 6" [_thread_blocked, id=3824, stack(0x0000008816900000,0x0000008816a00000)]
  0x00000250e9697000 JavaThread "jar transforms Thread 7" [_thread_blocked, id=2288, stack(0x0000008816a00000,0x0000008816b00000)]
  0x00000250e9697800 JavaThread "jar transforms Thread 8" [_thread_blocked, id=12680, stack(0x0000008816b00000,0x0000008816c00000)]
  0x00000250e969a000 JavaThread "Cache worker for checksums cache (C:\Users\OmarTaha\Abdulrahman_folder\GMS\.gradle\checksums)" [_thread_blocked, id=9200, stack(0x0000008816c00000,0x0000008816d00000)]
  0x00000250e9694800 JavaThread "Cache worker for cache directory md-supplier (C:\Users\OmarTaha\.gradle\caches\7.1-rc-1\md-supplier)" [_thread_blocked, id=4636, stack(0x0000008816d00000,0x0000008816e00000)]
  0x00000250e969d800 JavaThread "Cache worker for cache directory md-rule (C:\Users\OmarTaha\.gradle\caches\7.1-rc-1\md-rule)" [_thread_blocked, id=14296, stack(0x0000008816e00000,0x0000008816f00000)]
  0x00000250e969f000 JavaThread "Cache worker for execution history cache (C:\Users\OmarTaha\.gradle\caches\7.1-rc-1\executionHistory)" [_thread_blocked, id=13268, stack(0x0000008816f00000,0x0000008817000000)]
  0x00000250e96a0800 JavaThread "Cache worker for file content cache (C:\Users\OmarTaha\.gradle\caches\7.1-rc-1\fileContent)" [_thread_blocked, id=12244, stack(0x0000008817000000,0x0000008817100000)]
  0x00000250e96a2800 JavaThread "C2 CompilerThread1" daemon [_thread_in_native, id=5816, stack(0x0000008815f00000,0x0000008816000000)]
  0x00000250e969c800 JavaThread "C2 CompilerThread2" daemon [_thread_in_native, id=7760, stack(0x0000008816300000,0x0000008816400000)]
  0x00000250e96a3000 JavaThread "Cache worker for dependencies-accessors (C:\Users\OmarTaha\Abdulrahman_folder\GMS\.gradle\7.1-rc-1\dependencies-accessors)" [_thread_blocked, id=9840, stack(0x0000008817100000,0x0000008817200000)]

Other Threads:
  0x00000250e50f5000 VMThread "VM Thread" [stack: 0x0000008813e00000,0x0000008813f00000] [id=10444]
  0x00000250e5b15800 WatcherThread [stack: 0x0000008814800000,0x0000008814900000] [id=1908]
  0x00000250cac9c000 GCTaskThread "GC Thread#0" [stack: 0x0000008813900000,0x0000008813a00000] [id=8000]
  0x00000250e65f0800 GCTaskThread "GC Thread#1" [stack: 0x0000008814a00000,0x0000008814b00000] [id=10584]
  0x00000250e6ea5800 GCTaskThread "GC Thread#2" [stack: 0x0000008814b00000,0x0000008814c00000] [id=5176]
  0x00000250e5e6e000 GCTaskThread "GC Thread#3" [stack: 0x0000008815500000,0x0000008815600000] [id=11948]
  0x00000250e5e71000 GCTaskThread "GC Thread#4" [stack: 0x0000008815600000,0x0000008815700000] [id=12792]
  0x00000250e5e6b000 GCTaskThread "GC Thread#5" [stack: 0x0000008815700000,0x0000008815800000] [id=5056]
  0x00000250e5e6c800 GCTaskThread "GC Thread#6" [stack: 0x0000008815800000,0x0000008815900000] [id=12788]
  0x00000250e5e6c000 GCTaskThread "GC Thread#7" [stack: 0x0000008815900000,0x0000008815a00000] [id=4000]
  0x00000250caccc800 ConcurrentGCThread "G1 Main Marker" [stack: 0x0000008813a00000,0x0000008813b00000] [id=1752]
  0x00000250cacce000 ConcurrentGCThread "G1 Conc#0" [stack: 0x0000008813b00000,0x0000008813c00000] [id=12752]
  0x00000250e5e6e800 ConcurrentGCThread "G1 Conc#1" [stack: 0x0000008815e00000,0x0000008815f00000] [id=8904]
  0x00000250cad4e000 ConcurrentGCThread "G1 Refine#0" [stack: 0x0000008813c00000,0x0000008813d00000] [id=3720]
  0x00000250e663a800 ConcurrentGCThread "G1 Refine#1" [stack: 0x0000008815a00000,0x0000008815b00000] [id=2040]
  0x00000250e4f44800 ConcurrentGCThread "G1 Young RemSet Sampling" [stack: 0x0000008813d00000,0x0000008813e00000] [id=4560]

Threads with active compile tasks:
C2 CompilerThread0  11830 5273       4       groovy.lang.MetaClassImpl::addMetaMethodToIndex (65 bytes)
C2 CompilerThread1  11830 5183       4       groovy.lang.MetaClassImpl$1MOPIter::methodNameAction (325 bytes)
C2 CompilerThread2  11831 5336       4       java.lang.ClassLoader::defineClass (43 bytes)

VM state:not at safepoint (normal execution)

VM Mutex/Monitor currently owned by a thread: None

Heap address: 0x0000000080000000, size: 2048 MB, Compressed Oops mode: 32-bit
Narrow klass base: 0x0000000000000000, Narrow klass shift: 3
Compressed class space size: 1073741824 Address: 0x0000000100000000

Heap:
 garbage-first heap   total 129024K, used 73920K [0x0000000080000000, 0x0000000100000000)
  region size 1024K, 21 young (21504K), 6 survivors (6144K)
 Metaspace       used 51221K, capacity 52668K, committed 52992K, reserved 1095680K
  class space    used 6531K, capacity 7069K, committed 7168K, reserved 1048576K
Heap Regions: E=young(eden), S=young(survivor), O=old, HS=humongous(starts), HC=humongous(continues), CS=collection set, F=free, A=archive, TAMS=top-at-mark-start (previous, next)
|   0|0x0000000080000000, 0x0000000080100000, 0x0000000080100000|100%| O|  |TAMS 0x0000000080100000, 0x0000000080000000| Untracked 
|   1|0x0000000080100000, 0x0000000080200000, 0x0000000080200000|100%| O|  |TAMS 0x0000000080200000, 0x0000000080100000| Untracked 
|   2|0x0000000080200000, 0x0000000080300000, 0x0000000080300000|100%| O|  |TAMS 0x0000000080300000, 0x0000000080200000| Untracked 
|   3|0x0000000080300000, 0x0000000080400000, 0x0000000080400000|100%|HS|  |TAMS 0x0000000080400000, 0x0000000080300000| Complete 
|   4|0x0000000080400000, 0x0000000080500000, 0x0000000080500000|100%|HC|  |TAMS 0x0000000080500000, 0x0000000080400000| Complete 
|   5|0x0000000080500000, 0x0000000080600000, 0x0000000080600000|100%|HC|  |TAMS 0x0000000080600000, 0x0000000080500000| Complete 
|   6|0x0000000080600000, 0x0000000080700000, 0x0000000080700000|100%| O|  |TAMS 0x0000000080700000, 0x0000000080600000| Untracked 
|   7|0x0000000080700000, 0x0000000080800000, 0x0000000080800000|100%| O|  |TAMS 0x0000000080800000, 0x0000000080700000| Untracked 
|   8|0x0000000080800000, 0x0000000080900000, 0x0000000080900000|100%| O|  |TAMS 0x0000000080900000, 0x0000000080800000| Untracked 
|   9|0x0000000080900000, 0x0000000080a00000, 0x0000000080a00000|100%| O|  |TAMS 0x0000000080a00000, 0x0000000080900000| Untracked 
|  10|0x0000000080a00000, 0x0000000080b00000, 0x0000000080b00000|100%| O|  |TAMS 0x0000000080b00000, 0x0000000080a00000| Untracked 
|  11|0x0000000080b00000, 0x0000000080c00000, 0x0000000080c00000|100%| O|  |TAMS 0x0000000080c00000, 0x0000000080b00000| Untracked 
|  12|0x0000000080c00000, 0x0000000080d00000, 0x0000000080d00000|100%| O|  |TAMS 0x0000000080d00000, 0x0000000080c00000| Untracked 
|  13|0x0000000080d00000, 0x0000000080e00000, 0x0000000080e00000|100%| O|  |TAMS 0x0000000080e00000, 0x0000000080d00000| Untracked 
|  14|0x0000000080e00000, 0x0000000080f00000, 0x0000000080f00000|100%| O|  |TAMS 0x0000000080f00000, 0x0000000080e00000| Untracked 
|  15|0x0000000080f00000, 0x0000000081000000, 0x0000000081000000|100%| O|  |TAMS 0x0000000081000000, 0x0000000080f00000| Untracked 
|  16|0x0000000081000000, 0x0000000081100000, 0x0000000081100000|100%|HS|  |TAMS 0x0000000081100000, 0x0000000081000000| Complete 
|  17|0x0000000081100000, 0x0000000081200000, 0x0000000081200000|100%|HC|  |TAMS 0x0000000081200000, 0x0000000081100000| Complete 
|  18|0x0000000081200000, 0x0000000081300000, 0x0000000081300000|100%|HS|  |TAMS 0x0000000081300000, 0x0000000081200000| Complete 
|  19|0x0000000081300000, 0x0000000081400000, 0x0000000081400000|100%|HC|  |TAMS 0x0000000081400000, 0x0000000081300000| Complete 
|  20|0x0000000081400000, 0x0000000081500000, 0x0000000081500000|100%|HC|  |TAMS 0x0000000081500000, 0x0000000081400000| Complete 
|  21|0x0000000081500000, 0x0000000081600000, 0x0000000081600000|100%|HS|  |TAMS 0x0000000081600000, 0x0000000081500000| Complete 
|  22|0x0000000081600000, 0x0000000081700000, 0x0000000081700000|100%|HC|  |TAMS 0x0000000081700000, 0x0000000081600000| Complete 
|  23|0x0000000081700000, 0x0000000081800000, 0x0000000081800000|100%|HC|  |TAMS 0x0000000081800000, 0x0000000081700000| Complete 
|  24|0x0000000081800000, 0x0000000081900000, 0x0000000081900000|100%|HC|  |TAMS 0x0000000081900000, 0x0000000081800000| Complete 
|  25|0x0000000081900000, 0x0000000081a00000, 0x0000000081a00000|100%|HC|  |TAMS 0x0000000081a00000, 0x0000000081900000| Complete 
|  26|0x0000000081a00000, 0x0000000081b00000, 0x0000000081b00000|100%| O|  |TAMS 0x0000000081b00000, 0x0000000081a00000| Untracked 
|  27|0x0000000081b00000, 0x0000000081c00000, 0x0000000081c00000|100%| O|  |TAMS 0x0000000081c00000, 0x0000000081b00000| Untracked 
|  28|0x0000000081c00000, 0x0000000081d00000, 0x0000000081d00000|100%| O|  |TAMS 0x0000000081d00000, 0x0000000081c00000| Untracked 
|  29|0x0000000081d00000, 0x0000000081e00000, 0x0000000081e00000|100%| O|  |TAMS 0x0000000081e00000, 0x0000000081d00000| Untracked 
|  30|0x0000000081e00000, 0x0000000081f00000, 0x0000000081f00000|100%| O|  |TAMS 0x0000000081f00000, 0x0000000081e00000| Untracked 
|  31|0x0000000081f00000, 0x0000000082000000, 0x0000000082000000|100%| O|  |TAMS 0x0000000082000000, 0x0000000081f00000| Untracked 
|  32|0x0000000082000000, 0x0000000082100000, 0x0000000082100000|100%| O|  |TAMS 0x0000000082100000, 0x0000000082000000| Untracked 
|  33|0x0000000082100000, 0x0000000082200000, 0x0000000082200000|100%| O|  |TAMS 0x0000000082100000, 0x0000000082100000| Untracked 
|  34|0x0000000082200000, 0x0000000082300000, 0x0000000082300000|100%| O|  |TAMS 0x0000000082200000, 0x0000000082200000| Untracked 
|  35|0x0000000082300000, 0x0000000082400000, 0x0000000082400000|100%| O|  |TAMS 0x0000000082300000, 0x0000000082300000| Untracked 
|  36|0x0000000082400000, 0x0000000082500000, 0x0000000082500000|100%| O|  |TAMS 0x0000000082474e00, 0x0000000082400000| Untracked 
|  37|0x0000000082500000, 0x0000000082600000, 0x0000000082600000|100%|HS|  |TAMS 0x0000000082500000, 0x0000000082500000| Complete 
|  38|0x0000000082600000, 0x0000000082700000, 0x0000000082700000|100%|HC|  |TAMS 0x0000000082600000, 0x0000000082600000| Complete 
|  39|0x0000000082700000, 0x0000000082800000, 0x0000000082800000|100%|HC|  |TAMS 0x0000000082700000, 0x0000000082700000| Complete 
|  40|0x0000000082800000, 0x0000000082900000, 0x0000000082900000|100%|HC|  |TAMS 0x0000000082800000, 0x0000000082800000| Complete 
|  41|0x0000000082900000, 0x0000000082a00000, 0x0000000082a00000|100%|HC|  |TAMS 0x0000000082900000, 0x0000000082900000| Complete 
|  42|0x0000000082a00000, 0x0000000082b00000, 0x0000000082b00000|100%| O|  |TAMS 0x0000000082a00000, 0x0000000082a00000| Untracked 
|  43|0x0000000082b00000, 0x0000000082c00000, 0x0000000082c00000|100%| O|  |TAMS 0x0000000082b00000, 0x0000000082b00000| Untracked 
|  44|0x0000000082c00000, 0x0000000082d00000, 0x0000000082d00000|100%| O|  |TAMS 0x0000000082c00000, 0x0000000082c00000| Untracked 
|  45|0x0000000082d00000, 0x0000000082e00000, 0x0000000082e00000|100%| O|  |TAMS 0x0000000082d00000, 0x0000000082d00000| Untracked 
|  46|0x0000000082e00000, 0x0000000082f00000, 0x0000000082f00000|100%| O|  |TAMS 0x0000000082e00000, 0x0000000082e00000| Untracked 
|  47|0x0000000082f00000, 0x0000000083000000, 0x0000000083000000|100%|HS|  |TAMS 0x0000000082f00000, 0x0000000082f00000| Complete 
|  48|0x0000000083000000, 0x0000000083100000, 0x0000000083100000|100%|HC|  |TAMS 0x0000000083000000, 0x0000000083000000| Complete 
|  49|0x0000000083100000, 0x0000000083200000, 0x0000000083200000|100%|HC|  |TAMS 0x0000000083100000, 0x0000000083100000| Complete 
|  50|0x0000000083200000, 0x0000000083300000, 0x0000000083300000|100%| O|  |TAMS 0x0000000083200000, 0x0000000083200000| Untracked 
|  51|0x0000000083300000, 0x0000000083400000, 0x0000000083400000|100%| O|  |TAMS 0x0000000083300000, 0x0000000083300000| Untracked 
|  52|0x0000000083400000, 0x0000000083400000, 0x0000000083500000|  0%| F|  |TAMS 0x0000000083400000, 0x0000000083400000| Untracked 
|  53|0x0000000083500000, 0x00000000835bd200, 0x0000000083600000| 73%| O|  |TAMS 0x0000000083500000, 0x0000000083500000| Untracked 
|  54|0x0000000083600000, 0x0000000083600000, 0x0000000083700000|  0%| F|  |TAMS 0x0000000083600000, 0x0000000083600000| Untracked 
|  55|0x0000000083700000, 0x0000000083700000, 0x0000000083800000|  0%| F|  |TAMS 0x0000000083700000, 0x0000000083700000| Untracked 
|  56|0x0000000083800000, 0x0000000083800000, 0x0000000083900000|  0%| F|  |TAMS 0x0000000083800000, 0x0000000083800000| Untracked 
|  57|0x0000000083900000, 0x0000000083900000, 0x0000000083a00000|  0%| F|  |TAMS 0x0000000083900000, 0x0000000083900000| Untracked 
|  58|0x0000000083a00000, 0x0000000083a00000, 0x0000000083b00000|  0%| F|  |TAMS 0x0000000083a00000, 0x0000000083a00000| Untracked 
|  59|0x0000000083b00000, 0x0000000083b00000, 0x0000000083c00000|  0%| F|  |TAMS 0x0000000083b00000, 0x0000000083b00000| Untracked 
|  60|0x0000000083c00000, 0x0000000083c00000, 0x0000000083d00000|  0%| F|  |TAMS 0x0000000083c00000, 0x0000000083c00000| Untracked 
|  61|0x0000000083d00000, 0x0000000083d00000, 0x0000000083e00000|  0%| F|  |TAMS 0x0000000083d00000, 0x0000000083d00000| Untracked 
|  62|0x0000000083e00000, 0x0000000083e00000, 0x0000000083f00000|  0%| F|  |TAMS 0x0000000083e00000, 0x0000000083e00000| Untracked 
|  63|0x0000000083f00000, 0x0000000083f00000, 0x0000000084000000|  0%| F|  |TAMS 0x0000000083f00000, 0x0000000083f00000| Untracked 
|  64|0x0000000084000000, 0x0000000084000000, 0x0000000084100000|  0%| F|  |TAMS 0x0000000084000000, 0x0000000084000000| Untracked 
|  65|0x0000000084100000, 0x0000000084100000, 0x0000000084200000|  0%| F|  |TAMS 0x0000000084100000, 0x0000000084100000| Untracked 
|  66|0x0000000084200000, 0x0000000084200000, 0x0000000084300000|  0%| F|  |TAMS 0x0000000084200000, 0x0000000084200000| Untracked 
|  67|0x0000000084300000, 0x0000000084300000, 0x0000000084400000|  0%| F|  |TAMS 0x0000000084300000, 0x0000000084300000| Untracked 
|  68|0x0000000084400000, 0x0000000084400000, 0x0000000084500000|  0%| F|  |TAMS 0x0000000084400000, 0x0000000084400000| Untracked 
|  69|0x0000000084500000, 0x0000000084500000, 0x0000000084600000|  0%| F|  |TAMS 0x0000000084500000, 0x0000000084500000| Untracked 
|  70|0x0000000084600000, 0x0000000084600000, 0x0000000084700000|  0%| F|  |TAMS 0x0000000084600000, 0x0000000084600000| Untracked 
|  71|0x0000000084700000, 0x0000000084700000, 0x0000000084800000|  0%| F|  |TAMS 0x0000000084700000, 0x0000000084700000| Untracked 
|  72|0x0000000084800000, 0x0000000084800000, 0x0000000084900000|  0%| F|  |TAMS 0x0000000084800000, 0x0000000084800000| Untracked 
|  73|0x0000000084900000, 0x0000000084900000, 0x0000000084a00000|  0%| F|  |TAMS 0x0000000084900000, 0x0000000084900000| Untracked 
|  74|0x0000000084a00000, 0x0000000084a00000, 0x0000000084b00000|  0%| F|  |TAMS 0x0000000084a00000, 0x0000000084a00000| Untracked 
|  75|0x0000000084b00000, 0x0000000084b72e70, 0x0000000084c00000| 44%| S|CS|TAMS 0x0000000084b00000, 0x0000000084b00000| Complete 
|  76|0x0000000084c00000, 0x0000000084d00000, 0x0000000084d00000|100%| S|CS|TAMS 0x0000000084c00000, 0x0000000084c00000| Complete 
|  77|0x0000000084d00000, 0x0000000084d00000, 0x0000000084e00000|  0%| F|  |TAMS 0x0000000084d00000, 0x0000000084d00000| Untracked 
|  78|0x0000000084e00000, 0x0000000084e00000, 0x0000000084f00000|  0%| F|  |TAMS 0x0000000084e00000, 0x0000000084e00000| Untracked 
|  79|0x0000000084f00000, 0x0000000084f00000, 0x0000000085000000|  0%| F|  |TAMS 0x0000000084f00000, 0x0000000084f00000| Untracked 
|  80|0x0000000085000000, 0x0000000085000000, 0x0000000085100000|  0%| F|  |TAMS 0x0000000085000000, 0x0000000085000000| Untracked 
|  81|0x0000000085100000, 0x0000000085200000, 0x0000000085200000|100%| S|CS|TAMS 0x0000000085100000, 0x0000000085100000| Complete 
|  82|0x0000000085200000, 0x0000000085300000, 0x0000000085300000|100%| S|CS|TAMS 0x0000000085200000, 0x0000000085200000| Complete 
|  83|0x0000000085300000, 0x0000000085400000, 0x0000000085400000|100%| S|CS|TAMS 0x0000000085300000, 0x0000000085300000| Complete 
|  84|0x0000000085400000, 0x0000000085500000, 0x0000000085500000|100%| S|CS|TAMS 0x0000000085400000, 0x0000000085400000| Complete 
|  85|0x0000000085500000, 0x0000000085500000, 0x0000000085600000|  0%| F|  |TAMS 0x0000000085500000, 0x0000000085500000| Untracked 
|  86|0x0000000085600000, 0x0000000085600000, 0x0000000085700000|  0%| F|  |TAMS 0x0000000085600000, 0x0000000085600000| Untracked 
|  87|0x0000000085700000, 0x0000000085700000, 0x0000000085800000|  0%| F|  |TAMS 0x0000000085700000, 0x0000000085700000| Untracked 
|  88|0x0000000085800000, 0x0000000085800000, 0x0000000085900000|  0%| F|  |TAMS 0x0000000085800000, 0x0000000085800000| Untracked 
|  89|0x0000000085900000, 0x0000000085900000, 0x0000000085a00000|  0%| F|  |TAMS 0x0000000085900000, 0x0000000085900000| Untracked 
|  90|0x0000000085a00000, 0x0000000085a00000, 0x0000000085b00000|  0%| F|  |TAMS 0x0000000085a00000, 0x0000000085a00000| Untracked 
|  91|0x0000000085b00000, 0x0000000085b00000, 0x0000000085c00000|  0%| F|  |TAMS 0x0000000085b00000, 0x0000000085b00000| Untracked 
|  92|0x0000000085c00000, 0x0000000085c00000, 0x0000000085d00000|  0%| F|  |TAMS 0x0000000085c00000, 0x0000000085c00000| Untracked 
|  93|0x0000000085d00000, 0x0000000085d00000, 0x0000000085e00000|  0%| F|  |TAMS 0x0000000085d00000, 0x0000000085d00000| Untracked 
|  94|0x0000000085e00000, 0x0000000085e00000, 0x0000000085f00000|  0%| F|  |TAMS 0x0000000085e00000, 0x0000000085e00000| Untracked 
|  95|0x0000000085f00000, 0x0000000085f00000, 0x0000000086000000|  0%| F|  |TAMS 0x0000000085f00000, 0x0000000085f00000| Untracked 
|  96|0x0000000086000000, 0x0000000086000000, 0x0000000086100000|  0%| F|  |TAMS 0x0000000086000000, 0x0000000086000000| Untracked 
|  97|0x0000000086100000, 0x0000000086100000, 0x0000000086200000|  0%| F|  |TAMS 0x0000000086100000, 0x0000000086100000| Untracked 
|  98|0x0000000086200000, 0x0000000086200000, 0x0000000086300000|  0%| F|  |TAMS 0x0000000086200000, 0x0000000086200000| Untracked 
|  99|0x0000000086300000, 0x0000000086300000, 0x0000000086400000|  0%| F|  |TAMS 0x0000000086300000, 0x0000000086300000| Untracked 
| 100|0x0000000086400000, 0x0000000086400000, 0x0000000086500000|  0%| F|  |TAMS 0x0000000086400000, 0x0000000086400000| Untracked 
| 101|0x0000000086500000, 0x0000000086500000, 0x0000000086600000|  0%| F|  |TAMS 0x0000000086500000, 0x0000000086500000| Untracked 
| 102|0x0000000086600000, 0x0000000086600000, 0x0000000086700000|  0%| F|  |TAMS 0x0000000086600000, 0x0000000086600000| Untracked 
| 103|0x0000000086700000, 0x0000000086700000, 0x0000000086800000|  0%| F|  |TAMS 0x0000000086700000, 0x0000000086700000| Untracked 
| 104|0x0000000086800000, 0x0000000086800000, 0x0000000086900000|  0%| F|  |TAMS 0x0000000086800000, 0x0000000086800000| Untracked 
| 105|0x0000000086900000, 0x0000000086900000, 0x0000000086a00000|  0%| F|  |TAMS 0x0000000086900000, 0x0000000086900000| Untracked 
| 106|0x0000000086a00000, 0x0000000086a00000, 0x0000000086b00000|  0%| F|  |TAMS 0x0000000086a00000, 0x0000000086a00000| Untracked 
| 107|0x0000000086b00000, 0x0000000086b00000, 0x0000000086c00000|  0%| F|  |TAMS 0x0000000086b00000, 0x0000000086b00000| Untracked 
| 108|0x0000000086c00000, 0x0000000086c00000, 0x0000000086d00000|  0%| F|  |TAMS 0x0000000086c00000, 0x0000000086c00000| Untracked 
| 109|0x0000000086d00000, 0x0000000086d00000, 0x0000000086e00000|  0%| F|  |TAMS 0x0000000086d00000, 0x0000000086d00000| Untracked 
| 110|0x0000000086e00000, 0x0000000086e80800, 0x0000000086f00000| 50%| E|  |TAMS 0x0000000086e00000, 0x0000000086e00000| Complete 
| 111|0x0000000086f00000, 0x0000000087000000, 0x0000000087000000|100%| E|CS|TAMS 0x0000000086f00000, 0x0000000086f00000| Complete 
| 112|0x0000000087000000, 0x0000000087100000, 0x0000000087100000|100%| E|CS|TAMS 0x0000000087000000, 0x0000000087000000| Complete 
| 113|0x0000000087100000, 0x0000000087200000, 0x0000000087200000|100%| E|CS|TAMS 0x0000000087100000, 0x0000000087100000| Complete 
| 114|0x0000000087200000, 0x0000000087300000, 0x0000000087300000|100%| E|CS|TAMS 0x0000000087200000, 0x0000000087200000| Complete 
| 115|0x0000000087300000, 0x0000000087400000, 0x0000000087400000|100%| E|CS|TAMS 0x0000000087300000, 0x0000000087300000| Complete 
| 116|0x0000000087400000, 0x0000000087500000, 0x0000000087500000|100%| E|CS|TAMS 0x0000000087400000, 0x0000000087400000| Complete 
| 117|0x0000000087500000, 0x0000000087600000, 0x0000000087600000|100%| E|CS|TAMS 0x0000000087500000, 0x0000000087500000| Complete 
| 118|0x0000000087600000, 0x0000000087700000, 0x0000000087700000|100%| E|CS|TAMS 0x0000000087600000, 0x0000000087600000| Complete 
| 119|0x0000000087700000, 0x0000000087800000, 0x0000000087800000|100%| E|CS|TAMS 0x0000000087700000, 0x0000000087700000| Complete 
| 120|0x0000000087800000, 0x0000000087900000, 0x0000000087900000|100%| E|CS|TAMS 0x0000000087800000, 0x0000000087800000| Complete 
| 121|0x0000000087900000, 0x0000000087a00000, 0x0000000087a00000|100%| E|CS|TAMS 0x0000000087900000, 0x0000000087900000| Complete 
| 122|0x0000000087a00000, 0x0000000087b00000, 0x0000000087b00000|100%| E|CS|TAMS 0x0000000087a00000, 0x0000000087a00000| Complete 
| 123|0x0000000087b00000, 0x0000000087c00000, 0x0000000087c00000|100%| E|CS|TAMS 0x0000000087b00000, 0x0000000087b00000| Complete 
| 124|0x0000000087c00000, 0x0000000087d00000, 0x0000000087d00000|100%| E|CS|TAMS 0x0000000087c00000, 0x0000000087c00000| Complete 
| 125|0x0000000087d00000, 0x0000000087e00000, 0x0000000087e00000|100%| E|CS|TAMS 0x0000000087d00000, 0x0000000087d00000| Complete 

Card table byte_map: [0x00000250dde90000,0x00000250de290000] _byte_map_base: 0x00000250dda90000

Marking Bits (Prev, Next): (CMBitMap*) 0x00000250cacc28c0, (CMBitMap*) 0x00000250cacc2888
 Prev Bits: [0x00000250e0690000, 0x00000250e2690000)
 Next Bits: [0x00000250de690000, 0x00000250e0690000)

Polling page: 0x00000250c8a20000

Metaspace:

Usage:
  Non-class:     44.53 MB capacity,    43.66 MB ( 98%) used,   757.51 KB (  2%) free+waste,   132.50 KB ( <1%) overhead. 
      Class:      6.90 MB capacity,     6.39 MB ( 92%) used,   467.05 KB (  7%) free+waste,    63.56 KB ( <1%) overhead. 
       Both:     51.43 MB capacity,    50.05 MB ( 97%) used,     1.20 MB (  2%) free+waste,   196.06 KB ( <1%) overhead. 

Virtual space:
  Non-class space:       46.00 MB reserved,      44.75 MB ( 97%) committed 
      Class space:        1.00 GB reserved,       7.00 MB ( <1%) committed 
             Both:        1.04 GB reserved,      51.75 MB (  5%) committed 

Chunk freelists:
   Non-Class:  33.00 KB
       Class:  3.00 KB
        Both:  36.00 KB

MaxMetaspaceSize: 17179869184.00 GB
CompressedClassSpaceSize: 1.00 GB

CodeHeap 'non-profiled nmethods': size=120000Kb used=3217Kb max_used=3217Kb free=116783Kb
 bounds [0x00000250d6230000, 0x00000250d6560000, 0x00000250dd760000]
CodeHeap 'profiled nmethods': size=120000Kb used=11185Kb max_used=11185Kb free=108814Kb
 bounds [0x00000250ced00000, 0x00000250cf7f0000, 0x00000250d6230000]
CodeHeap 'non-nmethods': size=5760Kb used=2222Kb max_used=2281Kb free=3537Kb
 bounds [0x00000250ce760000, 0x00000250ce9d0000, 0x00000250ced00000]
 total_blobs=6139 nmethods=5340 adapters=710
 compilation: enabled
              stopped_count=0, restarted_count=0
 full_count=0

Compilation events (20 events):
Event: 11.759 Thread 0x00000250e5109000 5342       3       com.google.common.reflect.TypeResolver$TypeMappingIntrospector::map (92 bytes)
Event: 11.760 Thread 0x00000250e5109000 nmethod 5342 0x00000250cf7d0510 code [0x00000250cf7d0840, 0x00000250cf7d20c8]
Event: 11.760 Thread 0x00000250e5109000 5343       3       com.google.common.collect.ImmutableSet::<init> (5 bytes)
Event: 11.760 Thread 0x00000250e5109000 nmethod 5343 0x00000250cf7d2610 code [0x00000250cf7d27e0, 0x00000250cf7d29f8]
Event: 11.761 Thread 0x00000250e5109000 5344       3       com.google.common.base.Objects::equal (23 bytes)
Event: 11.761 Thread 0x00000250e5109000 nmethod 5344 0x00000250cf7d2b10 code [0x00000250cf7d2ce0, 0x00000250cf7d2f48]
Event: 11.762 Thread 0x00000250e5109000 5345       3       org.gradle.internal.instantiation.generator.AsmBackedClassGenerator$ClassBuilderImpl::addGetter (56 bytes)
Event: 11.762 Thread 0x00000250e5109000 nmethod 5345 0x00000250cf7d3010 code [0x00000250cf7d3240, 0x00000250cf7d37a8]
Event: 11.762 Thread 0x00000250e5109000 5346       3       org.objectweb.asm.Type::getSort (19 bytes)
Event: 11.762 Thread 0x00000250e5109000 nmethod 5346 0x00000250cf7d3a10 code [0x00000250cf7d3bc0, 0x00000250cf7d3d18]
Event: 11.763 Thread 0x00000250e5109000 5347       3       org.objectweb.asm.Type::getSize (86 bytes)
Event: 11.763 Thread 0x00000250e5109000 nmethod 5347 0x00000250cf7d3d90 code [0x00000250cf7d3f60, 0x00000250cf7d42c8]
Event: 11.763 Thread 0x00000250e5109000 5348       1       com.google.common.collect.LinkedHashMultimap$ValueEntry::getSuccessorInValueSet (5 bytes)
Event: 11.763 Thread 0x00000250e5109000 nmethod 5348 0x00000250d6554110 code [0x00000250d65542c0, 0x00000250d6554378]
Event: 11.768 Thread 0x00000250e5109000 5349       3       jdk.internal.misc.Unsafe::getAndAddLong (27 bytes)
Event: 11.768 Thread 0x00000250e5109000 nmethod 5349 0x00000250cf7d4390 code [0x00000250cf7d4540, 0x00000250cf7d4798]
Event: 11.768 Thread 0x00000250e5109000 5350       3       jdk.internal.misc.Unsafe::weakCompareAndSetLong (11 bytes)
Event: 11.768 Thread 0x00000250e5109000 nmethod 5350 0x00000250cf7d4890 code [0x00000250cf7d4a40, 0x00000250cf7d4b58]
Event: 11.771 Thread 0x00000250e5109000 5351       3       org.gradle.internal.service.DefaultServiceRegistry$OwnServices::getAll (46 bytes)
Event: 11.772 Thread 0x00000250e5109000 nmethod 5351 0x00000250cf7d4c10 code [0x00000250cf7d4e40, 0x00000250cf7d56e8]

GC Heap History (20 events):
Event: 6.378 GC heap before
{Heap before GC invocations=2 (full 0):
 garbage-first heap   total 129024K, used 41393K [0x0000000080000000, 0x0000000100000000)
  region size 1024K, 35 young (35840K), 10 survivors (10240K)
 Metaspace       used 20664K, capacity 21082K, committed 21248K, reserved 1067008K
  class space    used 2531K, capacity 2705K, committed 2816K, reserved 1048576K
}
Event: 6.386 GC heap after
{Heap after GC invocations=3 (full 0):
 garbage-first heap   total 129024K, used 16943K [0x0000000080000000, 0x0000000100000000)
  region size 1024K, 1 young (1024K), 1 survivors (1024K)
 Metaspace       used 20664K, capacity 21082K, committed 21248K, reserved 1067008K
  class space    used 2531K, capacity 2705K, committed 2816K, reserved 1048576K
}
Event: 6.867 GC heap before
{Heap before GC invocations=4 (full 0):
 garbage-first heap   total 129024K, used 66095K [0x0000000080000000, 0x0000000100000000)
  region size 1024K, 49 young (50176K), 1 survivors (1024K)
 Metaspace       used 25633K, capacity 26237K, committed 26368K, reserved 1073152K
  class space    used 3344K, capacity 3558K, committed 3584K, reserved 1048576K
}
Event: 6.871 GC heap after
{Heap after GC invocations=5 (full 0):
 garbage-first heap   total 129024K, used 18774K [0x0000000080000000, 0x0000000100000000)
  region size 1024K, 3 young (3072K), 3 survivors (3072K)
 Metaspace       used 25633K, capacity 26237K, committed 26368K, reserved 1073152K
  class space    used 3344K, capacity 3558K, committed 3584K, reserved 1048576K
}
Event: 7.596 GC heap before
{Heap before GC invocations=5 (full 0):
 garbage-first heap   total 129024K, used 81238K [0x0000000080000000, 0x0000000100000000)
  region size 1024K, 55 young (56320K), 3 survivors (3072K)
 Metaspace       used 30216K, capacity 31010K, committed 31360K, reserved 1077248K
  class space    used 4081K, capacity 4381K, committed 4480K, reserved 1048576K
}
Event: 7.602 GC heap after
{Heap after GC invocations=6 (full 0):
 garbage-first heap   total 129024K, used 33419K [0x0000000080000000, 0x0000000100000000)
  region size 1024K, 7 young (7168K), 7 survivors (7168K)
 Metaspace       used 30216K, capacity 31010K, committed 31360K, reserved 1077248K
  class space    used 4081K, capacity 4381K, committed 4480K, reserved 1048576K
}
Event: 8.022 GC heap before
{Heap before GC invocations=6 (full 0):
 garbage-first heap   total 129024K, used 51851K [0x0000000080000000, 0x0000000100000000)
  region size 1024K, 26 young (26624K), 7 survivors (7168K)
 Metaspace       used 34851K, capacity 35702K, committed 35840K, reserved 1081344K
  class space    used 4558K, capacity 4901K, committed 4992K, reserved 1048576K
}
Event: 8.036 GC heap after
{Heap after GC invocations=7 (full 0):
 garbage-first heap   total 129024K, used 36720K [0x0000000080000000, 0x0000000100000000)
  region size 1024K, 3 young (3072K), 3 survivors (3072K)
 Metaspace       used 34851K, capacity 35702K, committed 35840K, reserved 1081344K
  class space    used 4558K, capacity 4901K, committed 4992K, reserved 1048576K
}
Event: 8.565 GC heap before
{Heap before GC invocations=8 (full 0):
 garbage-first heap   total 129024K, used 80752K [0x0000000080000000, 0x0000000100000000)
  region size 1024K, 44 young (45056K), 3 survivors (3072K)
 Metaspace       used 39380K, capacity 40362K, committed 40448K, reserved 1085440K
  class space    used 5029K, capacity 5364K, committed 5376K, reserved 1048576K
}
Event: 8.576 GC heap after
{Heap after GC invocations=9 (full 0):
 garbage-first heap   total 129024K, used 40403K [0x0000000080000000, 0x0000000100000000)
  region size 1024K, 6 young (6144K), 6 survivors (6144K)
 Metaspace       used 39380K, capacity 40362K, committed 40448K, reserved 1085440K
  class space    used 5029K, capacity 5364K, committed 5376K, reserved 1048576K
}
Event: 9.269 GC heap before
{Heap before GC invocations=10 (full 0):
 garbage-first heap   total 129024K, used 88531K [0x0000000080000000, 0x0000000100000000)
  region size 1024K, 48 young (49152K), 6 survivors (6144K)
 Metaspace       used 43701K, capacity 44795K, committed 45056K, reserved 1087488K
  class space    used 5715K, capacity 6121K, committed 6144K, reserved 1048576K
}
Event: 9.276 GC heap after
{Heap after GC invocations=11 (full 0):
 garbage-first heap   total 129024K, used 47576K [0x0000000080000000, 0x0000000100000000)
  region size 1024K, 6 young (6144K), 6 survivors (6144K)
 Metaspace       used 43701K, capacity 44795K, committed 45056K, reserved 1087488K
  class space    used 5715K, capacity 6121K, committed 6144K, reserved 1048576K
}
Event: 9.726 GC heap before
{Heap before GC invocations=11 (full 0):
 garbage-first heap   total 129024K, used 89560K [0x0000000080000000, 0x0000000100000000)
  region size 1024K, 47 young (48128K), 6 survivors (6144K)
 Metaspace       used 45174K, capacity 46276K, committed 46592K, reserved 1089536K
  class space    used 5906K, capacity 6316K, committed 6400K, reserved 1048576K
}
Event: 9.734 GC heap after
{Heap after GC invocations=12 (full 0):
 garbage-first heap   total 129024K, used 50518K [0x0000000080000000, 0x0000000100000000)
  region size 1024K, 6 young (6144K), 6 survivors (6144K)
 Metaspace       used 45174K, capacity 46276K, committed 46592K, reserved 1089536K
  class space    used 5906K, capacity 6316K, committed 6400K, reserved 1048576K
}
Event: 9.982 GC heap before
{Heap before GC invocations=12 (full 0):
 garbage-first heap   total 129024K, used 92502K [0x0000000080000000, 0x0000000100000000)
  region size 1024K, 47 young (48128K), 6 survivors (6144K)
 Metaspace       used 45217K, capacity 46276K, committed 46592K, reserved 1089536K
  class space    used 5906K, capacity 6316K, committed 6400K, reserved 1048576K
}
Event: 9.988 GC heap after
{Heap after GC invocations=13 (full 0):
 garbage-first heap   total 129024K, used 51352K [0x0000000080000000, 0x0000000100000000)
  region size 1024K, 4 young (4096K), 4 survivors (4096K)
 Metaspace       used 45217K, capacity 46276K, committed 46592K, reserved 1089536K
  class space    used 5906K, capacity 6316K, committed 6400K, reserved 1048576K
}
Event: 10.992 GC heap before
{Heap before GC invocations=13 (full 0):
 garbage-first heap   total 129024K, used 98456K [0x0000000080000000, 0x0000000100000000)
  region size 1024K, 47 young (48128K), 4 survivors (4096K)
 Metaspace       used 47468K, capacity 48668K, committed 48896K, reserved 1091584K
  class space    used 6156K, capacity 6615K, committed 6656K, reserved 1048576K
}
Event: 10.999 GC heap after
{Heap after GC invocations=14 (full 0):
 garbage-first heap   total 129024K, used 57104K [0x0000000080000000, 0x0000000100000000)
  region size 1024K, 4 young (4096K), 4 survivors (4096K)
 Metaspace       used 47468K, capacity 48668K, committed 48896K, reserved 1091584K
  class space    used 6156K, capacity 6615K, committed 6656K, reserved 1048576K
}
Event: 11.621 GC heap before
{Heap before GC invocations=14 (full 0):
 garbage-first heap   total 129024K, used 99088K [0x0000000080000000, 0x0000000100000000)
  region size 1024K, 45 young (46080K), 4 survivors (4096K)
 Metaspace       used 50259K, capacity 51677K, committed 51712K, reserved 1093632K
  class space    used 6373K, capacity 6887K, committed 6912K, reserved 1048576K
}
Event: 11.628 GC heap after
{Heap after GC invocations=15 (full 0):
 garbage-first heap   total 129024K, used 59584K [0x0000000080000000, 0x0000000100000000)
  region size 1024K, 6 young (6144K), 6 survivors (6144K)
 Metaspace       used 50259K, capacity 51677K, committed 51712K, reserved 1093632K
  class space    used 6373K, capacity 6887K, committed 6912K, reserved 1048576K
}

Deoptimization events (20 events):
Event: 11.364 Thread 0x00000250e7261000 DEOPT PACKING pc=0x00000250d64d728c sp=0x00000088151f8ee0
Event: 11.364 Thread 0x00000250e7261000 DEOPT UNPACKING pc=0x00000250ce7878af sp=0x00000088151f8ec8 mode 2
Event: 11.392 Thread 0x00000250e7261000 DEOPT PACKING pc=0x00000250cef5a617 sp=0x00000088151f7c20
Event: 11.392 Thread 0x00000250e7261000 DEOPT UNPACKING pc=0x00000250ce7876ce sp=0x00000088151f71a8 mode 0
Event: 11.401 Thread 0x00000250e7261000 Uncommon trap: trap_request=0xffffffc6 fr.pc=0x00000250d649b0b8 relative=0x0000000000000cb8
Event: 11.401 Thread 0x00000250e7261000 Uncommon trap: reason=bimorphic_or_optimized_type_check action=maybe_recompile pc=0x00000250d649b0b8 method=java.util.TimSort.binarySort([Ljava/lang/Object;IIILjava/util/Comparator;)V @ 93 c2
Event: 11.401 Thread 0x00000250e7261000 DEOPT PACKING pc=0x00000250d649b0b8 sp=0x00000088151f5a60
Event: 11.401 Thread 0x00000250e7261000 DEOPT UNPACKING pc=0x00000250ce7878af sp=0x00000088151f5a08 mode 2
Event: 11.561 Thread 0x00000250e7261000 Uncommon trap: trap_request=0xffffffde fr.pc=0x00000250d64d728c relative=0x00000000000019ec
Event: 11.562 Thread 0x00000250e7261000 Uncommon trap: reason=class_check action=maybe_recompile pc=0x00000250d64d728c method=org.codehaus.groovy.reflection.ParameterTypes.getParametersTypes0()V @ 16 c2
Event: 11.562 Thread 0x00000250e7261000 DEOPT PACKING pc=0x00000250d64d728c sp=0x00000088151f90f0
Event: 11.562 Thread 0x00000250e7261000 DEOPT UNPACKING pc=0x00000250ce7878af sp=0x00000088151f90d8 mode 2
Event: 11.562 Thread 0x00000250e7261000 Uncommon trap: trap_request=0xffffffde fr.pc=0x00000250d64d728c relative=0x00000000000019ec
Event: 11.562 Thread 0x00000250e7261000 Uncommon trap: reason=class_check action=maybe_recompile pc=0x00000250d64d728c method=org.codehaus.groovy.reflection.ParameterTypes.getParametersTypes0()V @ 16 c2
Event: 11.562 Thread 0x00000250e7261000 DEOPT PACKING pc=0x00000250d64d728c sp=0x00000088151f90f0
Event: 11.562 Thread 0x00000250e7261000 DEOPT UNPACKING pc=0x00000250ce7878af sp=0x00000088151f90d8 mode 2
Event: 11.648 Thread 0x00000250e783e800 Uncommon trap: trap_request=0xffffffbe fr.pc=0x00000250d64b7580 relative=0x00000000000006e0
Event: 11.648 Thread 0x00000250e783e800 Uncommon trap: reason=profile_predicate action=maybe_recompile pc=0x00000250d64b7580 method=java.util.stream.ReferencePipeline.forEachWithCancel(Ljava/util/Spliterator;Ljava/util/stream/Sink;)Z @ 8 c2
Event: 11.648 Thread 0x00000250e783e800 DEOPT PACKING pc=0x00000250d64b7580 sp=0x0000008814dfe8b0
Event: 11.648 Thread 0x00000250e783e800 DEOPT UNPACKING pc=0x00000250ce7878af sp=0x0000008814dfe7d0 mode 2

Classes redefined (0 events):
No events

Internal exceptions (20 events):
Event: 11.481 Thread 0x00000250e7261000 Exception <a 'java/lang/ClassNotFoundException'{0x0000000085d90330}: org/jetbrains/plugins/gradle/tooling/builder/ProjectExtensionsDataBuilderImplBeanInfo> (0x0000000085d90330) thrown at [./src/hotspot/share/classfile/systemDictionary.cpp, line 231]
Event: 11.481 Thread 0x00000250e7261000 Exception <a 'java/lang/ClassNotFoundException'{0x0000000085d9cb78}: org/jetbrains/plugins/gradle/tooling/builder/ProjectExtensionsDataBuilderImplCustomizer> (0x0000000085d9cb78) thrown at [./src/hotspot/share/classfile/systemDictionary.cpp, line 231]
Event: 11.484 Thread 0x00000250e7261000 Exception <a 'java/lang/ClassNotFoundException'{0x0000000085dd4660}: org/jetbrains/plugins/gradle/tooling/builder/IntelliJSettingsBuilderBeanInfo> (0x0000000085dd4660) thrown at [./src/hotspot/share/classfile/systemDictionary.cpp, line 231]
Event: 11.485 Thread 0x00000250e7261000 Exception <a 'java/lang/ClassNotFoundException'{0x0000000085de0b78}: org/jetbrains/plugins/gradle/tooling/builder/IntelliJSettingsBuilderCustomizer> (0x0000000085de0b78) thrown at [./src/hotspot/share/classfile/systemDictionary.cpp, line 231]
Event: 11.487 Thread 0x00000250e7261000 Exception <a 'java/lang/ClassNotFoundException'{0x0000000085c194b0}: org/jetbrains/plugins/gradle/tooling/builder/IntelliJProjectSettingsBuilderBeanInfo> (0x0000000085c194b0) thrown at [./src/hotspot/share/classfile/systemDictionary.cpp, line 231]
Event: 11.488 Thread 0x00000250e7261000 Exception <a 'java/lang/ClassNotFoundException'{0x0000000085c25c80}: org/jetbrains/plugins/gradle/tooling/builder/IntelliJProjectSettingsBuilderCustomizer> (0x0000000085c25c80) thrown at [./src/hotspot/share/classfile/systemDictionary.cpp, line 231]
Event: 11.559 Thread 0x00000250e7261000 Exception <a 'java/lang/ClassNotFoundException'{0x0000000085733c30}: java/util/concurrent/CopyOnWriteArrayListBeanInfo> (0x0000000085733c30) thrown at [./src/hotspot/share/classfile/systemDictionary.cpp, line 231]
Event: 11.559 Thread 0x00000250e7261000 Exception <a 'java/lang/ClassNotFoundException'{0x000000008573c290}: java/util/concurrent/CopyOnWriteArrayListCustomizer> (0x000000008573c290) thrown at [./src/hotspot/share/classfile/systemDictionary.cpp, line 231]
Event: 11.615 Thread 0x00000250e7261000 Exception <a 'java/lang/ClassNotFoundException'{0x000000008556c668}: settings_3pcll8a4lmqmpw2cmr7pfnpnhBeanInfo> (0x000000008556c668) thrown at [./src/hotspot/share/classfile/systemDictionary.cpp, line 231]
Event: 11.616 Thread 0x00000250e7261000 Exception <a 'java/lang/ClassNotFoundException'{0x0000000085581510}: org/gradle/initialization/SettingsScriptBeanInfo> (0x0000000085581510) thrown at [./src/hotspot/share/classfile/systemDictionary.cpp, line 231]
Event: 11.617 Thread 0x00000250e7261000 Exception <a 'java/lang/ClassNotFoundException'{0x0000000085597738}: org/gradle/plugin/use/internal/PluginsAwareScriptBeanInfo> (0x0000000085597738) thrown at [./src/hotspot/share/classfile/systemDictionary.cpp, line 231]
Event: 11.617 Thread 0x00000250e7261000 Exception <a 'java/lang/ClassNotFoundException'{0x00000000855aebb8}: org/gradle/plugin/use/internal/PluginsAwareScriptCustomizer> (0x00000000855aebb8) thrown at [./src/hotspot/share/classfile/systemDictionary.cpp, line 231]
Event: 11.618 Thread 0x00000250e7261000 Exception <a 'java/lang/ClassNotFoundException'{0x00000000855cc2f8}: org/gradle/initialization/SettingsScriptCustomizer> (0x00000000855cc2f8) thrown at [./src/hotspot/share/classfile/systemDictionary.cpp, line 231]
Event: 11.619 Thread 0x00000250e7261000 Exception <a 'java/lang/ClassNotFoundException'{0x00000000855df068}: settings_3pcll8a4lmqmpw2cmr7pfnpnhCustomizer> (0x00000000855df068) thrown at [./src/hotspot/share/classfile/systemDictionary.cpp, line 231]
Event: 11.634 Thread 0x00000250e7261000 Exception <a 'java/lang/ClassNotFoundException'{0x0000000087d690d0}: org/gradle/initialization/DefaultSettings_DecoratedBeanInfo> (0x0000000087d690d0) thrown at [./src/hotspot/share/classfile/systemDictionary.cpp, line 231]
Event: 11.635 Thread 0x00000250e7261000 Exception <a 'java/lang/ClassNotFoundException'{0x0000000087d8b8a0}: org/gradle/initialization/DefaultSettingsBeanInfo> (0x0000000087d8b8a0) thrown at [./src/hotspot/share/classfile/systemDictionary.cpp, line 231]
Event: 11.636 Thread 0x00000250e7261000 Exception <a 'java/lang/ClassNotFoundException'{0x0000000087daf780}: org/gradle/initialization/DefaultSettingsCustomizer> (0x0000000087daf780) thrown at [./src/hotspot/share/classfile/systemDictionary.cpp, line 231]
Event: 11.639 Thread 0x00000250e7261000 Exception <a 'java/lang/ClassNotFoundException'{0x0000000087c03d88}: org/gradle/initialization/DefaultSettings_DecoratedCustomizer> (0x0000000087c03d88) thrown at [./src/hotspot/share/classfile/systemDictionary.cpp, line 231]
Event: 11.646 Thread 0x00000250e7261000 Exception <a 'java/lang/ClassNotFoundException'{0x0000000087c92230}: org/gradle/initialization/DefaultProjectDescriptorBeanInfo> (0x0000000087c92230) thrown at [./src/hotspot/share/classfile/systemDictionary.cpp, line 231]
Event: 11.647 Thread 0x00000250e7261000 Exception <a 'java/lang/ClassNotFoundException'{0x0000000087cb80d0}: org/gradle/initialization/DefaultProjectDescriptorCustomizer> (0x0000000087cb80d0) thrown at [./src/hotspot/share/classfile/systemDictionary.cpp, line 231]

Events (20 events):
Event: 11.766 loading class org/gradle/api/internal/tasks/DefaultTaskContainerFactory$1
Event: 11.766 loading class org/gradle/api/internal/tasks/DefaultTaskContainerFactory$1 done
Event: 11.767 loading class org/gradle/internal/BiAction
Event: 11.767 loading class org/gradle/internal/BiAction done
Event: 11.767 loading class org/gradle/internal/extensibility/ExtensibleDynamicObject$Location
Event: 11.767 loading class org/gradle/internal/extensibility/ExtensibleDynamicObject$Location done
Event: 11.767 loading class org/gradle/internal/extensibility/ExtensibleDynamicObject$2
Event: 11.767 loading class org/gradle/internal/extensibility/ExtensibleDynamicObject$2 done
Event: 11.769 loading class org/gradle/api/internal/project/DefaultProject$1
Event: 11.769 loading class org/gradle/api/internal/project/DefaultProject$1 done
Event: 11.769 loading class org/gradle/api/internal/project/DefaultProject
Event: 11.769 loading class org/gradle/api/internal/project/DefaultProject done
Event: 11.769 loading class org/gradle/api/Project
Event: 11.769 loading class org/gradle/api/Project done
Event: 11.769 loading class org/gradle/api/internal/project/ProjectFactory
Event: 11.769 loading class org/gradle/api/internal/project/ProjectFactory done
Event: 11.772 loading class org/gradle/internal/extensibility/ExtensibleDynamicObject$InheritedDynamicObject
Event: 11.772 loading class org/gradle/internal/extensibility/ExtensibleDynamicObject$InheritedDynamicObject done
Event: 11.773 loading class org/gradle/initialization/ProjectPropertySettingBuildLoader$CachingPropertyApplicator
Event: 11.773 loading class org/gradle/initialization/ProjectPropertySettingBuildLoader$CachingPropertyApplicator done


Dynamic libraries:
0x00007ff7ca320000 - 0x00007ff7ca32a000 	C:\Program Files\Android\Android Studio\jre\bin\java.exe
0x00007ffc25be0000 - 0x00007ffc25dd0000 	C:\Windows\SYSTEM32\ntdll.dll
0x00007ffc24a60000 - 0x00007ffc24b12000 	C:\Windows\System32\KERNEL32.DLL
0x00007ffc23910000 - 0x00007ffc23bb5000 	C:\Windows\System32\KERNELBASE.dll
0x00007ffc23780000 - 0x00007ffc2387a000 	C:\Windows\System32\ucrtbase.dll
0x00007ffc0f590000 - 0x00007ffc0f5a7000 	C:\Program Files\Android\Android Studio\jre\bin\VCRUNTIME140.dll
0x00007ffc0f570000 - 0x00007ffc0f589000 	C:\Program Files\Android\Android Studio\jre\bin\jli.dll
0x00007ffc23ea0000 - 0x00007ffc24034000 	C:\Windows\System32\USER32.dll
0x00007ffc23560000 - 0x00007ffc23581000 	C:\Windows\System32\win32u.dll
0x00007ffc24b20000 - 0x00007ffc24b46000 	C:\Windows\System32\GDI32.dll
0x00007ffc23590000 - 0x00007ffc23728000 	C:\Windows\System32\gdi32full.dll
0x00007ffc22ce0000 - 0x00007ffc22d7e000 	C:\Windows\System32\msvcp_win.dll
0x00007ffc11920000 - 0x00007ffc11ba4000 	C:\Windows\WinSxS\amd64_microsoft.windows.common-controls_6595b64144ccf1df_6.0.18362.1556_none_9e7e372fe45e41d5\COMCTL32.dll
0x00007ffc249c0000 - 0x00007ffc24a5e000 	C:\Windows\System32\msvcrt.dll
0x00007ffc24de0000 - 0x00007ffc25116000 	C:\Windows\System32\combase.dll
0x00007ffc24040000 - 0x00007ffc2415f000 	C:\Windows\System32\RPCRT4.dll
0x00007ffc23880000 - 0x00007ffc23901000 	C:\Windows\System32\bcryptPrimitives.dll
0x00007ffc23dc0000 - 0x00007ffc23dee000 	C:\Windows\System32\IMM32.DLL
0x00007ffbe38e0000 - 0x00007ffbe397d000 	C:\Program Files\Android\Android Studio\jre\bin\msvcp140.dll
0x00007ffbb9310000 - 0x00007ffbb9ddf000 	C:\Program Files\Android\Android Studio\jre\bin\server\jvm.dll
0x00007ffc23c90000 - 0x00007ffc23d33000 	C:\Windows\System32\ADVAPI32.dll
0x00007ffc25880000 - 0x00007ffc25917000 	C:\Windows\System32\sechost.dll
0x00007ffc249b0000 - 0x00007ffc249b8000 	C:\Windows\System32\PSAPI.DLL
0x00007ffc1d7d0000 - 0x00007ffc1d7d9000 	C:\Windows\SYSTEM32\WSOCK32.dll
0x00007ffc1ee60000 - 0x00007ffc1ee84000 	C:\Windows\SYSTEM32\WINMM.dll
0x00007ffc183d0000 - 0x00007ffc183da000 	C:\Windows\SYSTEM32\VERSION.dll
0x00007ffc24cf0000 - 0x00007ffc24d5f000 	C:\Windows\System32\WS2_32.dll
0x00007ffc1ee30000 - 0x00007ffc1ee5d000 	C:\Windows\SYSTEM32\winmmbase.dll
0x00007ffc23730000 - 0x00007ffc2377a000 	C:\Windows\System32\cfgmgr32.dll
0x00007ffc22ac0000 - 0x00007ffc22ad1000 	C:\Windows\System32\kernel.appcore.dll
0x00007ffc0f6b0000 - 0x00007ffc0f6c1000 	C:\Program Files\Android\Android Studio\jre\bin\verify.dll
0x00007ffc0d930000 - 0x00007ffc0db24000 	C:\Windows\SYSTEM32\DBGHELP.DLL
0x00007ffbf5990000 - 0x00007ffbf59ba000 	C:\Windows\SYSTEM32\dbgcore.DLL
0x00007ffbed660000 - 0x00007ffbed689000 	C:\Program Files\Android\Android Studio\jre\bin\java.dll
0x00007ffc1d7c0000 - 0x00007ffc1d7cb000 	C:\Program Files\Android\Android Studio\jre\bin\jimage.dll
0x00007ffbf3670000 - 0x00007ffbf3688000 	C:\Program Files\Android\Android Studio\jre\bin\zip.dll
0x00007ffc24160000 - 0x00007ffc24847000 	C:\Windows\System32\SHELL32.dll
0x00007ffc24b70000 - 0x00007ffc24c18000 	C:\Windows\System32\shcore.dll
0x00007ffc22de0000 - 0x00007ffc2355b000 	C:\Windows\System32\windows.storage.dll
0x00007ffc22aa0000 - 0x00007ffc22abe000 	C:\Windows\System32\profapi.dll
0x00007ffc22ae0000 - 0x00007ffc22b2a000 	C:\Windows\System32\powrprof.dll
0x00007ffc22a90000 - 0x00007ffc22aa0000 	C:\Windows\System32\UMPDC.dll
0x00007ffc25820000 - 0x00007ffc25872000 	C:\Windows\System32\shlwapi.dll
0x00007ffc23bc0000 - 0x00007ffc23bd7000 	C:\Windows\System32\cryptsp.dll
0x00007ffbed640000 - 0x00007ffbed65a000 	C:\Program Files\Android\Android Studio\jre\bin\net.dll
0x00007ffc17400000 - 0x00007ffc174fa000 	C:\Windows\SYSTEM32\WINHTTP.dll
0x00007ffc222d0000 - 0x00007ffc22337000 	C:\Windows\system32\mswsock.dll
0x00007ffbed580000 - 0x00007ffbed594000 	C:\Program Files\Android\Android Studio\jre\bin\nio.dll
0x00007ffc1b700000 - 0x00007ffc1b727000 	C:\Users\OmarTaha\.gradle\native\8bec1ad78214c89d9ad589b4d07fe93259594b29d510b10fafb7a158f7737e5d\windows-amd64\native-platform.dll
0x00007ffbe4710000 - 0x00007ffbe484d000 	C:\Users\OmarTaha\.gradle\native\53dbd7edfb1c66fb8903c78663c9afc45aea4f116125fa6feffd364cf09443e8\windows-amd64\native-platform-file-events.dll
0x00007ffc176d0000 - 0x00007ffc176da000 	C:\Program Files\Android\Android Studio\jre\bin\management.dll
0x00007ffc164f0000 - 0x00007ffc164fc000 	C:\Program Files\Android\Android Studio\jre\bin\management_ext.dll
0x00007ffc21e50000 - 0x00007ffc21e83000 	C:\Windows\system32\rsaenh.dll
0x00007ffc22cb0000 - 0x00007ffc22cd6000 	C:\Windows\System32\bcrypt.dll
0x00007ffc229b0000 - 0x00007ffc229d5000 	C:\Windows\SYSTEM32\USERENV.dll
0x00007ffc224a0000 - 0x00007ffc224ac000 	C:\Windows\SYSTEM32\CRYPTBASE.dll
0x00007ffc21fe0000 - 0x00007ffc2201a000 	C:\Windows\SYSTEM32\IPHLPAPI.DLL
0x00007ffc24b60000 - 0x00007ffc24b68000 	C:\Windows\System32\NSI.dll
0x00007ffc1a1e0000 - 0x00007ffc1a1f6000 	C:\Windows\SYSTEM32\dhcpcsvc6.DLL
0x00007ffc1b420000 - 0x00007ffc1b43c000 	C:\Windows\SYSTEM32\dhcpcsvc.DLL
0x00007ffc22020000 - 0x00007ffc220eb000 	C:\Windows\SYSTEM32\DNSAPI.dll

dbghelp: loaded successfully - version: 4.0.5 - missing functions: none
symbol engine: initialized successfully - sym options: 0x614 - pdb path: .;C:\Program Files\Android\Android Studio\jre\bin;C:\Windows\SYSTEM32;C:\Windows\WinSxS\amd64_microsoft.windows.common-controls_6595b64144ccf1df_6.0.18362.1556_none_9e7e372fe45e41d5;C:\Program Files\Android\Android Studio\jre\bin\server;C:\Users\OmarTaha\.gradle\native\8bec1ad78214c89d9ad589b4d07fe93259594b29d510b10fafb7a158f7737e5d\windows-amd64;C:\Users\OmarTaha\.gradle\native\53dbd7edfb1c66fb8903c78663c9afc45aea4f116125fa6feffd364cf09443e8\windows-amd64

VM Arguments:
jvm_args: --add-opens=java.base/java.util=ALL-UNNAMED --add-opens=java.base/java.lang=ALL-UNNAMED --add-opens=java.base/java.lang.invoke=ALL-UNNAMED --add-opens=java.base/java.util=ALL-UNNAMED --add-opens=java.prefs/java.util.prefs=ALL-UNNAMED --add-opens=java.prefs/java.util.prefs=ALL-UNNAMED --add-opens=java.base/java.nio.charset=ALL-UNNAMED --add-opens=java.base/java.net=ALL-UNNAMED --add-opens=java.base/java.util.concurrent.atomic=ALL-UNNAMED -Xmx2048m -Dfile.encoding=windows-1252 -Duser.country=US -Duser.language=en -Duser.variant 
java_command: org.gradle.launcher.daemon.bootstrap.GradleDaemon 7.1-rc-1
java_class_path (initial): C:\Users\OmarTaha\.gradle\wrapper\dists\gradle-7.1-rc-1-bin\89hqeppvp8dbb4pzs5e0rkzxn\gradle-7.1-rc-1\lib\gradle-launcher-7.1.jar
Launcher Type: SUN_STANDARD

[Global flags]
     intx CICompilerCount                          = 4                                         {product} {ergonomic}
     uint ConcGCThreads                            = 2                                         {product} {ergonomic}
     uint G1ConcRefinementThreads                  = 8                                         {product} {ergonomic}
   size_t G1HeapRegionSize                         = 1048576                                   {product} {ergonomic}
    uintx GCDrainStackTargetSize                   = 64                                        {product} {ergonomic}
   size_t InitialHeapSize                          = 132120576                                 {product} {ergonomic}
   size_t MarkStackSize                            = 4194304                                   {product} {ergonomic}
   size_t MaxHeapSize                              = 2147483648                                {product} {command line}
   size_t MaxNewSize                               = 1287651328                                {product} {ergonomic}
   size_t MinHeapDeltaBytes                        = 1048576                                   {product} {ergonomic}
    uintx NonNMethodCodeHeapSize                   = 5836300                                {pd product} {ergonomic}
    uintx NonProfiledCodeHeapSize                  = 122910970                              {pd product} {ergonomic}
    uintx ProfiledCodeHeapSize                     = 122910970                              {pd product} {ergonomic}
    uintx ReservedCodeCacheSize                    = 251658240                              {pd product} {ergonomic}
     bool SegmentedCodeCache                       = true                                      {product} {ergonomic}
     bool UseCompressedClassPointers               = true                                 {lp64_product} {ergonomic}
     bool UseCompressedOops                        = true                                 {lp64_product} {ergonomic}
     bool UseG1GC                                  = true                                      {product} {ergonomic}
     bool UseLargePagesIndividualAllocation        = false                                  {pd product} {ergonomic}

Logging:
Log output configuration:
 #0: stdout all=warning uptime,level,tags
 #1: stderr all=off uptime,level,tags

Environment Variables:
JAVA_HOME=C:\Program Files\Android\jdk\microsoft_dist_openjdk_1.8.0.25
PATH=C:\Program Files (x86)\Common Files\Oracle\Java\javapath;C:\Program Files\ImageMagick-7.0.10-Q16-HDRI;C:\Program Files (x86)\Common Files\Intel\Shared Libraries\redist\intel64\compiler;C:\Program Files\Java\jdk-12.0.2\bin;C:\Windows\system32;C:\Windows;C:\Windows\System32\Wbem;C:\Windows\System32\WindowsPowerShell\v1.0\;C:\Windows\System32\OpenSSH\;C:\Program Files\dotnet\;C:\Program Files\Microsoft SQL Server\120\Tools\Binn\;C:\Program Files\Microsoft SQL Server\120\DTS\Binn\;C:\Program Files\Microsoft SQL Server\Client SDK\ODBC\110\Tools\Binn\;C:\Program Files (x86)\Microsoft SQL Server\120\Tools\Binn\;C:\Program Files (x86)\Microsoft SQL Server\120\Tools\Binn\ManagementStudio\;C:\Program Files (x86)\Microsoft SQL Server\120\DTS\Binn\;C:\Windows\Microsoft.NET\Framework\v3.5;C:\Program Files\Microsoft SQL Server\130\Tools\Binn\;C:\Program Files\Microsoft SQL Server\Client SDK\ODBC\170\Tools\Binn\;C:\Program Files\MATLAB\R2016a\runtime\win64;C:\Program Files\MATLAB\R2016a\bin;C:\Program Files\MATLAB\R2016a\polyspace\bin;C:\Program Files (x86)\dotnet\;C:\sqlite;C:\Program Files\Git\cmd;C:\Users\OmarTaha\AppData\Local\Programs\Python\Python38-32\Scripts\;C:\Users\OmarTaha\AppData\Local\Programs\Python\Python38-32\;C:\Users\OmarTaha\AppData\Local\Microsoft\WindowsApps;C:\Users\OmarTaha\AppData\Local\Programs\Microsoft VS Code\bin;C:\Users\OmarTaha\.dotnet\tools;C:\Program Files\JetBrains\PyCharm Community Edition 2020.2.4\bin;;C:\Users\OmarTaha\AppData\Local\GitHubDesktop\bin
USERNAME=OmarTaha
OS=Windows_NT
PROCESSOR_IDENTIFIER=Intel64 Family 6 Model 60 Stepping 3, GenuineIntel



---------------  S Y S T E M  ---------------

OS: Windows 10 , 64 bit Build 18362 (10.0.18362.1500)
OS uptime: 0 days 0:08 hours

CPU:total 8 (initial active 8) (4 cores per cpu, 2 threads per core) family 6 model 60 stepping 3 microcode 0x28, cmov, cx8, fxsr, mmx, sse, sse2, sse3, ssse3, sse4.1, sse4.2, popcnt, avx, avx2, aes, clmul, erms, lzcnt, ht, tsc, tscinvbit, bmi1, bmi2, fma

Memory: 4k page, system-wide physical 7993M (1183M free)
TotalPageFile size 7993M (AvailPageFile size 6M)
current process WorkingSet (physical memory assigned to process): 311M, peak: 317M
current process commit charge ("private bytes"): 353M, peak: 357M

vm_info: OpenJDK 64-Bit Server VM (11.0.10+0-b96-7249189) for windows-amd64 JRE (11.0.10+0-b96-7249189), built on Mar 31 2021 21:44:00 by "builder" with MS VC++ 14.0 (VS2015)

END.
