#
# There is insufficient memory for the Java Runtime Environment to continue.
# Native memory allocation (malloc) failed to allocate 2332816 bytes for Chunk::new
# Possible reasons:
#   The system is out of physical RAM or swap space
#   The process is running with CompressedOops enabled, and the Java Heap may be blocking the growth of the native heap
# Possible solutions:
#   Reduce memory load on the system
#   Increase physical memory or swap space
#   Check if swap backing store is full
#   Decrease Java heap size (-Xmx/-Xms)
#   Decrease number of Java threads
#   Decrease Java thread stack sizes (-Xss)
#   Set larger code cache with -XX:ReservedCodeCacheSize=
#   JVM is running with Unscaled Compressed Oops mode in which the Java heap is
#     placed in the first 4GB address space. The Java Heap base address is the
#     maximum limit for the native heap growth. Please use -XX:HeapBaseMinAddress
#     to set the Java Heap base and to place the Java Heap above 4GB virtual address.
# This output file may be truncated or incomplete.
#
#  Out of Memory Error (./open/src/hotspot/share/memory/arena.cpp:197), pid=5156, tid=11416
#
# JRE version: Java(TM) SE Runtime Environment 18.9 (11.0.12+8) (build 11.0.12+8-LTS-237)
# Java VM: Java HotSpot(TM) 64-Bit Server VM 18.9 (11.0.12+8-LTS-237, mixed mode, tiered, compressed oops, g1 gc, windows-amd64)
# No core dump will be written. Minidumps are not enabled by default on client versions of Windows
#

---------------  S U M M A R Y ------------

Command Line: --add-opens=java.base/java.util=ALL-UNNAMED --add-opens=java.base/java.lang=ALL-UNNAMED --add-opens=java.base/java.lang.invoke=ALL-UNNAMED --add-opens=java.base/java.util=ALL-UNNAMED --add-opens=java.prefs/java.util.prefs=ALL-UNNAMED --add-opens=java.prefs/java.util.prefs=ALL-UNNAMED --add-opens=java.base/java.nio.charset=ALL-UNNAMED --add-opens=java.base/java.net=ALL-UNNAMED --add-opens=java.base/java.util.concurrent.atomic=ALL-UNNAMED -Xmx2048m -Dfile.encoding=windows-1252 -Duser.country=US -Duser.language=en -Duser.variant org.gradle.launcher.daemon.bootstrap.GradleDaemon 7.1-rc-1

Host: Intel(R) Core(TM) i7-4800MQ CPU @ 2.70GHz, 8 cores, 7G,  Windows 10 , 64 bit Build 18362 (10.0.18362.1500)
Time: Thu Dec 16 01:27:25 2021 Arab Standard Time elapsed time: 9.348748 seconds (0d 0h 0m 9s)

---------------  T H R E A D  ---------------

Current thread (0x00000288de622800):  JavaThread "C2 CompilerThread1" daemon [_thread_in_native, id=11416, stack(0x0000008d78b00000,0x0000008d78c00000)]


Current CompileTask:
C2:   9348 6113       4       groovyjarjarantlr4.v4.runtime.atn.ParserATNSimulator::closure (784 bytes)

Stack: [0x0000008d78b00000,0x0000008d78c00000]
Native frames: (J=compiled Java code, j=interpreted, Vv=VM code, C=native code)
V  [jvm.dll+0x617d9a]
V  [jvm.dll+0x74eeef]
V  [jvm.dll+0x750599]
V  [jvm.dll+0x750c23]
V  [jvm.dll+0x2438d8]
V  [jvm.dll+0xba6dc]
V  [jvm.dll+0xbac9c]
V  [jvm.dll+0x3469b7]
V  [jvm.dll+0x193e79]
V  [jvm.dll+0x1fd212]
V  [jvm.dll+0x1fc2ed]
V  [jvm.dll+0x17f18c]
V  [jvm.dll+0x20b87c]
V  [jvm.dll+0x20997b]
V  [jvm.dll+0x716359]
V  [jvm.dll+0x70f064]
V  [jvm.dll+0x616f66]
C  [ucrtbase.dll+0x210b2]
C  [KERNEL32.DLL+0x17c24]
C  [ntdll.dll+0x6d721]


---------------  P R O C E S S  ---------------

Threads class SMR info:
_java_thread_list=0x00000288dc816380, length=123, elements={
0x00000288bcaa1800, 0x00000288db8ee800, 0x00000288db8f0000, 0x00000288db8f8000,
0x00000288db8fa000, 0x00000288db8fb000, 0x00000288db90b800, 0x00000288db90c800,
0x00000288db90e800, 0x00000288dc3b5000, 0x00000288debe9800, 0x00000288dddb5000,
0x00000288ddd43800, 0x00000288de72c800, 0x00000288de510000, 0x00000288de76b000,
0x00000288deb44800, 0x00000288de18f800, 0x00000288de050000, 0x00000288de573800,
0x00000288de572000, 0x00000288de573000, 0x00000288de574800, 0x00000288de622800,
0x00000288de56f800, 0x00000288de575800, 0x00000288de576000, 0x00000288de570800,
0x00000288de571800, 0x00000288de5e5000, 0x00000288de5e9800, 0x00000288de5e6000,
0x00000288de5ec000, 0x00000288de5eb000, 0x00000288de5ea000, 0x00000288de5e7800,
0x00000288de5e8800, 0x00000288de5e7000, 0x00000288df9da000, 0x00000288df9db000,
0x00000288df9dc800, 0x00000288df9de000, 0x00000288df9dd000, 0x00000288df9d8800,
0x00000288df9e4800, 0x00000288df9e3800, 0x00000288df9df000, 0x00000288df9e5800,
0x00000288df9df800, 0x00000288df9e0800, 0x00000288df9e3000, 0x00000288df9e6000,
0x00000288df9e2000, 0x00000288df9e7000, 0x00000288df9e1800, 0x00000288dd36c800,
0x00000288dd36b000, 0x00000288dd369800, 0x00000288dd36a800, 0x00000288dd36c000,
0x00000288dd367000, 0x00000288dd36d800, 0x00000288dd368000, 0x00000288dd368800,
0x00000288dd371800, 0x00000288dd373000, 0x00000288dd370000, 0x00000288dd36f000,
0x00000288dd374000, 0x00000288dd372800, 0x00000288dd36e800, 0x00000288dd371000,
0x00000288dd375000, 0x00000288dd375800, 0x00000288e2707800, 0x00000288e2701800,
0x00000288e2702800, 0x00000288e2703800, 0x00000288e270a000, 0x00000288e2708000,
0x00000288e2709000, 0x00000288e2704000, 0x00000288e270a800, 0x00000288e2705800,
0x00000288e2705000, 0x00000288e270b800, 0x00000288e270c000, 0x00000288e2706800,
0x00000288e270e800, 0x00000288e2710800, 0x00000288e270e000, 0x00000288e270d000,
0x00000288e270f800, 0x00000288dec78000, 0x00000288dec74000, 0x00000288dec72000,
0x00000288dec74800, 0x00000288dec75800, 0x00000288dec73000, 0x00000288dec7c000,
0x00000288dec78800, 0x00000288dec7b000, 0x00000288dec79800, 0x00000288dec76000,
0x00000288dec7d000, 0x00000288dec77000, 0x00000288dec7a800, 0x00000288dec7d800,
0x00000288dec7e800, 0x00000288dec81000, 0x00000288dec7f000, 0x00000288dec80000,
0x00000288df6bc000, 0x00000288df6bd000, 0x00000288df6b7000, 0x00000288df6b9800,
0x00000288df6bd800, 0x00000288df6b8000, 0x00000288df6ba800, 0x00000288df6bb800,
0x00000288df6b9000, 0x00000288df6c3800, 0x00000288e2efd800
}

Java Threads: ( => current thread )
  0x00000288bcaa1800 JavaThread "main" [_thread_blocked, id=15564, stack(0x0000008d76500000,0x0000008d76600000)]
  0x00000288db8ee800 JavaThread "Reference Handler" daemon [_thread_blocked, id=10524, stack(0x0000008d76c00000,0x0000008d76d00000)]
  0x00000288db8f0000 JavaThread "Finalizer" daemon [_thread_blocked, id=14256, stack(0x0000008d76d00000,0x0000008d76e00000)]
  0x00000288db8f8000 JavaThread "Signal Dispatcher" daemon [_thread_blocked, id=13084, stack(0x0000008d76e00000,0x0000008d76f00000)]
  0x00000288db8fa000 JavaThread "Attach Listener" daemon [_thread_blocked, id=15456, stack(0x0000008d76f00000,0x0000008d77000000)]
  0x00000288db8fb000 JavaThread "Service Thread" daemon [_thread_blocked, id=16732, stack(0x0000008d77000000,0x0000008d77100000)]
  0x00000288db90b800 JavaThread "C2 CompilerThread0" daemon [_thread_in_native, id=2332, stack(0x0000008d77100000,0x0000008d77200000)]
  0x00000288db90c800 JavaThread "C1 CompilerThread0" daemon [_thread_blocked, id=17108, stack(0x0000008d77200000,0x0000008d77300000)]
  0x00000288db90e800 JavaThread "Sweeper thread" daemon [_thread_blocked, id=15240, stack(0x0000008d77300000,0x0000008d77400000)]
  0x00000288dc3b5000 JavaThread "Common-Cleaner" daemon [_thread_blocked, id=14116, stack(0x0000008d77400000,0x0000008d77500000)]
  0x00000288debe9800 JavaThread "Daemon health stats" [_thread_blocked, id=6320, stack(0x0000008d77a00000,0x0000008d77b00000)]
  0x00000288dddb5000 JavaThread "Incoming local TCP Connector on port 20871" [_thread_in_native, id=16560, stack(0x0000008d77600000,0x0000008d77700000)]
  0x00000288ddd43800 JavaThread "Daemon periodic checks" [_thread_blocked, id=9844, stack(0x0000008d77900000,0x0000008d77a00000)]
  0x00000288de72c800 JavaThread "Daemon" [_thread_blocked, id=5604, stack(0x0000008d77b00000,0x0000008d77c00000)]
  0x00000288de510000 JavaThread "Handler for socket connection from /127.0.0.1:20871 to /127.0.0.1:20872" [_thread_in_native, id=12648, stack(0x0000008d77c00000,0x0000008d77d00000)]
  0x00000288de76b000 JavaThread "Cancel handler" [_thread_blocked, id=15828, stack(0x0000008d77d00000,0x0000008d77e00000)]
  0x00000288deb44800 JavaThread "Daemon worker" [_thread_in_native, id=5812, stack(0x0000008d77e00000,0x0000008d77f00000)]
  0x00000288de18f800 JavaThread "Asynchronous log dispatcher for DefaultDaemonConnection: socket connection from /127.0.0.1:20871 to /127.0.0.1:20872" [_thread_blocked, id=13440, stack(0x0000008d77f00000,0x0000008d78000000)]
  0x00000288de050000 JavaThread "Stdin handler" [_thread_blocked, id=7004, stack(0x0000008d78000000,0x0000008d78100000)]
  0x00000288de573800 JavaThread "Daemon client event forwarder" [_thread_blocked, id=12312, stack(0x0000008d78100000,0x0000008d78200000)]
  0x00000288de572000 JavaThread "Cache worker for journal cache (C:\Users\OmarTaha\.gradle\caches\journal-1)" [_thread_blocked, id=16548, stack(0x0000008d78700000,0x0000008d78800000)]
  0x00000288de573000 JavaThread "File lock request listener" [_thread_in_native, id=12184, stack(0x0000008d78800000,0x0000008d78900000)]
  0x00000288de574800 JavaThread "Cache worker for file hash cache (C:\Users\OmarTaha\.gradle\caches\7.1-rc-1\fileHashes)" [_thread_blocked, id=2224, stack(0x0000008d78900000,0x0000008d78a00000)]
=>0x00000288de622800 JavaThread "C2 CompilerThread1" daemon [_thread_in_native, id=11416, stack(0x0000008d78b00000,0x0000008d78c00000)]
  0x00000288de56f800 JavaThread "Cache worker for file hash cache (C:\Users\OmarTaha\AndroidStudioProjects\GMS\.gradle\7.1-rc-1\fileHashes)" [_thread_blocked, id=15488, stack(0x0000008d78c00000,0x0000008d78d00000)]
  0x00000288de575800 JavaThread "File watcher server" daemon [_thread_in_native, id=9732, stack(0x0000008d78d00000,0x0000008d78e00000)]
  0x00000288de576000 JavaThread "File watcher consumer" daemon [_thread_blocked, id=1236, stack(0x0000008d78e00000,0x0000008d78f00000)]
  0x00000288de570800 JavaThread "jar transforms" [_thread_blocked, id=16644, stack(0x0000008d79000000,0x0000008d79100000)]
  0x00000288de571800 JavaThread "jar transforms Thread 2" [_thread_blocked, id=11328, stack(0x0000008d79100000,0x0000008d79200000)]
  0x00000288de5e5000 JavaThread "jar transforms Thread 3" [_thread_blocked, id=10620, stack(0x0000008d79200000,0x0000008d79300000)]
  0x00000288de5e9800 JavaThread "jar transforms Thread 4" [_thread_blocked, id=10512, stack(0x0000008d79300000,0x0000008d79400000)]
  0x00000288de5e6000 JavaThread "jar transforms Thread 5" [_thread_blocked, id=5528, stack(0x0000008d79400000,0x0000008d79500000)]
  0x00000288de5ec000 JavaThread "jar transforms Thread 6" [_thread_blocked, id=12700, stack(0x0000008d79500000,0x0000008d79600000)]
  0x00000288de5eb000 JavaThread "jar transforms Thread 7" [_thread_blocked, id=7676, stack(0x0000008d79600000,0x0000008d79700000)]
  0x00000288de5ea000 JavaThread "jar transforms Thread 8" [_thread_blocked, id=17268, stack(0x0000008d79700000,0x0000008d79800000)]
  0x00000288de5e7800 JavaThread "Cache worker for checksums cache (C:\Users\OmarTaha\AndroidStudioProjects\GMS\.gradle\checksums)" [_thread_blocked, id=16324, stack(0x0000008d79800000,0x0000008d79900000)]
  0x00000288de5e8800 JavaThread "Cache worker for cache directory md-supplier (C:\Users\OmarTaha\.gradle\caches\7.1-rc-1\md-supplier)" [_thread_blocked, id=9400, stack(0x0000008d79900000,0x0000008d79a00000)]
  0x00000288de5e7000 JavaThread "Cache worker for cache directory md-rule (C:\Users\OmarTaha\.gradle\caches\7.1-rc-1\md-rule)" [_thread_blocked, id=9728, stack(0x0000008d79a00000,0x0000008d79b00000)]
  0x00000288df9da000 JavaThread "Cache worker for execution history cache (C:\Users\OmarTaha\.gradle\caches\7.1-rc-1\executionHistory)" [_thread_blocked, id=13212, stack(0x0000008d79b00000,0x0000008d79c00000)]
  0x00000288df9db000 JavaThread "Cache worker for file content cache (C:\Users\OmarTaha\.gradle\caches\7.1-rc-1\fileContent)" [_thread_blocked, id=17128, stack(0x0000008d79c00000,0x0000008d79d00000)]
  0x00000288df9dc800 JavaThread "Cache worker for dependencies-accessors (C:\Users\OmarTaha\AndroidStudioProjects\GMS\.gradle\7.1-rc-1\dependencies-accessors)" [_thread_blocked, id=17304, stack(0x0000008d79d00000,0x0000008d79e00000)]
  0x00000288df9de000 JavaThread "Cache worker for Build Output Cleanup Cache (C:\Users\OmarTaha\AndroidStudioProjects\GMS\.gradle\buildOutputCleanup)" [_thread_blocked, id=13136, stack(0x0000008d79e00000,0x0000008d79f00000)]
  0x00000288df9dd000 JavaThread "Unconstrained build operations" [_thread_blocked, id=10168, stack(0x0000008d79f00000,0x0000008d7a000000)]
  0x00000288df9d8800 JavaThread "Unconstrained build operations Thread 2" [_thread_blocked, id=256, stack(0x0000008d7a000000,0x0000008d7a100000)]
  0x00000288df9e4800 JavaThread "Unconstrained build operations Thread 3" [_thread_blocked, id=11396, stack(0x0000008d7a100000,0x0000008d7a200000)]
  0x00000288df9e3800 JavaThread "Unconstrained build operations Thread 4" [_thread_blocked, id=14568, stack(0x0000008d7a200000,0x0000008d7a300000)]
  0x00000288df9df000 JavaThread "Unconstrained build operations Thread 5" [_thread_blocked, id=7588, stack(0x0000008d7a300000,0x0000008d7a400000)]
  0x00000288df9e5800 JavaThread "Unconstrained build operations Thread 6" [_thread_blocked, id=16908, stack(0x0000008d7a400000,0x0000008d7a500000)]
  0x00000288df9df800 JavaThread "Unconstrained build operations Thread 7" [_thread_blocked, id=10128, stack(0x0000008d7a500000,0x0000008d7a600000)]
  0x00000288df9e0800 JavaThread "Unconstrained build operations Thread 8" [_thread_blocked, id=6956, stack(0x0000008d7a600000,0x0000008d7a700000)]
  0x00000288df9e3000 JavaThread "Unconstrained build operations Thread 9" [_thread_blocked, id=13228, stack(0x0000008d7a700000,0x0000008d7a800000)]
  0x00000288df9e6000 JavaThread "Unconstrained build operations Thread 10" [_thread_blocked, id=7464, stack(0x0000008d7a800000,0x0000008d7a900000)]
  0x00000288df9e2000 JavaThread "Unconstrained build operations Thread 11" [_thread_blocked, id=13548, stack(0x0000008d7a900000,0x0000008d7aa00000)]
  0x00000288df9e7000 JavaThread "Unconstrained build operations Thread 12" [_thread_blocked, id=3324, stack(0x0000008d7aa00000,0x0000008d7ab00000)]
  0x00000288df9e1800 JavaThread "Unconstrained build operations Thread 13" [_thread_blocked, id=5560, stack(0x0000008d7ab00000,0x0000008d7ac00000)]
  0x00000288dd36c800 JavaThread "Unconstrained build operations Thread 14" [_thread_blocked, id=8508, stack(0x0000008d7ac00000,0x0000008d7ad00000)]
  0x00000288dd36b000 JavaThread "Unconstrained build operations Thread 15" [_thread_blocked, id=2792, stack(0x0000008d7ad00000,0x0000008d7ae00000)]
  0x00000288dd369800 JavaThread "Unconstrained build operations Thread 16" [_thread_blocked, id=14388, stack(0x0000008d7ae00000,0x0000008d7af00000)]
  0x00000288dd36a800 JavaThread "Unconstrained build operations Thread 17" [_thread_blocked, id=2156, stack(0x0000008d7af00000,0x0000008d7b000000)]
  0x00000288dd36c000 JavaThread "Unconstrained build operations Thread 18" [_thread_blocked, id=7184, stack(0x0000008d7b000000,0x0000008d7b100000)]
  0x00000288dd367000 JavaThread "Unconstrained build operations Thread 19" [_thread_blocked, id=10340, stack(0x0000008d7b100000,0x0000008d7b200000)]
  0x00000288dd36d800 JavaThread "Unconstrained build operations Thread 20" [_thread_blocked, id=11308, stack(0x0000008d7b200000,0x0000008d7b300000)]
  0x00000288dd368000 JavaThread "Unconstrained build operations Thread 21" [_thread_blocked, id=1624, stack(0x0000008d7b300000,0x0000008d7b400000)]
  0x00000288dd368800 JavaThread "Unconstrained build operations Thread 22" [_thread_blocked, id=15388, stack(0x0000008d7b400000,0x0000008d7b500000)]
  0x00000288dd371800 JavaThread "Unconstrained build operations Thread 23" [_thread_blocked, id=16556, stack(0x0000008d7b500000,0x0000008d7b600000)]
  0x00000288dd373000 JavaThread "Unconstrained build operations Thread 24" [_thread_blocked, id=13956, stack(0x0000008d7b600000,0x0000008d7b700000)]
  0x00000288dd370000 JavaThread "Unconstrained build operations Thread 25" [_thread_blocked, id=14416, stack(0x0000008d7b700000,0x0000008d7b800000)]
  0x00000288dd36f000 JavaThread "Unconstrained build operations Thread 26" [_thread_blocked, id=2984, stack(0x0000008d7b800000,0x0000008d7b900000)]
  0x00000288dd374000 JavaThread "Unconstrained build operations Thread 27" [_thread_blocked, id=14832, stack(0x0000008d7b900000,0x0000008d7ba00000)]
  0x00000288dd372800 JavaThread "Unconstrained build operations Thread 28" [_thread_blocked, id=9932, stack(0x0000008d7ba00000,0x0000008d7bb00000)]
  0x00000288dd36e800 JavaThread "Unconstrained build operations Thread 29" [_thread_blocked, id=12420, stack(0x0000008d7bb00000,0x0000008d7bc00000)]
  0x00000288dd371000 JavaThread "Unconstrained build operations Thread 30" [_thread_blocked, id=8460, stack(0x0000008d7bc00000,0x0000008d7bd00000)]
  0x00000288dd375000 JavaThread "Unconstrained build operations Thread 31" [_thread_blocked, id=16248, stack(0x0000008d7bd00000,0x0000008d7be00000)]
  0x00000288dd375800 JavaThread "Unconstrained build operations Thread 32" [_thread_blocked, id=840, stack(0x0000008d7be00000,0x0000008d7bf00000)]
  0x00000288e2707800 JavaThread "Unconstrained build operations Thread 33" [_thread_blocked, id=3136, stack(0x0000008d7bf00000,0x0000008d7c000000)]
  0x00000288e2701800 JavaThread "Unconstrained build operations Thread 34" [_thread_blocked, id=12600, stack(0x0000008d7c000000,0x0000008d7c100000)]
  0x00000288e2702800 JavaThread "Unconstrained build operations Thread 35" [_thread_blocked, id=4032, stack(0x0000008d7c100000,0x0000008d7c200000)]
  0x00000288e2703800 JavaThread "Unconstrained build operations Thread 36" [_thread_blocked, id=14672, stack(0x0000008d7c200000,0x0000008d7c300000)]
  0x00000288e270a000 JavaThread "Unconstrained build operations Thread 37" [_thread_blocked, id=2248, stack(0x0000008d7c300000,0x0000008d7c400000)]
  0x00000288e2708000 JavaThread "Unconstrained build operations Thread 38" [_thread_blocked, id=14264, stack(0x0000008d7c400000,0x0000008d7c500000)]
  0x00000288e2709000 JavaThread "Unconstrained build operations Thread 39" [_thread_blocked, id=15736, stack(0x0000008d7c500000,0x0000008d7c600000)]
  0x00000288e2704000 JavaThread "Unconstrained build operations Thread 40" [_thread_blocked, id=3560, stack(0x0000008d7c600000,0x0000008d7c700000)]
  0x00000288e270a800 JavaThread "Unconstrained build operations Thread 41" [_thread_blocked, id=7776, stack(0x0000008d7c700000,0x0000008d7c800000)]
  0x00000288e2705800 JavaThread "Unconstrained build operations Thread 42" [_thread_blocked, id=14152, stack(0x0000008d7c800000,0x0000008d7c900000)]
  0x00000288e2705000 JavaThread "Unconstrained build operations Thread 43" [_thread_blocked, id=860, stack(0x0000008d7c900000,0x0000008d7ca00000)]
  0x00000288e270b800 JavaThread "Unconstrained build operations Thread 44" [_thread_blocked, id=16056, stack(0x0000008d7ca00000,0x0000008d7cb00000)]
  0x00000288e270c000 JavaThread "Unconstrained build operations Thread 45" [_thread_blocked, id=10112, stack(0x0000008d7cb00000,0x0000008d7cc00000)]
  0x00000288e2706800 JavaThread "Unconstrained build operations Thread 46" [_thread_blocked, id=16296, stack(0x0000008d7cc00000,0x0000008d7cd00000)]
  0x00000288e270e800 JavaThread "Unconstrained build operations Thread 47" [_thread_blocked, id=16416, stack(0x0000008d7cd00000,0x0000008d7ce00000)]
  0x00000288e2710800 JavaThread "Unconstrained build operations Thread 48" [_thread_blocked, id=6696, stack(0x0000008d7ce00000,0x0000008d7cf00000)]
  0x00000288e270e000 JavaThread "Unconstrained build operations Thread 49" [_thread_blocked, id=13852, stack(0x0000008d7cf00000,0x0000008d7d000000)]
  0x00000288e270d000 JavaThread "Unconstrained build operations Thread 50" [_thread_blocked, id=13216, stack(0x0000008d7d000000,0x0000008d7d100000)]
  0x00000288e270f800 JavaThread "Unconstrained build operations Thread 51" [_thread_blocked, id=14468, stack(0x0000008d7d100000,0x0000008d7d200000)]
  0x00000288dec78000 JavaThread "Unconstrained build operations Thread 52" [_thread_blocked, id=4072, stack(0x0000008d7d200000,0x0000008d7d300000)]
  0x00000288dec74000 JavaThread "Unconstrained build operations Thread 53" [_thread_blocked, id=10640, stack(0x0000008d7d300000,0x0000008d7d400000)]
  0x00000288dec72000 JavaThread "Unconstrained build operations Thread 54" [_thread_blocked, id=16156, stack(0x0000008d7d400000,0x0000008d7d500000)]
  0x00000288dec74800 JavaThread "Unconstrained build operations Thread 55" [_thread_blocked, id=13584, stack(0x0000008d7d500000,0x0000008d7d600000)]
  0x00000288dec75800 JavaThread "Unconstrained build operations Thread 56" [_thread_blocked, id=17364, stack(0x0000008d7d600000,0x0000008d7d700000)]
  0x00000288dec73000 JavaThread "Unconstrained build operations Thread 57" [_thread_blocked, id=17328, stack(0x0000008d7d700000,0x0000008d7d800000)]
  0x00000288dec7c000 JavaThread "Unconstrained build operations Thread 58" [_thread_blocked, id=6452, stack(0x0000008d7d800000,0x0000008d7d900000)]
  0x00000288dec78800 JavaThread "Unconstrained build operations Thread 59" [_thread_blocked, id=10368, stack(0x0000008d7d900000,0x0000008d7da00000)]
  0x00000288dec7b000 JavaThread "Unconstrained build operations Thread 60" [_thread_blocked, id=13448, stack(0x0000008d7da00000,0x0000008d7db00000)]
  0x00000288dec79800 JavaThread "Unconstrained build operations Thread 61" [_thread_blocked, id=788, stack(0x0000008d7db00000,0x0000008d7dc00000)]
  0x00000288dec76000 JavaThread "Unconstrained build operations Thread 62" [_thread_blocked, id=2580, stack(0x0000008d7dc00000,0x0000008d7dd00000)]
  0x00000288dec7d000 JavaThread "Unconstrained build operations Thread 63" [_thread_blocked, id=14488, stack(0x0000008d7dd00000,0x0000008d7de00000)]
  0x00000288dec77000 JavaThread "Unconstrained build operations Thread 64" [_thread_blocked, id=11776, stack(0x0000008d7de00000,0x0000008d7df00000)]
  0x00000288dec7a800 JavaThread "Unconstrained build operations Thread 65" [_thread_blocked, id=13428, stack(0x0000008d7df00000,0x0000008d7e000000)]
  0x00000288dec7d800 JavaThread "Unconstrained build operations Thread 66" [_thread_blocked, id=208, stack(0x0000008d7e000000,0x0000008d7e100000)]
  0x00000288dec7e800 JavaThread "Unconstrained build operations Thread 67" [_thread_blocked, id=14976, stack(0x0000008d7e100000,0x0000008d7e200000)]
  0x00000288dec81000 JavaThread "Unconstrained build operations Thread 68" [_thread_blocked, id=11336, stack(0x0000008d7e200000,0x0000008d7e300000)]
  0x00000288dec7f000 JavaThread "Unconstrained build operations Thread 69" [_thread_blocked, id=3044, stack(0x0000008d7e300000,0x0000008d7e400000)]
  0x00000288dec80000 JavaThread "Unconstrained build operations Thread 70" [_thread_blocked, id=12640, stack(0x0000008d7e400000,0x0000008d7e500000)]
  0x00000288df6bc000 JavaThread "Unconstrained build operations Thread 71" [_thread_blocked, id=14992, stack(0x0000008d7e500000,0x0000008d7e600000)]
  0x00000288df6bd000 JavaThread "Unconstrained build operations Thread 72" [_thread_blocked, id=9448, stack(0x0000008d7e600000,0x0000008d7e700000)]
  0x00000288df6b7000 JavaThread "Unconstrained build operations Thread 73" [_thread_blocked, id=9344, stack(0x0000008d7e700000,0x0000008d7e800000)]
  0x00000288df6b9800 JavaThread "Unconstrained build operations Thread 74" [_thread_blocked, id=1104, stack(0x0000008d7e800000,0x0000008d7e900000)]
  0x00000288df6bd800 JavaThread "Unconstrained build operations Thread 75" [_thread_blocked, id=11768, stack(0x0000008d7e900000,0x0000008d7ea00000)]
  0x00000288df6b8000 JavaThread "Unconstrained build operations Thread 76" [_thread_blocked, id=9352, stack(0x0000008d7ea00000,0x0000008d7eb00000)]
  0x00000288df6ba800 JavaThread "Unconstrained build operations Thread 77" [_thread_blocked, id=9708, stack(0x0000008d7eb00000,0x0000008d7ec00000)]
  0x00000288df6bb800 JavaThread "Unconstrained build operations Thread 78" [_thread_blocked, id=17228, stack(0x0000008d7ec00000,0x0000008d7ed00000)]
  0x00000288df6b9000 JavaThread "Unconstrained build operations Thread 79" [_thread_blocked, id=12296, stack(0x0000008d7ed00000,0x0000008d7ee00000)]
  0x00000288df6c3800 JavaThread "Unconstrained build operations Thread 80" [_thread_blocked, id=1604, stack(0x0000008d7ee00000,0x0000008d7ef00000)]
  0x00000288e2efd800 JavaThread "C2 CompilerThread2" daemon [_thread_in_native, id=3220, stack(0x0000008d78f00000,0x0000008d79000000)]

Other Threads:
  0x00000288db8dc000 VMThread "VM Thread" [stack: 0x0000008d76b00000,0x0000008d76c00000] [id=3116]
  0x00000288dc3fd800 WatcherThread [stack: 0x0000008d77500000,0x0000008d77600000] [id=2876]
  0x00000288bcab9000 GCTaskThread "GC Thread#0" [stack: 0x0000008d76600000,0x0000008d76700000] [id=6168]
  0x00000288dd525800 GCTaskThread "GC Thread#1" [stack: 0x0000008d77700000,0x0000008d77800000] [id=2804]
  0x00000288dd568800 GCTaskThread "GC Thread#2" [stack: 0x0000008d77800000,0x0000008d77900000] [id=3296]
  0x00000288defad800 GCTaskThread "GC Thread#3" [stack: 0x0000008d78200000,0x0000008d78300000] [id=8104]
  0x00000288defae800 GCTaskThread "GC Thread#4" [stack: 0x0000008d78300000,0x0000008d78400000] [id=9768]
  0x00000288de284000 GCTaskThread "GC Thread#5" [stack: 0x0000008d78400000,0x0000008d78500000] [id=11708]
  0x00000288de284800 GCTaskThread "GC Thread#6" [stack: 0x0000008d78500000,0x0000008d78600000] [id=13856]
  0x00000288ddc2e000 GCTaskThread "GC Thread#7" [stack: 0x0000008d78600000,0x0000008d78700000] [id=16840]
  0x00000288bcae7000 ConcurrentGCThread "G1 Main Marker" [stack: 0x0000008d76700000,0x0000008d76800000] [id=12968]
  0x00000288bcae8000 ConcurrentGCThread "G1 Conc#0" [stack: 0x0000008d76800000,0x0000008d76900000] [id=9368]
  0x00000288ddd6f000 ConcurrentGCThread "G1 Conc#1" [stack: 0x0000008d78a00000,0x0000008d78b00000] [id=14048]
  0x00000288db732800 ConcurrentGCThread "G1 Refine#0" [stack: 0x0000008d76900000,0x0000008d76a00000] [id=14096]
  0x00000288bcb69000 ConcurrentGCThread "G1 Young RemSet Sampling" [stack: 0x0000008d76a00000,0x0000008d76b00000] [id=7088]

Threads with active compile tasks:
C2 CompilerThread0   9423 6143       4       groovyjarjarantlr4.v4.runtime.atn.ParserATNSimulator::ruleTransition (94 bytes)
C1 CompilerThread0   9423 6310       2       sun.nio.fs.WindowsPath::compareTo (118 bytes)
C2 CompilerThread1   9423 6113       4       groovyjarjarantlr4.v4.runtime.atn.ParserATNSimulator::closure (784 bytes)
C2 CompilerThread2   9423 6218       4       groovyjarjarantlr4.v4.runtime.atn.PredictionContextCache$PredictionContextAndInt::equals (70 bytes)

VM state:not at safepoint (normal execution)

VM Mutex/Monitor currently owned by a thread: None

Heap address: 0x0000000080000000, size: 2048 MB, Compressed Oops mode: 32-bit
Narrow klass base: 0x0000000000000000, Narrow klass shift: 3
Compressed class space size: 1073741824 Address: 0x0000000100000000

Heap:
 garbage-first heap   total 129024K, used 82105K [0x0000000080000000, 0x0000000100000000)
  region size 1024K, 7 young (7168K), 1 survivors (1024K)
 Metaspace       used 53307K, capacity 54800K, committed 55168K, reserved 1097728K
  class space    used 6887K, capacity 7426K, committed 7552K, reserved 1048576K
Heap Regions: E=young(eden), S=young(survivor), O=old, HS=humongous(starts), HC=humongous(continues), CS=collection set, F=free, A=archive, TAMS=top-at-mark-start (previous, next)
|   0|0x0000000080000000, 0x0000000080100000, 0x0000000080100000|100%| O|  |TAMS 0x0000000080100000, 0x0000000080000000| Untracked 
|   1|0x0000000080100000, 0x0000000080200000, 0x0000000080200000|100%| O|  |TAMS 0x0000000080200000, 0x0000000080100000| Untracked 
|   2|0x0000000080200000, 0x0000000080300000, 0x0000000080300000|100%| O|  |TAMS 0x0000000080300000, 0x0000000080200000| Untracked 
|   3|0x0000000080300000, 0x0000000080400000, 0x0000000080400000|100%|HS|  |TAMS 0x0000000080400000, 0x0000000080300000| Complete 
|   4|0x0000000080400000, 0x0000000080500000, 0x0000000080500000|100%|HC|  |TAMS 0x0000000080500000, 0x0000000080400000| Complete 
|   5|0x0000000080500000, 0x0000000080600000, 0x0000000080600000|100%|HC|  |TAMS 0x0000000080600000, 0x0000000080500000| Complete 
|   6|0x0000000080600000, 0x0000000080700000, 0x0000000080700000|100%| O|  |TAMS 0x0000000080700000, 0x0000000080600000| Untracked 
|   7|0x0000000080700000, 0x0000000080800000, 0x0000000080800000|100%| O|  |TAMS 0x0000000080800000, 0x0000000080700000| Untracked 
|   8|0x0000000080800000, 0x0000000080900000, 0x0000000080900000|100%| O|  |TAMS 0x0000000080900000, 0x0000000080800000| Untracked 
|   9|0x0000000080900000, 0x0000000080a00000, 0x0000000080a00000|100%| O|  |TAMS 0x0000000080a00000, 0x0000000080900000| Untracked 
|  10|0x0000000080a00000, 0x0000000080b00000, 0x0000000080b00000|100%| O|  |TAMS 0x0000000080b00000, 0x0000000080a00000| Untracked 
|  11|0x0000000080b00000, 0x0000000080c00000, 0x0000000080c00000|100%| O|  |TAMS 0x0000000080c00000, 0x0000000080b00000| Untracked 
|  12|0x0000000080c00000, 0x0000000080d00000, 0x0000000080d00000|100%| O|  |TAMS 0x0000000080d00000, 0x0000000080c00000| Untracked 
|  13|0x0000000080d00000, 0x0000000080e00000, 0x0000000080e00000|100%| O|  |TAMS 0x0000000080e00000, 0x0000000080d00000| Untracked 
|  14|0x0000000080e00000, 0x0000000080f00000, 0x0000000080f00000|100%| O|  |TAMS 0x0000000080f00000, 0x0000000080e00000| Untracked 
|  15|0x0000000080f00000, 0x0000000081000000, 0x0000000081000000|100%| O|  |TAMS 0x0000000081000000, 0x0000000080f00000| Untracked 
|  16|0x0000000081000000, 0x0000000081100000, 0x0000000081100000|100%|HS|  |TAMS 0x0000000081100000, 0x0000000081000000| Complete 
|  17|0x0000000081100000, 0x0000000081200000, 0x0000000081200000|100%|HC|  |TAMS 0x0000000081200000, 0x0000000081100000| Complete 
|  18|0x0000000081200000, 0x0000000081300000, 0x0000000081300000|100%|HS|  |TAMS 0x0000000081300000, 0x0000000081200000| Complete 
|  19|0x0000000081300000, 0x0000000081400000, 0x0000000081400000|100%|HC|  |TAMS 0x0000000081400000, 0x0000000081300000| Complete 
|  20|0x0000000081400000, 0x0000000081500000, 0x0000000081500000|100%|HC|  |TAMS 0x0000000081500000, 0x0000000081400000| Complete 
|  21|0x0000000081500000, 0x0000000081600000, 0x0000000081600000|100%|HS|  |TAMS 0x0000000081600000, 0x0000000081500000| Complete 
|  22|0x0000000081600000, 0x0000000081700000, 0x0000000081700000|100%|HC|  |TAMS 0x0000000081700000, 0x0000000081600000| Complete 
|  23|0x0000000081700000, 0x0000000081800000, 0x0000000081800000|100%|HC|  |TAMS 0x0000000081800000, 0x0000000081700000| Complete 
|  24|0x0000000081800000, 0x0000000081900000, 0x0000000081900000|100%|HC|  |TAMS 0x0000000081900000, 0x0000000081800000| Complete 
|  25|0x0000000081900000, 0x0000000081a00000, 0x0000000081a00000|100%|HC|  |TAMS 0x0000000081a00000, 0x0000000081900000| Complete 
|  26|0x0000000081a00000, 0x0000000081b00000, 0x0000000081b00000|100%| O|  |TAMS 0x0000000081b00000, 0x0000000081a00000| Untracked 
|  27|0x0000000081b00000, 0x0000000081c00000, 0x0000000081c00000|100%| O|  |TAMS 0x0000000081c00000, 0x0000000081b00000| Untracked 
|  28|0x0000000081c00000, 0x0000000081d00000, 0x0000000081d00000|100%| O|  |TAMS 0x0000000081d00000, 0x0000000081c00000| Untracked 
|  29|0x0000000081d00000, 0x0000000081e00000, 0x0000000081e00000|100%| O|  |TAMS 0x0000000081e00000, 0x0000000081d00000| Untracked 
|  30|0x0000000081e00000, 0x0000000081f00000, 0x0000000081f00000|100%| O|  |TAMS 0x0000000081f00000, 0x0000000081e00000| Untracked 
|  31|0x0000000081f00000, 0x0000000082000000, 0x0000000082000000|100%| O|  |TAMS 0x0000000082000000, 0x0000000081f00000| Untracked 
|  32|0x0000000082000000, 0x0000000082100000, 0x0000000082100000|100%| O|  |TAMS 0x0000000082100000, 0x0000000082000000| Untracked 
|  33|0x0000000082100000, 0x0000000082200000, 0x0000000082200000|100%|HS|  |TAMS 0x0000000082200000, 0x0000000082100000| Complete 
|  34|0x0000000082200000, 0x0000000082300000, 0x0000000082300000|100%|HC|  |TAMS 0x0000000082300000, 0x0000000082200000| Complete 
|  35|0x0000000082300000, 0x0000000082400000, 0x0000000082400000|100%|HC|  |TAMS 0x0000000082400000, 0x0000000082300000| Complete 
|  36|0x0000000082400000, 0x0000000082500000, 0x0000000082500000|100%|HC|  |TAMS 0x0000000082500000, 0x0000000082400000| Complete 
|  37|0x0000000082500000, 0x0000000082600000, 0x0000000082600000|100%|HC|  |TAMS 0x0000000082600000, 0x0000000082500000| Complete 
|  38|0x0000000082600000, 0x0000000082700000, 0x0000000082700000|100%|HS|  |TAMS 0x0000000082700000, 0x0000000082600000| Complete 
|  39|0x0000000082700000, 0x0000000082800000, 0x0000000082800000|100%|HC|  |TAMS 0x0000000082800000, 0x0000000082700000| Complete 
|  40|0x0000000082800000, 0x0000000082900000, 0x0000000082900000|100%|HC|  |TAMS 0x0000000082900000, 0x0000000082800000| Complete 
|  41|0x0000000082900000, 0x0000000082a00000, 0x0000000082a00000|100%| O|  |TAMS 0x0000000082a00000, 0x0000000082900000| Untracked 
|  42|0x0000000082a00000, 0x0000000082b00000, 0x0000000082b00000|100%| O|  |TAMS 0x0000000082b00000, 0x0000000082a00000| Untracked 
|  43|0x0000000082b00000, 0x0000000082c00000, 0x0000000082c00000|100%| O|  |TAMS 0x0000000082c00000, 0x0000000082b00000| Untracked 
|  44|0x0000000082c00000, 0x0000000082d00000, 0x0000000082d00000|100%| O|  |TAMS 0x0000000082d00000, 0x0000000082c00000| Untracked 
|  45|0x0000000082d00000, 0x0000000082e00000, 0x0000000082e00000|100%| O|  |TAMS 0x0000000082e00000, 0x0000000082d00000| Untracked 
|  46|0x0000000082e00000, 0x0000000082f00000, 0x0000000082f00000|100%| O|  |TAMS 0x0000000082f00000, 0x0000000082e00000| Untracked 
|  47|0x0000000082f00000, 0x0000000083000000, 0x0000000083000000|100%| O|  |TAMS 0x0000000083000000, 0x0000000082f00000| Untracked 
|  48|0x0000000083000000, 0x0000000083100000, 0x0000000083100000|100%| O|  |TAMS 0x0000000083100000, 0x0000000083000000| Untracked 
|  49|0x0000000083100000, 0x0000000083200000, 0x0000000083200000|100%| O|  |TAMS 0x0000000083200000, 0x0000000083100000| Untracked 
|  50|0x0000000083200000, 0x0000000083300000, 0x0000000083300000|100%| O|  |TAMS 0x0000000083300000, 0x0000000083200000| Untracked 
|  51|0x0000000083300000, 0x0000000083400000, 0x0000000083400000|100%| O|  |TAMS 0x0000000083400000, 0x0000000083300000| Untracked 
|  52|0x0000000083400000, 0x0000000083500000, 0x0000000083500000|100%| O|  |TAMS 0x0000000083500000, 0x0000000083400000| Untracked 
|  53|0x0000000083500000, 0x0000000083600000, 0x0000000083600000|100%|HS|  |TAMS 0x0000000083600000, 0x0000000083500000| Complete 
|  54|0x0000000083600000, 0x0000000083700000, 0x0000000083700000|100%|HS|  |TAMS 0x0000000083700000, 0x0000000083600000| Complete 
|  55|0x0000000083700000, 0x0000000083800000, 0x0000000083800000|100%| O|  |TAMS 0x0000000083800000, 0x0000000083700000| Untracked 
|  56|0x0000000083800000, 0x0000000083900000, 0x0000000083900000|100%| O|  |TAMS 0x0000000083900000, 0x0000000083800000| Untracked 
|  57|0x0000000083900000, 0x0000000083a00000, 0x0000000083a00000|100%| O|  |TAMS 0x0000000083a00000, 0x0000000083900000| Untracked 
|  58|0x0000000083a00000, 0x0000000083b00000, 0x0000000083b00000|100%|HS|  |TAMS 0x0000000083b00000, 0x0000000083a00000| Complete 
|  59|0x0000000083b00000, 0x0000000083c00000, 0x0000000083c00000|100%|HC|  |TAMS 0x0000000083c00000, 0x0000000083b00000| Complete 
|  60|0x0000000083c00000, 0x0000000083d00000, 0x0000000083d00000|100%|HC|  |TAMS 0x0000000083d00000, 0x0000000083c00000| Complete 
|  61|0x0000000083d00000, 0x0000000083e00000, 0x0000000083e00000|100%| O|  |TAMS 0x0000000083e00000, 0x0000000083d00000| Untracked 
|  62|0x0000000083e00000, 0x0000000083f00000, 0x0000000083f00000|100%| O|  |TAMS 0x0000000083f00000, 0x0000000083e00000| Untracked 
|  63|0x0000000083f00000, 0x0000000084000000, 0x0000000084000000|100%| O|  |TAMS 0x0000000084000000, 0x0000000083f00000| Untracked 
|  64|0x0000000084000000, 0x0000000084100000, 0x0000000084100000|100%| O|  |TAMS 0x0000000084100000, 0x0000000084000000| Untracked 
|  65|0x0000000084100000, 0x0000000084200000, 0x0000000084200000|100%| O|  |TAMS 0x0000000084200000, 0x0000000084100000| Untracked 
|  66|0x0000000084200000, 0x0000000084300000, 0x0000000084300000|100%| O|  |TAMS 0x0000000084300000, 0x0000000084200000| Untracked 
|  67|0x0000000084300000, 0x0000000084400000, 0x0000000084400000|100%| O|  |TAMS 0x0000000084400000, 0x0000000084300000| Untracked 
|  68|0x0000000084400000, 0x0000000084500000, 0x0000000084500000|100%|HS|  |TAMS 0x0000000084500000, 0x0000000084400000| Complete 
|  69|0x0000000084500000, 0x0000000084600000, 0x0000000084600000|100%|HC|  |TAMS 0x0000000084600000, 0x0000000084500000| Complete 
|  70|0x0000000084600000, 0x0000000084700000, 0x0000000084700000|100%| O|  |TAMS 0x0000000084700000, 0x0000000084600000| Untracked 
|  71|0x0000000084700000, 0x0000000084800000, 0x0000000084800000|100%| O|  |TAMS 0x0000000084800000, 0x0000000084700000| Untracked 
|  72|0x0000000084800000, 0x0000000084900000, 0x0000000084900000|100%| O|  |TAMS 0x0000000084900000, 0x0000000084800000| Untracked 
|  73|0x0000000084900000, 0x0000000084a00000, 0x0000000084a00000|100%| O|  |TAMS 0x0000000084a00000, 0x0000000084900000| Untracked 
|  74|0x0000000084a00000, 0x0000000084a72400, 0x0000000084b00000| 44%| O|  |TAMS 0x0000000084a72400, 0x0000000084a00000| Untracked 
|  75|0x0000000084b00000, 0x0000000084b00000, 0x0000000084c00000|  0%| F|  |TAMS 0x0000000084b00000, 0x0000000084b00000| Untracked 
|  76|0x0000000084c00000, 0x0000000084c00000, 0x0000000084d00000|  0%| F|  |TAMS 0x0000000084c00000, 0x0000000084c00000| Untracked 
|  77|0x0000000084d00000, 0x0000000084d00000, 0x0000000084e00000|  0%| F|  |TAMS 0x0000000084d00000, 0x0000000084d00000| Untracked 
|  78|0x0000000084e00000, 0x0000000084e00000, 0x0000000084f00000|  0%| F|  |TAMS 0x0000000084e00000, 0x0000000084e00000| Untracked 
|  79|0x0000000084f00000, 0x0000000084f00000, 0x0000000085000000|  0%| F|  |TAMS 0x0000000084f00000, 0x0000000084f00000| Untracked 
|  80|0x0000000085000000, 0x0000000085000000, 0x0000000085100000|  0%| F|  |TAMS 0x0000000085000000, 0x0000000085000000| Untracked 
|  81|0x0000000085100000, 0x0000000085100000, 0x0000000085200000|  0%| F|  |TAMS 0x0000000085100000, 0x0000000085100000| Untracked 
|  82|0x0000000085200000, 0x0000000085200000, 0x0000000085300000|  0%| F|  |TAMS 0x0000000085200000, 0x0000000085200000| Untracked 
|  83|0x0000000085300000, 0x0000000085300000, 0x0000000085400000|  0%| F|  |TAMS 0x0000000085300000, 0x0000000085300000| Untracked 
|  84|0x0000000085400000, 0x0000000085400000, 0x0000000085500000|  0%| F|  |TAMS 0x0000000085400000, 0x0000000085400000| Untracked 
|  85|0x0000000085500000, 0x0000000085500000, 0x0000000085600000|  0%| F|  |TAMS 0x0000000085500000, 0x0000000085500000| Untracked 
|  86|0x0000000085600000, 0x0000000085600000, 0x0000000085700000|  0%| F|  |TAMS 0x0000000085600000, 0x0000000085600000| Untracked 
|  87|0x0000000085700000, 0x0000000085700000, 0x0000000085800000|  0%| F|  |TAMS 0x0000000085700000, 0x0000000085700000| Untracked 
|  88|0x0000000085800000, 0x0000000085800000, 0x0000000085900000|  0%| F|  |TAMS 0x0000000085800000, 0x0000000085800000| Untracked 
|  89|0x0000000085900000, 0x0000000085900000, 0x0000000085a00000|  0%| F|  |TAMS 0x0000000085900000, 0x0000000085900000| Untracked 
|  90|0x0000000085a00000, 0x0000000085a00000, 0x0000000085b00000|  0%| F|  |TAMS 0x0000000085a00000, 0x0000000085a00000| Untracked 
|  91|0x0000000085b00000, 0x0000000085b00000, 0x0000000085c00000|  0%| F|  |TAMS 0x0000000085b00000, 0x0000000085b00000| Untracked 
|  92|0x0000000085c00000, 0x0000000085c00000, 0x0000000085d00000|  0%| F|  |TAMS 0x0000000085c00000, 0x0000000085c00000| Untracked 
|  93|0x0000000085d00000, 0x0000000085d00000, 0x0000000085e00000|  0%| F|  |TAMS 0x0000000085d00000, 0x0000000085d00000| Untracked 
|  94|0x0000000085e00000, 0x0000000085e00000, 0x0000000085f00000|  0%| F|  |TAMS 0x0000000085e00000, 0x0000000085e00000| Untracked 
|  95|0x0000000085f00000, 0x0000000085f00000, 0x0000000086000000|  0%| F|  |TAMS 0x0000000085f00000, 0x0000000085f00000| Untracked 
|  96|0x0000000086000000, 0x0000000086000000, 0x0000000086100000|  0%| F|  |TAMS 0x0000000086000000, 0x0000000086000000| Untracked 
|  97|0x0000000086100000, 0x0000000086100000, 0x0000000086200000|  0%| F|  |TAMS 0x0000000086100000, 0x0000000086100000| Untracked 
|  98|0x0000000086200000, 0x0000000086200000, 0x0000000086300000|  0%| F|  |TAMS 0x0000000086200000, 0x0000000086200000| Untracked 
|  99|0x0000000086300000, 0x0000000086300000, 0x0000000086400000|  0%| F|  |TAMS 0x0000000086300000, 0x0000000086300000| Untracked 
| 100|0x0000000086400000, 0x0000000086400000, 0x0000000086500000|  0%| F|  |TAMS 0x0000000086400000, 0x0000000086400000| Untracked 
| 101|0x0000000086500000, 0x0000000086500000, 0x0000000086600000|  0%| F|  |TAMS 0x0000000086500000, 0x0000000086500000| Untracked 
| 102|0x0000000086600000, 0x0000000086600000, 0x0000000086700000|  0%| F|  |TAMS 0x0000000086600000, 0x0000000086600000| Untracked 
| 103|0x0000000086700000, 0x00000000867bc190, 0x0000000086800000| 73%| S|CS|TAMS 0x0000000086700000, 0x0000000086700000| Complete 
| 104|0x0000000086800000, 0x0000000086800000, 0x0000000086900000|  0%| F|  |TAMS 0x0000000086800000, 0x0000000086800000| Untracked 
| 105|0x0000000086900000, 0x0000000086900000, 0x0000000086a00000|  0%| F|  |TAMS 0x0000000086900000, 0x0000000086900000| Untracked 
| 106|0x0000000086a00000, 0x0000000086a00000, 0x0000000086b00000|  0%| F|  |TAMS 0x0000000086a00000, 0x0000000086a00000| Untracked 
| 107|0x0000000086b00000, 0x0000000086b00000, 0x0000000086c00000|  0%| F|  |TAMS 0x0000000086b00000, 0x0000000086b00000| Untracked 
| 108|0x0000000086c00000, 0x0000000086c00000, 0x0000000086d00000|  0%| F|  |TAMS 0x0000000086c00000, 0x0000000086c00000| Untracked 
| 109|0x0000000086d00000, 0x0000000086d00000, 0x0000000086e00000|  0%| F|  |TAMS 0x0000000086d00000, 0x0000000086d00000| Untracked 
| 110|0x0000000086e00000, 0x0000000086e00000, 0x0000000086f00000|  0%| F|  |TAMS 0x0000000086e00000, 0x0000000086e00000| Untracked 
| 111|0x0000000086f00000, 0x0000000086f00000, 0x0000000087000000|  0%| F|  |TAMS 0x0000000086f00000, 0x0000000086f00000| Untracked 
| 112|0x0000000087000000, 0x0000000087000000, 0x0000000087100000|  0%| F|  |TAMS 0x0000000087000000, 0x0000000087000000| Untracked 
| 113|0x0000000087100000, 0x0000000087100000, 0x0000000087200000|  0%| F|  |TAMS 0x0000000087100000, 0x0000000087100000| Untracked 
| 114|0x0000000087200000, 0x0000000087200000, 0x0000000087300000|  0%| F|  |TAMS 0x0000000087200000, 0x0000000087200000| Untracked 
| 115|0x0000000087300000, 0x0000000087300000, 0x0000000087400000|  0%| F|  |TAMS 0x0000000087300000, 0x0000000087300000| Untracked 
| 116|0x0000000087400000, 0x0000000087400000, 0x0000000087500000|  0%| F|  |TAMS 0x0000000087400000, 0x0000000087400000| Untracked 
| 117|0x0000000087500000, 0x0000000087500000, 0x0000000087600000|  0%| F|  |TAMS 0x0000000087500000, 0x0000000087500000| Untracked 
| 118|0x0000000087600000, 0x0000000087600000, 0x0000000087700000|  0%| F|  |TAMS 0x0000000087600000, 0x0000000087600000| Untracked 
| 119|0x0000000087700000, 0x0000000087700000, 0x0000000087800000|  0%| F|  |TAMS 0x0000000087700000, 0x0000000087700000| Untracked 
| 120|0x0000000087800000, 0x0000000087900000, 0x0000000087900000|100%| E|  |TAMS 0x0000000087800000, 0x0000000087800000| Complete 
| 121|0x0000000087900000, 0x0000000087a00000, 0x0000000087a00000|100%| E|CS|TAMS 0x0000000087900000, 0x0000000087900000| Complete 
| 122|0x0000000087a00000, 0x0000000087b00000, 0x0000000087b00000|100%| E|CS|TAMS 0x0000000087a00000, 0x0000000087a00000| Complete 
| 123|0x0000000087b00000, 0x0000000087c00000, 0x0000000087c00000|100%| E|CS|TAMS 0x0000000087b00000, 0x0000000087b00000| Complete 
| 124|0x0000000087c00000, 0x0000000087d00000, 0x0000000087d00000|100%| E|CS|TAMS 0x0000000087c00000, 0x0000000087c00000| Complete 
| 125|0x0000000087d00000, 0x0000000087e00000, 0x0000000087e00000|100%| E|CS|TAMS 0x0000000087d00000, 0x0000000087d00000| Complete 

Card table byte_map: [0x00000288d4680000,0x00000288d4a80000] _byte_map_base: 0x00000288d4280000

Marking Bits (Prev, Next): (CMBitMap*) 0x00000288bcade220, (CMBitMap*) 0x00000288bcade1e8
 Prev Bits: [0x00000288d6e80000, 0x00000288d8e80000)
 Next Bits: [0x00000288d4e80000, 0x00000288d6e80000)

Polling page: 0x00000288baa60000

Metaspace:

Usage:
  Non-class:     46.26 MB capacity,    45.34 MB ( 98%) used,   799.97 KB (  2%) free+waste,   141.81 KB ( <1%) overhead. 
      Class:      7.25 MB capacity,     6.73 MB ( 93%) used,   467.63 KB (  6%) free+waste,    67.88 KB ( <1%) overhead. 
       Both:     53.52 MB capacity,    52.07 MB ( 97%) used,     1.24 MB (  2%) free+waste,   209.69 KB ( <1%) overhead. 

Virtual space:
  Non-class space:       48.00 MB reserved,      46.50 MB ( 97%) committed 
      Class space:        1.00 GB reserved,       7.38 MB ( <1%) committed 
             Both:        1.05 GB reserved,      53.88 MB (  5%) committed 

Chunk freelists:
   Non-Class:  6.25 KB
       Class:  0 bytes
        Both:  6.25 KB

CodeHeap 'non-profiled nmethods': size=120000Kb used=3693Kb max_used=3693Kb free=116307Kb
 bounds [0x00000288cca20000, 0x00000288ccdc0000, 0x00000288d3f50000]
CodeHeap 'profiled nmethods': size=120000Kb used=12812Kb max_used=12812Kb free=107187Kb
 bounds [0x00000288c54f0000, 0x00000288c6180000, 0x00000288cca20000]
CodeHeap 'non-nmethods': size=5760Kb used=2230Kb max_used=2279Kb free=3530Kb
 bounds [0x00000288c4f50000, 0x00000288c51c0000, 0x00000288c54f0000]
 total_blobs=7081 nmethods=6275 adapters=716
 compilation: enabled
              stopped_count=0, restarted_count=0
 full_count=0

Compilation events (10 events):
Event: 9.321 Thread 0x00000288e2efd800 nmethod 6216% 0x00000288ccdb1710 code [0x00000288ccdb18c0, 0x00000288ccdb21f8]
Event: 9.321 Thread 0x00000288e2efd800 6181       4       groovyjarjarantlr4.v4.runtime.atn.SingletonPredictionContext::<init> (46 bytes)
Event: 9.323 Thread 0x00000288e2efd800 nmethod 6181 0x00000288ccdb2590 code [0x00000288ccdb2720, 0x00000288ccdb28f8]
Event: 9.323 Thread 0x00000288e2efd800 6185       4       groovyjarjarantlr4.v4.runtime.atn.PredictionContextCache::getAsCached (43 bytes)
Event: 9.331 Thread 0x00000288db90c800 6235       2       java.util.Collections::singletonMap (10 bytes)
Event: 9.331 Thread 0x00000288db90c800 nmethod 6235 0x00000288c6162390 code [0x00000288c6162540, 0x00000288c6162738]
Event: 9.331 Thread 0x00000288db90c800 6236       2       java.util.Collections$SingletonMap::<init> (15 bytes)
Event: 9.331 Thread 0x00000288db90c800 nmethod 6236 0x00000288c6162810 code [0x00000288c61629c0, 0x00000288c6162b58]
Event: 9.337 Thread 0x00000288db90c800 6238       2       org.apache.groovy.parser.antlr4.GroovyParser$GroovyParserRuleContext::<init> (10 bytes)
Event: 9.338 Thread 0x00000288db90c800 nmethod 6238 0x00000288c6162c10 code [0x00000288c6162da0, 0x00000288c6162ed8]

GC Heap History (10 events):
Event: 8.369 GC heap before
{Heap before GC invocations=16 (full 0):
 garbage-first heap   total 129024K, used 69600K [0x0000000080000000, 0x0000000100000000)
  region size 1024K, 8 young (8192K), 6 survivors (6144K)
 Metaspace       used 49785K, capacity 51147K, committed 51456K, reserved 1093632K
  class space    used 6333K, capacity 6806K, committed 6912K, reserved 1048576K
}
Event: 8.373 GC heap after
{Heap after GC invocations=17 (full 0):
 garbage-first heap   total 129024K, used 70614K [0x0000000080000000, 0x0000000100000000)
  region size 1024K, 2 young (2048K), 2 survivors (2048K)
 Metaspace       used 49785K, capacity 51147K, committed 51456K, reserved 1093632K
  class space    used 6333K, capacity 6806K, committed 6912K, reserved 1048576K
}
Event: 8.621 GC heap before
{Heap before GC invocations=18 (full 0):
 garbage-first heap   total 129024K, used 90070K [0x0000000080000000, 0x0000000100000000)
  region size 1024K, 20 young (20480K), 2 survivors (2048K)
 Metaspace       used 50806K, capacity 52305K, committed 52352K, reserved 1095680K
  class space    used 6471K, capacity 6999K, committed 7040K, reserved 1048576K
}
Event: 8.623 GC heap after
{Heap after GC invocations=19 (full 0):
 garbage-first heap   total 129024K, used 74897K [0x0000000080000000, 0x0000000100000000)
  region size 1024K, 3 young (3072K), 3 survivors (3072K)
 Metaspace       used 50806K, capacity 52305K, committed 52352K, reserved 1095680K
  class space    used 6471K, capacity 6999K, committed 7040K, reserved 1048576K
}
Event: 8.862 GC heap before
{Heap before GC invocations=19 (full 0):
 garbage-first heap   total 129024K, used 93329K [0x0000000080000000, 0x0000000100000000)
  region size 1024K, 21 young (21504K), 3 survivors (3072K)
 Metaspace       used 52899K, capacity 54364K, committed 54528K, reserved 1095680K
  class space    used 6857K, capacity 7387K, committed 7424K, reserved 1048576K
}
Event: 8.866 GC heap after
{Heap after GC invocations=20 (full 0):
 garbage-first heap   total 129024K, used 76439K [0x0000000080000000, 0x0000000100000000)
  region size 1024K, 2 young (2048K), 2 survivors (2048K)
 Metaspace       used 52899K, capacity 54364K, committed 54528K, reserved 1095680K
  class space    used 6857K, capacity 7387K, committed 7424K, reserved 1048576K
}
Event: 9.110 GC heap before
{Heap before GC invocations=21 (full 0):
 garbage-first heap   total 129024K, used 94871K [0x0000000080000000, 0x0000000100000000)
  region size 1024K, 20 young (20480K), 2 survivors (2048K)
 Metaspace       used 52941K, capacity 54420K, committed 54784K, reserved 1097728K
  class space    used 6843K, capacity 7363K, committed 7424K, reserved 1048576K
}
Event: 9.113 GC heap after
{Heap after GC invocations=22 (full 0):
 garbage-first heap   total 129024K, used 76747K [0x0000000080000000, 0x0000000100000000)
  region size 1024K, 2 young (2048K), 2 survivors (2048K)
 Metaspace       used 52941K, capacity 54420K, committed 54784K, reserved 1097728K
  class space    used 6843K, capacity 7363K, committed 7424K, reserved 1048576K
}
Event: 9.297 GC heap before
{Heap before GC invocations=22 (full 0):
 garbage-first heap   total 129024K, used 97227K [0x0000000080000000, 0x0000000100000000)
  region size 1024K, 22 young (22528K), 2 survivors (2048K)
 Metaspace       used 52979K, capacity 54420K, committed 54784K, reserved 1097728K
  class space    used 6843K, capacity 7363K, committed 7424K, reserved 1048576K
}
Event: 9.301 GC heap after
{Heap after GC invocations=23 (full 0):
 garbage-first heap   total 129024K, used 76985K [0x0000000080000000, 0x0000000100000000)
  region size 1024K, 1 young (1024K), 1 survivors (1024K)
 Metaspace       used 52979K, capacity 54420K, committed 54784K, reserved 1097728K
  class space    used 6843K, capacity 7363K, committed 7424K, reserved 1048576K
}

Deoptimization events (10 events):
Event: 8.801 Thread 0x00000288deb44800 Uncommon trap: reason=unstable_if action=reinterpret pc=0x00000288cca90c70 method=java.lang.Character.isSurrogate(C)Z @ 3 c2
Event: 8.822 Thread 0x00000288deb44800 Uncommon trap: reason=unstable_if action=reinterpret pc=0x00000288ccd83ebc method=groovyjarjarantlr4.v4.runtime.atn.ATNConfig.transform(Lgroovyjarjarantlr4/v4/runtime/atn/ATNState;Lgroovyjarjarantlr4/v4/runtime/atn/PredictionContext;Lgroovyjarjarantlr4/v4
Event: 8.839 Thread 0x00000288deb44800 Uncommon trap: reason=unstable_if action=reinterpret pc=0x00000288cca91920 method=java.util.HashMap.resize()[Ljava/util/HashMap$Node; @ 203 c2
Event: 8.893 Thread 0x00000288deb44800 Uncommon trap: reason=unstable_if action=reinterpret pc=0x00000288ccd8b40c method=groovyjarjarantlr4.v4.runtime.atn.PredictionContextCache$PredictionContextAndInt.equals(Ljava/lang/Object;)Z @ 40 c2
Event: 8.970 Thread 0x00000288deb44800 Uncommon trap: reason=class_check action=maybe_recompile pc=0x00000288ccd95bc8 method=groovyjarjarantlr4.v4.runtime.atn.ParserATNSimulator.closure(Lgroovyjarjarantlr4/v4/runtime/atn/ATNConfig;Lgroovyjarjarantlr4/v4/runtime/atn/ATNConfigSet;Lgroovyjarjaran
Event: 8.971 Thread 0x00000288deb44800 Uncommon trap: reason=class_check action=maybe_recompile pc=0x00000288ccd95bc8 method=groovyjarjarantlr4.v4.runtime.atn.ParserATNSimulator.closure(Lgroovyjarjarantlr4/v4/runtime/atn/ATNConfig;Lgroovyjarjarantlr4/v4/runtime/atn/ATNConfigSet;Lgroovyjarjaran
Event: 8.973 Thread 0x00000288deb44800 Uncommon trap: reason=class_check action=maybe_recompile pc=0x00000288ccd95bc8 method=groovyjarjarantlr4.v4.runtime.atn.ParserATNSimulator.closure(Lgroovyjarjarantlr4/v4/runtime/atn/ATNConfig;Lgroovyjarjarantlr4/v4/runtime/atn/ATNConfigSet;Lgroovyjarjaran
Event: 8.973 Thread 0x00000288deb44800 Uncommon trap: reason=class_check action=maybe_recompile pc=0x00000288ccd95bc8 method=groovyjarjarantlr4.v4.runtime.atn.ParserATNSimulator.closure(Lgroovyjarjarantlr4/v4/runtime/atn/ATNConfig;Lgroovyjarjarantlr4/v4/runtime/atn/ATNConfigSet;Lgroovyjarjaran
Event: 8.998 Thread 0x00000288deb44800 Uncommon trap: reason=unstable_if action=reinterpret pc=0x00000288ccb729f4 method=java.util.concurrent.ConcurrentHashMap.get(Ljava/lang/Object;)Ljava/lang/Object; @ 152 c2
Event: 9.309 Thread 0x00000288deb44800 Uncommon trap: reason=unstable_if action=reinterpret pc=0x00000288ccdac310 method=java.util.HashMap.getNode(ILjava/lang/Object;)Ljava/util/HashMap$Node; @ 84 c2

Classes redefined (0 events):
No events

Internal exceptions (10 events):
Event: 8.542 Thread 0x00000288deb44800 Exception <a 'java/lang/ClassNotFoundException'{0x00000000870da960}: org/gradle/api/tasks/DeleteBeanInfo> (0x00000000870da960) thrown at [./open/src/hotspot/share/classfile/systemDictionary.cpp, line 228]
Event: 8.543 Thread 0x00000288deb44800 Exception <a 'java/lang/ClassNotFoundException'{0x0000000086f07238}: org/gradle/api/internal/ConventionTaskBeanInfo> (0x0000000086f07238) thrown at [./open/src/hotspot/share/classfile/systemDictionary.cpp, line 228]
Event: 8.544 Thread 0x00000288deb44800 Exception <a 'java/lang/ClassNotFoundException'{0x0000000086f30678}: org/gradle/api/DefaultTaskBeanInfo> (0x0000000086f30678) thrown at [./open/src/hotspot/share/classfile/systemDictionary.cpp, line 228]
Event: 8.544 Thread 0x00000288deb44800 Exception <a 'java/lang/ClassNotFoundException'{0x0000000086f5da68}: org/gradle/api/internal/AbstractTaskBeanInfo> (0x0000000086f5da68) thrown at [./open/src/hotspot/share/classfile/systemDictionary.cpp, line 228]
Event: 8.545 Thread 0x00000288deb44800 Exception <a 'java/lang/ClassNotFoundException'{0x0000000086f8b0d8}: org/gradle/api/internal/AbstractTaskCustomizer> (0x0000000086f8b0d8) thrown at [./open/src/hotspot/share/classfile/systemDictionary.cpp, line 228]
Event: 8.547 Thread 0x00000288deb44800 Exception <a 'java/lang/ClassNotFoundException'{0x0000000086ffd048}: org/gradle/api/DefaultTaskCustomizer> (0x0000000086ffd048) thrown at [./open/src/hotspot/share/classfile/systemDictionary.cpp, line 228]
Event: 8.550 Thread 0x00000288deb44800 Exception <a 'java/lang/ClassNotFoundException'{0x0000000086e7e598}: org/gradle/api/internal/ConventionTaskCustomizer> (0x0000000086e7e598) thrown at [./open/src/hotspot/share/classfile/systemDictionary.cpp, line 228]
Event: 8.551 Thread 0x00000288deb44800 Exception <a 'java/lang/ClassNotFoundException'{0x0000000086eb7018}: org/gradle/api/tasks/DeleteCustomizer> (0x0000000086eb7018) thrown at [./open/src/hotspot/share/classfile/systemDictionary.cpp, line 228]
Event: 8.552 Thread 0x00000288deb44800 Exception <a 'java/lang/ClassNotFoundException'{0x0000000086ef67d8}: org/gradle/api/tasks/Delete_DecoratedCustomizer> (0x0000000086ef67d8) thrown at [./open/src/hotspot/share/classfile/systemDictionary.cpp, line 228]
Event: 8.591 Thread 0x00000288deb44800 Exception <a 'java/lang/NoSuchMethodError'{0x0000000086ccd280}: java.lang.invoke.DirectMethodHandle$Holder.invokeVirtual(Ljava/lang/Object;Ljava/lang/Object;)V> (0x0000000086ccd280) thrown at [./open/src/hotspot/share/interpreter/linkResolver.cpp, line 77

Events (10 events):
Event: 9.156 Thread 0x00000288deb44800 DEOPT UNPACKING pc=0x00000288c4f76dde sp=0x0000008d77ef71a0 mode 0
Event: 9.210 Thread 0x00000288deb44800 DEOPT PACKING pc=0x00000288c60fbd80 sp=0x0000008d77ef76b0
Event: 9.210 Thread 0x00000288deb44800 DEOPT UNPACKING pc=0x00000288c4f76dde sp=0x0000008d77ef6ba0 mode 0
Event: 9.297 Executing VM operation: G1CollectForAllocation
Event: 9.301 Executing VM operation: G1CollectForAllocation done
Event: 9.309 Thread 0x00000288deb44800 Uncommon trap: trap_request=0xffffff4d fr.pc=0x00000288ccdac310 relative=0x0000000000005910
Event: 9.309 Thread 0x00000288deb44800 DEOPT PACKING pc=0x00000288ccdac310 sp=0x0000008d77ef7180
Event: 9.309 Thread 0x00000288deb44800 DEOPT UNPACKING pc=0x00000288c4f7662f sp=0x0000008d77ef7048 mode 2
Event: 9.329 Thread 0x00000288deb44800 DEOPT PACKING pc=0x00000288c5d5d4a8 sp=0x0000008d77ef7120
Event: 9.329 Thread 0x00000288deb44800 DEOPT UNPACKING pc=0x00000288c4f76dde sp=0x0000008d77ef65c0 mode 0


Dynamic libraries:
0x00007ff626ca0000 - 0x00007ff626caf000 	C:\Program Files\Java\jdk-11.0.12\bin\java.exe
0x00007ff96ffc0000 - 0x00007ff9701b0000 	C:\Windows\SYSTEM32\ntdll.dll
0x00007ff96efc0000 - 0x00007ff96f072000 	C:\Windows\System32\KERNEL32.DLL
0x00007ff96d270000 - 0x00007ff96d515000 	C:\Windows\System32\KERNELBASE.dll
0x00007ff96d520000 - 0x00007ff96d61a000 	C:\Windows\System32\ucrtbase.dll
0x00007ff964280000 - 0x00007ff964298000 	C:\Program Files\Java\jdk-11.0.12\bin\jli.dll
0x00007ff963d50000 - 0x00007ff963d65000 	C:\Program Files\Java\jdk-11.0.12\bin\VCRUNTIME140.dll
0x00007ff96ef10000 - 0x00007ff96efb3000 	C:\Windows\System32\ADVAPI32.dll
0x00007ff96fb90000 - 0x00007ff96fc2e000 	C:\Windows\System32\msvcrt.dll
0x00007ff96fc30000 - 0x00007ff96fcc7000 	C:\Windows\System32\sechost.dll
0x00007ff96f8a0000 - 0x00007ff96f9bf000 	C:\Windows\System32\RPCRT4.dll
0x00007ff96e070000 - 0x00007ff96e204000 	C:\Windows\System32\USER32.dll
0x00007ff96dff0000 - 0x00007ff96e011000 	C:\Windows\System32\win32u.dll
0x00007ff96ec00000 - 0x00007ff96ec26000 	C:\Windows\System32\GDI32.dll
0x00007ff96d6b0000 - 0x00007ff96d848000 	C:\Windows\System32\gdi32full.dll
0x00007ff95ba20000 - 0x00007ff95bca4000 	C:\Windows\WinSxS\amd64_microsoft.windows.common-controls_6595b64144ccf1df_6.0.18362.1556_none_9e7e372fe45e41d5\COMCTL32.dll
0x00007ff96d1d0000 - 0x00007ff96d26e000 	C:\Windows\System32\msvcp_win.dll
0x00007ff96e840000 - 0x00007ff96eb76000 	C:\Windows\System32\combase.dll
0x00007ff96d140000 - 0x00007ff96d1c1000 	C:\Windows\System32\bcryptPrimitives.dll
0x00007ff966160000 - 0x00007ff96616a000 	C:\Windows\SYSTEM32\VERSION.dll
0x00007ff96fcd0000 - 0x00007ff96fcfe000 	C:\Windows\System32\IMM32.DLL
0x00007ff9423f0000 - 0x00007ff94248b000 	C:\Program Files\Java\jdk-11.0.12\bin\msvcp140.dll
0x00007ff918390000 - 0x00007ff918e8f000 	C:\Program Files\Java\jdk-11.0.12\bin\server\jvm.dll
0x00007ff96ecc0000 - 0x00007ff96ecc8000 	C:\Windows\System32\PSAPI.DLL
0x00007ff9690e0000 - 0x00007ff969104000 	C:\Windows\SYSTEM32\WINMM.dll
0x00007ff967ce0000 - 0x00007ff967ce9000 	C:\Windows\SYSTEM32\WSOCK32.dll
0x00007ff96fd00000 - 0x00007ff96fd6f000 	C:\Windows\System32\WS2_32.dll
0x00007ff968fa0000 - 0x00007ff968fcd000 	C:\Windows\SYSTEM32\winmmbase.dll
0x00007ff96e020000 - 0x00007ff96e06a000 	C:\Windows\System32\cfgmgr32.dll
0x00007ff96cea0000 - 0x00007ff96ceb1000 	C:\Windows\System32\kernel.appcore.dll
0x00007ff967cd0000 - 0x00007ff967ce0000 	C:\Program Files\Java\jdk-11.0.12\bin\verify.dll
0x00007ff958cd0000 - 0x00007ff958ec4000 	C:\Windows\SYSTEM32\DBGHELP.DLL
0x00007ff93e6f0000 - 0x00007ff93e71a000 	C:\Windows\SYSTEM32\dbgcore.DLL
0x00007ff95d9f0000 - 0x00007ff95da18000 	C:\Program Files\Java\jdk-11.0.12\bin\java.dll
0x00007ff963ca0000 - 0x00007ff963caa000 	C:\Program Files\Java\jdk-11.0.12\bin\jimage.dll
0x00007ff95c0d0000 - 0x00007ff95c0e6000 	C:\Program Files\Java\jdk-11.0.12\bin\zip.dll
0x00007ff96f0e0000 - 0x00007ff96f7c7000 	C:\Windows\System32\SHELL32.dll
0x00007ff96e210000 - 0x00007ff96e2b8000 	C:\Windows\System32\shcore.dll
0x00007ff96d850000 - 0x00007ff96dfcb000 	C:\Windows\System32\windows.storage.dll
0x00007ff96cec0000 - 0x00007ff96cede000 	C:\Windows\System32\profapi.dll
0x00007ff96cee0000 - 0x00007ff96cf2a000 	C:\Windows\System32\powrprof.dll
0x00007ff96ce70000 - 0x00007ff96ce80000 	C:\Windows\System32\UMPDC.dll
0x00007ff96ff20000 - 0x00007ff96ff72000 	C:\Windows\System32\shlwapi.dll
0x00007ff96dfd0000 - 0x00007ff96dfe7000 	C:\Windows\System32\cryptsp.dll
0x00007ff95b6e0000 - 0x00007ff95b6f9000 	C:\Program Files\Java\jdk-11.0.12\bin\net.dll
0x00007ff95dd10000 - 0x00007ff95de0a000 	C:\Windows\SYSTEM32\WINHTTP.dll
0x00007ff96c6b0000 - 0x00007ff96c717000 	C:\Windows\system32\mswsock.dll
0x00007ff95acf0000 - 0x00007ff95ad02000 	C:\Program Files\Java\jdk-11.0.12\bin\nio.dll
0x00007ff9642a0000 - 0x00007ff9642c7000 	C:\Users\OmarTaha\.gradle\native\8bec1ad78214c89d9ad589b4d07fe93259594b29d510b10fafb7a158f7737e5d\windows-amd64\native-platform.dll
0x00007ff92fea0000 - 0x00007ff92ffdd000 	C:\Users\OmarTaha\.gradle\native\53dbd7edfb1c66fb8903c78663c9afc45aea4f116125fa6feffd364cf09443e8\windows-amd64\native-platform-file-events.dll
0x00007ff963bb0000 - 0x00007ff963bb9000 	C:\Program Files\Java\jdk-11.0.12\bin\management.dll
0x00007ff9637e0000 - 0x00007ff9637eb000 	C:\Program Files\Java\jdk-11.0.12\bin\management_ext.dll
0x00007ff96c230000 - 0x00007ff96c263000 	C:\Windows\system32\rsaenh.dll
0x00007ff96d620000 - 0x00007ff96d646000 	C:\Windows\System32\bcrypt.dll
0x00007ff96cd90000 - 0x00007ff96cdb5000 	C:\Windows\SYSTEM32\USERENV.dll
0x00007ff96c880000 - 0x00007ff96c88c000 	C:\Windows\SYSTEM32\CRYPTBASE.dll
0x00007ff96c3c0000 - 0x00007ff96c3fa000 	C:\Windows\SYSTEM32\IPHLPAPI.DLL
0x00007ff96ecb0000 - 0x00007ff96ecb8000 	C:\Windows\System32\NSI.dll
0x00007ff9618b0000 - 0x00007ff9618c6000 	C:\Windows\SYSTEM32\dhcpcsvc6.DLL
0x00007ff9619e0000 - 0x00007ff9619fc000 	C:\Windows\SYSTEM32\dhcpcsvc.DLL
0x00007ff96c400000 - 0x00007ff96c4cb000 	C:\Windows\SYSTEM32\DNSAPI.dll

dbghelp: loaded successfully - version: 4.0.5 - missing functions: none
symbol engine: initialized successfully - sym options: 0x614 - pdb path: .;C:\Program Files\Java\jdk-11.0.12\bin;C:\Windows\SYSTEM32;C:\Windows\WinSxS\amd64_microsoft.windows.common-controls_6595b64144ccf1df_6.0.18362.1556_none_9e7e372fe45e41d5;C:\Program Files\Java\jdk-11.0.12\bin\server;C:\Users\OmarTaha\.gradle\native\8bec1ad78214c89d9ad589b4d07fe93259594b29d510b10fafb7a158f7737e5d\windows-amd64;C:\Users\OmarTaha\.gradle\native\53dbd7edfb1c66fb8903c78663c9afc45aea4f116125fa6feffd364cf09443e8\windows-amd64

VM Arguments:
jvm_args: --add-opens=java.base/java.util=ALL-UNNAMED --add-opens=java.base/java.lang=ALL-UNNAMED --add-opens=java.base/java.lang.invoke=ALL-UNNAMED --add-opens=java.base/java.util=ALL-UNNAMED --add-opens=java.prefs/java.util.prefs=ALL-UNNAMED --add-opens=java.prefs/java.util.prefs=ALL-UNNAMED --add-opens=java.base/java.nio.charset=ALL-UNNAMED --add-opens=java.base/java.net=ALL-UNNAMED --add-opens=java.base/java.util.concurrent.atomic=ALL-UNNAMED -Xmx2048m -Dfile.encoding=windows-1252 -Duser.country=US -Duser.language=en -Duser.variant 
java_command: org.gradle.launcher.daemon.bootstrap.GradleDaemon 7.1-rc-1
java_class_path (initial): C:\Users\OmarTaha\.gradle\wrapper\dists\gradle-7.1-rc-1-bin\89hqeppvp8dbb4pzs5e0rkzxn\gradle-7.1-rc-1\lib\gradle-launcher-7.1.jar
Launcher Type: SUN_STANDARD

[Global flags]
     intx CICompilerCount                          = 4                                         {product} {ergonomic}
     uint ConcGCThreads                            = 2                                         {product} {ergonomic}
     uint G1ConcRefinementThreads                  = 8                                         {product} {ergonomic}
   size_t G1HeapRegionSize                         = 1048576                                   {product} {ergonomic}
    uintx GCDrainStackTargetSize                   = 64                                        {product} {ergonomic}
   size_t InitialHeapSize                          = 132120576                                 {product} {ergonomic}
   size_t MarkStackSize                            = 4194304                                   {product} {ergonomic}
   size_t MaxHeapSize                              = 2147483648                                {product} {command line}
   size_t MaxNewSize                               = 1287651328                                {product} {ergonomic}
   size_t MinHeapDeltaBytes                        = 1048576                                   {product} {ergonomic}
    uintx NonNMethodCodeHeapSize                   = 5836300                                {pd product} {ergonomic}
    uintx NonProfiledCodeHeapSize                  = 122910970                              {pd product} {ergonomic}
    uintx ProfiledCodeHeapSize                     = 122910970                              {pd product} {ergonomic}
    uintx ReservedCodeCacheSize                    = 251658240                              {pd product} {ergonomic}
     bool SegmentedCodeCache                       = true                                      {product} {ergonomic}
     bool UseCompressedClassPointers               = true                                 {lp64_product} {ergonomic}
     bool UseCompressedOops                        = true                                 {lp64_product} {ergonomic}
     bool UseG1GC                                  = true                                      {product} {ergonomic}
     bool UseLargePagesIndividualAllocation        = false                                  {pd product} {ergonomic}

Logging:
Log output configuration:
 #0: stdout all=warning uptime,level,tags
 #1: stderr all=off uptime,level,tags

Environment Variables:
JAVA_HOME=C:\Program Files\Java\jdk-11.0.12\bin
PATH=C:\Program Files\Common Files\Oracle\Java\javapath;C:\Program Files (x86)\Common Files\Oracle\Java\javapath;C:\Program Files (x86)\Common Files\Intel\Shared Libraries\redist\intel64\compiler;C:\Program Files\Java\jdk-12.0.2\bin;C:\Windows\system32;C:\Windows;C:\Windows\System32\Wbem;C:\Windows\System32\WindowsPowerShell\v1.0\;C:\Windows\System32\OpenSSH\;C:\Program Files\dotnet\;C:\Program Files\Microsoft SQL Server\120\Tools\Binn\;C:\Program Files\Microsoft SQL Server\120\DTS\Binn\;C:\Program Files\Microsoft SQL Server\Client SDK\ODBC\110\Tools\Binn\;C:\Program Files (x86)\Microsoft SQL Server\120\Tools\Binn\;C:\Program Files (x86)\Microsoft SQL Server\120\Tools\Binn\ManagementStudio\;C:\Program Files (x86)\Microsoft SQL Server\120\DTS\Binn\;C:\Windows\Microsoft.NET\Framework\v3.5;C:\Program Files\Microsoft SQL Server\130\Tools\Binn\;C:\Program Files\Microsoft SQL Server\Client SDK\ODBC\170\Tools\Binn\;C:\Program Files\MATLAB\R2016a\runtime\win64;C:\Program Files\MATLAB\R2016a\bin;C:\Program Files\MATLAB\R2016a\polyspace\bin;C:\Program Files (x86)\dotnet\;C:\sqlite;C:\Program Files\Git\cmd;C:\Users\OmarTaha\AppData\Local\Programs\Python\Python310;C:\Users\OmarTaha\AppData\Local\Programs\Python\Python310\Scripts;C:\Users\OmarTaha\AppData\Local\Programs\Python\Python38-32\Scripts\;C:\Users\OmarTaha\AppData\Local\Programs\Python\Python38-32\;C:\Users\OmarTaha\AppData\Local\Microsoft\WindowsApps;C:\Users\OmarTaha\AppData\Local\Programs\Microsoft VS Code\bin;C:\Users\OmarTaha\.dotnet\tools;C:\Program Files\JetBrains\PyCharm Community Edition 2020.2.4\bin;;C:\Users\OmarTaha\AppData\Local\GitHubDesktop\bin;
USERNAME=OmarTaha
OS=Windows_NT
PROCESSOR_IDENTIFIER=Intel64 Family 6 Model 60 Stepping 3, GenuineIntel



---------------  S Y S T E M  ---------------

OS: Windows 10 , 64 bit Build 18362 (10.0.18362.1500)

CPU:total 8 (initial active 8) (4 cores per cpu, 2 threads per core) family 6 model 60 stepping 3 microcode 0x28, cmov, cx8, fxsr, mmx, sse, sse2, sse3, ssse3, sse4.1, sse4.2, popcnt, avx, avx2, aes, clmul, erms, lzcnt, ht, tsc, tscinvbit, bmi1, bmi2, fma

Memory: 4k page, system-wide physical 7993M (658M free)
TotalPageFile size 13993M (AvailPageFile size 5M)
current process WorkingSet (physical memory assigned to process): 328M, peak: 330M
current process commit charge ("private bytes"): 376M, peak: 377M

vm_info: Java HotSpot(TM) 64-Bit Server VM (11.0.12+8-LTS-237) for windows-amd64 JRE (11.0.12+8-LTS-237), built on Jun  8 2021 11:25:59 by "mach5one" with MS VC++ 15.9 (VS2017)

END.
