#
# There is insufficient memory for the Java Runtime Environment to continue.
# Native memory allocation (malloc) failed to allocate 2239856 bytes for Chunk::new
# Possible reasons:
#   The system is out of physical RAM or swap space
#   The process is running with CompressedOops enabled, and the Java Heap may be blocking the growth of the native heap
# Possible solutions:
#   Reduce memory load on the system
#   Increase physical memory or swap space
#   Check if swap backing store is full
#   Decrease Java heap size (-Xmx/-Xms)
#   Decrease number of Java threads
#   Decrease Java thread stack sizes (-Xss)
#   Set larger code cache with -XX:ReservedCodeCacheSize=
#   JVM is running with Unscaled Compressed Oops mode in which the Java heap is
#     placed in the first 4GB address space. The Java Heap base address is the
#     maximum limit for the native heap growth. Please use -XX:HeapBaseMinAddress
#     to set the Java Heap base and to place the Java Heap above 4GB virtual address.
# This output file may be truncated or incomplete.
#
#  Out of Memory Error (./open/src/hotspot/share/memory/arena.cpp:197), pid=8252, tid=1164
#
# JRE version: Java(TM) SE Runtime Environment 18.9 (11.0.12+8) (build 11.0.12+8-LTS-237)
# Java VM: Java HotSpot(TM) 64-Bit Server VM 18.9 (11.0.12+8-LTS-237, mixed mode, tiered, compressed oops, g1 gc, windows-amd64)
# No core dump will be written. Minidumps are not enabled by default on client versions of Windows
#

---------------  S U M M A R Y ------------

Command Line: --add-opens=java.base/java.util=ALL-UNNAMED --add-opens=java.base/java.lang=ALL-UNNAMED --add-opens=java.base/java.lang.invoke=ALL-UNNAMED --add-opens=java.base/java.util=ALL-UNNAMED --add-opens=java.prefs/java.util.prefs=ALL-UNNAMED --add-opens=java.prefs/java.util.prefs=ALL-UNNAMED --add-opens=java.base/java.nio.charset=ALL-UNNAMED --add-opens=java.base/java.net=ALL-UNNAMED --add-opens=java.base/java.util.concurrent.atomic=ALL-UNNAMED -Xmx2048m -Dfile.encoding=windows-1252 -Duser.country=US -Duser.language=en -Duser.variant org.gradle.launcher.daemon.bootstrap.GradleDaemon 7.1-rc-1

Host: Intel(R) Core(TM) i7-4800MQ CPU @ 2.70GHz, 8 cores, 7G,  Windows 10 , 64 bit Build 18362 (10.0.18362.1500)
Time: Mon Dec 20 12:50:05 2021 Arab Standard Time elapsed time: 7.434388 seconds (0d 0h 0m 7s)

---------------  T H R E A D  ---------------

Current thread (0x0000027b7f280800):  JavaThread "C2 CompilerThread2" daemon [_thread_in_native, id=1164, stack(0x000000c9c2900000,0x000000c9c2a00000)]


Current CompileTask:
C2:   7434 6058   !   4       com.google.common.reflect.TypeVisitor::visit (225 bytes)

Stack: [0x000000c9c2900000,0x000000c9c2a00000]
Native frames: (J=compiled Java code, j=interpreted, Vv=VM code, C=native code)
V  [jvm.dll+0x617d9a]
V  [jvm.dll+0x74eeef]
V  [jvm.dll+0x750599]
V  [jvm.dll+0x750c23]
V  [jvm.dll+0x2438d8]
V  [jvm.dll+0xba6dc]
V  [jvm.dll+0xbac9c]
V  [jvm.dll+0x346972]
V  [jvm.dll+0x3147a3]
V  [jvm.dll+0x313aea]
V  [jvm.dll+0x1fd105]
V  [jvm.dll+0x1fc2ed]
V  [jvm.dll+0x17f18c]
V  [jvm.dll+0x20b87c]
V  [jvm.dll+0x20997b]
V  [jvm.dll+0x716359]
V  [jvm.dll+0x70f064]
V  [jvm.dll+0x616f66]
C  [ucrtbase.dll+0x210b2]
C  [KERNEL32.DLL+0x17c24]
C  [ntdll.dll+0x6d721]


---------------  P R O C E S S  ---------------

Threads class SMR info:
_java_thread_list=0x0000027b7f5deb90, length=123, elements={
0x0000027b68a7e800, 0x0000027b7a894000, 0x0000027b7a895000, 0x0000027b7b10a800,
0x0000027b7b10d000, 0x0000027b7b110000, 0x0000027b7b113800, 0x0000027b7b114800,
0x0000027b7b119000, 0x0000027b7b283800, 0x0000027b7d0c5800, 0x0000027b7dcfd800,
0x0000027b7ea7a800, 0x0000027b7d34d000, 0x0000027b7e793800, 0x0000027b7ca31000,
0x0000027b7c2f8000, 0x0000027b7d86f800, 0x0000027b7de85000, 0x0000027b7dbac000,
0x0000027b7d57f000, 0x0000027b7dbad000, 0x0000027b7dbaa000, 0x0000027b7dba9000,
0x0000027b7dbab800, 0x0000027b7dbae000, 0x0000027b7dbae800, 0x0000027b7f280800,
0x0000027b7dbaf800, 0x0000027b7dbaa800, 0x0000027b0f99d000, 0x0000027b0f998000,
0x0000027b0f99e800, 0x0000027b0f999000, 0x0000027b0f999800, 0x0000027b0f99b800,
0x0000027b0f99a800, 0x0000027b0f99e000, 0x0000027b0f9a1000, 0x0000027b0f99f800,
0x0000027b0f9a2000, 0x0000027b0f9a2800, 0x0000027b0f9a3800, 0x0000027b0f9a7000,
0x0000027b0f9a6000, 0x0000027b0f9a4800, 0x0000027b0f9a5000, 0x0000027b10765000,
0x0000027b10767000, 0x0000027b10762000, 0x0000027b10762800, 0x0000027b10763800,
0x0000027b10764800, 0x0000027b10766000, 0x0000027b10761000, 0x0000027b10769800,
0x0000027b1076a000, 0x0000027b10767800, 0x0000027b1076c800, 0x0000027b1076b000,
0x0000027b1076b800, 0x0000027b1076e000, 0x0000027b1076d800, 0x0000027b10768800,
0x0000027b1076f000, 0x0000027b10770000, 0x0000027b7d77b000, 0x0000027b7d77c000,
0x0000027b7d77e800, 0x0000027b7d77f000, 0x0000027b7d77c800, 0x0000027b7d782800,
0x0000027b7d780000, 0x0000027b7d780800, 0x0000027b7d781800, 0x0000027b7d783000,
0x0000027b7d77d800, 0x0000027b7d788000, 0x0000027b7d787000, 0x0000027b7d789000,
0x0000027b7d785800, 0x0000027b7d785000, 0x0000027b7d786800, 0x0000027b7d789800,
0x0000027b7d784000, 0x0000027b0fa5d000, 0x0000027b0fa5b800, 0x0000027b0fa62000,
0x0000027b0fa5e000, 0x0000027b0fa5c000, 0x0000027b0fa5e800, 0x0000027b0fa5f800,
0x0000027b0fa60800, 0x0000027b0fa61000, 0x0000027b7d3c2000, 0x0000027b7d3bf800,
0x0000027b7d3c6800, 0x0000027b7d3c0800, 0x0000027b7d3c4000, 0x0000027b7d3c7000,
0x0000027b7d3c1800, 0x0000027b7d3c8000, 0x0000027b7d3c4800, 0x0000027b7d3c5800,
0x0000027b7d3c8800, 0x0000027b7d3c3000, 0x0000027b7d3cb000, 0x0000027b7d3cd800,
0x0000027b7d3ca800, 0x0000027b7d3cd000, 0x0000027b7d3cc000, 0x0000027b7d3ce800,
0x0000027b7d3c9800, 0x0000027b1016d000, 0x0000027b1016c800, 0x0000027b10167800,
0x0000027b10168000, 0x0000027b1016e000, 0x0000027b1016e800, 0x0000027b10169000,
0x0000027b1016f800, 0x0000027b1016a000, 0x0000027b10170800
}

Java Threads: ( => current thread )
  0x0000027b68a7e800 JavaThread "main" [_thread_blocked, id=12024, stack(0x000000c9bff00000,0x000000c9c0000000)]
  0x0000027b7a894000 JavaThread "Reference Handler" daemon [_thread_blocked, id=13740, stack(0x000000c9c0600000,0x000000c9c0700000)]
  0x0000027b7a895000 JavaThread "Finalizer" daemon [_thread_blocked, id=11732, stack(0x000000c9c0700000,0x000000c9c0800000)]
  0x0000027b7b10a800 JavaThread "Signal Dispatcher" daemon [_thread_blocked, id=8728, stack(0x000000c9c0800000,0x000000c9c0900000)]
  0x0000027b7b10d000 JavaThread "Attach Listener" daemon [_thread_blocked, id=1352, stack(0x000000c9c0900000,0x000000c9c0a00000)]
  0x0000027b7b110000 JavaThread "Service Thread" daemon [_thread_blocked, id=8144, stack(0x000000c9c0a00000,0x000000c9c0b00000)]
  0x0000027b7b113800 JavaThread "C2 CompilerThread0" daemon [_thread_in_native, id=13812, stack(0x000000c9c0b00000,0x000000c9c0c00000)]
  0x0000027b7b114800 JavaThread "C1 CompilerThread0" daemon [_thread_blocked, id=7752, stack(0x000000c9c0c00000,0x000000c9c0d00000)]
  0x0000027b7b119000 JavaThread "Sweeper thread" daemon [_thread_blocked, id=6096, stack(0x000000c9c0d00000,0x000000c9c0e00000)]
  0x0000027b7b283800 JavaThread "Common-Cleaner" daemon [_thread_blocked, id=3720, stack(0x000000c9c0e00000,0x000000c9c0f00000)]
  0x0000027b7d0c5800 JavaThread "Daemon health stats" [_thread_blocked, id=900, stack(0x000000c9c1400000,0x000000c9c1500000)]
  0x0000027b7dcfd800 JavaThread "Incoming local TCP Connector on port 53773" [_thread_in_native, id=13144, stack(0x000000c9c1000000,0x000000c9c1100000)]
  0x0000027b7ea7a800 JavaThread "Daemon periodic checks" [_thread_blocked, id=8036, stack(0x000000c9c1300000,0x000000c9c1400000)]
  0x0000027b7d34d000 JavaThread "Daemon" [_thread_blocked, id=13408, stack(0x000000c9c1500000,0x000000c9c1600000)]
  0x0000027b7e793800 JavaThread "Handler for socket connection from /127.0.0.1:53773 to /127.0.0.1:53774" [_thread_in_native, id=8772, stack(0x000000c9c1600000,0x000000c9c1700000)]
  0x0000027b7ca31000 JavaThread "Cancel handler" [_thread_blocked, id=6336, stack(0x000000c9c1700000,0x000000c9c1800000)]
  0x0000027b7c2f8000 JavaThread "Daemon worker" [_thread_in_vm, id=3256, stack(0x000000c9c1800000,0x000000c9c1900000)]
  0x0000027b7d86f800 JavaThread "Asynchronous log dispatcher for DefaultDaemonConnection: socket connection from /127.0.0.1:53773 to /127.0.0.1:53774" [_thread_blocked, id=9676, stack(0x000000c9c1900000,0x000000c9c1a00000)]
  0x0000027b7de85000 JavaThread "Stdin handler" [_thread_blocked, id=13260, stack(0x000000c9c1a00000,0x000000c9c1b00000)]
  0x0000027b7dbac000 JavaThread "Daemon client event forwarder" [_thread_blocked, id=3608, stack(0x000000c9c1b00000,0x000000c9c1c00000)]
  0x0000027b7d57f000 JavaThread "C2 CompilerThread1" daemon [_thread_in_native, id=12404, stack(0x000000c9c1c00000,0x000000c9c1d00000)]
  0x0000027b7dbad000 JavaThread "Cache worker for journal cache (C:\Users\OmarTaha\.gradle\caches\journal-1)" [_thread_blocked, id=12208, stack(0x000000c9c2200000,0x000000c9c2300000)]
  0x0000027b7dbaa000 JavaThread "File lock request listener" [_thread_in_native, id=9284, stack(0x000000c9c2300000,0x000000c9c2400000)]
  0x0000027b7dba9000 JavaThread "Cache worker for file hash cache (C:\Users\OmarTaha\.gradle\caches\7.1-rc-1\fileHashes)" [_thread_blocked, id=5788, stack(0x000000c9c2400000,0x000000c9c2500000)]
  0x0000027b7dbab800 JavaThread "Cache worker for file hash cache (C:\Users\OmarTaha\AndroidStudioProjects\GMS\.gradle\7.1-rc-1\fileHashes)" [_thread_blocked, id=7572, stack(0x000000c9c2600000,0x000000c9c2700000)]
  0x0000027b7dbae000 JavaThread "File watcher server" daemon [_thread_in_native, id=128, stack(0x000000c9c2700000,0x000000c9c2800000)]
  0x0000027b7dbae800 JavaThread "File watcher consumer" daemon [_thread_blocked, id=11836, stack(0x000000c9c2800000,0x000000c9c2900000)]
=>0x0000027b7f280800 JavaThread "C2 CompilerThread2" daemon [_thread_in_native, id=1164, stack(0x000000c9c2900000,0x000000c9c2a00000)]
  0x0000027b7dbaf800 JavaThread "jar transforms" [_thread_blocked, id=3564, stack(0x000000c9c2a00000,0x000000c9c2b00000)]
  0x0000027b7dbaa800 JavaThread "jar transforms Thread 2" [_thread_blocked, id=484, stack(0x000000c9c2b00000,0x000000c9c2c00000)]
  0x0000027b0f99d000 JavaThread "jar transforms Thread 3" [_thread_blocked, id=10512, stack(0x000000c9c2c00000,0x000000c9c2d00000)]
  0x0000027b0f998000 JavaThread "jar transforms Thread 4" [_thread_blocked, id=8348, stack(0x000000c9c2d00000,0x000000c9c2e00000)]
  0x0000027b0f99e800 JavaThread "jar transforms Thread 5" [_thread_blocked, id=12660, stack(0x000000c9c2e00000,0x000000c9c2f00000)]
  0x0000027b0f999000 JavaThread "jar transforms Thread 6" [_thread_blocked, id=5648, stack(0x000000c9c2f00000,0x000000c9c3000000)]
  0x0000027b0f999800 JavaThread "jar transforms Thread 7" [_thread_blocked, id=1244, stack(0x000000c9c3000000,0x000000c9c3100000)]
  0x0000027b0f99b800 JavaThread "jar transforms Thread 8" [_thread_blocked, id=10340, stack(0x000000c9c3100000,0x000000c9c3200000)]
  0x0000027b0f99a800 JavaThread "Cache worker for checksums cache (C:\Users\OmarTaha\AndroidStudioProjects\GMS\.gradle\checksums)" [_thread_blocked, id=4408, stack(0x000000c9c3200000,0x000000c9c3300000)]
  0x0000027b0f99e000 JavaThread "Cache worker for cache directory md-supplier (C:\Users\OmarTaha\.gradle\caches\7.1-rc-1\md-supplier)" [_thread_blocked, id=5452, stack(0x000000c9c3300000,0x000000c9c3400000)]
  0x0000027b0f9a1000 JavaThread "Cache worker for cache directory md-rule (C:\Users\OmarTaha\.gradle\caches\7.1-rc-1\md-rule)" [_thread_blocked, id=3576, stack(0x000000c9c3400000,0x000000c9c3500000)]
  0x0000027b0f99f800 JavaThread "Cache worker for execution history cache (C:\Users\OmarTaha\.gradle\caches\7.1-rc-1\executionHistory)" [_thread_blocked, id=1020, stack(0x000000c9c3500000,0x000000c9c3600000)]
  0x0000027b0f9a2000 JavaThread "Cache worker for file content cache (C:\Users\OmarTaha\.gradle\caches\7.1-rc-1\fileContent)" [_thread_blocked, id=10376, stack(0x000000c9c3600000,0x000000c9c3700000)]
  0x0000027b0f9a2800 JavaThread "Cache worker for dependencies-accessors (C:\Users\OmarTaha\AndroidStudioProjects\GMS\.gradle\7.1-rc-1\dependencies-accessors)" [_thread_blocked, id=13696, stack(0x000000c9c3700000,0x000000c9c3800000)]
  0x0000027b0f9a3800 JavaThread "Cache worker for Build Output Cleanup Cache (C:\Users\OmarTaha\AndroidStudioProjects\GMS\.gradle\buildOutputCleanup)" [_thread_blocked, id=13100, stack(0x000000c9c3800000,0x000000c9c3900000)]
  0x0000027b0f9a7000 JavaThread "Unconstrained build operations" [_thread_blocked, id=9628, stack(0x000000c9c3900000,0x000000c9c3a00000)]
  0x0000027b0f9a6000 JavaThread "Unconstrained build operations Thread 2" [_thread_blocked, id=13572, stack(0x000000c9c3a00000,0x000000c9c3b00000)]
  0x0000027b0f9a4800 JavaThread "Unconstrained build operations Thread 3" [_thread_blocked, id=9516, stack(0x000000c9c3b00000,0x000000c9c3c00000)]
  0x0000027b0f9a5000 JavaThread "Unconstrained build operations Thread 4" [_thread_blocked, id=13224, stack(0x000000c9c3c00000,0x000000c9c3d00000)]
  0x0000027b10765000 JavaThread "Unconstrained build operations Thread 5" [_thread_blocked, id=9292, stack(0x000000c9c3d00000,0x000000c9c3e00000)]
  0x0000027b10767000 JavaThread "Unconstrained build operations Thread 6" [_thread_blocked, id=6652, stack(0x000000c9c3e00000,0x000000c9c3f00000)]
  0x0000027b10762000 JavaThread "Unconstrained build operations Thread 7" [_thread_blocked, id=13648, stack(0x000000c9c3f00000,0x000000c9c4000000)]
  0x0000027b10762800 JavaThread "Unconstrained build operations Thread 8" [_thread_blocked, id=1728, stack(0x000000c9c4000000,0x000000c9c4100000)]
  0x0000027b10763800 JavaThread "Unconstrained build operations Thread 9" [_thread_blocked, id=9660, stack(0x000000c9c4100000,0x000000c9c4200000)]
  0x0000027b10764800 JavaThread "Unconstrained build operations Thread 10" [_thread_blocked, id=9752, stack(0x000000c9c4200000,0x000000c9c4300000)]
  0x0000027b10766000 JavaThread "Unconstrained build operations Thread 11" [_thread_blocked, id=9968, stack(0x000000c9c4300000,0x000000c9c4400000)]
  0x0000027b10761000 JavaThread "Unconstrained build operations Thread 12" [_thread_blocked, id=10100, stack(0x000000c9c4400000,0x000000c9c4500000)]
  0x0000027b10769800 JavaThread "Unconstrained build operations Thread 13" [_thread_blocked, id=10836, stack(0x000000c9c4500000,0x000000c9c4600000)]
  0x0000027b1076a000 JavaThread "Unconstrained build operations Thread 14" [_thread_blocked, id=12264, stack(0x000000c9c4600000,0x000000c9c4700000)]
  0x0000027b10767800 JavaThread "Unconstrained build operations Thread 15" [_thread_blocked, id=13792, stack(0x000000c9c4700000,0x000000c9c4800000)]
  0x0000027b1076c800 JavaThread "Unconstrained build operations Thread 16" [_thread_blocked, id=9036, stack(0x000000c9c4800000,0x000000c9c4900000)]
  0x0000027b1076b000 JavaThread "Unconstrained build operations Thread 17" [_thread_blocked, id=944, stack(0x000000c9c4900000,0x000000c9c4a00000)]
  0x0000027b1076b800 JavaThread "Unconstrained build operations Thread 18" [_thread_blocked, id=12344, stack(0x000000c9c4a00000,0x000000c9c4b00000)]
  0x0000027b1076e000 JavaThread "Unconstrained build operations Thread 19" [_thread_blocked, id=7976, stack(0x000000c9c4b00000,0x000000c9c4c00000)]
  0x0000027b1076d800 JavaThread "Unconstrained build operations Thread 20" [_thread_blocked, id=13908, stack(0x000000c9c4c00000,0x000000c9c4d00000)]
  0x0000027b10768800 JavaThread "Unconstrained build operations Thread 21" [_thread_blocked, id=1548, stack(0x000000c9c4d00000,0x000000c9c4e00000)]
  0x0000027b1076f000 JavaThread "Unconstrained build operations Thread 22" [_thread_blocked, id=6488, stack(0x000000c9c4e00000,0x000000c9c4f00000)]
  0x0000027b10770000 JavaThread "Unconstrained build operations Thread 23" [_thread_blocked, id=7340, stack(0x000000c9c4f00000,0x000000c9c5000000)]
  0x0000027b7d77b000 JavaThread "Unconstrained build operations Thread 24" [_thread_blocked, id=12228, stack(0x000000c9c5000000,0x000000c9c5100000)]
  0x0000027b7d77c000 JavaThread "Unconstrained build operations Thread 25" [_thread_blocked, id=13684, stack(0x000000c9c5100000,0x000000c9c5200000)]
  0x0000027b7d77e800 JavaThread "Unconstrained build operations Thread 26" [_thread_blocked, id=7840, stack(0x000000c9c5200000,0x000000c9c5300000)]
  0x0000027b7d77f000 JavaThread "Unconstrained build operations Thread 27" [_thread_blocked, id=10704, stack(0x000000c9c5300000,0x000000c9c5400000)]
  0x0000027b7d77c800 JavaThread "Unconstrained build operations Thread 28" [_thread_blocked, id=1940, stack(0x000000c9c5400000,0x000000c9c5500000)]
  0x0000027b7d782800 JavaThread "Unconstrained build operations Thread 29" [_thread_blocked, id=1036, stack(0x000000c9c5500000,0x000000c9c5600000)]
  0x0000027b7d780000 JavaThread "Unconstrained build operations Thread 30" [_thread_blocked, id=6432, stack(0x000000c9c5600000,0x000000c9c5700000)]
  0x0000027b7d780800 JavaThread "Unconstrained build operations Thread 31" [_thread_blocked, id=12028, stack(0x000000c9c5700000,0x000000c9c5800000)]
  0x0000027b7d781800 JavaThread "Unconstrained build operations Thread 32" [_thread_blocked, id=7932, stack(0x000000c9c5800000,0x000000c9c5900000)]
  0x0000027b7d783000 JavaThread "Unconstrained build operations Thread 33" [_thread_blocked, id=7580, stack(0x000000c9c5900000,0x000000c9c5a00000)]
  0x0000027b7d77d800 JavaThread "Unconstrained build operations Thread 34" [_thread_blocked, id=1156, stack(0x000000c9c5a00000,0x000000c9c5b00000)]
  0x0000027b7d788000 JavaThread "Unconstrained build operations Thread 35" [_thread_blocked, id=6496, stack(0x000000c9c5b00000,0x000000c9c5c00000)]
  0x0000027b7d787000 JavaThread "Unconstrained build operations Thread 36" [_thread_blocked, id=240, stack(0x000000c9c5c00000,0x000000c9c5d00000)]
  0x0000027b7d789000 JavaThread "Unconstrained build operations Thread 37" [_thread_blocked, id=9856, stack(0x000000c9c5d00000,0x000000c9c5e00000)]
  0x0000027b7d785800 JavaThread "Unconstrained build operations Thread 38" [_thread_blocked, id=4456, stack(0x000000c9c5e00000,0x000000c9c5f00000)]
  0x0000027b7d785000 JavaThread "Unconstrained build operations Thread 39" [_thread_blocked, id=5220, stack(0x000000c9c5f00000,0x000000c9c6000000)]
  0x0000027b7d786800 JavaThread "Unconstrained build operations Thread 40" [_thread_blocked, id=904, stack(0x000000c9c6000000,0x000000c9c6100000)]
  0x0000027b7d789800 JavaThread "Unconstrained build operations Thread 41" [_thread_blocked, id=14112, stack(0x000000c9c6100000,0x000000c9c6200000)]
  0x0000027b7d784000 JavaThread "Unconstrained build operations Thread 42" [_thread_blocked, id=2308, stack(0x000000c9c6200000,0x000000c9c6300000)]
  0x0000027b0fa5d000 JavaThread "Unconstrained build operations Thread 43" [_thread_blocked, id=14148, stack(0x000000c9c6300000,0x000000c9c6400000)]
  0x0000027b0fa5b800 JavaThread "Unconstrained build operations Thread 44" [_thread_blocked, id=2832, stack(0x000000c9c6400000,0x000000c9c6500000)]
  0x0000027b0fa62000 JavaThread "Unconstrained build operations Thread 45" [_thread_blocked, id=12096, stack(0x000000c9c6500000,0x000000c9c6600000)]
  0x0000027b0fa5e000 JavaThread "Unconstrained build operations Thread 46" [_thread_blocked, id=4888, stack(0x000000c9c6600000,0x000000c9c6700000)]
  0x0000027b0fa5c000 JavaThread "Unconstrained build operations Thread 47" [_thread_blocked, id=9060, stack(0x000000c9c6700000,0x000000c9c6800000)]
  0x0000027b0fa5e800 JavaThread "Unconstrained build operations Thread 48" [_thread_blocked, id=4256, stack(0x000000c9c6800000,0x000000c9c6900000)]
  0x0000027b0fa5f800 JavaThread "Unconstrained build operations Thread 49" [_thread_blocked, id=5604, stack(0x000000c9c6900000,0x000000c9c6a00000)]
  0x0000027b0fa60800 JavaThread "Unconstrained build operations Thread 50" [_thread_blocked, id=1888, stack(0x000000c9c6a00000,0x000000c9c6b00000)]
  0x0000027b0fa61000 JavaThread "Unconstrained build operations Thread 51" [_thread_blocked, id=13432, stack(0x000000c9c6b00000,0x000000c9c6c00000)]
  0x0000027b7d3c2000 JavaThread "Unconstrained build operations Thread 52" [_thread_blocked, id=3384, stack(0x000000c9c6c00000,0x000000c9c6d00000)]
  0x0000027b7d3bf800 JavaThread "Unconstrained build operations Thread 53" [_thread_blocked, id=9404, stack(0x000000c9c6d00000,0x000000c9c6e00000)]
  0x0000027b7d3c6800 JavaThread "Unconstrained build operations Thread 54" [_thread_blocked, id=12744, stack(0x000000c9c6e00000,0x000000c9c6f00000)]
  0x0000027b7d3c0800 JavaThread "Unconstrained build operations Thread 55" [_thread_blocked, id=12628, stack(0x000000c9c6f00000,0x000000c9c7000000)]
  0x0000027b7d3c4000 JavaThread "Unconstrained build operations Thread 56" [_thread_blocked, id=12884, stack(0x000000c9c7000000,0x000000c9c7100000)]
  0x0000027b7d3c7000 JavaThread "Unconstrained build operations Thread 57" [_thread_blocked, id=10168, stack(0x000000c9c7100000,0x000000c9c7200000)]
  0x0000027b7d3c1800 JavaThread "Unconstrained build operations Thread 58" [_thread_blocked, id=9704, stack(0x000000c9c7200000,0x000000c9c7300000)]
  0x0000027b7d3c8000 JavaThread "Unconstrained build operations Thread 59" [_thread_blocked, id=11532, stack(0x000000c9c7300000,0x000000c9c7400000)]
  0x0000027b7d3c4800 JavaThread "Unconstrained build operations Thread 60" [_thread_blocked, id=3796, stack(0x000000c9c7400000,0x000000c9c7500000)]
  0x0000027b7d3c5800 JavaThread "Unconstrained build operations Thread 61" [_thread_blocked, id=2152, stack(0x000000c9c7500000,0x000000c9c7600000)]
  0x0000027b7d3c8800 JavaThread "Unconstrained build operations Thread 62" [_thread_blocked, id=3604, stack(0x000000c9c7600000,0x000000c9c7700000)]
  0x0000027b7d3c3000 JavaThread "Unconstrained build operations Thread 63" [_thread_blocked, id=8500, stack(0x000000c9c7700000,0x000000c9c7800000)]
  0x0000027b7d3cb000 JavaThread "Unconstrained build operations Thread 64" [_thread_blocked, id=6176, stack(0x000000c9c7800000,0x000000c9c7900000)]
  0x0000027b7d3cd800 JavaThread "Unconstrained build operations Thread 65" [_thread_blocked, id=11384, stack(0x000000c9c7900000,0x000000c9c7a00000)]
  0x0000027b7d3ca800 JavaThread "Unconstrained build operations Thread 66" [_thread_blocked, id=4392, stack(0x000000c9c7a00000,0x000000c9c7b00000)]
  0x0000027b7d3cd000 JavaThread "Unconstrained build operations Thread 67" [_thread_blocked, id=9380, stack(0x000000c9c7b00000,0x000000c9c7c00000)]
  0x0000027b7d3cc000 JavaThread "Unconstrained build operations Thread 68" [_thread_blocked, id=6036, stack(0x000000c9c7c00000,0x000000c9c7d00000)]
  0x0000027b7d3ce800 JavaThread "Unconstrained build operations Thread 69" [_thread_blocked, id=8956, stack(0x000000c9c7d00000,0x000000c9c7e00000)]
  0x0000027b7d3c9800 JavaThread "Unconstrained build operations Thread 70" [_thread_blocked, id=11872, stack(0x000000c9c7e00000,0x000000c9c7f00000)]
  0x0000027b1016d000 JavaThread "Unconstrained build operations Thread 71" [_thread_blocked, id=12384, stack(0x000000c9c7f00000,0x000000c9c8000000)]
  0x0000027b1016c800 JavaThread "Unconstrained build operations Thread 72" [_thread_blocked, id=3088, stack(0x000000c9c8000000,0x000000c9c8100000)]
  0x0000027b10167800 JavaThread "Unconstrained build operations Thread 73" [_thread_blocked, id=12908, stack(0x000000c9c8100000,0x000000c9c8200000)]
  0x0000027b10168000 JavaThread "Unconstrained build operations Thread 74" [_thread_blocked, id=12740, stack(0x000000c9c8200000,0x000000c9c8300000)]
  0x0000027b1016e000 JavaThread "Unconstrained build operations Thread 75" [_thread_blocked, id=4624, stack(0x000000c9c8300000,0x000000c9c8400000)]
  0x0000027b1016e800 JavaThread "Unconstrained build operations Thread 76" [_thread_blocked, id=13824, stack(0x000000c9c8400000,0x000000c9c8500000)]
  0x0000027b10169000 JavaThread "Unconstrained build operations Thread 77" [_thread_blocked, id=11508, stack(0x000000c9c8500000,0x000000c9c8600000)]
  0x0000027b1016f800 JavaThread "Unconstrained build operations Thread 78" [_thread_blocked, id=10928, stack(0x000000c9c8600000,0x000000c9c8700000)]
  0x0000027b1016a000 JavaThread "Unconstrained build operations Thread 79" [_thread_blocked, id=8068, stack(0x000000c9c8700000,0x000000c9c8800000)]
  0x0000027b10170800 JavaThread "Unconstrained build operations Thread 80" [_thread_blocked, id=9524, stack(0x000000c9c8800000,0x000000c9c8900000)]

Other Threads:
  0x0000027b7a880800 VMThread "VM Thread" [stack: 0x000000c9c0500000,0x000000c9c0600000] [id=11892]
  0x0000027b7b2be000 WatcherThread [stack: 0x000000c9c0f00000,0x000000c9c1000000] [id=13480]
  0x0000027b68a93000 GCTaskThread "GC Thread#0" [stack: 0x000000c9c0000000,0x000000c9c0100000] [id=10508]
  0x0000027b7c01e800 GCTaskThread "GC Thread#1" [stack: 0x000000c9c1100000,0x000000c9c1200000] [id=10832]
  0x0000027b7be28000 GCTaskThread "GC Thread#2" [stack: 0x000000c9c1200000,0x000000c9c1300000] [id=12392]
  0x0000027b7c2f9000 GCTaskThread "GC Thread#3" [stack: 0x000000c9c1d00000,0x000000c9c1e00000] [id=2812]
  0x0000027b7d5ac000 GCTaskThread "GC Thread#4" [stack: 0x000000c9c1e00000,0x000000c9c1f00000] [id=11192]
  0x0000027b7d7aa000 GCTaskThread "GC Thread#5" [stack: 0x000000c9c1f00000,0x000000c9c2000000] [id=11528]
  0x0000027b7d70c000 GCTaskThread "GC Thread#6" [stack: 0x000000c9c2000000,0x000000c9c2100000] [id=12484]
  0x0000027b7d692800 GCTaskThread "GC Thread#7" [stack: 0x000000c9c2100000,0x000000c9c2200000] [id=6412]
  0x0000027b68ac4000 ConcurrentGCThread "G1 Main Marker" [stack: 0x000000c9c0100000,0x000000c9c0200000] [id=6884]
  0x0000027b68ac6000 ConcurrentGCThread "G1 Conc#0" [stack: 0x000000c9c0200000,0x000000c9c0300000] [id=5768]
  0x0000027b7d36b000 ConcurrentGCThread "G1 Conc#1" [stack: 0x000000c9c2500000,0x000000c9c2600000] [id=376]
  0x0000027b7a6ed800 ConcurrentGCThread "G1 Refine#0" [stack: 0x000000c9c0300000,0x000000c9c0400000] [id=11696]
  0x0000027b7a6ee800 ConcurrentGCThread "G1 Young RemSet Sampling" [stack: 0x000000c9c0400000,0x000000c9c0500000] [id=13252]

Threads with active compile tasks:
C2 CompilerThread0   7492 6200       4       org.objectweb.asm.Frame::execute (2318 bytes)
C2 CompilerThread1   7492 5960       4       org.objectweb.asm.SymbolTable::addConstantMemberReference (147 bytes)
C2 CompilerThread2   7492 6058   !   4       com.google.common.reflect.TypeVisitor::visit (225 bytes)

VM state:not at safepoint (normal execution)

VM Mutex/Monitor currently owned by a thread: None

Heap address: 0x0000000080000000, size: 2048 MB, Compressed Oops mode: 32-bit
Narrow klass base: 0x0000000000000000, Narrow klass shift: 3
Compressed class space size: 1073741824 Address: 0x0000000100000000

Heap:
 garbage-first heap   total 129024K, used 101504K [0x0000000080000000, 0x0000000100000000)
  region size 1024K, 27 young (27648K), 2 survivors (2048K)
 Metaspace       used 59212K, capacity 60870K, committed 61028K, reserved 1101824K
  class space    used 7498K, capacity 8059K, committed 8064K, reserved 1048576K
Heap Regions: E=young(eden), S=young(survivor), O=old, HS=humongous(starts), HC=humongous(continues), CS=collection set, F=free, A=archive, TAMS=top-at-mark-start (previous, next)
|   0|0x0000000080000000, 0x0000000080100000, 0x0000000080100000|100%| O|  |TAMS 0x0000000080100000, 0x0000000080000000| Untracked 
|   1|0x0000000080100000, 0x0000000080200000, 0x0000000080200000|100%| O|  |TAMS 0x0000000080200000, 0x0000000080100000| Untracked 
|   2|0x0000000080200000, 0x0000000080300000, 0x0000000080300000|100%| O|  |TAMS 0x0000000080300000, 0x0000000080200000| Untracked 
|   3|0x0000000080300000, 0x0000000080400000, 0x0000000080400000|100%|HS|  |TAMS 0x0000000080400000, 0x0000000080300000| Complete 
|   4|0x0000000080400000, 0x0000000080500000, 0x0000000080500000|100%|HC|  |TAMS 0x0000000080500000, 0x0000000080400000| Complete 
|   5|0x0000000080500000, 0x0000000080600000, 0x0000000080600000|100%|HC|  |TAMS 0x0000000080600000, 0x0000000080500000| Complete 
|   6|0x0000000080600000, 0x0000000080700000, 0x0000000080700000|100%| O|  |TAMS 0x0000000080700000, 0x0000000080600000| Untracked 
|   7|0x0000000080700000, 0x0000000080800000, 0x0000000080800000|100%| O|  |TAMS 0x0000000080800000, 0x0000000080700000| Untracked 
|   8|0x0000000080800000, 0x0000000080900000, 0x0000000080900000|100%| O|  |TAMS 0x0000000080900000, 0x0000000080800000| Untracked 
|   9|0x0000000080900000, 0x0000000080a00000, 0x0000000080a00000|100%| O|  |TAMS 0x0000000080a00000, 0x0000000080900000| Untracked 
|  10|0x0000000080a00000, 0x0000000080b00000, 0x0000000080b00000|100%| O|  |TAMS 0x0000000080b00000, 0x0000000080a00000| Untracked 
|  11|0x0000000080b00000, 0x0000000080c00000, 0x0000000080c00000|100%| O|  |TAMS 0x0000000080c00000, 0x0000000080b00000| Untracked 
|  12|0x0000000080c00000, 0x0000000080d00000, 0x0000000080d00000|100%| O|  |TAMS 0x0000000080d00000, 0x0000000080c00000| Untracked 
|  13|0x0000000080d00000, 0x0000000080e00000, 0x0000000080e00000|100%| O|  |TAMS 0x0000000080e00000, 0x0000000080d00000| Untracked 
|  14|0x0000000080e00000, 0x0000000080f00000, 0x0000000080f00000|100%| O|  |TAMS 0x0000000080f00000, 0x0000000080e00000| Untracked 
|  15|0x0000000080f00000, 0x0000000081000000, 0x0000000081000000|100%| O|  |TAMS 0x0000000081000000, 0x0000000080f00000| Untracked 
|  16|0x0000000081000000, 0x0000000081100000, 0x0000000081100000|100%|HS|  |TAMS 0x0000000081100000, 0x0000000081000000| Complete 
|  17|0x0000000081100000, 0x0000000081200000, 0x0000000081200000|100%|HC|  |TAMS 0x0000000081200000, 0x0000000081100000| Complete 
|  18|0x0000000081200000, 0x0000000081300000, 0x0000000081300000|100%|HS|  |TAMS 0x0000000081300000, 0x0000000081200000| Complete 
|  19|0x0000000081300000, 0x0000000081400000, 0x0000000081400000|100%|HC|  |TAMS 0x0000000081400000, 0x0000000081300000| Complete 
|  20|0x0000000081400000, 0x0000000081500000, 0x0000000081500000|100%|HC|  |TAMS 0x0000000081500000, 0x0000000081400000| Complete 
|  21|0x0000000081500000, 0x0000000081600000, 0x0000000081600000|100%|HS|  |TAMS 0x0000000081600000, 0x0000000081500000| Complete 
|  22|0x0000000081600000, 0x0000000081700000, 0x0000000081700000|100%|HC|  |TAMS 0x0000000081700000, 0x0000000081600000| Complete 
|  23|0x0000000081700000, 0x0000000081800000, 0x0000000081800000|100%|HC|  |TAMS 0x0000000081800000, 0x0000000081700000| Complete 
|  24|0x0000000081800000, 0x0000000081900000, 0x0000000081900000|100%|HC|  |TAMS 0x0000000081900000, 0x0000000081800000| Complete 
|  25|0x0000000081900000, 0x0000000081a00000, 0x0000000081a00000|100%|HC|  |TAMS 0x0000000081a00000, 0x0000000081900000| Complete 
|  26|0x0000000081a00000, 0x0000000081b00000, 0x0000000081b00000|100%| O|  |TAMS 0x0000000081b00000, 0x0000000081a00000| Untracked 
|  27|0x0000000081b00000, 0x0000000081c00000, 0x0000000081c00000|100%| O|  |TAMS 0x0000000081c00000, 0x0000000081b00000| Untracked 
|  28|0x0000000081c00000, 0x0000000081d00000, 0x0000000081d00000|100%| O|  |TAMS 0x0000000081d00000, 0x0000000081c00000| Untracked 
|  29|0x0000000081d00000, 0x0000000081e00000, 0x0000000081e00000|100%| O|  |TAMS 0x0000000081e00000, 0x0000000081d00000| Untracked 
|  30|0x0000000081e00000, 0x0000000081f00000, 0x0000000081f00000|100%| O|  |TAMS 0x0000000081f00000, 0x0000000081e00000| Untracked 
|  31|0x0000000081f00000, 0x0000000082000000, 0x0000000082000000|100%|HS|  |TAMS 0x0000000082000000, 0x0000000081f00000| Complete 
|  32|0x0000000082000000, 0x0000000082100000, 0x0000000082100000|100%|HC|  |TAMS 0x0000000082100000, 0x0000000082000000| Complete 
|  33|0x0000000082100000, 0x0000000082200000, 0x0000000082200000|100%|HC|  |TAMS 0x0000000082200000, 0x0000000082100000| Complete 
|  34|0x0000000082200000, 0x0000000082300000, 0x0000000082300000|100%| O|  |TAMS 0x0000000082300000, 0x0000000082200000| Untracked 
|  35|0x0000000082300000, 0x0000000082400000, 0x0000000082400000|100%| O|  |TAMS 0x0000000082400000, 0x0000000082300000| Untracked 
|  36|0x0000000082400000, 0x0000000082500000, 0x0000000082500000|100%| O|  |TAMS 0x0000000082500000, 0x0000000082400000| Untracked 
|  37|0x0000000082500000, 0x0000000082600000, 0x0000000082600000|100%| O|  |TAMS 0x0000000082600000, 0x0000000082500000| Untracked 
|  38|0x0000000082600000, 0x0000000082700000, 0x0000000082700000|100%|HS|  |TAMS 0x0000000082700000, 0x0000000082600000| Complete 
|  39|0x0000000082700000, 0x0000000082800000, 0x0000000082800000|100%|HC|  |TAMS 0x0000000082800000, 0x0000000082700000| Complete 
|  40|0x0000000082800000, 0x0000000082900000, 0x0000000082900000|100%|HC|  |TAMS 0x0000000082900000, 0x0000000082800000| Complete 
|  41|0x0000000082900000, 0x0000000082a00000, 0x0000000082a00000|100%|HC|  |TAMS 0x0000000082a00000, 0x0000000082900000| Complete 
|  42|0x0000000082a00000, 0x0000000082b00000, 0x0000000082b00000|100%|HC|  |TAMS 0x0000000082b00000, 0x0000000082a00000| Complete 
|  43|0x0000000082b00000, 0x0000000082c00000, 0x0000000082c00000|100%| O|  |TAMS 0x0000000082c00000, 0x0000000082b00000| Untracked 
|  44|0x0000000082c00000, 0x0000000082d00000, 0x0000000082d00000|100%| O|  |TAMS 0x0000000082d00000, 0x0000000082c00000| Untracked 
|  45|0x0000000082d00000, 0x0000000082e00000, 0x0000000082e00000|100%| O|  |TAMS 0x0000000082e00000, 0x0000000082d00000| Untracked 
|  46|0x0000000082e00000, 0x0000000082f00000, 0x0000000082f00000|100%| O|  |TAMS 0x0000000082f00000, 0x0000000082e00000| Untracked 
|  47|0x0000000082f00000, 0x0000000083000000, 0x0000000083000000|100%| O|  |TAMS 0x0000000083000000, 0x0000000082f00000| Untracked 
|  48|0x0000000083000000, 0x0000000083100000, 0x0000000083100000|100%| O|  |TAMS 0x0000000083100000, 0x0000000083000000| Untracked 
|  49|0x0000000083100000, 0x0000000083200000, 0x0000000083200000|100%| O|  |TAMS 0x0000000083200000, 0x0000000083100000| Untracked 
|  50|0x0000000083200000, 0x0000000083300000, 0x0000000083300000|100%| O|  |TAMS 0x0000000083300000, 0x0000000083200000| Untracked 
|  51|0x0000000083300000, 0x0000000083400000, 0x0000000083400000|100%| O|  |TAMS 0x0000000083400000, 0x0000000083300000| Untracked 
|  52|0x0000000083400000, 0x0000000083500000, 0x0000000083500000|100%| O|  |TAMS 0x0000000083500000, 0x0000000083400000| Untracked 
|  53|0x0000000083500000, 0x0000000083600000, 0x0000000083600000|100%| O|  |TAMS 0x0000000083600000, 0x0000000083500000| Untracked 
|  54|0x0000000083600000, 0x0000000083700000, 0x0000000083700000|100%| O|  |TAMS 0x0000000083700000, 0x0000000083600000| Untracked 
|  55|0x0000000083700000, 0x0000000083800000, 0x0000000083800000|100%|HS|  |TAMS 0x0000000083800000, 0x0000000083700000| Complete 
|  56|0x0000000083800000, 0x0000000083900000, 0x0000000083900000|100%|HS|  |TAMS 0x0000000083900000, 0x0000000083800000| Complete 
|  57|0x0000000083900000, 0x0000000083a00000, 0x0000000083a00000|100%| O|  |TAMS 0x0000000083a00000, 0x0000000083900000| Untracked 
|  58|0x0000000083a00000, 0x0000000083b00000, 0x0000000083b00000|100%| O|  |TAMS 0x0000000083b00000, 0x0000000083a00000| Untracked 
|  59|0x0000000083b00000, 0x0000000083c00000, 0x0000000083c00000|100%| O|  |TAMS 0x0000000083c00000, 0x0000000083b00000| Untracked 
|  60|0x0000000083c00000, 0x0000000083d00000, 0x0000000083d00000|100%| O|  |TAMS 0x0000000083d00000, 0x0000000083c00000| Untracked 
|  61|0x0000000083d00000, 0x0000000083e00000, 0x0000000083e00000|100%| O|  |TAMS 0x0000000083e00000, 0x0000000083d00000| Untracked 
|  62|0x0000000083e00000, 0x0000000083f00000, 0x0000000083f00000|100%|HS|  |TAMS 0x0000000083f00000, 0x0000000083e00000| Complete 
|  63|0x0000000083f00000, 0x0000000084000000, 0x0000000084000000|100%|HC|  |TAMS 0x0000000084000000, 0x0000000083f00000| Complete 
|  64|0x0000000084000000, 0x0000000084100000, 0x0000000084100000|100%|HC|  |TAMS 0x0000000084100000, 0x0000000084000000| Complete 
|  65|0x0000000084100000, 0x0000000084200000, 0x0000000084200000|100%|HS|  |TAMS 0x0000000084200000, 0x0000000084100000| Complete 
|  66|0x0000000084200000, 0x0000000084300000, 0x0000000084300000|100%|HC|  |TAMS 0x0000000084300000, 0x0000000084200000| Complete 
|  67|0x0000000084300000, 0x0000000084400000, 0x0000000084400000|100%| O|  |TAMS 0x0000000084400000, 0x0000000084300000| Untracked 
|  68|0x0000000084400000, 0x0000000084500000, 0x0000000084500000|100%| O|  |TAMS 0x0000000084500000, 0x0000000084400000| Untracked 
|  69|0x0000000084500000, 0x0000000084600000, 0x0000000084600000|100%| O|  |TAMS 0x0000000084600000, 0x0000000084500000| Untracked 
|  70|0x0000000084600000, 0x0000000084700000, 0x0000000084700000|100%| O|  |TAMS 0x0000000084700000, 0x0000000084600000| Untracked 
|  71|0x0000000084700000, 0x0000000084800000, 0x0000000084800000|100%| O|  |TAMS 0x0000000084800000, 0x0000000084700000| Untracked 
|  72|0x0000000084800000, 0x0000000084900000, 0x0000000084900000|100%| O|  |TAMS 0x0000000084900000, 0x0000000084800000| Untracked 
|  73|0x0000000084900000, 0x0000000084a00000, 0x0000000084a00000|100%| O|  |TAMS 0x0000000084a00000, 0x0000000084900000| Untracked 
|  74|0x0000000084a00000, 0x0000000084af5a00, 0x0000000084b00000| 95%| O|  |TAMS 0x0000000084af5a00, 0x0000000084a00000| Untracked 
|  75|0x0000000084b00000, 0x0000000084b00000, 0x0000000084c00000|  0%| F|  |TAMS 0x0000000084b00000, 0x0000000084b00000| Untracked 
|  76|0x0000000084c00000, 0x0000000084c00000, 0x0000000084d00000|  0%| F|  |TAMS 0x0000000084c00000, 0x0000000084c00000| Untracked 
|  77|0x0000000084d00000, 0x0000000084d00000, 0x0000000084e00000|  0%| F|  |TAMS 0x0000000084d00000, 0x0000000084d00000| Untracked 
|  78|0x0000000084e00000, 0x0000000084e00000, 0x0000000084f00000|  0%| F|  |TAMS 0x0000000084e00000, 0x0000000084e00000| Untracked 
|  79|0x0000000084f00000, 0x0000000084f00000, 0x0000000085000000|  0%| F|  |TAMS 0x0000000084f00000, 0x0000000084f00000| Untracked 
|  80|0x0000000085000000, 0x0000000085000000, 0x0000000085100000|  0%| F|  |TAMS 0x0000000085000000, 0x0000000085000000| Untracked 
|  81|0x0000000085100000, 0x0000000085100000, 0x0000000085200000|  0%| F|  |TAMS 0x0000000085100000, 0x0000000085100000| Untracked 
|  82|0x0000000085200000, 0x0000000085200000, 0x0000000085300000|  0%| F|  |TAMS 0x0000000085200000, 0x0000000085200000| Untracked 
|  83|0x0000000085300000, 0x0000000085300000, 0x0000000085400000|  0%| F|  |TAMS 0x0000000085300000, 0x0000000085300000| Untracked 
|  84|0x0000000085400000, 0x0000000085400000, 0x0000000085500000|  0%| F|  |TAMS 0x0000000085400000, 0x0000000085400000| Untracked 
|  85|0x0000000085500000, 0x0000000085500000, 0x0000000085600000|  0%| F|  |TAMS 0x0000000085500000, 0x0000000085500000| Untracked 
|  86|0x0000000085600000, 0x0000000085600000, 0x0000000085700000|  0%| F|  |TAMS 0x0000000085600000, 0x0000000085600000| Untracked 
|  87|0x0000000085700000, 0x0000000085700000, 0x0000000085800000|  0%| F|  |TAMS 0x0000000085700000, 0x0000000085700000| Untracked 
|  88|0x0000000085800000, 0x0000000085800000, 0x0000000085900000|  0%| F|  |TAMS 0x0000000085800000, 0x0000000085800000| Untracked 
|  89|0x0000000085900000, 0x0000000085900000, 0x0000000085a00000|  0%| F|  |TAMS 0x0000000085900000, 0x0000000085900000| Untracked 
|  90|0x0000000085a00000, 0x0000000085a00000, 0x0000000085b00000|  0%| F|  |TAMS 0x0000000085a00000, 0x0000000085a00000| Untracked 
|  91|0x0000000085b00000, 0x0000000085b00000, 0x0000000085c00000|  0%| F|  |TAMS 0x0000000085b00000, 0x0000000085b00000| Untracked 
|  92|0x0000000085c00000, 0x0000000085c00000, 0x0000000085d00000|  0%| F|  |TAMS 0x0000000085c00000, 0x0000000085c00000| Untracked 
|  93|0x0000000085d00000, 0x0000000085d00000, 0x0000000085e00000|  0%| F|  |TAMS 0x0000000085d00000, 0x0000000085d00000| Untracked 
|  94|0x0000000085e00000, 0x0000000085e00000, 0x0000000085f00000|  0%| F|  |TAMS 0x0000000085e00000, 0x0000000085e00000| Untracked 
|  95|0x0000000085f00000, 0x0000000085f00000, 0x0000000086000000|  0%| F|  |TAMS 0x0000000085f00000, 0x0000000085f00000| Untracked 
|  96|0x0000000086000000, 0x0000000086000000, 0x0000000086100000|  0%| F|  |TAMS 0x0000000086000000, 0x0000000086000000| Untracked 
|  97|0x0000000086100000, 0x000000008612a950, 0x0000000086200000| 16%| S|CS|TAMS 0x0000000086100000, 0x0000000086100000| Complete 
|  98|0x0000000086200000, 0x0000000086300000, 0x0000000086300000|100%| S|CS|TAMS 0x0000000086200000, 0x0000000086200000| Complete 
|  99|0x0000000086300000, 0x0000000086300000, 0x0000000086400000|  0%| F|  |TAMS 0x0000000086300000, 0x0000000086300000| Untracked 
| 100|0x0000000086400000, 0x000000008647e0d0, 0x0000000086500000| 49%| E|  |TAMS 0x0000000086400000, 0x0000000086400000| Complete 
| 101|0x0000000086500000, 0x0000000086600000, 0x0000000086600000|100%| E|CS|TAMS 0x0000000086500000, 0x0000000086500000| Complete 
| 102|0x0000000086600000, 0x0000000086700000, 0x0000000086700000|100%| E|CS|TAMS 0x0000000086600000, 0x0000000086600000| Complete 
| 103|0x0000000086700000, 0x0000000086800000, 0x0000000086800000|100%| E|CS|TAMS 0x0000000086700000, 0x0000000086700000| Complete 
| 104|0x0000000086800000, 0x0000000086900000, 0x0000000086900000|100%| E|CS|TAMS 0x0000000086800000, 0x0000000086800000| Complete 
| 105|0x0000000086900000, 0x0000000086a00000, 0x0000000086a00000|100%| E|CS|TAMS 0x0000000086900000, 0x0000000086900000| Complete 
| 106|0x0000000086a00000, 0x0000000086b00000, 0x0000000086b00000|100%| E|CS|TAMS 0x0000000086a00000, 0x0000000086a00000| Complete 
| 107|0x0000000086b00000, 0x0000000086c00000, 0x0000000086c00000|100%| E|CS|TAMS 0x0000000086b00000, 0x0000000086b00000| Complete 
| 108|0x0000000086c00000, 0x0000000086d00000, 0x0000000086d00000|100%| E|CS|TAMS 0x0000000086c00000, 0x0000000086c00000| Complete 
| 109|0x0000000086d00000, 0x0000000086e00000, 0x0000000086e00000|100%| E|CS|TAMS 0x0000000086d00000, 0x0000000086d00000| Complete 
| 110|0x0000000086e00000, 0x0000000086f00000, 0x0000000086f00000|100%| E|CS|TAMS 0x0000000086e00000, 0x0000000086e00000| Complete 
| 111|0x0000000086f00000, 0x0000000087000000, 0x0000000087000000|100%| E|CS|TAMS 0x0000000086f00000, 0x0000000086f00000| Complete 
| 112|0x0000000087000000, 0x0000000087100000, 0x0000000087100000|100%| E|CS|TAMS 0x0000000087000000, 0x0000000087000000| Complete 
| 113|0x0000000087100000, 0x0000000087200000, 0x0000000087200000|100%| E|CS|TAMS 0x0000000087100000, 0x0000000087100000| Complete 
| 114|0x0000000087200000, 0x0000000087300000, 0x0000000087300000|100%| E|CS|TAMS 0x0000000087200000, 0x0000000087200000| Complete 
| 115|0x0000000087300000, 0x0000000087400000, 0x0000000087400000|100%| E|CS|TAMS 0x0000000087300000, 0x0000000087300000| Complete 
| 116|0x0000000087400000, 0x0000000087500000, 0x0000000087500000|100%| E|  |TAMS 0x0000000087400000, 0x0000000087400000| Complete 
| 117|0x0000000087500000, 0x0000000087600000, 0x0000000087600000|100%| E|CS|TAMS 0x0000000087500000, 0x0000000087500000| Complete 
| 118|0x0000000087600000, 0x0000000087700000, 0x0000000087700000|100%| E|CS|TAMS 0x0000000087600000, 0x0000000087600000| Complete 
| 119|0x0000000087700000, 0x0000000087800000, 0x0000000087800000|100%| E|CS|TAMS 0x0000000087700000, 0x0000000087700000| Complete 
| 120|0x0000000087800000, 0x0000000087900000, 0x0000000087900000|100%| E|CS|TAMS 0x0000000087800000, 0x0000000087800000| Complete 
| 121|0x0000000087900000, 0x0000000087a00000, 0x0000000087a00000|100%| E|CS|TAMS 0x0000000087900000, 0x0000000087900000| Complete 
| 122|0x0000000087a00000, 0x0000000087b00000, 0x0000000087b00000|100%| E|CS|TAMS 0x0000000087a00000, 0x0000000087a00000| Complete 
| 123|0x0000000087b00000, 0x0000000087c00000, 0x0000000087c00000|100%| E|CS|TAMS 0x0000000087b00000, 0x0000000087b00000| Complete 
| 124|0x0000000087c00000, 0x0000000087d00000, 0x0000000087d00000|100%| E|CS|TAMS 0x0000000087c00000, 0x0000000087c00000| Complete 
| 125|0x0000000087d00000, 0x0000000087e00000, 0x0000000087e00000|100%| E|CS|TAMS 0x0000000087d00000, 0x0000000087d00000| Complete 

Card table byte_map: [0x0000027b73580000,0x0000027b73980000] _byte_map_base: 0x0000027b73180000

Marking Bits (Prev, Next): (CMBitMap*) 0x0000027b68abaeb0, (CMBitMap*) 0x0000027b68abae78
 Prev Bits: [0x0000027b75d80000, 0x0000027b77d80000)
 Next Bits: [0x0000027b73d80000, 0x0000027b75d80000)

Polling page: 0x0000027b68b50000

Metaspace:

Usage:
  Non-class:     51.64 MB capacity,    50.54 MB ( 98%) used,   973.37 KB (  2%) free+waste,   152.06 KB ( <1%) overhead. 
      Class:      7.90 MB capacity,     7.33 MB ( 93%) used,   515.99 KB (  6%) free+waste,    72.31 KB ( <1%) overhead. 
       Both:     59.54 MB capacity,    57.86 MB ( 97%) used,     1.45 MB (  2%) free+waste,   224.38 KB ( <1%) overhead. 

Virtual space:
  Non-class space:       52.00 MB reserved,      51.72 MB (>99%) committed 
      Class space:        1.00 GB reserved,       8.00 MB ( <1%) committed 
             Both:        1.05 GB reserved,      59.72 MB (  6%) committed 

Chunk freelists:
   Non-Class:  3.13 KB
       Class:  640 bytes
        Both:  3.75 KB

CodeHeap 'non-profiled nmethods': size=120000Kb used=3498Kb max_used=3498Kb free=116501Kb
 bounds [0x0000027b07ad0000, 0x0000027b07e40000, 0x0000027b0f000000]
CodeHeap 'profiled nmethods': size=120000Kb used=12798Kb max_used=12798Kb free=107201Kb
 bounds [0x0000027b005a0000, 0x0000027b01220000, 0x0000027b07ad0000]
CodeHeap 'non-nmethods': size=5760Kb used=2284Kb max_used=2284Kb free=3475Kb
 bounds [0x0000027b00000000, 0x0000027b00270000, 0x0000027b005a0000]
 total_blobs=7029 nmethods=6202 adapters=736
 compilation: enabled
              stopped_count=0, restarted_count=0
 full_count=0

Compilation events (10 events):
Event: 7.416 Thread 0x0000027b7b114800 6174       3       org.gradle.api.internal.provider.DefaultValueSourceProviderFactory$ValueSourceProvider::calculateOwnValue (18 bytes)
Event: 7.416 Thread 0x0000027b7b114800 nmethod 6174 0x0000027b011f6710 code [0x0000027b011f69a0, 0x0000027b011f7668]
Event: 7.416 Thread 0x0000027b7b114800 6175       3       org.gradle.api.internal.provider.DefaultValueSourceProviderFactory$ConfigurationTimeProvider::vetoAtConfigurationTime (1 bytes)
Event: 7.417 Thread 0x0000027b7b114800 nmethod 6175 0x0000027b011f7a90 code [0x0000027b011f7c20, 0x0000027b011f7d18]
Event: 7.417 Thread 0x0000027b7b114800 6176       3       org.gradle.api.internal.provider.DefaultValueSourceProviderFactory$LazilyObtainedValue::obtain (23 bytes)
Event: 7.417 Thread 0x0000027b7b114800 nmethod 6176 0x0000027b011f7d90 code [0x0000027b011f7fa0, 0x0000027b011f8728]
Event: 7.419 Thread 0x0000027b7b114800 6178       3       kotlin.jvm.internal.Intrinsics::checkNotNullParameter (9 bytes)
Event: 7.419 Thread 0x0000027b7b114800 nmethod 6178 0x0000027b011f8990 code [0x0000027b011f8ba0, 0x0000027b011f9078]
Event: 7.422 Thread 0x0000027b7b114800 6182       2       java.util.HashSet::contains (9 bytes)
Event: 7.422 Thread 0x0000027b7b114800 nmethod 6182 0x0000027b011f9290 code [0x0000027b011f9440, 0x0000027b011f9568]

GC Heap History (10 events):
Event: 5.959 GC heap before
{Heap before GC invocations=12 (full 0):
 garbage-first heap   total 129024K, used 96602K [0x0000000080000000, 0x0000000100000000)
  region size 1024K, 44 young (45056K), 4 survivors (4096K)
 Metaspace       used 48059K, capacity 49432K, committed 49636K, reserved 1091584K
  class space    used 6178K, capacity 6628K, committed 6656K, reserved 1048576K
}
Event: 5.963 GC heap after
{Heap after GC invocations=13 (full 0):
 garbage-first heap   total 129024K, used 57158K [0x0000000080000000, 0x0000000100000000)
  region size 1024K, 5 young (5120K), 5 survivors (5120K)
 Metaspace       used 48059K, capacity 49432K, committed 49636K, reserved 1091584K
  class space    used 6178K, capacity 6628K, committed 6656K, reserved 1048576K
}
Event: 6.429 GC heap before
{Heap before GC invocations=13 (full 0):
 garbage-first heap   total 129024K, used 98118K [0x0000000080000000, 0x0000000100000000)
  region size 1024K, 46 young (47104K), 5 survivors (5120K)
 Metaspace       used 49643K, capacity 51080K, committed 51428K, reserved 1093632K
  class space    used 6333K, capacity 6807K, committed 6912K, reserved 1048576K
}
Event: 6.435 GC heap after
{Heap after GC invocations=14 (full 0):
 garbage-first heap   total 129024K, used 60856K [0x0000000080000000, 0x0000000100000000)
  region size 1024K, 6 young (6144K), 6 survivors (6144K)
 Metaspace       used 49643K, capacity 51080K, committed 51428K, reserved 1093632K
  class space    used 6333K, capacity 6807K, committed 6912K, reserved 1048576K
}
Event: 6.536 GC heap before
{Heap before GC invocations=14 (full 0):
 garbage-first heap   total 129024K, used 69048K [0x0000000080000000, 0x0000000100000000)
  region size 1024K, 14 young (14336K), 6 survivors (6144K)
 Metaspace       used 49684K, capacity 51102K, committed 51428K, reserved 1093632K
  class space    used 6339K, capacity 6813K, committed 6912K, reserved 1048576K
}
Event: 6.542 GC heap after
{Heap after GC invocations=15 (full 0):
 garbage-first heap   total 129024K, used 67760K [0x0000000080000000, 0x0000000100000000)
  region size 1024K, 5 young (5120K), 5 survivors (5120K)
 Metaspace       used 49684K, capacity 51102K, committed 51428K, reserved 1093632K
  class space    used 6339K, capacity 6813K, committed 6912K, reserved 1048576K
}
Event: 6.865 GC heap before
{Heap before GC invocations=16 (full 0):
 garbage-first heap   total 129024K, used 105648K [0x0000000080000000, 0x0000000100000000)
  region size 1024K, 37 young (37888K), 5 survivors (5120K)
 Metaspace       used 51934K, capacity 53561K, committed 53732K, reserved 1095680K
  class space    used 6634K, capacity 7162K, committed 7168K, reserved 1048576K
}
Event: 6.869 GC heap after
{Heap after GC invocations=17 (full 0):
 garbage-first heap   total 129024K, used 76678K [0x0000000080000000, 0x0000000100000000)
  region size 1024K, 5 young (5120K), 5 survivors (5120K)
 Metaspace       used 51934K, capacity 53561K, committed 53732K, reserved 1095680K
  class space    used 6634K, capacity 7162K, committed 7168K, reserved 1048576K
}
Event: 7.174 GC heap before
{Heap before GC invocations=17 (full 0):
 garbage-first heap   total 129024K, used 104326K [0x0000000080000000, 0x0000000100000000)
  region size 1024K, 32 young (32768K), 5 survivors (5120K)
 Metaspace       used 55720K, capacity 57350K, committed 57700K, reserved 1099776K
  class space    used 7106K, capacity 7700K, committed 7808K, reserved 1048576K
}
Event: 7.178 GC heap after
{Heap after GC invocations=18 (full 0):
 garbage-first heap   total 129024K, used 77952K [0x0000000080000000, 0x0000000100000000)
  region size 1024K, 2 young (2048K), 2 survivors (2048K)
 Metaspace       used 55720K, capacity 57350K, committed 57700K, reserved 1099776K
  class space    used 7106K, capacity 7700K, committed 7808K, reserved 1048576K
}

Deoptimization events (10 events):
Event: 6.834 Thread 0x0000027b7c2f8000 Uncommon trap: reason=unstable_if action=reinterpret pc=0x0000027b07cca2ac method=org.objectweb.asm.Frame.execute(IILorg/objectweb/asm/Symbol;Lorg/objectweb/asm/SymbolTable;)V @ 1 c2
Event: 6.851 Thread 0x0000027b7c2f8000 Uncommon trap: reason=unstable_fused_if action=reinterpret pc=0x0000027b07c33e4c method=org.objectweb.asm.ByteVector.putUTF8(Ljava/lang/String;)Lorg/objectweb/asm/ByteVector; @ 93 c2
Event: 6.869 Thread 0x0000027b7b283800 Uncommon trap: reason=class_check action=maybe_recompile pc=0x0000027b07c3274c method=jdk.internal.ref.PhantomCleanable.clean()V @ 12 c2
Event: 6.869 Thread 0x0000027b7b283800 Uncommon trap: reason=class_check action=maybe_recompile pc=0x0000027b07c3274c method=jdk.internal.ref.PhantomCleanable.clean()V @ 12 c2
Event: 7.116 Thread 0x0000027b7c2f8000 Uncommon trap: reason=class_check action=make_not_entrant pc=0x0000027b07e109cc method=java.util.ArrayList.toArray([Ljava/lang/Object;)[Ljava/lang/Object; @ 21 c2
Event: 7.178 Thread 0x0000027b7b283800 Uncommon trap: reason=class_check action=maybe_recompile pc=0x0000027b07c3274c method=jdk.internal.ref.PhantomCleanable.clean()V @ 12 c2
Event: 7.267 Thread 0x0000027b7c2f8000 Uncommon trap: reason=bimorphic_or_optimized_type_check action=maybe_recompile pc=0x0000027b07ceaef4 method=java.util.AbstractCollection.addAll(Ljava/util/Collection;)Z @ 29 c2
Event: 7.380 Thread 0x0000027b7c2f8000 Uncommon trap: reason=class_check action=maybe_recompile pc=0x0000027b07cbb200 method=jdk.internal.loader.BuiltinClassLoader.loadClassOrNull(Ljava/lang/String;Z)Ljava/lang/Class; @ 86 c2
Event: 7.417 Thread 0x0000027b7c2f8000 Uncommon trap: reason=class_check action=maybe_recompile pc=0x0000027b07cee66c method=java.util.HashSet.contains(Ljava/lang/Object;)Z @ 5 c2
Event: 7.417 Thread 0x0000027b7c2f8000 Uncommon trap: reason=class_check action=maybe_recompile pc=0x0000027b07cee66c method=java.util.HashSet.contains(Ljava/lang/Object;)Z @ 5 c2

Classes redefined (0 events):
No events

Internal exceptions (10 events):
Event: 6.696 Thread 0x0000027b7c2f8000 Exception <a 'java/lang/ClassNotFoundException'{0x00000000869a20b8}: org/gradle/api/tasks/Delete_DecoratedCustomizer> (0x00000000869a20b8) thrown at [./open/src/hotspot/share/classfile/systemDictionary.cpp, line 228]
Event: 6.722 Thread 0x0000027b7c2f8000 Exception <a 'java/lang/ClassNotFoundException'{0x00000000868fe3e8}: build_1he5j6v2ia3lmnn6xutxwoltuBeanInfo> (0x00000000868fe3e8) thrown at [./open/src/hotspot/share/classfile/systemDictionary.cpp, line 228]
Event: 6.722 Thread 0x0000027b7c2f8000 Exception <a 'java/lang/ClassNotFoundException'{0x0000000086709950}: build_1he5j6v2ia3lmnn6xutxwoltuCustomizer> (0x0000000086709950) thrown at [./open/src/hotspot/share/classfile/systemDictionary.cpp, line 228]
Event: 6.826 Thread 0x0000027b7c2f8000 Exception <a 'java/lang/NoSuchMethodError'{0x0000000085c0e690}: java.lang.invoke.DirectMethodHandle$Holder.invokeStatic(Ljava/lang/Object;Ljava/lang/Object;Ljava/lang/Object;Ljava/lang/Object;I)Ljava/lang/Object;> (0x0000000085c0e690) thrown at [./open/sr
Event: 6.826 Thread 0x0000027b7c2f8000 Exception <a 'java/lang/NoSuchMethodError'{0x0000000085c13080}: java.lang.invoke.DirectMethodHandle$Holder.invokeSpecial(Ljava/lang/Object;Ljava/lang/Object;Ljava/lang/Object;Ljava/lang/Object;Ljava/lang/Object;I)Ljava/lang/Object;> (0x0000000085c13080) t
Event: 6.827 Thread 0x0000027b7c2f8000 Exception <a 'java/lang/NoSuchMethodError'{0x0000000085c176b8}: java.lang.invoke.Invokers$Holder.linkToTargetMethod(Ljava/lang/Object;Ljava/lang/Object;Ljava/lang/Object;ILjava/lang/Object;)Ljava/lang/Object;> (0x0000000085c176b8) thrown at [./open/src/ho
Event: 6.983 Thread 0x0000027b7c2f8000 Exception <a 'java/lang/NoSuchMethodError'{0x0000000087233160}: java.lang.invoke.DirectMethodHandle$Holder.invokeSpecial(Ljava/lang/Object;Ljava/lang/Object;IILjava/lang/Object;Ljava/lang/Object;Ljava/lang/Object;)Ljava/lang/Object;> (0x0000000087233160) 
Event: 6.983 Thread 0x0000027b7c2f8000 Exception <a 'java/lang/NoSuchMethodError'{0x00000000872376d8}: java.lang.invoke.DelegatingMethodHandle$Holder.reinvoke_L(Ljava/lang/Object;IILjava/lang/Object;Ljava/lang/Object;Ljava/lang/Object;)Ljava/lang/Object;> (0x00000000872376d8) thrown at [./open
Event: 7.135 Thread 0x0000027b7c2f8000 Exception <a 'java/lang/NoSuchMethodError'{0x000000008663f010}: java.lang.invoke.DirectMethodHandle$Holder.invokeInterface(Ljava/lang/Object;Ljava/lang/Object;Ljava/lang/Object;Ljava/lang/Object;)I> (0x000000008663f010) thrown at [./open/src/hotspot/share
Event: 7.416 Thread 0x0000027b7c2f8000 Exception <a 'java/lang/NoSuchMethodError'{0x0000000086b23160}: java.lang.invoke.DirectMethodHandle$Holder.invokeInterface(Ljava/lang/Object;Ljava/lang/Object;Ljava/lang/Object;Ljava/lang/Object;)V> (0x0000000086b23160) thrown at [./open/src/hotspot/share

Events (10 events):
Event: 7.424 loading class org/gradle/language/jvm/tasks/ProcessResources
Event: 7.424 loading class org/gradle/language/jvm/tasks/ProcessResources done
Event: 7.425 loading class org/gradle/api/tasks/Copy
Event: 7.425 loading class org/gradle/api/tasks/Copy done
Event: 7.426 loading class org/gradle/api/tasks/compile/AbstractCompile
Event: 7.426 loading class org/gradle/api/tasks/compile/AbstractCompile done
Event: 7.426 loading class org/gradle/api/tasks/SourceTask
Event: 7.426 loading class org/gradle/api/tasks/SourceTask done
Event: 7.427 loading class org/gradle/api/tasks/javadoc/Javadoc
Event: 7.427 loading class org/gradle/api/tasks/javadoc/Javadoc done


Dynamic libraries:
0x00007ff741f30000 - 0x00007ff741f3f000 	C:\Program Files\Java\jdk-11.0.12\bin\java.exe
0x00007ffa993a0000 - 0x00007ffa99590000 	C:\Windows\SYSTEM32\ntdll.dll
0x00007ffa992a0000 - 0x00007ffa99352000 	C:\Windows\System32\KERNEL32.DLL
0x00007ffa96340000 - 0x00007ffa965e5000 	C:\Windows\System32\KERNELBASE.dll
0x00007ffa971f0000 - 0x00007ffa972ea000 	C:\Windows\System32\ucrtbase.dll
0x00007ffa908d0000 - 0x00007ffa908e5000 	C:\Program Files\Java\jdk-11.0.12\bin\VCRUNTIME140.dll
0x00007ffa90930000 - 0x00007ffa90948000 	C:\Program Files\Java\jdk-11.0.12\bin\jli.dll
0x00007ffa97450000 - 0x00007ffa974f3000 	C:\Windows\System32\ADVAPI32.dll
0x00007ffa983e0000 - 0x00007ffa9847e000 	C:\Windows\System32\msvcrt.dll
0x00007ffa982d0000 - 0x00007ffa98367000 	C:\Windows\System32\sechost.dll
0x00007ffa97ad0000 - 0x00007ffa97bef000 	C:\Windows\System32\RPCRT4.dll
0x00007ffa98080000 - 0x00007ffa98214000 	C:\Windows\System32\USER32.dll
0x00007ffa96310000 - 0x00007ffa96331000 	C:\Windows\System32\win32u.dll
0x00007ffa98dd0000 - 0x00007ffa98df6000 	C:\Windows\System32\GDI32.dll
0x00007ffa96e50000 - 0x00007ffa96fe8000 	C:\Windows\System32\gdi32full.dll
0x00007ffa97010000 - 0x00007ffa970ae000 	C:\Windows\System32\msvcp_win.dll
0x00007ffa84330000 - 0x00007ffa845b4000 	C:\Windows\WinSxS\amd64_microsoft.windows.common-controls_6595b64144ccf1df_6.0.18362.1556_none_9e7e372fe45e41d5\COMCTL32.dll
0x00007ffa97ce0000 - 0x00007ffa98016000 	C:\Windows\System32\combase.dll
0x00007ffa970b0000 - 0x00007ffa97131000 	C:\Windows\System32\bcryptPrimitives.dll
0x00007ffa8e010000 - 0x00007ffa8e01a000 	C:\Windows\SYSTEM32\VERSION.dll
0x00007ffa982a0000 - 0x00007ffa982ce000 	C:\Windows\System32\IMM32.DLL
0x00007ffa88470000 - 0x00007ffa8850b000 	C:\Program Files\Java\jdk-11.0.12\bin\msvcp140.dll
0x00007ffa54620000 - 0x00007ffa5511f000 	C:\Program Files\Java\jdk-11.0.12\bin\server\jvm.dll
0x00007ffa98e00000 - 0x00007ffa98e08000 	C:\Windows\System32\PSAPI.DLL
0x00007ffa92600000 - 0x00007ffa92624000 	C:\Windows\SYSTEM32\WINMM.dll
0x00007ffa91560000 - 0x00007ffa91569000 	C:\Windows\SYSTEM32\WSOCK32.dll
0x00007ffa98370000 - 0x00007ffa983df000 	C:\Windows\System32\WS2_32.dll
0x00007ffa925d0000 - 0x00007ffa925fd000 	C:\Windows\SYSTEM32\winmmbase.dll
0x00007ffa971a0000 - 0x00007ffa971ea000 	C:\Windows\System32\cfgmgr32.dll
0x00007ffa96260000 - 0x00007ffa96271000 	C:\Windows\System32\kernel.appcore.dll
0x00007ffa924b0000 - 0x00007ffa924c0000 	C:\Program Files\Java\jdk-11.0.12\bin\verify.dll
0x00007ffa822c0000 - 0x00007ffa824b4000 	C:\Windows\SYSTEM32\DBGHELP.DLL
0x00007ffa681f0000 - 0x00007ffa6821a000 	C:\Windows\SYSTEM32\dbgcore.DLL
0x00007ffa8f9f0000 - 0x00007ffa8fa18000 	C:\Program Files\Java\jdk-11.0.12\bin\java.dll
0x00007ffa92460000 - 0x00007ffa9246a000 	C:\Program Files\Java\jdk-11.0.12\bin\jimage.dll
0x00007ffa907e0000 - 0x00007ffa907f6000 	C:\Program Files\Java\jdk-11.0.12\bin\zip.dll
0x00007ffa98560000 - 0x00007ffa98c47000 	C:\Windows\System32\SHELL32.dll
0x00007ffa98d20000 - 0x00007ffa98dc8000 	C:\Windows\System32\shcore.dll
0x00007ffa966a0000 - 0x00007ffa96e1b000 	C:\Windows\System32\windows.storage.dll
0x00007ffa962f0000 - 0x00007ffa9630e000 	C:\Windows\System32\profapi.dll
0x00007ffa96280000 - 0x00007ffa962ca000 	C:\Windows\System32\powrprof.dll
0x00007ffa96250000 - 0x00007ffa96260000 	C:\Windows\System32\UMPDC.dll
0x00007ffa98020000 - 0x00007ffa98072000 	C:\Windows\System32\shlwapi.dll
0x00007ffa96ff0000 - 0x00007ffa97007000 	C:\Windows\System32\cryptsp.dll
0x00007ffa8e5c0000 - 0x00007ffa8e5d9000 	C:\Program Files\Java\jdk-11.0.12\bin\net.dll
0x00007ffa885d0000 - 0x00007ffa886ca000 	C:\Windows\SYSTEM32\WINHTTP.dll
0x00007ffa95a90000 - 0x00007ffa95af7000 	C:\Windows\system32\mswsock.dll
0x00007ffa8e5a0000 - 0x00007ffa8e5b2000 	C:\Program Files\Java\jdk-11.0.12\bin\nio.dll
0x00007ffa8e550000 - 0x00007ffa8e577000 	C:\Users\OmarTaha\.gradle\native\8bec1ad78214c89d9ad589b4d07fe93259594b29d510b10fafb7a158f7737e5d\windows-amd64\native-platform.dll
0x00007ffa8b2c0000 - 0x00007ffa8b3fd000 	C:\Users\OmarTaha\.gradle\native\53dbd7edfb1c66fb8903c78663c9afc45aea4f116125fa6feffd364cf09443e8\windows-amd64\native-platform-file-events.dll
0x00007ffa915e0000 - 0x00007ffa915e9000 	C:\Program Files\Java\jdk-11.0.12\bin\management.dll
0x00007ffa909c0000 - 0x00007ffa909cb000 	C:\Program Files\Java\jdk-11.0.12\bin\management_ext.dll
0x00007ffa95610000 - 0x00007ffa95643000 	C:\Windows\system32\rsaenh.dll
0x00007ffa96e20000 - 0x00007ffa96e46000 	C:\Windows\System32\bcrypt.dll
0x00007ffa96170000 - 0x00007ffa96195000 	C:\Windows\SYSTEM32\USERENV.dll
0x00007ffa95c60000 - 0x00007ffa95c6c000 	C:\Windows\SYSTEM32\CRYPTBASE.dll
0x00007ffa957a0000 - 0x00007ffa957da000 	C:\Windows\SYSTEM32\IPHLPAPI.DLL
0x00007ffa98230000 - 0x00007ffa98238000 	C:\Windows\System32\NSI.dll
0x00007ffa8f430000 - 0x00007ffa8f446000 	C:\Windows\SYSTEM32\dhcpcsvc6.DLL
0x00007ffa8fb60000 - 0x00007ffa8fb7c000 	C:\Windows\SYSTEM32\dhcpcsvc.DLL
0x00007ffa957e0000 - 0x00007ffa958ab000 	C:\Windows\SYSTEM32\DNSAPI.dll

dbghelp: loaded successfully - version: 4.0.5 - missing functions: none
symbol engine: initialized successfully - sym options: 0x614 - pdb path: .;C:\Program Files\Java\jdk-11.0.12\bin;C:\Windows\SYSTEM32;C:\Windows\WinSxS\amd64_microsoft.windows.common-controls_6595b64144ccf1df_6.0.18362.1556_none_9e7e372fe45e41d5;C:\Program Files\Java\jdk-11.0.12\bin\server;C:\Users\OmarTaha\.gradle\native\8bec1ad78214c89d9ad589b4d07fe93259594b29d510b10fafb7a158f7737e5d\windows-amd64;C:\Users\OmarTaha\.gradle\native\53dbd7edfb1c66fb8903c78663c9afc45aea4f116125fa6feffd364cf09443e8\windows-amd64

VM Arguments:
jvm_args: --add-opens=java.base/java.util=ALL-UNNAMED --add-opens=java.base/java.lang=ALL-UNNAMED --add-opens=java.base/java.lang.invoke=ALL-UNNAMED --add-opens=java.base/java.util=ALL-UNNAMED --add-opens=java.prefs/java.util.prefs=ALL-UNNAMED --add-opens=java.prefs/java.util.prefs=ALL-UNNAMED --add-opens=java.base/java.nio.charset=ALL-UNNAMED --add-opens=java.base/java.net=ALL-UNNAMED --add-opens=java.base/java.util.concurrent.atomic=ALL-UNNAMED -Xmx2048m -Dfile.encoding=windows-1252 -Duser.country=US -Duser.language=en -Duser.variant 
java_command: org.gradle.launcher.daemon.bootstrap.GradleDaemon 7.1-rc-1
java_class_path (initial): C:\Users\OmarTaha\.gradle\wrapper\dists\gradle-7.1-rc-1-bin\89hqeppvp8dbb4pzs5e0rkzxn\gradle-7.1-rc-1\lib\gradle-launcher-7.1.jar
Launcher Type: SUN_STANDARD

[Global flags]
     intx CICompilerCount                          = 4                                         {product} {ergonomic}
     uint ConcGCThreads                            = 2                                         {product} {ergonomic}
     uint G1ConcRefinementThreads                  = 8                                         {product} {ergonomic}
   size_t G1HeapRegionSize                         = 1048576                                   {product} {ergonomic}
    uintx GCDrainStackTargetSize                   = 64                                        {product} {ergonomic}
   size_t InitialHeapSize                          = 132120576                                 {product} {ergonomic}
   size_t MarkStackSize                            = 4194304                                   {product} {ergonomic}
   size_t MaxHeapSize                              = 2147483648                                {product} {command line}
   size_t MaxNewSize                               = 1287651328                                {product} {ergonomic}
   size_t MinHeapDeltaBytes                        = 1048576                                   {product} {ergonomic}
    uintx NonNMethodCodeHeapSize                   = 5836300                                {pd product} {ergonomic}
    uintx NonProfiledCodeHeapSize                  = 122910970                              {pd product} {ergonomic}
    uintx ProfiledCodeHeapSize                     = 122910970                              {pd product} {ergonomic}
    uintx ReservedCodeCacheSize                    = 251658240                              {pd product} {ergonomic}
     bool SegmentedCodeCache                       = true                                      {product} {ergonomic}
     bool UseCompressedClassPointers               = true                                 {lp64_product} {ergonomic}
     bool UseCompressedOops                        = true                                 {lp64_product} {ergonomic}
     bool UseG1GC                                  = true                                      {product} {ergonomic}
     bool UseLargePagesIndividualAllocation        = false                                  {pd product} {ergonomic}

Logging:
Log output configuration:
 #0: stdout all=warning uptime,level,tags
 #1: stderr all=off uptime,level,tags

Environment Variables:
JAVA_HOME=C:\Program Files\Java\jdk-11.0.12\bin
PATH=C:\Program Files\Common Files\Oracle\Java\javapath;C:\Program Files (x86)\Common Files\Oracle\Java\javapath;C:\Program Files (x86)\Common Files\Intel\Shared Libraries\redist\intel64\compiler;C:\Program Files\Java\jdk-12.0.2\bin;C:\Windows\system32;C:\Windows;C:\Windows\System32\Wbem;C:\Windows\System32\WindowsPowerShell\v1.0\;C:\Windows\System32\OpenSSH\;C:\Program Files\dotnet\;C:\Program Files\Microsoft SQL Server\120\Tools\Binn\;C:\Program Files\Microsoft SQL Server\120\DTS\Binn\;C:\Program Files\Microsoft SQL Server\Client SDK\ODBC\110\Tools\Binn\;C:\Program Files (x86)\Microsoft SQL Server\120\Tools\Binn\;C:\Program Files (x86)\Microsoft SQL Server\120\Tools\Binn\ManagementStudio\;C:\Program Files (x86)\Microsoft SQL Server\120\DTS\Binn\;C:\Windows\Microsoft.NET\Framework\v3.5;C:\Program Files\Microsoft SQL Server\130\Tools\Binn\;C:\Program Files\Microsoft SQL Server\Client SDK\ODBC\170\Tools\Binn\;C:\Program Files\MATLAB\R2016a\runtime\win64;C:\Program Files\MATLAB\R2016a\bin;C:\Program Files\MATLAB\R2016a\polyspace\bin;C:\Program Files (x86)\dotnet\;C:\sqlite;C:\Program Files\Git\cmd;C:\Users\OmarTaha\AppData\Local\Programs\Python\Python310;C:\Users\OmarTaha\AppData\Local\Programs\Python\Python310\Scripts;C:\Users\OmarTaha\AppData\Local\Programs\Python\Python38-32\Scripts\;C:\Users\OmarTaha\AppData\Local\Programs\Python\Python38-32\;C:\Users\OmarTaha\AppData\Local\Microsoft\WindowsApps;C:\Users\OmarTaha\AppData\Local\Programs\Microsoft VS Code\bin;C:\Users\OmarTaha\.dotnet\tools;C:\Program Files\JetBrains\PyCharm Community Edition 2020.2.4\bin;;C:\Users\OmarTaha\AppData\Local\GitHubDesktop\bin;
USERNAME=OmarTaha
OS=Windows_NT
PROCESSOR_IDENTIFIER=Intel64 Family 6 Model 60 Stepping 3, GenuineIntel



---------------  S Y S T E M  ---------------

OS: Windows 10 , 64 bit Build 18362 (10.0.18362.1500)

CPU:total 8 (initial active 8) (4 cores per cpu, 2 threads per core) family 6 model 60 stepping 3 microcode 0x28, cmov, cx8, fxsr, mmx, sse, sse2, sse3, ssse3, sse4.1, sse4.2, popcnt, avx, avx2, aes, clmul, erms, lzcnt, ht, tsc, tscinvbit, bmi1, bmi2, fma

Memory: 4k page, system-wide physical 7993M (554M free)
TotalPageFile size 13993M (AvailPageFile size 7M)
current process WorkingSet (physical memory assigned to process): 327M, peak: 329M
current process commit charge ("private bytes"): 372M, peak: 377M

vm_info: Java HotSpot(TM) 64-Bit Server VM (11.0.12+8-LTS-237) for windows-amd64 JRE (11.0.12+8-LTS-237), built on Jun  8 2021 11:25:59 by "mach5one" with MS VC++ 15.9 (VS2017)

END.
