#
# There is insufficient memory for the Java Runtime Environment to continue.
# Native memory allocation (malloc) failed to allocate 2079376 bytes for Chunk::new
# Possible reasons:
#   The system is out of physical RAM or swap space
#   The process is running with CompressedOops enabled, and the Java Heap may be blocking the growth of the native heap
# Possible solutions:
#   Reduce memory load on the system
#   Increase physical memory or swap space
#   Check if swap backing store is full
#   Decrease Java heap size (-Xmx/-Xms)
#   Decrease number of Java threads
#   Decrease Java thread stack sizes (-Xss)
#   Set larger code cache with -XX:ReservedCodeCacheSize=
#   JVM is running with Unscaled Compressed Oops mode in which the Java heap is
#     placed in the first 4GB address space. The Java Heap base address is the
#     maximum limit for the native heap growth. Please use -XX:HeapBaseMinAddress
#     to set the Java Heap base and to place the Java Heap above 4GB virtual address.
# This output file may be truncated or incomplete.
#
#  Out of Memory Error (./open/src/hotspot/share/memory/arena.cpp:197), pid=12292, tid=12812
#
# JRE version: Java(TM) SE Runtime Environment 18.9 (11.0.12+8) (build 11.0.12+8-LTS-237)
# Java VM: Java HotSpot(TM) 64-Bit Server VM 18.9 (11.0.12+8-LTS-237, mixed mode, tiered, compressed oops, g1 gc, windows-amd64)
# No core dump will be written. Minidumps are not enabled by default on client versions of Windows
#

---------------  S U M M A R Y ------------

Command Line: --add-opens=java.base/java.util=ALL-UNNAMED --add-opens=java.base/java.lang=ALL-UNNAMED --add-opens=java.base/java.lang.invoke=ALL-UNNAMED --add-opens=java.base/java.util=ALL-UNNAMED --add-opens=java.prefs/java.util.prefs=ALL-UNNAMED --add-opens=java.prefs/java.util.prefs=ALL-UNNAMED --add-opens=java.base/java.nio.charset=ALL-UNNAMED --add-opens=java.base/java.net=ALL-UNNAMED --add-opens=java.base/java.util.concurrent.atomic=ALL-UNNAMED -Xmx2048m -Dfile.encoding=windows-1252 -Duser.country=US -Duser.language=en -Duser.variant org.gradle.launcher.daemon.bootstrap.GradleDaemon 7.1-rc-1

Host: Intel(R) Core(TM) i7-4800MQ CPU @ 2.70GHz, 8 cores, 7G,  Windows 10 , 64 bit Build 18362 (10.0.18362.1500)
Time: Mon Dec 20 12:50:58 2021 Arab Standard Time elapsed time: 8.503234 seconds (0d 0h 0m 8s)

---------------  T H R E A D  ---------------

Current thread (0x000001decf472000):  JavaThread "C2 CompilerThread1" daemon [_thread_in_native, id=12812, stack(0x00000089b6400000,0x00000089b6500000)]


Current CompileTask:
C2:   8503 6160       4       org.objectweb.asm.Frame::execute (2318 bytes)

Stack: [0x00000089b6400000,0x00000089b6500000]
Native frames: (J=compiled Java code, j=interpreted, Vv=VM code, C=native code)
V  [jvm.dll+0x617d9a]
V  [jvm.dll+0x74eeef]
V  [jvm.dll+0x750599]
V  [jvm.dll+0x750c23]
V  [jvm.dll+0x2438d8]
V  [jvm.dll+0xba6dc]
V  [jvm.dll+0xbac9c]
V  [jvm.dll+0x346972]
V  [jvm.dll+0x3147a3]
V  [jvm.dll+0x313aea]
V  [jvm.dll+0x1fd105]
V  [jvm.dll+0x1fc2ed]
V  [jvm.dll+0x17f18c]
V  [jvm.dll+0x20b87c]
V  [jvm.dll+0x20997b]
V  [jvm.dll+0x716359]
V  [jvm.dll+0x70f064]
V  [jvm.dll+0x616f66]
C  [ucrtbase.dll+0x210b2]
C  [KERNEL32.DLL+0x17c24]
C  [ntdll.dll+0x6d721]


---------------  P R O C E S S  ---------------

Threads class SMR info:
_java_thread_list=0x000001ded380bb10, length=124, elements={
0x000001dead3e2000, 0x000001decc240800, 0x000001decc237000, 0x000001decc249800,
0x000001decc24b800, 0x000001decc24f000, 0x000001decc252000, 0x000001decc25b800,
0x000001decc25c800, 0x000001deccd0c800, 0x000001decee8a000, 0x000001decd8d8000,
0x000001dece1c3800, 0x000001decdaae800, 0x000001decf8fe000, 0x000001ded069d800,
0x000001ded0582800, 0x000001dece703800, 0x000001dece56b800, 0x000001decf3df800,
0x000001decf3da800, 0x000001decf3d9800, 0x000001decf3dd000, 0x000001decf472000,
0x000001decf3e0000, 0x000001decf3dd800, 0x000001decf3db800, 0x000001decf450800,
0x000001decf3dc000, 0x000001decf3de800, 0x000001ded0cf2000, 0x000001ded0cf1800,
0x000001ded0cf3800, 0x000001ded0cf7000, 0x000001ded0cf3000, 0x000001ded0cf8800,
0x000001ded0cf4800, 0x000001ded0cfb000, 0x000001ded0cfa800, 0x000001ded0cf8000,
0x000001ded0cfc000, 0x000001ded0cfc800, 0x000001ded0cff000, 0x000001ded0d00000,
0x000001ded3ae6800, 0x000001ded3ae9000, 0x000001ded3aed000, 0x000001ded3ae7000,
0x000001ded3ae8000, 0x000001ded3aed800, 0x000001ded3ae9800, 0x000001ded3aec000,
0x000001ded3aee800, 0x000001ded3aef800, 0x000001ded3aeb800, 0x000001ded3af0000,
0x000001ded3aea800, 0x000001ded3af1000, 0x000001ded3af2000, 0x000001ded3af2800,
0x000001ded3af3800, 0x000001ded3af4000, 0x000001ded3af5000, 0x000001deccf0b800,
0x000001deccf0a000, 0x000001deccf0b000, 0x000001deccf0c800, 0x000001deccf09800,
0x000001deccf0d800, 0x000001deccf0e000, 0x000001deccf08800, 0x000001deccf12000,
0x000001deccf10000, 0x000001deccf14800, 0x000001deccf10800, 0x000001deccf14000,
0x000001deccf11800, 0x000001deccf0f000, 0x000001deccf16800, 0x000001deccf13000,
0x000001deccf15800, 0x000001deccf17000, 0x000001decec9f000, 0x000001decec9d800,
0x000001decec9e800, 0x000001dececa0000, 0x000001dececa1000, 0x000001dececa1800,
0x000001decec9c000, 0x000001decec9d000, 0x000001dececa3800, 0x000001dececa5000,
0x000001dececa8000, 0x000001dececa7800, 0x000001dececa4000, 0x000001dececa6000,
0x000001dececa6800, 0x000001dececa2800, 0x000001dececaa800, 0x000001dececa9000,
0x000001dececaa000, 0x000001ded0a62000, 0x000001ded0a63000, 0x000001ded0a5f800,
0x000001ded0a61000, 0x000001ded0a63800, 0x000001ded0a5e000, 0x000001ded0a64800,
0x000001ded0a5f000, 0x000001ded0a66000, 0x000001ded0a65800, 0x000001ded0a60800,
0x000001ded0a67000, 0x000001ded0a6c000, 0x000001ded0a68800, 0x000001ded0a69800,
0x000001ded0a6a000, 0x000001ded0a68000, 0x000001ded0a6b000, 0x000001ded0a6c800,
0x000001decdd24800, 0x000001decdd26800, 0x000001decdd28000, 0x000001decdd23000
}

Java Threads: ( => current thread )
  0x000001dead3e2000 JavaThread "main" [_thread_blocked, id=9796, stack(0x00000089b3e00000,0x00000089b3f00000)]
  0x000001decc240800 JavaThread "Reference Handler" daemon [_thread_blocked, id=14088, stack(0x00000089b4500000,0x00000089b4600000)]
  0x000001decc237000 JavaThread "Finalizer" daemon [_thread_blocked, id=9908, stack(0x00000089b4600000,0x00000089b4700000)]
  0x000001decc249800 JavaThread "Signal Dispatcher" daemon [_thread_blocked, id=11096, stack(0x00000089b4700000,0x00000089b4800000)]
  0x000001decc24b800 JavaThread "Attach Listener" daemon [_thread_blocked, id=13920, stack(0x00000089b4800000,0x00000089b4900000)]
  0x000001decc24f000 JavaThread "Service Thread" daemon [_thread_blocked, id=10864, stack(0x00000089b4900000,0x00000089b4a00000)]
  0x000001decc252000 JavaThread "C2 CompilerThread0" daemon [_thread_in_native, id=13188, stack(0x00000089b4a00000,0x00000089b4b00000)]
  0x000001decc25b800 JavaThread "C1 CompilerThread0" daemon [_thread_in_native, id=11800, stack(0x00000089b4b00000,0x00000089b4c00000)]
  0x000001decc25c800 JavaThread "Sweeper thread" daemon [_thread_blocked, id=2268, stack(0x00000089b4c00000,0x00000089b4d00000)]
  0x000001deccd0c800 JavaThread "Common-Cleaner" daemon [_thread_blocked, id=7524, stack(0x00000089b4d00000,0x00000089b4e00000)]
  0x000001decee8a000 JavaThread "Daemon health stats" [_thread_blocked, id=12784, stack(0x00000089b5300000,0x00000089b5400000)]
  0x000001decd8d8000 JavaThread "Incoming local TCP Connector on port 53791" [_thread_in_native, id=6952, stack(0x00000089b4f00000,0x00000089b5000000)]
  0x000001dece1c3800 JavaThread "Daemon periodic checks" [_thread_blocked, id=5660, stack(0x00000089b5200000,0x00000089b5300000)]
  0x000001decdaae800 JavaThread "Daemon" [_thread_blocked, id=9396, stack(0x00000089b5400000,0x00000089b5500000)]
  0x000001decf8fe000 JavaThread "Handler for socket connection from /127.0.0.1:53791 to /127.0.0.1:53792" [_thread_in_native, id=2988, stack(0x00000089b5500000,0x00000089b5600000)]
  0x000001ded069d800 JavaThread "Cancel handler" [_thread_blocked, id=3596, stack(0x00000089b5600000,0x00000089b5700000)]
  0x000001ded0582800 JavaThread "Daemon worker" [_thread_in_vm, id=9316, stack(0x00000089b5700000,0x00000089b5800000)]
  0x000001dece703800 JavaThread "Asynchronous log dispatcher for DefaultDaemonConnection: socket connection from /127.0.0.1:53791 to /127.0.0.1:53792" [_thread_blocked, id=11568, stack(0x00000089b5800000,0x00000089b5900000)]
  0x000001dece56b800 JavaThread "Stdin handler" [_thread_blocked, id=11420, stack(0x00000089b5900000,0x00000089b5a00000)]
  0x000001decf3df800 JavaThread "Daemon client event forwarder" [_thread_blocked, id=2400, stack(0x00000089b5a00000,0x00000089b5b00000)]
  0x000001decf3da800 JavaThread "Cache worker for journal cache (C:\Users\OmarTaha\.gradle\caches\journal-1)" [_thread_blocked, id=2808, stack(0x00000089b6000000,0x00000089b6100000)]
  0x000001decf3d9800 JavaThread "File lock request listener" [_thread_in_native, id=11524, stack(0x00000089b6100000,0x00000089b6200000)]
  0x000001decf3dd000 JavaThread "Cache worker for file hash cache (C:\Users\OmarTaha\.gradle\caches\7.1-rc-1\fileHashes)" [_thread_blocked, id=12272, stack(0x00000089b6200000,0x00000089b6300000)]
=>0x000001decf472000 JavaThread "C2 CompilerThread1" daemon [_thread_in_native, id=12812, stack(0x00000089b6400000,0x00000089b6500000)]
  0x000001decf3e0000 JavaThread "Cache worker for file hash cache (C:\Users\OmarTaha\AndroidStudioProjects\GMS\.gradle\7.1-rc-1\fileHashes)" [_thread_blocked, id=12092, stack(0x00000089b6500000,0x00000089b6600000)]
  0x000001decf3dd800 JavaThread "File watcher server" daemon [_thread_in_native, id=7020, stack(0x00000089b6600000,0x00000089b6700000)]
  0x000001decf3db800 JavaThread "File watcher consumer" daemon [_thread_blocked, id=11484, stack(0x00000089b6700000,0x00000089b6800000)]
  0x000001decf450800 JavaThread "C2 CompilerThread2" daemon [_thread_in_native, id=13832, stack(0x00000089b6800000,0x00000089b6900000)]
  0x000001decf3dc000 JavaThread "jar transforms" [_thread_blocked, id=3340, stack(0x00000089b6900000,0x00000089b6a00000)]
  0x000001decf3de800 JavaThread "jar transforms Thread 2" [_thread_blocked, id=6820, stack(0x00000089b6a00000,0x00000089b6b00000)]
  0x000001ded0cf2000 JavaThread "jar transforms Thread 3" [_thread_blocked, id=5716, stack(0x00000089b6b00000,0x00000089b6c00000)]
  0x000001ded0cf1800 JavaThread "jar transforms Thread 4" [_thread_blocked, id=5776, stack(0x00000089b6c00000,0x00000089b6d00000)]
  0x000001ded0cf3800 JavaThread "jar transforms Thread 5" [_thread_blocked, id=1740, stack(0x00000089b6d00000,0x00000089b6e00000)]
  0x000001ded0cf7000 JavaThread "jar transforms Thread 6" [_thread_blocked, id=9364, stack(0x00000089b6e00000,0x00000089b6f00000)]
  0x000001ded0cf3000 JavaThread "jar transforms Thread 7" [_thread_blocked, id=7412, stack(0x00000089b6f00000,0x00000089b7000000)]
  0x000001ded0cf8800 JavaThread "jar transforms Thread 8" [_thread_blocked, id=9204, stack(0x00000089b7000000,0x00000089b7100000)]
  0x000001ded0cf4800 JavaThread "Cache worker for checksums cache (C:\Users\OmarTaha\AndroidStudioProjects\GMS\.gradle\checksums)" [_thread_blocked, id=4364, stack(0x00000089b7100000,0x00000089b7200000)]
  0x000001ded0cfb000 JavaThread "Cache worker for cache directory md-supplier (C:\Users\OmarTaha\.gradle\caches\7.1-rc-1\md-supplier)" [_thread_blocked, id=6836, stack(0x00000089b7200000,0x00000089b7300000)]
  0x000001ded0cfa800 JavaThread "Cache worker for cache directory md-rule (C:\Users\OmarTaha\.gradle\caches\7.1-rc-1\md-rule)" [_thread_blocked, id=4920, stack(0x00000089b7300000,0x00000089b7400000)]
  0x000001ded0cf8000 JavaThread "Cache worker for execution history cache (C:\Users\OmarTaha\.gradle\caches\7.1-rc-1\executionHistory)" [_thread_blocked, id=9332, stack(0x00000089b7400000,0x00000089b7500000)]
  0x000001ded0cfc000 JavaThread "Cache worker for file content cache (C:\Users\OmarTaha\.gradle\caches\7.1-rc-1\fileContent)" [_thread_blocked, id=12976, stack(0x00000089b7500000,0x00000089b7600000)]
  0x000001ded0cfc800 JavaThread "Cache worker for dependencies-accessors (C:\Users\OmarTaha\AndroidStudioProjects\GMS\.gradle\7.1-rc-1\dependencies-accessors)" [_thread_blocked, id=3292, stack(0x00000089b7600000,0x00000089b7700000)]
  0x000001ded0cff000 JavaThread "Cache worker for Build Output Cleanup Cache (C:\Users\OmarTaha\AndroidStudioProjects\GMS\.gradle\buildOutputCleanup)" [_thread_blocked, id=1932, stack(0x00000089b7700000,0x00000089b7800000)]
  0x000001ded0d00000 JavaThread "Unconstrained build operations" [_thread_blocked, id=1032, stack(0x00000089b7800000,0x00000089b7900000)]
  0x000001ded3ae6800 JavaThread "Unconstrained build operations Thread 2" [_thread_blocked, id=12896, stack(0x00000089b7900000,0x00000089b7a00000)]
  0x000001ded3ae9000 JavaThread "Unconstrained build operations Thread 3" [_thread_blocked, id=12788, stack(0x00000089b7a00000,0x00000089b7b00000)]
  0x000001ded3aed000 JavaThread "Unconstrained build operations Thread 4" [_thread_blocked, id=2396, stack(0x00000089b7b00000,0x00000089b7c00000)]
  0x000001ded3ae7000 JavaThread "Unconstrained build operations Thread 5" [_thread_blocked, id=11960, stack(0x00000089b7c00000,0x00000089b7d00000)]
  0x000001ded3ae8000 JavaThread "Unconstrained build operations Thread 6" [_thread_blocked, id=12052, stack(0x00000089b7d00000,0x00000089b7e00000)]
  0x000001ded3aed800 JavaThread "Unconstrained build operations Thread 7" [_thread_blocked, id=248, stack(0x00000089b7e00000,0x00000089b7f00000)]
  0x000001ded3ae9800 JavaThread "Unconstrained build operations Thread 8" [_thread_blocked, id=10592, stack(0x00000089b7f00000,0x00000089b8000000)]
  0x000001ded3aec000 JavaThread "Unconstrained build operations Thread 9" [_thread_blocked, id=1028, stack(0x00000089b8000000,0x00000089b8100000)]
  0x000001ded3aee800 JavaThread "Unconstrained build operations Thread 10" [_thread_blocked, id=12528, stack(0x00000089b8100000,0x00000089b8200000)]
  0x000001ded3aef800 JavaThread "Unconstrained build operations Thread 11" [_thread_blocked, id=4124, stack(0x00000089b8200000,0x00000089b8300000)]
  0x000001ded3aeb800 JavaThread "Unconstrained build operations Thread 12" [_thread_blocked, id=6400, stack(0x00000089b8300000,0x00000089b8400000)]
  0x000001ded3af0000 JavaThread "Unconstrained build operations Thread 13" [_thread_blocked, id=13960, stack(0x00000089b8400000,0x00000089b8500000)]
  0x000001ded3aea800 JavaThread "Unconstrained build operations Thread 14" [_thread_blocked, id=12488, stack(0x00000089b8500000,0x00000089b8600000)]
  0x000001ded3af1000 JavaThread "Unconstrained build operations Thread 15" [_thread_blocked, id=8056, stack(0x00000089b8600000,0x00000089b8700000)]
  0x000001ded3af2000 JavaThread "Unconstrained build operations Thread 16" [_thread_blocked, id=6916, stack(0x00000089b8700000,0x00000089b8800000)]
  0x000001ded3af2800 JavaThread "Unconstrained build operations Thread 17" [_thread_blocked, id=2904, stack(0x00000089b8800000,0x00000089b8900000)]
  0x000001ded3af3800 JavaThread "Unconstrained build operations Thread 18" [_thread_blocked, id=11556, stack(0x00000089b8900000,0x00000089b8a00000)]
  0x000001ded3af4000 JavaThread "Unconstrained build operations Thread 19" [_thread_blocked, id=6396, stack(0x00000089b8a00000,0x00000089b8b00000)]
  0x000001ded3af5000 JavaThread "Unconstrained build operations Thread 20" [_thread_blocked, id=13072, stack(0x00000089b8b00000,0x00000089b8c00000)]
  0x000001deccf0b800 JavaThread "Unconstrained build operations Thread 21" [_thread_blocked, id=5580, stack(0x00000089b8c00000,0x00000089b8d00000)]
  0x000001deccf0a000 JavaThread "Unconstrained build operations Thread 22" [_thread_blocked, id=13344, stack(0x00000089b8d00000,0x00000089b8e00000)]
  0x000001deccf0b000 JavaThread "Unconstrained build operations Thread 23" [_thread_blocked, id=12696, stack(0x00000089b8e00000,0x00000089b8f00000)]
  0x000001deccf0c800 JavaThread "Unconstrained build operations Thread 24" [_thread_blocked, id=12116, stack(0x00000089b8f00000,0x00000089b9000000)]
  0x000001deccf09800 JavaThread "Unconstrained build operations Thread 25" [_thread_blocked, id=8940, stack(0x00000089b9000000,0x00000089b9100000)]
  0x000001deccf0d800 JavaThread "Unconstrained build operations Thread 26" [_thread_blocked, id=2752, stack(0x00000089b9100000,0x00000089b9200000)]
  0x000001deccf0e000 JavaThread "Unconstrained build operations Thread 27" [_thread_blocked, id=8064, stack(0x00000089b9200000,0x00000089b9300000)]
  0x000001deccf08800 JavaThread "Unconstrained build operations Thread 28" [_thread_blocked, id=12376, stack(0x00000089b9300000,0x00000089b9400000)]
  0x000001deccf12000 JavaThread "Unconstrained build operations Thread 29" [_thread_blocked, id=7836, stack(0x00000089b9400000,0x00000089b9500000)]
  0x000001deccf10000 JavaThread "Unconstrained build operations Thread 30" [_thread_blocked, id=1304, stack(0x00000089b9500000,0x00000089b9600000)]
  0x000001deccf14800 JavaThread "Unconstrained build operations Thread 31" [_thread_blocked, id=1360, stack(0x00000089b9600000,0x00000089b9700000)]
  0x000001deccf10800 JavaThread "Unconstrained build operations Thread 32" [_thread_blocked, id=6128, stack(0x00000089b9700000,0x00000089b9800000)]
  0x000001deccf14000 JavaThread "Unconstrained build operations Thread 33" [_thread_blocked, id=12268, stack(0x00000089b9800000,0x00000089b9900000)]
  0x000001deccf11800 JavaThread "Unconstrained build operations Thread 34" [_thread_blocked, id=7716, stack(0x00000089b9900000,0x00000089b9a00000)]
  0x000001deccf0f000 JavaThread "Unconstrained build operations Thread 35" [_thread_blocked, id=10372, stack(0x00000089b9a00000,0x00000089b9b00000)]
  0x000001deccf16800 JavaThread "Unconstrained build operations Thread 36" [_thread_blocked, id=8832, stack(0x00000089b9b00000,0x00000089b9c00000)]
  0x000001deccf13000 JavaThread "Unconstrained build operations Thread 37" [_thread_blocked, id=12828, stack(0x00000089b9c00000,0x00000089b9d00000)]
  0x000001deccf15800 JavaThread "Unconstrained build operations Thread 38" [_thread_blocked, id=10268, stack(0x00000089b9d00000,0x00000089b9e00000)]
  0x000001deccf17000 JavaThread "Unconstrained build operations Thread 39" [_thread_blocked, id=8748, stack(0x00000089b9e00000,0x00000089b9f00000)]
  0x000001decec9f000 JavaThread "Unconstrained build operations Thread 40" [_thread_blocked, id=3452, stack(0x00000089b9f00000,0x00000089ba000000)]
  0x000001decec9d800 JavaThread "Unconstrained build operations Thread 41" [_thread_blocked, id=8340, stack(0x00000089ba000000,0x00000089ba100000)]
  0x000001decec9e800 JavaThread "Unconstrained build operations Thread 42" [_thread_blocked, id=6544, stack(0x00000089ba100000,0x00000089ba200000)]
  0x000001dececa0000 JavaThread "Unconstrained build operations Thread 43" [_thread_blocked, id=4180, stack(0x00000089ba200000,0x00000089ba300000)]
  0x000001dececa1000 JavaThread "Unconstrained build operations Thread 44" [_thread_blocked, id=10948, stack(0x00000089ba300000,0x00000089ba400000)]
  0x000001dececa1800 JavaThread "Unconstrained build operations Thread 45" [_thread_blocked, id=12112, stack(0x00000089ba400000,0x00000089ba500000)]
  0x000001decec9c000 JavaThread "Unconstrained build operations Thread 46" [_thread_blocked, id=4000, stack(0x00000089ba500000,0x00000089ba600000)]
  0x000001decec9d000 JavaThread "Unconstrained build operations Thread 47" [_thread_blocked, id=7416, stack(0x00000089ba600000,0x00000089ba700000)]
  0x000001dececa3800 JavaThread "Unconstrained build operations Thread 48" [_thread_blocked, id=8392, stack(0x00000089ba700000,0x00000089ba800000)]
  0x000001dececa5000 JavaThread "Unconstrained build operations Thread 49" [_thread_blocked, id=8480, stack(0x00000089ba800000,0x00000089ba900000)]
  0x000001dececa8000 JavaThread "Unconstrained build operations Thread 50" [_thread_blocked, id=12720, stack(0x00000089ba900000,0x00000089baa00000)]
  0x000001dececa7800 JavaThread "Unconstrained build operations Thread 51" [_thread_blocked, id=13352, stack(0x00000089baa00000,0x00000089bab00000)]
  0x000001dececa4000 JavaThread "Unconstrained build operations Thread 52" [_thread_blocked, id=14172, stack(0x00000089bab00000,0x00000089bac00000)]
  0x000001dececa6000 JavaThread "Unconstrained build operations Thread 53" [_thread_blocked, id=1792, stack(0x00000089bac00000,0x00000089bad00000)]
  0x000001dececa6800 JavaThread "Unconstrained build operations Thread 54" [_thread_blocked, id=14052, stack(0x00000089bad00000,0x00000089bae00000)]
  0x000001dececa2800 JavaThread "Unconstrained build operations Thread 55" [_thread_blocked, id=8992, stack(0x00000089bae00000,0x00000089baf00000)]
  0x000001dececaa800 JavaThread "Unconstrained build operations Thread 56" [_thread_blocked, id=4764, stack(0x00000089baf00000,0x00000089bb000000)]
  0x000001dececa9000 JavaThread "Unconstrained build operations Thread 57" [_thread_blocked, id=9996, stack(0x00000089bb000000,0x00000089bb100000)]
  0x000001dececaa000 JavaThread "Unconstrained build operations Thread 58" [_thread_blocked, id=9004, stack(0x00000089bb100000,0x00000089bb200000)]
  0x000001ded0a62000 JavaThread "Unconstrained build operations Thread 59" [_thread_blocked, id=12872, stack(0x00000089bb200000,0x00000089bb300000)]
  0x000001ded0a63000 JavaThread "Unconstrained build operations Thread 60" [_thread_blocked, id=12044, stack(0x00000089bb300000,0x00000089bb400000)]
  0x000001ded0a5f800 JavaThread "Unconstrained build operations Thread 61" [_thread_blocked, id=12396, stack(0x00000089bb400000,0x00000089bb500000)]
  0x000001ded0a61000 JavaThread "Unconstrained build operations Thread 62" [_thread_blocked, id=11520, stack(0x00000089bb500000,0x00000089bb600000)]
  0x000001ded0a63800 JavaThread "Unconstrained build operations Thread 63" [_thread_blocked, id=3936, stack(0x00000089bb600000,0x00000089bb700000)]
  0x000001ded0a5e000 JavaThread "Unconstrained build operations Thread 64" [_thread_blocked, id=1620, stack(0x00000089bb700000,0x00000089bb800000)]
  0x000001ded0a64800 JavaThread "Unconstrained build operations Thread 65" [_thread_blocked, id=14212, stack(0x00000089bb800000,0x00000089bb900000)]
  0x000001ded0a5f000 JavaThread "Unconstrained build operations Thread 66" [_thread_blocked, id=2272, stack(0x00000089bb900000,0x00000089bba00000)]
  0x000001ded0a66000 JavaThread "Unconstrained build operations Thread 67" [_thread_blocked, id=6908, stack(0x00000089bba00000,0x00000089bbb00000)]
  0x000001ded0a65800 JavaThread "Unconstrained build operations Thread 68" [_thread_blocked, id=8504, stack(0x00000089bbb00000,0x00000089bbc00000)]
  0x000001ded0a60800 JavaThread "Unconstrained build operations Thread 69" [_thread_blocked, id=2544, stack(0x00000089bbc00000,0x00000089bbd00000)]
  0x000001ded0a67000 JavaThread "Unconstrained build operations Thread 70" [_thread_blocked, id=6192, stack(0x00000089bbd00000,0x00000089bbe00000)]
  0x000001ded0a6c000 JavaThread "Unconstrained build operations Thread 71" [_thread_blocked, id=10188, stack(0x00000089bbe00000,0x00000089bbf00000)]
  0x000001ded0a68800 JavaThread "Unconstrained build operations Thread 72" [_thread_blocked, id=3456, stack(0x00000089bbf00000,0x00000089bc000000)]
  0x000001ded0a69800 JavaThread "Unconstrained build operations Thread 73" [_thread_blocked, id=14068, stack(0x00000089bc000000,0x00000089bc100000)]
  0x000001ded0a6a000 JavaThread "Unconstrained build operations Thread 74" [_thread_blocked, id=14312, stack(0x00000089bc100000,0x00000089bc200000)]
  0x000001ded0a68000 JavaThread "Unconstrained build operations Thread 75" [_thread_blocked, id=13828, stack(0x00000089bc200000,0x00000089bc300000)]
  0x000001ded0a6b000 JavaThread "Unconstrained build operations Thread 76" [_thread_blocked, id=1624, stack(0x00000089bc300000,0x00000089bc400000)]
  0x000001ded0a6c800 JavaThread "Unconstrained build operations Thread 77" [_thread_blocked, id=4156, stack(0x00000089bc400000,0x00000089bc500000)]
  0x000001decdd24800 JavaThread "Unconstrained build operations Thread 78" [_thread_blocked, id=14128, stack(0x00000089bc500000,0x00000089bc600000)]
  0x000001decdd26800 JavaThread "Unconstrained build operations Thread 79" [_thread_blocked, id=7308, stack(0x00000089bc600000,0x00000089bc700000)]
  0x000001decdd28000 JavaThread "Unconstrained build operations Thread 80" [_thread_blocked, id=11380, stack(0x00000089bc700000,0x00000089bc800000)]
  0x000001decdd23000 JavaThread "Memory manager" [_thread_blocked, id=2676, stack(0x00000089bc800000,0x00000089bc900000)]

Other Threads:
  0x000001decc22c000 VMThread "VM Thread" [stack: 0x00000089b4400000,0x00000089b4500000] [id=10912]
  0x000001deccd32000 WatcherThread [stack: 0x00000089b4e00000,0x00000089b4f00000] [id=9832]
  0x000001dead3f7800 GCTaskThread "GC Thread#0" [stack: 0x00000089b3f00000,0x00000089b4000000] [id=2964]
  0x000001decd95e000 GCTaskThread "GC Thread#1" [stack: 0x00000089b5000000,0x00000089b5100000] [id=3592]
  0x000001decde6b000 GCTaskThread "GC Thread#2" [stack: 0x00000089b5100000,0x00000089b5200000] [id=10352]
  0x000001dece2d5800 GCTaskThread "GC Thread#3" [stack: 0x00000089b5b00000,0x00000089b5c00000] [id=10456]
  0x000001ded081f800 GCTaskThread "GC Thread#4" [stack: 0x00000089b5c00000,0x00000089b5d00000] [id=8200]
  0x000001deceaa3800 GCTaskThread "GC Thread#5" [stack: 0x00000089b5d00000,0x00000089b5e00000] [id=6044]
  0x000001decee63800 GCTaskThread "GC Thread#6" [stack: 0x00000089b5e00000,0x00000089b5f00000] [id=4404]
  0x000001decee64800 GCTaskThread "GC Thread#7" [stack: 0x00000089b5f00000,0x00000089b6000000] [id=9576]
  0x000001dead425000 ConcurrentGCThread "G1 Main Marker" [stack: 0x00000089b4000000,0x00000089b4100000] [id=10136]
  0x000001dead426000 ConcurrentGCThread "G1 Conc#0" [stack: 0x00000089b4100000,0x00000089b4200000] [id=6052]
  0x000001decdac7000 ConcurrentGCThread "G1 Conc#1" [stack: 0x00000089b6300000,0x00000089b6400000] [id=10476]
  0x000001dead4ad800 ConcurrentGCThread "G1 Refine#0" [stack: 0x00000089b4200000,0x00000089b4300000] [id=8824]
  0x000001decc07c800 ConcurrentGCThread "G1 Young RemSet Sampling" [stack: 0x00000089b4300000,0x00000089b4400000] [id=14328]

Threads with active compile tasks:
C2 CompilerThread1   8550 6160       4       org.objectweb.asm.Frame::execute (2318 bytes)
C2 CompilerThread2   8550 6287   !   4       java.util.jar.Attributes::read (390 bytes)

VM state:not at safepoint (normal execution)

VM Mutex/Monitor currently owned by a thread: None

Heap address: 0x0000000080000000, size: 2048 MB, Compressed Oops mode: 32-bit
Narrow klass base: 0x0000000000000000, Narrow klass shift: 3
Compressed class space size: 1073741824 Address: 0x0000000100000000

Heap:
 garbage-first heap   total 129024K, used 82320K [0x0000000080000000, 0x0000000100000000)
  region size 1024K, 7 young (7168K), 3 survivors (3072K)
 Metaspace       used 61463K, capacity 63132K, committed 63336K, reserved 1103872K
  class space    used 7762K, capacity 8366K, committed 8396K, reserved 1048576K
Heap Regions: E=young(eden), S=young(survivor), O=old, HS=humongous(starts), HC=humongous(continues), CS=collection set, F=free, A=archive, TAMS=top-at-mark-start (previous, next)
|   0|0x0000000080000000, 0x0000000080100000, 0x0000000080100000|100%| O|  |TAMS 0x0000000080100000, 0x0000000080000000| Untracked 
|   1|0x0000000080100000, 0x0000000080200000, 0x0000000080200000|100%| O|  |TAMS 0x0000000080200000, 0x0000000080100000| Untracked 
|   2|0x0000000080200000, 0x0000000080300000, 0x0000000080300000|100%| O|  |TAMS 0x0000000080300000, 0x0000000080200000| Untracked 
|   3|0x0000000080300000, 0x0000000080400000, 0x0000000080400000|100%|HS|  |TAMS 0x0000000080400000, 0x0000000080300000| Complete 
|   4|0x0000000080400000, 0x0000000080500000, 0x0000000080500000|100%|HC|  |TAMS 0x0000000080500000, 0x0000000080400000| Complete 
|   5|0x0000000080500000, 0x0000000080600000, 0x0000000080600000|100%|HC|  |TAMS 0x0000000080600000, 0x0000000080500000| Complete 
|   6|0x0000000080600000, 0x0000000080700000, 0x0000000080700000|100%| O|  |TAMS 0x0000000080700000, 0x0000000080600000| Untracked 
|   7|0x0000000080700000, 0x0000000080800000, 0x0000000080800000|100%| O|  |TAMS 0x0000000080800000, 0x0000000080700000| Untracked 
|   8|0x0000000080800000, 0x0000000080900000, 0x0000000080900000|100%| O|  |TAMS 0x0000000080900000, 0x0000000080800000| Untracked 
|   9|0x0000000080900000, 0x0000000080a00000, 0x0000000080a00000|100%| O|  |TAMS 0x0000000080a00000, 0x0000000080900000| Untracked 
|  10|0x0000000080a00000, 0x0000000080b00000, 0x0000000080b00000|100%| O|  |TAMS 0x0000000080b00000, 0x0000000080a00000| Untracked 
|  11|0x0000000080b00000, 0x0000000080c00000, 0x0000000080c00000|100%| O|  |TAMS 0x0000000080c00000, 0x0000000080b00000| Untracked 
|  12|0x0000000080c00000, 0x0000000080d00000, 0x0000000080d00000|100%| O|  |TAMS 0x0000000080d00000, 0x0000000080c00000| Untracked 
|  13|0x0000000080d00000, 0x0000000080e00000, 0x0000000080e00000|100%| O|  |TAMS 0x0000000080e00000, 0x0000000080d00000| Untracked 
|  14|0x0000000080e00000, 0x0000000080f00000, 0x0000000080f00000|100%| O|  |TAMS 0x0000000080f00000, 0x0000000080e00000| Untracked 
|  15|0x0000000080f00000, 0x0000000081000000, 0x0000000081000000|100%| O|  |TAMS 0x0000000081000000, 0x0000000080f00000| Untracked 
|  16|0x0000000081000000, 0x0000000081100000, 0x0000000081100000|100%|HS|  |TAMS 0x0000000081100000, 0x0000000081000000| Complete 
|  17|0x0000000081100000, 0x0000000081200000, 0x0000000081200000|100%|HC|  |TAMS 0x0000000081200000, 0x0000000081100000| Complete 
|  18|0x0000000081200000, 0x0000000081300000, 0x0000000081300000|100%|HS|  |TAMS 0x0000000081300000, 0x0000000081200000| Complete 
|  19|0x0000000081300000, 0x0000000081400000, 0x0000000081400000|100%|HC|  |TAMS 0x0000000081400000, 0x0000000081300000| Complete 
|  20|0x0000000081400000, 0x0000000081500000, 0x0000000081500000|100%|HC|  |TAMS 0x0000000081500000, 0x0000000081400000| Complete 
|  21|0x0000000081500000, 0x0000000081600000, 0x0000000081600000|100%|HS|  |TAMS 0x0000000081600000, 0x0000000081500000| Complete 
|  22|0x0000000081600000, 0x0000000081700000, 0x0000000081700000|100%|HC|  |TAMS 0x0000000081700000, 0x0000000081600000| Complete 
|  23|0x0000000081700000, 0x0000000081800000, 0x0000000081800000|100%|HC|  |TAMS 0x0000000081800000, 0x0000000081700000| Complete 
|  24|0x0000000081800000, 0x0000000081900000, 0x0000000081900000|100%|HC|  |TAMS 0x0000000081900000, 0x0000000081800000| Complete 
|  25|0x0000000081900000, 0x0000000081a00000, 0x0000000081a00000|100%|HC|  |TAMS 0x0000000081a00000, 0x0000000081900000| Complete 
|  26|0x0000000081a00000, 0x0000000081b00000, 0x0000000081b00000|100%| O|  |TAMS 0x0000000081b00000, 0x0000000081a00000| Untracked 
|  27|0x0000000081b00000, 0x0000000081c00000, 0x0000000081c00000|100%| O|  |TAMS 0x0000000081c00000, 0x0000000081b00000| Untracked 
|  28|0x0000000081c00000, 0x0000000081d00000, 0x0000000081d00000|100%| O|  |TAMS 0x0000000081d00000, 0x0000000081c00000| Untracked 
|  29|0x0000000081d00000, 0x0000000081e00000, 0x0000000081e00000|100%| O|  |TAMS 0x0000000081e00000, 0x0000000081d00000| Untracked 
|  30|0x0000000081e00000, 0x0000000081f00000, 0x0000000081f00000|100%| O|  |TAMS 0x0000000081f00000, 0x0000000081e00000| Untracked 
|  31|0x0000000081f00000, 0x0000000082000000, 0x0000000082000000|100%| O|  |TAMS 0x0000000082000000, 0x0000000081f00000| Untracked 
|  32|0x0000000082000000, 0x0000000082100000, 0x0000000082100000|100%|HS|  |TAMS 0x0000000082100000, 0x0000000082000000| Complete 
|  33|0x0000000082100000, 0x0000000082200000, 0x0000000082200000|100%|HC|  |TAMS 0x0000000082200000, 0x0000000082100000| Complete 
|  34|0x0000000082200000, 0x0000000082300000, 0x0000000082300000|100%|HC|  |TAMS 0x0000000082300000, 0x0000000082200000| Complete 
|  35|0x0000000082300000, 0x0000000082400000, 0x0000000082400000|100%|HC|  |TAMS 0x0000000082400000, 0x0000000082300000| Complete 
|  36|0x0000000082400000, 0x0000000082500000, 0x0000000082500000|100%|HC|  |TAMS 0x0000000082500000, 0x0000000082400000| Complete 
|  37|0x0000000082500000, 0x0000000082600000, 0x0000000082600000|100%|HS|  |TAMS 0x0000000082600000, 0x0000000082500000| Complete 
|  38|0x0000000082600000, 0x0000000082700000, 0x0000000082700000|100%|HC|  |TAMS 0x0000000082700000, 0x0000000082600000| Complete 
|  39|0x0000000082700000, 0x0000000082800000, 0x0000000082800000|100%|HC|  |TAMS 0x0000000082800000, 0x0000000082700000| Complete 
|  40|0x0000000082800000, 0x0000000082900000, 0x0000000082900000|100%| O|  |TAMS 0x0000000082900000, 0x0000000082800000| Untracked 
|  41|0x0000000082900000, 0x0000000082a00000, 0x0000000082a00000|100%| O|  |TAMS 0x0000000082a00000, 0x0000000082900000| Untracked 
|  42|0x0000000082a00000, 0x0000000082b00000, 0x0000000082b00000|100%| O|  |TAMS 0x0000000082b00000, 0x0000000082a00000| Untracked 
|  43|0x0000000082b00000, 0x0000000082c00000, 0x0000000082c00000|100%| O|  |TAMS 0x0000000082c00000, 0x0000000082b00000| Untracked 
|  44|0x0000000082c00000, 0x0000000082d00000, 0x0000000082d00000|100%| O|  |TAMS 0x0000000082d00000, 0x0000000082c00000| Untracked 
|  45|0x0000000082d00000, 0x0000000082e00000, 0x0000000082e00000|100%| O|  |TAMS 0x0000000082e00000, 0x0000000082d00000| Untracked 
|  46|0x0000000082e00000, 0x0000000082f00000, 0x0000000082f00000|100%| O|  |TAMS 0x0000000082f00000, 0x0000000082e00000| Untracked 
|  47|0x0000000082f00000, 0x0000000083000000, 0x0000000083000000|100%| O|  |TAMS 0x0000000083000000, 0x0000000082f00000| Untracked 
|  48|0x0000000083000000, 0x0000000083100000, 0x0000000083100000|100%| O|  |TAMS 0x0000000083100000, 0x0000000083000000| Untracked 
|  49|0x0000000083100000, 0x0000000083200000, 0x0000000083200000|100%| O|  |TAMS 0x0000000083200000, 0x0000000083100000| Untracked 
|  50|0x0000000083200000, 0x0000000083300000, 0x0000000083300000|100%| O|  |TAMS 0x0000000083300000, 0x0000000083200000| Untracked 
|  51|0x0000000083300000, 0x0000000083400000, 0x0000000083400000|100%| O|  |TAMS 0x0000000083400000, 0x0000000083300000| Untracked 
|  52|0x0000000083400000, 0x0000000083500000, 0x0000000083500000|100%| O|  |TAMS 0x0000000083500000, 0x0000000083400000| Untracked 
|  53|0x0000000083500000, 0x0000000083600000, 0x0000000083600000|100%| O|  |TAMS 0x0000000083600000, 0x0000000083500000| Untracked 
|  54|0x0000000083600000, 0x0000000083700000, 0x0000000083700000|100%|HS|  |TAMS 0x0000000083700000, 0x0000000083600000| Complete 
|  55|0x0000000083700000, 0x0000000083800000, 0x0000000083800000|100%|HS|  |TAMS 0x0000000083800000, 0x0000000083700000| Complete 
|  56|0x0000000083800000, 0x0000000083900000, 0x0000000083900000|100%| O|  |TAMS 0x0000000083900000, 0x0000000083800000| Untracked 
|  57|0x0000000083900000, 0x0000000083a00000, 0x0000000083a00000|100%| O|  |TAMS 0x0000000083a00000, 0x0000000083900000| Untracked 
|  58|0x0000000083a00000, 0x0000000083b00000, 0x0000000083b00000|100%| O|  |TAMS 0x0000000083b00000, 0x0000000083a00000| Untracked 
|  59|0x0000000083b00000, 0x0000000083c00000, 0x0000000083c00000|100%| O|  |TAMS 0x0000000083c00000, 0x0000000083b00000| Untracked 
|  60|0x0000000083c00000, 0x0000000083d00000, 0x0000000083d00000|100%|HS|  |TAMS 0x0000000083d00000, 0x0000000083c00000| Complete 
|  61|0x0000000083d00000, 0x0000000083e00000, 0x0000000083e00000|100%|HC|  |TAMS 0x0000000083e00000, 0x0000000083d00000| Complete 
|  62|0x0000000083e00000, 0x0000000083f00000, 0x0000000083f00000|100%|HC|  |TAMS 0x0000000083f00000, 0x0000000083e00000| Complete 
|  63|0x0000000083f00000, 0x0000000084000000, 0x0000000084000000|100%|HS|  |TAMS 0x0000000084000000, 0x0000000083f00000| Complete 
|  64|0x0000000084000000, 0x0000000084100000, 0x0000000084100000|100%|HC|  |TAMS 0x0000000084100000, 0x0000000084000000| Complete 
|  65|0x0000000084100000, 0x0000000084200000, 0x0000000084200000|100%| O|  |TAMS 0x0000000084200000, 0x0000000084100000| Untracked 
|  66|0x0000000084200000, 0x0000000084300000, 0x0000000084300000|100%| O|  |TAMS 0x0000000084300000, 0x0000000084200000| Untracked 
|  67|0x0000000084300000, 0x0000000084400000, 0x0000000084400000|100%| O|  |TAMS 0x0000000084400000, 0x0000000084300000| Untracked 
|  68|0x0000000084400000, 0x0000000084500000, 0x0000000084500000|100%| O|  |TAMS 0x0000000084500000, 0x0000000084400000| Untracked 
|  69|0x0000000084500000, 0x0000000084600000, 0x0000000084600000|100%| O|  |TAMS 0x0000000084600000, 0x0000000084500000| Untracked 
|  70|0x0000000084600000, 0x0000000084700000, 0x0000000084700000|100%| O|  |TAMS 0x0000000084700000, 0x0000000084600000| Untracked 
|  71|0x0000000084700000, 0x0000000084800000, 0x0000000084800000|100%| O|  |TAMS 0x0000000084800000, 0x0000000084700000| Untracked 
|  72|0x0000000084800000, 0x0000000084900000, 0x0000000084900000|100%| O|  |TAMS 0x0000000084900000, 0x0000000084800000| Untracked 
|  73|0x0000000084900000, 0x0000000084a00000, 0x0000000084a00000|100%| O|  |TAMS 0x0000000084a00000, 0x0000000084900000| Untracked 
|  74|0x0000000084a00000, 0x0000000084b00000, 0x0000000084b00000|100%| O|  |TAMS 0x0000000084b00000, 0x0000000084a00000| Untracked 
|  75|0x0000000084b00000, 0x0000000084b15400, 0x0000000084c00000|  8%| O|  |TAMS 0x0000000084b15400, 0x0000000084b00000| Untracked 
|  76|0x0000000084c00000, 0x0000000084c00000, 0x0000000084d00000|  0%| F|  |TAMS 0x0000000084c00000, 0x0000000084c00000| Untracked 
|  77|0x0000000084d00000, 0x0000000084d00000, 0x0000000084e00000|  0%| F|  |TAMS 0x0000000084d00000, 0x0000000084d00000| Untracked 
|  78|0x0000000084e00000, 0x0000000084e00000, 0x0000000084f00000|  0%| F|  |TAMS 0x0000000084e00000, 0x0000000084e00000| Untracked 
|  79|0x0000000084f00000, 0x0000000084f00000, 0x0000000085000000|  0%| F|  |TAMS 0x0000000084f00000, 0x0000000084f00000| Untracked 
|  80|0x0000000085000000, 0x0000000085000000, 0x0000000085100000|  0%| F|  |TAMS 0x0000000085000000, 0x0000000085000000| Untracked 
|  81|0x0000000085100000, 0x0000000085100000, 0x0000000085200000|  0%| F|  |TAMS 0x0000000085100000, 0x0000000085100000| Untracked 
|  82|0x0000000085200000, 0x0000000085200000, 0x0000000085300000|  0%| F|  |TAMS 0x0000000085200000, 0x0000000085200000| Untracked 
|  83|0x0000000085300000, 0x0000000085300000, 0x0000000085400000|  0%| F|  |TAMS 0x0000000085300000, 0x0000000085300000| Untracked 
|  84|0x0000000085400000, 0x0000000085400000, 0x0000000085500000|  0%| F|  |TAMS 0x0000000085400000, 0x0000000085400000| Untracked 
|  85|0x0000000085500000, 0x0000000085500000, 0x0000000085600000|  0%| F|  |TAMS 0x0000000085500000, 0x0000000085500000| Untracked 
|  86|0x0000000085600000, 0x0000000085600000, 0x0000000085700000|  0%| F|  |TAMS 0x0000000085600000, 0x0000000085600000| Untracked 
|  87|0x0000000085700000, 0x0000000085700000, 0x0000000085800000|  0%| F|  |TAMS 0x0000000085700000, 0x0000000085700000| Untracked 
|  88|0x0000000085800000, 0x0000000085800000, 0x0000000085900000|  0%| F|  |TAMS 0x0000000085800000, 0x0000000085800000| Untracked 
|  89|0x0000000085900000, 0x0000000085900000, 0x0000000085a00000|  0%| F|  |TAMS 0x0000000085900000, 0x0000000085900000| Untracked 
|  90|0x0000000085a00000, 0x0000000085a00000, 0x0000000085b00000|  0%| F|  |TAMS 0x0000000085a00000, 0x0000000085a00000| Untracked 
|  91|0x0000000085b00000, 0x0000000085b00000, 0x0000000085c00000|  0%| F|  |TAMS 0x0000000085b00000, 0x0000000085b00000| Untracked 
|  92|0x0000000085c00000, 0x0000000085c00000, 0x0000000085d00000|  0%| F|  |TAMS 0x0000000085c00000, 0x0000000085c00000| Untracked 
|  93|0x0000000085d00000, 0x0000000085d00000, 0x0000000085e00000|  0%| F|  |TAMS 0x0000000085d00000, 0x0000000085d00000| Untracked 
|  94|0x0000000085e00000, 0x0000000085e4ecf0, 0x0000000085f00000| 30%| S|CS|TAMS 0x0000000085e00000, 0x0000000085e00000| Complete 
|  95|0x0000000085f00000, 0x0000000086000000, 0x0000000086000000|100%| S|CS|TAMS 0x0000000085f00000, 0x0000000085f00000| Complete 
|  96|0x0000000086000000, 0x0000000086000000, 0x0000000086100000|  0%| F|  |TAMS 0x0000000086000000, 0x0000000086000000| Untracked 
|  97|0x0000000086100000, 0x0000000086100000, 0x0000000086200000|  0%| F|  |TAMS 0x0000000086100000, 0x0000000086100000| Untracked 
|  98|0x0000000086200000, 0x0000000086300000, 0x0000000086300000|100%| S|CS|TAMS 0x0000000086200000, 0x0000000086200000| Complete 
|  99|0x0000000086300000, 0x0000000086300000, 0x0000000086400000|  0%| F|  |TAMS 0x0000000086300000, 0x0000000086300000| Untracked 
| 100|0x0000000086400000, 0x0000000086400000, 0x0000000086500000|  0%| F|  |TAMS 0x0000000086400000, 0x0000000086400000| Untracked 
| 101|0x0000000086500000, 0x0000000086500000, 0x0000000086600000|  0%| F|  |TAMS 0x0000000086500000, 0x0000000086500000| Untracked 
| 102|0x0000000086600000, 0x0000000086600000, 0x0000000086700000|  0%| F|  |TAMS 0x0000000086600000, 0x0000000086600000| Untracked 
| 103|0x0000000086700000, 0x0000000086700000, 0x0000000086800000|  0%| F|  |TAMS 0x0000000086700000, 0x0000000086700000| Untracked 
| 104|0x0000000086800000, 0x0000000086800000, 0x0000000086900000|  0%| F|  |TAMS 0x0000000086800000, 0x0000000086800000| Untracked 
| 105|0x0000000086900000, 0x0000000086900000, 0x0000000086a00000|  0%| F|  |TAMS 0x0000000086900000, 0x0000000086900000| Untracked 
| 106|0x0000000086a00000, 0x0000000086a00000, 0x0000000086b00000|  0%| F|  |TAMS 0x0000000086a00000, 0x0000000086a00000| Untracked 
| 107|0x0000000086b00000, 0x0000000086b00000, 0x0000000086c00000|  0%| F|  |TAMS 0x0000000086b00000, 0x0000000086b00000| Untracked 
| 108|0x0000000086c00000, 0x0000000086c00000, 0x0000000086d00000|  0%| F|  |TAMS 0x0000000086c00000, 0x0000000086c00000| Untracked 
| 109|0x0000000086d00000, 0x0000000086d00000, 0x0000000086e00000|  0%| F|  |TAMS 0x0000000086d00000, 0x0000000086d00000| Untracked 
| 110|0x0000000086e00000, 0x0000000086e00000, 0x0000000086f00000|  0%| F|  |TAMS 0x0000000086e00000, 0x0000000086e00000| Untracked 
| 111|0x0000000086f00000, 0x0000000086f00000, 0x0000000087000000|  0%| F|  |TAMS 0x0000000086f00000, 0x0000000086f00000| Untracked 
| 112|0x0000000087000000, 0x0000000087000000, 0x0000000087100000|  0%| F|  |TAMS 0x0000000087000000, 0x0000000087000000| Untracked 
| 113|0x0000000087100000, 0x0000000087100000, 0x0000000087200000|  0%| F|  |TAMS 0x0000000087100000, 0x0000000087100000| Untracked 
| 114|0x0000000087200000, 0x0000000087200000, 0x0000000087300000|  0%| F|  |TAMS 0x0000000087200000, 0x0000000087200000| Untracked 
| 115|0x0000000087300000, 0x0000000087300000, 0x0000000087400000|  0%| F|  |TAMS 0x0000000087300000, 0x0000000087300000| Untracked 
| 116|0x0000000087400000, 0x0000000087400000, 0x0000000087500000|  0%| F|  |TAMS 0x0000000087400000, 0x0000000087400000| Untracked 
| 117|0x0000000087500000, 0x0000000087500000, 0x0000000087600000|  0%| F|  |TAMS 0x0000000087500000, 0x0000000087500000| Untracked 
| 118|0x0000000087600000, 0x0000000087600000, 0x0000000087700000|  0%| F|  |TAMS 0x0000000087600000, 0x0000000087600000| Untracked 
| 119|0x0000000087700000, 0x0000000087700000, 0x0000000087800000|  0%| F|  |TAMS 0x0000000087700000, 0x0000000087700000| Untracked 
| 120|0x0000000087800000, 0x0000000087800000, 0x0000000087900000|  0%| F|  |TAMS 0x0000000087800000, 0x0000000087800000| Untracked 
| 121|0x0000000087900000, 0x0000000087900000, 0x0000000087a00000|  0%| F|  |TAMS 0x0000000087900000, 0x0000000087900000| Untracked 
| 122|0x0000000087a00000, 0x0000000087a7fa80, 0x0000000087b00000| 49%| E|  |TAMS 0x0000000087a00000, 0x0000000087a00000| Complete 
| 123|0x0000000087b00000, 0x0000000087c00000, 0x0000000087c00000|100%| E|CS|TAMS 0x0000000087b00000, 0x0000000087b00000| Complete 
| 124|0x0000000087c00000, 0x0000000087d00000, 0x0000000087d00000|100%| E|CS|TAMS 0x0000000087c00000, 0x0000000087c00000| Complete 
| 125|0x0000000087d00000, 0x0000000087e00000, 0x0000000087e00000|100%| E|CS|TAMS 0x0000000087d00000, 0x0000000087d00000| Complete 

Card table byte_map: [0x000001dec4fd0000,0x000001dec53d0000] _byte_map_base: 0x000001dec4bd0000

Marking Bits (Prev, Next): (CMBitMap*) 0x000001deab3ce8f0, (CMBitMap*) 0x000001deab3ce8b8
 Prev Bits: [0x000001dec77d0000, 0x000001dec97d0000)
 Next Bits: [0x000001dec57d0000, 0x000001dec77d0000)

Polling page: 0x000001deab2a0000

Metaspace:

Usage:
  Non-class:     53.61 MB capacity,    52.55 MB ( 98%) used,   919.16 KB (  2%) free+waste,   159.75 KB ( <1%) overhead. 
      Class:      8.20 MB capacity,     7.60 MB ( 93%) used,   544.59 KB (  6%) free+waste,    75.94 KB ( <1%) overhead. 
       Both:     61.81 MB capacity,    60.15 MB ( 97%) used,     1.43 MB (  2%) free+waste,   235.69 KB ( <1%) overhead. 

Virtual space:
  Non-class space:       54.00 MB reserved,      53.65 MB (>99%) committed 
      Class space:        1.00 GB reserved,       8.32 MB ( <1%) committed 
             Both:        1.05 GB reserved,      61.98 MB (  6%) committed 

Chunk freelists:
   Non-Class:  5.75 KB
       Class:  2.25 KB
        Both:  8.00 KB

CodeHeap 'non-profiled nmethods': size=120000Kb used=3626Kb max_used=3626Kb free=116373Kb
 bounds [0x000001debd360000, 0x000001debd6f0000, 0x000001dec4890000]
CodeHeap 'profiled nmethods': size=120000Kb used=12971Kb max_used=12971Kb free=107028Kb
 bounds [0x000001deb5e30000, 0x000001deb6ae0000, 0x000001debd360000]
CodeHeap 'non-nmethods': size=5760Kb used=2253Kb max_used=2303Kb free=3506Kb
 bounds [0x000001deb5890000, 0x000001deb5b00000, 0x000001deb5e30000]
 total_blobs=7141 nmethods=6298 adapters=754
 compilation: enabled
              stopped_count=0, restarted_count=0
 full_count=0

Compilation events (10 events):
Event: 8.475 Thread 0x000001decc252000 nmethod 6207 0x000001debd6d8890 code [0x000001debd6d8a20, 0x000001debd6d8a78]
Event: 8.475 Thread 0x000001decc25b800 nmethod 6258 0x000001deb6ac1890 code [0x000001deb6ac1c00, 0x000001deb6ac35e8]
Event: 8.475 Thread 0x000001decc252000 6220       4       java.util.Collections::emptySet (4 bytes)
Event: 8.475 Thread 0x000001decc25b800 6259       3       javax.management.MBeanFeatureInfo::<init> (20 bytes)
Event: 8.475 Thread 0x000001decc25b800 nmethod 6259 0x000001deb6ac3f10 code [0x000001deb6ac40c0, 0x000001deb6ac4338]
Event: 8.475 Thread 0x000001decc252000 nmethod 6220 0x000001debd6d8b10 code [0x000001debd6d8ca0, 0x000001debd6d8cf8]
Event: 8.475 Thread 0x000001decc252000 6145       4       com.google.common.collect.Hashing::smearedHash (16 bytes)
Event: 8.476 Thread 0x000001decc252000 nmethod 6145 0x000001debd6d8d90 code [0x000001debd6d8f20, 0x000001debd6d8ff8]
Event: 8.489 Thread 0x000001decc25b800 6261       3       java.lang.ClassLoader::defineClass (43 bytes)
Event: 8.490 Thread 0x000001decc25b800 nmethod 6261 0x000001deb6ac4410 code [0x000001deb6ac4620, 0x000001deb6ac4b18]

GC Heap History (10 events):
Event: 6.812 GC heap before
{Heap before GC invocations=10 (full 0):
 garbage-first heap   total 129024K, used 100076K [0x0000000080000000, 0x0000000100000000)
  region size 1024K, 51 young (52224K), 7 survivors (7168K)
 Metaspace       used 47427K, capacity 48755K, committed 49000K, reserved 1091584K
  class space    used 6078K, capacity 6553K, committed 6604K, reserved 1048576K
}
Event: 6.819 GC heap after
{Heap after GC invocations=11 (full 0):
 garbage-first heap   total 129024K, used 57584K [0x0000000080000000, 0x0000000100000000)
  region size 1024K, 3 young (3072K), 3 survivors (3072K)
 Metaspace       used 47427K, capacity 48755K, committed 49000K, reserved 1091584K
  class space    used 6078K, capacity 6553K, committed 6604K, reserved 1048576K
}
Event: 7.197 GC heap before
{Heap before GC invocations=11 (full 0):
 garbage-first heap   total 129024K, used 101616K [0x0000000080000000, 0x0000000100000000)
  region size 1024K, 46 young (47104K), 3 survivors (3072K)
 Metaspace       used 49410K, capacity 50826K, committed 51048K, reserved 1093632K
  class space    used 6329K, capacity 6812K, committed 6860K, reserved 1048576K
}
Event: 7.201 GC heap after
{Heap after GC invocations=12 (full 0):
 garbage-first heap   total 129024K, used 59159K [0x0000000080000000, 0x0000000100000000)
  region size 1024K, 5 young (5120K), 5 survivors (5120K)
 Metaspace       used 49410K, capacity 50826K, committed 51048K, reserved 1093632K
  class space    used 6329K, capacity 6812K, committed 6860K, reserved 1048576K
}
Event: 7.471 GC heap before
{Heap before GC invocations=12 (full 0):
 garbage-first heap   total 129024K, used 83735K [0x0000000080000000, 0x0000000100000000)
  region size 1024K, 29 young (29696K), 5 survivors (5120K)
 Metaspace       used 49673K, capacity 51117K, committed 51304K, reserved 1093632K
  class space    used 6336K, capacity 6818K, committed 6860K, reserved 1048576K
}
Event: 7.477 GC heap after
{Heap after GC invocations=13 (full 0):
 garbage-first heap   total 129024K, used 67236K [0x0000000080000000, 0x0000000100000000)
  region size 1024K, 6 young (6144K), 6 survivors (6144K)
 Metaspace       used 49673K, capacity 51117K, committed 51304K, reserved 1093632K
  class space    used 6336K, capacity 6818K, committed 6860K, reserved 1048576K
}
Event: 7.813 GC heap before
{Heap before GC invocations=14 (full 0):
 garbage-first heap   total 129024K, used 107172K [0x0000000080000000, 0x0000000100000000)
  region size 1024K, 41 young (41984K), 6 survivors (6144K)
 Metaspace       used 52273K, capacity 53815K, committed 53992K, reserved 1095680K
  class space    used 6678K, capacity 7203K, committed 7244K, reserved 1048576K
}
Event: 7.818 GC heap after
{Heap after GC invocations=15 (full 0):
 garbage-first heap   total 129024K, used 77062K [0x0000000080000000, 0x0000000100000000)
  region size 1024K, 5 young (5120K), 5 survivors (5120K)
 Metaspace       used 52273K, capacity 53815K, committed 53992K, reserved 1095680K
  class space    used 6678K, capacity 7203K, committed 7244K, reserved 1048576K
}
Event: 8.162 GC heap before
{Heap before GC invocations=15 (full 0):
 garbage-first heap   total 129024K, used 104710K [0x0000000080000000, 0x0000000100000000)
  region size 1024K, 33 young (33792K), 5 survivors (5120K)
 Metaspace       used 56339K, capacity 58011K, committed 58216K, reserved 1099776K
  class space    used 7173K, capacity 7770K, committed 7884K, reserved 1048576K
}
Event: 8.165 GC heap after
{Heap after GC invocations=16 (full 0):
 garbage-first heap   total 129024K, used 78258K [0x0000000080000000, 0x0000000100000000)
  region size 1024K, 2 young (2048K), 2 survivors (2048K)
 Metaspace       used 56339K, capacity 58011K, committed 58216K, reserved 1099776K
  class space    used 7173K, capacity 7770K, committed 7884K, reserved 1048576K
}

Deoptimization events (10 events):
Event: 8.326 Thread 0x000001ded0582800 Uncommon trap: reason=class_check action=maybe_recompile pc=0x000001debd567aec method=java.util.HashSet.contains(Ljava/lang/Object;)Z @ 5 c2
Event: 8.326 Thread 0x000001ded0582800 Uncommon trap: reason=class_check action=maybe_recompile pc=0x000001debd567aec method=java.util.HashSet.contains(Ljava/lang/Object;)Z @ 5 c2
Event: 8.336 Thread 0x000001ded0582800 Uncommon trap: reason=class_check action=make_not_entrant pc=0x000001debd6c86c0 method=java.util.ArrayList.toArray([Ljava/lang/Object;)[Ljava/lang/Object; @ 21 c2
Event: 8.443 Thread 0x000001ded0582800 Uncommon trap: reason=predicate action=maybe_recompile pc=0x000001debd566980 method=java.util.Arrays.binarySearch0([Ljava/lang/Object;IILjava/lang/Object;Ljava/util/Comparator;)I @ 25 c2
Event: 8.443 Thread 0x000001ded0582800 Uncommon trap: reason=profile_predicate action=maybe_recompile pc=0x000001debd576330 method=java.util.Arrays.binarySearch0([Ljava/lang/Object;IILjava/lang/Object;Ljava/util/Comparator;)I @ 25 c2
Event: 8.443 Thread 0x000001ded0582800 Uncommon trap: reason=profile_predicate action=maybe_recompile pc=0x000001debd576330 method=java.util.Arrays.binarySearch0([Ljava/lang/Object;IILjava/lang/Object;Ljava/util/Comparator;)I @ 25 c2
Event: 8.443 Thread 0x000001ded0582800 Uncommon trap: reason=profile_predicate action=maybe_recompile pc=0x000001debd576330 method=java.util.Arrays.binarySearch0([Ljava/lang/Object;IILjava/lang/Object;Ljava/util/Comparator;)I @ 25 c2
Event: 8.443 Thread 0x000001ded0582800 Uncommon trap: reason=profile_predicate action=maybe_recompile pc=0x000001debd576330 method=java.util.Arrays.binarySearch0([Ljava/lang/Object;IILjava/lang/Object;Ljava/util/Comparator;)I @ 25 c2
Event: 8.477 Thread 0x000001ded0582800 Uncommon trap: reason=unstable_if action=reinterpret pc=0x000001debd67bcc8 method=java.security.SecureClassLoader$CodeSourceKey.hashCode()I @ 9 c2
Event: 8.477 Thread 0x000001ded0582800 Uncommon trap: reason=unstable_if action=reinterpret pc=0x000001debd58d8bc method=java.lang.ClassLoader.defineClassSourceLocation(Ljava/security/ProtectionDomain;)Ljava/lang/String; @ 15 c2

Classes redefined (0 events):
No events

Internal exceptions (10 events):
Event: 7.658 Thread 0x000001ded0582800 Exception <a 'java/lang/ClassNotFoundException'{0x0000000086c1e7e0}: build_1he5j6v2ia3lmnn6xutxwoltuCustomizer> (0x0000000086c1e7e0) thrown at [./open/src/hotspot/share/classfile/systemDictionary.cpp, line 228]
Event: 7.751 Thread 0x000001ded0582800 Exception <a 'java/lang/NoSuchMethodError'{0x0000000085b20550}: java.lang.invoke.DirectMethodHandle$Holder.invokeStatic(Ljava/lang/Object;Ljava/lang/Object;Ljava/lang/Object;Ljava/lang/Object;I)Ljava/lang/Object;> (0x0000000085b20550) thrown at [./open/sr
Event: 7.751 Thread 0x000001ded0582800 Exception <a 'java/lang/NoSuchMethodError'{0x0000000085b24f40}: java.lang.invoke.DirectMethodHandle$Holder.invokeSpecial(Ljava/lang/Object;Ljava/lang/Object;Ljava/lang/Object;Ljava/lang/Object;Ljava/lang/Object;I)Ljava/lang/Object;> (0x0000000085b24f40) t
Event: 7.751 Thread 0x000001ded0582800 Exception <a 'java/lang/NoSuchMethodError'{0x0000000085b29578}: java.lang.invoke.Invokers$Holder.linkToTargetMethod(Ljava/lang/Object;Ljava/lang/Object;Ljava/lang/Object;ILjava/lang/Object;)Ljava/lang/Object;> (0x0000000085b29578) thrown at [./open/src/ho
Event: 7.913 Thread 0x000001ded0582800 Exception <a 'java/lang/NoSuchMethodError'{0x000000008752e408}: java.lang.invoke.DirectMethodHandle$Holder.invokeSpecial(Ljava/lang/Object;Ljava/lang/Object;IILjava/lang/Object;Ljava/lang/Object;Ljava/lang/Object;)Ljava/lang/Object;> (0x000000008752e408) 
Event: 7.914 Thread 0x000001ded0582800 Exception <a 'java/lang/NoSuchMethodError'{0x0000000087532980}: java.lang.invoke.DelegatingMethodHandle$Holder.reinvoke_L(Ljava/lang/Object;IILjava/lang/Object;Ljava/lang/Object;Ljava/lang/Object;)Ljava/lang/Object;> (0x0000000087532980) thrown at [./open
Event: 8.099 Thread 0x000001ded0582800 Exception <a 'java/lang/NoSuchMethodError'{0x000000008691fcc8}: java.lang.invoke.DirectMethodHandle$Holder.invokeInterface(Ljava/lang/Object;Ljava/lang/Object;Ljava/lang/Object;Ljava/lang/Object;)I> (0x000000008691fcc8) thrown at [./open/src/hotspot/share
Event: 8.325 Thread 0x000001ded0582800 Exception <a 'java/lang/NoSuchMethodError'{0x00000000870e1080}: java.lang.invoke.DirectMethodHandle$Holder.invokeInterface(Ljava/lang/Object;Ljava/lang/Object;Ljava/lang/Object;Ljava/lang/Object;)V> (0x00000000870e1080) thrown at [./open/src/hotspot/share
Event: 8.434 Thread 0x000001ded0582800 Exception <a 'java/lang/IncompatibleClassChangeError'{0x00000000868f3828}: Found class java.lang.Object, but interface was expected> (0x00000000868f3828) thrown at [./open/src/hotspot/share/interpreter/linkResolver.cpp, line 838]
Event: 8.477 Thread 0x000001ded0582800 Implicit null exception at 0x000001debd67bad4 to 0x000001debd67bcb8

Events (10 events):
Event: 8.494 loading class org/gradle/workers/internal/WorkerDaemonClientsManager$LogLevelChangeEventListener
Event: 8.494 loading class org/gradle/workers/internal/WorkerDaemonClientsManager$LogLevelChangeEventListener done
Event: 8.495 loading class org/gradle/workers/internal/WorkerDaemonExpiration
Event: 8.495 loading class org/gradle/workers/internal/WorkerDaemonExpiration done
Event: 8.495 loading class org/gradle/process/internal/worker/child/DefaultWorkerDirectoryProvider
Event: 8.495 loading class org/gradle/process/internal/worker/child/DefaultWorkerDirectoryProvider done
Event: 8.495 loading class org/gradle/api/internal/tasks/compile/processing/AnnotationProcessorDetector$ProcessorServiceLocator
Event: 8.495 loading class org/gradle/api/internal/tasks/compile/processing/AnnotationProcessorDetector$ProcessorServiceLocator done
Event: 8.496 loading class org/gradle/api/internal/tasks/compile/processing/AnnotationProcessorDeclarationSerializer
Event: 8.496 loading class org/gradle/api/internal/tasks/compile/processing/AnnotationProcessorDeclarationSerializer done


Dynamic libraries:
0x00007ff741f30000 - 0x00007ff741f3f000 	C:\Program Files\Java\jdk-11.0.12\bin\java.exe
0x00007ffa993a0000 - 0x00007ffa99590000 	C:\Windows\SYSTEM32\ntdll.dll
0x00007ffa992a0000 - 0x00007ffa99352000 	C:\Windows\System32\KERNEL32.DLL
0x00007ffa96340000 - 0x00007ffa965e5000 	C:\Windows\System32\KERNELBASE.dll
0x00007ffa971f0000 - 0x00007ffa972ea000 	C:\Windows\System32\ucrtbase.dll
0x00007ffa91510000 - 0x00007ffa91528000 	C:\Program Files\Java\jdk-11.0.12\bin\jli.dll
0x00007ffa90930000 - 0x00007ffa90945000 	C:\Program Files\Java\jdk-11.0.12\bin\VCRUNTIME140.dll
0x00007ffa97450000 - 0x00007ffa974f3000 	C:\Windows\System32\ADVAPI32.dll
0x00007ffa983e0000 - 0x00007ffa9847e000 	C:\Windows\System32\msvcrt.dll
0x00007ffa982d0000 - 0x00007ffa98367000 	C:\Windows\System32\sechost.dll
0x00007ffa97ad0000 - 0x00007ffa97bef000 	C:\Windows\System32\RPCRT4.dll
0x00007ffa98080000 - 0x00007ffa98214000 	C:\Windows\System32\USER32.dll
0x00007ffa96310000 - 0x00007ffa96331000 	C:\Windows\System32\win32u.dll
0x00007ffa98dd0000 - 0x00007ffa98df6000 	C:\Windows\System32\GDI32.dll
0x00007ffa96e50000 - 0x00007ffa96fe8000 	C:\Windows\System32\gdi32full.dll
0x00007ffa97010000 - 0x00007ffa970ae000 	C:\Windows\System32\msvcp_win.dll
0x00007ffa84330000 - 0x00007ffa845b4000 	C:\Windows\WinSxS\amd64_microsoft.windows.common-controls_6595b64144ccf1df_6.0.18362.1556_none_9e7e372fe45e41d5\COMCTL32.dll
0x00007ffa97ce0000 - 0x00007ffa98016000 	C:\Windows\System32\combase.dll
0x00007ffa970b0000 - 0x00007ffa97131000 	C:\Windows\System32\bcryptPrimitives.dll
0x00007ffa8e010000 - 0x00007ffa8e01a000 	C:\Windows\SYSTEM32\VERSION.dll
0x00007ffa982a0000 - 0x00007ffa982ce000 	C:\Windows\System32\IMM32.DLL
0x00007ffa90890000 - 0x00007ffa9092b000 	C:\Program Files\Java\jdk-11.0.12\bin\msvcp140.dll
0x00007ffa57030000 - 0x00007ffa57b2f000 	C:\Program Files\Java\jdk-11.0.12\bin\server\jvm.dll
0x00007ffa98e00000 - 0x00007ffa98e08000 	C:\Windows\System32\PSAPI.DLL
0x00007ffa92600000 - 0x00007ffa92624000 	C:\Windows\SYSTEM32\WINMM.dll
0x00007ffa91560000 - 0x00007ffa91569000 	C:\Windows\SYSTEM32\WSOCK32.dll
0x00007ffa98370000 - 0x00007ffa983df000 	C:\Windows\System32\WS2_32.dll
0x00007ffa925d0000 - 0x00007ffa925fd000 	C:\Windows\SYSTEM32\winmmbase.dll
0x00007ffa971a0000 - 0x00007ffa971ea000 	C:\Windows\System32\cfgmgr32.dll
0x00007ffa96260000 - 0x00007ffa96271000 	C:\Windows\System32\kernel.appcore.dll
0x00007ffa924b0000 - 0x00007ffa924c0000 	C:\Program Files\Java\jdk-11.0.12\bin\verify.dll
0x00007ffa822c0000 - 0x00007ffa824b4000 	C:\Windows\SYSTEM32\DBGHELP.DLL
0x00007ffa681f0000 - 0x00007ffa6821a000 	C:\Windows\SYSTEM32\dbgcore.DLL
0x00007ffa90860000 - 0x00007ffa90888000 	C:\Program Files\Java\jdk-11.0.12\bin\java.dll
0x00007ffa92460000 - 0x00007ffa9246a000 	C:\Program Files\Java\jdk-11.0.12\bin\jimage.dll
0x00007ffa90800000 - 0x00007ffa90816000 	C:\Program Files\Java\jdk-11.0.12\bin\zip.dll
0x00007ffa98560000 - 0x00007ffa98c47000 	C:\Windows\System32\SHELL32.dll
0x00007ffa98d20000 - 0x00007ffa98dc8000 	C:\Windows\System32\shcore.dll
0x00007ffa966a0000 - 0x00007ffa96e1b000 	C:\Windows\System32\windows.storage.dll
0x00007ffa962f0000 - 0x00007ffa9630e000 	C:\Windows\System32\profapi.dll
0x00007ffa96280000 - 0x00007ffa962ca000 	C:\Windows\System32\powrprof.dll
0x00007ffa96250000 - 0x00007ffa96260000 	C:\Windows\System32\UMPDC.dll
0x00007ffa98020000 - 0x00007ffa98072000 	C:\Windows\System32\shlwapi.dll
0x00007ffa96ff0000 - 0x00007ffa97007000 	C:\Windows\System32\cryptsp.dll
0x00007ffa907e0000 - 0x00007ffa907f9000 	C:\Program Files\Java\jdk-11.0.12\bin\net.dll
0x00007ffa885d0000 - 0x00007ffa886ca000 	C:\Windows\SYSTEM32\WINHTTP.dll
0x00007ffa95a90000 - 0x00007ffa95af7000 	C:\Windows\system32\mswsock.dll
0x00007ffa8fa00000 - 0x00007ffa8fa12000 	C:\Program Files\Java\jdk-11.0.12\bin\nio.dll
0x00007ffa8e550000 - 0x00007ffa8e577000 	C:\Users\OmarTaha\.gradle\native\8bec1ad78214c89d9ad589b4d07fe93259594b29d510b10fafb7a158f7737e5d\windows-amd64\native-platform.dll
0x00007ffa8b2c0000 - 0x00007ffa8b3fd000 	C:\Users\OmarTaha\.gradle\native\53dbd7edfb1c66fb8903c78663c9afc45aea4f116125fa6feffd364cf09443e8\windows-amd64\native-platform-file-events.dll
0x00007ffa915e0000 - 0x00007ffa915e9000 	C:\Program Files\Java\jdk-11.0.12\bin\management.dll
0x00007ffa909c0000 - 0x00007ffa909cb000 	C:\Program Files\Java\jdk-11.0.12\bin\management_ext.dll
0x00007ffa95610000 - 0x00007ffa95643000 	C:\Windows\system32\rsaenh.dll
0x00007ffa96e20000 - 0x00007ffa96e46000 	C:\Windows\System32\bcrypt.dll
0x00007ffa96170000 - 0x00007ffa96195000 	C:\Windows\SYSTEM32\USERENV.dll
0x00007ffa95c60000 - 0x00007ffa95c6c000 	C:\Windows\SYSTEM32\CRYPTBASE.dll
0x00007ffa957a0000 - 0x00007ffa957da000 	C:\Windows\SYSTEM32\IPHLPAPI.DLL
0x00007ffa98230000 - 0x00007ffa98238000 	C:\Windows\System32\NSI.dll
0x00007ffa8f430000 - 0x00007ffa8f446000 	C:\Windows\SYSTEM32\dhcpcsvc6.DLL
0x00007ffa8fb60000 - 0x00007ffa8fb7c000 	C:\Windows\SYSTEM32\dhcpcsvc.DLL
0x00007ffa957e0000 - 0x00007ffa958ab000 	C:\Windows\SYSTEM32\DNSAPI.dll

dbghelp: loaded successfully - version: 4.0.5 - missing functions: none
symbol engine: initialized successfully - sym options: 0x614 - pdb path: .;C:\Program Files\Java\jdk-11.0.12\bin;C:\Windows\SYSTEM32;C:\Windows\WinSxS\amd64_microsoft.windows.common-controls_6595b64144ccf1df_6.0.18362.1556_none_9e7e372fe45e41d5;C:\Program Files\Java\jdk-11.0.12\bin\server;C:\Users\OmarTaha\.gradle\native\8bec1ad78214c89d9ad589b4d07fe93259594b29d510b10fafb7a158f7737e5d\windows-amd64;C:\Users\OmarTaha\.gradle\native\53dbd7edfb1c66fb8903c78663c9afc45aea4f116125fa6feffd364cf09443e8\windows-amd64

VM Arguments:
jvm_args: --add-opens=java.base/java.util=ALL-UNNAMED --add-opens=java.base/java.lang=ALL-UNNAMED --add-opens=java.base/java.lang.invoke=ALL-UNNAMED --add-opens=java.base/java.util=ALL-UNNAMED --add-opens=java.prefs/java.util.prefs=ALL-UNNAMED --add-opens=java.prefs/java.util.prefs=ALL-UNNAMED --add-opens=java.base/java.nio.charset=ALL-UNNAMED --add-opens=java.base/java.net=ALL-UNNAMED --add-opens=java.base/java.util.concurrent.atomic=ALL-UNNAMED -Xmx2048m -Dfile.encoding=windows-1252 -Duser.country=US -Duser.language=en -Duser.variant 
java_command: org.gradle.launcher.daemon.bootstrap.GradleDaemon 7.1-rc-1
java_class_path (initial): C:\Users\OmarTaha\.gradle\wrapper\dists\gradle-7.1-rc-1-bin\89hqeppvp8dbb4pzs5e0rkzxn\gradle-7.1-rc-1\lib\gradle-launcher-7.1.jar
Launcher Type: SUN_STANDARD

[Global flags]
     intx CICompilerCount                          = 4                                         {product} {ergonomic}
     uint ConcGCThreads                            = 2                                         {product} {ergonomic}
     uint G1ConcRefinementThreads                  = 8                                         {product} {ergonomic}
   size_t G1HeapRegionSize                         = 1048576                                   {product} {ergonomic}
    uintx GCDrainStackTargetSize                   = 64                                        {product} {ergonomic}
   size_t InitialHeapSize                          = 132120576                                 {product} {ergonomic}
   size_t MarkStackSize                            = 4194304                                   {product} {ergonomic}
   size_t MaxHeapSize                              = 2147483648                                {product} {command line}
   size_t MaxNewSize                               = 1287651328                                {product} {ergonomic}
   size_t MinHeapDeltaBytes                        = 1048576                                   {product} {ergonomic}
    uintx NonNMethodCodeHeapSize                   = 5836300                                {pd product} {ergonomic}
    uintx NonProfiledCodeHeapSize                  = 122910970                              {pd product} {ergonomic}
    uintx ProfiledCodeHeapSize                     = 122910970                              {pd product} {ergonomic}
    uintx ReservedCodeCacheSize                    = 251658240                              {pd product} {ergonomic}
     bool SegmentedCodeCache                       = true                                      {product} {ergonomic}
     bool UseCompressedClassPointers               = true                                 {lp64_product} {ergonomic}
     bool UseCompressedOops                        = true                                 {lp64_product} {ergonomic}
     bool UseG1GC                                  = true                                      {product} {ergonomic}
     bool UseLargePagesIndividualAllocation        = false                                  {pd product} {ergonomic}

Logging:
Log output configuration:
 #0: stdout all=warning uptime,level,tags
 #1: stderr all=off uptime,level,tags

Environment Variables:
JAVA_HOME=C:\Program Files\Java\jdk-11.0.12\bin
PATH=C:\Program Files\Common Files\Oracle\Java\javapath;C:\Program Files (x86)\Common Files\Oracle\Java\javapath;C:\Program Files (x86)\Common Files\Intel\Shared Libraries\redist\intel64\compiler;C:\Program Files\Java\jdk-12.0.2\bin;C:\Windows\system32;C:\Windows;C:\Windows\System32\Wbem;C:\Windows\System32\WindowsPowerShell\v1.0\;C:\Windows\System32\OpenSSH\;C:\Program Files\dotnet\;C:\Program Files\Microsoft SQL Server\120\Tools\Binn\;C:\Program Files\Microsoft SQL Server\120\DTS\Binn\;C:\Program Files\Microsoft SQL Server\Client SDK\ODBC\110\Tools\Binn\;C:\Program Files (x86)\Microsoft SQL Server\120\Tools\Binn\;C:\Program Files (x86)\Microsoft SQL Server\120\Tools\Binn\ManagementStudio\;C:\Program Files (x86)\Microsoft SQL Server\120\DTS\Binn\;C:\Windows\Microsoft.NET\Framework\v3.5;C:\Program Files\Microsoft SQL Server\130\Tools\Binn\;C:\Program Files\Microsoft SQL Server\Client SDK\ODBC\170\Tools\Binn\;C:\Program Files\MATLAB\R2016a\runtime\win64;C:\Program Files\MATLAB\R2016a\bin;C:\Program Files\MATLAB\R2016a\polyspace\bin;C:\Program Files (x86)\dotnet\;C:\sqlite;C:\Program Files\Git\cmd;C:\Users\OmarTaha\AppData\Local\Programs\Python\Python310;C:\Users\OmarTaha\AppData\Local\Programs\Python\Python310\Scripts;C:\Users\OmarTaha\AppData\Local\Programs\Python\Python38-32\Scripts\;C:\Users\OmarTaha\AppData\Local\Programs\Python\Python38-32\;C:\Users\OmarTaha\AppData\Local\Microsoft\WindowsApps;C:\Users\OmarTaha\AppData\Local\Programs\Microsoft VS Code\bin;C:\Users\OmarTaha\.dotnet\tools;C:\Program Files\JetBrains\PyCharm Community Edition 2020.2.4\bin;;C:\Users\OmarTaha\AppData\Local\GitHubDesktop\bin;
USERNAME=OmarTaha
OS=Windows_NT
PROCESSOR_IDENTIFIER=Intel64 Family 6 Model 60 Stepping 3, GenuineIntel



---------------  S Y S T E M  ---------------

OS: Windows 10 , 64 bit Build 18362 (10.0.18362.1500)

CPU:total 8 (initial active 8) (4 cores per cpu, 2 threads per core) family 6 model 60 stepping 3 microcode 0x28, cmov, cx8, fxsr, mmx, sse, sse2, sse3, ssse3, sse4.1, sse4.2, popcnt, avx, avx2, aes, clmul, erms, lzcnt, ht, tsc, tscinvbit, bmi1, bmi2, fma

Memory: 4k page, system-wide physical 7993M (597M free)
TotalPageFile size 13993M (AvailPageFile size 8M)
current process WorkingSet (physical memory assigned to process): 324M, peak: 325M
current process commit charge ("private bytes"): 370M, peak: 374M

vm_info: Java HotSpot(TM) 64-Bit Server VM (11.0.12+8-LTS-237) for windows-amd64 JRE (11.0.12+8-LTS-237), built on Jun  8 2021 11:25:59 by "mach5one" with MS VC++ 15.9 (VS2017)

END.
