#
# There is insufficient memory for the Java Runtime Environment to continue.
# Native memory allocation (malloc) failed to allocate 391696 bytes for Chunk::new
# Possible reasons:
#   The system is out of physical RAM or swap space
#   The process is running with CompressedOops enabled, and the Java Heap may be blocking the growth of the native heap
# Possible solutions:
#   Reduce memory load on the system
#   Increase physical memory or swap space
#   Check if swap backing store is full
#   Decrease Java heap size (-Xmx/-Xms)
#   Decrease number of Java threads
#   Decrease Java thread stack sizes (-Xss)
#   Set larger code cache with -XX:ReservedCodeCacheSize=
#   JVM is running with Unscaled Compressed Oops mode in which the Java heap is
#     placed in the first 4GB address space. The Java Heap base address is the
#     maximum limit for the native heap growth. Please use -XX:HeapBaseMinAddress
#     to set the Java Heap base and to place the Java Heap above 4GB virtual address.
# This output file may be truncated or incomplete.
#
#  Out of Memory Error (./src/hotspot/share/memory/arena.cpp:197), pid=6100, tid=8996
#
# JRE version: OpenJDK Runtime Environment (11.0.10) (build 11.0.10+0-b96-7249189)
# Java VM: OpenJDK 64-Bit Server VM (11.0.10+0-b96-7249189, mixed mode, tiered, compressed oops, g1 gc, windows-amd64)
# No core dump will be written. Minidumps are not enabled by default on client versions of Windows
#

---------------  S U M M A R Y ------------

Command Line: --add-opens=java.base/java.util=ALL-UNNAMED --add-opens=java.base/java.lang=ALL-UNNAMED --add-opens=java.base/java.lang.invoke=ALL-UNNAMED --add-opens=java.base/java.util=ALL-UNNAMED --add-opens=java.prefs/java.util.prefs=ALL-UNNAMED --add-opens=java.prefs/java.util.prefs=ALL-UNNAMED --add-opens=java.base/java.nio.charset=ALL-UNNAMED --add-opens=java.base/java.net=ALL-UNNAMED --add-opens=java.base/java.util.concurrent.atomic=ALL-UNNAMED -Xmx2048m -Dfile.encoding=windows-1252 -Duser.country=US -Duser.language=en -Duser.variant org.gradle.launcher.daemon.bootstrap.GradleDaemon 7.1-rc-1

Host: Intel(R) Core(TM) i7-4800MQ CPU @ 2.70GHz, 8 cores, 7G,  Windows 10 , 64 bit Build 18362 (10.0.18362.1500)
Time: Sat Oct  9 07:22:48 2021 Arab Standard Time elapsed time: 10.049715 seconds (0d 0h 0m 10s)

---------------  T H R E A D  ---------------

Current thread (0x00000188976ad800):  JavaThread "C2 CompilerThread1" daemon [_thread_in_native, id=8996, stack(0x000000092ec00000,0x000000092ed00000)]


Current CompileTask:
C2:  10049 5459 %     4       java.util.zip.ZipFile$Source::initCEN @ 223 (658 bytes)

Stack: [0x000000092ec00000,0x000000092ed00000]
Native frames: (J=compiled Java code, j=interpreted, Vv=VM code, C=native code)
V  [jvm.dll+0x5ecfaa]
V  [jvm.dll+0x722bd5]
V  [jvm.dll+0x72412d]
V  [jvm.dll+0x7247e3]
V  [jvm.dll+0x242928]
V  [jvm.dll+0xbc4fc]
V  [jvm.dll+0xbca0c]
V  [jvm.dll+0x352d7d]
V  [jvm.dll+0x320ad3]
V  [jvm.dll+0x31ffca]
V  [jvm.dll+0x1fb602]
V  [jvm.dll+0x1fa7f4]
V  [jvm.dll+0x18354c]
V  [jvm.dll+0x208ee7]
V  [jvm.dll+0x207731]
V  [jvm.dll+0x6eb1cf]
V  [jvm.dll+0x6e3d45]
V  [jvm.dll+0x5ebe96]
C  [ucrtbase.dll+0x210b2]
C  [KERNEL32.DLL+0x17c24]
C  [ntdll.dll+0x6d721]


---------------  P R O C E S S  ---------------

Threads class SMR info:
_java_thread_list=0x000001889d137bd0, length=123, elements={
0x00000188fa305000, 0x0000018896fa1800, 0x0000018896fac800, 0x0000018896ff6800,
0x0000018896ff7800, 0x0000018896ffa800, 0x0000018896ffe000, 0x0000018897000000,
0x0000018896789800, 0x0000018897161000, 0x0000018898eb8800, 0x0000018899c9b000,
0x0000018897289800, 0x00000188988e9800, 0x00000188988ea800, 0x0000018898f33800,
0x0000018897c72800, 0x000001889971a800, 0x0000018899724000, 0x0000018899727800,
0x0000018899728000, 0x0000018899725000, 0x0000018899729000, 0x00000188976ad800,
0x0000018899723800, 0x0000018899726000, 0x0000018899726800, 0x00000188976a6800,
0x000001889972a000, 0x000001889a78e800, 0x000001889a792800, 0x000001889a791800,
0x000001889a793000, 0x000001889a78d800, 0x000001889a790000, 0x000001889a794000,
0x000001889a795000, 0x000001889a78f000, 0x000001889a796800, 0x000001889a795800,
0x000001889a797800, 0x000001889a799000, 0x000001889a79c000, 0x000001889df53000,
0x000001889df54800, 0x000001889df52000, 0x000001889df55800, 0x000001889df58000,
0x000001889df57000, 0x000001889df56800, 0x000001889df58800, 0x000001889df59800,
0x000001889df54000, 0x000001889df5e800, 0x000001889df5c000, 0x000001889df5f000,
0x000001889df5b000, 0x000001889df60000, 0x000001889df5a800, 0x000001889df5d800,
0x000001889df61000, 0x000001889df5d000, 0x000001889dcb5800, 0x000001889dcb1800,
0x000001889dcb3000, 0x000001889dcb6800, 0x000001889dcb4800, 0x000001889dcb0800,
0x000001889dcb7000, 0x000001889dcb8000, 0x000001889dcb2800, 0x000001889dcb9000,
0x000001889dcb9800, 0x000001889dcb4000, 0x000001889dcbd000, 0x000001889dcbb800,
0x000001889dcbd800, 0x000001889dcbe800, 0x000001889dcba800, 0x000001889dcbc000,
0x000001889dcbf800, 0x000001889a37c000, 0x000001889a37f800, 0x000001889a37d000,
0x000001889a37e800, 0x000001889a37d800, 0x000001889a380000, 0x000001889a381000,
0x000001889a37b000, 0x000001889a381800, 0x000001889dfa2800, 0x000001889dfa5800,
0x000001889dfa7000, 0x000001889dfa3000, 0x000001889dfa6800, 0x000001889dfa8000,
0x000001889dfa9000, 0x000001889dfa9800, 0x000001889dfa4800, 0x000001889dfa4000,
0x000001889dfad000, 0x000001889dfad800, 0x000001889dfb0000, 0x000001889dfab800,
0x000001889dfaf800, 0x000001889dfac000, 0x000001889dfae800, 0x000001889dfaa800,
0x000001889dfb1000, 0x000001889cfd6800, 0x000001889cfd1800, 0x000001889cfd3000,
0x000001889cfd8000, 0x000001889cfd4000, 0x000001889cfd5000, 0x000001889cfd7800,
0x000001889cfd2800, 0x000001889cfd5800, 0x000001889cfda800, 0x000001889cfdb800,
0x000001889cfde800, 0x000001889cfda000, 0x000001889cfdc000
}

Java Threads: ( => current thread )
  0x00000188fa305000 JavaThread "main" [_thread_blocked, id=14124, stack(0x000000092c600000,0x000000092c700000)]
  0x0000018896fa1800 JavaThread "Reference Handler" daemon [_thread_blocked, id=2160, stack(0x000000092cd00000,0x000000092ce00000)]
  0x0000018896fac800 JavaThread "Finalizer" daemon [_thread_blocked, id=13812, stack(0x000000092ce00000,0x000000092cf00000)]
  0x0000018896ff6800 JavaThread "Signal Dispatcher" daemon [_thread_blocked, id=2808, stack(0x000000092cf00000,0x000000092d000000)]
  0x0000018896ff7800 JavaThread "Attach Listener" daemon [_thread_blocked, id=8516, stack(0x000000092d000000,0x000000092d100000)]
  0x0000018896ffa800 JavaThread "Service Thread" daemon [_thread_blocked, id=13744, stack(0x000000092d100000,0x000000092d200000)]
  0x0000018896ffe000 JavaThread "C2 CompilerThread0" daemon [_thread_in_vm, id=8064, stack(0x000000092d200000,0x000000092d300000)]
  0x0000018897000000 JavaThread "C1 CompilerThread0" daemon [_thread_blocked, id=2952, stack(0x000000092d300000,0x000000092d400000)]
  0x0000018896789800 JavaThread "Sweeper thread" daemon [_thread_blocked, id=11028, stack(0x000000092d400000,0x000000092d500000)]
  0x0000018897161000 JavaThread "Common-Cleaner" daemon [_thread_blocked, id=11352, stack(0x000000092d500000,0x000000092d600000)]
  0x0000018898eb8800 JavaThread "Daemon health stats" [_thread_blocked, id=2252, stack(0x000000092db00000,0x000000092dc00000)]
  0x0000018899c9b000 JavaThread "Incoming local TCP Connector on port 1035" [_thread_in_native, id=8976, stack(0x000000092d700000,0x000000092d800000)]
  0x0000018897289800 JavaThread "Daemon periodic checks" [_thread_blocked, id=10156, stack(0x000000092da00000,0x000000092db00000)]
  0x00000188988e9800 JavaThread "Daemon" [_thread_blocked, id=6140, stack(0x000000092dc00000,0x000000092dd00000)]
  0x00000188988ea800 JavaThread "Handler for socket connection from /127.0.0.1:1035 to /127.0.0.1:1039" [_thread_in_native, id=10652, stack(0x000000092dd00000,0x000000092de00000)]
  0x0000018898f33800 JavaThread "Cancel handler" [_thread_blocked, id=12088, stack(0x000000092de00000,0x000000092df00000)]
  0x0000018897c72800 JavaThread "Daemon worker" [_thread_in_Java, id=9656, stack(0x000000092df00000,0x000000092e000000)]
  0x000001889971a800 JavaThread "Asynchronous log dispatcher for DefaultDaemonConnection: socket connection from /127.0.0.1:1035 to /127.0.0.1:1039" [_thread_blocked, id=12696, stack(0x000000092e000000,0x000000092e100000)]
  0x0000018899724000 JavaThread "Stdin handler" [_thread_blocked, id=4516, stack(0x000000092e100000,0x000000092e200000)]
  0x0000018899727800 JavaThread "Daemon client event forwarder" [_thread_blocked, id=12220, stack(0x000000092e200000,0x000000092e300000)]
  0x0000018899728000 JavaThread "Cache worker for journal cache (C:\Users\OmarTaha\.gradle\caches\journal-1)" [_thread_blocked, id=13960, stack(0x000000092e800000,0x000000092e900000)]
  0x0000018899725000 JavaThread "File lock request listener" [_thread_in_native, id=9748, stack(0x000000092e900000,0x000000092ea00000)]
  0x0000018899729000 JavaThread "Cache worker for file hash cache (C:\Users\OmarTaha\.gradle\caches\7.1-rc-1\fileHashes)" [_thread_blocked, id=8092, stack(0x000000092ea00000,0x000000092eb00000)]
=>0x00000188976ad800 JavaThread "C2 CompilerThread1" daemon [_thread_in_native, id=8996, stack(0x000000092ec00000,0x000000092ed00000)]
  0x0000018899723800 JavaThread "Cache worker for file hash cache (C:\Users\OmarTaha\Abdulrahman_folder\GMS\.gradle\7.1-rc-1\fileHashes)" [_thread_blocked, id=7752, stack(0x000000092ed00000,0x000000092ee00000)]
  0x0000018899726000 JavaThread "File watcher server" daemon [_thread_in_native, id=7544, stack(0x000000092ee00000,0x000000092ef00000)]
  0x0000018899726800 JavaThread "File watcher consumer" daemon [_thread_blocked, id=7960, stack(0x000000092ef00000,0x000000092f000000)]
  0x00000188976a6800 JavaThread "C2 CompilerThread2" daemon [_thread_in_native, id=10084, stack(0x000000092f000000,0x000000092f100000)]
  0x000001889972a000 JavaThread "jar transforms" [_thread_blocked, id=5012, stack(0x000000092f100000,0x000000092f200000)]
  0x000001889a78e800 JavaThread "jar transforms Thread 2" [_thread_blocked, id=8440, stack(0x000000092f200000,0x000000092f300000)]
  0x000001889a792800 JavaThread "jar transforms Thread 3" [_thread_blocked, id=8952, stack(0x000000092f300000,0x000000092f400000)]
  0x000001889a791800 JavaThread "jar transforms Thread 4" [_thread_blocked, id=1572, stack(0x000000092f400000,0x000000092f500000)]
  0x000001889a793000 JavaThread "jar transforms Thread 5" [_thread_blocked, id=8480, stack(0x000000092f500000,0x000000092f600000)]
  0x000001889a78d800 JavaThread "jar transforms Thread 6" [_thread_blocked, id=3544, stack(0x000000092f600000,0x000000092f700000)]
  0x000001889a790000 JavaThread "jar transforms Thread 7" [_thread_blocked, id=4996, stack(0x000000092f700000,0x000000092f800000)]
  0x000001889a794000 JavaThread "jar transforms Thread 8" [_thread_blocked, id=11000, stack(0x000000092f800000,0x000000092f900000)]
  0x000001889a795000 JavaThread "Cache worker for checksums cache (C:\Users\OmarTaha\Abdulrahman_folder\GMS\.gradle\checksums)" [_thread_blocked, id=11868, stack(0x000000092f900000,0x000000092fa00000)]
  0x000001889a78f000 JavaThread "Cache worker for cache directory md-supplier (C:\Users\OmarTaha\.gradle\caches\7.1-rc-1\md-supplier)" [_thread_blocked, id=4016, stack(0x000000092fa00000,0x000000092fb00000)]
  0x000001889a796800 JavaThread "Cache worker for cache directory md-rule (C:\Users\OmarTaha\.gradle\caches\7.1-rc-1\md-rule)" [_thread_blocked, id=9024, stack(0x000000092fb00000,0x000000092fc00000)]
  0x000001889a795800 JavaThread "Cache worker for execution history cache (C:\Users\OmarTaha\.gradle\caches\7.1-rc-1\executionHistory)" [_thread_blocked, id=2444, stack(0x000000092fc00000,0x000000092fd00000)]
  0x000001889a797800 JavaThread "Cache worker for file content cache (C:\Users\OmarTaha\.gradle\caches\7.1-rc-1\fileContent)" [_thread_blocked, id=2592, stack(0x000000092fd00000,0x000000092fe00000)]
  0x000001889a799000 JavaThread "Cache worker for dependencies-accessors (C:\Users\OmarTaha\Abdulrahman_folder\GMS\.gradle\7.1-rc-1\dependencies-accessors)" [_thread_blocked, id=3748, stack(0x000000092fe00000,0x000000092ff00000)]
  0x000001889a79c000 JavaThread "Cache worker for Build Output Cleanup Cache (C:\Users\OmarTaha\Abdulrahman_folder\GMS\.gradle\buildOutputCleanup)" [_thread_blocked, id=1440, stack(0x000000092ff00000,0x0000000930000000)]
  0x000001889df53000 JavaThread "Unconstrained build operations" [_thread_blocked, id=8488, stack(0x0000000930000000,0x0000000930100000)]
  0x000001889df54800 JavaThread "Unconstrained build operations Thread 2" [_thread_blocked, id=3420, stack(0x0000000930100000,0x0000000930200000)]
  0x000001889df52000 JavaThread "Unconstrained build operations Thread 3" [_thread_blocked, id=5048, stack(0x0000000930200000,0x0000000930300000)]
  0x000001889df55800 JavaThread "Unconstrained build operations Thread 4" [_thread_blocked, id=2144, stack(0x0000000930300000,0x0000000930400000)]
  0x000001889df58000 JavaThread "Unconstrained build operations Thread 5" [_thread_blocked, id=7540, stack(0x0000000930400000,0x0000000930500000)]
  0x000001889df57000 JavaThread "Unconstrained build operations Thread 6" [_thread_blocked, id=11640, stack(0x0000000930500000,0x0000000930600000)]
  0x000001889df56800 JavaThread "Unconstrained build operations Thread 7" [_thread_blocked, id=1528, stack(0x0000000930600000,0x0000000930700000)]
  0x000001889df58800 JavaThread "Unconstrained build operations Thread 8" [_thread_blocked, id=13080, stack(0x0000000930700000,0x0000000930800000)]
  0x000001889df59800 JavaThread "Unconstrained build operations Thread 9" [_thread_blocked, id=1384, stack(0x0000000930800000,0x0000000930900000)]
  0x000001889df54000 JavaThread "Unconstrained build operations Thread 10" [_thread_blocked, id=1392, stack(0x0000000930900000,0x0000000930a00000)]
  0x000001889df5e800 JavaThread "Unconstrained build operations Thread 11" [_thread_blocked, id=1772, stack(0x0000000930a00000,0x0000000930b00000)]
  0x000001889df5c000 JavaThread "Unconstrained build operations Thread 12" [_thread_blocked, id=3044, stack(0x0000000930b00000,0x0000000930c00000)]
  0x000001889df5f000 JavaThread "Unconstrained build operations Thread 13" [_thread_blocked, id=13788, stack(0x0000000930c00000,0x0000000930d00000)]
  0x000001889df5b000 JavaThread "Unconstrained build operations Thread 14" [_thread_blocked, id=6788, stack(0x0000000930d00000,0x0000000930e00000)]
  0x000001889df60000 JavaThread "Unconstrained build operations Thread 15" [_thread_blocked, id=13840, stack(0x0000000930e00000,0x0000000930f00000)]
  0x000001889df5a800 JavaThread "Unconstrained build operations Thread 16" [_thread_blocked, id=2664, stack(0x0000000930f00000,0x0000000931000000)]
  0x000001889df5d800 JavaThread "Unconstrained build operations Thread 17" [_thread_blocked, id=13452, stack(0x0000000931000000,0x0000000931100000)]
  0x000001889df61000 JavaThread "Unconstrained build operations Thread 18" [_thread_blocked, id=9928, stack(0x0000000931100000,0x0000000931200000)]
  0x000001889df5d000 JavaThread "Unconstrained build operations Thread 19" [_thread_blocked, id=14004, stack(0x0000000931200000,0x0000000931300000)]
  0x000001889dcb5800 JavaThread "Unconstrained build operations Thread 20" [_thread_blocked, id=2332, stack(0x0000000931300000,0x0000000931400000)]
  0x000001889dcb1800 JavaThread "Unconstrained build operations Thread 21" [_thread_blocked, id=12360, stack(0x0000000931400000,0x0000000931500000)]
  0x000001889dcb3000 JavaThread "Unconstrained build operations Thread 22" [_thread_blocked, id=2340, stack(0x0000000931500000,0x0000000931600000)]
  0x000001889dcb6800 JavaThread "Unconstrained build operations Thread 23" [_thread_blocked, id=10220, stack(0x0000000931600000,0x0000000931700000)]
  0x000001889dcb4800 JavaThread "Unconstrained build operations Thread 24" [_thread_blocked, id=12776, stack(0x0000000931700000,0x0000000931800000)]
  0x000001889dcb0800 JavaThread "Unconstrained build operations Thread 25" [_thread_blocked, id=3868, stack(0x0000000931800000,0x0000000931900000)]
  0x000001889dcb7000 JavaThread "Unconstrained build operations Thread 26" [_thread_blocked, id=2296, stack(0x0000000931900000,0x0000000931a00000)]
  0x000001889dcb8000 JavaThread "Unconstrained build operations Thread 27" [_thread_blocked, id=12248, stack(0x0000000931a00000,0x0000000931b00000)]
  0x000001889dcb2800 JavaThread "Unconstrained build operations Thread 28" [_thread_blocked, id=8264, stack(0x0000000931b00000,0x0000000931c00000)]
  0x000001889dcb9000 JavaThread "Unconstrained build operations Thread 29" [_thread_blocked, id=8204, stack(0x0000000931c00000,0x0000000931d00000)]
  0x000001889dcb9800 JavaThread "Unconstrained build operations Thread 30" [_thread_blocked, id=8948, stack(0x0000000931d00000,0x0000000931e00000)]
  0x000001889dcb4000 JavaThread "Unconstrained build operations Thread 31" [_thread_blocked, id=9868, stack(0x0000000931e00000,0x0000000931f00000)]
  0x000001889dcbd000 JavaThread "Unconstrained build operations Thread 32" [_thread_blocked, id=10856, stack(0x0000000931f00000,0x0000000932000000)]
  0x000001889dcbb800 JavaThread "Unconstrained build operations Thread 33" [_thread_blocked, id=11236, stack(0x0000000932000000,0x0000000932100000)]
  0x000001889dcbd800 JavaThread "Unconstrained build operations Thread 34" [_thread_blocked, id=10916, stack(0x0000000932100000,0x0000000932200000)]
  0x000001889dcbe800 JavaThread "Unconstrained build operations Thread 35" [_thread_blocked, id=13776, stack(0x0000000932200000,0x0000000932300000)]
  0x000001889dcba800 JavaThread "Unconstrained build operations Thread 36" [_thread_blocked, id=13236, stack(0x0000000932300000,0x0000000932400000)]
  0x000001889dcbc000 JavaThread "Unconstrained build operations Thread 37" [_thread_blocked, id=13720, stack(0x0000000932400000,0x0000000932500000)]
  0x000001889dcbf800 JavaThread "Unconstrained build operations Thread 38" [_thread_blocked, id=11196, stack(0x0000000932500000,0x0000000932600000)]
  0x000001889a37c000 JavaThread "Unconstrained build operations Thread 39" [_thread_blocked, id=3216, stack(0x0000000932600000,0x0000000932700000)]
  0x000001889a37f800 JavaThread "Unconstrained build operations Thread 40" [_thread_blocked, id=7020, stack(0x0000000932700000,0x0000000932800000)]
  0x000001889a37d000 JavaThread "Unconstrained build operations Thread 41" [_thread_blocked, id=10128, stack(0x0000000932800000,0x0000000932900000)]
  0x000001889a37e800 JavaThread "Unconstrained build operations Thread 42" [_thread_blocked, id=10644, stack(0x0000000932900000,0x0000000932a00000)]
  0x000001889a37d800 JavaThread "Unconstrained build operations Thread 43" [_thread_blocked, id=3284, stack(0x0000000932a00000,0x0000000932b00000)]
  0x000001889a380000 JavaThread "Unconstrained build operations Thread 44" [_thread_blocked, id=3796, stack(0x0000000932b00000,0x0000000932c00000)]
  0x000001889a381000 JavaThread "Unconstrained build operations Thread 45" [_thread_blocked, id=8592, stack(0x0000000932c00000,0x0000000932d00000)]
  0x000001889a37b000 JavaThread "Unconstrained build operations Thread 46" [_thread_blocked, id=13424, stack(0x0000000932d00000,0x0000000932e00000)]
  0x000001889a381800 JavaThread "Unconstrained build operations Thread 47" [_thread_blocked, id=13644, stack(0x0000000932e00000,0x0000000932f00000)]
  0x000001889dfa2800 JavaThread "Unconstrained build operations Thread 48" [_thread_blocked, id=11388, stack(0x0000000932f00000,0x0000000933000000)]
  0x000001889dfa5800 JavaThread "Unconstrained build operations Thread 49" [_thread_blocked, id=11872, stack(0x0000000933000000,0x0000000933100000)]
  0x000001889dfa7000 JavaThread "Unconstrained build operations Thread 50" [_thread_blocked, id=9412, stack(0x0000000933100000,0x0000000933200000)]
  0x000001889dfa3000 JavaThread "Unconstrained build operations Thread 51" [_thread_blocked, id=8700, stack(0x0000000933200000,0x0000000933300000)]
  0x000001889dfa6800 JavaThread "Unconstrained build operations Thread 52" [_thread_blocked, id=11764, stack(0x0000000933300000,0x0000000933400000)]
  0x000001889dfa8000 JavaThread "Unconstrained build operations Thread 53" [_thread_blocked, id=12032, stack(0x0000000933400000,0x0000000933500000)]
  0x000001889dfa9000 JavaThread "Unconstrained build operations Thread 54" [_thread_blocked, id=13724, stack(0x0000000933500000,0x0000000933600000)]
  0x000001889dfa9800 JavaThread "Unconstrained build operations Thread 55" [_thread_blocked, id=12404, stack(0x0000000933600000,0x0000000933700000)]
  0x000001889dfa4800 JavaThread "Unconstrained build operations Thread 56" [_thread_blocked, id=11272, stack(0x0000000933700000,0x0000000933800000)]
  0x000001889dfa4000 JavaThread "Unconstrained build operations Thread 57" [_thread_blocked, id=4704, stack(0x0000000933800000,0x0000000933900000)]
  0x000001889dfad000 JavaThread "Unconstrained build operations Thread 58" [_thread_blocked, id=12268, stack(0x0000000933900000,0x0000000933a00000)]
  0x000001889dfad800 JavaThread "Unconstrained build operations Thread 59" [_thread_blocked, id=8356, stack(0x0000000933a00000,0x0000000933b00000)]
  0x000001889dfb0000 JavaThread "Unconstrained build operations Thread 60" [_thread_blocked, id=4072, stack(0x0000000933b00000,0x0000000933c00000)]
  0x000001889dfab800 JavaThread "Unconstrained build operations Thread 61" [_thread_blocked, id=4824, stack(0x0000000933c00000,0x0000000933d00000)]
  0x000001889dfaf800 JavaThread "Unconstrained build operations Thread 62" [_thread_blocked, id=10148, stack(0x0000000933d00000,0x0000000933e00000)]
  0x000001889dfac000 JavaThread "Unconstrained build operations Thread 63" [_thread_blocked, id=4612, stack(0x0000000933e00000,0x0000000933f00000)]
  0x000001889dfae800 JavaThread "Unconstrained build operations Thread 64" [_thread_blocked, id=1324, stack(0x0000000933f00000,0x0000000934000000)]
  0x000001889dfaa800 JavaThread "Unconstrained build operations Thread 65" [_thread_blocked, id=11968, stack(0x0000000934000000,0x0000000934100000)]
  0x000001889dfb1000 JavaThread "Unconstrained build operations Thread 66" [_thread_blocked, id=12056, stack(0x0000000934100000,0x0000000934200000)]
  0x000001889cfd6800 JavaThread "Unconstrained build operations Thread 67" [_thread_blocked, id=11820, stack(0x0000000934200000,0x0000000934300000)]
  0x000001889cfd1800 JavaThread "Unconstrained build operations Thread 68" [_thread_blocked, id=11372, stack(0x0000000934300000,0x0000000934400000)]
  0x000001889cfd3000 JavaThread "Unconstrained build operations Thread 69" [_thread_blocked, id=13508, stack(0x0000000934400000,0x0000000934500000)]
  0x000001889cfd8000 JavaThread "Unconstrained build operations Thread 70" [_thread_blocked, id=6092, stack(0x0000000934500000,0x0000000934600000)]
  0x000001889cfd4000 JavaThread "Unconstrained build operations Thread 71" [_thread_blocked, id=10440, stack(0x0000000934600000,0x0000000934700000)]
  0x000001889cfd5000 JavaThread "Unconstrained build operations Thread 72" [_thread_blocked, id=5420, stack(0x0000000934700000,0x0000000934800000)]
  0x000001889cfd7800 JavaThread "Unconstrained build operations Thread 73" [_thread_blocked, id=11172, stack(0x0000000934800000,0x0000000934900000)]
  0x000001889cfd2800 JavaThread "Unconstrained build operations Thread 74" [_thread_blocked, id=624, stack(0x0000000934900000,0x0000000934a00000)]
  0x000001889cfd5800 JavaThread "Unconstrained build operations Thread 75" [_thread_blocked, id=3780, stack(0x0000000934a00000,0x0000000934b00000)]
  0x000001889cfda800 JavaThread "Unconstrained build operations Thread 76" [_thread_blocked, id=5776, stack(0x0000000934b00000,0x0000000934c00000)]
  0x000001889cfdb800 JavaThread "Unconstrained build operations Thread 77" [_thread_blocked, id=8840, stack(0x0000000934c00000,0x0000000934d00000)]
  0x000001889cfde800 JavaThread "Unconstrained build operations Thread 78" [_thread_blocked, id=13168, stack(0x0000000934d00000,0x0000000934e00000)]
  0x000001889cfda000 JavaThread "Unconstrained build operations Thread 79" [_thread_blocked, id=2696, stack(0x0000000934e00000,0x0000000934f00000)]
  0x000001889cfdc000 JavaThread "Unconstrained build operations Thread 80" [_thread_blocked, id=9524, stack(0x0000000934f00000,0x0000000935000000)]

Other Threads:
  0x0000018896773000 VMThread "VM Thread" [stack: 0x000000092cc00000,0x000000092cd00000] [id=1512]
  0x0000018897177800 WatcherThread [stack: 0x000000092d600000,0x000000092d700000] [id=460]
  0x00000188fa319800 GCTaskThread "GC Thread#0" [stack: 0x000000092c700000,0x000000092c800000] [id=14236]
  0x0000018897ef8800 GCTaskThread "GC Thread#1" [stack: 0x000000092d800000,0x000000092d900000] [id=8168]
  0x000001889839d800 GCTaskThread "GC Thread#2" [stack: 0x000000092d900000,0x000000092da00000] [id=4784]
  0x0000018899758800 GCTaskThread "GC Thread#3" [stack: 0x000000092e300000,0x000000092e400000] [id=7660]
  0x0000018899872000 GCTaskThread "GC Thread#4" [stack: 0x000000092e400000,0x000000092e500000] [id=14308]
  0x0000018899545800 GCTaskThread "GC Thread#5" [stack: 0x000000092e500000,0x000000092e600000] [id=2064]
  0x00000188999ac800 GCTaskThread "GC Thread#6" [stack: 0x000000092e600000,0x000000092e700000] [id=5872]
  0x0000018898852000 GCTaskThread "GC Thread#7" [stack: 0x000000092e700000,0x000000092e800000] [id=13996]
  0x00000188fa34a000 ConcurrentGCThread "G1 Main Marker" [stack: 0x000000092c800000,0x000000092c900000] [id=3424]
  0x00000188fa34b000 ConcurrentGCThread "G1 Conc#0" [stack: 0x000000092c900000,0x000000092ca00000] [id=4196]
  0x0000018898154000 ConcurrentGCThread "G1 Conc#1" [stack: 0x000000092eb00000,0x000000092ec00000] [id=12180]
  0x00000188965c0800 ConcurrentGCThread "G1 Refine#0" [stack: 0x000000092ca00000,0x000000092cb00000] [id=1472]
  0x00000188965c1000 ConcurrentGCThread "G1 Young RemSet Sampling" [stack: 0x000000092cb00000,0x000000092cc00000] [id=12532]

Threads with active compile tasks:
C2 CompilerThread0  10096 5488       4       java.util.jar.JarFile::getEntry (22 bytes)
C2 CompilerThread1  10097 5459 %     4       java.util.zip.ZipFile$Source::initCEN @ 223 (658 bytes)
C2 CompilerThread2  10097 5445 % !   4       java.util.jar.Attributes::read @ 186 (390 bytes)

VM state:not at safepoint (normal execution)

VM Mutex/Monitor currently owned by a thread: None

Heap address: 0x0000000080000000, size: 2048 MB, Compressed Oops mode: 32-bit
Narrow klass base: 0x0000000000000000, Narrow klass shift: 3
Compressed class space size: 1073741824 Address: 0x0000000100000000

Heap:
 garbage-first heap   total 155648K, used 97367K [0x0000000080000000, 0x0000000100000000)
  region size 1024K, 43 young (44032K), 7 survivors (7168K)
 Metaspace       used 49671K, capacity 51265K, committed 51456K, reserved 1093632K
  class space    used 6357K, capacity 6871K, committed 6912K, reserved 1048576K
Heap Regions: E=young(eden), S=young(survivor), O=old, HS=humongous(starts), HC=humongous(continues), CS=collection set, F=free, A=archive, TAMS=top-at-mark-start (previous, next)
|   0|0x0000000080000000, 0x0000000080100000, 0x0000000080100000|100%| O|  |TAMS 0x0000000080100000, 0x0000000080000000| Untracked 
|   1|0x0000000080100000, 0x0000000080200000, 0x0000000080200000|100%| O|  |TAMS 0x0000000080200000, 0x0000000080100000| Untracked 
|   2|0x0000000080200000, 0x0000000080300000, 0x0000000080300000|100%| O|  |TAMS 0x0000000080300000, 0x0000000080200000| Untracked 
|   3|0x0000000080300000, 0x0000000080400000, 0x0000000080400000|100%|HS|  |TAMS 0x0000000080400000, 0x0000000080300000| Complete 
|   4|0x0000000080400000, 0x0000000080500000, 0x0000000080500000|100%|HC|  |TAMS 0x0000000080500000, 0x0000000080400000| Complete 
|   5|0x0000000080500000, 0x0000000080600000, 0x0000000080600000|100%|HC|  |TAMS 0x0000000080600000, 0x0000000080500000| Complete 
|   6|0x0000000080600000, 0x0000000080700000, 0x0000000080700000|100%| O|  |TAMS 0x0000000080700000, 0x0000000080600000| Untracked 
|   7|0x0000000080700000, 0x0000000080800000, 0x0000000080800000|100%| O|  |TAMS 0x0000000080800000, 0x0000000080700000| Untracked 
|   8|0x0000000080800000, 0x0000000080900000, 0x0000000080900000|100%| O|  |TAMS 0x0000000080900000, 0x0000000080800000| Untracked 
|   9|0x0000000080900000, 0x0000000080a00000, 0x0000000080a00000|100%| O|  |TAMS 0x0000000080a00000, 0x0000000080900000| Untracked 
|  10|0x0000000080a00000, 0x0000000080b00000, 0x0000000080b00000|100%| O|  |TAMS 0x0000000080b00000, 0x0000000080a00000| Untracked 
|  11|0x0000000080b00000, 0x0000000080c00000, 0x0000000080c00000|100%| O|  |TAMS 0x0000000080c00000, 0x0000000080b00000| Untracked 
|  12|0x0000000080c00000, 0x0000000080d00000, 0x0000000080d00000|100%| O|  |TAMS 0x0000000080d00000, 0x0000000080c00000| Untracked 
|  13|0x0000000080d00000, 0x0000000080e00000, 0x0000000080e00000|100%| O|  |TAMS 0x0000000080e00000, 0x0000000080d00000| Untracked 
|  14|0x0000000080e00000, 0x0000000080f00000, 0x0000000080f00000|100%| O|  |TAMS 0x0000000080f00000, 0x0000000080e00000| Untracked 
|  15|0x0000000080f00000, 0x0000000081000000, 0x0000000081000000|100%| O|  |TAMS 0x0000000081000000, 0x0000000080f00000| Untracked 
|  16|0x0000000081000000, 0x0000000081100000, 0x0000000081100000|100%| O|  |TAMS 0x0000000081100000, 0x0000000081000000| Untracked 
|  17|0x0000000081100000, 0x0000000081200000, 0x0000000081200000|100%|HS|  |TAMS 0x0000000081200000, 0x0000000081100000| Complete 
|  18|0x0000000081200000, 0x0000000081300000, 0x0000000081300000|100%|HC|  |TAMS 0x0000000081300000, 0x0000000081200000| Complete 
|  19|0x0000000081300000, 0x0000000081400000, 0x0000000081400000|100%|HS|  |TAMS 0x0000000081400000, 0x0000000081300000| Complete 
|  20|0x0000000081400000, 0x0000000081500000, 0x0000000081500000|100%|HC|  |TAMS 0x0000000081500000, 0x0000000081400000| Complete 
|  21|0x0000000081500000, 0x0000000081600000, 0x0000000081600000|100%|HC|  |TAMS 0x0000000081600000, 0x0000000081500000| Complete 
|  22|0x0000000081600000, 0x0000000081700000, 0x0000000081700000|100%|HS|  |TAMS 0x0000000081700000, 0x0000000081600000| Complete 
|  23|0x0000000081700000, 0x0000000081800000, 0x0000000081800000|100%|HC|  |TAMS 0x0000000081800000, 0x0000000081700000| Complete 
|  24|0x0000000081800000, 0x0000000081900000, 0x0000000081900000|100%|HC|  |TAMS 0x0000000081900000, 0x0000000081800000| Complete 
|  25|0x0000000081900000, 0x0000000081a00000, 0x0000000081a00000|100%|HC|  |TAMS 0x0000000081a00000, 0x0000000081900000| Complete 
|  26|0x0000000081a00000, 0x0000000081b00000, 0x0000000081b00000|100%|HC|  |TAMS 0x0000000081b00000, 0x0000000081a00000| Complete 
|  27|0x0000000081b00000, 0x0000000081c00000, 0x0000000081c00000|100%| O|  |TAMS 0x0000000081c00000, 0x0000000081b00000| Untracked 
|  28|0x0000000081c00000, 0x0000000081d00000, 0x0000000081d00000|100%| O|  |TAMS 0x0000000081d00000, 0x0000000081c00000| Untracked 
|  29|0x0000000081d00000, 0x0000000081e00000, 0x0000000081e00000|100%| O|  |TAMS 0x0000000081e00000, 0x0000000081d00000| Untracked 
|  30|0x0000000081e00000, 0x0000000081f00000, 0x0000000081f00000|100%| O|  |TAMS 0x0000000081f00000, 0x0000000081e00000| Untracked 
|  31|0x0000000081f00000, 0x0000000082000000, 0x0000000082000000|100%| O|  |TAMS 0x0000000082000000, 0x0000000081f00000| Untracked 
|  32|0x0000000082000000, 0x0000000082100000, 0x0000000082100000|100%| O|  |TAMS 0x0000000082100000, 0x0000000082000000| Untracked 
|  33|0x0000000082100000, 0x0000000082200000, 0x0000000082200000|100%| O|  |TAMS 0x000000008213f200, 0x0000000082100000| Untracked 
|  34|0x0000000082200000, 0x0000000082300000, 0x0000000082300000|100%|HS|  |TAMS 0x0000000082200000, 0x0000000082200000| Complete 
|  35|0x0000000082300000, 0x0000000082400000, 0x0000000082400000|100%|HC|  |TAMS 0x0000000082300000, 0x0000000082300000| Complete 
|  36|0x0000000082400000, 0x0000000082500000, 0x0000000082500000|100%|HC|  |TAMS 0x0000000082400000, 0x0000000082400000| Complete 
|  37|0x0000000082500000, 0x0000000082600000, 0x0000000082600000|100%|HC|  |TAMS 0x0000000082500000, 0x0000000082500000| Complete 
|  38|0x0000000082600000, 0x0000000082700000, 0x0000000082700000|100%|HC|  |TAMS 0x0000000082600000, 0x0000000082600000| Complete 
|  39|0x0000000082700000, 0x0000000082800000, 0x0000000082800000|100%|HS|  |TAMS 0x0000000082700000, 0x0000000082700000| Complete 
|  40|0x0000000082800000, 0x0000000082900000, 0x0000000082900000|100%|HC|  |TAMS 0x0000000082800000, 0x0000000082800000| Complete 
|  41|0x0000000082900000, 0x0000000082a00000, 0x0000000082a00000|100%|HC|  |TAMS 0x0000000082900000, 0x0000000082900000| Complete 
|  42|0x0000000082a00000, 0x0000000082b00000, 0x0000000082b00000|100%| O|  |TAMS 0x0000000082a00000, 0x0000000082a00000| Untracked 
|  43|0x0000000082b00000, 0x0000000082c00000, 0x0000000082c00000|100%| O|  |TAMS 0x0000000082b00000, 0x0000000082b00000| Untracked 
|  44|0x0000000082c00000, 0x0000000082d00000, 0x0000000082d00000|100%| O|  |TAMS 0x0000000082c00000, 0x0000000082c00000| Untracked 
|  45|0x0000000082d00000, 0x0000000082e00000, 0x0000000082e00000|100%| O|  |TAMS 0x0000000082d00000, 0x0000000082d00000| Untracked 
|  46|0x0000000082e00000, 0x0000000082f00000, 0x0000000082f00000|100%| O|  |TAMS 0x0000000082e00000, 0x0000000082e00000| Untracked 
|  47|0x0000000082f00000, 0x0000000083000000, 0x0000000083000000|100%|HS|  |TAMS 0x0000000082f00000, 0x0000000082f00000| Complete 
|  48|0x0000000083000000, 0x0000000083100000, 0x0000000083100000|100%| O|  |TAMS 0x0000000083000000, 0x0000000083000000| Untracked 
|  49|0x0000000083100000, 0x0000000083200000, 0x0000000083200000|100%| O|  |TAMS 0x0000000083100000, 0x0000000083100000| Untracked 
|  50|0x0000000083200000, 0x0000000083300000, 0x0000000083300000|100%| O|  |TAMS 0x0000000083200000, 0x0000000083200000| Untracked 
|  51|0x0000000083300000, 0x0000000083399e00, 0x0000000083400000| 60%| O|  |TAMS 0x0000000083300000, 0x0000000083300000| Untracked 
|  52|0x0000000083400000, 0x0000000083500000, 0x0000000083500000|100%|HS|  |TAMS 0x0000000083400000, 0x0000000083400000| Complete 
|  53|0x0000000083500000, 0x0000000083600000, 0x0000000083600000|100%|HS|  |TAMS 0x0000000083500000, 0x0000000083500000| Complete 
|  54|0x0000000083600000, 0x0000000083700000, 0x0000000083700000|100%|HC|  |TAMS 0x0000000083600000, 0x0000000083600000| Complete 
|  55|0x0000000083700000, 0x0000000083700000, 0x0000000083800000|  0%| F|  |TAMS 0x0000000083700000, 0x0000000083700000| Untracked 
|  56|0x0000000083800000, 0x0000000083800000, 0x0000000083900000|  0%| F|  |TAMS 0x0000000083800000, 0x0000000083800000| Untracked 
|  57|0x0000000083900000, 0x0000000083900000, 0x0000000083a00000|  0%| F|  |TAMS 0x0000000083900000, 0x0000000083900000| Untracked 
|  58|0x0000000083a00000, 0x0000000083a00000, 0x0000000083b00000|  0%| F|  |TAMS 0x0000000083a00000, 0x0000000083a00000| Untracked 
|  59|0x0000000083b00000, 0x0000000083b00000, 0x0000000083c00000|  0%| F|  |TAMS 0x0000000083b00000, 0x0000000083b00000| Untracked 
|  60|0x0000000083c00000, 0x0000000083c00000, 0x0000000083d00000|  0%| F|  |TAMS 0x0000000083c00000, 0x0000000083c00000| Untracked 
|  61|0x0000000083d00000, 0x0000000083d00000, 0x0000000083e00000|  0%| F|  |TAMS 0x0000000083d00000, 0x0000000083d00000| Untracked 
|  62|0x0000000083e00000, 0x0000000083e00000, 0x0000000083f00000|  0%| F|  |TAMS 0x0000000083e00000, 0x0000000083e00000| Untracked 
|  63|0x0000000083f00000, 0x0000000083f00000, 0x0000000084000000|  0%| F|  |TAMS 0x0000000083f00000, 0x0000000083f00000| Untracked 
|  64|0x0000000084000000, 0x0000000084000000, 0x0000000084100000|  0%| F|  |TAMS 0x0000000084000000, 0x0000000084000000| Untracked 
|  65|0x0000000084100000, 0x0000000084100000, 0x0000000084200000|  0%| F|  |TAMS 0x0000000084100000, 0x0000000084100000| Untracked 
|  66|0x0000000084200000, 0x0000000084200000, 0x0000000084300000|  0%| F|  |TAMS 0x0000000084200000, 0x0000000084200000| Untracked 
|  67|0x0000000084300000, 0x0000000084300000, 0x0000000084400000|  0%| F|  |TAMS 0x0000000084300000, 0x0000000084300000| Untracked 
|  68|0x0000000084400000, 0x0000000084400000, 0x0000000084500000|  0%| F|  |TAMS 0x0000000084400000, 0x0000000084400000| Untracked 
|  69|0x0000000084500000, 0x0000000084500000, 0x0000000084600000|  0%| F|  |TAMS 0x0000000084500000, 0x0000000084500000| Untracked 
|  70|0x0000000084600000, 0x0000000084600000, 0x0000000084700000|  0%| F|  |TAMS 0x0000000084600000, 0x0000000084600000| Untracked 
|  71|0x0000000084700000, 0x0000000084700000, 0x0000000084800000|  0%| F|  |TAMS 0x0000000084700000, 0x0000000084700000| Untracked 
|  72|0x0000000084800000, 0x0000000084800000, 0x0000000084900000|  0%| F|  |TAMS 0x0000000084800000, 0x0000000084800000| Untracked 
|  73|0x0000000084900000, 0x0000000084900000, 0x0000000084a00000|  0%| F|  |TAMS 0x0000000084900000, 0x0000000084900000| Untracked 
|  74|0x0000000084a00000, 0x0000000084a00000, 0x0000000084b00000|  0%| F|  |TAMS 0x0000000084a00000, 0x0000000084a00000| Untracked 
|  75|0x0000000084b00000, 0x0000000084b00000, 0x0000000084c00000|  0%| F|  |TAMS 0x0000000084b00000, 0x0000000084b00000| Untracked 
|  76|0x0000000084c00000, 0x0000000084c00000, 0x0000000084d00000|  0%| F|  |TAMS 0x0000000084c00000, 0x0000000084c00000| Untracked 
|  77|0x0000000084d00000, 0x0000000084d00000, 0x0000000084e00000|  0%| F|  |TAMS 0x0000000084d00000, 0x0000000084d00000| Untracked 
|  78|0x0000000084e00000, 0x0000000084e00000, 0x0000000084f00000|  0%| F|  |TAMS 0x0000000084e00000, 0x0000000084e00000| Untracked 
|  79|0x0000000084f00000, 0x0000000084f00000, 0x0000000085000000|  0%| F|  |TAMS 0x0000000084f00000, 0x0000000084f00000| Untracked 
|  80|0x0000000085000000, 0x0000000085000000, 0x0000000085100000|  0%| F|  |TAMS 0x0000000085000000, 0x0000000085000000| Untracked 
|  81|0x0000000085100000, 0x0000000085100000, 0x0000000085200000|  0%| F|  |TAMS 0x0000000085100000, 0x0000000085100000| Untracked 
|  82|0x0000000085200000, 0x0000000085200000, 0x0000000085300000|  0%| F|  |TAMS 0x0000000085200000, 0x0000000085200000| Untracked 
|  83|0x0000000085300000, 0x0000000085300000, 0x0000000085400000|  0%| F|  |TAMS 0x0000000085300000, 0x0000000085300000| Untracked 
|  84|0x0000000085400000, 0x0000000085400000, 0x0000000085500000|  0%| F|  |TAMS 0x0000000085400000, 0x0000000085400000| Untracked 
|  85|0x0000000085500000, 0x0000000085500000, 0x0000000085600000|  0%| F|  |TAMS 0x0000000085500000, 0x0000000085500000| Untracked 
|  86|0x0000000085600000, 0x0000000085600000, 0x0000000085700000|  0%| F|  |TAMS 0x0000000085600000, 0x0000000085600000| Untracked 
|  87|0x0000000085700000, 0x0000000085700000, 0x0000000085800000|  0%| F|  |TAMS 0x0000000085700000, 0x0000000085700000| Untracked 
|  88|0x0000000085800000, 0x0000000085800000, 0x0000000085900000|  0%| F|  |TAMS 0x0000000085800000, 0x0000000085800000| Untracked 
|  89|0x0000000085900000, 0x0000000085900000, 0x0000000085a00000|  0%| F|  |TAMS 0x0000000085900000, 0x0000000085900000| Untracked 
|  90|0x0000000085a00000, 0x0000000085a00000, 0x0000000085b00000|  0%| F|  |TAMS 0x0000000085a00000, 0x0000000085a00000| Untracked 
|  91|0x0000000085b00000, 0x0000000085b7bf30, 0x0000000085c00000| 48%| S|CS|TAMS 0x0000000085b00000, 0x0000000085b00000| Complete 
|  92|0x0000000085c00000, 0x0000000085d00000, 0x0000000085d00000|100%| S|CS|TAMS 0x0000000085c00000, 0x0000000085c00000| Complete 
|  93|0x0000000085d00000, 0x0000000085e00000, 0x0000000085e00000|100%| S|CS|TAMS 0x0000000085d00000, 0x0000000085d00000| Complete 
|  94|0x0000000085e00000, 0x0000000085f00000, 0x0000000085f00000|100%| S|CS|TAMS 0x0000000085e00000, 0x0000000085e00000| Complete 
|  95|0x0000000085f00000, 0x0000000086000000, 0x0000000086000000|100%| S|CS|TAMS 0x0000000085f00000, 0x0000000085f00000| Complete 
|  96|0x0000000086000000, 0x0000000086100000, 0x0000000086100000|100%| S|CS|TAMS 0x0000000086000000, 0x0000000086000000| Complete 
|  97|0x0000000086100000, 0x0000000086200000, 0x0000000086200000|100%| S|CS|TAMS 0x0000000086100000, 0x0000000086100000| Complete 
|  98|0x0000000086200000, 0x0000000086200000, 0x0000000086300000|  0%| F|  |TAMS 0x0000000086200000, 0x0000000086200000| Untracked 
|  99|0x0000000086300000, 0x0000000086300000, 0x0000000086400000|  0%| F|  |TAMS 0x0000000086300000, 0x0000000086300000| Untracked 
| 100|0x0000000086400000, 0x0000000086400000, 0x0000000086500000|  0%| F|  |TAMS 0x0000000086400000, 0x0000000086400000| Untracked 
| 101|0x0000000086500000, 0x0000000086500000, 0x0000000086600000|  0%| F|  |TAMS 0x0000000086500000, 0x0000000086500000| Untracked 
| 102|0x0000000086600000, 0x0000000086600000, 0x0000000086700000|  0%| F|  |TAMS 0x0000000086600000, 0x0000000086600000| Untracked 
| 103|0x0000000086700000, 0x0000000086700000, 0x0000000086800000|  0%| F|  |TAMS 0x0000000086700000, 0x0000000086700000| Untracked 
| 104|0x0000000086800000, 0x0000000086800000, 0x0000000086900000|  0%| F|  |TAMS 0x0000000086800000, 0x0000000086800000| Untracked 
| 105|0x0000000086900000, 0x0000000086900000, 0x0000000086a00000|  0%| F|  |TAMS 0x0000000086900000, 0x0000000086900000| Untracked 
| 106|0x0000000086a00000, 0x0000000086a00000, 0x0000000086b00000|  0%| F|  |TAMS 0x0000000086a00000, 0x0000000086a00000| Untracked 
| 107|0x0000000086b00000, 0x0000000086b00000, 0x0000000086c00000|  0%| F|  |TAMS 0x0000000086b00000, 0x0000000086b00000| Untracked 
| 108|0x0000000086c00000, 0x0000000086c00000, 0x0000000086d00000|  0%| F|  |TAMS 0x0000000086c00000, 0x0000000086c00000| Untracked 
| 109|0x0000000086d00000, 0x0000000086d00000, 0x0000000086e00000|  0%| F|  |TAMS 0x0000000086d00000, 0x0000000086d00000| Untracked 
| 110|0x0000000086e00000, 0x0000000086e00000, 0x0000000086f00000|  0%| F|  |TAMS 0x0000000086e00000, 0x0000000086e00000| Untracked 
| 111|0x0000000086f00000, 0x0000000086f00000, 0x0000000087000000|  0%| F|  |TAMS 0x0000000086f00000, 0x0000000086f00000| Untracked 
| 112|0x0000000087000000, 0x0000000087000000, 0x0000000087100000|  0%| F|  |TAMS 0x0000000087000000, 0x0000000087000000| Untracked 
| 113|0x0000000087100000, 0x0000000087100000, 0x0000000087200000|  0%| F|  |TAMS 0x0000000087100000, 0x0000000087100000| Untracked 
| 114|0x0000000087200000, 0x0000000087200000, 0x0000000087300000|  0%| F|  |TAMS 0x0000000087200000, 0x0000000087200000| Untracked 
| 115|0x0000000087300000, 0x0000000087380800, 0x0000000087400000| 50%| E|  |TAMS 0x0000000087300000, 0x0000000087300000| Complete 
| 116|0x0000000087400000, 0x0000000087500000, 0x0000000087500000|100%| E|CS|TAMS 0x0000000087400000, 0x0000000087400000| Complete 
| 117|0x0000000087500000, 0x0000000087600000, 0x0000000087600000|100%| E|CS|TAMS 0x0000000087500000, 0x0000000087500000| Complete 
| 118|0x0000000087600000, 0x0000000087700000, 0x0000000087700000|100%| E|CS|TAMS 0x0000000087600000, 0x0000000087600000| Complete 
| 119|0x0000000087700000, 0x0000000087800000, 0x0000000087800000|100%| E|CS|TAMS 0x0000000087700000, 0x0000000087700000| Complete 
| 120|0x0000000087800000, 0x0000000087900000, 0x0000000087900000|100%| E|CS|TAMS 0x0000000087800000, 0x0000000087800000| Complete 
| 121|0x0000000087900000, 0x0000000087a00000, 0x0000000087a00000|100%| E|CS|TAMS 0x0000000087900000, 0x0000000087900000| Complete 
| 122|0x0000000087a00000, 0x0000000087b00000, 0x0000000087b00000|100%| E|CS|TAMS 0x0000000087a00000, 0x0000000087a00000| Complete 
| 123|0x0000000087b00000, 0x0000000087c00000, 0x0000000087c00000|100%| E|CS|TAMS 0x0000000087b00000, 0x0000000087b00000| Complete 
| 124|0x0000000087c00000, 0x0000000087d00000, 0x0000000087d00000|100%| E|CS|TAMS 0x0000000087c00000, 0x0000000087c00000| Complete 
| 125|0x0000000087d00000, 0x0000000087e00000, 0x0000000087e00000|100%| E|  |TAMS 0x0000000087d00000, 0x0000000087d00000| Complete 
| 126|0x0000000087e00000, 0x0000000087f00000, 0x0000000087f00000|100%| E|CS|TAMS 0x0000000087e00000, 0x0000000087e00000| Complete 
| 127|0x0000000087f00000, 0x0000000088000000, 0x0000000088000000|100%| E|CS|TAMS 0x0000000087f00000, 0x0000000087f00000| Complete 
| 128|0x0000000088000000, 0x0000000088100000, 0x0000000088100000|100%| E|CS|TAMS 0x0000000088000000, 0x0000000088000000| Complete 
| 129|0x0000000088100000, 0x0000000088200000, 0x0000000088200000|100%| E|CS|TAMS 0x0000000088100000, 0x0000000088100000| Complete 
| 130|0x0000000088200000, 0x0000000088300000, 0x0000000088300000|100%| E|CS|TAMS 0x0000000088200000, 0x0000000088200000| Complete 
| 131|0x0000000088300000, 0x0000000088400000, 0x0000000088400000|100%| E|CS|TAMS 0x0000000088300000, 0x0000000088300000| Complete 
| 132|0x0000000088400000, 0x0000000088500000, 0x0000000088500000|100%| E|CS|TAMS 0x0000000088400000, 0x0000000088400000| Complete 
| 133|0x0000000088500000, 0x0000000088600000, 0x0000000088600000|100%| E|CS|TAMS 0x0000000088500000, 0x0000000088500000| Complete 
| 134|0x0000000088600000, 0x0000000088700000, 0x0000000088700000|100%| E|CS|TAMS 0x0000000088600000, 0x0000000088600000| Complete 
| 135|0x0000000088700000, 0x0000000088800000, 0x0000000088800000|100%| E|CS|TAMS 0x0000000088700000, 0x0000000088700000| Complete 
| 136|0x0000000088800000, 0x0000000088900000, 0x0000000088900000|100%| E|CS|TAMS 0x0000000088800000, 0x0000000088800000| Complete 
| 137|0x0000000088900000, 0x0000000088a00000, 0x0000000088a00000|100%| E|CS|TAMS 0x0000000088900000, 0x0000000088900000| Complete 
| 138|0x0000000088a00000, 0x0000000088b00000, 0x0000000088b00000|100%| E|CS|TAMS 0x0000000088a00000, 0x0000000088a00000| Complete 
| 139|0x0000000088b00000, 0x0000000088c00000, 0x0000000088c00000|100%| E|CS|TAMS 0x0000000088b00000, 0x0000000088b00000| Complete 
| 140|0x0000000088c00000, 0x0000000088d00000, 0x0000000088d00000|100%| E|CS|TAMS 0x0000000088c00000, 0x0000000088c00000| Complete 
| 141|0x0000000088d00000, 0x0000000088e00000, 0x0000000088e00000|100%| E|CS|TAMS 0x0000000088d00000, 0x0000000088d00000| Complete 
| 142|0x0000000088e00000, 0x0000000088f00000, 0x0000000088f00000|100%| E|CS|TAMS 0x0000000088e00000, 0x0000000088e00000| Complete 
| 143|0x0000000088f00000, 0x0000000089000000, 0x0000000089000000|100%| E|CS|TAMS 0x0000000088f00000, 0x0000000088f00000| Complete 
| 144|0x0000000089000000, 0x0000000089100000, 0x0000000089100000|100%| E|CS|TAMS 0x0000000089000000, 0x0000000089000000| Complete 
| 145|0x0000000089100000, 0x0000000089200000, 0x0000000089200000|100%| E|CS|TAMS 0x0000000089100000, 0x0000000089100000| Complete 
| 146|0x0000000089200000, 0x0000000089300000, 0x0000000089300000|100%| E|CS|TAMS 0x0000000089200000, 0x0000000089200000| Complete 
| 147|0x0000000089300000, 0x0000000089400000, 0x0000000089400000|100%| E|CS|TAMS 0x0000000089300000, 0x0000000089300000| Complete 
| 148|0x0000000089400000, 0x0000000089500000, 0x0000000089500000|100%| E|CS|TAMS 0x0000000089400000, 0x0000000089400000| Complete 
| 149|0x0000000089500000, 0x0000000089600000, 0x0000000089600000|100%| E|CS|TAMS 0x0000000089500000, 0x0000000089500000| Complete 
| 150|0x0000000089600000, 0x0000000089700000, 0x0000000089700000|100%| E|CS|TAMS 0x0000000089600000, 0x0000000089600000| Complete 
| 151|0x0000000089700000, 0x0000000089800000, 0x0000000089800000|100%| E|CS|TAMS 0x0000000089700000, 0x0000000089700000| Complete 

Card table byte_map: [0x000001888f510000,0x000001888f910000] _byte_map_base: 0x000001888f110000

Marking Bits (Prev, Next): (CMBitMap*) 0x00000188fa340010, (CMBitMap*) 0x00000188fa33ffd8
 Prev Bits: [0x0000018891d10000, 0x0000018893d10000)
 Next Bits: [0x000001888fd10000, 0x0000018891d10000)

Polling page: 0x00000188fa180000

Metaspace:

Usage:
  Non-class:     43.36 MB capacity,    42.31 MB ( 98%) used,   937.20 KB (  2%) free+waste,   134.00 KB ( <1%) overhead. 
      Class:      6.71 MB capacity,     6.21 MB ( 93%) used,   449.09 KB (  7%) free+waste,    64.25 KB ( <1%) overhead. 
       Both:     50.07 MB capacity,    48.52 MB ( 97%) used,     1.35 MB (  3%) free+waste,   198.25 KB ( <1%) overhead. 

Virtual space:
  Non-class space:       44.00 MB reserved,      43.50 MB ( 99%) committed 
      Class space:        1.00 GB reserved,       6.75 MB ( <1%) committed 
             Both:        1.04 GB reserved,      50.25 MB (  5%) committed 

Chunk freelists:
   Non-Class:  17.00 KB
       Class:  8.00 KB
        Both:  25.00 KB

MaxMetaspaceSize: 17179869184.00 GB
CompressedClassSpaceSize: 1.00 GB

CodeHeap 'non-profiled nmethods': size=120000Kb used=3010Kb max_used=3010Kb free=116989Kb
 bounds [0x0000018887ad0000, 0x0000018887dd0000, 0x000001888f000000]
CodeHeap 'profiled nmethods': size=120000Kb used=11430Kb max_used=11430Kb free=108569Kb
 bounds [0x00000188805a0000, 0x00000188810d0000, 0x0000018887ad0000]
CodeHeap 'non-nmethods': size=5760Kb used=2223Kb max_used=2269Kb free=3537Kb
 bounds [0x0000018880000000, 0x0000018880270000, 0x00000188805a0000]
 total_blobs=6281 nmethods=5485 adapters=707
 compilation: enabled
              stopped_count=0, restarted_count=0
 full_count=0

Compilation events (20 events):
Event: 9.968 Thread 0x0000018897000000 nmethod 5450 0x00000188810a7b90 code [0x00000188810a7ea0, 0x00000188810a8ca8]
Event: 9.968 Thread 0x0000018897000000 5451       3       jdk.internal.loader.URLClassPath$JarLoader::isOptimizable (10 bytes)
Event: 9.968 Thread 0x0000018897000000 nmethod 5451 0x00000188810a9190 code [0x00000188810a9340, 0x00000188810a9488]
Event: 9.968 Thread 0x0000018897000000 5453       3       java.util.jar.Manifest::read (340 bytes)
Event: 9.970 Thread 0x0000018897000000 nmethod 5453 0x00000188810a9590 code [0x00000188810a9980, 0x00000188810ab5b8]
Event: 9.970 Thread 0x0000018897000000 5452       3       java.util.jar.Attributes::<init> (17 bytes)
Event: 9.970 Thread 0x0000018897000000 nmethod 5452 0x00000188810ac110 code [0x00000188810ac300, 0x00000188810ac648]
Event: 9.972 Thread 0x0000018897000000 5454       3       java.util.jar.JarFile::getEntry (22 bytes)
Event: 9.973 Thread 0x0000018897000000 nmethod 5454 0x00000188810ac790 code [0x00000188810ac9c0, 0x00000188810ad0e8]
Event: 9.973 Thread 0x0000018897000000 5455   !   3       java.util.jar.JarFile::getBytes (137 bytes)
Event: 9.974 Thread 0x0000018897000000 nmethod 5455 0x00000188810ad390 code [0x00000188810ad6c0, 0x00000188810ae768]
Event: 9.979 Thread 0x0000018897000000 5456   !   3       java.util.jar.JarFile::checkForSpecialAttributes (163 bytes)
Event: 9.980 Thread 0x0000018897000000 nmethod 5456 0x00000188810aef90 code [0x00000188810af2c0, 0x00000188810b0558]
Event: 9.984 Thread 0x0000018896ffe000 5457 %     4       java.util.jar.JarFile::match @ 14 (132 bytes)
Event: 9.990 Thread 0x0000018896ffe000 nmethod 5457% 0x0000018887db9210 code [0x0000018887db93c0, 0x0000018887db9798]
Event: 9.996 Thread 0x00000188976ad800 nmethod 5440 0x0000018887db9a90 code [0x0000018887db9d60, 0x0000018887dbbd80]
Event: 10.011 Thread 0x0000018896ffe000 5458       4       java.util.jar.JarFile::match (132 bytes)
Event: 10.017 Thread 0x0000018896ffe000 nmethod 5458 0x0000018887dbcf90 code [0x0000018887dbd140, 0x0000018887dbd458]
Event: 10.021 Thread 0x00000188976ad800 5459 %     4       java.util.zip.ZipFile$Source::initCEN @ 223 (658 bytes)
Event: 10.045 Thread 0x0000018896ffe000 5460       4       java.lang.String::<init> (55 bytes)

GC Heap History (20 events):
Event: 1.303 GC heap before
{Heap before GC invocations=1 (full 0):
 garbage-first heap   total 129024K, used 31840K [0x0000000080000000, 0x0000000100000000)
  region size 1024K, 25 young (25600K), 3 survivors (3072K)
 Metaspace       used 10746K, capacity 11011K, committed 11264K, reserved 1058816K
  class space    used 1125K, capacity 1206K, committed 1280K, reserved 1048576K
}
Event: 1.307 GC heap after
{Heap after GC invocations=2 (full 0):
 garbage-first heap   total 129024K, used 10216K [0x0000000080000000, 0x0000000100000000)
  region size 1024K, 1 young (1024K), 1 survivors (1024K)
 Metaspace       used 10746K, capacity 11011K, committed 11264K, reserved 1058816K
  class space    used 1125K, capacity 1206K, committed 1280K, reserved 1048576K
}
Event: 5.048 GC heap before
{Heap before GC invocations=2 (full 0):
 garbage-first heap   total 129024K, used 63464K [0x0000000080000000, 0x0000000100000000)
  region size 1024K, 53 young (54272K), 1 survivors (1024K)
 Metaspace       used 17862K, capacity 18297K, committed 18432K, reserved 1064960K
  class space    used 2111K, capacity 2265K, committed 2304K, reserved 1048576K
}
Event: 5.065 GC heap after
{Heap after GC invocations=3 (full 0):
 garbage-first heap   total 129024K, used 16753K [0x0000000080000000, 0x0000000100000000)
  region size 1024K, 7 young (7168K), 7 survivors (7168K)
 Metaspace       used 17862K, capacity 18297K, committed 18432K, reserved 1064960K
  class space    used 2111K, capacity 2265K, committed 2304K, reserved 1048576K
}
Event: 5.468 GC heap before
{Heap before GC invocations=3 (full 0):
 garbage-first heap   total 129024K, used 40305K [0x0000000080000000, 0x0000000100000000)
  region size 1024K, 31 young (31744K), 7 survivors (7168K)
 Metaspace       used 20656K, capacity 21086K, committed 21248K, reserved 1067008K
  class space    used 2530K, capacity 2705K, committed 2816K, reserved 1048576K
}
Event: 5.476 GC heap after
{Heap after GC invocations=4 (full 0):
 garbage-first heap   total 129024K, used 17688K [0x0000000080000000, 0x0000000100000000)
  region size 1024K, 1 young (1024K), 1 survivors (1024K)
 Metaspace       used 20656K, capacity 21086K, committed 21248K, reserved 1067008K
  class space    used 2530K, capacity 2705K, committed 2816K, reserved 1048576K
}
Event: 6.016 GC heap before
{Heap before GC invocations=5 (full 0):
 garbage-first heap   total 129024K, used 67864K [0x0000000080000000, 0x0000000100000000)
  region size 1024K, 50 young (51200K), 1 survivors (1024K)
 Metaspace       used 25863K, capacity 26506K, committed 26752K, reserved 1073152K
  class space    used 3381K, capacity 3604K, committed 3712K, reserved 1048576K
}
Event: 6.020 GC heap after
{Heap after GC invocations=6 (full 0):
 garbage-first heap   total 129024K, used 19523K [0x0000000080000000, 0x0000000100000000)
  region size 1024K, 3 young (3072K), 3 survivors (3072K)
 Metaspace       used 25863K, capacity 26506K, committed 26752K, reserved 1073152K
  class space    used 3381K, capacity 3604K, committed 3712K, reserved 1048576K
}
Event: 6.741 GC heap before
{Heap before GC invocations=6 (full 0):
 garbage-first heap   total 129024K, used 84035K [0x0000000080000000, 0x0000000100000000)
  region size 1024K, 56 young (57344K), 3 survivors (3072K)
 Metaspace       used 30514K, capacity 31351K, committed 31616K, reserved 1077248K
  class space    used 4133K, capacity 4451K, committed 4480K, reserved 1048576K
}
Event: 6.746 GC heap after
{Heap after GC invocations=7 (full 0):
 garbage-first heap   total 129024K, used 34250K [0x0000000080000000, 0x0000000100000000)
  region size 1024K, 7 young (7168K), 7 survivors (7168K)
 Metaspace       used 30514K, capacity 31351K, committed 31616K, reserved 1077248K
  class space    used 4133K, capacity 4451K, committed 4480K, reserved 1048576K
}
Event: 7.150 GC heap before
{Heap before GC invocations=7 (full 0):
 garbage-first heap   total 129024K, used 49610K [0x0000000080000000, 0x0000000100000000)
  region size 1024K, 24 young (24576K), 7 survivors (7168K)
 Metaspace       used 34864K, capacity 35740K, committed 35840K, reserved 1081344K
  class space    used 4565K, capacity 4934K, committed 4992K, reserved 1048576K
}
Event: 7.164 GC heap after
{Heap after GC invocations=8 (full 0):
 garbage-first heap   total 129024K, used 36689K [0x0000000080000000, 0x0000000100000000)
  region size 1024K, 3 young (3072K), 3 survivors (3072K)
 Metaspace       used 34864K, capacity 35740K, committed 35840K, reserved 1081344K
  class space    used 4565K, capacity 4934K, committed 4992K, reserved 1048576K
}
Event: 7.726 GC heap before
{Heap before GC invocations=9 (full 0):
 garbage-first heap   total 129024K, used 79697K [0x0000000080000000, 0x0000000100000000)
  region size 1024K, 43 young (44032K), 3 survivors (3072K)
 Metaspace       used 39366K, capacity 40401K, committed 40576K, reserved 1085440K
  class space    used 5020K, capacity 5397K, committed 5504K, reserved 1048576K
}
Event: 7.738 GC heap after
{Heap after GC invocations=10 (full 0):
 garbage-first heap   total 129024K, used 40052K [0x0000000080000000, 0x0000000100000000)
  region size 1024K, 6 young (6144K), 6 survivors (6144K)
 Metaspace       used 39366K, capacity 40401K, committed 40576K, reserved 1085440K
  class space    used 5020K, capacity 5397K, committed 5504K, reserved 1048576K
}
Event: 8.361 GC heap before
{Heap before GC invocations=11 (full 0):
 garbage-first heap   total 129024K, used 89204K [0x0000000080000000, 0x0000000100000000)
  region size 1024K, 47 young (48128K), 6 survivors (6144K)
 Metaspace       used 42401K, capacity 43558K, committed 43904K, reserved 1087488K
  class space    used 5466K, capacity 5889K, committed 6016K, reserved 1048576K
}
Event: 8.369 GC heap after
{Heap after GC invocations=12 (full 0):
 garbage-first heap   total 155648K, used 52173K [0x0000000080000000, 0x0000000100000000)
  region size 1024K, 5 young (5120K), 5 survivors (5120K)
 Metaspace       used 42401K, capacity 43558K, committed 43904K, reserved 1087488K
  class space    used 5466K, capacity 5889K, committed 6016K, reserved 1048576K
}
Event: 9.003 GC heap before
{Heap before GC invocations=12 (full 0):
 garbage-first heap   total 155648K, used 101325K [0x0000000080000000, 0x0000000100000000)
  region size 1024K, 53 young (54272K), 5 survivors (5120K)
 Metaspace       used 46227K, capacity 47442K, committed 47616K, reserved 1091584K
  class space    used 5878K, capacity 6327K, committed 6400K, reserved 1048576K
}
Event: 9.009 GC heap after
{Heap after GC invocations=13 (full 0):
 garbage-first heap   total 155648K, used 55620K [0x0000000080000000, 0x0000000100000000)
  region size 1024K, 4 young (4096K), 4 survivors (4096K)
 Metaspace       used 46227K, capacity 47442K, committed 47616K, reserved 1091584K
  class space    used 5878K, capacity 6327K, committed 6400K, reserved 1048576K
}
Event: 9.605 GC heap before
{Heap before GC invocations=13 (full 0):
 garbage-first heap   total 155648K, used 106820K [0x0000000080000000, 0x0000000100000000)
  region size 1024K, 54 young (55296K), 4 survivors (4096K)
 Metaspace       used 49061K, capacity 50466K, committed 50560K, reserved 1093632K
  class space    used 6299K, capacity 6782K, committed 6784K, reserved 1048576K
}
Event: 9.611 GC heap after
{Heap after GC invocations=14 (full 0):
 garbage-first heap   total 155648K, used 58455K [0x0000000080000000, 0x0000000100000000)
  region size 1024K, 7 young (7168K), 7 survivors (7168K)
 Metaspace       used 49061K, capacity 50466K, committed 50560K, reserved 1093632K
  class space    used 6299K, capacity 6782K, committed 6784K, reserved 1048576K
}

Deoptimization events (20 events):
Event: 9.735 Thread 0x0000018897c72800 DEOPT PACKING pc=0x0000018887d51184 sp=0x000000092dff7f60
Event: 9.735 Thread 0x0000018897c72800 DEOPT UNPACKING pc=0x00000188800278af sp=0x000000092dff7e28 mode 2
Event: 9.735 Thread 0x0000018897c72800 Uncommon trap: trap_request=0xffffff4d fr.pc=0x0000018887cd991c relative=0x000000000000025c
Event: 9.735 Thread 0x0000018897c72800 Uncommon trap: reason=unstable_if action=reinterpret pc=0x0000018887cd991c method=org.gradle.internal.snapshot.PathUtil.equalChars(CCLorg/gradle/internal/snapshot/CaseSensitivity;)Z @ 40 c2
Event: 9.735 Thread 0x0000018897c72800 DEOPT PACKING pc=0x0000018887cd991c sp=0x000000092dff8d60
Event: 9.735 Thread 0x0000018897c72800 DEOPT UNPACKING pc=0x00000188800278af sp=0x000000092dff8cf0 mode 2
Event: 9.810 Thread 0x0000018899728000 DEOPT PACKING pc=0x00000188808b00fa sp=0x000000092e8fe300
Event: 9.810 Thread 0x0000018899728000 DEOPT UNPACKING pc=0x00000188800276ce sp=0x000000092e8fd738 mode 0
Event: 9.900 Thread 0x0000018897c72800 DEOPT PACKING pc=0x0000018880ee05f1 sp=0x000000092dff9800
Event: 9.900 Thread 0x0000018897c72800 DEOPT UNPACKING pc=0x00000188800276ce sp=0x000000092dff8cf8 mode 0
Event: 9.944 Thread 0x0000018897c72800 Uncommon trap: trap_request=0xffffff4d fr.pc=0x0000018887b322ec relative=0x000000000000154c
Event: 9.944 Thread 0x0000018897c72800 Uncommon trap: reason=unstable_if action=reinterpret pc=0x0000018887b322ec method=java.util.jar.JarFile.checkForSpecialAttributes()V @ 53 c2
Event: 9.944 Thread 0x0000018897c72800 DEOPT PACKING pc=0x0000018887b322ec sp=0x000000092dfed630
Event: 9.944 Thread 0x0000018897c72800 DEOPT UNPACKING pc=0x00000188800278af sp=0x000000092dfed528 mode 2
Event: 9.968 Thread 0x0000018897c72800 Uncommon trap: trap_request=0xffffff4d fr.pc=0x0000018887b2f8d8 relative=0x00000000000012d8
Event: 9.968 Thread 0x0000018897c72800 Uncommon trap: reason=unstable_if action=reinterpret pc=0x0000018887b2f8d8 method=java.util.jar.JarFile.checkForSpecialAttributes()V @ 53 c2
Event: 9.968 Thread 0x0000018897c72800 DEOPT PACKING pc=0x0000018887b2f8d8 sp=0x000000092dfed590
Event: 9.968 Thread 0x0000018897c72800 DEOPT UNPACKING pc=0x00000188800278af sp=0x000000092dfed550 mode 2
Event: 10.011 Thread 0x0000018897c72800 DEOPT PACKING pc=0x0000018880662d2e sp=0x000000092dfed4a0
Event: 10.011 Thread 0x0000018897c72800 DEOPT UNPACKING pc=0x00000188800276ce sp=0x000000092dfec910 mode 0

Classes redefined (0 events):
No events

Internal exceptions (20 events):
Event: 9.947 Thread 0x0000018897c72800 Exception <a 'java/security/PrivilegedActionException'{0x0000000087f5bef0}> (0x0000000087f5bef0) thrown at [./src/hotspot/share/prims/jvm.cpp, line 1306]
Event: 9.947 Thread 0x0000018897c72800 Exception <a 'java/security/PrivilegedActionException'{0x0000000087f5d700}> (0x0000000087f5d700) thrown at [./src/hotspot/share/prims/jvm.cpp, line 1306]
Event: 9.948 Thread 0x0000018897c72800 Exception <a 'java/security/PrivilegedActionException'{0x0000000087f60e28}> (0x0000000087f60e28) thrown at [./src/hotspot/share/prims/jvm.cpp, line 1306]
Event: 9.948 Thread 0x0000018897c72800 Exception <a 'java/security/PrivilegedActionException'{0x0000000087f62638}> (0x0000000087f62638) thrown at [./src/hotspot/share/prims/jvm.cpp, line 1306]
Event: 9.948 Thread 0x0000018897c72800 Exception <a 'java/security/PrivilegedActionException'{0x0000000087f65db0}> (0x0000000087f65db0) thrown at [./src/hotspot/share/prims/jvm.cpp, line 1306]
Event: 9.948 Thread 0x0000018897c72800 Exception <a 'java/security/PrivilegedActionException'{0x0000000087f675c0}> (0x0000000087f675c0) thrown at [./src/hotspot/share/prims/jvm.cpp, line 1306]
Event: 9.948 Thread 0x0000018897c72800 Exception <a 'java/security/PrivilegedActionException'{0x0000000087f6ac90}> (0x0000000087f6ac90) thrown at [./src/hotspot/share/prims/jvm.cpp, line 1306]
Event: 9.948 Thread 0x0000018897c72800 Exception <a 'java/security/PrivilegedActionException'{0x0000000087f6c4a0}> (0x0000000087f6c4a0) thrown at [./src/hotspot/share/prims/jvm.cpp, line 1306]
Event: 9.969 Thread 0x0000018897c72800 Exception <a 'java/security/PrivilegedActionException'{0x0000000087e311d8}> (0x0000000087e311d8) thrown at [./src/hotspot/share/prims/jvm.cpp, line 1306]
Event: 9.969 Thread 0x0000018897c72800 Exception <a 'java/security/PrivilegedActionException'{0x0000000087e329e8}> (0x0000000087e329e8) thrown at [./src/hotspot/share/prims/jvm.cpp, line 1306]
Event: 9.969 Thread 0x0000018897c72800 Exception <a 'java/security/PrivilegedActionException'{0x0000000087e360b8}> (0x0000000087e360b8) thrown at [./src/hotspot/share/prims/jvm.cpp, line 1306]
Event: 9.969 Thread 0x0000018897c72800 Exception <a 'java/security/PrivilegedActionException'{0x0000000087e378c8}> (0x0000000087e378c8) thrown at [./src/hotspot/share/prims/jvm.cpp, line 1306]
Event: 9.969 Thread 0x0000018897c72800 Exception <a 'java/security/PrivilegedActionException'{0x0000000087e3b078}> (0x0000000087e3b078) thrown at [./src/hotspot/share/prims/jvm.cpp, line 1306]
Event: 9.969 Thread 0x0000018897c72800 Exception <a 'java/security/PrivilegedActionException'{0x0000000087e3c888}> (0x0000000087e3c888) thrown at [./src/hotspot/share/prims/jvm.cpp, line 1306]
Event: 9.969 Thread 0x0000018897c72800 Exception <a 'java/security/PrivilegedActionException'{0x0000000087e3ff90}> (0x0000000087e3ff90) thrown at [./src/hotspot/share/prims/jvm.cpp, line 1306]
Event: 9.969 Thread 0x0000018897c72800 Exception <a 'java/security/PrivilegedActionException'{0x0000000087e417a0}> (0x0000000087e417a0) thrown at [./src/hotspot/share/prims/jvm.cpp, line 1306]
Event: 9.970 Thread 0x0000018897c72800 Exception <a 'java/security/PrivilegedActionException'{0x0000000087e44ec8}> (0x0000000087e44ec8) thrown at [./src/hotspot/share/prims/jvm.cpp, line 1306]
Event: 9.970 Thread 0x0000018897c72800 Exception <a 'java/security/PrivilegedActionException'{0x0000000087e466d8}> (0x0000000087e466d8) thrown at [./src/hotspot/share/prims/jvm.cpp, line 1306]
Event: 9.970 Thread 0x0000018897c72800 Exception <a 'java/security/PrivilegedActionException'{0x0000000087e49e88}> (0x0000000087e49e88) thrown at [./src/hotspot/share/prims/jvm.cpp, line 1306]
Event: 9.970 Thread 0x0000018897c72800 Exception <a 'java/security/PrivilegedActionException'{0x0000000087e4b698}> (0x0000000087e4b698) thrown at [./src/hotspot/share/prims/jvm.cpp, line 1306]

Events (20 events):
Event: 9.919 loading class build_ezm01l3pze83o4plhh09fzwnqBeanInfo
Event: 9.919 loading class build_ezm01l3pze83o4plhh09fzwnqBeanInfo done
Event: 9.920 loading class build_ezm01l3pze83o4plhh09fzwnqBeanInfo
Event: 9.920 loading class build_ezm01l3pze83o4plhh09fzwnqBeanInfo done
Event: 9.920 loading class build_ezm01l3pze83o4plhh09fzwnqCustomizer
Event: 9.920 loading class build_ezm01l3pze83o4plhh09fzwnqCustomizer done
Event: 9.920 loading class build_ezm01l3pze83o4plhh09fzwnqCustomizer
Event: 9.920 loading class build_ezm01l3pze83o4plhh09fzwnqCustomizer done
Event: 9.923 loading class groovy/runtime/metaclass/build_ezm01l3pze83o4plhh09fzwnq$_run_closure1MetaClass
Event: 9.923 loading class groovy/runtime/metaclass/build_ezm01l3pze83o4plhh09fzwnq$_run_closure1MetaClass done
Event: 9.925 Executing VM operation: ICBufferFull
Event: 9.925 Executing VM operation: ICBufferFull done
Event: 9.925 loading class groovy/runtime/metaclass/build_ezm01l3pze83o4plhh09fzwnq$_run_closure1$_closure3MetaClass
Event: 9.925 loading class groovy/runtime/metaclass/build_ezm01l3pze83o4plhh09fzwnq$_run_closure1$_closure3MetaClass done
Event: 9.927 loading class groovy/runtime/metaclass/java/util/PropertiesMetaClass
Event: 9.927 loading class groovy/runtime/metaclass/java/util/PropertiesMetaClass done
Event: 9.928 loading class java/util/InvalidPropertiesFormatException
Event: 9.928 loading class java/util/InvalidPropertiesFormatException done
Event: 9.930 loading class java/util/PropertiesBeanInfo
Event: 9.930 loading class java/util/PropertiesBeanInfo done


Dynamic libraries:
0x00007ff7ca320000 - 0x00007ff7ca32a000 	C:\Program Files\Android\Android Studio\jre\bin\java.exe
0x00007ffc25be0000 - 0x00007ffc25dd0000 	C:\Windows\SYSTEM32\ntdll.dll
0x00007ffc24a60000 - 0x00007ffc24b12000 	C:\Windows\System32\KERNEL32.DLL
0x00007ffc23910000 - 0x00007ffc23bb5000 	C:\Windows\System32\KERNELBASE.dll
0x00007ffc23780000 - 0x00007ffc2387a000 	C:\Windows\System32\ucrtbase.dll
0x00007ffc1eb30000 - 0x00007ffc1eb49000 	C:\Program Files\Android\Android Studio\jre\bin\jli.dll
0x00007ffc1e480000 - 0x00007ffc1e497000 	C:\Program Files\Android\Android Studio\jre\bin\VCRUNTIME140.dll
0x00007ffc23ea0000 - 0x00007ffc24034000 	C:\Windows\System32\USER32.dll
0x00007ffc23560000 - 0x00007ffc23581000 	C:\Windows\System32\win32u.dll
0x00007ffc24b20000 - 0x00007ffc24b46000 	C:\Windows\System32\GDI32.dll
0x00007ffc23590000 - 0x00007ffc23728000 	C:\Windows\System32\gdi32full.dll
0x00007ffc22ce0000 - 0x00007ffc22d7e000 	C:\Windows\System32\msvcp_win.dll
0x00007ffc11920000 - 0x00007ffc11ba4000 	C:\Windows\WinSxS\amd64_microsoft.windows.common-controls_6595b64144ccf1df_6.0.18362.1556_none_9e7e372fe45e41d5\COMCTL32.dll
0x00007ffc249c0000 - 0x00007ffc24a5e000 	C:\Windows\System32\msvcrt.dll
0x00007ffc24de0000 - 0x00007ffc25116000 	C:\Windows\System32\combase.dll
0x00007ffc24040000 - 0x00007ffc2415f000 	C:\Windows\System32\RPCRT4.dll
0x00007ffc23880000 - 0x00007ffc23901000 	C:\Windows\System32\bcryptPrimitives.dll
0x00007ffc23dc0000 - 0x00007ffc23dee000 	C:\Windows\System32\IMM32.DLL
0x00007ffbfcd20000 - 0x00007ffbfcdbd000 	C:\Program Files\Android\Android Studio\jre\bin\msvcp140.dll
0x00007ffbb9310000 - 0x00007ffbb9ddf000 	C:\Program Files\Android\Android Studio\jre\bin\server\jvm.dll
0x00007ffc23c90000 - 0x00007ffc23d33000 	C:\Windows\System32\ADVAPI32.dll
0x00007ffc25880000 - 0x00007ffc25917000 	C:\Windows\System32\sechost.dll
0x00007ffc249b0000 - 0x00007ffc249b8000 	C:\Windows\System32\PSAPI.DLL
0x00007ffc1d7d0000 - 0x00007ffc1d7d9000 	C:\Windows\SYSTEM32\WSOCK32.dll
0x00007ffc24cf0000 - 0x00007ffc24d5f000 	C:\Windows\System32\WS2_32.dll
0x00007ffc1ee60000 - 0x00007ffc1ee84000 	C:\Windows\SYSTEM32\WINMM.dll
0x00007ffc183d0000 - 0x00007ffc183da000 	C:\Windows\SYSTEM32\VERSION.dll
0x00007ffc1ee30000 - 0x00007ffc1ee5d000 	C:\Windows\SYSTEM32\winmmbase.dll
0x00007ffc23730000 - 0x00007ffc2377a000 	C:\Windows\System32\cfgmgr32.dll
0x00007ffc22ac0000 - 0x00007ffc22ad1000 	C:\Windows\System32\kernel.appcore.dll
0x00007ffc0f6b0000 - 0x00007ffc0f6c1000 	C:\Program Files\Android\Android Studio\jre\bin\verify.dll
0x00007ffc0d930000 - 0x00007ffc0db24000 	C:\Windows\SYSTEM32\DBGHELP.DLL
0x00007ffbf5990000 - 0x00007ffbf59ba000 	C:\Windows\SYSTEM32\dbgcore.DLL
0x00007ffbed660000 - 0x00007ffbed689000 	C:\Program Files\Android\Android Studio\jre\bin\java.dll
0x00007ffc1d7c0000 - 0x00007ffc1d7cb000 	C:\Program Files\Android\Android Studio\jre\bin\jimage.dll
0x00007ffbf3670000 - 0x00007ffbf3688000 	C:\Program Files\Android\Android Studio\jre\bin\zip.dll
0x00007ffc24160000 - 0x00007ffc24847000 	C:\Windows\System32\SHELL32.dll
0x00007ffc24b70000 - 0x00007ffc24c18000 	C:\Windows\System32\shcore.dll
0x00007ffc22de0000 - 0x00007ffc2355b000 	C:\Windows\System32\windows.storage.dll
0x00007ffc22aa0000 - 0x00007ffc22abe000 	C:\Windows\System32\profapi.dll
0x00007ffc22ae0000 - 0x00007ffc22b2a000 	C:\Windows\System32\powrprof.dll
0x00007ffc22a90000 - 0x00007ffc22aa0000 	C:\Windows\System32\UMPDC.dll
0x00007ffc25820000 - 0x00007ffc25872000 	C:\Windows\System32\shlwapi.dll
0x00007ffc23bc0000 - 0x00007ffc23bd7000 	C:\Windows\System32\cryptsp.dll
0x00007ffbed640000 - 0x00007ffbed65a000 	C:\Program Files\Android\Android Studio\jre\bin\net.dll
0x00007ffc17400000 - 0x00007ffc174fa000 	C:\Windows\SYSTEM32\WINHTTP.dll
0x00007ffc222d0000 - 0x00007ffc22337000 	C:\Windows\system32\mswsock.dll
0x00007ffbed580000 - 0x00007ffbed594000 	C:\Program Files\Android\Android Studio\jre\bin\nio.dll
0x00007ffc1b700000 - 0x00007ffc1b727000 	C:\Users\OmarTaha\.gradle\native\8bec1ad78214c89d9ad589b4d07fe93259594b29d510b10fafb7a158f7737e5d\windows-amd64\native-platform.dll
0x00007ffbe4710000 - 0x00007ffbe484d000 	C:\Users\OmarTaha\.gradle\native\53dbd7edfb1c66fb8903c78663c9afc45aea4f116125fa6feffd364cf09443e8\windows-amd64\native-platform-file-events.dll
0x00007ffc176d0000 - 0x00007ffc176da000 	C:\Program Files\Android\Android Studio\jre\bin\management.dll
0x00007ffc164f0000 - 0x00007ffc164fc000 	C:\Program Files\Android\Android Studio\jre\bin\management_ext.dll
0x00007ffc21e50000 - 0x00007ffc21e83000 	C:\Windows\system32\rsaenh.dll
0x00007ffc22cb0000 - 0x00007ffc22cd6000 	C:\Windows\System32\bcrypt.dll
0x00007ffc229b0000 - 0x00007ffc229d5000 	C:\Windows\SYSTEM32\USERENV.dll
0x00007ffc224a0000 - 0x00007ffc224ac000 	C:\Windows\SYSTEM32\CRYPTBASE.dll
0x00007ffc21fe0000 - 0x00007ffc2201a000 	C:\Windows\SYSTEM32\IPHLPAPI.DLL
0x00007ffc24b60000 - 0x00007ffc24b68000 	C:\Windows\System32\NSI.dll
0x00007ffc1a1e0000 - 0x00007ffc1a1f6000 	C:\Windows\SYSTEM32\dhcpcsvc6.DLL
0x00007ffc1b420000 - 0x00007ffc1b43c000 	C:\Windows\SYSTEM32\dhcpcsvc.DLL
0x00007ffc22020000 - 0x00007ffc220eb000 	C:\Windows\SYSTEM32\DNSAPI.dll

dbghelp: loaded successfully - version: 4.0.5 - missing functions: none
symbol engine: initialized successfully - sym options: 0x614 - pdb path: .;C:\Program Files\Android\Android Studio\jre\bin;C:\Windows\SYSTEM32;C:\Windows\WinSxS\amd64_microsoft.windows.common-controls_6595b64144ccf1df_6.0.18362.1556_none_9e7e372fe45e41d5;C:\Program Files\Android\Android Studio\jre\bin\server;C:\Users\OmarTaha\.gradle\native\8bec1ad78214c89d9ad589b4d07fe93259594b29d510b10fafb7a158f7737e5d\windows-amd64;C:\Users\OmarTaha\.gradle\native\53dbd7edfb1c66fb8903c78663c9afc45aea4f116125fa6feffd364cf09443e8\windows-amd64

VM Arguments:
jvm_args: --add-opens=java.base/java.util=ALL-UNNAMED --add-opens=java.base/java.lang=ALL-UNNAMED --add-opens=java.base/java.lang.invoke=ALL-UNNAMED --add-opens=java.base/java.util=ALL-UNNAMED --add-opens=java.prefs/java.util.prefs=ALL-UNNAMED --add-opens=java.prefs/java.util.prefs=ALL-UNNAMED --add-opens=java.base/java.nio.charset=ALL-UNNAMED --add-opens=java.base/java.net=ALL-UNNAMED --add-opens=java.base/java.util.concurrent.atomic=ALL-UNNAMED -Xmx2048m -Dfile.encoding=windows-1252 -Duser.country=US -Duser.language=en -Duser.variant 
java_command: org.gradle.launcher.daemon.bootstrap.GradleDaemon 7.1-rc-1
java_class_path (initial): C:\Users\OmarTaha\.gradle\wrapper\dists\gradle-7.1-rc-1-bin\89hqeppvp8dbb4pzs5e0rkzxn\gradle-7.1-rc-1\lib\gradle-launcher-7.1.jar
Launcher Type: SUN_STANDARD

[Global flags]
     intx CICompilerCount                          = 4                                         {product} {ergonomic}
     uint ConcGCThreads                            = 2                                         {product} {ergonomic}
     uint G1ConcRefinementThreads                  = 8                                         {product} {ergonomic}
   size_t G1HeapRegionSize                         = 1048576                                   {product} {ergonomic}
    uintx GCDrainStackTargetSize                   = 64                                        {product} {ergonomic}
   size_t InitialHeapSize                          = 132120576                                 {product} {ergonomic}
   size_t MarkStackSize                            = 4194304                                   {product} {ergonomic}
   size_t MaxHeapSize                              = 2147483648                                {product} {command line}
   size_t MaxNewSize                               = 1287651328                                {product} {ergonomic}
   size_t MinHeapDeltaBytes                        = 1048576                                   {product} {ergonomic}
    uintx NonNMethodCodeHeapSize                   = 5836300                                {pd product} {ergonomic}
    uintx NonProfiledCodeHeapSize                  = 122910970                              {pd product} {ergonomic}
    uintx ProfiledCodeHeapSize                     = 122910970                              {pd product} {ergonomic}
    uintx ReservedCodeCacheSize                    = 251658240                              {pd product} {ergonomic}
     bool SegmentedCodeCache                       = true                                      {product} {ergonomic}
     bool UseCompressedClassPointers               = true                                 {lp64_product} {ergonomic}
     bool UseCompressedOops                        = true                                 {lp64_product} {ergonomic}
     bool UseG1GC                                  = true                                      {product} {ergonomic}
     bool UseLargePagesIndividualAllocation        = false                                  {pd product} {ergonomic}

Logging:
Log output configuration:
 #0: stdout all=warning uptime,level,tags
 #1: stderr all=off uptime,level,tags

Environment Variables:
JAVA_HOME=C:\Program Files\Android\jdk\microsoft_dist_openjdk_1.8.0.25
PATH=C:\Program Files (x86)\Common Files\Oracle\Java\javapath;C:\Program Files\ImageMagick-7.0.10-Q16-HDRI;C:\Program Files (x86)\Common Files\Intel\Shared Libraries\redist\intel64\compiler;C:\Program Files\Java\jdk-12.0.2\bin;C:\Windows\system32;C:\Windows;C:\Windows\System32\Wbem;C:\Windows\System32\WindowsPowerShell\v1.0\;C:\Windows\System32\OpenSSH\;C:\Program Files\dotnet\;C:\Program Files\Microsoft SQL Server\120\Tools\Binn\;C:\Program Files\Microsoft SQL Server\120\DTS\Binn\;C:\Program Files\Microsoft SQL Server\Client SDK\ODBC\110\Tools\Binn\;C:\Program Files (x86)\Microsoft SQL Server\120\Tools\Binn\;C:\Program Files (x86)\Microsoft SQL Server\120\Tools\Binn\ManagementStudio\;C:\Program Files (x86)\Microsoft SQL Server\120\DTS\Binn\;C:\Windows\Microsoft.NET\Framework\v3.5;C:\Program Files\Microsoft SQL Server\130\Tools\Binn\;C:\Program Files\Microsoft SQL Server\Client SDK\ODBC\170\Tools\Binn\;C:\Program Files\MATLAB\R2016a\runtime\win64;C:\Program Files\MATLAB\R2016a\bin;C:\Program Files\MATLAB\R2016a\polyspace\bin;C:\Program Files (x86)\dotnet\;C:\sqlite;C:\Program Files\Git\cmd;C:\Users\OmarTaha\AppData\Local\Programs\Python\Python38-32\Scripts\;C:\Users\OmarTaha\AppData\Local\Programs\Python\Python38-32\;C:\Users\OmarTaha\AppData\Local\Microsoft\WindowsApps;C:\Users\OmarTaha\AppData\Local\Programs\Microsoft VS Code\bin;C:\Users\OmarTaha\.dotnet\tools;C:\Program Files\JetBrains\PyCharm Community Edition 2020.2.4\bin;;C:\Users\OmarTaha\AppData\Local\GitHubDesktop\bin
USERNAME=OmarTaha
OS=Windows_NT
PROCESSOR_IDENTIFIER=Intel64 Family 6 Model 60 Stepping 3, GenuineIntel



---------------  S Y S T E M  ---------------

OS: Windows 10 , 64 bit Build 18362 (10.0.18362.1500)
OS uptime: 0 days 0:11 hours

CPU:total 8 (initial active 8) (4 cores per cpu, 2 threads per core) family 6 model 60 stepping 3 microcode 0x28, cmov, cx8, fxsr, mmx, sse, sse2, sse3, ssse3, sse4.1, sse4.2, popcnt, avx, avx2, aes, clmul, erms, lzcnt, ht, tsc, tscinvbit, bmi1, bmi2, fma

Memory: 4k page, system-wide physical 7993M (1144M free)
TotalPageFile size 7993M (AvailPageFile size 3M)
current process WorkingSet (physical memory assigned to process): 332M, peak: 332M
current process commit charge ("private bytes"): 383M, peak: 383M

vm_info: OpenJDK 64-Bit Server VM (11.0.10+0-b96-7249189) for windows-amd64 JRE (11.0.10+0-b96-7249189), built on Mar 31 2021 21:44:00 by "builder" with MS VC++ 14.0 (VS2015)

END.
