#
# There is insufficient memory for the Java Runtime Environment to continue.
# Native memory allocation (malloc) failed to allocate 1850256 bytes for Chunk::new
# Possible reasons:
#   The system is out of physical RAM or swap space
#   The process is running with CompressedOops enabled, and the Java Heap may be blocking the growth of the native heap
# Possible solutions:
#   Reduce memory load on the system
#   Increase physical memory or swap space
#   Check if swap backing store is full
#   Decrease Java heap size (-Xmx/-Xms)
#   Decrease number of Java threads
#   Decrease Java thread stack sizes (-Xss)
#   Set larger code cache with -XX:ReservedCodeCacheSize=
#   JVM is running with Unscaled Compressed Oops mode in which the Java heap is
#     placed in the first 4GB address space. The Java Heap base address is the
#     maximum limit for the native heap growth. Please use -XX:HeapBaseMinAddress
#     to set the Java Heap base and to place the Java Heap above 4GB virtual address.
# This output file may be truncated or incomplete.
#
#  Out of Memory Error (./open/src/hotspot/share/memory/arena.cpp:197), pid=4484, tid=12736
#
# JRE version: Java(TM) SE Runtime Environment 18.9 (11.0.12+8) (build 11.0.12+8-LTS-237)
# Java VM: Java HotSpot(TM) 64-Bit Server VM 18.9 (11.0.12+8-LTS-237, mixed mode, tiered, compressed oops, g1 gc, windows-amd64)
# No core dump will be written. Minidumps are not enabled by default on client versions of Windows
#

---------------  S U M M A R Y ------------

Command Line: --add-opens=java.base/java.util=ALL-UNNAMED --add-opens=java.base/java.lang=ALL-UNNAMED --add-opens=java.base/java.lang.invoke=ALL-UNNAMED --add-opens=java.base/java.util=ALL-UNNAMED --add-opens=java.prefs/java.util.prefs=ALL-UNNAMED --add-opens=java.prefs/java.util.prefs=ALL-UNNAMED --add-opens=java.base/java.nio.charset=ALL-UNNAMED --add-opens=java.base/java.net=ALL-UNNAMED --add-opens=java.base/java.util.concurrent.atomic=ALL-UNNAMED -Xmx2048m -Dfile.encoding=windows-1252 -Duser.country=US -Duser.language=en -Duser.variant org.gradle.launcher.daemon.bootstrap.GradleDaemon 7.1-rc-1

Host: Intel(R) Core(TM) i7-4800MQ CPU @ 2.70GHz, 8 cores, 7G,  Windows 10 , 64 bit Build 18362 (10.0.18362.1500)
Time: Sun Dec 12 22:23:43 2021 Arab Standard Time elapsed time: 29.519369 seconds (0d 0h 0m 29s)

---------------  T H R E A D  ---------------

Current thread (0x0000029004559000):  JavaThread "C2 CompilerThread1" daemon [_thread_in_native, id=12736, stack(0x000000fe61500000,0x000000fe61600000)]


Current CompileTask:
C2:  29519 6969   !   4       com.google.common.reflect.TypeVisitor::visit (225 bytes)

Stack: [0x000000fe61500000,0x000000fe61600000]
Native frames: (J=compiled Java code, j=interpreted, Vv=VM code, C=native code)
V  [jvm.dll+0x617d9a]
V  [jvm.dll+0x74eeef]
V  [jvm.dll+0x750599]
V  [jvm.dll+0x750c23]
V  [jvm.dll+0x2438d8]
V  [jvm.dll+0xba6dc]
V  [jvm.dll+0xbac9c]
V  [jvm.dll+0x346972]
V  [jvm.dll+0x3147a3]
V  [jvm.dll+0x313aea]
V  [jvm.dll+0x1fd105]
V  [jvm.dll+0x1fc2ed]
V  [jvm.dll+0x17f18c]
V  [jvm.dll+0x20b87c]
V  [jvm.dll+0x20997b]
V  [jvm.dll+0x716359]
V  [jvm.dll+0x70f064]
V  [jvm.dll+0x616f66]
C  [ucrtbase.dll+0x210b2]
C  [KERNEL32.DLL+0x17c24]
C  [ntdll.dll+0x6d721]


---------------  P R O C E S S  ---------------

Threads class SMR info:
_java_thread_list=0x0000029004f8dcf0, length=123, elements={
0x000002905c480000, 0x000002907b2be800, 0x000002907b2c0000, 0x000002907b2c9000,
0x000002907b2cb800, 0x000002907b2cc800, 0x000002907b2d8000, 0x000002907b2dd000,
0x000002907bc27000, 0x000002907bd89000, 0x000002907d3b8800, 0x000002907df02000,
0x000002907da5a800, 0x000002907d1ad800, 0x000002907dcf4800, 0x000002907e199000,
0x000002907db7f000, 0x000002907d463800, 0x000002907d616000, 0x000002907dd76800,
0x000002907dd75000, 0x000002907dd75800, 0x000002907dd74000, 0x000002907dd77800,
0x000002907dd73000, 0x000002907dd78000, 0x000002907dd79000, 0x000002907dd79800,
0x000002907de32000, 0x000002907de33000, 0x000002907de2e000, 0x000002907de30800,
0x000002907de31800, 0x000002907de36800, 0x000002907de35800, 0x000002907de37000,
0x000002907de38000, 0x000002907de38800, 0x000002907de39800, 0x000002907de34000,
0x000002907de3a800, 0x000002907de3b000, 0x000002907de3c000, 0x000002907f5be800,
0x000002907f5c4800, 0x000002907f5c2800, 0x000002907f5c1000, 0x000002907f5c3800,
0x000002907f5c5000, 0x000002907f5bf800, 0x000002907f5c0000, 0x000002907f5c6000,
0x000002907f5c7000, 0x000002907f5c2000, 0x000002907f5cb000, 0x000002907f5cb800,
0x000002907f5c8800, 0x000002907f5ca000, 0x000002907f5cc800, 0x000002907f5c9000,
0x000002907f5cd800, 0x000002907f5c7800, 0x0000029002961000, 0x0000029002965000,
0x0000029002962000, 0x0000029002966000, 0x0000029002963000, 0x0000029002960800,
0x0000029002968800, 0x0000029002963800, 0x000002900296a000, 0x0000029002964800,
0x000002900296b000, 0x000002900296c000, 0x0000029002969800, 0x000002900296c800,
0x0000029002967000, 0x0000029002967800, 0x000002900296d800, 0x000002900296e000,
0x000002900296f000, 0x000002907f391000, 0x000002907f395000, 0x000002907f396800,
0x000002907f395800, 0x000002907f393800, 0x000002907f397800, 0x000002907f391800,
0x000002907f392800, 0x000002907f39a000, 0x000002907f394000, 0x000002907f39c800,
0x000002907f39d000, 0x000002907f39e000, 0x000002907f39b800, 0x000002907f398000,
0x000002907f39a800, 0x000002907f399000, 0x000002907f39e800, 0x000002907f39f800,
0x000002907e633800, 0x000002907e636000, 0x000002907e630800, 0x000002907e635000,
0x000002907e634800, 0x000002907e637000, 0x000002907e631000, 0x000002907e632800,
0x000002907e632000, 0x000002907e639800, 0x000002907e638800, 0x000002907e637800,
0x000002907e63b000, 0x000002907e63e000, 0x000002907e63c800, 0x000002907e63b800,
0x000002907e63f000, 0x000002907e63d800, 0x000002907e63a000, 0x000002907f435000,
0x000002907f432800, 0x0000029004559000, 0x000002907f431000
}

Java Threads: ( => current thread )
  0x000002905c480000 JavaThread "main" [_thread_blocked, id=9892, stack(0x000000fe58d00000,0x000000fe58e00000)]
  0x000002907b2be800 JavaThread "Reference Handler" daemon [_thread_blocked, id=16312, stack(0x000000fe59400000,0x000000fe59500000)]
  0x000002907b2c0000 JavaThread "Finalizer" daemon [_thread_blocked, id=5836, stack(0x000000fe59500000,0x000000fe59600000)]
  0x000002907b2c9000 JavaThread "Signal Dispatcher" daemon [_thread_blocked, id=21496, stack(0x000000fe59600000,0x000000fe59700000)]
  0x000002907b2cb800 JavaThread "Attach Listener" daemon [_thread_blocked, id=9176, stack(0x000000fe59700000,0x000000fe59800000)]
  0x000002907b2cc800 JavaThread "Service Thread" daemon [_thread_blocked, id=18580, stack(0x000000fe59800000,0x000000fe59900000)]
  0x000002907b2d8000 JavaThread "C2 CompilerThread0" daemon [_thread_in_native, id=19332, stack(0x000000fe59900000,0x000000fe59a00000)]
  0x000002907b2dd000 JavaThread "C1 CompilerThread0" daemon [_thread_blocked, id=17852, stack(0x000000fe59a00000,0x000000fe59b00000)]
  0x000002907bc27000 JavaThread "Sweeper thread" daemon [_thread_blocked, id=5980, stack(0x000000fe59b00000,0x000000fe59c00000)]
  0x000002907bd89000 JavaThread "Common-Cleaner" daemon [_thread_blocked, id=21388, stack(0x000000fe59c00000,0x000000fe59d00000)]
  0x000002907d3b8800 JavaThread "Daemon health stats" [_thread_in_Java, id=11760, stack(0x000000fe59e00000,0x000000fe59f00000)]
  0x000002907df02000 JavaThread "Incoming local TCP Connector on port 15383" [_thread_in_native, id=7284, stack(0x000000fe5a100000,0x000000fe5a200000)]
  0x000002907da5a800 JavaThread "Daemon periodic checks" [_thread_blocked, id=17432, stack(0x000000fe5a200000,0x000000fe5a300000)]
  0x000002907d1ad800 JavaThread "Daemon" [_thread_blocked, id=17320, stack(0x000000fe5a300000,0x000000fe5a400000)]
  0x000002907dcf4800 JavaThread "Handler for socket connection from /127.0.0.1:15383 to /127.0.0.1:15387" [_thread_in_native, id=19680, stack(0x000000fe5a400000,0x000000fe5a500000)]
  0x000002907e199000 JavaThread "Cancel handler" [_thread_blocked, id=19468, stack(0x000000fe5a500000,0x000000fe5a600000)]
  0x000002907db7f000 JavaThread "Daemon worker" [_thread_in_vm, id=14424, stack(0x000000fe5a600000,0x000000fe5a700000)]
  0x000002907d463800 JavaThread "Asynchronous log dispatcher for DefaultDaemonConnection: socket connection from /127.0.0.1:15383 to /127.0.0.1:15387" [_thread_blocked, id=13028, stack(0x000000fe5a700000,0x000000fe5a800000)]
  0x000002907d616000 JavaThread "Stdin handler" [_thread_blocked, id=9824, stack(0x000000fe5a800000,0x000000fe5a900000)]
  0x000002907dd76800 JavaThread "Daemon client event forwarder" [_thread_blocked, id=4108, stack(0x000000fe5a900000,0x000000fe5aa00000)]
  0x000002907dd75000 JavaThread "Cache worker for journal cache (C:\Users\OmarTaha\.gradle\caches\journal-1)" [_thread_blocked, id=21560, stack(0x000000fe5af00000,0x000000fe5b000000)]
  0x000002907dd75800 JavaThread "File lock request listener" [_thread_in_native, id=10808, stack(0x000000fe5b000000,0x000000fe5b100000)]
  0x000002907dd74000 JavaThread "Cache worker for file hash cache (C:\Users\OmarTaha\.gradle\caches\7.1-rc-1\fileHashes)" [_thread_blocked, id=15980, stack(0x000000fe5b100000,0x000000fe5b200000)]
  0x000002907dd77800 JavaThread "Cache worker for file hash cache (C:\Users\OmarTaha\AndroidStudioProjects\GMS\.gradle\7.1-rc-1\fileHashes)" [_thread_blocked, id=13796, stack(0x000000fe5b300000,0x000000fe5b400000)]
  0x000002907dd73000 JavaThread "File watcher server" daemon [_thread_in_native, id=20704, stack(0x000000fe5b400000,0x000000fe5b500000)]
  0x000002907dd78000 JavaThread "File watcher consumer" daemon [_thread_blocked, id=7120, stack(0x000000fe5b500000,0x000000fe5b600000)]
  0x000002907dd79000 JavaThread "Cache worker for checksums cache (C:\Users\OmarTaha\AndroidStudioProjects\GMS\.gradle\checksums)" [_thread_blocked, id=12532, stack(0x000000fe5b600000,0x000000fe5b700000)]
  0x000002907dd79800 JavaThread "Cache worker for cache directory md-supplier (C:\Users\OmarTaha\.gradle\caches\7.1-rc-1\md-supplier)" [_thread_blocked, id=17276, stack(0x000000fe5b700000,0x000000fe5b800000)]
  0x000002907de32000 JavaThread "Cache worker for cache directory md-rule (C:\Users\OmarTaha\.gradle\caches\7.1-rc-1\md-rule)" [_thread_blocked, id=3804, stack(0x000000fe5b800000,0x000000fe5b900000)]
  0x000002907de33000 JavaThread "Cache worker for execution history cache (C:\Users\OmarTaha\.gradle\caches\7.1-rc-1\executionHistory)" [_thread_blocked, id=13824, stack(0x000000fe5b900000,0x000000fe5ba00000)]
  0x000002907de2e000 JavaThread "jar transforms" [_thread_blocked, id=4332, stack(0x000000fe5ba00000,0x000000fe5bb00000)]
  0x000002907de30800 JavaThread "jar transforms Thread 2" [_thread_blocked, id=6968, stack(0x000000fe5bb00000,0x000000fe5bc00000)]
  0x000002907de31800 JavaThread "Cache worker for file content cache (C:\Users\OmarTaha\.gradle\caches\7.1-rc-1\fileContent)" [_thread_blocked, id=20056, stack(0x000000fe5bd00000,0x000000fe5be00000)]
  0x000002907de36800 JavaThread "Cache worker for dependencies-accessors (C:\Users\OmarTaha\AndroidStudioProjects\GMS\.gradle\7.1-rc-1\dependencies-accessors)" [_thread_blocked, id=21152, stack(0x000000fe5be00000,0x000000fe5bf00000)]
  0x000002907de35800 JavaThread "jar transforms Thread 3" [_thread_blocked, id=13232, stack(0x000000fe5c000000,0x000000fe5c100000)]
  0x000002907de37000 JavaThread "Cache worker for Build Output Cleanup Cache (C:\Users\OmarTaha\AndroidStudioProjects\GMS\.gradle\buildOutputCleanup)" [_thread_blocked, id=11656, stack(0x000000fe5c100000,0x000000fe5c200000)]
  0x000002907de38000 JavaThread "Unconstrained build operations" [_thread_blocked, id=20352, stack(0x000000fe5bc00000,0x000000fe5bd00000)]
  0x000002907de38800 JavaThread "Unconstrained build operations Thread 2" [_thread_blocked, id=11552, stack(0x000000fe5bf00000,0x000000fe5c000000)]
  0x000002907de39800 JavaThread "Unconstrained build operations Thread 3" [_thread_blocked, id=12072, stack(0x000000fe5c200000,0x000000fe5c300000)]
  0x000002907de34000 JavaThread "Unconstrained build operations Thread 4" [_thread_blocked, id=6336, stack(0x000000fe5c300000,0x000000fe5c400000)]
  0x000002907de3a800 JavaThread "Unconstrained build operations Thread 5" [_thread_blocked, id=7368, stack(0x000000fe5c400000,0x000000fe5c500000)]
  0x000002907de3b000 JavaThread "Unconstrained build operations Thread 6" [_thread_blocked, id=15788, stack(0x000000fe5c500000,0x000000fe5c600000)]
  0x000002907de3c000 JavaThread "Unconstrained build operations Thread 7" [_thread_blocked, id=15268, stack(0x000000fe5c600000,0x000000fe5c700000)]
  0x000002907f5be800 JavaThread "Unconstrained build operations Thread 8" [_thread_blocked, id=22676, stack(0x000000fe5c700000,0x000000fe5c800000)]
  0x000002907f5c4800 JavaThread "Unconstrained build operations Thread 9" [_thread_blocked, id=23184, stack(0x000000fe5c800000,0x000000fe5c900000)]
  0x000002907f5c2800 JavaThread "Unconstrained build operations Thread 10" [_thread_blocked, id=19736, stack(0x000000fe5c900000,0x000000fe5ca00000)]
  0x000002907f5c1000 JavaThread "Unconstrained build operations Thread 11" [_thread_blocked, id=12820, stack(0x000000fe5ca00000,0x000000fe5cb00000)]
  0x000002907f5c3800 JavaThread "Unconstrained build operations Thread 12" [_thread_blocked, id=7580, stack(0x000000fe5cb00000,0x000000fe5cc00000)]
  0x000002907f5c5000 JavaThread "Unconstrained build operations Thread 13" [_thread_blocked, id=13844, stack(0x000000fe5cc00000,0x000000fe5cd00000)]
  0x000002907f5bf800 JavaThread "Unconstrained build operations Thread 14" [_thread_blocked, id=3776, stack(0x000000fe5cd00000,0x000000fe5ce00000)]
  0x000002907f5c0000 JavaThread "Unconstrained build operations Thread 15" [_thread_blocked, id=16688, stack(0x000000fe5ce00000,0x000000fe5cf00000)]
  0x000002907f5c6000 JavaThread "Unconstrained build operations Thread 16" [_thread_blocked, id=13520, stack(0x000000fe5cf00000,0x000000fe5d000000)]
  0x000002907f5c7000 JavaThread "Unconstrained build operations Thread 17" [_thread_blocked, id=14128, stack(0x000000fe5d000000,0x000000fe5d100000)]
  0x000002907f5c2000 JavaThread "Unconstrained build operations Thread 18" [_thread_blocked, id=23012, stack(0x000000fe5d100000,0x000000fe5d200000)]
  0x000002907f5cb000 JavaThread "Unconstrained build operations Thread 19" [_thread_blocked, id=9416, stack(0x000000fe5d200000,0x000000fe5d300000)]
  0x000002907f5cb800 JavaThread "Unconstrained build operations Thread 20" [_thread_blocked, id=17840, stack(0x000000fe5d300000,0x000000fe5d400000)]
  0x000002907f5c8800 JavaThread "Unconstrained build operations Thread 21" [_thread_blocked, id=21288, stack(0x000000fe5d400000,0x000000fe5d500000)]
  0x000002907f5ca000 JavaThread "Unconstrained build operations Thread 22" [_thread_blocked, id=13604, stack(0x000000fe5d500000,0x000000fe5d600000)]
  0x000002907f5cc800 JavaThread "Unconstrained build operations Thread 23" [_thread_blocked, id=10732, stack(0x000000fe5d600000,0x000000fe5d700000)]
  0x000002907f5c9000 JavaThread "Unconstrained build operations Thread 24" [_thread_blocked, id=13088, stack(0x000000fe5d700000,0x000000fe5d800000)]
  0x000002907f5cd800 JavaThread "Unconstrained build operations Thread 25" [_thread_blocked, id=15840, stack(0x000000fe5d800000,0x000000fe5d900000)]
  0x000002907f5c7800 JavaThread "Unconstrained build operations Thread 26" [_thread_blocked, id=9828, stack(0x000000fe5d900000,0x000000fe5da00000)]
  0x0000029002961000 JavaThread "Unconstrained build operations Thread 27" [_thread_blocked, id=6548, stack(0x000000fe5da00000,0x000000fe5db00000)]
  0x0000029002965000 JavaThread "Unconstrained build operations Thread 28" [_thread_blocked, id=11508, stack(0x000000fe5db00000,0x000000fe5dc00000)]
  0x0000029002962000 JavaThread "Unconstrained build operations Thread 29" [_thread_blocked, id=6072, stack(0x000000fe5dc00000,0x000000fe5dd00000)]
  0x0000029002966000 JavaThread "Unconstrained build operations Thread 30" [_thread_blocked, id=11868, stack(0x000000fe5dd00000,0x000000fe5de00000)]
  0x0000029002963000 JavaThread "Unconstrained build operations Thread 31" [_thread_blocked, id=5696, stack(0x000000fe5de00000,0x000000fe5df00000)]
  0x0000029002960800 JavaThread "Unconstrained build operations Thread 32" [_thread_blocked, id=19604, stack(0x000000fe5df00000,0x000000fe5e000000)]
  0x0000029002968800 JavaThread "Unconstrained build operations Thread 33" [_thread_blocked, id=14364, stack(0x000000fe5e000000,0x000000fe5e100000)]
  0x0000029002963800 JavaThread "Unconstrained build operations Thread 34" [_thread_blocked, id=17152, stack(0x000000fe5e100000,0x000000fe5e200000)]
  0x000002900296a000 JavaThread "Unconstrained build operations Thread 35" [_thread_blocked, id=14224, stack(0x000000fe5e200000,0x000000fe5e300000)]
  0x0000029002964800 JavaThread "Unconstrained build operations Thread 36" [_thread_blocked, id=22648, stack(0x000000fe5e300000,0x000000fe5e400000)]
  0x000002900296b000 JavaThread "Unconstrained build operations Thread 37" [_thread_blocked, id=17112, stack(0x000000fe5e400000,0x000000fe5e500000)]
  0x000002900296c000 JavaThread "Unconstrained build operations Thread 38" [_thread_blocked, id=19128, stack(0x000000fe5e500000,0x000000fe5e600000)]
  0x0000029002969800 JavaThread "Unconstrained build operations Thread 39" [_thread_blocked, id=13052, stack(0x000000fe5e600000,0x000000fe5e700000)]
  0x000002900296c800 JavaThread "Unconstrained build operations Thread 40" [_thread_blocked, id=10608, stack(0x000000fe5e700000,0x000000fe5e800000)]
  0x0000029002967000 JavaThread "Unconstrained build operations Thread 41" [_thread_blocked, id=19588, stack(0x000000fe5e800000,0x000000fe5e900000)]
  0x0000029002967800 JavaThread "Unconstrained build operations Thread 42" [_thread_blocked, id=12456, stack(0x000000fe5e900000,0x000000fe5ea00000)]
  0x000002900296d800 JavaThread "Unconstrained build operations Thread 43" [_thread_blocked, id=13416, stack(0x000000fe5ea00000,0x000000fe5eb00000)]
  0x000002900296e000 JavaThread "Unconstrained build operations Thread 44" [_thread_blocked, id=9464, stack(0x000000fe5eb00000,0x000000fe5ec00000)]
  0x000002900296f000 JavaThread "Unconstrained build operations Thread 45" [_thread_blocked, id=22996, stack(0x000000fe5ec00000,0x000000fe5ed00000)]
  0x000002907f391000 JavaThread "Unconstrained build operations Thread 46" [_thread_blocked, id=19812, stack(0x000000fe5ed00000,0x000000fe5ee00000)]
  0x000002907f395000 JavaThread "Unconstrained build operations Thread 47" [_thread_blocked, id=9260, stack(0x000000fe5ee00000,0x000000fe5ef00000)]
  0x000002907f396800 JavaThread "Unconstrained build operations Thread 48" [_thread_blocked, id=17104, stack(0x000000fe5ef00000,0x000000fe5f000000)]
  0x000002907f395800 JavaThread "Unconstrained build operations Thread 49" [_thread_blocked, id=15484, stack(0x000000fe5f000000,0x000000fe5f100000)]
  0x000002907f393800 JavaThread "Unconstrained build operations Thread 50" [_thread_blocked, id=5924, stack(0x000000fe5f100000,0x000000fe5f200000)]
  0x000002907f397800 JavaThread "Unconstrained build operations Thread 51" [_thread_blocked, id=16884, stack(0x000000fe5f200000,0x000000fe5f300000)]
  0x000002907f391800 JavaThread "Unconstrained build operations Thread 52" [_thread_blocked, id=13776, stack(0x000000fe5f300000,0x000000fe5f400000)]
  0x000002907f392800 JavaThread "Unconstrained build operations Thread 53" [_thread_blocked, id=128, stack(0x000000fe5f400000,0x000000fe5f500000)]
  0x000002907f39a000 JavaThread "Unconstrained build operations Thread 54" [_thread_blocked, id=10252, stack(0x000000fe5f500000,0x000000fe5f600000)]
  0x000002907f394000 JavaThread "Unconstrained build operations Thread 55" [_thread_blocked, id=7188, stack(0x000000fe5f600000,0x000000fe5f700000)]
  0x000002907f39c800 JavaThread "Unconstrained build operations Thread 56" [_thread_blocked, id=932, stack(0x000000fe5f700000,0x000000fe5f800000)]
  0x000002907f39d000 JavaThread "Unconstrained build operations Thread 57" [_thread_blocked, id=19100, stack(0x000000fe5f800000,0x000000fe5f900000)]
  0x000002907f39e000 JavaThread "Unconstrained build operations Thread 58" [_thread_blocked, id=8476, stack(0x000000fe5f900000,0x000000fe5fa00000)]
  0x000002907f39b800 JavaThread "Unconstrained build operations Thread 59" [_thread_blocked, id=7768, stack(0x000000fe5fa00000,0x000000fe5fb00000)]
  0x000002907f398000 JavaThread "Unconstrained build operations Thread 60" [_thread_blocked, id=17528, stack(0x000000fe5fb00000,0x000000fe5fc00000)]
  0x000002907f39a800 JavaThread "Unconstrained build operations Thread 61" [_thread_blocked, id=9960, stack(0x000000fe5fc00000,0x000000fe5fd00000)]
  0x000002907f399000 JavaThread "Unconstrained build operations Thread 62" [_thread_blocked, id=11884, stack(0x000000fe5fd00000,0x000000fe5fe00000)]
  0x000002907f39e800 JavaThread "Unconstrained build operations Thread 63" [_thread_blocked, id=1724, stack(0x000000fe5fe00000,0x000000fe5ff00000)]
  0x000002907f39f800 JavaThread "Unconstrained build operations Thread 64" [_thread_blocked, id=1764, stack(0x000000fe5ff00000,0x000000fe60000000)]
  0x000002907e633800 JavaThread "Unconstrained build operations Thread 65" [_thread_blocked, id=19552, stack(0x000000fe60000000,0x000000fe60100000)]
  0x000002907e636000 JavaThread "Unconstrained build operations Thread 66" [_thread_blocked, id=22108, stack(0x000000fe60100000,0x000000fe60200000)]
  0x000002907e630800 JavaThread "Unconstrained build operations Thread 67" [_thread_blocked, id=16908, stack(0x000000fe60200000,0x000000fe60300000)]
  0x000002907e635000 JavaThread "Unconstrained build operations Thread 68" [_thread_blocked, id=21920, stack(0x000000fe60300000,0x000000fe60400000)]
  0x000002907e634800 JavaThread "Unconstrained build operations Thread 69" [_thread_blocked, id=9224, stack(0x000000fe60400000,0x000000fe60500000)]
  0x000002907e637000 JavaThread "Unconstrained build operations Thread 70" [_thread_blocked, id=19416, stack(0x000000fe60500000,0x000000fe60600000)]
  0x000002907e631000 JavaThread "Unconstrained build operations Thread 71" [_thread_blocked, id=10564, stack(0x000000fe60600000,0x000000fe60700000)]
  0x000002907e632800 JavaThread "Unconstrained build operations Thread 72" [_thread_blocked, id=5728, stack(0x000000fe60700000,0x000000fe60800000)]
  0x000002907e632000 JavaThread "Unconstrained build operations Thread 73" [_thread_blocked, id=13368, stack(0x000000fe60800000,0x000000fe60900000)]
  0x000002907e639800 JavaThread "Unconstrained build operations Thread 74" [_thread_blocked, id=20188, stack(0x000000fe60900000,0x000000fe60a00000)]
  0x000002907e638800 JavaThread "Unconstrained build operations Thread 75" [_thread_blocked, id=23520, stack(0x000000fe60a00000,0x000000fe60b00000)]
  0x000002907e637800 JavaThread "Unconstrained build operations Thread 76" [_thread_blocked, id=10368, stack(0x000000fe60b00000,0x000000fe60c00000)]
  0x000002907e63b000 JavaThread "Unconstrained build operations Thread 77" [_thread_blocked, id=14448, stack(0x000000fe60c00000,0x000000fe60d00000)]
  0x000002907e63e000 JavaThread "Unconstrained build operations Thread 78" [_thread_blocked, id=5668, stack(0x000000fe60d00000,0x000000fe60e00000)]
  0x000002907e63c800 JavaThread "Unconstrained build operations Thread 79" [_thread_blocked, id=20752, stack(0x000000fe60e00000,0x000000fe60f00000)]
  0x000002907e63b800 JavaThread "Unconstrained build operations Thread 80" [_thread_blocked, id=10232, stack(0x000000fe60f00000,0x000000fe61000000)]
  0x000002907e63f000 JavaThread "jar transforms Thread 4" [_thread_blocked, id=18852, stack(0x000000fe61000000,0x000000fe61100000)]
  0x000002907e63d800 JavaThread "jar transforms Thread 5" [_thread_blocked, id=15728, stack(0x000000fe61100000,0x000000fe61200000)]
  0x000002907e63a000 JavaThread "jar transforms Thread 6" [_thread_blocked, id=21084, stack(0x000000fe61200000,0x000000fe61300000)]
  0x000002907f435000 JavaThread "jar transforms Thread 7" [_thread_blocked, id=20552, stack(0x000000fe61300000,0x000000fe61400000)]
  0x000002907f432800 JavaThread "jar transforms Thread 8" [_thread_blocked, id=18916, stack(0x000000fe61400000,0x000000fe61500000)]
=>0x0000029004559000 JavaThread "C2 CompilerThread1" daemon [_thread_in_native, id=12736, stack(0x000000fe61500000,0x000000fe61600000)]
  0x000002907f431000 JavaThread "Memory manager" [_thread_blocked, id=8084, stack(0x000000fe61600000,0x000000fe61700000)]

Other Threads:
  0x000002907b2ac000 VMThread "VM Thread" [stack: 0x000000fe59300000,0x000000fe59400000] [id=9476]
  0x000002907bdcf000 WatcherThread [stack: 0x000000fe59d00000,0x000000fe59e00000] [id=12236]
  0x000002905c492800 GCTaskThread "GC Thread#0" [stack: 0x000000fe58e00000,0x000000fe58f00000] [id=3708]
  0x000002907ceda800 GCTaskThread "GC Thread#1" [stack: 0x000000fe59f00000,0x000000fe5a000000] [id=1472]
  0x000002907c115000 GCTaskThread "GC Thread#2" [stack: 0x000000fe5a000000,0x000000fe5a100000] [id=15192]
  0x000002907bcd7000 GCTaskThread "GC Thread#3" [stack: 0x000000fe5aa00000,0x000000fe5ab00000] [id=5040]
  0x000002907bcd7800 GCTaskThread "GC Thread#4" [stack: 0x000000fe5ab00000,0x000000fe5ac00000] [id=7332]
  0x000002907bfdc800 GCTaskThread "GC Thread#5" [stack: 0x000000fe5ac00000,0x000000fe5ad00000] [id=17072]
  0x000002907bfdd000 GCTaskThread "GC Thread#6" [stack: 0x000000fe5ad00000,0x000000fe5ae00000] [id=8772]
  0x000002907bfdd800 GCTaskThread "GC Thread#7" [stack: 0x000000fe5ae00000,0x000000fe5af00000] [id=12180]
  0x000002905c4c5000 ConcurrentGCThread "G1 Main Marker" [stack: 0x000000fe58f00000,0x000000fe59000000] [id=7068]
  0x000002905c4c6800 ConcurrentGCThread "G1 Conc#0" [stack: 0x000000fe59000000,0x000000fe59100000] [id=22880]
  0x000002907d614800 ConcurrentGCThread "G1 Conc#1" [stack: 0x000000fe5b200000,0x000000fe5b300000] [id=4520]
  0x000002907b102800 ConcurrentGCThread "G1 Refine#0" [stack: 0x000000fe59100000,0x000000fe59200000] [id=23116]
  0x000002905c549000 ConcurrentGCThread "G1 Young RemSet Sampling" [stack: 0x000000fe59200000,0x000000fe59300000] [id=2328]

Threads with active compile tasks:
C2 CompilerThread0  29706 6962       4       org.objectweb.asm.Frame::execute (2318 bytes)
C2 CompilerThread1  29706 6969   !   4       com.google.common.reflect.TypeVisitor::visit (225 bytes)

VM state:not at safepoint (normal execution)

VM Mutex/Monitor currently owned by a thread: None

Heap address: 0x0000000080000000, size: 2048 MB, Compressed Oops mode: 32-bit
Narrow klass base: 0x0000000000000000, Narrow klass shift: 3
Compressed class space size: 1073741824 Address: 0x0000000100000000

Heap:
 garbage-first heap   total 129024K, used 89480K [0x0000000080000000, 0x0000000100000000)
  region size 1024K, 41 young (41984K), 2 survivors (2048K)
 Metaspace       used 64698K, capacity 66336K, committed 66508K, reserved 1107968K
  class space    used 8179K, capacity 8784K, committed 8908K, reserved 1048576K
Heap Regions: E=young(eden), S=young(survivor), O=old, HS=humongous(starts), HC=humongous(continues), CS=collection set, F=free, A=archive, TAMS=top-at-mark-start (previous, next)
|   0|0x0000000080000000, 0x0000000080100000, 0x0000000080100000|100%| O|  |TAMS 0x0000000080100000, 0x0000000080000000| Untracked 
|   1|0x0000000080100000, 0x0000000080200000, 0x0000000080200000|100%| O|  |TAMS 0x0000000080200000, 0x0000000080100000| Untracked 
|   2|0x0000000080200000, 0x0000000080300000, 0x0000000080300000|100%| O|  |TAMS 0x0000000080300000, 0x0000000080200000| Untracked 
|   3|0x0000000080300000, 0x0000000080400000, 0x0000000080400000|100%|HS|  |TAMS 0x0000000080400000, 0x0000000080300000| Complete 
|   4|0x0000000080400000, 0x0000000080500000, 0x0000000080500000|100%|HC|  |TAMS 0x0000000080500000, 0x0000000080400000| Complete 
|   5|0x0000000080500000, 0x0000000080600000, 0x0000000080600000|100%|HC|  |TAMS 0x0000000080600000, 0x0000000080500000| Complete 
|   6|0x0000000080600000, 0x0000000080700000, 0x0000000080700000|100%| O|  |TAMS 0x0000000080700000, 0x0000000080600000| Untracked 
|   7|0x0000000080700000, 0x0000000080800000, 0x0000000080800000|100%| O|  |TAMS 0x0000000080800000, 0x0000000080700000| Untracked 
|   8|0x0000000080800000, 0x0000000080900000, 0x0000000080900000|100%| O|  |TAMS 0x0000000080900000, 0x0000000080800000| Untracked 
|   9|0x0000000080900000, 0x0000000080a00000, 0x0000000080a00000|100%| O|  |TAMS 0x0000000080a00000, 0x0000000080900000| Untracked 
|  10|0x0000000080a00000, 0x0000000080b00000, 0x0000000080b00000|100%| O|  |TAMS 0x0000000080b00000, 0x0000000080a00000| Untracked 
|  11|0x0000000080b00000, 0x0000000080c00000, 0x0000000080c00000|100%| O|  |TAMS 0x0000000080c00000, 0x0000000080b00000| Untracked 
|  12|0x0000000080c00000, 0x0000000080d00000, 0x0000000080d00000|100%| O|  |TAMS 0x0000000080d00000, 0x0000000080c00000| Untracked 
|  13|0x0000000080d00000, 0x0000000080e00000, 0x0000000080e00000|100%| O|  |TAMS 0x0000000080e00000, 0x0000000080d00000| Untracked 
|  14|0x0000000080e00000, 0x0000000080f00000, 0x0000000080f00000|100%| O|  |TAMS 0x0000000080f00000, 0x0000000080e00000| Untracked 
|  15|0x0000000080f00000, 0x0000000081000000, 0x0000000081000000|100%| O|  |TAMS 0x0000000081000000, 0x0000000080f00000| Untracked 
|  16|0x0000000081000000, 0x0000000081100000, 0x0000000081100000|100%|HS|  |TAMS 0x0000000081100000, 0x0000000081000000| Complete 
|  17|0x0000000081100000, 0x0000000081200000, 0x0000000081200000|100%| O|  |TAMS 0x0000000081200000, 0x0000000081100000| Untracked 
|  18|0x0000000081200000, 0x0000000081300000, 0x0000000081300000|100%| O|  |TAMS 0x0000000081300000, 0x0000000081200000| Untracked 
|  19|0x0000000081300000, 0x0000000081400000, 0x0000000081400000|100%| O|  |TAMS 0x0000000081400000, 0x0000000081300000| Untracked 
|  20|0x0000000081400000, 0x0000000081500000, 0x0000000081500000|100%| O|  |TAMS 0x0000000081500000, 0x0000000081400000| Untracked 
|  21|0x0000000081500000, 0x0000000081600000, 0x0000000081600000|100%| O|  |TAMS 0x0000000081600000, 0x0000000081500000| Untracked 
|  22|0x0000000081600000, 0x0000000081700000, 0x0000000081700000|100%| O|  |TAMS 0x0000000081700000, 0x0000000081600000| Untracked 
|  23|0x0000000081700000, 0x0000000081800000, 0x0000000081800000|100%| O|  |TAMS 0x0000000081800000, 0x0000000081700000| Untracked 
|  24|0x0000000081800000, 0x0000000081900000, 0x0000000081900000|100%| O|  |TAMS 0x0000000081900000, 0x0000000081800000| Untracked 
|  25|0x0000000081900000, 0x0000000081a00000, 0x0000000081a00000|100%| O|  |TAMS 0x0000000081a00000, 0x0000000081900000| Untracked 
|  26|0x0000000081a00000, 0x0000000081b00000, 0x0000000081b00000|100%| O|  |TAMS 0x0000000081b00000, 0x0000000081a00000| Untracked 
|  27|0x0000000081b00000, 0x0000000081c00000, 0x0000000081c00000|100%|HS|  |TAMS 0x0000000081c00000, 0x0000000081b00000| Complete 
|  28|0x0000000081c00000, 0x0000000081d00000, 0x0000000081d00000|100%|HS|  |TAMS 0x0000000081d00000, 0x0000000081c00000| Complete 
|  29|0x0000000081d00000, 0x0000000081e00000, 0x0000000081e00000|100%|HC|  |TAMS 0x0000000081e00000, 0x0000000081d00000| Complete 
|  30|0x0000000081e00000, 0x0000000081f00000, 0x0000000081f00000|100%| O|  |TAMS 0x0000000081f00000, 0x0000000081e00000| Untracked 
|  31|0x0000000081f00000, 0x0000000082000000, 0x0000000082000000|100%| O|  |TAMS 0x0000000082000000, 0x0000000081f00000| Untracked 
|  32|0x0000000082000000, 0x0000000082100000, 0x0000000082100000|100%| O|  |TAMS 0x0000000082100000, 0x0000000082000000| Untracked 
|  33|0x0000000082100000, 0x0000000082200000, 0x0000000082200000|100%| O|  |TAMS 0x0000000082200000, 0x0000000082100000| Untracked 
|  34|0x0000000082200000, 0x0000000082300000, 0x0000000082300000|100%| O|  |TAMS 0x0000000082300000, 0x0000000082200000| Untracked 
|  35|0x0000000082300000, 0x0000000082400000, 0x0000000082400000|100%| O|  |TAMS 0x0000000082400000, 0x0000000082300000| Untracked 
|  36|0x0000000082400000, 0x0000000082500000, 0x0000000082500000|100%| O|  |TAMS 0x0000000082500000, 0x0000000082400000| Untracked 
|  37|0x0000000082500000, 0x0000000082600000, 0x0000000082600000|100%| O|  |TAMS 0x0000000082600000, 0x0000000082500000| Untracked 
|  38|0x0000000082600000, 0x0000000082700000, 0x0000000082700000|100%| O|  |TAMS 0x0000000082700000, 0x0000000082600000| Untracked 
|  39|0x0000000082700000, 0x0000000082800000, 0x0000000082800000|100%| O|  |TAMS 0x0000000082800000, 0x0000000082700000| Untracked 
|  40|0x0000000082800000, 0x0000000082900000, 0x0000000082900000|100%| O|  |TAMS 0x0000000082900000, 0x0000000082800000| Untracked 
|  41|0x0000000082900000, 0x0000000082a00000, 0x0000000082a00000|100%| O|  |TAMS 0x0000000082a00000, 0x0000000082900000| Untracked 
|  42|0x0000000082a00000, 0x0000000082b00000, 0x0000000082b00000|100%| O|  |TAMS 0x0000000082b00000, 0x0000000082a00000| Untracked 
|  43|0x0000000082b00000, 0x0000000082c00000, 0x0000000082c00000|100%| O|  |TAMS 0x0000000082c00000, 0x0000000082b00000| Untracked 
|  44|0x0000000082c00000, 0x0000000082d00000, 0x0000000082d00000|100%| O|  |TAMS 0x0000000082d00000, 0x0000000082c00000| Untracked 
|  45|0x0000000082d00000, 0x0000000082e00000, 0x0000000082e00000|100%| O|  |TAMS 0x0000000082e00000, 0x0000000082d00000| Untracked 
|  46|0x0000000082e00000, 0x0000000082f00000, 0x0000000082f00000|100%| O|  |TAMS 0x0000000082f00000, 0x0000000082e00000| Untracked 
|  47|0x0000000082f00000, 0x0000000082feee00, 0x0000000083000000| 93%| O|  |TAMS 0x0000000082feee00, 0x0000000082f00000| Untracked 
|  48|0x0000000083000000, 0x0000000083000000, 0x0000000083100000|  0%| F|  |TAMS 0x0000000083000000, 0x0000000083000000| Untracked 
|  49|0x0000000083100000, 0x0000000083100000, 0x0000000083200000|  0%| F|  |TAMS 0x0000000083100000, 0x0000000083100000| Untracked 
|  50|0x0000000083200000, 0x0000000083200000, 0x0000000083300000|  0%| F|  |TAMS 0x0000000083200000, 0x0000000083200000| Untracked 
|  51|0x0000000083300000, 0x0000000083300000, 0x0000000083400000|  0%| F|  |TAMS 0x0000000083300000, 0x0000000083300000| Untracked 
|  52|0x0000000083400000, 0x0000000083400000, 0x0000000083500000|  0%| F|  |TAMS 0x0000000083400000, 0x0000000083400000| Untracked 
|  53|0x0000000083500000, 0x0000000083500000, 0x0000000083600000|  0%| F|  |TAMS 0x0000000083500000, 0x0000000083500000| Untracked 
|  54|0x0000000083600000, 0x0000000083600000, 0x0000000083700000|  0%| F|  |TAMS 0x0000000083600000, 0x0000000083600000| Untracked 
|  55|0x0000000083700000, 0x0000000083700000, 0x0000000083800000|  0%| F|  |TAMS 0x0000000083700000, 0x0000000083700000| Untracked 
|  56|0x0000000083800000, 0x0000000083800000, 0x0000000083900000|  0%| F|  |TAMS 0x0000000083800000, 0x0000000083800000| Untracked 
|  57|0x0000000083900000, 0x0000000083900000, 0x0000000083a00000|  0%| F|  |TAMS 0x0000000083900000, 0x0000000083900000| Untracked 
|  58|0x0000000083a00000, 0x0000000083a00000, 0x0000000083b00000|  0%| F|  |TAMS 0x0000000083a00000, 0x0000000083a00000| Untracked 
|  59|0x0000000083b00000, 0x0000000083b00000, 0x0000000083c00000|  0%| F|  |TAMS 0x0000000083b00000, 0x0000000083b00000| Untracked 
|  60|0x0000000083c00000, 0x0000000083c00000, 0x0000000083d00000|  0%| F|  |TAMS 0x0000000083c00000, 0x0000000083c00000| Untracked 
|  61|0x0000000083d00000, 0x0000000083d00000, 0x0000000083e00000|  0%| F|  |TAMS 0x0000000083d00000, 0x0000000083d00000| Untracked 
|  62|0x0000000083e00000, 0x0000000083e00000, 0x0000000083f00000|  0%| F|  |TAMS 0x0000000083e00000, 0x0000000083e00000| Untracked 
|  63|0x0000000083f00000, 0x0000000083f00000, 0x0000000084000000|  0%| F|  |TAMS 0x0000000083f00000, 0x0000000083f00000| Untracked 
|  64|0x0000000084000000, 0x0000000084000000, 0x0000000084100000|  0%| F|  |TAMS 0x0000000084000000, 0x0000000084000000| Untracked 
|  65|0x0000000084100000, 0x0000000084100000, 0x0000000084200000|  0%| F|  |TAMS 0x0000000084100000, 0x0000000084100000| Untracked 
|  66|0x0000000084200000, 0x0000000084200000, 0x0000000084300000|  0%| F|  |TAMS 0x0000000084200000, 0x0000000084200000| Untracked 
|  67|0x0000000084300000, 0x0000000084300000, 0x0000000084400000|  0%| F|  |TAMS 0x0000000084300000, 0x0000000084300000| Untracked 
|  68|0x0000000084400000, 0x0000000084400000, 0x0000000084500000|  0%| F|  |TAMS 0x0000000084400000, 0x0000000084400000| Untracked 
|  69|0x0000000084500000, 0x0000000084500000, 0x0000000084600000|  0%| F|  |TAMS 0x0000000084500000, 0x0000000084500000| Untracked 
|  70|0x0000000084600000, 0x0000000084600000, 0x0000000084700000|  0%| F|  |TAMS 0x0000000084600000, 0x0000000084600000| Untracked 
|  71|0x0000000084700000, 0x0000000084700000, 0x0000000084800000|  0%| F|  |TAMS 0x0000000084700000, 0x0000000084700000| Untracked 
|  72|0x0000000084800000, 0x0000000084800000, 0x0000000084900000|  0%| F|  |TAMS 0x0000000084800000, 0x0000000084800000| Untracked 
|  73|0x0000000084900000, 0x0000000084900000, 0x0000000084a00000|  0%| F|  |TAMS 0x0000000084900000, 0x0000000084900000| Untracked 
|  74|0x0000000084a00000, 0x0000000084a00000, 0x0000000084b00000|  0%| F|  |TAMS 0x0000000084a00000, 0x0000000084a00000| Untracked 
|  75|0x0000000084b00000, 0x0000000084b00000, 0x0000000084c00000|  0%| F|  |TAMS 0x0000000084b00000, 0x0000000084b00000| Untracked 
|  76|0x0000000084c00000, 0x0000000084c00000, 0x0000000084d00000|  0%| F|  |TAMS 0x0000000084c00000, 0x0000000084c00000| Untracked 
|  77|0x0000000084d00000, 0x0000000084d00000, 0x0000000084e00000|  0%| F|  |TAMS 0x0000000084d00000, 0x0000000084d00000| Untracked 
|  78|0x0000000084e00000, 0x0000000084e00000, 0x0000000084f00000|  0%| F|  |TAMS 0x0000000084e00000, 0x0000000084e00000| Untracked 
|  79|0x0000000084f00000, 0x0000000084f00000, 0x0000000085000000|  0%| F|  |TAMS 0x0000000084f00000, 0x0000000084f00000| Untracked 
|  80|0x0000000085000000, 0x0000000085000000, 0x0000000085100000|  0%| F|  |TAMS 0x0000000085000000, 0x0000000085000000| Untracked 
|  81|0x0000000085100000, 0x0000000085100000, 0x0000000085200000|  0%| F|  |TAMS 0x0000000085100000, 0x0000000085100000| Untracked 
|  82|0x0000000085200000, 0x0000000085200000, 0x0000000085300000|  0%| F|  |TAMS 0x0000000085200000, 0x0000000085200000| Untracked 
|  83|0x0000000085300000, 0x0000000085300000, 0x0000000085400000|  0%| F|  |TAMS 0x0000000085300000, 0x0000000085300000| Untracked 
|  84|0x0000000085400000, 0x0000000085480800, 0x0000000085500000| 50%| E|  |TAMS 0x0000000085400000, 0x0000000085400000| Complete 
|  85|0x0000000085500000, 0x0000000085600000, 0x0000000085600000|100%| E|CS|TAMS 0x0000000085500000, 0x0000000085500000| Complete 
|  86|0x0000000085600000, 0x0000000085700000, 0x0000000085700000|100%| E|CS|TAMS 0x0000000085600000, 0x0000000085600000| Complete 
|  87|0x0000000085700000, 0x0000000085800000, 0x0000000085800000|100%| E|CS|TAMS 0x0000000085700000, 0x0000000085700000| Complete 
|  88|0x0000000085800000, 0x0000000085900000, 0x0000000085900000|100%| E|CS|TAMS 0x0000000085800000, 0x0000000085800000| Complete 
|  89|0x0000000085900000, 0x0000000085a00000, 0x0000000085a00000|100%| E|CS|TAMS 0x0000000085900000, 0x0000000085900000| Complete 
|  90|0x0000000085a00000, 0x0000000085b00000, 0x0000000085b00000|100%| E|CS|TAMS 0x0000000085a00000, 0x0000000085a00000| Complete 
|  91|0x0000000085b00000, 0x0000000085c00000, 0x0000000085c00000|100%| E|CS|TAMS 0x0000000085b00000, 0x0000000085b00000| Complete 
|  92|0x0000000085c00000, 0x0000000085c73328, 0x0000000085d00000| 44%| S|CS|TAMS 0x0000000085c00000, 0x0000000085c00000| Complete 
|  93|0x0000000085d00000, 0x0000000085e00000, 0x0000000085e00000|100%| S|CS|TAMS 0x0000000085d00000, 0x0000000085d00000| Complete 
|  94|0x0000000085e00000, 0x0000000085f00000, 0x0000000085f00000|100%| E|CS|TAMS 0x0000000085e00000, 0x0000000085e00000| Complete 
|  95|0x0000000085f00000, 0x0000000086000000, 0x0000000086000000|100%| E|CS|TAMS 0x0000000085f00000, 0x0000000085f00000| Complete 
|  96|0x0000000086000000, 0x0000000086100000, 0x0000000086100000|100%| E|CS|TAMS 0x0000000086000000, 0x0000000086000000| Complete 
|  97|0x0000000086100000, 0x0000000086200000, 0x0000000086200000|100%| E|CS|TAMS 0x0000000086100000, 0x0000000086100000| Complete 
|  98|0x0000000086200000, 0x0000000086300000, 0x0000000086300000|100%| E|CS|TAMS 0x0000000086200000, 0x0000000086200000| Complete 
|  99|0x0000000086300000, 0x0000000086400000, 0x0000000086400000|100%| E|CS|TAMS 0x0000000086300000, 0x0000000086300000| Complete 
| 100|0x0000000086400000, 0x0000000086500000, 0x0000000086500000|100%| E|CS|TAMS 0x0000000086400000, 0x0000000086400000| Complete 
| 101|0x0000000086500000, 0x0000000086600000, 0x0000000086600000|100%| E|CS|TAMS 0x0000000086500000, 0x0000000086500000| Complete 
| 102|0x0000000086600000, 0x0000000086700000, 0x0000000086700000|100%| E|CS|TAMS 0x0000000086600000, 0x0000000086600000| Complete 
| 103|0x0000000086700000, 0x0000000086800000, 0x0000000086800000|100%| E|CS|TAMS 0x0000000086700000, 0x0000000086700000| Complete 
| 104|0x0000000086800000, 0x0000000086900000, 0x0000000086900000|100%| E|CS|TAMS 0x0000000086800000, 0x0000000086800000| Complete 
| 105|0x0000000086900000, 0x0000000086a00000, 0x0000000086a00000|100%| E|CS|TAMS 0x0000000086900000, 0x0000000086900000| Complete 
| 106|0x0000000086a00000, 0x0000000086b00000, 0x0000000086b00000|100%| E|CS|TAMS 0x0000000086a00000, 0x0000000086a00000| Complete 
| 107|0x0000000086b00000, 0x0000000086c00000, 0x0000000086c00000|100%| E|CS|TAMS 0x0000000086b00000, 0x0000000086b00000| Complete 
| 108|0x0000000086c00000, 0x0000000086d00000, 0x0000000086d00000|100%| E|CS|TAMS 0x0000000086c00000, 0x0000000086c00000| Complete 
| 109|0x0000000086d00000, 0x0000000086e00000, 0x0000000086e00000|100%| E|CS|TAMS 0x0000000086d00000, 0x0000000086d00000| Complete 
| 110|0x0000000086e00000, 0x0000000086f00000, 0x0000000086f00000|100%| E|CS|TAMS 0x0000000086e00000, 0x0000000086e00000| Complete 
| 111|0x0000000086f00000, 0x0000000087000000, 0x0000000087000000|100%| E|CS|TAMS 0x0000000086f00000, 0x0000000086f00000| Complete 
| 112|0x0000000087000000, 0x0000000087100000, 0x0000000087100000|100%| E|CS|TAMS 0x0000000087000000, 0x0000000087000000| Complete 
| 113|0x0000000087100000, 0x0000000087200000, 0x0000000087200000|100%| E|CS|TAMS 0x0000000087100000, 0x0000000087100000| Complete 
| 114|0x0000000087200000, 0x0000000087300000, 0x0000000087300000|100%| E|CS|TAMS 0x0000000087200000, 0x0000000087200000| Complete 
| 115|0x0000000087300000, 0x0000000087400000, 0x0000000087400000|100%| E|CS|TAMS 0x0000000087300000, 0x0000000087300000| Complete 
| 116|0x0000000087400000, 0x0000000087500000, 0x0000000087500000|100%| E|CS|TAMS 0x0000000087400000, 0x0000000087400000| Complete 
| 117|0x0000000087500000, 0x0000000087600000, 0x0000000087600000|100%| E|CS|TAMS 0x0000000087500000, 0x0000000087500000| Complete 
| 118|0x0000000087600000, 0x0000000087700000, 0x0000000087700000|100%| E|CS|TAMS 0x0000000087600000, 0x0000000087600000| Complete 
| 119|0x0000000087700000, 0x0000000087800000, 0x0000000087800000|100%| E|CS|TAMS 0x0000000087700000, 0x0000000087700000| Complete 
| 120|0x0000000087800000, 0x0000000087900000, 0x0000000087900000|100%| E|CS|TAMS 0x0000000087800000, 0x0000000087800000| Complete 
| 121|0x0000000087900000, 0x0000000087a00000, 0x0000000087a00000|100%| E|CS|TAMS 0x0000000087900000, 0x0000000087900000| Complete 
| 122|0x0000000087a00000, 0x0000000087b00000, 0x0000000087b00000|100%| E|CS|TAMS 0x0000000087a00000, 0x0000000087a00000| Complete 
| 123|0x0000000087b00000, 0x0000000087c00000, 0x0000000087c00000|100%| E|CS|TAMS 0x0000000087b00000, 0x0000000087b00000| Complete 
| 124|0x0000000087c00000, 0x0000000087d00000, 0x0000000087d00000|100%| E|CS|TAMS 0x0000000087c00000, 0x0000000087c00000| Complete 
| 125|0x0000000087d00000, 0x0000000087e00000, 0x0000000087e00000|100%| E|CS|TAMS 0x0000000087d00000, 0x0000000087d00000| Complete 

Card table byte_map: [0x0000029074060000,0x0000029074460000] _byte_map_base: 0x0000029073c60000

Marking Bits (Prev, Next): (CMBitMap*) 0x000002905c4bc280, (CMBitMap*) 0x000002905c4bc248
 Prev Bits: [0x0000029076860000, 0x0000029078860000)
 Next Bits: [0x0000029074860000, 0x0000029076860000)

Polling page: 0x000002905a460000

Metaspace:

Usage:
  Non-class:     56.27 MB capacity,    55.22 MB ( 98%) used,   905.59 KB (  2%) free+waste,   166.75 KB ( <1%) overhead. 
      Class:      8.58 MB capacity,     7.99 MB ( 93%) used,   521.49 KB (  6%) free+waste,    78.44 KB ( <1%) overhead. 
       Both:     64.84 MB capacity,    63.21 MB ( 97%) used,     1.39 MB (  2%) free+waste,   245.19 KB ( <1%) overhead. 

Virtual space:
  Non-class space:       58.00 MB reserved,      56.50 MB ( 97%) committed 
      Class space:        1.00 GB reserved,       8.70 MB ( <1%) committed 
             Both:        1.06 GB reserved,      65.20 MB (  6%) committed 

Chunk freelists:
   Non-Class:  6.00 KB
       Class:  2.00 KB
        Both:  8.00 KB

CodeHeap 'non-profiled nmethods': size=120000Kb used=3986Kb max_used=3986Kb free=116014Kb
 bounds [0x000002906c400000, 0x000002906c7f0000, 0x0000029073930000]
CodeHeap 'profiled nmethods': size=120000Kb used=14863Kb max_used=14863Kb free=105136Kb
 bounds [0x0000029064ed0000, 0x0000029065d60000, 0x000002906c400000]
CodeHeap 'non-nmethods': size=5760Kb used=2293Kb max_used=2293Kb free=3466Kb
 bounds [0x0000029064930000, 0x0000029064ba0000, 0x0000029064ed0000]
 total_blobs=7877 nmethods=7024 adapters=762
 compilation: enabled
              stopped_count=0, restarted_count=0
 full_count=0

Compilation events (10 events):
Event: 29.416 Thread 0x000002907b2dd000 7002       3       com.google.common.reflect.TypeResolver::<init> (16 bytes)
Event: 29.416 Thread 0x000002907b2dd000 nmethod 7002 0x0000029065d2dc90 code [0x0000029065d2de60, 0x0000029065d2e1f8]
Event: 29.416 Thread 0x000002907b2dd000 7003       3       com.google.common.reflect.TypeResolver$TypeMappingIntrospector::getTypeMappings (33 bytes)
Event: 29.417 Thread 0x000002907b2dd000 nmethod 7003 0x0000029065d2e310 code [0x0000029065d2e580, 0x0000029065d2f268]
Event: 29.417 Thread 0x000002907b2dd000 7000       3       com.google.common.reflect.TypeToken::getCovariantTypeResolver (24 bytes)
Event: 29.417 Thread 0x000002907b2dd000 nmethod 7000 0x0000029065d2f690 code [0x0000029065d2f8c0, 0x0000029065d30078]
Event: 29.474 Thread 0x000002907b2dd000 7006       3       java.lang.ClassLoader::getParent (32 bytes)
Event: 29.475 Thread 0x000002907b2dd000 nmethod 7006 0x0000029065d30310 code [0x0000029065d30540, 0x0000029065d30db8]
Event: 29.488 Thread 0x000002907b2dd000 7007       3       java.util.logging.LogManager::getProperty (9 bytes)
Event: 29.488 Thread 0x000002907b2dd000 nmethod 7007 0x0000029065d31090 code [0x0000029065d31240, 0x0000029065d31408]

GC Heap History (10 events):
Event: 18.182 GC heap before
{Heap before GC invocations=9 (full 0):
 garbage-first heap   total 129024K, used 90740K [0x0000000080000000, 0x0000000100000000)
  region size 1024K, 64 young (65536K), 4 survivors (4096K)
 Metaspace       used 49640K, capacity 50765K, committed 50944K, reserved 1093632K
  class space    used 6421K, capacity 6840K, committed 6912K, reserved 1048576K
}
Event: 18.189 GC heap after
{Heap after GC invocations=10 (full 0):
 garbage-first heap   total 129024K, used 32293K [0x0000000080000000, 0x0000000100000000)
  region size 1024K, 7 young (7168K), 7 survivors (7168K)
 Metaspace       used 49640K, capacity 50765K, committed 50944K, reserved 1093632K
  class space    used 6421K, capacity 6840K, committed 6912K, reserved 1048576K
}
Event: 24.789 GC heap before
{Heap before GC invocations=10 (full 0):
 garbage-first heap   total 129024K, used 97829K [0x0000000080000000, 0x0000000100000000)
  region size 1024K, 67 young (68608K), 7 survivors (7168K)
 Metaspace       used 52069K, capacity 53352K, committed 53504K, reserved 1095680K
  class space    used 6693K, capacity 7162K, committed 7168K, reserved 1048576K
}
Event: 24.799 GC heap after
{Heap after GC invocations=11 (full 0):
 garbage-first heap   total 129024K, used 44955K [0x0000000080000000, 0x0000000100000000)
  region size 1024K, 9 young (9216K), 9 survivors (9216K)
 Metaspace       used 52069K, capacity 53352K, committed 53504K, reserved 1095680K
  class space    used 6693K, capacity 7162K, committed 7168K, reserved 1048576K
}
Event: 26.156 GC heap before
{Heap before GC invocations=11 (full 0):
 garbage-first heap   total 129024K, used 97179K [0x0000000080000000, 0x0000000100000000)
  region size 1024K, 60 young (61440K), 9 survivors (9216K)
 Metaspace       used 53634K, capacity 55108K, committed 55296K, reserved 1097728K
  class space    used 6885K, capacity 7411K, committed 7424K, reserved 1048576K
}
Event: 26.167 GC heap after
{Heap after GC invocations=12 (full 0):
 garbage-first heap   total 129024K, used 49782K [0x0000000080000000, 0x0000000100000000)
  region size 1024K, 5 young (5120K), 5 survivors (5120K)
 Metaspace       used 53634K, capacity 55108K, committed 55296K, reserved 1097728K
  class space    used 6885K, capacity 7411K, committed 7424K, reserved 1048576K
}
Event: 27.076 GC heap before
{Heap before GC invocations=12 (full 0):
 garbage-first heap   total 129024K, used 97910K [0x0000000080000000, 0x0000000100000000)
  region size 1024K, 52 young (53248K), 5 survivors (5120K)
 Metaspace       used 54120K, capacity 55780K, committed 55936K, reserved 1097728K
  class space    used 6920K, capacity 7529K, committed 7552K, reserved 1048576K
}
Event: 27.081 GC heap after
{Heap after GC invocations=13 (full 0):
 garbage-first heap   total 129024K, used 50065K [0x0000000080000000, 0x0000000100000000)
  region size 1024K, 1 young (1024K), 1 survivors (1024K)
 Metaspace       used 54120K, capacity 55780K, committed 55936K, reserved 1097728K
  class space    used 6920K, capacity 7529K, committed 7552K, reserved 1048576K
}
Event: 28.135 GC heap before
{Heap before GC invocations=13 (full 0):
 garbage-first heap   total 129024K, used 81809K [0x0000000080000000, 0x0000000100000000)
  region size 1024K, 33 young (33792K), 1 survivors (1024K)
 Metaspace       used 58456K, capacity 60098K, committed 60160K, reserved 1101824K
  class space    used 7462K, capacity 8030K, committed 8064K, reserved 1048576K
}
Event: 28.140 GC heap after
{Heap after GC invocations=14 (full 0):
 garbage-first heap   total 129024K, used 50568K [0x0000000080000000, 0x0000000100000000)
  region size 1024K, 2 young (2048K), 2 survivors (2048K)
 Metaspace       used 58456K, capacity 60098K, committed 60160K, reserved 1101824K
  class space    used 7462K, capacity 8030K, committed 8064K, reserved 1048576K
}

Deoptimization events (10 events):
Event: 25.812 Thread 0x000002907db7f000 Uncommon trap: reason=unstable_if action=reinterpret pc=0x000002906c6383b4 method=groovyjarjarantlr4.v4.runtime.atn.PredictionContextCache$IdentityCommutativePredictionContextOperands.equals(Ljava/lang/Object;)Z @ 51 c2
Event: 26.167 Thread 0x000002907bd89000 Uncommon trap: reason=class_check action=maybe_recompile pc=0x000002906c5a88cc method=jdk.internal.ref.PhantomCleanable.clean()V @ 12 c2
Event: 26.167 Thread 0x000002907bd89000 Uncommon trap: reason=class_check action=maybe_recompile pc=0x000002906c5a88cc method=jdk.internal.ref.PhantomCleanable.clean()V @ 12 c2
Event: 27.026 Thread 0x000002907db7f000 Uncommon trap: reason=unstable_if action=reinterpret pc=0x000002906c45a55c method=java.util.jar.Manifest$FastInputStream.readLine([BII)I @ 130 c2
Event: 27.332 Thread 0x000002907db7f000 Uncommon trap: reason=unstable_if action=reinterpret pc=0x000002906c653874 method=java.io.BufferedInputStream.read1([BII)I @ 22 c2
Event: 27.382 Thread 0x000002907db7f000 Uncommon trap: reason=unstable_fused_if action=reinterpret pc=0x000002906c5c24fc method=org.objectweb.asm.ByteVector.putUTF8(Ljava/lang/String;)Lorg/objectweb/asm/ByteVector; @ 93 c2
Event: 27.388 Thread 0x000002907db7f000 Uncommon trap: reason=unstable_if action=reinterpret pc=0x000002906c5d0868 method=org.objectweb.asm.Frame.execute(IILorg/objectweb/asm/Symbol;Lorg/objectweb/asm/SymbolTable;)V @ 1 c2
Event: 27.435 Thread 0x000002907db7f000 Uncommon trap: reason=unstable_fused_if action=reinterpret pc=0x000002906c52d6d4 method=org.objectweb.asm.ByteVector.putUTF8(Ljava/lang/String;)Lorg/objectweb/asm/ByteVector; @ 93 c2
Event: 28.142 Thread 0x000002907bd89000 Uncommon trap: reason=class_check action=maybe_recompile pc=0x000002906c5a88cc method=jdk.internal.ref.PhantomCleanable.clean()V @ 12 c2
Event: 28.323 Thread 0x000002907db7f000 Uncommon trap: reason=bimorphic_or_optimized_type_check action=maybe_recompile pc=0x000002906c54e04c method=java.util.Spliterators$IteratorSpliterator.tryAdvance(Ljava/util/function/Consumer;)Z @ 50 c2

Classes redefined (0 events):
No events

Internal exceptions (10 events):
Event: 27.015 Thread 0x000002907db7f000 Exception <a 'java/lang/ClassNotFoundException'{0x00000000851f6608}: org/gradle/api/internal/plugins/DefaultObjectConfigurationActionBeanInfo> (0x00000000851f6608) thrown at [./open/src/hotspot/share/classfile/systemDictionary.cpp, line 228]
Event: 27.018 Thread 0x000002907db7f000 Exception <a 'java/lang/ClassNotFoundException'{0x0000000085028f58}: org/gradle/api/internal/plugins/DefaultObjectConfigurationActionCustomizer> (0x0000000085028f58) thrown at [./open/src/hotspot/share/classfile/systemDictionary.cpp, line 228]
Event: 27.360 Thread 0x000002907db7f000 Exception <a 'java/lang/NoSuchMethodError'{0x000000008749a878}: java.lang.invoke.DirectMethodHandle$Holder.invokeStatic(Ljava/lang/Object;Ljava/lang/Object;Ljava/lang/Object;Ljava/lang/Object;I)Ljava/lang/Object;> (0x000000008749a878) thrown at [./open/sr
Event: 27.360 Thread 0x000002907db7f000 Exception <a 'java/lang/NoSuchMethodError'{0x000000008749f268}: java.lang.invoke.DirectMethodHandle$Holder.invokeSpecial(Ljava/lang/Object;Ljava/lang/Object;Ljava/lang/Object;Ljava/lang/Object;Ljava/lang/Object;I)Ljava/lang/Object;> (0x000000008749f268) t
Event: 27.361 Thread 0x000002907db7f000 Exception <a 'java/lang/NoSuchMethodError'{0x00000000874a38a0}: java.lang.invoke.Invokers$Holder.linkToTargetMethod(Ljava/lang/Object;Ljava/lang/Object;Ljava/lang/Object;ILjava/lang/Object;)Ljava/lang/Object;> (0x00000000874a38a0) thrown at [./open/src/ho
Event: 27.831 Thread 0x000002907db7f000 Exception <a 'java/lang/NoSuchMethodError'{0x0000000086593518}: java.lang.invoke.DirectMethodHandle$Holder.invokeSpecial(Ljava/lang/Object;Ljava/lang/Object;IILjava/lang/Object;Ljava/lang/Object;Ljava/lang/Object;)Ljava/lang/Object;> (0x0000000086593518) 
Event: 27.831 Thread 0x000002907db7f000 Exception <a 'java/lang/NoSuchMethodError'{0x0000000086597a90}: java.lang.invoke.DelegatingMethodHandle$Holder.reinvoke_L(Ljava/lang/Object;IILjava/lang/Object;Ljava/lang/Object;Ljava/lang/Object;)Ljava/lang/Object;> (0x0000000086597a90) thrown at [./open
Event: 28.352 Thread 0x000002907db7f000 Exception <a 'java/lang/NoSuchMethodError'{0x000000008796f168}: java.lang.invoke.DirectMethodHandle$Holder.invokeInterface(Ljava/lang/Object;Ljava/lang/Object;Ljava/lang/Object;Ljava/lang/Object;)I> (0x000000008796f168) thrown at [./open/src/hotspot/share
Event: 29.140 Thread 0x000002907db7f000 Exception <a 'java/lang/NoSuchMethodError'{0x00000000862c7f20}: java.lang.invoke.DirectMethodHandle$Holder.invokeInterface(Ljava/lang/Object;Ljava/lang/Object;Ljava/lang/Object;Ljava/lang/Object;)V> (0x00000000862c7f20) thrown at [./open/src/hotspot/share
Event: 29.494 Thread 0x000002907db7f000 Exception <a 'java/lang/IncompatibleClassChangeError'{0x00000000857525c8}: Found class java.lang.Object, but interface was expected> (0x00000000857525c8) thrown at [./open/src/hotspot/share/interpreter/linkResolver.cpp, line 838]

Events (10 events):
Event: 29.505 loading class com/sun/jmx/mbeanserver/MBeanAnalyzer done
Event: 29.506 loading class com/sun/jmx/mbeanserver/MBeanAnalyzer$MethodOrder
Event: 29.506 loading class com/sun/jmx/mbeanserver/MBeanAnalyzer$MethodOrder done
Event: 29.506 loading class com/sun/jmx/mbeanserver/ConvertingMethod
Event: 29.506 loading class com/sun/jmx/mbeanserver/ConvertingMethod done
Event: 29.507 loading class com/sun/jmx/mbeanserver/MXBeanMappingFactory
Event: 29.507 loading class com/sun/jmx/mbeanserver/MXBeanMappingFactory done
Event: 29.507 loading class com/sun/jmx/mbeanserver/DefaultMXBeanMappingFactory
Event: 29.508 loading class com/sun/jmx/mbeanserver/DefaultMXBeanMappingFactory done
Event: 29.508 loading class com/sun/jmx/mbeanserver/DefaultMXBeanMappingFactory$Mappings


Dynamic libraries:
0x00007ff732930000 - 0x00007ff73293f000 	C:\Program Files\Java\jdk-11.0.12\bin\java.exe
0x00007ffd19a20000 - 0x00007ffd19c10000 	C:\Windows\SYSTEM32\ntdll.dll
0x00007ffd18c80000 - 0x00007ffd18d32000 	C:\Windows\System32\KERNEL32.DLL
0x00007ffd17340000 - 0x00007ffd175e5000 	C:\Windows\System32\KERNELBASE.dll
0x00007ffd17920000 - 0x00007ffd17a1a000 	C:\Windows\System32\ucrtbase.dll
0x00007ffd0ec10000 - 0x00007ffd0ec28000 	C:\Program Files\Java\jdk-11.0.12\bin\jli.dll
0x00007ffcf6080000 - 0x00007ffcf6095000 	C:\Program Files\Java\jdk-11.0.12\bin\VCRUNTIME140.dll
0x00007ffd187d0000 - 0x00007ffd18873000 	C:\Windows\System32\ADVAPI32.dll
0x00007ffd18dd0000 - 0x00007ffd18e6e000 	C:\Windows\System32\msvcrt.dll
0x00007ffd17c00000 - 0x00007ffd17c97000 	C:\Windows\System32\sechost.dll
0x00007ffd198b0000 - 0x00007ffd199cf000 	C:\Windows\System32\RPCRT4.dll
0x00007ffd18e70000 - 0x00007ffd19004000 	C:\Windows\System32\USER32.dll
0x00007ffd178c0000 - 0x00007ffd178e1000 	C:\Windows\System32\win32u.dll
0x00007ffd18da0000 - 0x00007ffd18dc6000 	C:\Windows\System32\GDI32.dll
0x00007ffd171a0000 - 0x00007ffd17338000 	C:\Windows\System32\gdi32full.dll
0x00007ffd175f0000 - 0x00007ffd1768e000 	C:\Windows\System32\msvcp_win.dll
0x00007ffcfac90000 - 0x00007ffcfaf14000 	C:\Windows\WinSxS\amd64_microsoft.windows.common-controls_6595b64144ccf1df_6.0.18362.1556_none_9e7e372fe45e41d5\COMCTL32.dll
0x00007ffd18110000 - 0x00007ffd18446000 	C:\Windows\System32\combase.dll
0x00007ffd16990000 - 0x00007ffd16a11000 	C:\Windows\System32\bcryptPrimitives.dll
0x00007ffd10cf0000 - 0x00007ffd10cfa000 	C:\Windows\SYSTEM32\VERSION.dll
0x00007ffd18bd0000 - 0x00007ffd18bfe000 	C:\Windows\System32\IMM32.DLL
0x00007ffcef6e0000 - 0x00007ffcef77b000 	C:\Program Files\Java\jdk-11.0.12\bin\msvcp140.dll
0x00007ffcd1f30000 - 0x00007ffcd2a2f000 	C:\Program Files\Java\jdk-11.0.12\bin\server\jvm.dll
0x00007ffd199d0000 - 0x00007ffd199d8000 	C:\Windows\System32\PSAPI.DLL
0x00007ffd14450000 - 0x00007ffd14459000 	C:\Windows\SYSTEM32\WSOCK32.dll
0x00007ffd05670000 - 0x00007ffd05694000 	C:\Windows\SYSTEM32\WINMM.dll
0x00007ffd18740000 - 0x00007ffd187af000 	C:\Windows\System32\WS2_32.dll
0x00007ffd05640000 - 0x00007ffd0566d000 	C:\Windows\SYSTEM32\winmmbase.dll
0x00007ffd17810000 - 0x00007ffd1785a000 	C:\Windows\System32\cfgmgr32.dll
0x00007ffd16970000 - 0x00007ffd16981000 	C:\Windows\System32\kernel.appcore.dll
0x00007ffd0dc40000 - 0x00007ffd0dc50000 	C:\Program Files\Java\jdk-11.0.12\bin\verify.dll
0x00007ffd0f6a0000 - 0x00007ffd0f894000 	C:\Windows\SYSTEM32\DBGHELP.DLL
0x00007ffd0f270000 - 0x00007ffd0f29a000 	C:\Windows\SYSTEM32\dbgcore.DLL
0x00007ffceff10000 - 0x00007ffceff38000 	C:\Program Files\Java\jdk-11.0.12\bin\java.dll
0x00007ffd0db40000 - 0x00007ffd0db4a000 	C:\Program Files\Java\jdk-11.0.12\bin\jimage.dll
0x00007ffcf6060000 - 0x00007ffcf6076000 	C:\Program Files\Java\jdk-11.0.12\bin\zip.dll
0x00007ffd19160000 - 0x00007ffd19847000 	C:\Windows\System32\SHELL32.dll
0x00007ffd18b20000 - 0x00007ffd18bc8000 	C:\Windows\System32\shcore.dll
0x00007ffd16a20000 - 0x00007ffd1719b000 	C:\Windows\System32\windows.storage.dll
0x00007ffd168e0000 - 0x00007ffd168fe000 	C:\Windows\System32\profapi.dll
0x00007ffd16920000 - 0x00007ffd1696a000 	C:\Windows\System32\powrprof.dll
0x00007ffd168d0000 - 0x00007ffd168e0000 	C:\Windows\System32\UMPDC.dll
0x00007ffd19850000 - 0x00007ffd198a2000 	C:\Windows\System32\shlwapi.dll
0x00007ffd17690000 - 0x00007ffd176a7000 	C:\Windows\System32\cryptsp.dll
0x00007ffcf6010000 - 0x00007ffcf6029000 	C:\Program Files\Java\jdk-11.0.12\bin\net.dll
0x00007ffd09f70000 - 0x00007ffd0a06a000 	C:\Windows\SYSTEM32\WINHTTP.dll
0x00007ffd16110000 - 0x00007ffd16177000 	C:\Windows\system32\mswsock.dll
0x00007ffcf0970000 - 0x00007ffcf0982000 	C:\Program Files\Java\jdk-11.0.12\bin\nio.dll
0x00007ffce6ec0000 - 0x00007ffce6ee7000 	C:\Users\OmarTaha\.gradle\native\8bec1ad78214c89d9ad589b4d07fe93259594b29d510b10fafb7a158f7737e5d\windows-amd64\native-platform.dll
0x00007ffcd3180000 - 0x00007ffcd32bd000 	C:\Users\OmarTaha\.gradle\native\53dbd7edfb1c66fb8903c78663c9afc45aea4f116125fa6feffd364cf09443e8\windows-amd64\native-platform-file-events.dll
0x00007ffcf5af0000 - 0x00007ffcf5af9000 	C:\Program Files\Java\jdk-11.0.12\bin\management.dll
0x00007ffcf0f70000 - 0x00007ffcf0f7b000 	C:\Program Files\Java\jdk-11.0.12\bin\management_ext.dll
0x00007ffd15c90000 - 0x00007ffd15cc3000 	C:\Windows\system32\rsaenh.dll
0x00007ffd178f0000 - 0x00007ffd17916000 	C:\Windows\System32\bcrypt.dll
0x00007ffd167f0000 - 0x00007ffd16815000 	C:\Windows\SYSTEM32\USERENV.dll
0x00007ffd162e0000 - 0x00007ffd162ec000 	C:\Windows\SYSTEM32\CRYPTBASE.dll
0x00007ffd15e20000 - 0x00007ffd15e5a000 	C:\Windows\SYSTEM32\IPHLPAPI.DLL
0x00007ffd19150000 - 0x00007ffd19158000 	C:\Windows\System32\NSI.dll
0x00007ffd0af70000 - 0x00007ffd0af86000 	C:\Windows\SYSTEM32\dhcpcsvc6.DLL
0x00007ffd0b310000 - 0x00007ffd0b32c000 	C:\Windows\SYSTEM32\dhcpcsvc.DLL
0x00007ffd15e60000 - 0x00007ffd15f2b000 	C:\Windows\SYSTEM32\DNSAPI.dll

dbghelp: loaded successfully - version: 4.0.5 - missing functions: none
symbol engine: initialized successfully - sym options: 0x614 - pdb path: .;C:\Program Files\Java\jdk-11.0.12\bin;C:\Windows\SYSTEM32;C:\Windows\WinSxS\amd64_microsoft.windows.common-controls_6595b64144ccf1df_6.0.18362.1556_none_9e7e372fe45e41d5;C:\Program Files\Java\jdk-11.0.12\bin\server;C:\Users\OmarTaha\.gradle\native\8bec1ad78214c89d9ad589b4d07fe93259594b29d510b10fafb7a158f7737e5d\windows-amd64;C:\Users\OmarTaha\.gradle\native\53dbd7edfb1c66fb8903c78663c9afc45aea4f116125fa6feffd364cf09443e8\windows-amd64

VM Arguments:
jvm_args: --add-opens=java.base/java.util=ALL-UNNAMED --add-opens=java.base/java.lang=ALL-UNNAMED --add-opens=java.base/java.lang.invoke=ALL-UNNAMED --add-opens=java.base/java.util=ALL-UNNAMED --add-opens=java.prefs/java.util.prefs=ALL-UNNAMED --add-opens=java.prefs/java.util.prefs=ALL-UNNAMED --add-opens=java.base/java.nio.charset=ALL-UNNAMED --add-opens=java.base/java.net=ALL-UNNAMED --add-opens=java.base/java.util.concurrent.atomic=ALL-UNNAMED -Xmx2048m -Dfile.encoding=windows-1252 -Duser.country=US -Duser.language=en -Duser.variant 
java_command: org.gradle.launcher.daemon.bootstrap.GradleDaemon 7.1-rc-1
java_class_path (initial): C:\Users\OmarTaha\.gradle\wrapper\dists\gradle-7.1-rc-1-bin\89hqeppvp8dbb4pzs5e0rkzxn\gradle-7.1-rc-1\lib\gradle-launcher-7.1.jar
Launcher Type: SUN_STANDARD

[Global flags]
     intx CICompilerCount                          = 4                                         {product} {ergonomic}
     uint ConcGCThreads                            = 2                                         {product} {ergonomic}
     uint G1ConcRefinementThreads                  = 8                                         {product} {ergonomic}
   size_t G1HeapRegionSize                         = 1048576                                   {product} {ergonomic}
    uintx GCDrainStackTargetSize                   = 64                                        {product} {ergonomic}
   size_t InitialHeapSize                          = 132120576                                 {product} {ergonomic}
   size_t MarkStackSize                            = 4194304                                   {product} {ergonomic}
   size_t MaxHeapSize                              = 2147483648                                {product} {command line}
   size_t MaxNewSize                               = 1287651328                                {product} {ergonomic}
   size_t MinHeapDeltaBytes                        = 1048576                                   {product} {ergonomic}
    uintx NonNMethodCodeHeapSize                   = 5836300                                {pd product} {ergonomic}
    uintx NonProfiledCodeHeapSize                  = 122910970                              {pd product} {ergonomic}
    uintx ProfiledCodeHeapSize                     = 122910970                              {pd product} {ergonomic}
    uintx ReservedCodeCacheSize                    = 251658240                              {pd product} {ergonomic}
     bool SegmentedCodeCache                       = true                                      {product} {ergonomic}
     bool UseCompressedClassPointers               = true                                 {lp64_product} {ergonomic}
     bool UseCompressedOops                        = true                                 {lp64_product} {ergonomic}
     bool UseG1GC                                  = true                                      {product} {ergonomic}
     bool UseLargePagesIndividualAllocation        = false                                  {pd product} {ergonomic}

Logging:
Log output configuration:
 #0: stdout all=warning uptime,level,tags
 #1: stderr all=off uptime,level,tags

Environment Variables:
JAVA_HOME=C:\Program Files\Java\jdk-11.0.12\bin
PATH=C:\Program Files\Common Files\Oracle\Java\javapath;C:\Program Files (x86)\Common Files\Oracle\Java\javapath;C:\Program Files (x86)\Common Files\Intel\Shared Libraries\redist\intel64\compiler;C:\Program Files\Java\jdk-12.0.2\bin;C:\Windows\system32;C:\Windows;C:\Windows\System32\Wbem;C:\Windows\System32\WindowsPowerShell\v1.0\;C:\Windows\System32\OpenSSH\;C:\Program Files\dotnet\;C:\Program Files\Microsoft SQL Server\120\Tools\Binn\;C:\Program Files\Microsoft SQL Server\120\DTS\Binn\;C:\Program Files\Microsoft SQL Server\Client SDK\ODBC\110\Tools\Binn\;C:\Program Files (x86)\Microsoft SQL Server\120\Tools\Binn\;C:\Program Files (x86)\Microsoft SQL Server\120\Tools\Binn\ManagementStudio\;C:\Program Files (x86)\Microsoft SQL Server\120\DTS\Binn\;C:\Windows\Microsoft.NET\Framework\v3.5;C:\Program Files\Microsoft SQL Server\130\Tools\Binn\;C:\Program Files\Microsoft SQL Server\Client SDK\ODBC\170\Tools\Binn\;C:\Program Files\MATLAB\R2016a\runtime\win64;C:\Program Files\MATLAB\R2016a\bin;C:\Program Files\MATLAB\R2016a\polyspace\bin;C:\Program Files (x86)\dotnet\;C:\sqlite;C:\Program Files\Git\cmd;C:\Users\OmarTaha\AppData\Local\Programs\Python\Python310;C:\Users\OmarTaha\AppData\Local\Programs\Python\Python310\Scripts;C:\Users\OmarTaha\AppData\Local\Programs\Python\Python38-32\Scripts\;C:\Users\OmarTaha\AppData\Local\Programs\Python\Python38-32\;C:\Users\OmarTaha\AppData\Local\Microsoft\WindowsApps;C:\Users\OmarTaha\AppData\Local\Programs\Microsoft VS Code\bin;C:\Users\OmarTaha\.dotnet\tools;C:\Program Files\JetBrains\PyCharm Community Edition 2020.2.4\bin;;C:\Users\OmarTaha\AppData\Local\GitHubDesktop\bin;
USERNAME=OmarTaha
OS=Windows_NT
PROCESSOR_IDENTIFIER=Intel64 Family 6 Model 60 Stepping 3, GenuineIntel



---------------  S Y S T E M  ---------------

OS: Windows 10 , 64 bit Build 18362 (10.0.18362.1500)

CPU:total 8 (initial active 8) (4 cores per cpu, 2 threads per core) family 6 model 60 stepping 3 microcode 0x28, cmov, cx8, fxsr, mmx, sse, sse2, sse3, ssse3, sse4.1, sse4.2, popcnt, avx, avx2, aes, clmul, erms, lzcnt, ht, tsc, tscinvbit, bmi1, bmi2, fma

Memory: 4k page, system-wide physical 7993M (424M free)
TotalPageFile size 32569M (AvailPageFile size 8M)
current process WorkingSet (physical memory assigned to process): 316M, peak: 319M
current process commit charge ("private bytes"): 383M, peak: 389M

vm_info: Java HotSpot(TM) 64-Bit Server VM (11.0.12+8-LTS-237) for windows-amd64 JRE (11.0.12+8-LTS-237), built on Jun  8 2021 11:25:59 by "mach5one" with MS VC++ 15.9 (VS2017)

END.
