#
# There is insufficient memory for the Java Runtime Environment to continue.
# Native memory allocation (malloc) failed to allocate 2233136 bytes for Chunk::new
# Possible reasons:
#   The system is out of physical RAM or swap space
#   The process is running with CompressedOops enabled, and the Java Heap may be blocking the growth of the native heap
# Possible solutions:
#   Reduce memory load on the system
#   Increase physical memory or swap space
#   Check if swap backing store is full
#   Decrease Java heap size (-Xmx/-Xms)
#   Decrease number of Java threads
#   Decrease Java thread stack sizes (-Xss)
#   Set larger code cache with -XX:ReservedCodeCacheSize=
#   JVM is running with Unscaled Compressed Oops mode in which the Java heap is
#     placed in the first 4GB address space. The Java Heap base address is the
#     maximum limit for the native heap growth. Please use -XX:HeapBaseMinAddress
#     to set the Java Heap base and to place the Java Heap above 4GB virtual address.
# This output file may be truncated or incomplete.
#
#  Out of Memory Error (./src/hotspot/share/memory/arena.cpp:197), pid=15564, tid=15308
#
# JRE version: OpenJDK Runtime Environment (11.0.10) (build 11.0.10+0-b96-7249189)
# Java VM: OpenJDK 64-Bit Server VM (11.0.10+0-b96-7249189, mixed mode, tiered, compressed oops, g1 gc, windows-amd64)
# No core dump will be written. Minidumps are not enabled by default on client versions of Windows
#

---------------  S U M M A R Y ------------

Command Line: --add-opens=java.base/java.util=ALL-UNNAMED --add-opens=java.base/java.lang=ALL-UNNAMED --add-opens=java.base/java.lang.invoke=ALL-UNNAMED --add-opens=java.base/java.util=ALL-UNNAMED --add-opens=java.prefs/java.util.prefs=ALL-UNNAMED --add-opens=java.prefs/java.util.prefs=ALL-UNNAMED --add-opens=java.base/java.nio.charset=ALL-UNNAMED --add-opens=java.base/java.net=ALL-UNNAMED --add-opens=java.base/java.util.concurrent.atomic=ALL-UNNAMED -Xmx2048m -Dfile.encoding=windows-1252 -Duser.country=US -Duser.language=en -Duser.variant org.gradle.launcher.daemon.bootstrap.GradleDaemon 7.1-rc-1

Host: Intel(R) Core(TM) i7-4800MQ CPU @ 2.70GHz, 8 cores, 7G,  Windows 10 , 64 bit Build 18362 (10.0.18362.1500)
Time: Sat Oct  9 13:47:03 2021 Arab Standard Time elapsed time: 14.764293 seconds (0d 0h 0m 14s)

---------------  T H R E A D  ---------------

Current thread (0x00000150297ef000):  JavaThread "C2 CompilerThread0" daemon [_thread_in_native, id=15308, stack(0x000000303a000000,0x000000303a100000)]


Current CompileTask:
C2:  14764 6634   !   4       com.sun.beans.TypeResolver::resolve (261 bytes)

Stack: [0x000000303a000000,0x000000303a100000]
Native frames: (J=compiled Java code, j=interpreted, Vv=VM code, C=native code)
V  [jvm.dll+0x5ecfaa]
V  [jvm.dll+0x722bd5]
V  [jvm.dll+0x72412d]
V  [jvm.dll+0x7247e3]
V  [jvm.dll+0x242928]
V  [jvm.dll+0xbc4fc]
V  [jvm.dll+0xbca0c]
V  [jvm.dll+0x352d7d]
V  [jvm.dll+0x320ad3]
V  [jvm.dll+0x31ffca]
V  [jvm.dll+0x1fb602]
V  [jvm.dll+0x1fa7f4]
V  [jvm.dll+0x18354c]
V  [jvm.dll+0x208ee7]
V  [jvm.dll+0x207731]
V  [jvm.dll+0x6eb1cf]
V  [jvm.dll+0x6e3d45]
V  [jvm.dll+0x5ebe96]
C  [ucrtbase.dll+0x210b2]
C  [KERNEL32.DLL+0x17c24]
C  [ntdll.dll+0x6d721]


---------------  P R O C E S S  ---------------

Threads class SMR info:
_java_thread_list=0x0000015031206bc0, length=124, elements={
0x000001500cb52800, 0x0000015029791800, 0x000001502979f000, 0x00000150297e4800,
0x00000150297e6800, 0x00000150297ea000, 0x00000150297ef000, 0x0000015028f78800,
0x0000015028f81000, 0x0000015029943800, 0x000001502c0ad800, 0x000001502c03c000,
0x000001502ba74000, 0x000001502a9b2000, 0x000001502c43b800, 0x000001502abb4000,
0x000001502b975000, 0x000001502d38b000, 0x000001502b970000, 0x0000015029d2c800,
0x0000015029d28800, 0x0000015029d2a000, 0x0000015029d29000, 0x0000015029d2b800,
0x0000015029d2f000, 0x0000015029d2a800, 0x000001502d0f8800, 0x000001502d0f6000,
0x000001502d0f3800, 0x000001502d0f4800, 0x000001502d0fa000, 0x000001502d0f7800,
0x000001502d0f9800, 0x000001502d0fb000, 0x000001502d0f5800, 0x000001502d0fc000,
0x000001502d0f7000, 0x000001502d101800, 0x000001502d0ff000, 0x000001502d100000,
0x000001502d100800, 0x000001502d106000, 0x000001502d108800, 0x000001502d107000,
0x000001502d109800, 0x000001502d103800, 0x000001502d10f000, 0x000001502d10c000,
0x000001502d10c800, 0x000001502d110000, 0x000001502d10d800, 0x000001502d10a000,
0x000001502d10b000, 0x000001502d110800, 0x000001502d111800, 0x000001502d10e800,
0x000001502d112800, 0x000001502fa69800, 0x000001502fa6a800, 0x000001502fa6b000,
0x000001502fa6c000, 0x000001502fa6d000, 0x000001502fa69000, 0x000001502fa71000,
0x000001502fa6e800, 0x000001502fa6d800, 0x000001502fa73800, 0x000001502fa70000,
0x000001502fa72000, 0x000001502fa72800, 0x000001502fa74000, 0x000001502fa6f800,
0x000001502fa75000, 0x000001502fa76000, 0x000001502fa76800, 0x000001502fa77800,
0x000001502aeff000, 0x000001502af00000, 0x000001502af00800, 0x000001502aefb000,
0x000001502aefc800, 0x000001502af01800, 0x000001502aefd800, 0x000001502aefc000,
0x000001502af02800, 0x000001502af03000, 0x000001502af04000, 0x000001502aefe800,
0x000001502af06800, 0x000001502af05000, 0x000001502af05800, 0x000001502af07000,
0x000001502af08000, 0x000001502af09000, 0x000001502af09800, 0x0000015030b9a800,
0x0000015030b9e800, 0x0000015030b9b000, 0x0000015030b9c000, 0x0000015030b9d000,
0x0000015030b99000, 0x0000015030b9d800, 0x0000015030b9f800, 0x0000015030b99800,
0x0000015030ba4000, 0x0000015030ba5000, 0x0000015030ba0000, 0x0000015030ba6000,
0x0000015030ba1000, 0x0000015030ba6800, 0x0000015030ba7800, 0x0000015030ba2000,
0x0000015030ba2800, 0x0000015030ba3800, 0x0000015029b6f800, 0x0000015029b70000,
0x0000015029b72000, 0x0000015029b6d000, 0x0000015029b71000, 0x0000015029b6c000,
0x0000015029b72800, 0x0000015029b73800, 0x0000015029b6e000, 0x0000015029b6e800
}

Java Threads: ( => current thread )
  0x000001500cb52800 JavaThread "main" [_thread_blocked, id=7488, stack(0x0000003039400000,0x0000003039500000)]
  0x0000015029791800 JavaThread "Reference Handler" daemon [_thread_blocked, id=4544, stack(0x0000003039b00000,0x0000003039c00000)]
  0x000001502979f000 JavaThread "Finalizer" daemon [_thread_blocked, id=4740, stack(0x0000003039c00000,0x0000003039d00000)]
  0x00000150297e4800 JavaThread "Signal Dispatcher" daemon [_thread_blocked, id=8804, stack(0x0000003039d00000,0x0000003039e00000)]
  0x00000150297e6800 JavaThread "Attach Listener" daemon [_thread_blocked, id=776, stack(0x0000003039e00000,0x0000003039f00000)]
  0x00000150297ea000 JavaThread "Service Thread" daemon [_thread_blocked, id=15448, stack(0x0000003039f00000,0x000000303a000000)]
=>0x00000150297ef000 JavaThread "C2 CompilerThread0" daemon [_thread_in_native, id=15308, stack(0x000000303a000000,0x000000303a100000)]
  0x0000015028f78800 JavaThread "C1 CompilerThread0" daemon [_thread_blocked, id=3504, stack(0x000000303a100000,0x000000303a200000)]
  0x0000015028f81000 JavaThread "Sweeper thread" daemon [_thread_blocked, id=2352, stack(0x000000303a200000,0x000000303a300000)]
  0x0000015029943800 JavaThread "Common-Cleaner" daemon [_thread_blocked, id=1720, stack(0x000000303a300000,0x000000303a400000)]
  0x000001502c0ad800 JavaThread "Daemon health stats" [_thread_blocked, id=7336, stack(0x000000303a900000,0x000000303aa00000)]
  0x000001502c03c000 JavaThread "Incoming local TCP Connector on port 1111" [_thread_in_native, id=3584, stack(0x000000303a500000,0x000000303a600000)]
  0x000001502ba74000 JavaThread "Daemon periodic checks" [_thread_blocked, id=11340, stack(0x000000303a800000,0x000000303a900000)]
  0x000001502a9b2000 JavaThread "Daemon" [_thread_blocked, id=8972, stack(0x000000303aa00000,0x000000303ab00000)]
  0x000001502c43b800 JavaThread "Handler for socket connection from /127.0.0.1:1111 to /127.0.0.1:1112" [_thread_in_native, id=2712, stack(0x000000303ab00000,0x000000303ac00000)]
  0x000001502abb4000 JavaThread "Cancel handler" [_thread_blocked, id=12652, stack(0x000000303ac00000,0x000000303ad00000)]
  0x000001502b975000 JavaThread "Daemon worker" [_thread_in_vm, id=4668, stack(0x000000303ad00000,0x000000303ae00000)]
  0x000001502d38b000 JavaThread "Asynchronous log dispatcher for DefaultDaemonConnection: socket connection from /127.0.0.1:1111 to /127.0.0.1:1112" [_thread_blocked, id=4796, stack(0x000000303af00000,0x000000303b000000)]
  0x000001502b970000 JavaThread "Stdin handler" [_thread_blocked, id=14664, stack(0x000000303b000000,0x000000303b100000)]
  0x0000015029d2c800 JavaThread "Daemon client event forwarder" [_thread_blocked, id=4020, stack(0x000000303b100000,0x000000303b200000)]
  0x0000015029d28800 JavaThread "Cache worker for journal cache (C:\Users\OmarTaha\.gradle\caches\journal-1)" [_thread_blocked, id=980, stack(0x000000303ae00000,0x000000303af00000)]
  0x0000015029d2a000 JavaThread "File lock request listener" [_thread_in_native, id=15608, stack(0x000000303b700000,0x000000303b800000)]
  0x0000015029d29000 JavaThread "Cache worker for file hash cache (C:\Users\OmarTaha\.gradle\caches\7.1-rc-1\fileHashes)" [_thread_blocked, id=12952, stack(0x000000303b800000,0x000000303b900000)]
  0x0000015029d2b800 JavaThread "Cache worker for file hash cache (C:\Users\OmarTaha\AndroidStudioProjects\GMS\.gradle\7.1-rc-1\fileHashes)" [_thread_blocked, id=7324, stack(0x000000303bb00000,0x000000303bc00000)]
  0x0000015029d2f000 JavaThread "File watcher server" daemon [_thread_in_native, id=9020, stack(0x000000303bc00000,0x000000303bd00000)]
  0x0000015029d2a800 JavaThread "File watcher consumer" daemon [_thread_blocked, id=15924, stack(0x000000303bd00000,0x000000303be00000)]
  0x000001502d0f8800 JavaThread "jar transforms" [_thread_blocked, id=7948, stack(0x000000303be00000,0x000000303bf00000)]
  0x000001502d0f6000 JavaThread "jar transforms Thread 2" [_thread_blocked, id=3088, stack(0x000000303bf00000,0x000000303c000000)]
  0x000001502d0f3800 JavaThread "jar transforms Thread 3" [_thread_blocked, id=11344, stack(0x000000303c000000,0x000000303c100000)]
  0x000001502d0f4800 JavaThread "jar transforms Thread 4" [_thread_blocked, id=2240, stack(0x000000303c100000,0x000000303c200000)]
  0x000001502d0fa000 JavaThread "jar transforms Thread 5" [_thread_blocked, id=10668, stack(0x000000303c200000,0x000000303c300000)]
  0x000001502d0f7800 JavaThread "jar transforms Thread 6" [_thread_blocked, id=3488, stack(0x000000303c300000,0x000000303c400000)]
  0x000001502d0f9800 JavaThread "jar transforms Thread 7" [_thread_blocked, id=2032, stack(0x000000303c400000,0x000000303c500000)]
  0x000001502d0fb000 JavaThread "jar transforms Thread 8" [_thread_blocked, id=13036, stack(0x000000303c500000,0x000000303c600000)]
  0x000001502d0f5800 JavaThread "Cache worker for checksums cache (C:\Users\OmarTaha\AndroidStudioProjects\GMS\.gradle\checksums)" [_thread_blocked, id=4440, stack(0x000000303c600000,0x000000303c700000)]
  0x000001502d0fc000 JavaThread "Cache worker for cache directory md-supplier (C:\Users\OmarTaha\.gradle\caches\7.1-rc-1\md-supplier)" [_thread_blocked, id=4844, stack(0x000000303c700000,0x000000303c800000)]
  0x000001502d0f7000 JavaThread "Cache worker for cache directory md-rule (C:\Users\OmarTaha\.gradle\caches\7.1-rc-1\md-rule)" [_thread_blocked, id=2204, stack(0x000000303c900000,0x000000303ca00000)]
  0x000001502d101800 JavaThread "Cache worker for execution history cache (C:\Users\OmarTaha\.gradle\caches\7.1-rc-1\executionHistory)" [_thread_blocked, id=6016, stack(0x000000303ca00000,0x000000303cb00000)]
  0x000001502d0ff000 JavaThread "C2 CompilerThread1" daemon [_thread_in_native, id=12724, stack(0x000000303ba00000,0x000000303bb00000)]
  0x000001502d100000 JavaThread "C2 CompilerThread2" daemon [_thread_in_native, id=14988, stack(0x000000303c800000,0x000000303c900000)]
  0x000001502d100800 JavaThread "Cache worker for file content cache (C:\Users\OmarTaha\.gradle\caches\7.1-rc-1\fileContent)" [_thread_blocked, id=16368, stack(0x000000303cb00000,0x000000303cc00000)]
  0x000001502d106000 JavaThread "Cache worker for dependencies-accessors (C:\Users\OmarTaha\AndroidStudioProjects\GMS\.gradle\7.1-rc-1\dependencies-accessors)" [_thread_blocked, id=8440, stack(0x000000303cc00000,0x000000303cd00000)]
  0x000001502d108800 JavaThread "Cache worker for Build Output Cleanup Cache (C:\Users\OmarTaha\AndroidStudioProjects\GMS\.gradle\buildOutputCleanup)" [_thread_blocked, id=3532, stack(0x000000303cd00000,0x000000303ce00000)]
  0x000001502d107000 JavaThread "Unconstrained build operations" [_thread_blocked, id=8412, stack(0x000000303ce00000,0x000000303cf00000)]
  0x000001502d109800 JavaThread "Unconstrained build operations Thread 2" [_thread_blocked, id=6260, stack(0x000000303cf00000,0x000000303d000000)]
  0x000001502d103800 JavaThread "Unconstrained build operations Thread 3" [_thread_blocked, id=4200, stack(0x000000303d000000,0x000000303d100000)]
  0x000001502d10f000 JavaThread "Unconstrained build operations Thread 4" [_thread_blocked, id=4192, stack(0x000000303d100000,0x000000303d200000)]
  0x000001502d10c000 JavaThread "Unconstrained build operations Thread 5" [_thread_blocked, id=1784, stack(0x000000303d200000,0x000000303d300000)]
  0x000001502d10c800 JavaThread "Unconstrained build operations Thread 6" [_thread_blocked, id=7276, stack(0x000000303d300000,0x000000303d400000)]
  0x000001502d110000 JavaThread "Unconstrained build operations Thread 7" [_thread_blocked, id=12612, stack(0x000000303d400000,0x000000303d500000)]
  0x000001502d10d800 JavaThread "Unconstrained build operations Thread 8" [_thread_blocked, id=8744, stack(0x000000303d500000,0x000000303d600000)]
  0x000001502d10a000 JavaThread "Unconstrained build operations Thread 9" [_thread_blocked, id=4136, stack(0x000000303d600000,0x000000303d700000)]
  0x000001502d10b000 JavaThread "Unconstrained build operations Thread 10" [_thread_blocked, id=8032, stack(0x000000303d700000,0x000000303d800000)]
  0x000001502d110800 JavaThread "Unconstrained build operations Thread 11" [_thread_blocked, id=5084, stack(0x000000303d800000,0x000000303d900000)]
  0x000001502d111800 JavaThread "Unconstrained build operations Thread 12" [_thread_blocked, id=13332, stack(0x000000303d900000,0x000000303da00000)]
  0x000001502d10e800 JavaThread "Unconstrained build operations Thread 13" [_thread_blocked, id=2632, stack(0x000000303da00000,0x000000303db00000)]
  0x000001502d112800 JavaThread "Unconstrained build operations Thread 14" [_thread_blocked, id=9652, stack(0x000000303db00000,0x000000303dc00000)]
  0x000001502fa69800 JavaThread "Unconstrained build operations Thread 15" [_thread_blocked, id=2052, stack(0x000000303dc00000,0x000000303dd00000)]
  0x000001502fa6a800 JavaThread "Unconstrained build operations Thread 16" [_thread_blocked, id=12372, stack(0x000000303dd00000,0x000000303de00000)]
  0x000001502fa6b000 JavaThread "Unconstrained build operations Thread 17" [_thread_blocked, id=1180, stack(0x000000303de00000,0x000000303df00000)]
  0x000001502fa6c000 JavaThread "Unconstrained build operations Thread 18" [_thread_blocked, id=9484, stack(0x000000303df00000,0x000000303e000000)]
  0x000001502fa6d000 JavaThread "Unconstrained build operations Thread 19" [_thread_blocked, id=14004, stack(0x000000303e000000,0x000000303e100000)]
  0x000001502fa69000 JavaThread "Unconstrained build operations Thread 20" [_thread_blocked, id=9368, stack(0x000000303e100000,0x000000303e200000)]
  0x000001502fa71000 JavaThread "Unconstrained build operations Thread 21" [_thread_blocked, id=15820, stack(0x000000303e200000,0x000000303e300000)]
  0x000001502fa6e800 JavaThread "Unconstrained build operations Thread 22" [_thread_blocked, id=15056, stack(0x000000303e300000,0x000000303e400000)]
  0x000001502fa6d800 JavaThread "Unconstrained build operations Thread 23" [_thread_blocked, id=14736, stack(0x000000303e400000,0x000000303e500000)]
  0x000001502fa73800 JavaThread "Unconstrained build operations Thread 24" [_thread_blocked, id=9600, stack(0x000000303e500000,0x000000303e600000)]
  0x000001502fa70000 JavaThread "Unconstrained build operations Thread 25" [_thread_blocked, id=5872, stack(0x000000303e600000,0x000000303e700000)]
  0x000001502fa72000 JavaThread "Unconstrained build operations Thread 26" [_thread_blocked, id=6672, stack(0x000000303e700000,0x000000303e800000)]
  0x000001502fa72800 JavaThread "Unconstrained build operations Thread 27" [_thread_blocked, id=13268, stack(0x000000303e800000,0x000000303e900000)]
  0x000001502fa74000 JavaThread "Unconstrained build operations Thread 28" [_thread_blocked, id=13372, stack(0x000000303e900000,0x000000303ea00000)]
  0x000001502fa6f800 JavaThread "Unconstrained build operations Thread 29" [_thread_blocked, id=14156, stack(0x000000303ea00000,0x000000303eb00000)]
  0x000001502fa75000 JavaThread "Unconstrained build operations Thread 30" [_thread_blocked, id=10284, stack(0x000000303eb00000,0x000000303ec00000)]
  0x000001502fa76000 JavaThread "Unconstrained build operations Thread 31" [_thread_blocked, id=14300, stack(0x000000303ec00000,0x000000303ed00000)]
  0x000001502fa76800 JavaThread "Unconstrained build operations Thread 32" [_thread_blocked, id=13780, stack(0x000000303ed00000,0x000000303ee00000)]
  0x000001502fa77800 JavaThread "Unconstrained build operations Thread 33" [_thread_blocked, id=12104, stack(0x000000303ee00000,0x000000303ef00000)]
  0x000001502aeff000 JavaThread "Unconstrained build operations Thread 34" [_thread_blocked, id=1760, stack(0x000000303ef00000,0x000000303f000000)]
  0x000001502af00000 JavaThread "Unconstrained build operations Thread 35" [_thread_blocked, id=4220, stack(0x000000303f000000,0x000000303f100000)]
  0x000001502af00800 JavaThread "Unconstrained build operations Thread 36" [_thread_blocked, id=4272, stack(0x000000303f100000,0x000000303f200000)]
  0x000001502aefb000 JavaThread "Unconstrained build operations Thread 37" [_thread_blocked, id=4736, stack(0x000000303f200000,0x000000303f300000)]
  0x000001502aefc800 JavaThread "Unconstrained build operations Thread 38" [_thread_blocked, id=4756, stack(0x000000303f300000,0x000000303f400000)]
  0x000001502af01800 JavaThread "Unconstrained build operations Thread 39" [_thread_blocked, id=4916, stack(0x000000303f400000,0x000000303f500000)]
  0x000001502aefd800 JavaThread "Unconstrained build operations Thread 40" [_thread_blocked, id=5124, stack(0x000000303f500000,0x000000303f600000)]
  0x000001502aefc000 JavaThread "Unconstrained build operations Thread 41" [_thread_blocked, id=10472, stack(0x000000303f600000,0x000000303f700000)]
  0x000001502af02800 JavaThread "Unconstrained build operations Thread 42" [_thread_blocked, id=16164, stack(0x000000303f700000,0x000000303f800000)]
  0x000001502af03000 JavaThread "Unconstrained build operations Thread 43" [_thread_blocked, id=4800, stack(0x000000303f800000,0x000000303f900000)]
  0x000001502af04000 JavaThread "Unconstrained build operations Thread 44" [_thread_blocked, id=15840, stack(0x000000303f900000,0x000000303fa00000)]
  0x000001502aefe800 JavaThread "Unconstrained build operations Thread 45" [_thread_blocked, id=14472, stack(0x000000303fa00000,0x000000303fb00000)]
  0x000001502af06800 JavaThread "Unconstrained build operations Thread 46" [_thread_blocked, id=644, stack(0x000000303fb00000,0x000000303fc00000)]
  0x000001502af05000 JavaThread "Unconstrained build operations Thread 47" [_thread_blocked, id=1480, stack(0x000000303fc00000,0x000000303fd00000)]
  0x000001502af05800 JavaThread "Unconstrained build operations Thread 48" [_thread_blocked, id=13996, stack(0x000000303fd00000,0x000000303fe00000)]
  0x000001502af07000 JavaThread "Unconstrained build operations Thread 49" [_thread_blocked, id=9240, stack(0x000000303fe00000,0x000000303ff00000)]
  0x000001502af08000 JavaThread "Unconstrained build operations Thread 50" [_thread_blocked, id=7288, stack(0x000000303ff00000,0x0000003040000000)]
  0x000001502af09000 JavaThread "Unconstrained build operations Thread 51" [_thread_blocked, id=7696, stack(0x0000003040000000,0x0000003040100000)]
  0x000001502af09800 JavaThread "Unconstrained build operations Thread 52" [_thread_blocked, id=9752, stack(0x0000003040100000,0x0000003040200000)]
  0x0000015030b9a800 JavaThread "Unconstrained build operations Thread 53" [_thread_blocked, id=11572, stack(0x0000003040200000,0x0000003040300000)]
  0x0000015030b9e800 JavaThread "Unconstrained build operations Thread 54" [_thread_blocked, id=13012, stack(0x0000003040300000,0x0000003040400000)]
  0x0000015030b9b000 JavaThread "Unconstrained build operations Thread 55" [_thread_blocked, id=13792, stack(0x0000003040400000,0x0000003040500000)]
  0x0000015030b9c000 JavaThread "Unconstrained build operations Thread 56" [_thread_blocked, id=13836, stack(0x0000003040500000,0x0000003040600000)]
  0x0000015030b9d000 JavaThread "Unconstrained build operations Thread 57" [_thread_blocked, id=14516, stack(0x0000003040600000,0x0000003040700000)]
  0x0000015030b99000 JavaThread "Unconstrained build operations Thread 58" [_thread_blocked, id=15336, stack(0x0000003040700000,0x0000003040800000)]
  0x0000015030b9d800 JavaThread "Unconstrained build operations Thread 59" [_thread_blocked, id=15364, stack(0x0000003040800000,0x0000003040900000)]
  0x0000015030b9f800 JavaThread "Unconstrained build operations Thread 60" [_thread_blocked, id=15948, stack(0x0000003040900000,0x0000003040a00000)]
  0x0000015030b99800 JavaThread "Unconstrained build operations Thread 61" [_thread_blocked, id=16052, stack(0x0000003040a00000,0x0000003040b00000)]
  0x0000015030ba4000 JavaThread "Unconstrained build operations Thread 62" [_thread_blocked, id=4208, stack(0x0000003040b00000,0x0000003040c00000)]
  0x0000015030ba5000 JavaThread "Unconstrained build operations Thread 63" [_thread_blocked, id=13316, stack(0x0000003040c00000,0x0000003040d00000)]
  0x0000015030ba0000 JavaThread "Unconstrained build operations Thread 64" [_thread_blocked, id=5652, stack(0x0000003040d00000,0x0000003040e00000)]
  0x0000015030ba6000 JavaThread "Unconstrained build operations Thread 65" [_thread_blocked, id=4392, stack(0x0000003040e00000,0x0000003040f00000)]
  0x0000015030ba1000 JavaThread "Unconstrained build operations Thread 66" [_thread_blocked, id=1420, stack(0x0000003040f00000,0x0000003041000000)]
  0x0000015030ba6800 JavaThread "Unconstrained build operations Thread 67" [_thread_blocked, id=3212, stack(0x0000003041000000,0x0000003041100000)]
  0x0000015030ba7800 JavaThread "Unconstrained build operations Thread 68" [_thread_blocked, id=8612, stack(0x0000003041100000,0x0000003041200000)]
  0x0000015030ba2000 JavaThread "Unconstrained build operations Thread 69" [_thread_blocked, id=16192, stack(0x0000003041200000,0x0000003041300000)]
  0x0000015030ba2800 JavaThread "Unconstrained build operations Thread 70" [_thread_blocked, id=11952, stack(0x0000003041300000,0x0000003041400000)]
  0x0000015030ba3800 JavaThread "Unconstrained build operations Thread 71" [_thread_blocked, id=11420, stack(0x0000003041400000,0x0000003041500000)]
  0x0000015029b6f800 JavaThread "Unconstrained build operations Thread 72" [_thread_blocked, id=9580, stack(0x0000003041500000,0x0000003041600000)]
  0x0000015029b70000 JavaThread "Unconstrained build operations Thread 73" [_thread_blocked, id=2360, stack(0x0000003041600000,0x0000003041700000)]
  0x0000015029b72000 JavaThread "Unconstrained build operations Thread 74" [_thread_blocked, id=16044, stack(0x0000003041700000,0x0000003041800000)]
  0x0000015029b6d000 JavaThread "Unconstrained build operations Thread 75" [_thread_blocked, id=14328, stack(0x0000003041800000,0x0000003041900000)]
  0x0000015029b71000 JavaThread "Unconstrained build operations Thread 76" [_thread_blocked, id=14332, stack(0x0000003041900000,0x0000003041a00000)]
  0x0000015029b6c000 JavaThread "Unconstrained build operations Thread 77" [_thread_blocked, id=8380, stack(0x0000003041a00000,0x0000003041b00000)]
  0x0000015029b72800 JavaThread "Unconstrained build operations Thread 78" [_thread_blocked, id=15100, stack(0x0000003041b00000,0x0000003041c00000)]
  0x0000015029b73800 JavaThread "Unconstrained build operations Thread 79" [_thread_blocked, id=8752, stack(0x0000003041c00000,0x0000003041d00000)]
  0x0000015029b6e000 JavaThread "Unconstrained build operations Thread 80" [_thread_blocked, id=15680, stack(0x0000003041d00000,0x0000003041e00000)]
  0x0000015029b6e800 JavaThread "Memory manager" [_thread_blocked, id=2340, stack(0x0000003041e00000,0x0000003041f00000)]

Other Threads:
  0x0000015028f67800 VMThread "VM Thread" [stack: 0x0000003039a00000,0x0000003039b00000] [id=10856]
  0x0000015029945000 WatcherThread [stack: 0x000000303a400000,0x000000303a500000] [id=11312]
  0x000001500cb6c000 GCTaskThread "GC Thread#0" [stack: 0x0000003039500000,0x0000003039600000] [id=13676]
  0x000001502acfa800 GCTaskThread "GC Thread#1" [stack: 0x000000303a600000,0x000000303a700000] [id=15432]
  0x000001502a2fc000 GCTaskThread "GC Thread#2" [stack: 0x000000303a700000,0x000000303a800000] [id=2728]
  0x000001502b3d9800 GCTaskThread "GC Thread#3" [stack: 0x000000303b200000,0x000000303b300000] [id=2136]
  0x000001502acb2000 GCTaskThread "GC Thread#4" [stack: 0x000000303b300000,0x000000303b400000] [id=10296]
  0x000001502b739000 GCTaskThread "GC Thread#5" [stack: 0x000000303b400000,0x000000303b500000] [id=7388]
  0x000001502a159800 GCTaskThread "GC Thread#6" [stack: 0x000000303b500000,0x000000303b600000] [id=8056]
  0x000001502b242800 GCTaskThread "GC Thread#7" [stack: 0x000000303b600000,0x000000303b700000] [id=14836]
  0x000001500cb9d000 ConcurrentGCThread "G1 Main Marker" [stack: 0x0000003039600000,0x0000003039700000] [id=13452]
  0x000001500cb9e000 ConcurrentGCThread "G1 Conc#0" [stack: 0x0000003039700000,0x0000003039800000] [id=7952]
  0x000001502abf4000 ConcurrentGCThread "G1 Conc#1" [stack: 0x000000303b900000,0x000000303ba00000] [id=3016]
  0x000001500cc1d800 ConcurrentGCThread "G1 Refine#0" [stack: 0x0000003039800000,0x0000003039900000] [id=2400]
  0x000001500cc1e800 ConcurrentGCThread "G1 Young RemSet Sampling" [stack: 0x0000003039900000,0x0000003039a00000] [id=960]

Threads with active compile tasks:
C2 CompilerThread0  14833 6634   !   4       com.sun.beans.TypeResolver::resolve (261 bytes)
C2 CompilerThread1  14834 6655       4       java.lang.Class::privateGetPublicMethods (224 bytes)

VM state:not at safepoint (normal execution)

VM Mutex/Monitor currently owned by a thread: None

Heap address: 0x0000000080000000, size: 2048 MB, Compressed Oops mode: 32-bit
Narrow klass base: 0x0000000000000000, Narrow klass shift: 3
Compressed class space size: 1073741824 Address: 0x0000000100000000

Heap:
 garbage-first heap   total 129024K, used 99138K [0x0000000080000000, 0x0000000100000000)
  region size 1024K, 23 young (23552K), 3 survivors (3072K)
 Metaspace       used 67270K, capacity 69111K, committed 69452K, reserved 1110016K
  class space    used 8512K, capacity 9157K, committed 9292K, reserved 1048576K
Heap Regions: E=young(eden), S=young(survivor), O=old, HS=humongous(starts), HC=humongous(continues), CS=collection set, F=free, A=archive, TAMS=top-at-mark-start (previous, next)
|   0|0x0000000080000000, 0x0000000080100000, 0x0000000080100000|100%| O|  |TAMS 0x0000000080100000, 0x0000000080000000| Untracked 
|   1|0x0000000080100000, 0x0000000080200000, 0x0000000080200000|100%| O|  |TAMS 0x0000000080200000, 0x0000000080100000| Untracked 
|   2|0x0000000080200000, 0x0000000080300000, 0x0000000080300000|100%| O|  |TAMS 0x0000000080300000, 0x0000000080200000| Untracked 
|   3|0x0000000080300000, 0x0000000080400000, 0x0000000080400000|100%|HS|  |TAMS 0x0000000080400000, 0x0000000080300000| Complete 
|   4|0x0000000080400000, 0x0000000080500000, 0x0000000080500000|100%|HC|  |TAMS 0x0000000080500000, 0x0000000080400000| Complete 
|   5|0x0000000080500000, 0x0000000080600000, 0x0000000080600000|100%|HC|  |TAMS 0x0000000080600000, 0x0000000080500000| Complete 
|   6|0x0000000080600000, 0x0000000080700000, 0x0000000080700000|100%| O|  |TAMS 0x0000000080700000, 0x0000000080600000| Untracked 
|   7|0x0000000080700000, 0x0000000080800000, 0x0000000080800000|100%| O|  |TAMS 0x0000000080800000, 0x0000000080700000| Untracked 
|   8|0x0000000080800000, 0x0000000080900000, 0x0000000080900000|100%| O|  |TAMS 0x0000000080900000, 0x0000000080800000| Untracked 
|   9|0x0000000080900000, 0x0000000080a00000, 0x0000000080a00000|100%| O|  |TAMS 0x0000000080a00000, 0x0000000080900000| Untracked 
|  10|0x0000000080a00000, 0x0000000080b00000, 0x0000000080b00000|100%| O|  |TAMS 0x0000000080b00000, 0x0000000080a00000| Untracked 
|  11|0x0000000080b00000, 0x0000000080c00000, 0x0000000080c00000|100%| O|  |TAMS 0x0000000080c00000, 0x0000000080b00000| Untracked 
|  12|0x0000000080c00000, 0x0000000080d00000, 0x0000000080d00000|100%| O|  |TAMS 0x0000000080d00000, 0x0000000080c00000| Untracked 
|  13|0x0000000080d00000, 0x0000000080e00000, 0x0000000080e00000|100%| O|  |TAMS 0x0000000080e00000, 0x0000000080d00000| Untracked 
|  14|0x0000000080e00000, 0x0000000080f00000, 0x0000000080f00000|100%| O|  |TAMS 0x0000000080f00000, 0x0000000080e00000| Untracked 
|  15|0x0000000080f00000, 0x0000000081000000, 0x0000000081000000|100%| O|  |TAMS 0x0000000081000000, 0x0000000080f00000| Untracked 
|  16|0x0000000081000000, 0x0000000081100000, 0x0000000081100000|100%|HS|  |TAMS 0x0000000081100000, 0x0000000081000000| Complete 
|  17|0x0000000081100000, 0x0000000081200000, 0x0000000081200000|100%|HC|  |TAMS 0x0000000081200000, 0x0000000081100000| Complete 
|  18|0x0000000081200000, 0x0000000081300000, 0x0000000081300000|100%|HS|  |TAMS 0x0000000081300000, 0x0000000081200000| Complete 
|  19|0x0000000081300000, 0x0000000081400000, 0x0000000081400000|100%|HC|  |TAMS 0x0000000081400000, 0x0000000081300000| Complete 
|  20|0x0000000081400000, 0x0000000081500000, 0x0000000081500000|100%|HC|  |TAMS 0x0000000081500000, 0x0000000081400000| Complete 
|  21|0x0000000081500000, 0x0000000081600000, 0x0000000081600000|100%|HS|  |TAMS 0x0000000081600000, 0x0000000081500000| Complete 
|  22|0x0000000081600000, 0x0000000081700000, 0x0000000081700000|100%|HC|  |TAMS 0x0000000081700000, 0x0000000081600000| Complete 
|  23|0x0000000081700000, 0x0000000081800000, 0x0000000081800000|100%|HC|  |TAMS 0x0000000081800000, 0x0000000081700000| Complete 
|  24|0x0000000081800000, 0x0000000081900000, 0x0000000081900000|100%|HC|  |TAMS 0x0000000081900000, 0x0000000081800000| Complete 
|  25|0x0000000081900000, 0x0000000081a00000, 0x0000000081a00000|100%|HC|  |TAMS 0x0000000081a00000, 0x0000000081900000| Complete 
|  26|0x0000000081a00000, 0x0000000081b00000, 0x0000000081b00000|100%| O|  |TAMS 0x0000000081b00000, 0x0000000081a00000| Untracked 
|  27|0x0000000081b00000, 0x0000000081c00000, 0x0000000081c00000|100%| O|  |TAMS 0x0000000081c00000, 0x0000000081b00000| Untracked 
|  28|0x0000000081c00000, 0x0000000081d00000, 0x0000000081d00000|100%| O|  |TAMS 0x0000000081d00000, 0x0000000081c00000| Untracked 
|  29|0x0000000081d00000, 0x0000000081e00000, 0x0000000081e00000|100%| O|  |TAMS 0x0000000081e00000, 0x0000000081d00000| Untracked 
|  30|0x0000000081e00000, 0x0000000081f00000, 0x0000000081f00000|100%| O|  |TAMS 0x0000000081f00000, 0x0000000081e00000| Untracked 
|  31|0x0000000081f00000, 0x0000000082000000, 0x0000000082000000|100%| O|  |TAMS 0x0000000082000000, 0x0000000081f00000| Untracked 
|  32|0x0000000082000000, 0x0000000082100000, 0x0000000082100000|100%| O|  |TAMS 0x0000000082100000, 0x0000000082000000| Untracked 
|  33|0x0000000082100000, 0x0000000082200000, 0x0000000082200000|100%| O|  |TAMS 0x0000000082200000, 0x0000000082100000| Untracked 
|  34|0x0000000082200000, 0x0000000082300000, 0x0000000082300000|100%|HS|  |TAMS 0x0000000082300000, 0x0000000082200000| Complete 
|  35|0x0000000082300000, 0x0000000082400000, 0x0000000082400000|100%|HC|  |TAMS 0x0000000082400000, 0x0000000082300000| Complete 
|  36|0x0000000082400000, 0x0000000082500000, 0x0000000082500000|100%|HC|  |TAMS 0x0000000082500000, 0x0000000082400000| Complete 
|  37|0x0000000082500000, 0x0000000082600000, 0x0000000082600000|100%|HC|  |TAMS 0x0000000082600000, 0x0000000082500000| Complete 
|  38|0x0000000082600000, 0x0000000082700000, 0x0000000082700000|100%|HC|  |TAMS 0x0000000082700000, 0x0000000082600000| Complete 
|  39|0x0000000082700000, 0x0000000082800000, 0x0000000082800000|100%|HS|  |TAMS 0x0000000082800000, 0x0000000082700000| Complete 
|  40|0x0000000082800000, 0x0000000082900000, 0x0000000082900000|100%|HC|  |TAMS 0x0000000082900000, 0x0000000082800000| Complete 
|  41|0x0000000082900000, 0x0000000082a00000, 0x0000000082a00000|100%|HC|  |TAMS 0x0000000082a00000, 0x0000000082900000| Complete 
|  42|0x0000000082a00000, 0x0000000082b00000, 0x0000000082b00000|100%| O|  |TAMS 0x0000000082b00000, 0x0000000082a00000| Untracked 
|  43|0x0000000082b00000, 0x0000000082c00000, 0x0000000082c00000|100%| O|  |TAMS 0x0000000082c00000, 0x0000000082b00000| Untracked 
|  44|0x0000000082c00000, 0x0000000082d00000, 0x0000000082d00000|100%| O|  |TAMS 0x0000000082d00000, 0x0000000082c00000| Untracked 
|  45|0x0000000082d00000, 0x0000000082e00000, 0x0000000082e00000|100%| O|  |TAMS 0x0000000082e00000, 0x0000000082d00000| Untracked 
|  46|0x0000000082e00000, 0x0000000082f00000, 0x0000000082f00000|100%|HS|  |TAMS 0x0000000082f00000, 0x0000000082e00000| Complete 
|  47|0x0000000082f00000, 0x0000000083000000, 0x0000000083000000|100%| O|  |TAMS 0x0000000083000000, 0x0000000082f00000| Untracked 
|  48|0x0000000083000000, 0x0000000083100000, 0x0000000083100000|100%| O|  |TAMS 0x0000000083100000, 0x0000000083000000| Untracked 
|  49|0x0000000083100000, 0x0000000083200000, 0x0000000083200000|100%| O|  |TAMS 0x0000000083200000, 0x0000000083100000| Untracked 
|  50|0x0000000083200000, 0x0000000083300000, 0x0000000083300000|100%| O|  |TAMS 0x0000000083300000, 0x0000000083200000| Untracked 
|  51|0x0000000083300000, 0x0000000083400000, 0x0000000083400000|100%| O|  |TAMS 0x0000000083400000, 0x0000000083300000| Untracked 
|  52|0x0000000083400000, 0x0000000083500000, 0x0000000083500000|100%| O|  |TAMS 0x0000000083500000, 0x0000000083400000| Untracked 
|  53|0x0000000083500000, 0x0000000083600000, 0x0000000083600000|100%|HS|  |TAMS 0x0000000083600000, 0x0000000083500000| Complete 
|  54|0x0000000083600000, 0x0000000083700000, 0x0000000083700000|100%|HS|  |TAMS 0x0000000083700000, 0x0000000083600000| Complete 
|  55|0x0000000083700000, 0x0000000083800000, 0x0000000083800000|100%|HC|  |TAMS 0x0000000083800000, 0x0000000083700000| Complete 
|  56|0x0000000083800000, 0x0000000083900000, 0x0000000083900000|100%| O|  |TAMS 0x0000000083900000, 0x0000000083800000| Untracked 
|  57|0x0000000083900000, 0x0000000083a00000, 0x0000000083a00000|100%| O|  |TAMS 0x0000000083a00000, 0x0000000083900000| Untracked 
|  58|0x0000000083a00000, 0x0000000083b00000, 0x0000000083b00000|100%| O|  |TAMS 0x0000000083b00000, 0x0000000083a00000| Untracked 
|  59|0x0000000083b00000, 0x0000000083c00000, 0x0000000083c00000|100%| O|  |TAMS 0x0000000083c00000, 0x0000000083b00000| Untracked 
|  60|0x0000000083c00000, 0x0000000083d00000, 0x0000000083d00000|100%| O|  |TAMS 0x0000000083d00000, 0x0000000083c00000| Untracked 
|  61|0x0000000083d00000, 0x0000000083e00000, 0x0000000083e00000|100%| O|  |TAMS 0x0000000083e00000, 0x0000000083d00000| Untracked 
|  62|0x0000000083e00000, 0x0000000083f00000, 0x0000000083f00000|100%| O|  |TAMS 0x0000000083f00000, 0x0000000083e00000| Untracked 
|  63|0x0000000083f00000, 0x0000000084000000, 0x0000000084000000|100%| O|  |TAMS 0x0000000084000000, 0x0000000083f00000| Untracked 
|  64|0x0000000084000000, 0x0000000084100000, 0x0000000084100000|100%| O|  |TAMS 0x0000000084100000, 0x0000000084000000| Untracked 
|  65|0x0000000084100000, 0x0000000084200000, 0x0000000084200000|100%| O|  |TAMS 0x0000000084200000, 0x0000000084100000| Untracked 
|  66|0x0000000084200000, 0x0000000084300000, 0x0000000084300000|100%| O|  |TAMS 0x0000000084300000, 0x0000000084200000| Untracked 
|  67|0x0000000084300000, 0x0000000084400000, 0x0000000084400000|100%| O|  |TAMS 0x0000000084400000, 0x0000000084300000| Untracked 
|  68|0x0000000084400000, 0x0000000084500000, 0x0000000084500000|100%| O|  |TAMS 0x0000000084500000, 0x0000000084400000| Untracked 
|  69|0x0000000084500000, 0x0000000084600000, 0x0000000084600000|100%| O|  |TAMS 0x0000000084600000, 0x0000000084500000| Untracked 
|  70|0x0000000084600000, 0x0000000084700000, 0x0000000084700000|100%| O|  |TAMS 0x0000000084700000, 0x0000000084600000| Untracked 
|  71|0x0000000084700000, 0x0000000084800000, 0x0000000084800000|100%| O|  |TAMS 0x0000000084800000, 0x0000000084700000| Untracked 
|  72|0x0000000084800000, 0x0000000084900000, 0x0000000084900000|100%| O|  |TAMS 0x00000000848f6800, 0x0000000084800000| Untracked 
|  73|0x0000000084900000, 0x0000000084900000, 0x0000000084a00000|  0%| F|  |TAMS 0x0000000084900000, 0x0000000084900000| Untracked 
|  74|0x0000000084a00000, 0x0000000084b00000, 0x0000000084b00000|100%| O|  |TAMS 0x0000000084a00000, 0x0000000084a00000| Untracked 
|  75|0x0000000084b00000, 0x0000000084beae00, 0x0000000084c00000| 91%| O|  |TAMS 0x0000000084b00000, 0x0000000084b00000| Untracked 
|  76|0x0000000084c00000, 0x0000000084c00000, 0x0000000084d00000|  0%| F|  |TAMS 0x0000000084c00000, 0x0000000084c00000| Untracked 
|  77|0x0000000084d00000, 0x0000000084d00000, 0x0000000084e00000|  0%| F|  |TAMS 0x0000000084d00000, 0x0000000084d00000| Untracked 
|  78|0x0000000084e00000, 0x0000000084e00000, 0x0000000084f00000|  0%| F|  |TAMS 0x0000000084e00000, 0x0000000084e00000| Untracked 
|  79|0x0000000084f00000, 0x0000000084f00000, 0x0000000085000000|  0%| F|  |TAMS 0x0000000084f00000, 0x0000000084f00000| Untracked 
|  80|0x0000000085000000, 0x0000000085000000, 0x0000000085100000|  0%| F|  |TAMS 0x0000000085000000, 0x0000000085000000| Untracked 
|  81|0x0000000085100000, 0x0000000085100000, 0x0000000085200000|  0%| F|  |TAMS 0x0000000085100000, 0x0000000085100000| Untracked 
|  82|0x0000000085200000, 0x0000000085200000, 0x0000000085300000|  0%| F|  |TAMS 0x0000000085200000, 0x0000000085200000| Untracked 
|  83|0x0000000085300000, 0x0000000085300000, 0x0000000085400000|  0%| F|  |TAMS 0x0000000085300000, 0x0000000085300000| Untracked 
|  84|0x0000000085400000, 0x0000000085400000, 0x0000000085500000|  0%| F|  |TAMS 0x0000000085400000, 0x0000000085400000| Untracked 
|  85|0x0000000085500000, 0x0000000085500000, 0x0000000085600000|  0%| F|  |TAMS 0x0000000085500000, 0x0000000085500000| Untracked 
|  86|0x0000000085600000, 0x0000000085600000, 0x0000000085700000|  0%| F|  |TAMS 0x0000000085600000, 0x0000000085600000| Untracked 
|  87|0x0000000085700000, 0x0000000085700000, 0x0000000085800000|  0%| F|  |TAMS 0x0000000085700000, 0x0000000085700000| Untracked 
|  88|0x0000000085800000, 0x0000000085800000, 0x0000000085900000|  0%| F|  |TAMS 0x0000000085800000, 0x0000000085800000| Untracked 
|  89|0x0000000085900000, 0x0000000085900000, 0x0000000085a00000|  0%| F|  |TAMS 0x0000000085900000, 0x0000000085900000| Untracked 
|  90|0x0000000085a00000, 0x0000000085a00000, 0x0000000085b00000|  0%| F|  |TAMS 0x0000000085a00000, 0x0000000085a00000| Untracked 
|  91|0x0000000085b00000, 0x0000000085b00000, 0x0000000085c00000|  0%| F|  |TAMS 0x0000000085b00000, 0x0000000085b00000| Untracked 
|  92|0x0000000085c00000, 0x0000000085ce5cc8, 0x0000000085d00000| 89%| S|CS|TAMS 0x0000000085c00000, 0x0000000085c00000| Complete 
|  93|0x0000000085d00000, 0x0000000085e00000, 0x0000000085e00000|100%| S|CS|TAMS 0x0000000085d00000, 0x0000000085d00000| Complete 
|  94|0x0000000085e00000, 0x0000000085f00000, 0x0000000085f00000|100%| S|CS|TAMS 0x0000000085e00000, 0x0000000085e00000| Complete 
|  95|0x0000000085f00000, 0x0000000085f00000, 0x0000000086000000|  0%| F|  |TAMS 0x0000000085f00000, 0x0000000085f00000| Untracked 
|  96|0x0000000086000000, 0x0000000086000000, 0x0000000086100000|  0%| F|  |TAMS 0x0000000086000000, 0x0000000086000000| Untracked 
|  97|0x0000000086100000, 0x0000000086100000, 0x0000000086200000|  0%| F|  |TAMS 0x0000000086100000, 0x0000000086100000| Untracked 
|  98|0x0000000086200000, 0x0000000086200000, 0x0000000086300000|  0%| F|  |TAMS 0x0000000086200000, 0x0000000086200000| Untracked 
|  99|0x0000000086300000, 0x0000000086300000, 0x0000000086400000|  0%| F|  |TAMS 0x0000000086300000, 0x0000000086300000| Untracked 
| 100|0x0000000086400000, 0x0000000086400000, 0x0000000086500000|  0%| F|  |TAMS 0x0000000086400000, 0x0000000086400000| Untracked 
| 101|0x0000000086500000, 0x0000000086500000, 0x0000000086600000|  0%| F|  |TAMS 0x0000000086500000, 0x0000000086500000| Untracked 
| 102|0x0000000086600000, 0x0000000086600000, 0x0000000086700000|  0%| F|  |TAMS 0x0000000086600000, 0x0000000086600000| Untracked 
| 103|0x0000000086700000, 0x0000000086700000, 0x0000000086800000|  0%| F|  |TAMS 0x0000000086700000, 0x0000000086700000| Untracked 
| 104|0x0000000086800000, 0x0000000086800000, 0x0000000086900000|  0%| F|  |TAMS 0x0000000086800000, 0x0000000086800000| Untracked 
| 105|0x0000000086900000, 0x0000000086900000, 0x0000000086a00000|  0%| F|  |TAMS 0x0000000086900000, 0x0000000086900000| Untracked 
| 106|0x0000000086a00000, 0x0000000086a80800, 0x0000000086b00000| 50%| E|  |TAMS 0x0000000086a00000, 0x0000000086a00000| Complete 
| 107|0x0000000086b00000, 0x0000000086c00000, 0x0000000086c00000|100%| E|CS|TAMS 0x0000000086b00000, 0x0000000086b00000| Complete 
| 108|0x0000000086c00000, 0x0000000086d00000, 0x0000000086d00000|100%| E|CS|TAMS 0x0000000086c00000, 0x0000000086c00000| Complete 
| 109|0x0000000086d00000, 0x0000000086e00000, 0x0000000086e00000|100%| E|CS|TAMS 0x0000000086d00000, 0x0000000086d00000| Complete 
| 110|0x0000000086e00000, 0x0000000086f00000, 0x0000000086f00000|100%| E|CS|TAMS 0x0000000086e00000, 0x0000000086e00000| Complete 
| 111|0x0000000086f00000, 0x0000000087000000, 0x0000000087000000|100%| E|CS|TAMS 0x0000000086f00000, 0x0000000086f00000| Complete 
| 112|0x0000000087000000, 0x0000000087100000, 0x0000000087100000|100%| E|CS|TAMS 0x0000000087000000, 0x0000000087000000| Complete 
| 113|0x0000000087100000, 0x0000000087200000, 0x0000000087200000|100%| E|CS|TAMS 0x0000000087100000, 0x0000000087100000| Complete 
| 114|0x0000000087200000, 0x0000000087300000, 0x0000000087300000|100%| E|CS|TAMS 0x0000000087200000, 0x0000000087200000| Complete 
| 115|0x0000000087300000, 0x0000000087400000, 0x0000000087400000|100%| E|CS|TAMS 0x0000000087300000, 0x0000000087300000| Complete 
| 116|0x0000000087400000, 0x0000000087500000, 0x0000000087500000|100%| E|CS|TAMS 0x0000000087400000, 0x0000000087400000| Complete 
| 117|0x0000000087500000, 0x0000000087600000, 0x0000000087600000|100%| E|CS|TAMS 0x0000000087500000, 0x0000000087500000| Complete 
| 118|0x0000000087600000, 0x0000000087700000, 0x0000000087700000|100%| E|CS|TAMS 0x0000000087600000, 0x0000000087600000| Complete 
| 119|0x0000000087700000, 0x0000000087800000, 0x0000000087800000|100%| E|CS|TAMS 0x0000000087700000, 0x0000000087700000| Complete 
| 120|0x0000000087800000, 0x0000000087900000, 0x0000000087900000|100%| E|CS|TAMS 0x0000000087800000, 0x0000000087800000| Complete 
| 121|0x0000000087900000, 0x0000000087a00000, 0x0000000087a00000|100%| E|CS|TAMS 0x0000000087900000, 0x0000000087900000| Complete 
| 122|0x0000000087a00000, 0x0000000087b00000, 0x0000000087b00000|100%| E|CS|TAMS 0x0000000087a00000, 0x0000000087a00000| Complete 
| 123|0x0000000087b00000, 0x0000000087c00000, 0x0000000087c00000|100%| E|CS|TAMS 0x0000000087b00000, 0x0000000087b00000| Complete 
| 124|0x0000000087c00000, 0x0000000087d00000, 0x0000000087d00000|100%| E|CS|TAMS 0x0000000087c00000, 0x0000000087c00000| Complete 
| 125|0x0000000087d00000, 0x0000000087e00000, 0x0000000087e00000|100%| E|CS|TAMS 0x0000000087d00000, 0x0000000087d00000| Complete 

Card table byte_map: [0x0000015021c80000,0x0000015022080000] _byte_map_base: 0x0000015021880000

Marking Bits (Prev, Next): (CMBitMap*) 0x000001500cb92f08, (CMBitMap*) 0x000001500cb92f40
 Prev Bits: [0x0000015022480000, 0x0000015024480000)
 Next Bits: [0x0000015024480000, 0x0000015026480000)

Polling page: 0x000001500cc20000

Metaspace:

Usage:
  Non-class:     58.55 MB capacity,    57.40 MB ( 98%) used,  1010.27 KB (  2%) free+waste,   167.38 KB ( <1%) overhead. 
      Class:      8.94 MB capacity,     8.32 MB ( 93%) used,   561.28 KB (  6%) free+waste,    78.63 KB ( <1%) overhead. 
       Both:     67.49 MB capacity,    65.72 MB ( 97%) used,     1.53 MB (  2%) free+waste,   246.00 KB ( <1%) overhead. 

Virtual space:
  Non-class space:       60.00 MB reserved,      58.75 MB ( 98%) committed 
      Class space:        1.00 GB reserved,       9.07 MB ( <1%) committed 
             Both:        1.06 GB reserved,      67.82 MB (  6%) committed 

Chunk freelists:
   Non-Class:  14.00 KB
       Class:  27.00 KB
        Both:  41.00 KB

MaxMetaspaceSize: 17179869184.00 GB
CompressedClassSpaceSize: 1.00 GB

CodeHeap 'non-profiled nmethods': size=120000Kb used=4294Kb max_used=4294Kb free=115705Kb
 bounds [0x00000150198f0000, 0x0000015019d30000, 0x0000015020e20000]
CodeHeap 'profiled nmethods': size=120000Kb used=14485Kb max_used=14485Kb free=105514Kb
 bounds [0x00000150123c0000, 0x00000150131f0000, 0x00000150198f0000]
CodeHeap 'non-nmethods': size=5760Kb used=2264Kb max_used=2317Kb free=3495Kb
 bounds [0x0000015011e20000, 0x0000015012090000, 0x00000150123c0000]
 total_blobs=7543 nmethods=6682 adapters=771
 compilation: enabled
              stopped_count=0, restarted_count=0
 full_count=0

Compilation events (20 events):
Event: 14.663 Thread 0x0000015028f78800 6689       3       jdk.internal.loader.URLClassPath::findResource (38 bytes)
Event: 14.663 Thread 0x0000015028f78800 nmethod 6689 0x00000150131dc990 code [0x00000150131dcb60, 0x00000150131dce78]
Event: 14.674 Thread 0x0000015028f78800 6690       1       java.util.stream.FindOps$FindSink::cancellationRequested (5 bytes)
Event: 14.674 Thread 0x0000015028f78800 nmethod 6690 0x0000015019d19f10 code [0x0000015019d1a0c0, 0x0000015019d1a178]
Event: 14.674 Thread 0x0000015028f78800 6691       1       javax.management.ObjectName::getCanonicalName (5 bytes)
Event: 14.674 Thread 0x0000015028f78800 nmethod 6691 0x0000015019d1a210 code [0x0000015019d1a3c0, 0x0000015019d1a478]
Event: 14.712 Thread 0x000001502d100000 nmethod 6675 0x0000015019d1a510 code [0x0000015019d1a720, 0x0000015019d1bca8]
Event: 14.712 Thread 0x000001502d100000 6662       4       java.util.Spliterator::getExactSizeIfKnown (25 bytes)
Event: 14.713 Thread 0x000001502d100000 nmethod 6662 0x0000015019d1c710 code [0x0000015019d1c8a0, 0x0000015019d1c958]
Event: 14.713 Thread 0x000001502d100000 6693       4       org.objectweb.asm.Type::appendDescriptor (90 bytes)
Event: 14.747 Thread 0x0000015028f78800 6697       3       org.gradle.internal.instantiation.generator.AsmBackedClassGenerator$ClassBuilderImpl::addSetMethod (146 bytes)
Event: 14.748 Thread 0x0000015028f78800 nmethod 6697 0x00000150131dcf90 code [0x00000150131dd280, 0x00000150131de248]
Event: 14.758 Thread 0x0000015028f78800 6698       3       java.util.LinkedHashMap$LinkedEntrySet::size (8 bytes)
Event: 14.758 Thread 0x0000015028f78800 nmethod 6698 0x00000150131de790 code [0x00000150131de940, 0x00000150131dea58]
Event: 14.758 Thread 0x0000015028f78800 6699       3       org.gradle.api.internal.attributes.DefaultMutableAttributeContainer::<init> (22 bytes)
Event: 14.758 Thread 0x0000015028f78800 nmethod 6699 0x00000150131deb10 code [0x00000150131dece0, 0x00000150131def58]
Event: 14.759 Thread 0x0000015028f78800 6700       3       org.gradle.api.internal.DefaultDomainObjectCollection::<init> (38 bytes)
Event: 14.759 Thread 0x0000015028f78800 nmethod 6700 0x00000150131df010 code [0x00000150131df200, 0x00000150131df768]
Event: 14.759 Thread 0x0000015028f78800 6701       3       org.gradle.api.internal.DefaultDomainObjectCollection$1::<init> (15 bytes)
Event: 14.759 Thread 0x0000015028f78800 nmethod 6701 0x00000150131df910 code [0x00000150131dfac0, 0x00000150131dfcd8]

GC Heap History (20 events):
Event: 9.039 GC heap before
{Heap before GC invocations=10 (full 0):
 garbage-first heap   total 129024K, used 94991K [0x0000000080000000, 0x0000000100000000)
  region size 1024K, 53 young (54272K), 6 survivors (6144K)
 Metaspace       used 42692K, capacity 43925K, committed 44236K, reserved 1087488K
  class space    used 5514K, capacity 5968K, committed 6092K, reserved 1048576K
}
Event: 9.047 GC heap after
{Heap after GC invocations=11 (full 0):
 garbage-first heap   total 129024K, used 52247K [0x0000000080000000, 0x0000000100000000)
  region size 1024K, 6 young (6144K), 6 survivors (6144K)
 Metaspace       used 42692K, capacity 43925K, committed 44236K, reserved 1087488K
  class space    used 5514K, capacity 5968K, committed 6092K, reserved 1048576K
}
Event: 9.571 GC heap before
{Heap before GC invocations=11 (full 0):
 garbage-first heap   total 129024K, used 95255K [0x0000000080000000, 0x0000000100000000)
  region size 1024K, 48 young (49152K), 6 survivors (6144K)
 Metaspace       used 46121K, capacity 47458K, committed 47692K, reserved 1091584K
  class space    used 5887K, capacity 6359K, committed 6476K, reserved 1048576K
}
Event: 9.576 GC heap after
{Heap after GC invocations=12 (full 0):
 garbage-first heap   total 129024K, used 55440K [0x0000000080000000, 0x0000000100000000)
  region size 1024K, 3 young (3072K), 3 survivors (3072K)
 Metaspace       used 46121K, capacity 47458K, committed 47692K, reserved 1091584K
  class space    used 5887K, capacity 6359K, committed 6476K, reserved 1048576K
}
Event: 10.238 GC heap before
{Heap before GC invocations=12 (full 0):
 garbage-first heap   total 129024K, used 97424K [0x0000000080000000, 0x0000000100000000)
  region size 1024K, 44 young (45056K), 3 survivors (3072K)
 Metaspace       used 48835K, capacity 50155K, committed 50252K, reserved 1093632K
  class space    used 6278K, capacity 6703K, committed 6732K, reserved 1048576K
}
Event: 10.244 GC heap after
{Heap after GC invocations=13 (full 0):
 garbage-first heap   total 129024K, used 57810K [0x0000000080000000, 0x0000000100000000)
  region size 1024K, 6 young (6144K), 6 survivors (6144K)
 Metaspace       used 48835K, capacity 50155K, committed 50252K, reserved 1093632K
  class space    used 6278K, capacity 6703K, committed 6732K, reserved 1048576K
}
Event: 11.427 GC heap before
{Heap before GC invocations=13 (full 0):
 garbage-first heap   total 129024K, used 102866K [0x0000000080000000, 0x0000000100000000)
  region size 1024K, 47 young (48128K), 6 survivors (6144K)
 Metaspace       used 49742K, capacity 51339K, committed 51532K, reserved 1093632K
  class space    used 6356K, capacity 6896K, committed 6988K, reserved 1048576K
}
Event: 11.435 GC heap after
{Heap after GC invocations=14 (full 0):
 garbage-first heap   total 129024K, used 68906K [0x0000000080000000, 0x0000000100000000)
  region size 1024K, 6 young (6144K), 6 survivors (6144K)
 Metaspace       used 49742K, capacity 51339K, committed 51532K, reserved 1093632K
  class space    used 6356K, capacity 6896K, committed 6988K, reserved 1048576K
}
Event: 12.206 GC heap before
{Heap before GC invocations=14 (full 0):
 garbage-first heap   total 129024K, used 101674K [0x0000000080000000, 0x0000000100000000)
  region size 1024K, 38 young (38912K), 6 survivors (6144K)
 Metaspace       used 53158K, capacity 54809K, committed 54988K, reserved 1097728K
  class space    used 6793K, capacity 7344K, committed 7372K, reserved 1048576K
}
Event: 12.216 GC heap after
{Heap after GC invocations=15 (full 0):
 garbage-first heap   total 129024K, used 70604K [0x0000000080000000, 0x0000000100000000)
  region size 1024K, 2 young (2048K), 2 survivors (2048K)
 Metaspace       used 53158K, capacity 54809K, committed 54988K, reserved 1097728K
  class space    used 6793K, capacity 7344K, committed 7372K, reserved 1048576K
}
Event: 12.922 GC heap before
{Heap before GC invocations=16 (full 0):
 garbage-first heap   total 129024K, used 102348K [0x0000000080000000, 0x0000000100000000)
  region size 1024K, 33 young (33792K), 2 survivors (2048K)
 Metaspace       used 58177K, capacity 59873K, committed 59980K, reserved 1101824K
  class space    used 7350K, capacity 7948K, committed 8012K, reserved 1048576K
}
Event: 12.928 GC heap after
{Heap after GC invocations=17 (full 0):
 garbage-first heap   total 129024K, used 71529K [0x0000000080000000, 0x0000000100000000)
  region size 1024K, 3 young (3072K), 3 survivors (3072K)
 Metaspace       used 58177K, capacity 59873K, committed 59980K, reserved 1101824K
  class space    used 7350K, capacity 7948K, committed 8012K, reserved 1048576K
}
Event: 13.516 GC heap before
{Heap before GC invocations=17 (full 0):
 garbage-first heap   total 129024K, used 102249K [0x0000000080000000, 0x0000000100000000)
  region size 1024K, 34 young (34816K), 3 survivors (3072K)
 Metaspace       used 62219K, capacity 64016K, committed 64076K, reserved 1105920K
  class space    used 7866K, capacity 8474K, committed 8524K, reserved 1048576K
}
Event: 13.524 GC heap after
{Heap after GC invocations=18 (full 0):
 garbage-first heap   total 129024K, used 76258K [0x0000000080000000, 0x0000000100000000)
  region size 1024K, 5 young (5120K), 5 survivors (5120K)
 Metaspace       used 62219K, capacity 64016K, committed 64076K, reserved 1105920K
  class space    used 7866K, capacity 8474K, committed 8524K, reserved 1048576K
}
Event: 14.118 GC heap before
{Heap before GC invocations=19 (full 0):
 garbage-first heap   total 129024K, used 104930K [0x0000000080000000, 0x0000000100000000)
  region size 1024K, 33 young (33792K), 5 survivors (5120K)
 Metaspace       used 64957K, capacity 66743K, committed 67020K, reserved 1107968K
  class space    used 8213K, capacity 8821K, committed 8908K, reserved 1048576K
}
Event: 14.124 GC heap after
{Heap after GC invocations=20 (full 0):
 garbage-first heap   total 129024K, used 77024K [0x0000000080000000, 0x0000000100000000)
  region size 1024K, 3 young (3072K), 3 survivors (3072K)
 Metaspace       used 64957K, capacity 66743K, committed 67020K, reserved 1107968K
  class space    used 8213K, capacity 8821K, committed 8908K, reserved 1048576K
}
Event: 14.192 GC heap before
{Heap before GC invocations=20 (full 0):
 garbage-first heap   total 129024K, used 79072K [0x0000000080000000, 0x0000000100000000)
  region size 1024K, 6 young (6144K), 3 survivors (3072K)
 Metaspace       used 65207K, capacity 67037K, committed 67276K, reserved 1107968K
  class space    used 8240K, capacity 8855K, committed 8908K, reserved 1048576K
}
Event: 14.195 GC heap after
{Heap after GC invocations=21 (full 0):
 garbage-first heap   total 129024K, used 77283K [0x0000000080000000, 0x0000000100000000)
  region size 1024K, 3 young (3072K), 3 survivors (3072K)
 Metaspace       used 65207K, capacity 67037K, committed 67276K, reserved 1107968K
  class space    used 8240K, capacity 8855K, committed 8908K, reserved 1048576K
}
Event: 14.575 GC heap before
{Heap before GC invocations=22 (full 0):
 garbage-first heap   total 129024K, used 106979K [0x0000000080000000, 0x0000000100000000)
  region size 1024K, 31 young (31744K), 3 survivors (3072K)
 Metaspace       used 66082K, capacity 67977K, committed 68172K, reserved 1107968K
  class space    used 8375K, capacity 8994K, committed 9036K, reserved 1048576K
}
Event: 14.581 GC heap after
{Heap after GC invocations=23 (full 0):
 garbage-first heap   total 129024K, used 79682K [0x0000000080000000, 0x0000000100000000)
  region size 1024K, 3 young (3072K), 3 survivors (3072K)
 Metaspace       used 66082K, capacity 67977K, committed 68172K, reserved 1107968K
  class space    used 8375K, capacity 8994K, committed 9036K, reserved 1048576K
}

Deoptimization events (20 events):
Event: 14.451 Thread 0x000001502b975000 Uncommon trap: trap_request=0xffffff4d fr.pc=0x0000015019a9b700 relative=0x0000000000000340
Event: 14.451 Thread 0x000001502b975000 Uncommon trap: reason=unstable_if action=reinterpret pc=0x0000015019a9b700 method=java.util.StringJoiner.add(Ljava/lang/CharSequence;)Ljava/util/StringJoiner; @ 33 c2
Event: 14.451 Thread 0x000001502b975000 DEOPT PACKING pc=0x0000015019a9b700 sp=0x000000303adf6040
Event: 14.452 Thread 0x000001502b975000 DEOPT UNPACKING pc=0x0000015011e478af sp=0x000000303adf5ff0 mode 2
Event: 14.470 Thread 0x000001502b975000 Uncommon trap: trap_request=0xffffff4d fr.pc=0x0000015019bf3f44 relative=0x00000000000019a4
Event: 14.470 Thread 0x000001502b975000 Uncommon trap: reason=unstable_if action=reinterpret pc=0x0000015019bf3f44 method=groovy.lang.MetaClassImpl.filterPropertyMethod(Ljava/lang/Object;ZZ)Ljava/lang/Object; @ 60 c2
Event: 14.470 Thread 0x000001502b975000 DEOPT PACKING pc=0x0000015019bf3f44 sp=0x000000303adf8450
Event: 14.470 Thread 0x000001502b975000 DEOPT UNPACKING pc=0x0000015011e478af sp=0x000000303adf8440 mode 2
Event: 14.502 Thread 0x000001502b975000 Uncommon trap: trap_request=0xfffffff4 fr.pc=0x0000015019bffb68 relative=0x00000000000009c8
Event: 14.502 Thread 0x000001502b975000 Uncommon trap: reason=null_check action=make_not_entrant pc=0x0000015019bffb68 method=com.sun.beans.introspect.MethodInfo$MethodOrder.compare(Ljava/lang/reflect/Method;Ljava/lang/reflect/Method;)I @ 133 c2
Event: 14.502 Thread 0x000001502b975000 DEOPT PACKING pc=0x0000015019bffb68 sp=0x000000303adf41c0
Event: 14.502 Thread 0x000001502b975000 DEOPT UNPACKING pc=0x0000015011e478af sp=0x000000303adf40f0 mode 2
Event: 14.502 Thread 0x000001502b975000 Uncommon trap: trap_request=0xfffffff4 fr.pc=0x0000015019bfe7f4 relative=0x0000000000000954
Event: 14.502 Thread 0x000001502b975000 Uncommon trap: reason=null_check action=make_not_entrant pc=0x0000015019bfe7f4 method=com.sun.beans.introspect.MethodInfo$MethodOrder.compare(Ljava/lang/reflect/Method;Ljava/lang/reflect/Method;)I @ 133 c2
Event: 14.502 Thread 0x000001502b975000 DEOPT PACKING pc=0x0000015019bfe7f4 sp=0x000000303adf4130
Event: 14.502 Thread 0x000001502b975000 DEOPT UNPACKING pc=0x0000015011e478af sp=0x000000303adf40e8 mode 2
Event: 14.561 Thread 0x000001502b975000 Uncommon trap: trap_request=0xfffffff4 fr.pc=0x0000015019d09f80 relative=0x00000000000009c0
Event: 14.561 Thread 0x000001502b975000 Uncommon trap: reason=null_check action=make_not_entrant pc=0x0000015019d09f80 method=com.sun.beans.introspect.MethodInfo$MethodOrder.compare(Ljava/lang/reflect/Method;Ljava/lang/reflect/Method;)I @ 145 c2
Event: 14.561 Thread 0x000001502b975000 DEOPT PACKING pc=0x0000015019d09f80 sp=0x000000303adf2df0
Event: 14.561 Thread 0x000001502b975000 DEOPT UNPACKING pc=0x0000015011e478af sp=0x000000303adf2d20 mode 2

Classes redefined (0 events):
No events

Internal exceptions (20 events):
Event: 14.562 Thread 0x000001502b975000 Exception <a 'java/lang/ClassNotFoundException'{0x00000000860978b0}: com/android/build/gradle/internal/dsl/BuildTypeCustomizer> (0x00000000860978b0) thrown at [./src/hotspot/share/classfile/systemDictionary.cpp, line 231]
Event: 14.565 Thread 0x000001502b975000 Exception <a 'java/lang/ClassNotFoundException'{0x0000000085f24148}: com/android/build/gradle/internal/dsl/BuildType_DecoratedCustomizer> (0x0000000085f24148) thrown at [./src/hotspot/share/classfile/systemDictionary.cpp, line 231]
Event: 14.573 Thread 0x000001502b975000 Exception <a 'java/lang/ClassNotFoundException'{0x0000000085fe5d30}: build_1he5j6v2ia3lmnn6xutxwoltu$_run_closure1$_closure5BeanInfo> (0x0000000085fe5d30) thrown at [./src/hotspot/share/classfile/systemDictionary.cpp, line 231]
Event: 14.574 Thread 0x000001502b975000 Exception <a 'java/lang/ClassNotFoundException'{0x0000000085ff6498}: build_1he5j6v2ia3lmnn6xutxwoltu$_run_closure1$_closure5Customizer> (0x0000000085ff6498) thrown at [./src/hotspot/share/classfile/systemDictionary.cpp, line 231]
Event: 14.583 Thread 0x000001502b975000 Exception <a 'java/lang/ClassNotFoundException'{0x0000000087d1ff40}: build_1he5j6v2ia3lmnn6xutxwoltu$_run_closure1BeanInfo> (0x0000000087d1ff40) thrown at [./src/hotspot/share/classfile/systemDictionary.cpp, line 231]
Event: 14.583 Thread 0x000001502b975000 Exception <a 'java/lang/ClassNotFoundException'{0x0000000087d2fd50}: build_1he5j6v2ia3lmnn6xutxwoltu$_run_closure1Customizer> (0x0000000087d2fd50) thrown at [./src/hotspot/share/classfile/systemDictionary.cpp, line 231]
Event: 14.597 Thread 0x000001502b975000 Exception <a 'java/lang/ClassNotFoundException'{0x0000000087cc1a48}: org/gradle/api/internal/file/collections/DefaultConfigurableFileTreeBeanInfo> (0x0000000087cc1a48) thrown at [./src/hotspot/share/classfile/systemDictionary.cpp, line 231]
Event: 14.599 Thread 0x000001502b975000 Exception <a 'java/lang/ClassNotFoundException'{0x0000000087cf0bc8}: org/gradle/api/internal/file/CompositeFileTreeBeanInfo> (0x0000000087cf0bc8) thrown at [./src/hotspot/share/classfile/systemDictionary.cpp, line 231]
Event: 14.600 Thread 0x000001502b975000 Exception <a 'java/lang/ClassNotFoundException'{0x0000000087b23110}: org/gradle/api/internal/file/CompositeFileCollectionBeanInfo> (0x0000000087b23110) thrown at [./src/hotspot/share/classfile/systemDictionary.cpp, line 231]
Event: 14.601 Thread 0x000001502b975000 Exception <a 'java/lang/ClassNotFoundException'{0x0000000087b55080}: org/gradle/api/internal/file/AbstractFileCollectionBeanInfo> (0x0000000087b55080) thrown at [./src/hotspot/share/classfile/systemDictionary.cpp, line 231]
Event: 14.603 Thread 0x000001502b975000 Exception <a 'java/lang/ClassNotFoundException'{0x0000000087b87670}: org/gradle/api/internal/file/AbstractFileCollectionCustomizer> (0x0000000087b87670) thrown at [./src/hotspot/share/classfile/systemDictionary.cpp, line 231]
Event: 14.605 Thread 0x000001502b975000 Exception <a 'java/lang/ClassNotFoundException'{0x0000000087bcb750}: org/gradle/api/internal/file/CompositeFileCollectionCustomizer> (0x0000000087bcb750) thrown at [./src/hotspot/share/classfile/systemDictionary.cpp, line 231]
Event: 14.607 Thread 0x000001502b975000 Exception <a 'java/lang/ClassNotFoundException'{0x0000000087a030a8}: org/gradle/api/internal/file/CompositeFileTreeCustomizer> (0x0000000087a030a8) thrown at [./src/hotspot/share/classfile/systemDictionary.cpp, line 231]
Event: 14.609 Thread 0x000001502b975000 Exception <a 'java/lang/ClassNotFoundException'{0x0000000087a44f90}: org/gradle/api/internal/file/collections/DefaultConfigurableFileTreeCustomizer> (0x0000000087a44f90) thrown at [./src/hotspot/share/classfile/systemDictionary.cpp, line 231]
Event: 14.617 Thread 0x000001502b975000 Exception <a 'java/lang/ClassNotFoundException'{0x0000000087933d30}: groovy/lang/GString$1BeanInfo> (0x0000000087933d30) thrown at [./src/hotspot/share/classfile/systemDictionary.cpp, line 231]
Event: 14.618 Thread 0x000001502b975000 Exception <a 'java/lang/ClassNotFoundException'{0x000000008796e418}: groovy/lang/GStringBeanInfo> (0x000000008796e418) thrown at [./src/hotspot/share/classfile/systemDictionary.cpp, line 231]
Event: 14.619 Thread 0x000001502b975000 Exception <a 'java/lang/ClassNotFoundException'{0x00000000879a8f08}: groovy/lang/GStringCustomizer> (0x00000000879a8f08) thrown at [./src/hotspot/share/classfile/systemDictionary.cpp, line 231]
Event: 14.621 Thread 0x000001502b975000 Exception <a 'java/lang/ClassNotFoundException'{0x00000000879ed690}: groovy/lang/GString$1Customizer> (0x00000000879ed690) thrown at [./src/hotspot/share/classfile/systemDictionary.cpp, line 231]
Event: 14.630 Thread 0x000001502b975000 Exception <a 'java/lang/ClassNotFoundException'{0x0000000087527cd8}: org/codehaus/groovy/runtime/GStringImplBeanInfo> (0x0000000087527cd8) thrown at [./src/hotspot/share/classfile/systemDictionary.cpp, line 231]
Event: 14.638 Thread 0x000001502b975000 Exception <a 'java/lang/ClassNotFoundException'{0x00000000873dfda0}: org/codehaus/groovy/runtime/GStringImplCustomizer> (0x00000000873dfda0) thrown at [./src/hotspot/share/classfile/systemDictionary.cpp, line 231]

Events (20 events):
Event: 14.753 loading class org/gradle/api/attributes/java/TargetJvmEnvironment
Event: 14.753 loading class org/gradle/api/attributes/java/TargetJvmEnvironment done
Event: 14.754 loading class com/android/builder/errors/IssueReporter$Type
Event: 14.754 loading class com/android/builder/errors/IssueReporter$Type done
Event: 14.755 loading class org/gradle/api/artifacts/ResolutionStrategy$SortOrder
Event: 14.755 loading class org/gradle/api/artifacts/ResolutionStrategy$SortOrder done
Event: 14.755 loading class org/gradle/api/artifacts/ResolutionStrategy
Event: 14.755 loading class org/gradle/api/artifacts/ResolutionStrategy done
Event: 14.755 loading class com/android/build/api/attributes/BuildTypeAttr
Event: 14.755 loading class com/android/build/api/attributes/BuildTypeAttr done
Event: 14.755 loading class com/android/build/api/attributes/BuildTypeAttr$Companion
Event: 14.755 loading class com/android/build/api/attributes/BuildTypeAttr$Companion done
Event: 14.756 loading class org/gradle/api/attributes/Attribute
Event: 14.756 loading class org/gradle/api/attributes/Attribute done
Event: 14.756 loading class org/apache/commons/lang/WordUtils
Event: 14.756 loading class org/apache/commons/lang/WordUtils done
Event: 14.757 loading class org/gradle/api/internal/model/NamedObjectInstantiator$ClassGeneratingLoader
Event: 14.757 loading class org/gradle/api/internal/model/NamedObjectInstantiator$ClassGeneratingLoader done
Event: 14.759 loading class com/android/build/gradle/internal/dependency/ConstraintHandler
Event: 14.759 loading class com/android/build/gradle/internal/dependency/ConstraintHandler done


Dynamic libraries:
0x00007ff653080000 - 0x00007ff65308a000 	C:\Program Files\Android\Android Studio\jre\bin\java.exe
0x00007ffac6da0000 - 0x00007ffac6f90000 	C:\Windows\SYSTEM32\ntdll.dll
0x00007ffac6b40000 - 0x00007ffac6bf2000 	C:\Windows\System32\KERNEL32.DLL
0x00007ffac4490000 - 0x00007ffac4735000 	C:\Windows\System32\KERNELBASE.dll
0x00007ffac49f0000 - 0x00007ffac4aea000 	C:\Windows\System32\ucrtbase.dll
0x00007ffab7b80000 - 0x00007ffab7b97000 	C:\Program Files\Android\Android Studio\jre\bin\VCRUNTIME140.dll
0x00007ffab7810000 - 0x00007ffab7829000 	C:\Program Files\Android\Android Studio\jre\bin\jli.dll
0x00007ffac5c30000 - 0x00007ffac5dc4000 	C:\Windows\System32\USER32.dll
0x00007ffac4930000 - 0x00007ffac4951000 	C:\Windows\System32\win32u.dll
0x00007ffac53b0000 - 0x00007ffac53d6000 	C:\Windows\System32\GDI32.dll
0x00007ffac4790000 - 0x00007ffac4928000 	C:\Windows\System32\gdi32full.dll
0x00007ffac4bc0000 - 0x00007ffac4c5e000 	C:\Windows\System32\msvcp_win.dll
0x00007ffab31b0000 - 0x00007ffab3434000 	C:\Windows\WinSxS\amd64_microsoft.windows.common-controls_6595b64144ccf1df_6.0.18362.1556_none_9e7e372fe45e41d5\COMCTL32.dll
0x00007ffac64a0000 - 0x00007ffac653e000 	C:\Windows\System32\msvcrt.dll
0x00007ffac4ff0000 - 0x00007ffac5326000 	C:\Windows\System32\combase.dll
0x00007ffac6a20000 - 0x00007ffac6b3f000 	C:\Windows\System32\RPCRT4.dll
0x00007ffac4960000 - 0x00007ffac49e1000 	C:\Windows\System32\bcryptPrimitives.dll
0x00007ffac4fc0000 - 0x00007ffac4fee000 	C:\Windows\System32\IMM32.DLL
0x00007ffab5620000 - 0x00007ffab56bd000 	C:\Program Files\Android\Android Studio\jre\bin\msvcp140.dll
0x00007ffa85c00000 - 0x00007ffa866cf000 	C:\Program Files\Android\Android Studio\jre\bin\server\jvm.dll
0x00007ffac6540000 - 0x00007ffac65e3000 	C:\Windows\System32\ADVAPI32.dll
0x00007ffac4e50000 - 0x00007ffac4ee7000 	C:\Windows\System32\sechost.dll
0x00007ffac5330000 - 0x00007ffac5338000 	C:\Windows\System32\PSAPI.DLL
0x00007ffac00f0000 - 0x00007ffac00f9000 	C:\Windows\SYSTEM32\WSOCK32.dll
0x00007ffac5e30000 - 0x00007ffac5e9f000 	C:\Windows\System32\WS2_32.dll
0x00007ffab9770000 - 0x00007ffab977a000 	C:\Windows\SYSTEM32\VERSION.dll
0x00007ffac16a0000 - 0x00007ffac16c4000 	C:\Windows\SYSTEM32\WINMM.dll
0x00007ffac1670000 - 0x00007ffac169d000 	C:\Windows\SYSTEM32\winmmbase.dll
0x00007ffac4740000 - 0x00007ffac478a000 	C:\Windows\System32\cfgmgr32.dll
0x00007ffac3cf0000 - 0x00007ffac3d01000 	C:\Windows\System32\kernel.appcore.dll
0x00007ffabe8f0000 - 0x00007ffabe901000 	C:\Program Files\Android\Android Studio\jre\bin\verify.dll
0x00007ffab0740000 - 0x00007ffab0934000 	C:\Windows\SYSTEM32\DBGHELP.DLL
0x00007ffa98bf0000 - 0x00007ffa98c1a000 	C:\Windows\SYSTEM32\dbgcore.DLL
0x00007ffabe3e0000 - 0x00007ffabe409000 	C:\Program Files\Android\Android Studio\jre\bin\java.dll
0x00007ffabfd30000 - 0x00007ffabfd3b000 	C:\Program Files\Android\Android Studio\jre\bin\jimage.dll
0x00007ffab80b0000 - 0x00007ffab80c8000 	C:\Program Files\Android\Android Studio\jre\bin\zip.dll
0x00007ffac5540000 - 0x00007ffac5c27000 	C:\Windows\System32\SHELL32.dll
0x00007ffac65f0000 - 0x00007ffac6698000 	C:\Windows\System32\shcore.dll
0x00007ffac3d10000 - 0x00007ffac448b000 	C:\Windows\System32\windows.storage.dll
0x00007ffac3c60000 - 0x00007ffac3c7e000 	C:\Windows\System32\profapi.dll
0x00007ffac3c80000 - 0x00007ffac3cca000 	C:\Windows\System32\powrprof.dll
0x00007ffac3c50000 - 0x00007ffac3c60000 	C:\Windows\System32\UMPDC.dll
0x00007ffac5dd0000 - 0x00007ffac5e22000 	C:\Windows\System32\shlwapi.dll
0x00007ffac4ba0000 - 0x00007ffac4bb7000 	C:\Windows\System32\cryptsp.dll
0x00007ffab7d10000 - 0x00007ffab7d2a000 	C:\Program Files\Android\Android Studio\jre\bin\net.dll
0x00007ffab4ac0000 - 0x00007ffab4bba000 	C:\Windows\SYSTEM32\WINHTTP.dll
0x00007ffac3490000 - 0x00007ffac34f7000 	C:\Windows\system32\mswsock.dll
0x00007ffab7cf0000 - 0x00007ffab7d04000 	C:\Program Files\Android\Android Studio\jre\bin\nio.dll
0x00007ffab77a0000 - 0x00007ffab77c7000 	C:\Users\OmarTaha\.gradle\native\8bec1ad78214c89d9ad589b4d07fe93259594b29d510b10fafb7a158f7737e5d\windows-amd64\native-platform.dll
0x00007ffab36c0000 - 0x00007ffab37fd000 	C:\Users\OmarTaha\.gradle\native\53dbd7edfb1c66fb8903c78663c9afc45aea4f116125fa6feffd364cf09443e8\windows-amd64\native-platform-file-events.dll
0x00007ffabeae0000 - 0x00007ffabeaea000 	C:\Program Files\Android\Android Studio\jre\bin\management.dll
0x00007ffabe8e0000 - 0x00007ffabe8ec000 	C:\Program Files\Android\Android Studio\jre\bin\management_ext.dll
0x00007ffac3010000 - 0x00007ffac3043000 	C:\Windows\system32\rsaenh.dll
0x00007ffac4c60000 - 0x00007ffac4c86000 	C:\Windows\System32\bcrypt.dll
0x00007ffac3b70000 - 0x00007ffac3b95000 	C:\Windows\SYSTEM32\USERENV.dll
0x00007ffac3660000 - 0x00007ffac366c000 	C:\Windows\SYSTEM32\CRYPTBASE.dll
0x00007ffac31a0000 - 0x00007ffac31da000 	C:\Windows\SYSTEM32\IPHLPAPI.DLL
0x00007ffac67e0000 - 0x00007ffac67e8000 	C:\Windows\System32\NSI.dll
0x00007ffaba9c0000 - 0x00007ffaba9d6000 	C:\Windows\SYSTEM32\dhcpcsvc6.DLL
0x00007ffabae50000 - 0x00007ffabae6c000 	C:\Windows\SYSTEM32\dhcpcsvc.DLL
0x00007ffac31e0000 - 0x00007ffac32ab000 	C:\Windows\SYSTEM32\DNSAPI.dll

dbghelp: loaded successfully - version: 4.0.5 - missing functions: none
symbol engine: initialized successfully - sym options: 0x614 - pdb path: .;C:\Program Files\Android\Android Studio\jre\bin;C:\Windows\SYSTEM32;C:\Windows\WinSxS\amd64_microsoft.windows.common-controls_6595b64144ccf1df_6.0.18362.1556_none_9e7e372fe45e41d5;C:\Program Files\Android\Android Studio\jre\bin\server;C:\Users\OmarTaha\.gradle\native\8bec1ad78214c89d9ad589b4d07fe93259594b29d510b10fafb7a158f7737e5d\windows-amd64;C:\Users\OmarTaha\.gradle\native\53dbd7edfb1c66fb8903c78663c9afc45aea4f116125fa6feffd364cf09443e8\windows-amd64

VM Arguments:
jvm_args: --add-opens=java.base/java.util=ALL-UNNAMED --add-opens=java.base/java.lang=ALL-UNNAMED --add-opens=java.base/java.lang.invoke=ALL-UNNAMED --add-opens=java.base/java.util=ALL-UNNAMED --add-opens=java.prefs/java.util.prefs=ALL-UNNAMED --add-opens=java.prefs/java.util.prefs=ALL-UNNAMED --add-opens=java.base/java.nio.charset=ALL-UNNAMED --add-opens=java.base/java.net=ALL-UNNAMED --add-opens=java.base/java.util.concurrent.atomic=ALL-UNNAMED -Xmx2048m -Dfile.encoding=windows-1252 -Duser.country=US -Duser.language=en -Duser.variant 
java_command: org.gradle.launcher.daemon.bootstrap.GradleDaemon 7.1-rc-1
java_class_path (initial): C:\Users\OmarTaha\.gradle\wrapper\dists\gradle-7.1-rc-1-bin\89hqeppvp8dbb4pzs5e0rkzxn\gradle-7.1-rc-1\lib\gradle-launcher-7.1.jar
Launcher Type: SUN_STANDARD

[Global flags]
     intx CICompilerCount                          = 4                                         {product} {ergonomic}
     uint ConcGCThreads                            = 2                                         {product} {ergonomic}
     uint G1ConcRefinementThreads                  = 8                                         {product} {ergonomic}
   size_t G1HeapRegionSize                         = 1048576                                   {product} {ergonomic}
    uintx GCDrainStackTargetSize                   = 64                                        {product} {ergonomic}
   size_t InitialHeapSize                          = 132120576                                 {product} {ergonomic}
   size_t MarkStackSize                            = 4194304                                   {product} {ergonomic}
   size_t MaxHeapSize                              = 2147483648                                {product} {command line}
   size_t MaxNewSize                               = 1287651328                                {product} {ergonomic}
   size_t MinHeapDeltaBytes                        = 1048576                                   {product} {ergonomic}
    uintx NonNMethodCodeHeapSize                   = 5836300                                {pd product} {ergonomic}
    uintx NonProfiledCodeHeapSize                  = 122910970                              {pd product} {ergonomic}
    uintx ProfiledCodeHeapSize                     = 122910970                              {pd product} {ergonomic}
    uintx ReservedCodeCacheSize                    = 251658240                              {pd product} {ergonomic}
     bool SegmentedCodeCache                       = true                                      {product} {ergonomic}
     bool UseCompressedClassPointers               = true                                 {lp64_product} {ergonomic}
     bool UseCompressedOops                        = true                                 {lp64_product} {ergonomic}
     bool UseG1GC                                  = true                                      {product} {ergonomic}
     bool UseLargePagesIndividualAllocation        = false                                  {pd product} {ergonomic}

Logging:
Log output configuration:
 #0: stdout all=warning uptime,level,tags
 #1: stderr all=off uptime,level,tags

Environment Variables:
JAVA_HOME=C:\Program Files\Android\jdk\microsoft_dist_openjdk_1.8.0.25
PATH=C:\Program Files (x86)\Common Files\Oracle\Java\javapath;C:\Program Files\ImageMagick-7.0.10-Q16-HDRI;C:\Program Files (x86)\Common Files\Intel\Shared Libraries\redist\intel64\compiler;C:\Program Files\Java\jdk-12.0.2\bin;C:\Windows\system32;C:\Windows;C:\Windows\System32\Wbem;C:\Windows\System32\WindowsPowerShell\v1.0\;C:\Windows\System32\OpenSSH\;C:\Program Files\dotnet\;C:\Program Files\Microsoft SQL Server\120\Tools\Binn\;C:\Program Files\Microsoft SQL Server\120\DTS\Binn\;C:\Program Files\Microsoft SQL Server\Client SDK\ODBC\110\Tools\Binn\;C:\Program Files (x86)\Microsoft SQL Server\120\Tools\Binn\;C:\Program Files (x86)\Microsoft SQL Server\120\Tools\Binn\ManagementStudio\;C:\Program Files (x86)\Microsoft SQL Server\120\DTS\Binn\;C:\Windows\Microsoft.NET\Framework\v3.5;C:\Program Files\Microsoft SQL Server\130\Tools\Binn\;C:\Program Files\Microsoft SQL Server\Client SDK\ODBC\170\Tools\Binn\;C:\Program Files\MATLAB\R2016a\runtime\win64;C:\Program Files\MATLAB\R2016a\bin;C:\Program Files\MATLAB\R2016a\polyspace\bin;C:\Program Files (x86)\dotnet\;C:\sqlite;C:\Program Files\Git\cmd;C:\Users\OmarTaha\AppData\Local\Programs\Python\Python38-32\Scripts\;C:\Users\OmarTaha\AppData\Local\Programs\Python\Python38-32\;C:\Users\OmarTaha\AppData\Local\Microsoft\WindowsApps;C:\Users\OmarTaha\AppData\Local\Programs\Microsoft VS Code\bin;C:\Users\OmarTaha\.dotnet\tools;C:\Program Files\JetBrains\PyCharm Community Edition 2020.2.4\bin;;C:\Users\OmarTaha\AppData\Local\GitHubDesktop\bin
USERNAME=OmarTaha
OS=Windows_NT
PROCESSOR_IDENTIFIER=Intel64 Family 6 Model 60 Stepping 3, GenuineIntel



---------------  S Y S T E M  ---------------

OS: Windows 10 , 64 bit Build 18362 (10.0.18362.1500)
OS uptime: 0 days 6:11 hours

CPU:total 8 (initial active 8) (4 cores per cpu, 2 threads per core) family 6 model 60 stepping 3 microcode 0x28, cmov, cx8, fxsr, mmx, sse, sse2, sse3, ssse3, sse4.1, sse4.2, popcnt, avx, avx2, aes, clmul, erms, lzcnt, ht, tsc, tscinvbit, bmi1, bmi2, fma

Memory: 4k page, system-wide physical 7993M (805M free)
TotalPageFile size 7993M (AvailPageFile size 6M)
current process WorkingSet (physical memory assigned to process): 351M, peak: 351M
current process commit charge ("private bytes"): 392M, peak: 392M

vm_info: OpenJDK 64-Bit Server VM (11.0.10+0-b96-7249189) for windows-amd64 JRE (11.0.10+0-b96-7249189), built on Mar 31 2021 21:44:00 by "builder" with MS VC++ 14.0 (VS2015)

END.
