#
# There is insufficient memory for the Java Runtime Environment to continue.
# Native memory allocation (mmap) failed to map 1048576 bytes for Failed to commit area from 0x0000000090300000 to 0x0000000090400000 of length 1048576.
# Possible reasons:
#   The system is out of physical RAM or swap space
#   The process is running with CompressedOops enabled, and the Java Heap may be blocking the growth of the native heap
# Possible solutions:
#   Reduce memory load on the system
#   Increase physical memory or swap space
#   Check if swap backing store is full
#   Decrease Java heap size (-Xmx/-Xms)
#   Decrease number of Java threads
#   Decrease Java thread stack sizes (-Xss)
#   Set larger code cache with -XX:ReservedCodeCacheSize=
#   JVM is running with Unscaled Compressed Oops mode in which the Java heap is
#     placed in the first 4GB address space. The Java Heap base address is the
#     maximum limit for the native heap growth. Please use -XX:HeapBaseMinAddress
#     to set the Java Heap base and to place the Java Heap above 4GB virtual address.
# This output file may be truncated or incomplete.
#
#  Out of Memory Error (./open/src/hotspot/os/windows/os_windows.cpp:3273), pid=248, tid=14936
#
# JRE version: Java(TM) SE Runtime Environment 18.9 (11.0.12+8) (build 11.0.12+8-LTS-237)
# Java VM: Java HotSpot(TM) 64-Bit Server VM 18.9 (11.0.12+8-LTS-237, mixed mode, tiered, compressed oops, g1 gc, windows-amd64)
# No core dump will be written. Minidumps are not enabled by default on client versions of Windows
#

---------------  S U M M A R Y ------------

Command Line: --add-opens=java.base/java.util=ALL-UNNAMED --add-opens=java.base/java.lang=ALL-UNNAMED --add-opens=java.base/java.lang.invoke=ALL-UNNAMED --add-opens=java.base/java.util=ALL-UNNAMED --add-opens=java.prefs/java.util.prefs=ALL-UNNAMED --add-opens=java.prefs/java.util.prefs=ALL-UNNAMED --add-opens=java.base/java.nio.charset=ALL-UNNAMED --add-opens=java.base/java.net=ALL-UNNAMED --add-opens=java.base/java.util.concurrent.atomic=ALL-UNNAMED -Xmx2048m -Dfile.encoding=windows-1252 -Duser.country=US -Duser.language=en -Duser.variant org.gradle.launcher.daemon.bootstrap.GradleDaemon 7.1-rc-1

Host: Intel(R) Core(TM) i7-4800MQ CPU @ 2.70GHz, 8 cores, 7G,  Windows 10 , 64 bit Build 18362 (10.0.18362.1500)
Time: Thu Dec 16 01:36:22 2021 Arab Standard Time elapsed time: 94.201260 seconds (0d 0h 1m 34s)

---------------  T H R E A D  ---------------

Current thread (0x00000231f87ff000):  GCTaskThread "GC Thread#5" [stack: 0x000000f168b00000,0x000000f168c00000] [id=14936]

Stack: [0x000000f168b00000,0x000000f168c00000]
[error occurred during error reporting (printing stack bounds), id 0xc0000005, EXCEPTION_ACCESS_VIOLATION (0xc0000005) at pc=0x00000231de8d0f2d]

Native frames: (J=compiled Java code, j=interpreted, Vv=VM code, C=native code)
V  [jvm.dll+0x617d9a]
V  [jvm.dll+0x74eeef]
V  [jvm.dll+0x750599]
V  [jvm.dll+0x750b85]
V  [jvm.dll+0x750b3b]
V  [jvm.dll+0x6175d3]
V  [jvm.dll+0x617998]
C  [ntdll.dll+0xa1fff]
C  [ntdll.dll+0x6aad9]
C  [ntdll.dll+0xa0c6e]
C  0x00000231de8d0f2d


---------------  P R O C E S S  ---------------

Threads class SMR info:
_java_thread_list=0x00000231fb005290, length=145, elements={
0x00000231d641e000, 0x00000231f527f000, 0x00000231f5275000, 0x00000231f5285800,
0x00000231f5287800, 0x00000231f528b800, 0x00000231f5290000, 0x00000231f5297800,
0x00000231f529c000, 0x00000231f5d50800, 0x00000231f8899800, 0x00000231f5f93800,
0x00000231f7326800, 0x00000231f67bc800, 0x00000231f67bf000, 0x00000231f67bd000,
0x00000231f67ba000, 0x00000231f67be000, 0x00000231f67bb800, 0x00000231f67b9000,
0x00000231f8cf1800, 0x00000231f8cf2800, 0x00000231f8cf0000, 0x00000231f8cf0800,
0x00000231f8cf3000, 0x00000231f8cf4000, 0x00000231fc6cf000, 0x00000231fc6cd800,
0x00000231f8808000, 0x00000231f880e800, 0x00000231f8803000, 0x00000231f8804800,
0x00000231f8805800, 0x00000231f8802000, 0x00000231f8800000, 0x00000231f8804000,
0x00000231f8800800, 0x00000231f8806800, 0x00000231f69e0800, 0x00000231f8801800,
0x00000231f8809800, 0x00000231f880c000, 0x00000231f880d000, 0x00000231f880a800,
0x00000231f8807000, 0x00000231f880d800, 0x00000231fc6d0000, 0x00000231fc6d1800,
0x00000231fc6d2800, 0x00000231fc6d3800, 0x00000231fc6d4000, 0x00000231fc6ce800,
0x00000231fc6d6000, 0x00000231fc6da000, 0x00000231fc6d9000, 0x00000231fc6d5000,
0x00000231fc6d6800, 0x00000231fc6d8000, 0x00000231fc6d7800, 0x00000231f8cee000,
0x00000231f8cf4800, 0x00000231f8cef000, 0x00000231f67b8800, 0x00000231f67bb000,
0x00000231fbc1d800, 0x00000231fbc1f800, 0x00000231fbc1e000, 0x00000231fbc1f000,
0x00000231fbc23000, 0x00000231fbc20800, 0x00000231fbc21800, 0x00000231fbc22000,
0x00000231fbc24000, 0x00000231fb088800, 0x00000231fb08b000, 0x00000231fb088000,
0x00000231fb08c800, 0x00000231fb089800, 0x00000231fb087000, 0x00000231fb08a800,
0x00000231fb08c000, 0x00000231fb08d800, 0x00000231fe41c000, 0x00000231fe416800,
0x00000231fe41a800, 0x00000231fe41d000, 0x00000231fe41b800, 0x00000231fe417000,
0x00000231fe419800, 0x00000231fe41e000, 0x00000231fe418000, 0x00000231fe41e800,
0x00000231fe419000, 0x00000231fe423800, 0x00000231fe420000, 0x00000231fe424800,
0x00000231fe425000, 0x00000231fe421000, 0x00000231fe422000, 0x00000231fe422800,
0x00000231fe41f800, 0x00000231f8c6d000, 0x00000231f8c72000, 0x00000231f8c6e000,
0x00000231f8c6e800, 0x00000231f8c6c800, 0x00000231f8c6f800, 0x00000231f8c73000,
0x00000231f8c73800, 0x00000231f8c76000, 0x00000231f8c74800, 0x00000231f8c70800,
0x00000231f8c77000, 0x00000231f8c75000, 0x00000231f8c71000, 0x00000231f8c77800,
0x00000231f8c78800, 0x00000231f8c7b000, 0x00000231f8c79800, 0x00000231f8c7a000,
0x00000231f8c7d000, 0x00000231f8c82000, 0x00000231f8c7c800, 0x00000231f8c83000,
0x00000231f8c7e000, 0x00000231f8c81000, 0x00000231f8c83800, 0x00000231f8c80800,
0x00000231f8c84800, 0x00000231f8c7e800, 0x00000231f8c85000, 0x00000231f8c7f800,
0x00000231f8c8a000, 0x00000231f8c89800, 0x00000231f8c86000, 0x00000231f8c8b000,
0x00000231f8c87000, 0x00000231f8c87800, 0x00000231f8c88800, 0x00000231fcb5f800,
0x00000231fcb5e000, 0x00000231fcb5d000, 0x00000231f5f7a800, 0x00000231fcb5a000,
0x00000231fcb5f000
}

Java Threads: ( => current thread )
  0x00000231d641e000 JavaThread "main" [_thread_blocked, id=7684, stack(0x000000f166c00000,0x000000f166d00000)]
  0x00000231f527f000 JavaThread "Reference Handler" daemon [_thread_blocked, id=10388, stack(0x000000f167300000,0x000000f167400000)]
  0x00000231f5275000 JavaThread "Finalizer" daemon [_thread_blocked, id=12180, stack(0x000000f167400000,0x000000f167500000)]
  0x00000231f5285800 JavaThread "Signal Dispatcher" daemon [_thread_blocked, id=1728, stack(0x000000f167500000,0x000000f167600000)]
  0x00000231f5287800 JavaThread "Attach Listener" daemon [_thread_blocked, id=11476, stack(0x000000f167600000,0x000000f167700000)]
  0x00000231f528b800 JavaThread "Service Thread" daemon [_thread_blocked, id=9452, stack(0x000000f167700000,0x000000f167800000)]
  0x00000231f5290000 JavaThread "C2 CompilerThread0" daemon [_thread_in_native, id=3812, stack(0x000000f167800000,0x000000f167900000)]
  0x00000231f5297800 JavaThread "C1 CompilerThread0" daemon [_thread_blocked, id=15008, stack(0x000000f167900000,0x000000f167a00000)]
  0x00000231f529c000 JavaThread "Sweeper thread" daemon [_thread_blocked, id=6292, stack(0x000000f167a00000,0x000000f167b00000)]
  0x00000231f5d50800 JavaThread "Common-Cleaner" daemon [_thread_blocked, id=13556, stack(0x000000f167b00000,0x000000f167c00000)]
  0x00000231f8899800 JavaThread "Daemon health stats" [_thread_blocked, id=12080, stack(0x000000f168100000,0x000000f168200000)]
  0x00000231f5f93800 JavaThread "Incoming local TCP Connector on port 21576" [_thread_in_native, id=9576, stack(0x000000f167d00000,0x000000f167e00000)]
  0x00000231f7326800 JavaThread "Daemon periodic checks" [_thread_blocked, id=16036, stack(0x000000f168000000,0x000000f168100000)]
  0x00000231f67bc800 JavaThread "Cache worker for journal cache (C:\Users\OmarTaha\.gradle\caches\journal-1)" [_thread_blocked, id=8484, stack(0x000000f168e00000,0x000000f168f00000)]
  0x00000231f67bf000 JavaThread "File lock request listener" [_thread_in_native, id=14068, stack(0x000000f168f00000,0x000000f169000000)]
  0x00000231f67bd000 JavaThread "Cache worker for file hash cache (C:\Users\OmarTaha\.gradle\caches\7.1-rc-1\fileHashes)" [_thread_blocked, id=7020, stack(0x000000f169000000,0x000000f169100000)]
  0x00000231f67ba000 JavaThread "File watcher server" daemon [_thread_blocked, id=17340, stack(0x000000f169400000,0x000000f169500000)]
  0x00000231f67be000 JavaThread "File watcher consumer" daemon [_thread_blocked, id=3876, stack(0x000000f169500000,0x000000f169600000)]
  0x00000231f67bb800 JavaThread "jar transforms" [_thread_blocked, id=6112, stack(0x000000f169700000,0x000000f169800000)]
  0x00000231f67b9000 JavaThread "jar transforms Thread 2" [_thread_blocked, id=10604, stack(0x000000f169800000,0x000000f169900000)]
  0x00000231f8cf1800 JavaThread "jar transforms Thread 3" [_thread_blocked, id=17236, stack(0x000000f169900000,0x000000f169a00000)]
  0x00000231f8cf2800 JavaThread "jar transforms Thread 4" [_thread_blocked, id=14800, stack(0x000000f169a00000,0x000000f169b00000)]
  0x00000231f8cf0000 JavaThread "jar transforms Thread 5" [_thread_blocked, id=16100, stack(0x000000f169b00000,0x000000f169c00000)]
  0x00000231f8cf0800 JavaThread "jar transforms Thread 6" [_thread_blocked, id=14712, stack(0x000000f169c00000,0x000000f169d00000)]
  0x00000231f8cf3000 JavaThread "jar transforms Thread 7" [_thread_blocked, id=10212, stack(0x000000f169d00000,0x000000f169e00000)]
  0x00000231f8cf4000 JavaThread "jar transforms Thread 8" [_thread_blocked, id=10464, stack(0x000000f169e00000,0x000000f169f00000)]
  0x00000231fc6cf000 JavaThread "Cache worker for execution history cache (C:\Users\OmarTaha\.gradle\caches\7.1-rc-1\executionHistory)" [_thread_blocked, id=13528, stack(0x000000f16a200000,0x000000f16a300000)]
  0x00000231fc6cd800 JavaThread "Cache worker for file content cache (C:\Users\OmarTaha\.gradle\caches\7.1-rc-1\fileContent)" [_thread_blocked, id=5948, stack(0x000000f16a300000,0x000000f16a400000)]
  0x00000231f8808000 JavaThread "Memory manager" [_thread_blocked, id=13588, stack(0x000000f169600000,0x000000f169700000)]
  0x00000231f880e800 JavaThread "pool-3-thread-1" [_thread_blocked, id=3380, stack(0x000000f16f700000,0x000000f16f800000)]
  0x00000231f8803000 JavaThread "Daemon Thread 2" [_thread_blocked, id=4532, stack(0x000000f166900000,0x000000f166a00000)]
  0x00000231f8804800 JavaThread "Handler for socket connection from /127.0.0.1:21576 to /127.0.0.1:21711" [_thread_in_native, id=13316, stack(0x000000f166a00000,0x000000f166b00000)]
  0x00000231f8805800 JavaThread "Cancel handler" [_thread_blocked, id=17024, stack(0x000000f166b00000,0x000000f166c00000)]
  0x00000231f8802000 JavaThread "Daemon worker Thread 2" [_thread_blocked, id=6576, stack(0x000000f168200000,0x000000f168300000)]
  0x00000231f8800000 JavaThread "Asynchronous log dispatcher for DefaultDaemonConnection: socket connection from /127.0.0.1:21576 to /127.0.0.1:21711" [_thread_blocked, id=6632, stack(0x000000f168500000,0x000000f168600000)]
  0x00000231f8804000 JavaThread "Stdin handler" [_thread_blocked, id=7544, stack(0x000000f168600000,0x000000f168700000)]
  0x00000231f8800800 JavaThread "Daemon client event forwarder" [_thread_blocked, id=6812, stack(0x000000f168700000,0x000000f168800000)]
  0x00000231f8806800 JavaThread "Cache worker for file hash cache (C:\Users\OmarTaha\AndroidStudioProjects\GMS\.gradle\7.1-rc-1\fileHashes)" [_thread_blocked, id=17072, stack(0x000000f168800000,0x000000f168900000)]
  0x00000231f69e0800 JavaThread "C2 CompilerThread1" daemon [_thread_in_native, id=16284, stack(0x000000f169200000,0x000000f169300000)]
  0x00000231f8801800 JavaThread "Cache worker for checksums cache (C:\Users\OmarTaha\AndroidStudioProjects\GMS\.gradle\checksums)" [_thread_blocked, id=3412, stack(0x000000f169f00000,0x000000f16a000000)]
  0x00000231f8809800 JavaThread "Cache worker for cache directory md-supplier (C:\Users\OmarTaha\.gradle\caches\7.1-rc-1\md-supplier)" [_thread_blocked, id=16532, stack(0x000000f16a000000,0x000000f16a100000)]
  0x00000231f880c000 JavaThread "Cache worker for cache directory md-rule (C:\Users\OmarTaha\.gradle\caches\7.1-rc-1\md-rule)" [_thread_blocked, id=9332, stack(0x000000f16a100000,0x000000f16a200000)]
  0x00000231f880d000 JavaThread "Cache worker for dependencies-accessors (C:\Users\OmarTaha\AndroidStudioProjects\GMS\.gradle\7.1-rc-1\dependencies-accessors)" [_thread_blocked, id=2032, stack(0x000000f16a400000,0x000000f16a500000)]
  0x00000231f880a800 JavaThread "Cache worker for Build Output Cleanup Cache (C:\Users\OmarTaha\AndroidStudioProjects\GMS\.gradle\buildOutputCleanup)" [_thread_blocked, id=2660, stack(0x000000f16a500000,0x000000f16a600000)]
  0x00000231f8807000 JavaThread "Unconstrained build operations" [_thread_blocked, id=11468, stack(0x000000f16a600000,0x000000f16a700000)]
  0x00000231f880d800 JavaThread "Unconstrained build operations Thread 2" [_thread_blocked, id=15468, stack(0x000000f16a700000,0x000000f16a800000)]
  0x00000231fc6d0000 JavaThread "Unconstrained build operations Thread 3" [_thread_blocked, id=9516, stack(0x000000f16a800000,0x000000f16a900000)]
  0x00000231fc6d1800 JavaThread "Unconstrained build operations Thread 4" [_thread_blocked, id=15724, stack(0x000000f16a900000,0x000000f16aa00000)]
  0x00000231fc6d2800 JavaThread "Unconstrained build operations Thread 5" [_thread_blocked, id=16628, stack(0x000000f16aa00000,0x000000f16ab00000)]
  0x00000231fc6d3800 JavaThread "Unconstrained build operations Thread 6" [_thread_blocked, id=4776, stack(0x000000f16ab00000,0x000000f16ac00000)]
  0x00000231fc6d4000 JavaThread "Unconstrained build operations Thread 7" [_thread_blocked, id=13188, stack(0x000000f16ac00000,0x000000f16ad00000)]
  0x00000231fc6ce800 JavaThread "Unconstrained build operations Thread 8" [_thread_blocked, id=1756, stack(0x000000f16ad00000,0x000000f16ae00000)]
  0x00000231fc6d6000 JavaThread "Unconstrained build operations Thread 9" [_thread_blocked, id=13652, stack(0x000000f16ae00000,0x000000f16af00000)]
  0x00000231fc6da000 JavaThread "Unconstrained build operations Thread 10" [_thread_blocked, id=15460, stack(0x000000f16af00000,0x000000f16b000000)]
  0x00000231fc6d9000 JavaThread "Unconstrained build operations Thread 11" [_thread_blocked, id=3764, stack(0x000000f16b000000,0x000000f16b100000)]
  0x00000231fc6d5000 JavaThread "Unconstrained build operations Thread 12" [_thread_blocked, id=2584, stack(0x000000f16b100000,0x000000f16b200000)]
  0x00000231fc6d6800 JavaThread "Unconstrained build operations Thread 13" [_thread_blocked, id=15516, stack(0x000000f16b200000,0x000000f16b300000)]
  0x00000231fc6d8000 JavaThread "Unconstrained build operations Thread 14" [_thread_blocked, id=8688, stack(0x000000f16b300000,0x000000f16b400000)]
  0x00000231fc6d7800 JavaThread "Unconstrained build operations Thread 15" [_thread_blocked, id=2996, stack(0x000000f16b400000,0x000000f16b500000)]
  0x00000231f8cee000 JavaThread "Unconstrained build operations Thread 16" [_thread_blocked, id=15444, stack(0x000000f16b500000,0x000000f16b600000)]
  0x00000231f8cf4800 JavaThread "Unconstrained build operations Thread 17" [_thread_blocked, id=10832, stack(0x000000f16b600000,0x000000f16b700000)]
  0x00000231f8cef000 JavaThread "Unconstrained build operations Thread 18" [_thread_blocked, id=2684, stack(0x000000f16b700000,0x000000f16b800000)]
  0x00000231f67b8800 JavaThread "Unconstrained build operations Thread 19" [_thread_blocked, id=11808, stack(0x000000f16b800000,0x000000f16b900000)]
  0x00000231f67bb000 JavaThread "Unconstrained build operations Thread 20" [_thread_blocked, id=16844, stack(0x000000f16b900000,0x000000f16ba00000)]
  0x00000231fbc1d800 JavaThread "Unconstrained build operations Thread 21" [_thread_blocked, id=8204, stack(0x000000f16ba00000,0x000000f16bb00000)]
  0x00000231fbc1f800 JavaThread "Unconstrained build operations Thread 22" [_thread_blocked, id=13368, stack(0x000000f16bb00000,0x000000f16bc00000)]
  0x00000231fbc1e000 JavaThread "Unconstrained build operations Thread 23" [_thread_blocked, id=10944, stack(0x000000f16bc00000,0x000000f16bd00000)]
  0x00000231fbc1f000 JavaThread "Unconstrained build operations Thread 24" [_thread_blocked, id=6172, stack(0x000000f16bd00000,0x000000f16be00000)]
  0x00000231fbc23000 JavaThread "Unconstrained build operations Thread 25" [_thread_blocked, id=5144, stack(0x000000f16be00000,0x000000f16bf00000)]
  0x00000231fbc20800 JavaThread "Unconstrained build operations Thread 26" [_thread_blocked, id=7012, stack(0x000000f16bf00000,0x000000f16c000000)]
  0x00000231fbc21800 JavaThread "Unconstrained build operations Thread 27" [_thread_blocked, id=16820, stack(0x000000f16c000000,0x000000f16c100000)]
  0x00000231fbc22000 JavaThread "Unconstrained build operations Thread 28" [_thread_blocked, id=6472, stack(0x000000f16c100000,0x000000f16c200000)]
  0x00000231fbc24000 JavaThread "Unconstrained build operations Thread 29" [_thread_blocked, id=5064, stack(0x000000f16c200000,0x000000f16c300000)]
  0x00000231fb088800 JavaThread "Unconstrained build operations Thread 30" [_thread_blocked, id=4496, stack(0x000000f16c300000,0x000000f16c400000)]
  0x00000231fb08b000 JavaThread "Unconstrained build operations Thread 31" [_thread_blocked, id=13100, stack(0x000000f16c400000,0x000000f16c500000)]
  0x00000231fb088000 JavaThread "Unconstrained build operations Thread 32" [_thread_blocked, id=2664, stack(0x000000f16c500000,0x000000f16c600000)]
  0x00000231fb08c800 JavaThread "Unconstrained build operations Thread 33" [_thread_blocked, id=3480, stack(0x000000f16c600000,0x000000f16c700000)]
  0x00000231fb089800 JavaThread "Unconstrained build operations Thread 34" [_thread_blocked, id=14656, stack(0x000000f16c700000,0x000000f16c800000)]
  0x00000231fb087000 JavaThread "Unconstrained build operations Thread 35" [_thread_blocked, id=4568, stack(0x000000f16c800000,0x000000f16c900000)]
  0x00000231fb08a800 JavaThread "Unconstrained build operations Thread 36" [_thread_blocked, id=13132, stack(0x000000f16c900000,0x000000f16ca00000)]
  0x00000231fb08c000 JavaThread "Unconstrained build operations Thread 37" [_thread_blocked, id=11948, stack(0x000000f16ca00000,0x000000f16cb00000)]
  0x00000231fb08d800 JavaThread "Unconstrained build operations Thread 38" [_thread_blocked, id=3300, stack(0x000000f16cb00000,0x000000f16cc00000)]
  0x00000231fe41c000 JavaThread "Unconstrained build operations Thread 39" [_thread_blocked, id=7184, stack(0x000000f16cc00000,0x000000f16cd00000)]
  0x00000231fe416800 JavaThread "Unconstrained build operations Thread 40" [_thread_blocked, id=7464, stack(0x000000f16cd00000,0x000000f16ce00000)]
  0x00000231fe41a800 JavaThread "Unconstrained build operations Thread 41" [_thread_blocked, id=3120, stack(0x000000f16ce00000,0x000000f16cf00000)]
  0x00000231fe41d000 JavaThread "Unconstrained build operations Thread 42" [_thread_blocked, id=1292, stack(0x000000f16cf00000,0x000000f16d000000)]
  0x00000231fe41b800 JavaThread "Unconstrained build operations Thread 43" [_thread_blocked, id=6412, stack(0x000000f16d000000,0x000000f16d100000)]
  0x00000231fe417000 JavaThread "Unconstrained build operations Thread 44" [_thread_blocked, id=14652, stack(0x000000f16d100000,0x000000f16d200000)]
  0x00000231fe419800 JavaThread "Unconstrained build operations Thread 45" [_thread_blocked, id=4344, stack(0x000000f16d200000,0x000000f16d300000)]
  0x00000231fe41e000 JavaThread "Unconstrained build operations Thread 46" [_thread_blocked, id=11960, stack(0x000000f16d300000,0x000000f16d400000)]
  0x00000231fe418000 JavaThread "Unconstrained build operations Thread 47" [_thread_blocked, id=252, stack(0x000000f16d400000,0x000000f16d500000)]
  0x00000231fe41e800 JavaThread "Unconstrained build operations Thread 48" [_thread_blocked, id=16840, stack(0x000000f16d500000,0x000000f16d600000)]
  0x00000231fe419000 JavaThread "Unconstrained build operations Thread 49" [_thread_blocked, id=17164, stack(0x000000f16d600000,0x000000f16d700000)]
  0x00000231fe423800 JavaThread "Unconstrained build operations Thread 50" [_thread_blocked, id=10368, stack(0x000000f16d700000,0x000000f16d800000)]
  0x00000231fe420000 JavaThread "Unconstrained build operations Thread 51" [_thread_blocked, id=14160, stack(0x000000f16d800000,0x000000f16d900000)]
  0x00000231fe424800 JavaThread "Unconstrained build operations Thread 52" [_thread_blocked, id=10700, stack(0x000000f16d900000,0x000000f16da00000)]
  0x00000231fe425000 JavaThread "Unconstrained build operations Thread 53" [_thread_blocked, id=17244, stack(0x000000f16da00000,0x000000f16db00000)]
  0x00000231fe421000 JavaThread "Unconstrained build operations Thread 54" [_thread_blocked, id=15632, stack(0x000000f16db00000,0x000000f16dc00000)]
  0x00000231fe422000 JavaThread "Unconstrained build operations Thread 55" [_thread_blocked, id=7732, stack(0x000000f16dc00000,0x000000f16dd00000)]
  0x00000231fe422800 JavaThread "Unconstrained build operations Thread 56" [_thread_blocked, id=13680, stack(0x000000f16dd00000,0x000000f16de00000)]
  0x00000231fe41f800 JavaThread "Unconstrained build operations Thread 57" [_thread_blocked, id=13500, stack(0x000000f16de00000,0x000000f16df00000)]
  0x00000231f8c6d000 JavaThread "Unconstrained build operations Thread 58" [_thread_blocked, id=12520, stack(0x000000f16df00000,0x000000f16e000000)]
  0x00000231f8c72000 JavaThread "Unconstrained build operations Thread 59" [_thread_blocked, id=13080, stack(0x000000f16e000000,0x000000f16e100000)]
  0x00000231f8c6e000 JavaThread "Unconstrained build operations Thread 60" [_thread_blocked, id=17392, stack(0x000000f16e100000,0x000000f16e200000)]
  0x00000231f8c6e800 JavaThread "Unconstrained build operations Thread 61" [_thread_blocked, id=11392, stack(0x000000f16e200000,0x000000f16e300000)]
  0x00000231f8c6c800 JavaThread "Unconstrained build operations Thread 62" [_thread_blocked, id=264, stack(0x000000f16e300000,0x000000f16e400000)]
  0x00000231f8c6f800 JavaThread "Unconstrained build operations Thread 63" [_thread_blocked, id=16236, stack(0x000000f16e400000,0x000000f16e500000)]
  0x00000231f8c73000 JavaThread "Unconstrained build operations Thread 64" [_thread_blocked, id=16604, stack(0x000000f16e500000,0x000000f16e600000)]
  0x00000231f8c73800 JavaThread "Unconstrained build operations Thread 65" [_thread_blocked, id=16648, stack(0x000000f16e600000,0x000000f16e700000)]
  0x00000231f8c76000 JavaThread "Unconstrained build operations Thread 66" [_thread_blocked, id=4616, stack(0x000000f16e700000,0x000000f16e800000)]
  0x00000231f8c74800 JavaThread "Unconstrained build operations Thread 67" [_thread_blocked, id=8092, stack(0x000000f16e800000,0x000000f16e900000)]
  0x00000231f8c70800 JavaThread "Unconstrained build operations Thread 68" [_thread_blocked, id=10324, stack(0x000000f16e900000,0x000000f16ea00000)]
  0x00000231f8c77000 JavaThread "Unconstrained build operations Thread 69" [_thread_blocked, id=11036, stack(0x000000f16ea00000,0x000000f16eb00000)]
  0x00000231f8c75000 JavaThread "Unconstrained build operations Thread 70" [_thread_blocked, id=14692, stack(0x000000f16eb00000,0x000000f16ec00000)]
  0x00000231f8c71000 JavaThread "Unconstrained build operations Thread 71" [_thread_blocked, id=15016, stack(0x000000f16ec00000,0x000000f16ed00000)]
  0x00000231f8c77800 JavaThread "Unconstrained build operations Thread 72" [_thread_blocked, id=13616, stack(0x000000f16ed00000,0x000000f16ee00000)]
  0x00000231f8c78800 JavaThread "Unconstrained build operations Thread 73" [_thread_blocked, id=5608, stack(0x000000f16ee00000,0x000000f16ef00000)]
  0x00000231f8c7b000 JavaThread "Unconstrained build operations Thread 74" [_thread_blocked, id=13984, stack(0x000000f16ef00000,0x000000f16f000000)]
  0x00000231f8c79800 JavaThread "Unconstrained build operations Thread 75" [_thread_blocked, id=13156, stack(0x000000f16f000000,0x000000f16f100000)]
  0x00000231f8c7a000 JavaThread "Unconstrained build operations Thread 76" [_thread_blocked, id=7724, stack(0x000000f16f100000,0x000000f16f200000)]
  0x00000231f8c7d000 JavaThread "Unconstrained build operations Thread 77" [_thread_blocked, id=7204, stack(0x000000f16f200000,0x000000f16f300000)]
  0x00000231f8c82000 JavaThread "Unconstrained build operations Thread 78" [_thread_blocked, id=11048, stack(0x000000f16f300000,0x000000f16f400000)]
  0x00000231f8c7c800 JavaThread "Unconstrained build operations Thread 79" [_thread_blocked, id=14772, stack(0x000000f16f400000,0x000000f16f500000)]
  0x00000231f8c83000 JavaThread "Unconstrained build operations Thread 80" [_thread_blocked, id=13264, stack(0x000000f16f500000,0x000000f16f600000)]
  0x00000231f8c7e000 JavaThread "build event listener" [_thread_blocked, id=12500, stack(0x000000f16f600000,0x000000f16f700000)]
  0x00000231f8c81000 JavaThread "pool-6-thread-1" [_thread_blocked, id=14804, stack(0x000000f16f800000,0x000000f16f900000)]
  0x00000231f8c83800 JavaThread "build event listener" [_thread_blocked, id=3704, stack(0x000000f16f900000,0x000000f16fa00000)]
  0x00000231f8c80800 JavaThread "Execution worker for ':'" [_thread_blocked, id=12048, stack(0x000000f16fa00000,0x000000f16fb00000)]
  0x00000231f8c84800 JavaThread "Execution worker for ':' Thread 2" [_thread_blocked, id=16644, stack(0x000000f16fb00000,0x000000f16fc00000)]
  0x00000231f8c7e800 JavaThread "Execution worker for ':' Thread 3" [_thread_blocked, id=12924, stack(0x000000f16fc00000,0x000000f16fd00000)]
  0x00000231f8c85000 JavaThread "Execution worker for ':' Thread 4" [_thread_blocked, id=4880, stack(0x000000f16fd00000,0x000000f16fe00000)]
  0x00000231f8c7f800 JavaThread "Execution worker for ':' Thread 5" [_thread_blocked, id=2972, stack(0x000000f16fe00000,0x000000f16ff00000)]
  0x00000231f8c8a000 JavaThread "Execution worker for ':' Thread 6" [_thread_blocked, id=15348, stack(0x000000f16ff00000,0x000000f170000000)]
  0x00000231f8c89800 JavaThread "Execution worker for ':' Thread 7" [_thread_blocked, id=14248, stack(0x000000f170000000,0x000000f170100000)]
  0x00000231f8c86000 JavaThread "Cache worker for execution history cache (C:\Users\OmarTaha\AndroidStudioProjects\GMS\.gradle\7.1-rc-1\executionHistory)" [_thread_blocked, id=5072, stack(0x000000f170100000,0x000000f170200000)]
  0x00000231f8c8b000 JavaThread "WorkerExecutor Queue" [_thread_blocked, id=6480, stack(0x000000f169300000,0x000000f169400000)]
  0x00000231f8c87000 JavaThread "WorkerExecutor Queue Thread 2" [_thread_blocked, id=7932, stack(0x000000f170200000,0x000000f170300000)]
  0x00000231f8c87800 JavaThread "WorkerExecutor Queue Thread 3" [_thread_blocked, id=5548, stack(0x000000f170300000,0x000000f170400000)]
  0x00000231f8c88800 JavaThread "WorkerExecutor Queue Thread 4" [_thread_blocked, id=11028, stack(0x000000f170400000,0x000000f170500000)]
  0x00000231fcb5f800 JavaThread "WorkerExecutor Queue Thread 5" [_thread_blocked, id=972, stack(0x000000f170500000,0x000000f170600000)]
  0x00000231fcb5e000 JavaThread "WorkerExecutor Queue Thread 6" [_thread_blocked, id=8324, stack(0x000000f170600000,0x000000f170700000)]
  0x00000231fcb5d000 JavaThread "WorkerExecutor Queue Thread 7" [_thread_blocked, id=3768, stack(0x000000f170700000,0x000000f170800000)]
  0x00000231f5f7a800 JavaThread "C2 CompilerThread2" daemon [_thread_blocked, id=13448, stack(0x000000f170800000,0x000000f170900000)]
  0x00000231fcb5a000 JavaThread "WorkerExecutor Queue Thread 8" [_thread_blocked, id=17084, stack(0x000000f170900000,0x000000f170a00000)]
  0x00000231fcb5f000 JavaThread "Java2D Disposer" daemon [_thread_blocked, id=17212, stack(0x000000f170b00000,0x000000f170c00000)]

Other Threads:
  0x00000231f526b800 VMThread "VM Thread" [stack: 0x000000f167200000,0x000000f167300000] [id=14488]
  0x00000231f5d94000 WatcherThread [stack: 0x000000f167c00000,0x000000f167d00000] [id=7216]
  0x00000231d6435000 GCTaskThread "GC Thread#0" [stack: 0x000000f166d00000,0x000000f166e00000] [id=13336]
  0x00000231f6b86000 GCTaskThread "GC Thread#1" [stack: 0x000000f167e00000,0x000000f167f00000] [id=2196]
  0x00000231f6848800 GCTaskThread "GC Thread#2" [stack: 0x000000f167f00000,0x000000f168000000] [id=2580]
  0x00000231f7a48000 GCTaskThread "GC Thread#3" [stack: 0x000000f168900000,0x000000f168a00000] [id=8852]
  0x00000231f93e4000 GCTaskThread "GC Thread#4" [stack: 0x000000f168a00000,0x000000f168b00000] [id=8480]
=>0x00000231f87ff000 GCTaskThread "GC Thread#5" [stack: 0x000000f168b00000,0x000000f168c00000] [id=14936]
  0x00000231f829b000 GCTaskThread "GC Thread#6" [stack: 0x000000f168c00000,0x000000f168d00000] [id=16716]
  0x00000231f775f800 GCTaskThread "GC Thread#7" [stack: 0x000000f168d00000,0x000000f168e00000] [id=3352]
  0x00000231d6467000 ConcurrentGCThread "G1 Main Marker" [stack: 0x000000f166e00000,0x000000f166f00000] [id=9572]
  0x00000231d6469800 ConcurrentGCThread "G1 Conc#0" [stack: 0x000000f166f00000,0x000000f167000000] [id=16148]
  0x00000231f72c1800 ConcurrentGCThread "G1 Conc#1" [stack: 0x000000f169100000,0x000000f169200000] [id=7776]
  0x00000231f50bc800 ConcurrentGCThread "G1 Refine#0" [stack: 0x000000f167000000,0x000000f167100000] [id=16412]
  0x00000231f50bd800 ConcurrentGCThread "G1 Young RemSet Sampling" [stack: 0x000000f167100000,0x000000f167200000] [id=14768]

Threads with active compile tasks:
C2 CompilerThread0  94233 14510   !   4       java.io.ObjectOutputStream::writeObject0 (619 bytes)
C2 CompilerThread1  94233 14489 % !   4       com.android.ide.common.resources.DataMerger::mergeData @ 247 (611 bytes)
C2 CompilerThread2  94233 14776       4       sun.java2d.marlin.MarlinCache::touchTile (163 bytes)

VM state:at safepoint (normal execution)

VM Mutex/Monitor currently owned by a thread:  ([mutex/lock_event])
[0x00000231d6419310] FreeList_lock - owner thread: 0x00000231f87ff000
[0x00000231d6419e10] Threads_lock - owner thread: 0x00000231f526b800
[0x00000231d641a170] Heap_lock - owner thread: 0x00000231f8c87000

Heap address: 0x0000000080000000, size: 2048 MB, Compressed Oops mode: 32-bit
Narrow klass base: 0x0000000000000000, Narrow klass shift: 3
Compressed class space size: 1073741824 Address: 0x0000000100000000

Heap:
 garbage-first heap   total 266240K, used 259550K [0x0000000080000000, 0x0000000100000000)
  region size 1024K, 13 young (13312K), 2 survivors (2048K)
 Metaspace       used 108916K, capacity 112027K, committed 112104K, reserved 1146880K
  class space    used 13491K, capacity 14620K, committed 14668K, reserved 1048576K
Heap Regions: E=young(eden), S=young(survivor), O=old, HS=humongous(starts), HC=humongous(continues), CS=collection set, F=free, A=archive, TAMS=top-at-mark-start (previous, next)
|   0|0x0000000080000000, 0x0000000080100000, 0x0000000080100000|100%| O|  |TAMS 0x0000000080100000, 0x0000000080000000| Untracked 
|   1|0x0000000080100000, 0x0000000080200000, 0x0000000080200000|100%| O|  |TAMS 0x0000000080200000, 0x0000000080100000| Complete 
|   2|0x0000000080200000, 0x0000000080300000, 0x0000000080300000|100%| O|  |TAMS 0x0000000080300000, 0x0000000080200000| Untracked 
|   3|0x0000000080300000, 0x0000000080400000, 0x0000000080400000|100%|HS|  |TAMS 0x0000000080400000, 0x0000000080300000| Complete 
|   4|0x0000000080400000, 0x0000000080500000, 0x0000000080500000|100%|HC|  |TAMS 0x0000000080500000, 0x0000000080400000| Complete 
|   5|0x0000000080500000, 0x0000000080600000, 0x0000000080600000|100%|HC|  |TAMS 0x0000000080600000, 0x0000000080500000| Complete 
|   6|0x0000000080600000, 0x0000000080700000, 0x0000000080700000|100%| O|  |TAMS 0x0000000080700000, 0x0000000080600000| Untracked 
|   7|0x0000000080700000, 0x0000000080800000, 0x0000000080800000|100%| O|  |TAMS 0x0000000080800000, 0x0000000080700000| Complete 
|   8|0x0000000080800000, 0x0000000080900000, 0x0000000080900000|100%| O|  |TAMS 0x0000000080900000, 0x0000000080800000| Untracked 
|   9|0x0000000080900000, 0x0000000080a00000, 0x0000000080a00000|100%| O|  |TAMS 0x0000000080a00000, 0x0000000080900000| Complete 
|  10|0x0000000080a00000, 0x0000000080b00000, 0x0000000080b00000|100%| O|  |TAMS 0x0000000080b00000, 0x0000000080a00000| Untracked 
|  11|0x0000000080b00000, 0x0000000080c00000, 0x0000000080c00000|100%| O|  |TAMS 0x0000000080c00000, 0x0000000080b00000| Untracked 
|  12|0x0000000080c00000, 0x0000000080d00000, 0x0000000080d00000|100%| O|  |TAMS 0x0000000080d00000, 0x0000000080c00000| Untracked 
|  13|0x0000000080d00000, 0x0000000080e00000, 0x0000000080e00000|100%| O|  |TAMS 0x0000000080e00000, 0x0000000080d00000| Untracked 
|  14|0x0000000080e00000, 0x0000000080f00000, 0x0000000080f00000|100%| O|  |TAMS 0x0000000080f00000, 0x0000000080e00000| Untracked 
|  15|0x0000000080f00000, 0x0000000081000000, 0x0000000081000000|100%| O|  |TAMS 0x0000000081000000, 0x0000000080f00000| Untracked 
|  16|0x0000000081000000, 0x0000000081100000, 0x0000000081100000|100%| O|  |TAMS 0x0000000081100000, 0x0000000081000000| Complete 
|  17|0x0000000081100000, 0x0000000081200000, 0x0000000081200000|100%|HS|  |TAMS 0x0000000081200000, 0x0000000081100000| Complete 
|  18|0x0000000081200000, 0x0000000081300000, 0x0000000081300000|100%|HC|  |TAMS 0x0000000081300000, 0x0000000081200000| Complete 
|  19|0x0000000081300000, 0x0000000081400000, 0x0000000081400000|100%|HS|  |TAMS 0x0000000081400000, 0x0000000081300000| Complete 
|  20|0x0000000081400000, 0x0000000081500000, 0x0000000081500000|100%|HC|  |TAMS 0x0000000081500000, 0x0000000081400000| Complete 
|  21|0x0000000081500000, 0x0000000081600000, 0x0000000081600000|100%|HC|  |TAMS 0x0000000081600000, 0x0000000081500000| Complete 
|  22|0x0000000081600000, 0x0000000081700000, 0x0000000081700000|100%|HS|  |TAMS 0x0000000081700000, 0x0000000081600000| Complete 
|  23|0x0000000081700000, 0x0000000081800000, 0x0000000081800000|100%|HC|  |TAMS 0x0000000081800000, 0x0000000081700000| Complete 
|  24|0x0000000081800000, 0x0000000081900000, 0x0000000081900000|100%|HC|  |TAMS 0x0000000081900000, 0x0000000081800000| Complete 
|  25|0x0000000081900000, 0x0000000081a00000, 0x0000000081a00000|100%|HC|  |TAMS 0x0000000081a00000, 0x0000000081900000| Complete 
|  26|0x0000000081a00000, 0x0000000081b00000, 0x0000000081b00000|100%|HC|  |TAMS 0x0000000081b00000, 0x0000000081a00000| Complete 
|  27|0x0000000081b00000, 0x0000000081c00000, 0x0000000081c00000|100%| O|  |TAMS 0x0000000081c00000, 0x0000000081b00000| Untracked 
|  28|0x0000000081c00000, 0x0000000081d00000, 0x0000000081d00000|100%| O|  |TAMS 0x0000000081d00000, 0x0000000081c00000| Complete 
|  29|0x0000000081d00000, 0x0000000081e00000, 0x0000000081e00000|100%| O|  |TAMS 0x0000000081e00000, 0x0000000081d00000| Complete 
|  30|0x0000000081e00000, 0x0000000081f00000, 0x0000000081f00000|100%| O|  |TAMS 0x0000000081f00000, 0x0000000081e00000| Untracked 
|  31|0x0000000081f00000, 0x0000000082000000, 0x0000000082000000|100%| O|  |TAMS 0x0000000082000000, 0x0000000081f00000| Untracked 
|  32|0x0000000082000000, 0x0000000082100000, 0x0000000082100000|100%| O|  |TAMS 0x0000000082100000, 0x0000000082000000| Complete 
|  33|0x0000000082100000, 0x0000000082200000, 0x0000000082200000|100%| O|  |TAMS 0x0000000082200000, 0x0000000082100000| Untracked 
|  34|0x0000000082200000, 0x0000000082300000, 0x0000000082300000|100%| O|  |TAMS 0x0000000082300000, 0x0000000082200000| Untracked 
|  35|0x0000000082300000, 0x0000000082400000, 0x0000000082400000|100%| O|  |TAMS 0x0000000082400000, 0x0000000082300000| Complete 
|  36|0x0000000082400000, 0x0000000082500000, 0x0000000082500000|100%| O|  |TAMS 0x0000000082500000, 0x0000000082400000| Untracked 
|  37|0x0000000082500000, 0x0000000082600000, 0x0000000082600000|100%| O|  |TAMS 0x0000000082600000, 0x0000000082500000| Complete 
|  38|0x0000000082600000, 0x0000000082700000, 0x0000000082700000|100%|HS|  |TAMS 0x0000000082700000, 0x0000000082600000| Complete 
|  39|0x0000000082700000, 0x0000000082800000, 0x0000000082800000|100%|HC|  |TAMS 0x0000000082800000, 0x0000000082700000| Complete 
|  40|0x0000000082800000, 0x0000000082900000, 0x0000000082900000|100%|HC|  |TAMS 0x0000000082900000, 0x0000000082800000| Complete 
|  41|0x0000000082900000, 0x0000000082a00000, 0x0000000082a00000|100%|HC|  |TAMS 0x0000000082a00000, 0x0000000082900000| Complete 
|  42|0x0000000082a00000, 0x0000000082b00000, 0x0000000082b00000|100%|HC|  |TAMS 0x0000000082b00000, 0x0000000082a00000| Complete 
|  43|0x0000000082b00000, 0x0000000082c00000, 0x0000000082c00000|100%| O|  |TAMS 0x0000000082c00000, 0x0000000082b00000| Untracked 
|  44|0x0000000082c00000, 0x0000000082d00000, 0x0000000082d00000|100%| O|  |TAMS 0x0000000082d00000, 0x0000000082c00000| Untracked 
|  45|0x0000000082d00000, 0x0000000082e00000, 0x0000000082e00000|100%|HS|  |TAMS 0x0000000082e00000, 0x0000000082d00000| Complete 
|  46|0x0000000082e00000, 0x0000000082f00000, 0x0000000082f00000|100%|HC|  |TAMS 0x0000000082f00000, 0x0000000082e00000| Complete 
|  47|0x0000000082f00000, 0x0000000083000000, 0x0000000083000000|100%|HC|  |TAMS 0x0000000083000000, 0x0000000082f00000| Complete 
|  48|0x0000000083000000, 0x0000000083100000, 0x0000000083100000|100%| O|  |TAMS 0x0000000083100000, 0x0000000083000000| Untracked 
|  49|0x0000000083100000, 0x0000000083200000, 0x0000000083200000|100%| O|  |TAMS 0x0000000083200000, 0x0000000083100000| Complete 
|  50|0x0000000083200000, 0x0000000083300000, 0x0000000083300000|100%| O|  |TAMS 0x0000000083300000, 0x0000000083200000| Complete 
|  51|0x0000000083300000, 0x0000000083400000, 0x0000000083400000|100%| O|  |TAMS 0x0000000083400000, 0x0000000083300000| Complete 
|  52|0x0000000083400000, 0x0000000083500000, 0x0000000083500000|100%| O|  |TAMS 0x0000000083500000, 0x0000000083400000| Untracked 
|  53|0x0000000083500000, 0x0000000083600000, 0x0000000083600000|100%| O|  |TAMS 0x0000000083600000, 0x0000000083500000| Untracked 
|  54|0x0000000083600000, 0x0000000083700000, 0x0000000083700000|100%| O|  |TAMS 0x0000000083700000, 0x0000000083600000| Complete 
|  55|0x0000000083700000, 0x0000000083800000, 0x0000000083800000|100%| O|  |TAMS 0x0000000083800000, 0x0000000083700000| Complete 
|  56|0x0000000083800000, 0x0000000083900000, 0x0000000083900000|100%|HS|  |TAMS 0x0000000083900000, 0x0000000083800000| Complete 
|  57|0x0000000083900000, 0x0000000083a00000, 0x0000000083a00000|100%|HS|  |TAMS 0x0000000083a00000, 0x0000000083900000| Complete 
|  58|0x0000000083a00000, 0x0000000083b00000, 0x0000000083b00000|100%|HS|  |TAMS 0x0000000083b00000, 0x0000000083a00000| Complete 
|  59|0x0000000083b00000, 0x0000000083c00000, 0x0000000083c00000|100%|HC|  |TAMS 0x0000000083c00000, 0x0000000083b00000| Complete 
|  60|0x0000000083c00000, 0x0000000083d00000, 0x0000000083d00000|100%|HC|  |TAMS 0x0000000083d00000, 0x0000000083c00000| Complete 
|  61|0x0000000083d00000, 0x0000000083e00000, 0x0000000083e00000|100%|HS|  |TAMS 0x0000000083e00000, 0x0000000083d00000| Complete 
|  62|0x0000000083e00000, 0x0000000083f00000, 0x0000000083f00000|100%|HC|  |TAMS 0x0000000083f00000, 0x0000000083e00000| Complete 
|  63|0x0000000083f00000, 0x0000000084000000, 0x0000000084000000|100%| O|  |TAMS 0x0000000084000000, 0x0000000083f00000| Complete 
|  64|0x0000000084000000, 0x0000000084100000, 0x0000000084100000|100%| O|  |TAMS 0x0000000084100000, 0x0000000084000000| Complete 
|  65|0x0000000084100000, 0x0000000084200000, 0x0000000084200000|100%| O|  |TAMS 0x0000000084200000, 0x0000000084100000| Complete 
|  66|0x0000000084200000, 0x0000000084300000, 0x0000000084300000|100%| O|  |TAMS 0x0000000084300000, 0x0000000084200000| Untracked 
|  67|0x0000000084300000, 0x0000000084400000, 0x0000000084400000|100%| O|  |TAMS 0x0000000084400000, 0x0000000084300000| Untracked 
|  68|0x0000000084400000, 0x0000000084500000, 0x0000000084500000|100%| O|  |TAMS 0x0000000084500000, 0x0000000084400000| Untracked 
|  69|0x0000000084500000, 0x0000000084600000, 0x0000000084600000|100%| O|  |TAMS 0x0000000084600000, 0x0000000084500000| Complete 
|  70|0x0000000084600000, 0x0000000084700000, 0x0000000084700000|100%| O|  |TAMS 0x0000000084700000, 0x0000000084600000| Untracked 
|  71|0x0000000084700000, 0x0000000084800000, 0x0000000084800000|100%| O|  |TAMS 0x0000000084800000, 0x0000000084700000| Untracked 
|  72|0x0000000084800000, 0x0000000084900000, 0x0000000084900000|100%| O|  |TAMS 0x0000000084900000, 0x0000000084800000| Untracked 
|  73|0x0000000084900000, 0x0000000084a00000, 0x0000000084a00000|100%| O|  |TAMS 0x0000000084a00000, 0x0000000084900000| Untracked 
|  74|0x0000000084a00000, 0x0000000084b00000, 0x0000000084b00000|100%| O|  |TAMS 0x0000000084b00000, 0x0000000084a00000| Untracked 
|  75|0x0000000084b00000, 0x0000000084c00000, 0x0000000084c00000|100%| O|  |TAMS 0x0000000084c00000, 0x0000000084b00000| Untracked 
|  76|0x0000000084c00000, 0x0000000084d00000, 0x0000000084d00000|100%| O|  |TAMS 0x0000000084d00000, 0x0000000084c00000| Complete 
|  77|0x0000000084d00000, 0x0000000084e00000, 0x0000000084e00000|100%| O|  |TAMS 0x0000000084e00000, 0x0000000084d00000| Untracked 
|  78|0x0000000084e00000, 0x0000000084f00000, 0x0000000084f00000|100%| O|  |TAMS 0x0000000084f00000, 0x0000000084e00000| Untracked 
|  79|0x0000000084f00000, 0x0000000085000000, 0x0000000085000000|100%| O|  |TAMS 0x0000000085000000, 0x0000000084f00000| Untracked 
|  80|0x0000000085000000, 0x0000000085100000, 0x0000000085100000|100%| O|  |TAMS 0x0000000085100000, 0x0000000085000000| Untracked 
|  81|0x0000000085100000, 0x0000000085200000, 0x0000000085200000|100%| O|  |TAMS 0x0000000085200000, 0x0000000085100000| Untracked 
|  82|0x0000000085200000, 0x0000000085300000, 0x0000000085300000|100%| O|  |TAMS 0x0000000085300000, 0x0000000085200000| Untracked 
|  83|0x0000000085300000, 0x0000000085400000, 0x0000000085400000|100%| O|  |TAMS 0x0000000085400000, 0x0000000085300000| Untracked 
|  84|0x0000000085400000, 0x0000000085500000, 0x0000000085500000|100%| O|  |TAMS 0x0000000085500000, 0x0000000085400000| Untracked 
|  85|0x0000000085500000, 0x0000000085600000, 0x0000000085600000|100%| O|  |TAMS 0x0000000085600000, 0x0000000085500000| Untracked 
|  86|0x0000000085600000, 0x0000000085700000, 0x0000000085700000|100%| O|  |TAMS 0x0000000085700000, 0x0000000085600000| Complete 
|  87|0x0000000085700000, 0x0000000085800000, 0x0000000085800000|100%| O|  |TAMS 0x0000000085800000, 0x0000000085700000| Complete 
|  88|0x0000000085800000, 0x0000000085900000, 0x0000000085900000|100%| O|  |TAMS 0x0000000085900000, 0x0000000085800000| Untracked 
|  89|0x0000000085900000, 0x0000000085a00000, 0x0000000085a00000|100%| O|  |TAMS 0x0000000085a00000, 0x0000000085900000| Untracked 
|  90|0x0000000085a00000, 0x0000000085b00000, 0x0000000085b00000|100%| O|  |TAMS 0x0000000085b00000, 0x0000000085a00000| Untracked 
|  91|0x0000000085b00000, 0x0000000085c00000, 0x0000000085c00000|100%| O|  |TAMS 0x0000000085c00000, 0x0000000085b00000| Complete 
|  92|0x0000000085c00000, 0x0000000085d00000, 0x0000000085d00000|100%| O|  |TAMS 0x0000000085d00000, 0x0000000085c00000| Complete 
|  93|0x0000000085d00000, 0x0000000085e00000, 0x0000000085e00000|100%| O|  |TAMS 0x0000000085e00000, 0x0000000085d00000| Untracked 
|  94|0x0000000085e00000, 0x0000000085f00000, 0x0000000085f00000|100%| O|  |TAMS 0x0000000085f00000, 0x0000000085e00000| Complete 
|  95|0x0000000085f00000, 0x0000000086000000, 0x0000000086000000|100%| O|  |TAMS 0x0000000086000000, 0x0000000085f00000| Complete 
|  96|0x0000000086000000, 0x0000000086100000, 0x0000000086100000|100%| O|  |TAMS 0x0000000086100000, 0x0000000086000000| Complete 
|  97|0x0000000086100000, 0x0000000086200000, 0x0000000086200000|100%| O|  |TAMS 0x0000000086200000, 0x0000000086100000| Complete 
|  98|0x0000000086200000, 0x0000000086300000, 0x0000000086300000|100%| O|  |TAMS 0x0000000086300000, 0x0000000086200000| Complete 
|  99|0x0000000086300000, 0x0000000086400000, 0x0000000086400000|100%| O|  |TAMS 0x0000000086400000, 0x0000000086300000| Complete 
| 100|0x0000000086400000, 0x0000000086500000, 0x0000000086500000|100%| O|  |TAMS 0x0000000086500000, 0x0000000086400000| Complete 
| 101|0x0000000086500000, 0x0000000086600000, 0x0000000086600000|100%| O|  |TAMS 0x0000000086600000, 0x0000000086500000| Untracked 
| 102|0x0000000086600000, 0x0000000086700000, 0x0000000086700000|100%| O|  |TAMS 0x0000000086700000, 0x0000000086600000| Untracked 
| 103|0x0000000086700000, 0x0000000086800000, 0x0000000086800000|100%| O|  |TAMS 0x0000000086800000, 0x0000000086700000| Complete 
| 104|0x0000000086800000, 0x0000000086900000, 0x0000000086900000|100%| O|  |TAMS 0x0000000086900000, 0x0000000086800000| Untracked 
| 105|0x0000000086900000, 0x0000000086a00000, 0x0000000086a00000|100%| O|  |TAMS 0x0000000086a00000, 0x0000000086900000| Untracked 
| 106|0x0000000086a00000, 0x0000000086b00000, 0x0000000086b00000|100%| O|  |TAMS 0x0000000086b00000, 0x0000000086a00000| Untracked 
| 107|0x0000000086b00000, 0x0000000086c00000, 0x0000000086c00000|100%| O|  |TAMS 0x0000000086c00000, 0x0000000086b00000| Untracked 
| 108|0x0000000086c00000, 0x0000000086d00000, 0x0000000086d00000|100%| O|  |TAMS 0x0000000086d00000, 0x0000000086c00000| Untracked 
| 109|0x0000000086d00000, 0x0000000086e00000, 0x0000000086e00000|100%| O|  |TAMS 0x0000000086e00000, 0x0000000086d00000| Untracked 
| 110|0x0000000086e00000, 0x0000000086f00000, 0x0000000086f00000|100%| O|  |TAMS 0x0000000086f00000, 0x0000000086e00000| Untracked 
| 111|0x0000000086f00000, 0x0000000087000000, 0x0000000087000000|100%| O|  |TAMS 0x0000000087000000, 0x0000000086f00000| Complete 
| 112|0x0000000087000000, 0x0000000087100000, 0x0000000087100000|100%| O|  |TAMS 0x0000000087100000, 0x0000000087000000| Untracked 
| 113|0x0000000087100000, 0x0000000087200000, 0x0000000087200000|100%| O|  |TAMS 0x0000000087200000, 0x0000000087100000| Untracked 
| 114|0x0000000087200000, 0x0000000087300000, 0x0000000087300000|100%| O|  |TAMS 0x0000000087300000, 0x0000000087200000| Untracked 
| 115|0x0000000087300000, 0x0000000087400000, 0x0000000087400000|100%| O|  |TAMS 0x0000000087400000, 0x0000000087300000| Untracked 
| 116|0x0000000087400000, 0x0000000087500000, 0x0000000087500000|100%| O|  |TAMS 0x0000000087500000, 0x0000000087400000| Complete 
| 117|0x0000000087500000, 0x0000000087600000, 0x0000000087600000|100%| O|  |TAMS 0x0000000087600000, 0x0000000087500000| Untracked 
| 118|0x0000000087600000, 0x0000000087700000, 0x0000000087700000|100%| O|  |TAMS 0x0000000087700000, 0x0000000087600000| Untracked 
| 119|0x0000000087700000, 0x0000000087800000, 0x0000000087800000|100%| O|  |TAMS 0x0000000087800000, 0x0000000087700000| Untracked 
| 120|0x0000000087800000, 0x0000000087900000, 0x0000000087900000|100%| O|  |TAMS 0x0000000087900000, 0x0000000087800000| Untracked 
| 121|0x0000000087900000, 0x0000000087a00000, 0x0000000087a00000|100%| O|  |TAMS 0x0000000087a00000, 0x0000000087900000| Untracked 
| 122|0x0000000087a00000, 0x0000000087b00000, 0x0000000087b00000|100%| O|  |TAMS 0x0000000087b00000, 0x0000000087a00000| Untracked 
| 123|0x0000000087b00000, 0x0000000087c00000, 0x0000000087c00000|100%| O|  |TAMS 0x0000000087c00000, 0x0000000087b00000| Untracked 
| 124|0x0000000087c00000, 0x0000000087d00000, 0x0000000087d00000|100%| O|  |TAMS 0x0000000087d00000, 0x0000000087c00000| Untracked 
| 125|0x0000000087d00000, 0x0000000087e00000, 0x0000000087e00000|100%|HS|  |TAMS 0x0000000087e00000, 0x0000000087d00000| Complete 
| 126|0x0000000087e00000, 0x0000000087f00000, 0x0000000087f00000|100%| O|  |TAMS 0x0000000087f00000, 0x0000000087e00000| Untracked 
| 127|0x0000000087f00000, 0x0000000088000000, 0x0000000088000000|100%| O|  |TAMS 0x0000000088000000, 0x0000000087f00000| Untracked 
| 128|0x0000000088000000, 0x0000000088100000, 0x0000000088100000|100%| O|  |TAMS 0x0000000088100000, 0x0000000088000000| Untracked 
| 129|0x0000000088100000, 0x0000000088200000, 0x0000000088200000|100%| O|  |TAMS 0x0000000088200000, 0x0000000088100000| Untracked 
| 130|0x0000000088200000, 0x0000000088300000, 0x0000000088300000|100%| O|  |TAMS 0x0000000088300000, 0x0000000088200000| Untracked 
| 131|0x0000000088300000, 0x0000000088400000, 0x0000000088400000|100%| O|  |TAMS 0x0000000088400000, 0x0000000088300000| Untracked 
| 132|0x0000000088400000, 0x0000000088500000, 0x0000000088500000|100%| O|  |TAMS 0x0000000088500000, 0x0000000088400000| Untracked 
| 133|0x0000000088500000, 0x0000000088600000, 0x0000000088600000|100%| O|  |TAMS 0x0000000088600000, 0x0000000088500000| Untracked 
| 134|0x0000000088600000, 0x0000000088700000, 0x0000000088700000|100%| O|  |TAMS 0x0000000088700000, 0x0000000088600000| Untracked 
| 135|0x0000000088700000, 0x0000000088800000, 0x0000000088800000|100%| O|  |TAMS 0x0000000088800000, 0x0000000088700000| Untracked 
| 136|0x0000000088800000, 0x0000000088900000, 0x0000000088900000|100%| O|  |TAMS 0x0000000088900000, 0x0000000088800000| Untracked 
| 137|0x0000000088900000, 0x0000000088a00000, 0x0000000088a00000|100%| O|  |TAMS 0x0000000088a00000, 0x0000000088900000| Untracked 
| 138|0x0000000088a00000, 0x0000000088b00000, 0x0000000088b00000|100%| O|  |TAMS 0x0000000088b00000, 0x0000000088a00000| Untracked 
| 139|0x0000000088b00000, 0x0000000088c00000, 0x0000000088c00000|100%| O|  |TAMS 0x0000000088c00000, 0x0000000088b00000| Untracked 
| 140|0x0000000088c00000, 0x0000000088d00000, 0x0000000088d00000|100%| O|  |TAMS 0x0000000088d00000, 0x0000000088c00000| Untracked 
| 141|0x0000000088d00000, 0x0000000088e00000, 0x0000000088e00000|100%| O|  |TAMS 0x0000000088e00000, 0x0000000088d00000| Untracked 
| 142|0x0000000088e00000, 0x0000000088f00000, 0x0000000088f00000|100%| O|  |TAMS 0x0000000088f00000, 0x0000000088e00000| Untracked 
| 143|0x0000000088f00000, 0x0000000089000000, 0x0000000089000000|100%| O|  |TAMS 0x0000000089000000, 0x0000000088f00000| Untracked 
| 144|0x0000000089000000, 0x0000000089100000, 0x0000000089100000|100%| O|  |TAMS 0x0000000089100000, 0x0000000089000000| Untracked 
| 145|0x0000000089100000, 0x0000000089200000, 0x0000000089200000|100%| O|  |TAMS 0x0000000089200000, 0x0000000089100000| Untracked 
| 146|0x0000000089200000, 0x0000000089300000, 0x0000000089300000|100%| O|  |TAMS 0x0000000089300000, 0x0000000089200000| Untracked 
| 147|0x0000000089300000, 0x0000000089400000, 0x0000000089400000|100%| O|  |TAMS 0x0000000089400000, 0x0000000089300000| Untracked 
| 148|0x0000000089400000, 0x0000000089500000, 0x0000000089500000|100%| O|  |TAMS 0x0000000089500000, 0x0000000089400000| Untracked 
| 149|0x0000000089500000, 0x0000000089600000, 0x0000000089600000|100%| O|  |TAMS 0x0000000089600000, 0x0000000089500000| Untracked 
| 150|0x0000000089600000, 0x0000000089700000, 0x0000000089700000|100%| O|  |TAMS 0x0000000089700000, 0x0000000089600000| Untracked 
| 151|0x0000000089700000, 0x0000000089800000, 0x0000000089800000|100%| O|  |TAMS 0x0000000089800000, 0x0000000089700000| Untracked 
| 152|0x0000000089800000, 0x0000000089900000, 0x0000000089900000|100%| O|  |TAMS 0x0000000089900000, 0x0000000089800000| Untracked 
| 153|0x0000000089900000, 0x0000000089a00000, 0x0000000089a00000|100%| O|  |TAMS 0x0000000089a00000, 0x0000000089900000| Untracked 
| 154|0x0000000089a00000, 0x0000000089b00000, 0x0000000089b00000|100%| O|  |TAMS 0x0000000089b00000, 0x0000000089a00000| Complete 
| 155|0x0000000089b00000, 0x0000000089c00000, 0x0000000089c00000|100%| O|  |TAMS 0x0000000089c00000, 0x0000000089b00000| Untracked 
| 156|0x0000000089c00000, 0x0000000089d00000, 0x0000000089d00000|100%| O|  |TAMS 0x0000000089d00000, 0x0000000089c00000| Untracked 
| 157|0x0000000089d00000, 0x0000000089e00000, 0x0000000089e00000|100%| O|  |TAMS 0x0000000089e00000, 0x0000000089d00000| Untracked 
| 158|0x0000000089e00000, 0x0000000089f00000, 0x0000000089f00000|100%| O|  |TAMS 0x0000000089f00000, 0x0000000089e00000| Complete 
| 159|0x0000000089f00000, 0x000000008a000000, 0x000000008a000000|100%| O|  |TAMS 0x000000008a000000, 0x0000000089f00000| Untracked 
| 160|0x000000008a000000, 0x000000008a100000, 0x000000008a100000|100%| O|  |TAMS 0x000000008a100000, 0x000000008a000000| Untracked 
| 161|0x000000008a100000, 0x000000008a200000, 0x000000008a200000|100%| O|  |TAMS 0x000000008a200000, 0x000000008a100000| Untracked 
| 162|0x000000008a200000, 0x000000008a300000, 0x000000008a300000|100%| O|  |TAMS 0x000000008a300000, 0x000000008a200000| Untracked 
| 163|0x000000008a300000, 0x000000008a400000, 0x000000008a400000|100%| O|  |TAMS 0x000000008a400000, 0x000000008a300000| Untracked 
| 164|0x000000008a400000, 0x000000008a500000, 0x000000008a500000|100%| O|  |TAMS 0x000000008a484000, 0x000000008a400000| Complete 
| 165|0x000000008a500000, 0x000000008a600000, 0x000000008a600000|100%| O|  |TAMS 0x000000008a600000, 0x000000008a500000| Complete 
| 166|0x000000008a600000, 0x000000008a605a48, 0x000000008a700000|  2%| E|CS|TAMS 0x000000008a600000, 0x000000008a600000| Complete 
| 167|0x000000008a700000, 0x000000008a800000, 0x000000008a800000|100%| O|  |TAMS 0x000000008a800000, 0x000000008a700000| Untracked 
| 168|0x000000008a800000, 0x000000008a900000, 0x000000008a900000|100%| O|  |TAMS 0x000000008a900000, 0x000000008a800000| Untracked 
| 169|0x000000008a900000, 0x000000008aa00000, 0x000000008aa00000|100%| O|  |TAMS 0x000000008aa00000, 0x000000008a900000| Complete 
| 170|0x000000008aa00000, 0x000000008ab00000, 0x000000008ab00000|100%| O|  |TAMS 0x000000008ab00000, 0x000000008aa00000| Complete 
| 171|0x000000008ab00000, 0x000000008ac00000, 0x000000008ac00000|100%| O|  |TAMS 0x000000008ac00000, 0x000000008ab00000| Untracked 
| 172|0x000000008ac00000, 0x000000008ad00000, 0x000000008ad00000|100%| O|  |TAMS 0x000000008ad00000, 0x000000008ac00000| Untracked 
| 173|0x000000008ad00000, 0x000000008ae00000, 0x000000008ae00000|100%| O|  |TAMS 0x000000008ae00000, 0x000000008ad00000| Untracked 
| 174|0x000000008ae00000, 0x000000008af00000, 0x000000008af00000|100%| O|  |TAMS 0x000000008af00000, 0x000000008ae00000| Untracked 
| 175|0x000000008af00000, 0x000000008b000000, 0x000000008b000000|100%| O|  |TAMS 0x000000008b000000, 0x000000008af00000| Untracked 
| 176|0x000000008b000000, 0x000000008b100000, 0x000000008b100000|100%| O|  |TAMS 0x000000008b100000, 0x000000008b000000| Untracked 
| 177|0x000000008b100000, 0x000000008b200000, 0x000000008b200000|100%| O|  |TAMS 0x000000008b200000, 0x000000008b100000| Untracked 
| 178|0x000000008b200000, 0x000000008b300000, 0x000000008b300000|100%| O|  |TAMS 0x000000008b300000, 0x000000008b200000| Untracked 
| 179|0x000000008b300000, 0x000000008b400000, 0x000000008b400000|100%| O|  |TAMS 0x000000008b400000, 0x000000008b300000| Complete 
| 180|0x000000008b400000, 0x000000008b500000, 0x000000008b500000|100%| O|  |TAMS 0x000000008b500000, 0x000000008b400000| Complete 
| 181|0x000000008b500000, 0x000000008b600000, 0x000000008b600000|100%| O|  |TAMS 0x000000008b600000, 0x000000008b500000| Untracked 
| 182|0x000000008b600000, 0x000000008b700000, 0x000000008b700000|100%| O|  |TAMS 0x000000008b700000, 0x000000008b600000| Complete 
| 183|0x000000008b700000, 0x000000008b800000, 0x000000008b800000|100%| O|  |TAMS 0x000000008b800000, 0x000000008b700000| Untracked 
| 184|0x000000008b800000, 0x000000008b900000, 0x000000008b900000|100%| O|  |TAMS 0x000000008b900000, 0x000000008b800000| Complete 
| 185|0x000000008b900000, 0x000000008ba00000, 0x000000008ba00000|100%| O|  |TAMS 0x000000008ba00000, 0x000000008b900000| Complete 
| 186|0x000000008ba00000, 0x000000008bb00000, 0x000000008bb00000|100%| O|  |TAMS 0x000000008bb00000, 0x000000008ba00000| Complete 
| 187|0x000000008bb00000, 0x000000008bc00000, 0x000000008bc00000|100%|HS|  |TAMS 0x000000008bb00000, 0x000000008bb00000| Complete 
| 188|0x000000008bc00000, 0x000000008bd00000, 0x000000008bd00000|100%|HC|  |TAMS 0x000000008bc00000, 0x000000008bc00000| Complete 
| 189|0x000000008bd00000, 0x000000008be00000, 0x000000008be00000|100%|HC|  |TAMS 0x000000008bd00000, 0x000000008bd00000| Complete 
| 190|0x000000008be00000, 0x000000008bf00000, 0x000000008bf00000|100%|HC|  |TAMS 0x000000008be00000, 0x000000008be00000| Complete 
| 191|0x000000008bf00000, 0x000000008c000000, 0x000000008c000000|100%|HC|  |TAMS 0x000000008bf00000, 0x000000008bf00000| Complete 
| 192|0x000000008c000000, 0x000000008c100000, 0x000000008c100000|100%|HC|  |TAMS 0x000000008c000000, 0x000000008c000000| Complete 
| 193|0x000000008c100000, 0x000000008c200000, 0x000000008c200000|100%|HC|  |TAMS 0x000000008c100000, 0x000000008c100000| Complete 
| 194|0x000000008c200000, 0x000000008c300000, 0x000000008c300000|100%|HC|  |TAMS 0x000000008c200000, 0x000000008c200000| Complete 
| 195|0x000000008c300000, 0x000000008c400000, 0x000000008c400000|100%|HC|  |TAMS 0x000000008c300000, 0x000000008c300000| Complete 
| 196|0x000000008c400000, 0x000000008c500000, 0x000000008c500000|100%|HC|  |TAMS 0x000000008c400000, 0x000000008c400000| Complete 
| 197|0x000000008c500000, 0x000000008c600000, 0x000000008c600000|100%|HC|  |TAMS 0x000000008c500000, 0x000000008c500000| Complete 
| 198|0x000000008c600000, 0x000000008c700000, 0x000000008c700000|100%|HC|  |TAMS 0x000000008c600000, 0x000000008c600000| Complete 
| 199|0x000000008c700000, 0x000000008c800000, 0x000000008c800000|100%|HC|  |TAMS 0x000000008c700000, 0x000000008c700000| Complete 
| 200|0x000000008c800000, 0x000000008c900000, 0x000000008c900000|100%|HC|  |TAMS 0x000000008c800000, 0x000000008c800000| Complete 
| 201|0x000000008c900000, 0x000000008ca00000, 0x000000008ca00000|100%|HS|  |TAMS 0x000000008c900000, 0x000000008c900000| Complete 
| 202|0x000000008ca00000, 0x000000008cb00000, 0x000000008cb00000|100%|HC|  |TAMS 0x000000008ca00000, 0x000000008ca00000| Complete 
| 203|0x000000008cb00000, 0x000000008cc00000, 0x000000008cc00000|100%|HC|  |TAMS 0x000000008cb00000, 0x000000008cb00000| Complete 
| 204|0x000000008cc00000, 0x000000008cd00000, 0x000000008cd00000|100%|HC|  |TAMS 0x000000008cc00000, 0x000000008cc00000| Complete 
| 205|0x000000008cd00000, 0x000000008ce00000, 0x000000008ce00000|100%|HC|  |TAMS 0x000000008cd00000, 0x000000008cd00000| Complete 
| 206|0x000000008ce00000, 0x000000008cf00000, 0x000000008cf00000|100%|HC|  |TAMS 0x000000008ce00000, 0x000000008ce00000| Complete 
| 207|0x000000008cf00000, 0x000000008d000000, 0x000000008d000000|100%|HC|  |TAMS 0x000000008cf00000, 0x000000008cf00000| Complete 
| 208|0x000000008d000000, 0x000000008d100000, 0x000000008d100000|100%|HC|  |TAMS 0x000000008d000000, 0x000000008d000000| Complete 
| 209|0x000000008d100000, 0x000000008d200000, 0x000000008d200000|100%|HC|  |TAMS 0x000000008d100000, 0x000000008d100000| Complete 
| 210|0x000000008d200000, 0x000000008d300000, 0x000000008d300000|100%| E|CS|TAMS 0x000000008d200000, 0x000000008d200000| Complete 
| 211|0x000000008d300000, 0x000000008d400000, 0x000000008d400000|100%| E|CS|TAMS 0x000000008d300000, 0x000000008d300000| Complete 
| 212|0x000000008d400000, 0x000000008d500000, 0x000000008d500000|100%| E|CS|TAMS 0x000000008d400000, 0x000000008d400000| Complete 
| 213|0x000000008d500000, 0x000000008d600000, 0x000000008d600000|100%| E|CS|TAMS 0x000000008d500000, 0x000000008d500000| Complete 
| 214|0x000000008d600000, 0x000000008d700000, 0x000000008d700000|100%|HS|  |TAMS 0x000000008d600000, 0x000000008d600000| Complete 
| 215|0x000000008d700000, 0x000000008d800000, 0x000000008d800000|100%|HC|  |TAMS 0x000000008d700000, 0x000000008d700000| Complete 
| 216|0x000000008d800000, 0x000000008d900000, 0x000000008d900000|100%|HC|  |TAMS 0x000000008d800000, 0x000000008d800000| Complete 
| 217|0x000000008d900000, 0x000000008da00000, 0x000000008da00000|100%|HC|  |TAMS 0x000000008d900000, 0x000000008d900000| Complete 
| 218|0x000000008da00000, 0x000000008db00000, 0x000000008db00000|100%|HC|  |TAMS 0x000000008da00000, 0x000000008da00000| Complete 
| 219|0x000000008db00000, 0x000000008dc00000, 0x000000008dc00000|100%|HC|  |TAMS 0x000000008db00000, 0x000000008db00000| Complete 
| 220|0x000000008dc00000, 0x000000008dd00000, 0x000000008dd00000|100%|HC|  |TAMS 0x000000008dc00000, 0x000000008dc00000| Complete 
| 221|0x000000008dd00000, 0x000000008de00000, 0x000000008de00000|100%|HC|  |TAMS 0x000000008dd00000, 0x000000008dd00000| Complete 
| 222|0x000000008de00000, 0x000000008df00000, 0x000000008df00000|100%|HC|  |TAMS 0x000000008de00000, 0x000000008de00000| Complete 
| 223|0x000000008df00000, 0x000000008e000000, 0x000000008e000000|100%|HC|  |TAMS 0x000000008df00000, 0x000000008df00000| Complete 
| 224|0x000000008e000000, 0x000000008e100000, 0x000000008e100000|100%|HC|  |TAMS 0x000000008e000000, 0x000000008e000000| Complete 
| 225|0x000000008e100000, 0x000000008e200000, 0x000000008e200000|100%|HC|  |TAMS 0x000000008e100000, 0x000000008e100000| Complete 
| 226|0x000000008e200000, 0x000000008e300000, 0x000000008e300000|100%|HC|  |TAMS 0x000000008e200000, 0x000000008e200000| Complete 
| 227|0x000000008e300000, 0x000000008e400000, 0x000000008e400000|100%|HC|  |TAMS 0x000000008e300000, 0x000000008e300000| Complete 
| 228|0x000000008e400000, 0x000000008e500000, 0x000000008e500000|100%|HC|  |TAMS 0x000000008e400000, 0x000000008e400000| Complete 
| 229|0x000000008e500000, 0x000000008e600000, 0x000000008e600000|100%|HC|  |TAMS 0x000000008e500000, 0x000000008e500000| Complete 
| 230|0x000000008e600000, 0x000000008e700000, 0x000000008e700000|100%|HC|  |TAMS 0x000000008e600000, 0x000000008e600000| Complete 
| 231|0x000000008e700000, 0x000000008e800000, 0x000000008e800000|100%|HC|  |TAMS 0x000000008e700000, 0x000000008e700000| Complete 
| 232|0x000000008e800000, 0x000000008e900000, 0x000000008e900000|100%|HC|  |TAMS 0x000000008e800000, 0x000000008e800000| Complete 
| 233|0x000000008e900000, 0x000000008ea00000, 0x000000008ea00000|100%|HC|  |TAMS 0x000000008e900000, 0x000000008e900000| Complete 
| 234|0x000000008ea00000, 0x000000008eb00000, 0x000000008eb00000|100%|HC|  |TAMS 0x000000008ea00000, 0x000000008ea00000| Complete 
| 235|0x000000008eb00000, 0x000000008ec00000, 0x000000008ec00000|100%|HC|  |TAMS 0x000000008eb00000, 0x000000008eb00000| Complete 
| 236|0x000000008ec00000, 0x000000008ed00000, 0x000000008ed00000|100%|HC|  |TAMS 0x000000008ec00000, 0x000000008ec00000| Complete 
| 237|0x000000008ed00000, 0x000000008ee00000, 0x000000008ee00000|100%|HC|  |TAMS 0x000000008ed00000, 0x000000008ed00000| Complete 
| 238|0x000000008ee00000, 0x000000008ef00000, 0x000000008ef00000|100%|HC|  |TAMS 0x000000008ee00000, 0x000000008ee00000| Complete 
| 239|0x000000008ef00000, 0x000000008f000000, 0x000000008f000000|100%|HC|  |TAMS 0x000000008ef00000, 0x000000008ef00000| Complete 
| 240|0x000000008f000000, 0x000000008f100000, 0x000000008f100000|100%|HC|  |TAMS 0x000000008f000000, 0x000000008f000000| Complete 
| 241|0x000000008f100000, 0x000000008f200000, 0x000000008f200000|100%|HC|  |TAMS 0x000000008f100000, 0x000000008f100000| Complete 
| 242|0x000000008f200000, 0x000000008f300000, 0x000000008f300000|100%|HC|  |TAMS 0x000000008f200000, 0x000000008f200000| Complete 
| 243|0x000000008f300000, 0x000000008f400000, 0x000000008f400000|100%|HC|  |TAMS 0x000000008f300000, 0x000000008f300000| Complete 
| 244|0x000000008f400000, 0x000000008f500000, 0x000000008f500000|100%|HC|  |TAMS 0x000000008f400000, 0x000000008f400000| Complete 
| 245|0x000000008f500000, 0x000000008f600000, 0x000000008f600000|100%|HC|  |TAMS 0x000000008f500000, 0x000000008f500000| Complete 
| 246|0x000000008f600000, 0x000000008f700000, 0x000000008f700000|100%|HC|  |TAMS 0x000000008f600000, 0x000000008f600000| Complete 
| 247|0x000000008f700000, 0x000000008f800000, 0x000000008f800000|100%| E|CS|TAMS 0x000000008f700000, 0x000000008f700000| Complete 
| 248|0x000000008f800000, 0x000000008f900000, 0x000000008f900000|100%| E|CS|TAMS 0x000000008f800000, 0x000000008f800000| Complete 
| 249|0x000000008f900000, 0x000000008fa00000, 0x000000008fa00000|100%| E|CS|TAMS 0x000000008f900000, 0x000000008f900000| Complete 
| 250|0x000000008fa00000, 0x000000008fb00000, 0x000000008fb00000|100%| E|CS|TAMS 0x000000008fa00000, 0x000000008fa00000| Complete 
| 251|0x000000008fb00000, 0x000000008fc00000, 0x000000008fc00000|100%| E|CS|TAMS 0x000000008fb00000, 0x000000008fb00000| Complete 
| 252|0x000000008fc00000, 0x000000008fd00000, 0x000000008fd00000|100%| E|CS|TAMS 0x000000008fc00000, 0x000000008fc00000| Complete 
| 253|0x000000008fd00000, 0x000000008fe00000, 0x000000008fe00000|100%| E|CS|TAMS 0x000000008fd00000, 0x000000008fd00000| Complete 
| 254|0x000000008fe00000, 0x000000008ff00000, 0x000000008ff00000|100%| O|  |TAMS 0x000000008fe00000, 0x000000008fe00000| Untracked 
| 255|0x000000008ff00000, 0x000000008ff33ce0, 0x0000000090000000| 20%| E|CS|TAMS 0x000000008ff00000, 0x000000008ff00000| Complete 
| 256|0x0000000090000000, 0x0000000090100000, 0x0000000090100000|100%| S|  |TAMS 0x0000000090000000, 0x0000000090000000| Complete 
| 257|0x0000000090100000, 0x0000000090200000, 0x0000000090200000|100%| S|  |TAMS 0x0000000090100000, 0x0000000090100000| Complete 
| 258|0x0000000090200000, 0x0000000090300000, 0x0000000090300000|100%| O|  |TAMS 0x0000000090200000, 0x0000000090200000| Untracked 

Card table byte_map: [0x00000231ee020000,0x00000231ee420000] _byte_map_base: 0x00000231edc20000

Marking Bits (Prev, Next): (CMBitMap*) 0x00000231d645e2c0, (CMBitMap*) 0x00000231d645e288
 Prev Bits: [0x00000231f0820000, 0x00000231f2820000)
 Next Bits: [0x00000231ee820000, 0x00000231f0820000)

Polling page: 0x00000231d41e0000

Metaspace:

Usage:
  Non-class:     95.12 MB capacity,    93.19 MB ( 98%) used,     1.62 MB (  2%) free+waste,   327.75 KB ( <1%) overhead. 
      Class:     14.28 MB capacity,    13.18 MB ( 92%) used,   979.21 KB (  7%) free+waste,   149.00 KB (  1%) overhead. 
       Both:    109.40 MB capacity,   106.36 MB ( 97%) used,     2.57 MB (  2%) free+waste,   476.75 KB ( <1%) overhead. 

Virtual space:
  Non-class space:       96.00 MB reserved,      95.15 MB (>99%) committed 
      Class space:        1.00 GB reserved,      14.32 MB (  1%) committed 
             Both:        1.09 GB reserved,     109.48 MB ( 10%) committed 

Chunk freelists:
   Non-Class:  3.63 KB
       Class:  512 bytes
        Both:  4.13 KB

CodeHeap 'non-profiled nmethods': size=120000Kb used=9452Kb max_used=9452Kb free=110547Kb
 bounds [0x00000231e63a0000, 0x00000231e6d00000, 0x00000231ed8d0000]
CodeHeap 'profiled nmethods': size=120000Kb used=30594Kb max_used=30594Kb free=89406Kb
 bounds [0x00000231dee70000, 0x00000231e0c90000, 0x00000231e63a0000]
CodeHeap 'non-nmethods': size=5760Kb used=2381Kb max_used=2397Kb free=3378Kb
 bounds [0x00000231de8d0000, 0x00000231deb40000, 0x00000231dee70000]
 total_blobs=14852 nmethods=13827 adapters=936
 compilation: enabled
              stopped_count=0, restarted_count=0
 full_count=0

Compilation events (10 events):
Event: 94.189 Thread 0x00000231f5297800 14819       1       java.awt.geom.AffineTransform::getScaleX (5 bytes)
Event: 94.189 Thread 0x00000231f5297800 nmethod 14819 0x00000231e652fd90 code [0x00000231e652ff20, 0x00000231e652ffd8]
Event: 94.189 Thread 0x00000231f5297800 14820       1       java.awt.geom.AffineTransform::getShearX (5 bytes)
Event: 94.189 Thread 0x00000231f5297800 nmethod 14820 0x00000231e652fa90 code [0x00000231e652fc20, 0x00000231e652fcd8]
Event: 94.189 Thread 0x00000231f5297800 14821       1       java.awt.geom.AffineTransform::getShearY (5 bytes)
Event: 94.189 Thread 0x00000231f5297800 nmethod 14821 0x00000231e652f790 code [0x00000231e652f920, 0x00000231e652f9d8]
Event: 94.189 Thread 0x00000231f5297800 14822       1       java.awt.geom.AffineTransform::getScaleY (5 bytes)
Event: 94.189 Thread 0x00000231f5297800 nmethod 14822 0x00000231e653de10 code [0x00000231e653dfa0, 0x00000231e653e058]
Event: 94.193 Thread 0x00000231f5f7a800 nmethod 14775% 0x00000231e65a0010 code [0x00000231e65a01e0, 0x00000231e65a13d8]
Event: 94.193 Thread 0x00000231f5f7a800 14776       4       sun.java2d.marlin.MarlinCache::touchTile (163 bytes)

GC Heap History (10 events):
Event: 93.554 GC heap after
{Heap after GC invocations=59 (full 0):
 garbage-first heap   total 225280K, used 187887K [0x0000000080000000, 0x0000000100000000)
  region size 1024K, 1 young (1024K), 1 survivors (1024K)
 Metaspace       used 105607K, capacity 108625K, committed 108904K, reserved 1144832K
  class space    used 13149K, capacity 14195K, committed 14284K, reserved 1048576K
}
Event: 93.587 GC heap before
{Heap before GC invocations=59 (full 0):
 garbage-first heap   total 225280K, used 197103K [0x0000000080000000, 0x0000000100000000)
  region size 1024K, 11 young (11264K), 1 survivors (1024K)
 Metaspace       used 105666K, capacity 108625K, committed 108904K, reserved 1144832K
  class space    used 13156K, capacity 14195K, committed 14284K, reserved 1048576K
}
Event: 93.592 GC heap after
{Heap after GC invocations=60 (full 0):
 garbage-first heap   total 225280K, used 190429K [0x0000000080000000, 0x0000000100000000)
  region size 1024K, 2 young (2048K), 2 survivors (2048K)
 Metaspace       used 105666K, capacity 108625K, committed 108904K, reserved 1144832K
  class space    used 13156K, capacity 14195K, committed 14284K, reserved 1048576K
}
Event: 93.670 GC heap before
{Heap before GC invocations=60 (full 0):
 garbage-first heap   total 225280K, used 198621K [0x0000000080000000, 0x0000000100000000)
  region size 1024K, 11 young (11264K), 2 survivors (2048K)
 Metaspace       used 106231K, capacity 109297K, committed 109544K, reserved 1144832K
  class space    used 13223K, capacity 14314K, committed 14412K, reserved 1048576K
}
Event: 93.673 GC heap after
{Heap after GC invocations=61 (full 0):
 garbage-first heap   total 225280K, used 191076K [0x0000000080000000, 0x0000000100000000)
  region size 1024K, 2 young (2048K), 2 survivors (2048K)
 Metaspace       used 106231K, capacity 109297K, committed 109544K, reserved 1144832K
  class space    used 13223K, capacity 14314K, committed 14412K, reserved 1048576K
}
Event: 93.713 GC heap before
{Heap before GC invocations=61 (full 0):
 garbage-first heap   total 225280K, used 196196K [0x0000000080000000, 0x0000000100000000)
  region size 1024K, 8 young (8192K), 2 survivors (2048K)
 Metaspace       used 106526K, capacity 109623K, committed 109800K, reserved 1144832K
  class space    used 13249K, capacity 14379K, committed 14412K, reserved 1048576K
}
Event: 93.716 GC heap after
{Heap after GC invocations=62 (full 0):
 garbage-first heap   total 225280K, used 191351K [0x0000000080000000, 0x0000000100000000)
  region size 1024K, 2 young (2048K), 2 survivors (2048K)
 Metaspace       used 106526K, capacity 109623K, committed 109800K, reserved 1144832K
  class space    used 13249K, capacity 14379K, committed 14412K, reserved 1048576K
}
Event: 93.965 GC heap before
{Heap before GC invocations=62 (full 0):
 garbage-first heap   total 259072K, used 257911K [0x0000000080000000, 0x0000000100000000)
  region size 1024K, 11 young (11264K), 2 survivors (2048K)
 Metaspace       used 107428K, capacity 110531K, committed 110696K, reserved 1144832K
  class space    used 13344K, capacity 14464K, committed 14540K, reserved 1048576K
}
Event: 93.968 GC heap after
{Heap after GC invocations=63 (full 0):
 garbage-first heap   total 262144K, used 249288K [0x0000000080000000, 0x0000000100000000)
  region size 1024K, 2 young (2048K), 2 survivors (2048K)
 Metaspace       used 107428K, capacity 110531K, committed 110696K, reserved 1144832K
  class space    used 13344K, capacity 14464K, committed 14540K, reserved 1048576K
}
Event: 94.194 GC heap before
{Heap before GC invocations=64 (full 0):
 garbage-first heap   total 262144K, used 258504K [0x0000000080000000, 0x0000000100000000)
  region size 1024K, 13 young (13312K), 2 survivors (2048K)
 Metaspace       used 108916K, capacity 112027K, committed 112104K, reserved 1146880K
  class space    used 13491K, capacity 14620K, committed 14668K, reserved 1048576K
}

Deoptimization events (10 events):
Event: 94.034 Thread 0x00000231f8c89800 Uncommon trap: reason=bimorphic_or_optimized_type_check action=maybe_recompile pc=0x00000231e6c50240 method=org.apache.xerces.dom.CoreDocumentImpl.isKidOK(Lorg/w3c/dom/Node;Lorg/w3c/dom/Node;)Z @ 39 c2
Event: 94.034 Thread 0x00000231f8c89800 Uncommon trap: reason=bimorphic_or_optimized_type_check action=maybe_recompile pc=0x00000231e6c45d44 method=org.apache.xerces.dom.NodeImpl.changed()V @ 1 c2
Event: 94.034 Thread 0x00000231f8c89800 Uncommon trap: reason=bimorphic_or_optimized_type_check action=maybe_recompile pc=0x00000231e6c50240 method=org.apache.xerces.dom.CoreDocumentImpl.isKidOK(Lorg/w3c/dom/Node;Lorg/w3c/dom/Node;)Z @ 39 c2
Event: 94.034 Thread 0x00000231f8c89800 Uncommon trap: reason=bimorphic_or_optimized_type_check action=maybe_recompile pc=0x00000231e6c45d44 method=org.apache.xerces.dom.NodeImpl.changed()V @ 1 c2
Event: 94.034 Thread 0x00000231f8c89800 Uncommon trap: reason=bimorphic_or_optimized_type_check action=maybe_recompile pc=0x00000231e6c4e3fc method=org.apache.xerces.dom.CoreDocumentImpl.isKidOK(Lorg/w3c/dom/Node;Lorg/w3c/dom/Node;)Z @ 39 c2
Event: 94.092 Thread 0x00000231f8c89800 Uncommon trap: reason=bimorphic_or_optimized_type_check action=maybe_recompile pc=0x00000231e6425c70 method=org.apache.xerces.dom.AttributeMap.setNamedItem(Lorg/w3c/dom/Node;)Lorg/w3c/dom/Node; @ 4 c2
Event: 94.095 Thread 0x00000231f8c89800 Uncommon trap: reason=bimorphic_or_optimized_type_check action=maybe_recompile pc=0x00000231e6425c70 method=org.apache.xerces.dom.AttributeMap.setNamedItem(Lorg/w3c/dom/Node;)Lorg/w3c/dom/Node; @ 4 c2
Event: 94.106 Thread 0x00000231f8c89800 Uncommon trap: reason=unstable_if action=reinterpret pc=0x00000231e6c51c34 method=org.apache.xerces.dom.ParentNode.nodeListItem(I)Lorg/w3c/dom/Node; @ 87 c2
Event: 94.106 Thread 0x00000231f8c89800 Uncommon trap: reason=unstable_fused_if action=reinterpret pc=0x00000231e6c5804c method=org.apache.xerces.dom.ParentNode.nodeListItem(I)Lorg/w3c/dom/Node; @ 142 c2
Event: 94.173 Thread 0x00000231fcb5a000 Uncommon trap: reason=unstable_if action=reinterpret pc=0x00000231e69884a0 method=sun.nio.fs.WindowsPathParser.normalize(Ljava/lang/StringBuilder;Ljava/lang/String;I)Ljava/lang/String; @ 100 c2

Classes redefined (0 events):
No events

Internal exceptions (10 events):
Event: 93.626 Thread 0x00000231f8c89800 Exception <a 'java/lang/NoSuchMethodError'{0x000000008d75dbd0}: static Lcom/android/ide/common/resources/configuration/EnumBasedResourceQualifier;.<clinit>()V> (0x000000008d75dbd0) thrown at [./open/src/hotspot/share/prims/jni.cpp, line 1366]
Event: 93.626 Thread 0x00000231f8c89800 Exception <a 'java/lang/NoSuchMethodError'{0x000000008d760890}: static Lcom/android/ide/common/resources/configuration/ResourceQualifier;.<clinit>()V> (0x000000008d760890) thrown at [./open/src/hotspot/share/prims/jni.cpp, line 1366]
Event: 93.627 Thread 0x00000231f8c89800 Exception <a 'java/lang/NoSuchMethodError'{0x000000008d7789e8}: static Lcom/android/ide/common/resources/configuration/EnumBasedResourceQualifier;.<clinit>()V> (0x000000008d7789e8) thrown at [./open/src/hotspot/share/prims/jni.cpp, line 1366]
Event: 93.628 Thread 0x00000231f8c89800 Exception <a 'java/lang/NoSuchMethodError'{0x000000008d78ffb0}: static Lcom/android/ide/common/resources/configuration/EnumBasedResourceQualifier;.<clinit>()V> (0x000000008d78ffb0) thrown at [./open/src/hotspot/share/prims/jni.cpp, line 1366]
Event: 93.629 Thread 0x00000231f8c89800 Exception <a 'java/lang/NoSuchMethodError'{0x000000008d7b1a60}: static Lcom/android/build/gradle/tasks/MergeResources$MergeResourcesVectorDrawableRenderer;.<clinit>()V> (0x000000008d7b1a60) thrown at [./open/src/hotspot/share/prims/jni.cpp, line 1366]
Event: 93.630 Thread 0x00000231f8c89800 Exception <a 'java/lang/NoSuchMethodError'{0x000000008d7c4778}: static Lcom/android/build/gradle/internal/LoggerWrapper$LoggerSupplier;.<clinit>()V> (0x000000008d7c4778) thrown at [./open/src/hotspot/share/prims/jni.cpp, line 1366]
Event: 93.748 Thread 0x00000231f8c8b000 Exception <a 'java/lang/ClassNotFoundException'{0x000000008fc4aad0}: sun/awt/resources/spi/awtProvider> (0x000000008fc4aad0) thrown at [./open/src/hotspot/share/classfile/systemDictionary.cpp, line 228]
Event: 93.764 Thread 0x00000231f8c8b000 Exception <a 'java/io/FileNotFoundException'{0x000000008fbda210}> (0x000000008fbda210) thrown at [./open/src/hotspot/share/prims/jni.cpp, line 611]
Event: 93.765 Thread 0x00000231f8c8b000 Exception <a 'java/io/FileNotFoundException'{0x000000008fbde1c0}> (0x000000008fbde1c0) thrown at [./open/src/hotspot/share/prims/jni.cpp, line 611]
Event: 93.871 Thread 0x00000231f8c89800 Exception <a 'java/lang/NoSuchMethodError'{0x000000008f7e4ec0}: static Lcom/android/ide/common/resources/configuration/ResourceQualifier;.<clinit>()V> (0x000000008f7e4ec0) thrown at [./open/src/hotspot/share/prims/jni.cpp, line 1366]

Events (10 events):
Event: 94.193 loading class javax/imageio/metadata/IIOMetadata done
Event: 94.193 loading class com/sun/imageio/plugins/png/PNGMetadata done
Event: 94.193 Thread 0x00000231f8c87000 DEOPT PACKING pc=0x00000231df45948a sp=0x000000f1702fd540
Event: 94.193 Thread 0x00000231f8c87000 DEOPT UNPACKING pc=0x00000231de8f6dde sp=0x000000f1702fc990 mode 0
Event: 94.193 loading class com/sun/imageio/plugins/png/ChunkStream
Event: 94.194 loading class com/sun/imageio/plugins/png/ChunkStream done
Event: 94.194 Executing VM operation: G1CollectForAllocation
Event: 94.194 Executing VM operation: G1CollectForAllocation done
Event: 94.194 Executing VM operation: G1CollectForAllocation
Event: 94.194 loading class com/sun/imageio/plugins/png/CRC


Dynamic libraries:
0x00007ff626ca0000 - 0x00007ff626caf000 	C:\Program Files\Java\jdk-11.0.12\bin\java.exe
0x00007ff96ffc0000 - 0x00007ff9701b0000 	C:\Windows\SYSTEM32\ntdll.dll
0x00007ff96efc0000 - 0x00007ff96f072000 	C:\Windows\System32\KERNEL32.DLL
0x00007ff96d270000 - 0x00007ff96d515000 	C:\Windows\System32\KERNELBASE.dll
0x00007ff96d520000 - 0x00007ff96d61a000 	C:\Windows\System32\ucrtbase.dll
0x00007ff95d9b0000 - 0x00007ff95d9c8000 	C:\Program Files\Java\jdk-11.0.12\bin\jli.dll
0x00007ff95c0d0000 - 0x00007ff95c0e5000 	C:\Program Files\Java\jdk-11.0.12\bin\VCRUNTIME140.dll
0x00007ff96ef10000 - 0x00007ff96efb3000 	C:\Windows\System32\ADVAPI32.dll
0x00007ff96fb90000 - 0x00007ff96fc2e000 	C:\Windows\System32\msvcrt.dll
0x00007ff96fc30000 - 0x00007ff96fcc7000 	C:\Windows\System32\sechost.dll
0x00007ff96f8a0000 - 0x00007ff96f9bf000 	C:\Windows\System32\RPCRT4.dll
0x00007ff96e070000 - 0x00007ff96e204000 	C:\Windows\System32\USER32.dll
0x00007ff96dff0000 - 0x00007ff96e011000 	C:\Windows\System32\win32u.dll
0x00007ff96ec00000 - 0x00007ff96ec26000 	C:\Windows\System32\GDI32.dll
0x00007ff96d6b0000 - 0x00007ff96d848000 	C:\Windows\System32\gdi32full.dll
0x00007ff96d1d0000 - 0x00007ff96d26e000 	C:\Windows\System32\msvcp_win.dll
0x00007ff95ba20000 - 0x00007ff95bca4000 	C:\Windows\WinSxS\amd64_microsoft.windows.common-controls_6595b64144ccf1df_6.0.18362.1556_none_9e7e372fe45e41d5\COMCTL32.dll
0x00007ff96e840000 - 0x00007ff96eb76000 	C:\Windows\System32\combase.dll
0x00007ff96d140000 - 0x00007ff96d1c1000 	C:\Windows\System32\bcryptPrimitives.dll
0x00007ff966160000 - 0x00007ff96616a000 	C:\Windows\SYSTEM32\VERSION.dll
0x00007ff96fcd0000 - 0x00007ff96fcfe000 	C:\Windows\System32\IMM32.DLL
0x00007ff9429e0000 - 0x00007ff942a7b000 	C:\Program Files\Java\jdk-11.0.12\bin\msvcp140.dll
0x00007ff91da80000 - 0x00007ff91e57f000 	C:\Program Files\Java\jdk-11.0.12\bin\server\jvm.dll
0x00007ff96ecc0000 - 0x00007ff96ecc8000 	C:\Windows\System32\PSAPI.DLL
0x00007ff9690e0000 - 0x00007ff969104000 	C:\Windows\SYSTEM32\WINMM.dll
0x00007ff967ce0000 - 0x00007ff967ce9000 	C:\Windows\SYSTEM32\WSOCK32.dll
0x00007ff96fd00000 - 0x00007ff96fd6f000 	C:\Windows\System32\WS2_32.dll
0x00007ff968fa0000 - 0x00007ff968fcd000 	C:\Windows\SYSTEM32\winmmbase.dll
0x00007ff96e020000 - 0x00007ff96e06a000 	C:\Windows\System32\cfgmgr32.dll
0x00007ff96cea0000 - 0x00007ff96ceb1000 	C:\Windows\System32\kernel.appcore.dll
0x00007ff969200000 - 0x00007ff969210000 	C:\Program Files\Java\jdk-11.0.12\bin\verify.dll
0x00007ff958cd0000 - 0x00007ff958ec4000 	C:\Windows\SYSTEM32\DBGHELP.DLL
0x00007ff93e6f0000 - 0x00007ff93e71a000 	C:\Windows\SYSTEM32\dbgcore.DLL
0x00007ff95b7a0000 - 0x00007ff95b7c8000 	C:\Program Files\Java\jdk-11.0.12\bin\java.dll
0x00007ff964260000 - 0x00007ff96426a000 	C:\Program Files\Java\jdk-11.0.12\bin\jimage.dll
0x00007ff95b6e0000 - 0x00007ff95b6f6000 	C:\Program Files\Java\jdk-11.0.12\bin\zip.dll
0x00007ff96f0e0000 - 0x00007ff96f7c7000 	C:\Windows\System32\SHELL32.dll
0x00007ff96e210000 - 0x00007ff96e2b8000 	C:\Windows\System32\shcore.dll
0x00007ff96d850000 - 0x00007ff96dfcb000 	C:\Windows\System32\windows.storage.dll
0x00007ff96cec0000 - 0x00007ff96cede000 	C:\Windows\System32\profapi.dll
0x00007ff96cee0000 - 0x00007ff96cf2a000 	C:\Windows\System32\powrprof.dll
0x00007ff96ce70000 - 0x00007ff96ce80000 	C:\Windows\System32\UMPDC.dll
0x00007ff96ff20000 - 0x00007ff96ff72000 	C:\Windows\System32\shlwapi.dll
0x00007ff96dfd0000 - 0x00007ff96dfe7000 	C:\Windows\System32\cryptsp.dll
0x00007ff95abb0000 - 0x00007ff95abc9000 	C:\Program Files\Java\jdk-11.0.12\bin\net.dll
0x00007ff95dd10000 - 0x00007ff95de0a000 	C:\Windows\SYSTEM32\WINHTTP.dll
0x00007ff96c6b0000 - 0x00007ff96c717000 	C:\Windows\system32\mswsock.dll
0x00007ff95ab90000 - 0x00007ff95aba2000 	C:\Program Files\Java\jdk-11.0.12\bin\nio.dll
0x00007ff95da00000 - 0x00007ff95da27000 	C:\Users\OmarTaha\.gradle\native\8bec1ad78214c89d9ad589b4d07fe93259594b29d510b10fafb7a158f7737e5d\windows-amd64\native-platform.dll
0x00007ff941a50000 - 0x00007ff941b8d000 	C:\Users\OmarTaha\.gradle\native\53dbd7edfb1c66fb8903c78663c9afc45aea4f116125fa6feffd364cf09443e8\windows-amd64\native-platform-file-events.dll
0x00007ff9641f0000 - 0x00007ff9641f9000 	C:\Program Files\Java\jdk-11.0.12\bin\management.dll
0x00007ff963ca0000 - 0x00007ff963cab000 	C:\Program Files\Java\jdk-11.0.12\bin\management_ext.dll
0x00007ff96c230000 - 0x00007ff96c263000 	C:\Windows\system32\rsaenh.dll
0x00007ff96d620000 - 0x00007ff96d646000 	C:\Windows\System32\bcrypt.dll
0x00007ff96cd90000 - 0x00007ff96cdb5000 	C:\Windows\SYSTEM32\USERENV.dll
0x00007ff96c880000 - 0x00007ff96c88c000 	C:\Windows\SYSTEM32\CRYPTBASE.dll
0x00007ff96c3c0000 - 0x00007ff96c3fa000 	C:\Windows\SYSTEM32\IPHLPAPI.DLL
0x00007ff96ecb0000 - 0x00007ff96ecb8000 	C:\Windows\System32\NSI.dll
0x00007ff9618b0000 - 0x00007ff9618c6000 	C:\Windows\SYSTEM32\dhcpcsvc6.DLL
0x00007ff9619e0000 - 0x00007ff9619fc000 	C:\Windows\SYSTEM32\dhcpcsvc.DLL
0x00007ff96c400000 - 0x00007ff96c4cb000 	C:\Windows\SYSTEM32\DNSAPI.dll
0x00007ff92fcc0000 - 0x00007ff92fe5a000 	C:\Program Files\Java\jdk-11.0.12\bin\awt.dll
0x00007ff96f7d0000 - 0x00007ff96f895000 	C:\Windows\System32\OLEAUT32.dll
0x00007ff96a720000 - 0x00007ff96a7af000 	C:\Windows\SYSTEM32\apphelp.dll
0x00007ff96b2a0000 - 0x00007ff96b2cd000 	C:\Windows\system32\DWMAPI.DLL
0x00007ff96a8a0000 - 0x00007ff96a939000 	C:\Windows\system32\uxtheme.dll

dbghelp: loaded successfully - version: 4.0.5 - missing functions: none
symbol engine: initialized successfully - sym options: 0x614 - pdb path: .;C:\Program Files\Java\jdk-11.0.12\bin;C:\Windows\SYSTEM32;C:\Windows\WinSxS\amd64_microsoft.windows.common-controls_6595b64144ccf1df_6.0.18362.1556_none_9e7e372fe45e41d5;C:\Program Files\Java\jdk-11.0.12\bin\server;C:\Users\OmarTaha\.gradle\native\8bec1ad78214c89d9ad589b4d07fe93259594b29d510b10fafb7a158f7737e5d\windows-amd64;C:\Users\OmarTaha\.gradle\native\53dbd7edfb1c66fb8903c78663c9afc45aea4f116125fa6feffd364cf09443e8\windows-amd64

VM Arguments:
jvm_args: --add-opens=java.base/java.util=ALL-UNNAMED --add-opens=java.base/java.lang=ALL-UNNAMED --add-opens=java.base/java.lang.invoke=ALL-UNNAMED --add-opens=java.base/java.util=ALL-UNNAMED --add-opens=java.prefs/java.util.prefs=ALL-UNNAMED --add-opens=java.prefs/java.util.prefs=ALL-UNNAMED --add-opens=java.base/java.nio.charset=ALL-UNNAMED --add-opens=java.base/java.net=ALL-UNNAMED --add-opens=java.base/java.util.concurrent.atomic=ALL-UNNAMED -Xmx2048m -Dfile.encoding=windows-1252 -Duser.country=US -Duser.language=en -Duser.variant 
java_command: org.gradle.launcher.daemon.bootstrap.GradleDaemon 7.1-rc-1
java_class_path (initial): C:\Users\OmarTaha\.gradle\wrapper\dists\gradle-7.1-rc-1-bin\89hqeppvp8dbb4pzs5e0rkzxn\gradle-7.1-rc-1\lib\gradle-launcher-7.1.jar
Launcher Type: SUN_STANDARD

[Global flags]
     intx CICompilerCount                          = 4                                         {product} {ergonomic}
     uint ConcGCThreads                            = 2                                         {product} {ergonomic}
     uint G1ConcRefinementThreads                  = 8                                         {product} {ergonomic}
   size_t G1HeapRegionSize                         = 1048576                                   {product} {ergonomic}
    uintx GCDrainStackTargetSize                   = 64                                        {product} {ergonomic}
   size_t InitialHeapSize                          = 132120576                                 {product} {ergonomic}
   size_t MarkStackSize                            = 4194304                                   {product} {ergonomic}
   size_t MaxHeapSize                              = 2147483648                                {product} {command line}
   size_t MaxNewSize                               = 1287651328                                {product} {ergonomic}
   size_t MinHeapDeltaBytes                        = 1048576                                   {product} {ergonomic}
    uintx NonNMethodCodeHeapSize                   = 5836300                                {pd product} {ergonomic}
    uintx NonProfiledCodeHeapSize                  = 122910970                              {pd product} {ergonomic}
    uintx ProfiledCodeHeapSize                     = 122910970                              {pd product} {ergonomic}
    uintx ReservedCodeCacheSize                    = 251658240                              {pd product} {ergonomic}
     bool SegmentedCodeCache                       = true                                      {product} {ergonomic}
     bool UseCompressedClassPointers               = true                                 {lp64_product} {ergonomic}
     bool UseCompressedOops                        = true                                 {lp64_product} {ergonomic}
     bool UseG1GC                                  = true                                      {product} {ergonomic}
     bool UseLargePagesIndividualAllocation        = false                                  {pd product} {ergonomic}

Logging:
Log output configuration:
 #0: stdout all=warning uptime,level,tags
 #1: stderr all=off uptime,level,tags

Environment Variables:
JAVA_HOME=C:\Program Files\Java\jdk-11.0.12\bin
PATH=C:\Program Files\Common Files\Oracle\Java\javapath;C:\Program Files (x86)\Common Files\Oracle\Java\javapath;C:\Program Files (x86)\Common Files\Intel\Shared Libraries\redist\intel64\compiler;C:\Program Files\Java\jdk-12.0.2\bin;C:\Windows\system32;C:\Windows;C:\Windows\System32\Wbem;C:\Windows\System32\WindowsPowerShell\v1.0\;C:\Windows\System32\OpenSSH\;C:\Program Files\dotnet\;C:\Program Files\Microsoft SQL Server\120\Tools\Binn\;C:\Program Files\Microsoft SQL Server\120\DTS\Binn\;C:\Program Files\Microsoft SQL Server\Client SDK\ODBC\110\Tools\Binn\;C:\Program Files (x86)\Microsoft SQL Server\120\Tools\Binn\;C:\Program Files (x86)\Microsoft SQL Server\120\Tools\Binn\ManagementStudio\;C:\Program Files (x86)\Microsoft SQL Server\120\DTS\Binn\;C:\Windows\Microsoft.NET\Framework\v3.5;C:\Program Files\Microsoft SQL Server\130\Tools\Binn\;C:\Program Files\Microsoft SQL Server\Client SDK\ODBC\170\Tools\Binn\;C:\Program Files\MATLAB\R2016a\runtime\win64;C:\Program Files\MATLAB\R2016a\bin;C:\Program Files\MATLAB\R2016a\polyspace\bin;C:\Program Files (x86)\dotnet\;C:\sqlite;C:\Program Files\Git\cmd;C:\Users\OmarTaha\AppData\Local\Programs\Python\Python310;C:\Users\OmarTaha\AppData\Local\Programs\Python\Python310\Scripts;C:\Users\OmarTaha\AppData\Local\Programs\Python\Python38-32\Scripts\;C:\Users\OmarTaha\AppData\Local\Programs\Python\Python38-32\;C:\Users\OmarTaha\AppData\Local\Microsoft\WindowsApps;C:\Users\OmarTaha\AppData\Local\Programs\Microsoft VS Code\bin;C:\Users\OmarTaha\.dotnet\tools;C:\Program Files\JetBrains\PyCharm Community Edition 2020.2.4\bin;;C:\Users\OmarTaha\AppData\Local\GitHubDesktop\bin;
USERNAME=OmarTaha
OS=Windows_NT
PROCESSOR_IDENTIFIER=Intel64 Family 6 Model 60 Stepping 3, GenuineIntel



---------------  S Y S T E M  ---------------

OS: Windows 10 , 64 bit Build 18362 (10.0.18362.1500)

CPU:total 8 (initial active 8) (4 cores per cpu, 2 threads per core) family 6 model 60 stepping 3 microcode 0x28, cmov, cx8, fxsr, mmx, sse, sse2, sse3, ssse3, sse4.1, sse4.2, popcnt, avx, avx2, aes, clmul, erms, lzcnt, ht, tsc, tscinvbit, bmi1, bmi2, fma

Memory: 4k page, system-wide physical 7993M (680M free)
TotalPageFile size 13993M (AvailPageFile size 6M)
current process WorkingSet (physical memory assigned to process): 581M, peak: 584M
current process commit charge ("private bytes"): 634M, peak: 637M

vm_info: Java HotSpot(TM) 64-Bit Server VM (11.0.12+8-LTS-237) for windows-amd64 JRE (11.0.12+8-LTS-237), built on Jun  8 2021 11:25:59 by "mach5one" with MS VC++ 15.9 (VS2017)

END.
