#
# There is insufficient memory for the Java Runtime Environment to continue.
# Native memory allocation (malloc) failed to allocate 1294736 bytes for Chunk::new
# Possible reasons:
#   The system is out of physical RAM or swap space
#   The process is running with CompressedOops enabled, and the Java Heap may be blocking the growth of the native heap
# Possible solutions:
#   Reduce memory load on the system
#   Increase physical memory or swap space
#   Check if swap backing store is full
#   Decrease Java heap size (-Xmx/-Xms)
#   Decrease number of Java threads
#   Decrease Java thread stack sizes (-Xss)
#   Set larger code cache with -XX:ReservedCodeCacheSize=
#   JVM is running with Unscaled Compressed Oops mode in which the Java heap is
#     placed in the first 4GB address space. The Java Heap base address is the
#     maximum limit for the native heap growth. Please use -XX:HeapBaseMinAddress
#     to set the Java Heap base and to place the Java Heap above 4GB virtual address.
# This output file may be truncated or incomplete.
#
#  Out of Memory Error (./open/src/hotspot/share/memory/arena.cpp:197), pid=13672, tid=10052
#
# JRE version: Java(TM) SE Runtime Environment 18.9 (11.0.12+8) (build 11.0.12+8-LTS-237)
# Java VM: Java HotSpot(TM) 64-Bit Server VM 18.9 (11.0.12+8-LTS-237, mixed mode, tiered, compressed oops, g1 gc, windows-amd64)
# No core dump will be written. Minidumps are not enabled by default on client versions of Windows
#

---------------  S U M M A R Y ------------

Command Line: --add-opens=java.base/java.util=ALL-UNNAMED --add-opens=java.base/java.lang=ALL-UNNAMED --add-opens=java.base/java.lang.invoke=ALL-UNNAMED --add-opens=java.base/java.util=ALL-UNNAMED --add-opens=java.prefs/java.util.prefs=ALL-UNNAMED --add-opens=java.prefs/java.util.prefs=ALL-UNNAMED --add-opens=java.base/java.nio.charset=ALL-UNNAMED --add-opens=java.base/java.net=ALL-UNNAMED --add-opens=java.base/java.util.concurrent.atomic=ALL-UNNAMED -Xmx2048m -Dfile.encoding=windows-1252 -Duser.country=US -Duser.language=en -Duser.variant org.gradle.launcher.daemon.bootstrap.GradleDaemon 7.1-rc-1

Host: Intel(R) Core(TM) i7-4800MQ CPU @ 2.70GHz, 8 cores, 7G,  Windows 10 , 64 bit Build 18362 (10.0.18362.1500)
Time: Mon Dec 20 12:53:13 2021 Arab Standard Time elapsed time: 6.019400 seconds (0d 0h 0m 6s)

---------------  T H R E A D  ---------------

Current thread (0x000002de65cf8800):  JavaThread "C2 CompilerThread1" daemon [_thread_in_native, id=10052, stack(0x000000ed8c200000,0x000000ed8c300000)]


Current CompileTask:
C2:   6019 5137       4       groovy.lang.MetaClassImpl$1MOPIter::methodNameAction (325 bytes)

Stack: [0x000000ed8c200000,0x000000ed8c300000]
Native frames: (J=compiled Java code, j=interpreted, Vv=VM code, C=native code)
V  [jvm.dll+0x617d9a]
V  [jvm.dll+0x74eeef]
V  [jvm.dll+0x750599]
V  [jvm.dll+0x750c23]
V  [jvm.dll+0x2438d8]
V  [jvm.dll+0xba6dc]
V  [jvm.dll+0xbac9c]
V  [jvm.dll+0x3469b7]
V  [jvm.dll+0x193e79]
V  [jvm.dll+0x1fd212]
V  [jvm.dll+0x1fc2ed]
V  [jvm.dll+0x17f18c]
V  [jvm.dll+0x20b87c]
V  [jvm.dll+0x20997b]
V  [jvm.dll+0x716359]
V  [jvm.dll+0x70f064]
V  [jvm.dll+0x616f66]
C  [ucrtbase.dll+0x210b2]
C  [KERNEL32.DLL+0x17c24]
C  [ntdll.dll+0x6d721]


---------------  P R O C E S S  ---------------

Threads class SMR info:
_java_thread_list=0x000002de6507a410, length=123, elements={
0x000002de411be000, 0x000002de61fc8800, 0x000002de61fca000, 0x000002de62838000,
0x000002de6283a000, 0x000002de6283d000, 0x000002de62840000, 0x000002de62844800,
0x000002de6284e000, 0x000002de629b0000, 0x000002de63a7c800, 0x000002de62b83000,
0x000002de64090800, 0x000002de63df6800, 0x000002de640a1800, 0x000002de64bfd000,
0x000002de64ac0000, 0x000002de64ac0800, 0x000002de63db5800, 0x000002de6538f800,
0x000002de65391000, 0x000002de65390000, 0x000002de65394000, 0x000002de65cf8800,
0x000002de65392800, 0x000002de65391800, 0x000002de6538e800, 0x000002de65393800,
0x000002de65395000, 0x000002de6826e800, 0x000002de636ce000, 0x000002de6826a800,
0x000002de6826c000, 0x000002de68268800, 0x000002de6826f800, 0x000002de68270000,
0x000002de68271000, 0x000002de6826d000, 0x000002de68271800, 0x000002de68272800,
0x000002de68273800, 0x000002de6826d800, 0x000002de68274000, 0x000002de68275000,
0x000002de68276000, 0x000002de68276800, 0x000002de68277800, 0x000002de64fc2800,
0x000002de64fc1000, 0x000002de64fc1800, 0x000002de64fc3000, 0x000002de64fc4000,
0x000002de64fc5000, 0x000002de64fbf000, 0x000002de64fc5800, 0x000002de64fc0000,
0x000002de64fca000, 0x000002de64fc7800, 0x000002de64fcb800, 0x000002de64fcc000,
0x000002de64fc8000, 0x000002de64fc6800, 0x000002de64fce000, 0x000002de64fc9000,
0x000002de64fca800, 0x000002de64fcd000, 0x000002de67e6a000, 0x000002de67e68000,
0x000002de67e64800, 0x000002de67e65800, 0x000002de67e69800, 0x000002de67e66000,
0x000002de67e6b000, 0x000002de67e6c000, 0x000002de67e67000, 0x000002de67e6c800,
0x000002de67e6d800, 0x000002de67e6e800, 0x000002de67e68800, 0x000002de67e71800,
0x000002de67e6f000, 0x000002de67e70000, 0x000002de67e73000, 0x000002de67e71000,
0x000002de67e72800, 0x000002de67d53800, 0x000002de67d52000, 0x000002de67d50000,
0x000002de67d52800, 0x000002de67d51000, 0x000002de67d54800, 0x000002de67d4f800,
0x000002de67d5a000, 0x000002de67d56000, 0x000002de67d5b000, 0x000002de67d55000,
0x000002de67d59000, 0x000002de67d5b800, 0x000002de67d5c800, 0x000002de67d57800,
0x000002de67d56800, 0x000002de67d5e000, 0x000002de67d5d800, 0x000002de67d58800,
0x000002de665f7000, 0x000002de665f9800, 0x000002de665fa000, 0x000002de665f7800,
0x000002de665f8800, 0x000002de665fb000, 0x000002de665f5000, 0x000002de665fb800,
0x000002de665f6000, 0x000002de665ff000, 0x000002de66600000, 0x000002de66602000,
0x000002de66600800, 0x000002de665fd800, 0x000002de665fe000, 0x000002de66601800,
0x000002de665fc800, 0x000002de66603000, 0x000002de66604000
}

Java Threads: ( => current thread )
  0x000002de411be000 JavaThread "main" [_thread_blocked, id=4656, stack(0x000000ed89c00000,0x000000ed89d00000)]
  0x000002de61fc8800 JavaThread "Reference Handler" daemon [_thread_blocked, id=8388, stack(0x000000ed8a300000,0x000000ed8a400000)]
  0x000002de61fca000 JavaThread "Finalizer" daemon [_thread_blocked, id=3252, stack(0x000000ed8a400000,0x000000ed8a500000)]
  0x000002de62838000 JavaThread "Signal Dispatcher" daemon [_thread_blocked, id=13856, stack(0x000000ed8a500000,0x000000ed8a600000)]
  0x000002de6283a000 JavaThread "Attach Listener" daemon [_thread_blocked, id=10992, stack(0x000000ed8a600000,0x000000ed8a700000)]
  0x000002de6283d000 JavaThread "Service Thread" daemon [_thread_blocked, id=9700, stack(0x000000ed8a700000,0x000000ed8a800000)]
  0x000002de62840000 JavaThread "C2 CompilerThread0" daemon [_thread_in_native, id=6196, stack(0x000000ed8a800000,0x000000ed8a900000)]
  0x000002de62844800 JavaThread "C1 CompilerThread0" daemon [_thread_blocked, id=5664, stack(0x000000ed8a900000,0x000000ed8aa00000)]
  0x000002de6284e000 JavaThread "Sweeper thread" daemon [_thread_blocked, id=13544, stack(0x000000ed8aa00000,0x000000ed8ab00000)]
  0x000002de629b0000 JavaThread "Common-Cleaner" daemon [_thread_blocked, id=3420, stack(0x000000ed8ab00000,0x000000ed8ac00000)]
  0x000002de63a7c800 JavaThread "Daemon health stats" [_thread_blocked, id=6844, stack(0x000000ed8b100000,0x000000ed8b200000)]
  0x000002de62b83000 JavaThread "Incoming local TCP Connector on port 53823" [_thread_in_native, id=10520, stack(0x000000ed8ad00000,0x000000ed8ae00000)]
  0x000002de64090800 JavaThread "Daemon periodic checks" [_thread_blocked, id=8032, stack(0x000000ed8b000000,0x000000ed8b100000)]
  0x000002de63df6800 JavaThread "Daemon" [_thread_blocked, id=11756, stack(0x000000ed8b200000,0x000000ed8b300000)]
  0x000002de640a1800 JavaThread "Handler for socket connection from /127.0.0.1:53823 to /127.0.0.1:53824" [_thread_in_native, id=4192, stack(0x000000ed8b300000,0x000000ed8b400000)]
  0x000002de64bfd000 JavaThread "Cancel handler" [_thread_blocked, id=11816, stack(0x000000ed8b400000,0x000000ed8b500000)]
  0x000002de64ac0000 JavaThread "Daemon worker" [_thread_in_vm, id=5072, stack(0x000000ed8b500000,0x000000ed8b600000)]
  0x000002de64ac0800 JavaThread "Asynchronous log dispatcher for DefaultDaemonConnection: socket connection from /127.0.0.1:53823 to /127.0.0.1:53824" [_thread_blocked, id=9672, stack(0x000000ed8b600000,0x000000ed8b700000)]
  0x000002de63db5800 JavaThread "Stdin handler" [_thread_blocked, id=11400, stack(0x000000ed8b700000,0x000000ed8b800000)]
  0x000002de6538f800 JavaThread "Daemon client event forwarder" [_thread_blocked, id=7376, stack(0x000000ed8b800000,0x000000ed8b900000)]
  0x000002de65391000 JavaThread "Cache worker for journal cache (C:\Users\OmarTaha\.gradle\caches\journal-1)" [_thread_blocked, id=4452, stack(0x000000ed8be00000,0x000000ed8bf00000)]
  0x000002de65390000 JavaThread "File lock request listener" [_thread_in_native, id=10096, stack(0x000000ed8bf00000,0x000000ed8c000000)]
  0x000002de65394000 JavaThread "Cache worker for file hash cache (C:\Users\OmarTaha\.gradle\caches\7.1-rc-1\fileHashes)" [_thread_blocked, id=12436, stack(0x000000ed8c000000,0x000000ed8c100000)]
=>0x000002de65cf8800 JavaThread "C2 CompilerThread1" daemon [_thread_in_native, id=10052, stack(0x000000ed8c200000,0x000000ed8c300000)]
  0x000002de65392800 JavaThread "Cache worker for file hash cache (C:\Users\OmarTaha\AndroidStudioProjects\GMS\.gradle\7.1-rc-1\fileHashes)" [_thread_blocked, id=624, stack(0x000000ed8c300000,0x000000ed8c400000)]
  0x000002de65391800 JavaThread "File watcher server" daemon [_thread_in_native, id=13464, stack(0x000000ed8c400000,0x000000ed8c500000)]
  0x000002de6538e800 JavaThread "File watcher consumer" daemon [_thread_blocked, id=12208, stack(0x000000ed8c500000,0x000000ed8c600000)]
  0x000002de65393800 JavaThread "Cache worker for checksums cache (C:\Users\OmarTaha\AndroidStudioProjects\GMS\.gradle\checksums)" [_thread_blocked, id=3564, stack(0x000000ed8c600000,0x000000ed8c700000)]
  0x000002de65395000 JavaThread "Cache worker for cache directory md-supplier (C:\Users\OmarTaha\.gradle\caches\7.1-rc-1\md-supplier)" [_thread_blocked, id=484, stack(0x000000ed8c700000,0x000000ed8c800000)]
  0x000002de6826e800 JavaThread "Cache worker for cache directory md-rule (C:\Users\OmarTaha\.gradle\caches\7.1-rc-1\md-rule)" [_thread_blocked, id=10512, stack(0x000000ed8c800000,0x000000ed8c900000)]
  0x000002de636ce000 JavaThread "C2 CompilerThread2" daemon [_thread_in_native, id=8348, stack(0x000000ed8c900000,0x000000ed8ca00000)]
  0x000002de6826a800 JavaThread "Cache worker for execution history cache (C:\Users\OmarTaha\.gradle\caches\7.1-rc-1\executionHistory)" [_thread_blocked, id=12660, stack(0x000000ed8ca00000,0x000000ed8cb00000)]
  0x000002de6826c000 JavaThread "jar transforms" [_thread_blocked, id=12012, stack(0x000000ed8cb00000,0x000000ed8cc00000)]
  0x000002de68268800 JavaThread "jar transforms Thread 2" [_thread_blocked, id=7888, stack(0x000000ed8cc00000,0x000000ed8cd00000)]
  0x000002de6826f800 JavaThread "Cache worker for file content cache (C:\Users\OmarTaha\.gradle\caches\7.1-rc-1\fileContent)" [_thread_blocked, id=12700, stack(0x000000ed8cd00000,0x000000ed8ce00000)]
  0x000002de68270000 JavaThread "Cache worker for dependencies-accessors (C:\Users\OmarTaha\AndroidStudioProjects\GMS\.gradle\7.1-rc-1\dependencies-accessors)" [_thread_blocked, id=10056, stack(0x000000ed8ce00000,0x000000ed8cf00000)]
  0x000002de68271000 JavaThread "jar transforms Thread 3" [_thread_blocked, id=13460, stack(0x000000ed8cf00000,0x000000ed8d000000)]
  0x000002de6826d000 JavaThread "Cache worker for Build Output Cleanup Cache (C:\Users\OmarTaha\AndroidStudioProjects\GMS\.gradle\buildOutputCleanup)" [_thread_blocked, id=3716, stack(0x000000ed8d000000,0x000000ed8d100000)]
  0x000002de68271800 JavaThread "Unconstrained build operations" [_thread_blocked, id=8928, stack(0x000000ed8d100000,0x000000ed8d200000)]
  0x000002de68272800 JavaThread "Unconstrained build operations Thread 2" [_thread_blocked, id=11544, stack(0x000000ed8d200000,0x000000ed8d300000)]
  0x000002de68273800 JavaThread "Unconstrained build operations Thread 3" [_thread_blocked, id=11892, stack(0x000000ed8d300000,0x000000ed8d400000)]
  0x000002de6826d800 JavaThread "Unconstrained build operations Thread 4" [_thread_blocked, id=11112, stack(0x000000ed8d400000,0x000000ed8d500000)]
  0x000002de68274000 JavaThread "Unconstrained build operations Thread 5" [_thread_blocked, id=4508, stack(0x000000ed8d500000,0x000000ed8d600000)]
  0x000002de68275000 JavaThread "Unconstrained build operations Thread 6" [_thread_blocked, id=13664, stack(0x000000ed8d600000,0x000000ed8d700000)]
  0x000002de68276000 JavaThread "Unconstrained build operations Thread 7" [_thread_blocked, id=10220, stack(0x000000ed8d700000,0x000000ed8d800000)]
  0x000002de68276800 JavaThread "Unconstrained build operations Thread 8" [_thread_blocked, id=1564, stack(0x000000ed8d800000,0x000000ed8d900000)]
  0x000002de68277800 JavaThread "Unconstrained build operations Thread 9" [_thread_blocked, id=10656, stack(0x000000ed8d900000,0x000000ed8da00000)]
  0x000002de64fc2800 JavaThread "Unconstrained build operations Thread 10" [_thread_blocked, id=12736, stack(0x000000ed8da00000,0x000000ed8db00000)]
  0x000002de64fc1000 JavaThread "Unconstrained build operations Thread 11" [_thread_blocked, id=8224, stack(0x000000ed8db00000,0x000000ed8dc00000)]
  0x000002de64fc1800 JavaThread "Unconstrained build operations Thread 12" [_thread_blocked, id=1300, stack(0x000000ed8dc00000,0x000000ed8dd00000)]
  0x000002de64fc3000 JavaThread "Unconstrained build operations Thread 13" [_thread_blocked, id=3344, stack(0x000000ed8dd00000,0x000000ed8de00000)]
  0x000002de64fc4000 JavaThread "Unconstrained build operations Thread 14" [_thread_blocked, id=13156, stack(0x000000ed8de00000,0x000000ed8df00000)]
  0x000002de64fc5000 JavaThread "Unconstrained build operations Thread 15" [_thread_blocked, id=9480, stack(0x000000ed8df00000,0x000000ed8e000000)]
  0x000002de64fbf000 JavaThread "Unconstrained build operations Thread 16" [_thread_blocked, id=896, stack(0x000000ed8e000000,0x000000ed8e100000)]
  0x000002de64fc5800 JavaThread "Unconstrained build operations Thread 17" [_thread_blocked, id=2580, stack(0x000000ed8e100000,0x000000ed8e200000)]
  0x000002de64fc0000 JavaThread "Unconstrained build operations Thread 18" [_thread_blocked, id=5244, stack(0x000000ed8e200000,0x000000ed8e300000)]
  0x000002de64fca000 JavaThread "Unconstrained build operations Thread 19" [_thread_blocked, id=7056, stack(0x000000ed8e300000,0x000000ed8e400000)]
  0x000002de64fc7800 JavaThread "Unconstrained build operations Thread 20" [_thread_blocked, id=13280, stack(0x000000ed8e400000,0x000000ed8e500000)]
  0x000002de64fcb800 JavaThread "Unconstrained build operations Thread 21" [_thread_blocked, id=140, stack(0x000000ed8e500000,0x000000ed8e600000)]
  0x000002de64fcc000 JavaThread "Unconstrained build operations Thread 22" [_thread_blocked, id=12184, stack(0x000000ed8e600000,0x000000ed8e700000)]
  0x000002de64fc8000 JavaThread "Unconstrained build operations Thread 23" [_thread_blocked, id=5768, stack(0x000000ed8e700000,0x000000ed8e800000)]
  0x000002de64fc6800 JavaThread "Unconstrained build operations Thread 24" [_thread_blocked, id=13740, stack(0x000000ed8e800000,0x000000ed8e900000)]
  0x000002de64fce000 JavaThread "Unconstrained build operations Thread 25" [_thread_blocked, id=11732, stack(0x000000ed8e900000,0x000000ed8ea00000)]
  0x000002de64fc9000 JavaThread "Unconstrained build operations Thread 26" [_thread_blocked, id=8728, stack(0x000000ed8ea00000,0x000000ed8eb00000)]
  0x000002de64fca800 JavaThread "Unconstrained build operations Thread 27" [_thread_blocked, id=1352, stack(0x000000ed8eb00000,0x000000ed8ec00000)]
  0x000002de64fcd000 JavaThread "Unconstrained build operations Thread 28" [_thread_blocked, id=6096, stack(0x000000ed8ec00000,0x000000ed8ed00000)]
  0x000002de67e6a000 JavaThread "Unconstrained build operations Thread 29" [_thread_blocked, id=13480, stack(0x000000ed8ed00000,0x000000ed8ee00000)]
  0x000002de67e68000 JavaThread "Unconstrained build operations Thread 30" [_thread_blocked, id=10832, stack(0x000000ed8ee00000,0x000000ed8ef00000)]
  0x000002de67e64800 JavaThread "Unconstrained build operations Thread 31" [_thread_blocked, id=12392, stack(0x000000ed8ef00000,0x000000ed8f000000)]
  0x000002de67e65800 JavaThread "Unconstrained build operations Thread 32" [_thread_blocked, id=900, stack(0x000000ed8f000000,0x000000ed8f100000)]
  0x000002de67e69800 JavaThread "Unconstrained build operations Thread 33" [_thread_blocked, id=12024, stack(0x000000ed8f100000,0x000000ed8f200000)]
  0x000002de67e66000 JavaThread "Unconstrained build operations Thread 34" [_thread_blocked, id=7752, stack(0x000000ed8f200000,0x000000ed8f300000)]
  0x000002de67e6b000 JavaThread "Unconstrained build operations Thread 35" [_thread_blocked, id=8036, stack(0x000000ed8f300000,0x000000ed8f400000)]
  0x000002de67e6c000 JavaThread "Unconstrained build operations Thread 36" [_thread_blocked, id=13144, stack(0x000000ed8f400000,0x000000ed8f500000)]
  0x000002de67e67000 JavaThread "Unconstrained build operations Thread 37" [_thread_blocked, id=13408, stack(0x000000ed8f500000,0x000000ed8f600000)]
  0x000002de67e6c800 JavaThread "Unconstrained build operations Thread 38" [_thread_blocked, id=8772, stack(0x000000ed8f600000,0x000000ed8f700000)]
  0x000002de67e6d800 JavaThread "Unconstrained build operations Thread 39" [_thread_blocked, id=6336, stack(0x000000ed8f700000,0x000000ed8f800000)]
  0x000002de67e6e800 JavaThread "Unconstrained build operations Thread 40" [_thread_blocked, id=3256, stack(0x000000ed8f800000,0x000000ed8f900000)]
  0x000002de67e68800 JavaThread "Unconstrained build operations Thread 41" [_thread_blocked, id=9676, stack(0x000000ed8f900000,0x000000ed8fa00000)]
  0x000002de67e71800 JavaThread "Unconstrained build operations Thread 42" [_thread_blocked, id=13260, stack(0x000000ed8fa00000,0x000000ed8fb00000)]
  0x000002de67e6f000 JavaThread "Unconstrained build operations Thread 43" [_thread_blocked, id=3608, stack(0x000000ed8fb00000,0x000000ed8fc00000)]
  0x000002de67e70000 JavaThread "Unconstrained build operations Thread 44" [_thread_blocked, id=12404, stack(0x000000ed8fc00000,0x000000ed8fd00000)]
  0x000002de67e73000 JavaThread "Unconstrained build operations Thread 45" [_thread_blocked, id=11528, stack(0x000000ed8fd00000,0x000000ed8fe00000)]
  0x000002de67e71000 JavaThread "Unconstrained build operations Thread 46" [_thread_blocked, id=12484, stack(0x000000ed8fe00000,0x000000ed8ff00000)]
  0x000002de67e72800 JavaThread "Unconstrained build operations Thread 47" [_thread_blocked, id=6412, stack(0x000000ed8ff00000,0x000000ed90000000)]
  0x000002de67d53800 JavaThread "Unconstrained build operations Thread 48" [_thread_blocked, id=9284, stack(0x000000ed90000000,0x000000ed90100000)]
  0x000002de67d52000 JavaThread "Unconstrained build operations Thread 49" [_thread_blocked, id=5788, stack(0x000000ed90100000,0x000000ed90200000)]
  0x000002de67d50000 JavaThread "Unconstrained build operations Thread 50" [_thread_blocked, id=376, stack(0x000000ed90200000,0x000000ed90300000)]
  0x000002de67d52800 JavaThread "Unconstrained build operations Thread 51" [_thread_blocked, id=7572, stack(0x000000ed90300000,0x000000ed90400000)]
  0x000002de67d51000 JavaThread "Unconstrained build operations Thread 52" [_thread_blocked, id=3720, stack(0x000000ed90400000,0x000000ed90500000)]
  0x000002de67d54800 JavaThread "Unconstrained build operations Thread 53" [_thread_blocked, id=128, stack(0x000000ed90500000,0x000000ed90600000)]
  0x000002de67d4f800 JavaThread "Unconstrained build operations Thread 54" [_thread_blocked, id=11836, stack(0x000000ed90600000,0x000000ed90700000)]
  0x000002de67d5a000 JavaThread "Unconstrained build operations Thread 55" [_thread_blocked, id=8144, stack(0x000000ed90700000,0x000000ed90800000)]
  0x000002de67d56000 JavaThread "Unconstrained build operations Thread 56" [_thread_blocked, id=13812, stack(0x000000ed90800000,0x000000ed90900000)]
  0x000002de67d5b000 JavaThread "Unconstrained build operations Thread 57" [_thread_blocked, id=1244, stack(0x000000ed90900000,0x000000ed90a00000)]
  0x000002de67d55000 JavaThread "Unconstrained build operations Thread 58" [_thread_blocked, id=10340, stack(0x000000ed90a00000,0x000000ed90b00000)]
  0x000002de67d59000 JavaThread "Unconstrained build operations Thread 59" [_thread_blocked, id=4408, stack(0x000000ed90b00000,0x000000ed90c00000)]
  0x000002de67d5b800 JavaThread "Unconstrained build operations Thread 60" [_thread_blocked, id=5452, stack(0x000000ed90c00000,0x000000ed90d00000)]
  0x000002de67d5c800 JavaThread "Unconstrained build operations Thread 61" [_thread_blocked, id=3576, stack(0x000000ed90d00000,0x000000ed90e00000)]
  0x000002de67d57800 JavaThread "Unconstrained build operations Thread 62" [_thread_blocked, id=1020, stack(0x000000ed90e00000,0x000000ed90f00000)]
  0x000002de67d56800 JavaThread "Unconstrained build operations Thread 63" [_thread_blocked, id=3424, stack(0x000000ed90f00000,0x000000ed91000000)]
  0x000002de67d5e000 JavaThread "Unconstrained build operations Thread 64" [_thread_blocked, id=10376, stack(0x000000ed91000000,0x000000ed91100000)]
  0x000002de67d5d800 JavaThread "Unconstrained build operations Thread 65" [_thread_blocked, id=11348, stack(0x000000ed91100000,0x000000ed91200000)]
  0x000002de67d58800 JavaThread "Unconstrained build operations Thread 66" [_thread_blocked, id=13696, stack(0x000000ed91200000,0x000000ed91300000)]
  0x000002de665f7000 JavaThread "Unconstrained build operations Thread 67" [_thread_blocked, id=13100, stack(0x000000ed91300000,0x000000ed91400000)]
  0x000002de665f9800 JavaThread "Unconstrained build operations Thread 68" [_thread_blocked, id=9628, stack(0x000000ed91400000,0x000000ed91500000)]
  0x000002de665fa000 JavaThread "Unconstrained build operations Thread 69" [_thread_blocked, id=13572, stack(0x000000ed91500000,0x000000ed91600000)]
  0x000002de665f7800 JavaThread "Unconstrained build operations Thread 70" [_thread_blocked, id=9516, stack(0x000000ed91600000,0x000000ed91700000)]
  0x000002de665f8800 JavaThread "Unconstrained build operations Thread 71" [_thread_blocked, id=13224, stack(0x000000ed91700000,0x000000ed91800000)]
  0x000002de665fb000 JavaThread "Unconstrained build operations Thread 72" [_thread_blocked, id=9292, stack(0x000000ed91800000,0x000000ed91900000)]
  0x000002de665f5000 JavaThread "Unconstrained build operations Thread 73" [_thread_blocked, id=6652, stack(0x000000ed91900000,0x000000ed91a00000)]
  0x000002de665fb800 JavaThread "Unconstrained build operations Thread 74" [_thread_blocked, id=13648, stack(0x000000ed91a00000,0x000000ed91b00000)]
  0x000002de665f6000 JavaThread "Unconstrained build operations Thread 75" [_thread_blocked, id=1728, stack(0x000000ed91b00000,0x000000ed91c00000)]
  0x000002de665ff000 JavaThread "Unconstrained build operations Thread 76" [_thread_blocked, id=9660, stack(0x000000ed91c00000,0x000000ed91d00000)]
  0x000002de66600000 JavaThread "Unconstrained build operations Thread 77" [_thread_blocked, id=9752, stack(0x000000ed91d00000,0x000000ed91e00000)]
  0x000002de66602000 JavaThread "Unconstrained build operations Thread 78" [_thread_blocked, id=9968, stack(0x000000ed91e00000,0x000000ed91f00000)]
  0x000002de66600800 JavaThread "Unconstrained build operations Thread 79" [_thread_blocked, id=10100, stack(0x000000ed91f00000,0x000000ed92000000)]
  0x000002de665fd800 JavaThread "Unconstrained build operations Thread 80" [_thread_blocked, id=10836, stack(0x000000ed92000000,0x000000ed92100000)]
  0x000002de665fe000 JavaThread "jar transforms Thread 4" [_thread_blocked, id=12264, stack(0x000000ed92100000,0x000000ed92200000)]
  0x000002de66601800 JavaThread "jar transforms Thread 5" [_thread_blocked, id=13792, stack(0x000000ed92200000,0x000000ed92300000)]
  0x000002de665fc800 JavaThread "jar transforms Thread 6" [_thread_blocked, id=9036, stack(0x000000ed92300000,0x000000ed92400000)]
  0x000002de66603000 JavaThread "jar transforms Thread 7" [_thread_blocked, id=944, stack(0x000000ed92400000,0x000000ed92500000)]
  0x000002de66604000 JavaThread "jar transforms Thread 8" [_thread_blocked, id=12344, stack(0x000000ed92500000,0x000000ed92600000)]

Other Threads:
  0x000002de61fb6000 VMThread "VM Thread" [stack: 0x000000ed8a200000,0x000000ed8a300000] [id=11496]
  0x000002de629f1000 WatcherThread [stack: 0x000000ed8ac00000,0x000000ed8ad00000] [id=11848]
  0x000002de411d3800 GCTaskThread "GC Thread#0" [stack: 0x000000ed89d00000,0x000000ed89e00000] [id=7972]
  0x000002de63aaa800 GCTaskThread "GC Thread#1" [stack: 0x000000ed8ae00000,0x000000ed8af00000] [id=1680]
  0x000002de63d57800 GCTaskThread "GC Thread#2" [stack: 0x000000ed8af00000,0x000000ed8b000000] [id=9616]
  0x000002de65247800 GCTaskThread "GC Thread#3" [stack: 0x000000ed8b900000,0x000000ed8ba00000] [id=10008]
  0x000002de63db6000 GCTaskThread "GC Thread#4" [stack: 0x000000ed8ba00000,0x000000ed8bb00000] [id=12348]
  0x000002de65617000 GCTaskThread "GC Thread#5" [stack: 0x000000ed8bb00000,0x000000ed8bc00000] [id=8140]
  0x000002de639cb000 GCTaskThread "GC Thread#6" [stack: 0x000000ed8bc00000,0x000000ed8bd00000] [id=14240]
  0x000002de639cc000 GCTaskThread "GC Thread#7" [stack: 0x000000ed8bd00000,0x000000ed8be00000] [id=13220]
  0x000002de41205800 ConcurrentGCThread "G1 Main Marker" [stack: 0x000000ed89e00000,0x000000ed89f00000] [id=12764]
  0x000002de41207000 ConcurrentGCThread "G1 Conc#0" [stack: 0x000000ed89f00000,0x000000ed8a000000] [id=10108]
  0x000002de65642000 ConcurrentGCThread "G1 Conc#1" [stack: 0x000000ed8c100000,0x000000ed8c200000] [id=10508]
  0x000002de61e22800 ConcurrentGCThread "G1 Refine#0" [stack: 0x000000ed8a000000,0x000000ed8a100000] [id=7460]
  0x000002de61e23800 ConcurrentGCThread "G1 Young RemSet Sampling" [stack: 0x000000ed8a100000,0x000000ed8a200000] [id=13228]

Threads with active compile tasks:
C2 CompilerThread0   6069 5294       4       java.lang.reflect.ProxyGenerator$ConstantPool::getIndirect (63 bytes)
C1 CompilerThread0   6069 5313   !   3       java.beans.PropertyDescriptor::findPropertyType (144 bytes)
C2 CompilerThread1   6069 5137       4       groovy.lang.MetaClassImpl$1MOPIter::methodNameAction (325 bytes)
C2 CompilerThread2   6069 5260       4       java.lang.PublicMethods::merge (81 bytes)

VM state:not at safepoint (normal execution)

VM Mutex/Monitor currently owned by a thread:  ([mutex/lock_event])
[0x000002de411ba7e0] Compile_lock - owner thread: 0x000002de62844800

Heap address: 0x0000000080000000, size: 2048 MB, Compressed Oops mode: 32-bit
Narrow klass base: 0x0000000000000000, Narrow klass shift: 3
Compressed class space size: 1073741824 Address: 0x0000000100000000

Heap:
 garbage-first heap   total 129024K, used 57490K [0x0000000080000000, 0x0000000100000000)
  region size 1024K, 20 young (20480K), 10 survivors (10240K)
 Metaspace       used 47616K, capacity 48883K, committed 49152K, reserved 1091584K
  class space    used 6077K, capacity 6539K, committed 6656K, reserved 1048576K
Heap Regions: E=young(eden), S=young(survivor), O=old, HS=humongous(starts), HC=humongous(continues), CS=collection set, F=free, A=archive, TAMS=top-at-mark-start (previous, next)
|   0|0x0000000080000000, 0x0000000080100000, 0x0000000080100000|100%| O|  |TAMS 0x0000000080100000, 0x0000000080000000| Untracked 
|   1|0x0000000080100000, 0x0000000080200000, 0x0000000080200000|100%| O|  |TAMS 0x0000000080200000, 0x0000000080100000| Untracked 
|   2|0x0000000080200000, 0x0000000080300000, 0x0000000080300000|100%| O|  |TAMS 0x0000000080300000, 0x0000000080200000| Untracked 
|   3|0x0000000080300000, 0x0000000080400000, 0x0000000080400000|100%|HS|  |TAMS 0x0000000080400000, 0x0000000080300000| Complete 
|   4|0x0000000080400000, 0x0000000080500000, 0x0000000080500000|100%|HC|  |TAMS 0x0000000080500000, 0x0000000080400000| Complete 
|   5|0x0000000080500000, 0x0000000080600000, 0x0000000080600000|100%|HC|  |TAMS 0x0000000080600000, 0x0000000080500000| Complete 
|   6|0x0000000080600000, 0x0000000080700000, 0x0000000080700000|100%| O|  |TAMS 0x0000000080700000, 0x0000000080600000| Untracked 
|   7|0x0000000080700000, 0x0000000080800000, 0x0000000080800000|100%| O|  |TAMS 0x0000000080800000, 0x0000000080700000| Untracked 
|   8|0x0000000080800000, 0x0000000080900000, 0x0000000080900000|100%| O|  |TAMS 0x0000000080900000, 0x0000000080800000| Untracked 
|   9|0x0000000080900000, 0x0000000080a00000, 0x0000000080a00000|100%| O|  |TAMS 0x0000000080a00000, 0x0000000080900000| Untracked 
|  10|0x0000000080a00000, 0x0000000080b00000, 0x0000000080b00000|100%| O|  |TAMS 0x0000000080b00000, 0x0000000080a00000| Untracked 
|  11|0x0000000080b00000, 0x0000000080c00000, 0x0000000080c00000|100%| O|  |TAMS 0x0000000080c00000, 0x0000000080b00000| Untracked 
|  12|0x0000000080c00000, 0x0000000080d00000, 0x0000000080d00000|100%| O|  |TAMS 0x0000000080d00000, 0x0000000080c00000| Untracked 
|  13|0x0000000080d00000, 0x0000000080e00000, 0x0000000080e00000|100%| O|  |TAMS 0x0000000080e00000, 0x0000000080d00000| Untracked 
|  14|0x0000000080e00000, 0x0000000080f00000, 0x0000000080f00000|100%| O|  |TAMS 0x0000000080f00000, 0x0000000080e00000| Untracked 
|  15|0x0000000080f00000, 0x0000000080fffff8, 0x0000000081000000| 99%| O|  |TAMS 0x0000000080fa7600, 0x0000000080f00000| Untracked 
|  16|0x0000000081000000, 0x0000000081100000, 0x0000000081100000|100%| O|  |TAMS 0x0000000081000000, 0x0000000081000000| Untracked 
|  17|0x0000000081100000, 0x0000000081200000, 0x0000000081200000|100%| O|  |TAMS 0x0000000081100000, 0x0000000081100000| Untracked 
|  18|0x0000000081200000, 0x0000000081300000, 0x0000000081300000|100%| O|  |TAMS 0x0000000081200000, 0x0000000081200000| Untracked 
|  19|0x0000000081300000, 0x0000000081400000, 0x0000000081400000|100%|HS|  |TAMS 0x0000000081300000, 0x0000000081300000| Complete 
|  20|0x0000000081400000, 0x0000000081500000, 0x0000000081500000|100%| O|  |TAMS 0x0000000081400000, 0x0000000081400000| Untracked 
|  21|0x0000000081500000, 0x0000000081600000, 0x0000000081600000|100%| O|  |TAMS 0x0000000081500000, 0x0000000081500000| Untracked 
|  22|0x0000000081600000, 0x0000000081700000, 0x0000000081700000|100%| O|  |TAMS 0x0000000081600000, 0x0000000081600000| Untracked 
|  23|0x0000000081700000, 0x0000000081800000, 0x0000000081800000|100%|HS|  |TAMS 0x0000000081700000, 0x0000000081700000| Complete 
|  24|0x0000000081800000, 0x0000000081900000, 0x0000000081900000|100%|HS|  |TAMS 0x0000000081800000, 0x0000000081800000| Complete 
|  25|0x0000000081900000, 0x0000000081a00000, 0x0000000081a00000|100%|HC|  |TAMS 0x0000000081900000, 0x0000000081900000| Complete 
|  26|0x0000000081a00000, 0x0000000081b00000, 0x0000000081b00000|100%|HC|  |TAMS 0x0000000081a00000, 0x0000000081a00000| Complete 
|  27|0x0000000081b00000, 0x0000000081c00000, 0x0000000081c00000|100%|HS|  |TAMS 0x0000000081b00000, 0x0000000081b00000| Complete 
|  28|0x0000000081c00000, 0x0000000081d00000, 0x0000000081d00000|100%|HC|  |TAMS 0x0000000081c00000, 0x0000000081c00000| Complete 
|  29|0x0000000081d00000, 0x0000000081e00000, 0x0000000081e00000|100%| O|  |TAMS 0x0000000081d00000, 0x0000000081d00000| Untracked 
|  30|0x0000000081e00000, 0x0000000081f00000, 0x0000000081f00000|100%| O|  |TAMS 0x0000000081e00000, 0x0000000081e00000| Untracked 
|  31|0x0000000081f00000, 0x0000000082000000, 0x0000000082000000|100%| O|  |TAMS 0x0000000081f00000, 0x0000000081f00000| Untracked 
|  32|0x0000000082000000, 0x0000000082100000, 0x0000000082100000|100%| O|  |TAMS 0x0000000082000000, 0x0000000082000000| Untracked 
|  33|0x0000000082100000, 0x0000000082200000, 0x0000000082200000|100%| O|  |TAMS 0x0000000082100000, 0x0000000082100000| Untracked 
|  34|0x0000000082200000, 0x0000000082300000, 0x0000000082300000|100%| O|  |TAMS 0x0000000082200000, 0x0000000082200000| Untracked 
|  35|0x0000000082300000, 0x0000000082400000, 0x0000000082400000|100%| O|  |TAMS 0x0000000082300000, 0x0000000082300000| Untracked 
|  36|0x0000000082400000, 0x0000000082500000, 0x0000000082500000|100%| O|  |TAMS 0x0000000082400000, 0x0000000082400000| Untracked 
|  37|0x0000000082500000, 0x0000000082524a00, 0x0000000082600000| 14%| O|  |TAMS 0x0000000082500000, 0x0000000082500000| Untracked 
|  38|0x0000000082600000, 0x0000000082600000, 0x0000000082700000|  0%| F|  |TAMS 0x0000000082600000, 0x0000000082600000| Untracked 
|  39|0x0000000082700000, 0x0000000082700000, 0x0000000082800000|  0%| F|  |TAMS 0x0000000082700000, 0x0000000082700000| Untracked 
|  40|0x0000000082800000, 0x0000000082800000, 0x0000000082900000|  0%| F|  |TAMS 0x0000000082800000, 0x0000000082800000| Untracked 
|  41|0x0000000082900000, 0x0000000082900000, 0x0000000082a00000|  0%| F|  |TAMS 0x0000000082900000, 0x0000000082900000| Untracked 
|  42|0x0000000082a00000, 0x0000000082a00000, 0x0000000082b00000|  0%| F|  |TAMS 0x0000000082a00000, 0x0000000082a00000| Untracked 
|  43|0x0000000082b00000, 0x0000000082c00000, 0x0000000082c00000|100%| S|CS|TAMS 0x0000000082b00000, 0x0000000082b00000| Complete 
|  44|0x0000000082c00000, 0x0000000082d00000, 0x0000000082d00000|100%| S|CS|TAMS 0x0000000082c00000, 0x0000000082c00000| Complete 
|  45|0x0000000082d00000, 0x0000000082e00000, 0x0000000082e00000|100%| S|CS|TAMS 0x0000000082d00000, 0x0000000082d00000| Complete 
|  46|0x0000000082e00000, 0x0000000082f00000, 0x0000000082f00000|100%| S|CS|TAMS 0x0000000082e00000, 0x0000000082e00000| Complete 
|  47|0x0000000082f00000, 0x0000000083000000, 0x0000000083000000|100%| S|CS|TAMS 0x0000000082f00000, 0x0000000082f00000| Complete 
|  48|0x0000000083000000, 0x0000000083100000, 0x0000000083100000|100%| S|CS|TAMS 0x0000000083000000, 0x0000000083000000| Complete 
|  49|0x0000000083100000, 0x0000000083200000, 0x0000000083200000|100%| S|CS|TAMS 0x0000000083100000, 0x0000000083100000| Complete 
|  50|0x0000000083200000, 0x0000000083300000, 0x0000000083300000|100%| S|CS|TAMS 0x0000000083200000, 0x0000000083200000| Complete 
|  51|0x0000000083300000, 0x0000000083400000, 0x0000000083400000|100%| S|CS|TAMS 0x0000000083300000, 0x0000000083300000| Complete 
|  52|0x0000000083400000, 0x0000000083500000, 0x0000000083500000|100%| S|CS|TAMS 0x0000000083400000, 0x0000000083400000| Complete 
|  53|0x0000000083500000, 0x0000000083500000, 0x0000000083600000|  0%| F|  |TAMS 0x0000000083500000, 0x0000000083500000| Untracked 
|  54|0x0000000083600000, 0x0000000083600000, 0x0000000083700000|  0%| F|  |TAMS 0x0000000083600000, 0x0000000083600000| Untracked 
|  55|0x0000000083700000, 0x0000000083700000, 0x0000000083800000|  0%| F|  |TAMS 0x0000000083700000, 0x0000000083700000| Untracked 
|  56|0x0000000083800000, 0x0000000083800000, 0x0000000083900000|  0%| F|  |TAMS 0x0000000083800000, 0x0000000083800000| Untracked 
|  57|0x0000000083900000, 0x0000000083900000, 0x0000000083a00000|  0%| F|  |TAMS 0x0000000083900000, 0x0000000083900000| Untracked 
|  58|0x0000000083a00000, 0x0000000083a00000, 0x0000000083b00000|  0%| F|  |TAMS 0x0000000083a00000, 0x0000000083a00000| Untracked 
|  59|0x0000000083b00000, 0x0000000083b00000, 0x0000000083c00000|  0%| F|  |TAMS 0x0000000083b00000, 0x0000000083b00000| Untracked 
|  60|0x0000000083c00000, 0x0000000083c00000, 0x0000000083d00000|  0%| F|  |TAMS 0x0000000083c00000, 0x0000000083c00000| Untracked 
|  61|0x0000000083d00000, 0x0000000083d00000, 0x0000000083e00000|  0%| F|  |TAMS 0x0000000083d00000, 0x0000000083d00000| Untracked 
|  62|0x0000000083e00000, 0x0000000083e00000, 0x0000000083f00000|  0%| F|  |TAMS 0x0000000083e00000, 0x0000000083e00000| Untracked 
|  63|0x0000000083f00000, 0x0000000083f00000, 0x0000000084000000|  0%| F|  |TAMS 0x0000000083f00000, 0x0000000083f00000| Untracked 
|  64|0x0000000084000000, 0x0000000084000000, 0x0000000084100000|  0%| F|  |TAMS 0x0000000084000000, 0x0000000084000000| Untracked 
|  65|0x0000000084100000, 0x0000000084100000, 0x0000000084200000|  0%| F|  |TAMS 0x0000000084100000, 0x0000000084100000| Untracked 
|  66|0x0000000084200000, 0x0000000084200000, 0x0000000084300000|  0%| F|  |TAMS 0x0000000084200000, 0x0000000084200000| Untracked 
|  67|0x0000000084300000, 0x0000000084300000, 0x0000000084400000|  0%| F|  |TAMS 0x0000000084300000, 0x0000000084300000| Untracked 
|  68|0x0000000084400000, 0x0000000084400000, 0x0000000084500000|  0%| F|  |TAMS 0x0000000084400000, 0x0000000084400000| Untracked 
|  69|0x0000000084500000, 0x0000000084500000, 0x0000000084600000|  0%| F|  |TAMS 0x0000000084500000, 0x0000000084500000| Untracked 
|  70|0x0000000084600000, 0x0000000084600000, 0x0000000084700000|  0%| F|  |TAMS 0x0000000084600000, 0x0000000084600000| Untracked 
|  71|0x0000000084700000, 0x0000000084700000, 0x0000000084800000|  0%| F|  |TAMS 0x0000000084700000, 0x0000000084700000| Untracked 
|  72|0x0000000084800000, 0x0000000084800000, 0x0000000084900000|  0%| F|  |TAMS 0x0000000084800000, 0x0000000084800000| Untracked 
|  73|0x0000000084900000, 0x0000000084900000, 0x0000000084a00000|  0%| F|  |TAMS 0x0000000084900000, 0x0000000084900000| Untracked 
|  74|0x0000000084a00000, 0x0000000084a00000, 0x0000000084b00000|  0%| F|  |TAMS 0x0000000084a00000, 0x0000000084a00000| Untracked 
|  75|0x0000000084b00000, 0x0000000084b00000, 0x0000000084c00000|  0%| F|  |TAMS 0x0000000084b00000, 0x0000000084b00000| Untracked 
|  76|0x0000000084c00000, 0x0000000084c00000, 0x0000000084d00000|  0%| F|  |TAMS 0x0000000084c00000, 0x0000000084c00000| Untracked 
|  77|0x0000000084d00000, 0x0000000084d00000, 0x0000000084e00000|  0%| F|  |TAMS 0x0000000084d00000, 0x0000000084d00000| Untracked 
|  78|0x0000000084e00000, 0x0000000084e00000, 0x0000000084f00000|  0%| F|  |TAMS 0x0000000084e00000, 0x0000000084e00000| Untracked 
|  79|0x0000000084f00000, 0x0000000084f00000, 0x0000000085000000|  0%| F|  |TAMS 0x0000000084f00000, 0x0000000084f00000| Untracked 
|  80|0x0000000085000000, 0x0000000085000000, 0x0000000085100000|  0%| F|  |TAMS 0x0000000085000000, 0x0000000085000000| Untracked 
|  81|0x0000000085100000, 0x0000000085100000, 0x0000000085200000|  0%| F|  |TAMS 0x0000000085100000, 0x0000000085100000| Untracked 
|  82|0x0000000085200000, 0x0000000085200000, 0x0000000085300000|  0%| F|  |TAMS 0x0000000085200000, 0x0000000085200000| Untracked 
|  83|0x0000000085300000, 0x0000000085300000, 0x0000000085400000|  0%| F|  |TAMS 0x0000000085300000, 0x0000000085300000| Untracked 
|  84|0x0000000085400000, 0x0000000085400000, 0x0000000085500000|  0%| F|  |TAMS 0x0000000085400000, 0x0000000085400000| Untracked 
|  85|0x0000000085500000, 0x0000000085500000, 0x0000000085600000|  0%| F|  |TAMS 0x0000000085500000, 0x0000000085500000| Untracked 
|  86|0x0000000085600000, 0x0000000085600000, 0x0000000085700000|  0%| F|  |TAMS 0x0000000085600000, 0x0000000085600000| Untracked 
|  87|0x0000000085700000, 0x0000000085700000, 0x0000000085800000|  0%| F|  |TAMS 0x0000000085700000, 0x0000000085700000| Untracked 
|  88|0x0000000085800000, 0x0000000085800000, 0x0000000085900000|  0%| F|  |TAMS 0x0000000085800000, 0x0000000085800000| Untracked 
|  89|0x0000000085900000, 0x0000000085900000, 0x0000000085a00000|  0%| F|  |TAMS 0x0000000085900000, 0x0000000085900000| Untracked 
|  90|0x0000000085a00000, 0x0000000085a00000, 0x0000000085b00000|  0%| F|  |TAMS 0x0000000085a00000, 0x0000000085a00000| Untracked 
|  91|0x0000000085b00000, 0x0000000085b00000, 0x0000000085c00000|  0%| F|  |TAMS 0x0000000085b00000, 0x0000000085b00000| Untracked 
|  92|0x0000000085c00000, 0x0000000085c00000, 0x0000000085d00000|  0%| F|  |TAMS 0x0000000085c00000, 0x0000000085c00000| Untracked 
|  93|0x0000000085d00000, 0x0000000085d00000, 0x0000000085e00000|  0%| F|  |TAMS 0x0000000085d00000, 0x0000000085d00000| Untracked 
|  94|0x0000000085e00000, 0x0000000085e00000, 0x0000000085f00000|  0%| F|  |TAMS 0x0000000085e00000, 0x0000000085e00000| Untracked 
|  95|0x0000000085f00000, 0x0000000085f00000, 0x0000000086000000|  0%| F|  |TAMS 0x0000000085f00000, 0x0000000085f00000| Untracked 
|  96|0x0000000086000000, 0x0000000086000000, 0x0000000086100000|  0%| F|  |TAMS 0x0000000086000000, 0x0000000086000000| Untracked 
|  97|0x0000000086100000, 0x0000000086100000, 0x0000000086200000|  0%| F|  |TAMS 0x0000000086100000, 0x0000000086100000| Untracked 
|  98|0x0000000086200000, 0x0000000086200000, 0x0000000086300000|  0%| F|  |TAMS 0x0000000086200000, 0x0000000086200000| Untracked 
|  99|0x0000000086300000, 0x0000000086300000, 0x0000000086400000|  0%| F|  |TAMS 0x0000000086300000, 0x0000000086300000| Untracked 
| 100|0x0000000086400000, 0x0000000086400000, 0x0000000086500000|  0%| F|  |TAMS 0x0000000086400000, 0x0000000086400000| Untracked 
| 101|0x0000000086500000, 0x0000000086500000, 0x0000000086600000|  0%| F|  |TAMS 0x0000000086500000, 0x0000000086500000| Untracked 
| 102|0x0000000086600000, 0x0000000086600000, 0x0000000086700000|  0%| F|  |TAMS 0x0000000086600000, 0x0000000086600000| Untracked 
| 103|0x0000000086700000, 0x0000000086700000, 0x0000000086800000|  0%| F|  |TAMS 0x0000000086700000, 0x0000000086700000| Untracked 
| 104|0x0000000086800000, 0x0000000086800000, 0x0000000086900000|  0%| F|  |TAMS 0x0000000086800000, 0x0000000086800000| Untracked 
| 105|0x0000000086900000, 0x0000000086900000, 0x0000000086a00000|  0%| F|  |TAMS 0x0000000086900000, 0x0000000086900000| Untracked 
| 106|0x0000000086a00000, 0x0000000086a00000, 0x0000000086b00000|  0%| F|  |TAMS 0x0000000086a00000, 0x0000000086a00000| Untracked 
| 107|0x0000000086b00000, 0x0000000086b00000, 0x0000000086c00000|  0%| F|  |TAMS 0x0000000086b00000, 0x0000000086b00000| Untracked 
| 108|0x0000000086c00000, 0x0000000086c00000, 0x0000000086d00000|  0%| F|  |TAMS 0x0000000086c00000, 0x0000000086c00000| Untracked 
| 109|0x0000000086d00000, 0x0000000086d00000, 0x0000000086e00000|  0%| F|  |TAMS 0x0000000086d00000, 0x0000000086d00000| Untracked 
| 110|0x0000000086e00000, 0x0000000086e00000, 0x0000000086f00000|  0%| F|  |TAMS 0x0000000086e00000, 0x0000000086e00000| Untracked 
| 111|0x0000000086f00000, 0x0000000086f00000, 0x0000000087000000|  0%| F|  |TAMS 0x0000000086f00000, 0x0000000086f00000| Untracked 
| 112|0x0000000087000000, 0x0000000087000000, 0x0000000087100000|  0%| F|  |TAMS 0x0000000087000000, 0x0000000087000000| Untracked 
| 113|0x0000000087100000, 0x0000000087100000, 0x0000000087200000|  0%| F|  |TAMS 0x0000000087100000, 0x0000000087100000| Untracked 
| 114|0x0000000087200000, 0x0000000087200000, 0x0000000087300000|  0%| F|  |TAMS 0x0000000087200000, 0x0000000087200000| Untracked 
| 115|0x0000000087300000, 0x000000008738b318, 0x0000000087400000| 54%| E|  |TAMS 0x0000000087300000, 0x0000000087300000| Complete 
| 116|0x0000000087400000, 0x0000000087500000, 0x0000000087500000|100%| E|CS|TAMS 0x0000000087400000, 0x0000000087400000| Complete 
| 117|0x0000000087500000, 0x0000000087600000, 0x0000000087600000|100%| E|CS|TAMS 0x0000000087500000, 0x0000000087500000| Complete 
| 118|0x0000000087600000, 0x0000000087700000, 0x0000000087700000|100%| E|CS|TAMS 0x0000000087600000, 0x0000000087600000| Complete 
| 119|0x0000000087700000, 0x0000000087800000, 0x0000000087800000|100%| E|CS|TAMS 0x0000000087700000, 0x0000000087700000| Complete 
| 120|0x0000000087800000, 0x0000000087900000, 0x0000000087900000|100%| E|CS|TAMS 0x0000000087800000, 0x0000000087800000| Complete 
| 121|0x0000000087900000, 0x0000000087a00000, 0x0000000087a00000|100%| E|CS|TAMS 0x0000000087900000, 0x0000000087900000| Complete 
| 122|0x0000000087a00000, 0x0000000087b00000, 0x0000000087b00000|100%| E|CS|TAMS 0x0000000087a00000, 0x0000000087a00000| Complete 
| 123|0x0000000087b00000, 0x0000000087c00000, 0x0000000087c00000|100%| E|CS|TAMS 0x0000000087b00000, 0x0000000087b00000| Complete 
| 124|0x0000000087c00000, 0x0000000087d00000, 0x0000000087d00000|100%| E|CS|TAMS 0x0000000087c00000, 0x0000000087c00000| Complete 
| 125|0x0000000087d00000, 0x0000000087e00000, 0x0000000087e00000|100%| E|CS|TAMS 0x0000000087d00000, 0x0000000087d00000| Complete 

Card table byte_map: [0x000002de5acb0000,0x000002de5b0b0000] _byte_map_base: 0x000002de5a8b0000

Marking Bits (Prev, Next): (CMBitMap*) 0x000002de411fcb38, (CMBitMap*) 0x000002de411fcb70
 Prev Bits: [0x000002de5b4b0000, 0x000002de5d4b0000)
 Next Bits: [0x000002de5d4b0000, 0x000002de5f4b0000)

Polling page: 0x000002de41290000

Metaspace:

Usage:
  Non-class:     41.48 MB capacity,    40.66 MB ( 98%) used,   708.85 KB (  2%) free+waste,   124.19 KB ( <1%) overhead. 
      Class:      6.39 MB capacity,     5.94 MB ( 93%) used,   396.45 KB (  6%) free+waste,    58.94 KB ( <1%) overhead. 
       Both:     47.86 MB capacity,    46.60 MB ( 97%) used,     1.08 MB (  2%) free+waste,   183.13 KB ( <1%) overhead. 

Virtual space:
  Non-class space:       42.00 MB reserved,      41.50 MB ( 99%) committed 
      Class space:        1.00 GB reserved,       6.50 MB ( <1%) committed 
             Both:        1.04 GB reserved,      48.00 MB (  5%) committed 

Chunk freelists:
   Non-Class:  3.00 KB
       Class:  2.63 KB
        Both:  5.63 KB

CodeHeap 'non-profiled nmethods': size=120000Kb used=2918Kb max_used=2918Kb free=117081Kb
 bounds [0x000002de52910000, 0x000002de52bf0000, 0x000002de59e40000]
CodeHeap 'profiled nmethods': size=120000Kb used=10672Kb max_used=10672Kb free=109327Kb
 bounds [0x000002de4b3e0000, 0x000002de4be50000, 0x000002de52910000]
CodeHeap 'non-nmethods': size=5760Kb used=2216Kb max_used=2278Kb free=3543Kb
 bounds [0x000002de4ae40000, 0x000002de4b0b0000, 0x000002de4b3e0000]
 total_blobs=6080 nmethods=5294 adapters=697
 compilation: enabled
              stopped_count=0, restarted_count=0
 full_count=0

Compilation events (10 events):
Event: 6.012 Thread 0x000002de62844800 nmethod 5266 0x000002de4be23c90 code [0x000002de4be23e60, 0x000002de4be240b8]
Event: 6.014 Thread 0x000002de62844800 5268       3       org.gradle.internal.instantiation.generator.AbstractClassGenerator$NamePropertyHandler::visitProperty (13 bytes)
Event: 6.015 Thread 0x000002de62844800 nmethod 5268 0x000002de4be24190 code [0x000002de4be24340, 0x000002de4be24568]
Event: 6.015 Thread 0x000002de62844800 5274       3       org.gradle.internal.instantiation.generator.AbstractClassGenerator$ExtensibleTypePropertyHandler::claimPropertyImplementation (95 bytes)
Event: 6.015 Thread 0x000002de62844800 nmethod 5274 0x000002de4be24690 code [0x000002de4be248e0, 0x000002de4be251f8]
Event: 6.015 Thread 0x000002de62844800 5269       3       org.gradle.internal.instantiation.generator.AbstractClassGenerator$ManagedPropertiesHandler::visitProperty (37 bytes)
Event: 6.015 Thread 0x000002de62844800 nmethod 5269 0x000002de4be25510 code [0x000002de4be25720, 0x000002de4be25be8]
Event: 6.015 Thread 0x000002de62844800 5270       3       org.gradle.internal.instantiation.generator.AbstractClassGenerator::access$1800 (5 bytes)
Event: 6.016 Thread 0x000002de62844800 nmethod 5270 0x000002de4be25e10 code [0x000002de4be26020, 0x000002de4be26748]
Event: 6.016 Thread 0x000002de62844800 5271       3       org.gradle.internal.instantiation.generator.AbstractClassGenerator::isEagerAttachProperty (33 bytes)

GC Heap History (10 events):
Event: 3.355 GC heap before
{Heap before GC invocations=4 (full 0):
 garbage-first heap   total 129024K, used 78671K [0x0000000080000000, 0x0000000100000000)
  region size 1024K, 62 young (63488K), 2 survivors (2048K)
 Metaspace       used 26388K, capacity 26939K, committed 27008K, reserved 1073152K
  class space    used 3460K, capacity 3695K, committed 3712K, reserved 1048576K
}
Event: 3.358 GC heap after
{Heap after GC invocations=5 (full 0):
 garbage-first heap   total 129024K, used 19241K [0x0000000080000000, 0x0000000100000000)
  region size 1024K, 4 young (4096K), 4 survivors (4096K)
 Metaspace       used 26388K, capacity 26939K, committed 27008K, reserved 1073152K
  class space    used 3460K, capacity 3695K, committed 3712K, reserved 1048576K
}
Event: 3.980 GC heap before
{Heap before GC invocations=5 (full 0):
 garbage-first heap   total 129024K, used 68393K [0x0000000080000000, 0x0000000100000000)
  region size 1024K, 54 young (55296K), 4 survivors (4096K)
 Metaspace       used 35045K, capacity 35774K, committed 35840K, reserved 1081344K
  class space    used 4526K, capacity 4811K, committed 4864K, reserved 1048576K
}
Event: 3.986 GC heap after
{Heap after GC invocations=6 (full 0):
 garbage-first heap   total 129024K, used 22621K [0x0000000080000000, 0x0000000100000000)
  region size 1024K, 7 young (7168K), 7 survivors (7168K)
 Metaspace       used 35045K, capacity 35774K, committed 35840K, reserved 1081344K
  class space    used 4526K, capacity 4811K, committed 4864K, reserved 1048576K
}
Event: 4.652 GC heap before
{Heap before GC invocations=7 (full 0):
 garbage-first heap   total 129024K, used 94301K [0x0000000080000000, 0x0000000100000000)
  region size 1024K, 74 young (75776K), 7 survivors (7168K)
 Metaspace       used 41614K, capacity 42519K, committed 42880K, reserved 1087488K
  class space    used 5271K, capacity 5639K, committed 5760K, reserved 1048576K
}
Event: 4.659 GC heap after
{Heap after GC invocations=8 (full 0):
 garbage-first heap   total 129024K, used 27671K [0x0000000080000000, 0x0000000100000000)
  region size 1024K, 9 young (9216K), 9 survivors (9216K)
 Metaspace       used 41614K, capacity 42519K, committed 42880K, reserved 1087488K
  class space    used 5271K, capacity 5639K, committed 5760K, reserved 1048576K
}
Event: 5.215 GC heap before
{Heap before GC invocations=8 (full 0):
 garbage-first heap   total 129024K, used 94231K [0x0000000080000000, 0x0000000100000000)
  region size 1024K, 74 young (75776K), 9 survivors (9216K)
 Metaspace       used 45564K, capacity 46692K, committed 46976K, reserved 1089536K
  class space    used 5842K, capacity 6243K, committed 6272K, reserved 1048576K
}
Event: 5.222 GC heap after
{Heap after GC invocations=9 (full 0):
 garbage-first heap   total 129024K, used 29462K [0x0000000080000000, 0x0000000100000000)
  region size 1024K, 7 young (7168K), 7 survivors (7168K)
 Metaspace       used 45564K, capacity 46692K, committed 46976K, reserved 1089536K
  class space    used 5842K, capacity 6243K, committed 6272K, reserved 1048576K
}
Event: 5.990 GC heap before
{Heap before GC invocations=9 (full 0):
 garbage-first heap   total 129024K, used 103190K [0x0000000080000000, 0x0000000100000000)
  region size 1024K, 73 young (74752K), 7 survivors (7168K)
 Metaspace       used 47240K, capacity 48544K, committed 48768K, reserved 1091584K
  class space    used 6020K, capacity 6472K, committed 6528K, reserved 1048576K
}
Event: 6.002 GC heap after
{Heap after GC invocations=10 (full 0):
 garbage-first heap   total 129024K, used 48274K [0x0000000080000000, 0x0000000100000000)
  region size 1024K, 10 young (10240K), 10 survivors (10240K)
 Metaspace       used 47240K, capacity 48544K, committed 48768K, reserved 1091584K
  class space    used 6020K, capacity 6472K, committed 6528K, reserved 1048576K
}

Deoptimization events (10 events):
Event: 5.532 Thread 0x000002de68275000 Uncommon trap: reason=speculate_null_assert action=make_not_entrant pc=0x000002de52b5e380 method=java.lang.invoke.MethodType$ConcurrentWeakInternSet.add(Ljava/lang/Object;)Ljava/lang/Object; @ 47 c2
Event: 5.545 Thread 0x000002de68271800 Uncommon trap: reason=unstable_if action=reinterpret pc=0x000002de52b8fcbc method=com.esotericsoftware.kryo.io.Output.writeString(Ljava/lang/CharSequence;)V @ 1 c2
Event: 5.590 Thread 0x000002de64fc5800 Uncommon trap: reason=intrinsic_or_type_checked_inlining action=make_not_entrant pc=0x000002de52b9fc84 method=java.util.ArrayList.toArray([Ljava/lang/Object;)[Ljava/lang/Object; @ 36 c2
Event: 5.805 Thread 0x000002de64ac0000 Uncommon trap: reason=unstable_if action=reinterpret pc=0x000002de529796ac method=java.util.jar.JarFile.checkForSpecialAttributes()V @ 53 c2
Event: 5.856 Thread 0x000002de64ac0000 Uncommon trap: reason=unstable_if action=reinterpret pc=0x000002de52afeff8 method=java.lang.StringCoding.newStringUTF8NoRepl([BII)Ljava/lang/String; @ 12 c2
Event: 5.949 Thread 0x000002de64ac0000 Uncommon trap: reason=class_check action=maybe_recompile pc=0x000002de52b22fd0 method=org.codehaus.groovy.reflection.ParameterTypes.getParametersTypes0()V @ 16 c2
Event: 5.949 Thread 0x000002de64ac0000 Uncommon trap: reason=class_check action=maybe_recompile pc=0x000002de52b22fd0 method=org.codehaus.groovy.reflection.ParameterTypes.getParametersTypes0()V @ 16 c2
Event: 5.950 Thread 0x000002de64ac0000 Uncommon trap: reason=class_check action=maybe_recompile pc=0x000002de52b22fd0 method=org.codehaus.groovy.reflection.ParameterTypes.getParametersTypes0()V @ 16 c2
Event: 5.950 Thread 0x000002de64ac0000 Uncommon trap: reason=class_check action=maybe_recompile pc=0x000002de52b22fd0 method=org.codehaus.groovy.reflection.ParameterTypes.getParametersTypes0()V @ 16 c2
Event: 6.002 Thread 0x000002de629b0000 Uncommon trap: reason=class_check action=maybe_recompile pc=0x000002de52a4a44c method=jdk.internal.ref.PhantomCleanable.clean()V @ 12 c2

Classes redefined (0 events):
No events

Internal exceptions (10 events):
Event: 5.984 Thread 0x000002de64ac0000 Exception <a 'java/lang/ClassNotFoundException'{0x0000000083dfc590}: org/gradle/api/internal/artifacts/repositories/AbstractResolutionAwareArtifactRepositoryCustomizer> (0x0000000083dfc590) thrown at [./open/src/hotspot/share/classfile/systemDictionary.cp
Event: 5.986 Thread 0x000002de64ac0000 Exception <a 'java/lang/ClassNotFoundException'{0x000000008355d098}: org/gradle/api/internal/artifacts/repositories/AbstractAuthenticationSupportedRepositoryCustomizer> (0x000000008355d098) thrown at [./open/src/hotspot/share/classfile/systemDictionary.cp
Event: 5.988 Thread 0x000002de64ac0000 Exception <a 'java/lang/ClassNotFoundException'{0x00000000835c1230}: org/gradle/api/internal/artifacts/repositories/DefaultMavenArtifactRepositoryCustomizer> (0x00000000835c1230) thrown at [./open/src/hotspot/share/classfile/systemDictionary.cpp, line 228
Event: 6.002 Thread 0x000002de64ac0000 Exception <a 'java/lang/ClassNotFoundException'{0x0000000087d59448}: org/gradle/api/internal/artifacts/repositories/DefaultMavenArtifactRepository_DecoratedCustomizer> (0x0000000087d59448) thrown at [./open/src/hotspot/share/classfile/systemDictionary.cpp
Event: 6.005 Thread 0x000002de64ac0000 Exception <a 'java/lang/ClassNotFoundException'{0x0000000087dd37c8}: build_5qsysrob5tve2fzdvlwrnij49$_run_closure1$_closure3$_closure4BeanInfo> (0x0000000087dd37c8) thrown at [./open/src/hotspot/share/classfile/systemDictionary.cpp, line 228]
Event: 6.006 Thread 0x000002de64ac0000 Exception <a 'java/lang/ClassNotFoundException'{0x0000000087de8e70}: build_5qsysrob5tve2fzdvlwrnij49$_run_closure1$_closure3$_closure4Customizer> (0x0000000087de8e70) thrown at [./open/src/hotspot/share/classfile/systemDictionary.cpp, line 228]
Event: 6.009 Thread 0x000002de64ac0000 Exception <a 'java/lang/ClassNotFoundException'{0x0000000087c2e7e0}: build_5qsysrob5tve2fzdvlwrnij49$_run_closure1$_closure3BeanInfo> (0x0000000087c2e7e0) thrown at [./open/src/hotspot/share/classfile/systemDictionary.cpp, line 228]
Event: 6.009 Thread 0x000002de64ac0000 Exception <a 'java/lang/ClassNotFoundException'{0x0000000087c435c8}: build_5qsysrob5tve2fzdvlwrnij49$_run_closure1$_closure3Customizer> (0x0000000087c435c8) thrown at [./open/src/hotspot/share/classfile/systemDictionary.cpp, line 228]
Event: 6.010 Thread 0x000002de64ac0000 Exception <a 'java/lang/ClassNotFoundException'{0x0000000087c75e88}: build_5qsysrob5tve2fzdvlwrnij49$_run_closure1BeanInfo> (0x0000000087c75e88) thrown at [./open/src/hotspot/share/classfile/systemDictionary.cpp, line 228]
Event: 6.011 Thread 0x000002de64ac0000 Exception <a 'java/lang/ClassNotFoundException'{0x0000000087c8a088}: build_5qsysrob5tve2fzdvlwrnij49$_run_closure1Customizer> (0x0000000087c8a088) thrown at [./open/src/hotspot/share/classfile/systemDictionary.cpp, line 228]

Events (10 events):
Event: 6.011 loading class build_5qsysrob5tve2fzdvlwrnij49$_run_closure1Customizer done
Event: 6.011 loading class build_5qsysrob5tve2fzdvlwrnij49$_run_closure1Customizer
Event: 6.011 loading class build_5qsysrob5tve2fzdvlwrnij49$_run_closure1Customizer done
Event: 6.012 loading class groovy/runtime/metaclass/build_5qsysrob5tve2fzdvlwrnij49$_run_closure1$_closure3$_closure4$_closure5$_closure6MetaClass
Event: 6.012 loading class groovy/runtime/metaclass/build_5qsysrob5tve2fzdvlwrnij49$_run_closure1$_closure3$_closure4$_closure5$_closure6MetaClass done
Event: 6.012 loading class org/gradle/internal/credentials/DefaultPasswordCredentials
Event: 6.012 loading class org/gradle/internal/credentials/DefaultPasswordCredentials done
Event: 6.016 loading class org/codehaus/groovy/runtime/dgm$305
Event: 6.016 loading class org/codehaus/groovy/runtime/dgm$305 done
Event: 6.017 Executing VM operation: Deoptimize


Dynamic libraries:
0x00007ff741f30000 - 0x00007ff741f3f000 	C:\Program Files\Java\jdk-11.0.12\bin\java.exe
0x00007ffa993a0000 - 0x00007ffa99590000 	C:\Windows\SYSTEM32\ntdll.dll
0x00007ffa992a0000 - 0x00007ffa99352000 	C:\Windows\System32\KERNEL32.DLL
0x00007ffa96340000 - 0x00007ffa965e5000 	C:\Windows\System32\KERNELBASE.dll
0x00007ffa971f0000 - 0x00007ffa972ea000 	C:\Windows\System32\ucrtbase.dll
0x00007ffa91510000 - 0x00007ffa91525000 	C:\Program Files\Java\jdk-11.0.12\bin\VCRUNTIME140.dll
0x00007ffa90930000 - 0x00007ffa90948000 	C:\Program Files\Java\jdk-11.0.12\bin\jli.dll
0x00007ffa97450000 - 0x00007ffa974f3000 	C:\Windows\System32\ADVAPI32.dll
0x00007ffa983e0000 - 0x00007ffa9847e000 	C:\Windows\System32\msvcrt.dll
0x00007ffa982d0000 - 0x00007ffa98367000 	C:\Windows\System32\sechost.dll
0x00007ffa97ad0000 - 0x00007ffa97bef000 	C:\Windows\System32\RPCRT4.dll
0x00007ffa98080000 - 0x00007ffa98214000 	C:\Windows\System32\USER32.dll
0x00007ffa96310000 - 0x00007ffa96331000 	C:\Windows\System32\win32u.dll
0x00007ffa98dd0000 - 0x00007ffa98df6000 	C:\Windows\System32\GDI32.dll
0x00007ffa96e50000 - 0x00007ffa96fe8000 	C:\Windows\System32\gdi32full.dll
0x00007ffa97010000 - 0x00007ffa970ae000 	C:\Windows\System32\msvcp_win.dll
0x00007ffa84330000 - 0x00007ffa845b4000 	C:\Windows\WinSxS\amd64_microsoft.windows.common-controls_6595b64144ccf1df_6.0.18362.1556_none_9e7e372fe45e41d5\COMCTL32.dll
0x00007ffa97ce0000 - 0x00007ffa98016000 	C:\Windows\System32\combase.dll
0x00007ffa970b0000 - 0x00007ffa97131000 	C:\Windows\System32\bcryptPrimitives.dll
0x00007ffa8e010000 - 0x00007ffa8e01a000 	C:\Windows\SYSTEM32\VERSION.dll
0x00007ffa982a0000 - 0x00007ffa982ce000 	C:\Windows\System32\IMM32.DLL
0x00007ffa90890000 - 0x00007ffa9092b000 	C:\Program Files\Java\jdk-11.0.12\bin\msvcp140.dll
0x00007ffa57030000 - 0x00007ffa57b2f000 	C:\Program Files\Java\jdk-11.0.12\bin\server\jvm.dll
0x00007ffa98e00000 - 0x00007ffa98e08000 	C:\Windows\System32\PSAPI.DLL
0x00007ffa91560000 - 0x00007ffa91569000 	C:\Windows\SYSTEM32\WSOCK32.dll
0x00007ffa92600000 - 0x00007ffa92624000 	C:\Windows\SYSTEM32\WINMM.dll
0x00007ffa98370000 - 0x00007ffa983df000 	C:\Windows\System32\WS2_32.dll
0x00007ffa925d0000 - 0x00007ffa925fd000 	C:\Windows\SYSTEM32\winmmbase.dll
0x00007ffa971a0000 - 0x00007ffa971ea000 	C:\Windows\System32\cfgmgr32.dll
0x00007ffa96260000 - 0x00007ffa96271000 	C:\Windows\System32\kernel.appcore.dll
0x00007ffa924b0000 - 0x00007ffa924c0000 	C:\Program Files\Java\jdk-11.0.12\bin\verify.dll
0x00007ffa822c0000 - 0x00007ffa824b4000 	C:\Windows\SYSTEM32\DBGHELP.DLL
0x00007ffa681f0000 - 0x00007ffa6821a000 	C:\Windows\SYSTEM32\dbgcore.DLL
0x00007ffa90860000 - 0x00007ffa90888000 	C:\Program Files\Java\jdk-11.0.12\bin\java.dll
0x00007ffa92460000 - 0x00007ffa9246a000 	C:\Program Files\Java\jdk-11.0.12\bin\jimage.dll
0x00007ffa90800000 - 0x00007ffa90816000 	C:\Program Files\Java\jdk-11.0.12\bin\zip.dll
0x00007ffa98560000 - 0x00007ffa98c47000 	C:\Windows\System32\SHELL32.dll
0x00007ffa98d20000 - 0x00007ffa98dc8000 	C:\Windows\System32\shcore.dll
0x00007ffa966a0000 - 0x00007ffa96e1b000 	C:\Windows\System32\windows.storage.dll
0x00007ffa962f0000 - 0x00007ffa9630e000 	C:\Windows\System32\profapi.dll
0x00007ffa96280000 - 0x00007ffa962ca000 	C:\Windows\System32\powrprof.dll
0x00007ffa96250000 - 0x00007ffa96260000 	C:\Windows\System32\UMPDC.dll
0x00007ffa98020000 - 0x00007ffa98072000 	C:\Windows\System32\shlwapi.dll
0x00007ffa96ff0000 - 0x00007ffa97007000 	C:\Windows\System32\cryptsp.dll
0x00007ffa907e0000 - 0x00007ffa907f9000 	C:\Program Files\Java\jdk-11.0.12\bin\net.dll
0x00007ffa885d0000 - 0x00007ffa886ca000 	C:\Windows\SYSTEM32\WINHTTP.dll
0x00007ffa95a90000 - 0x00007ffa95af7000 	C:\Windows\system32\mswsock.dll
0x00007ffa8fa00000 - 0x00007ffa8fa12000 	C:\Program Files\Java\jdk-11.0.12\bin\nio.dll
0x00007ffa8e550000 - 0x00007ffa8e577000 	C:\Users\OmarTaha\.gradle\native\8bec1ad78214c89d9ad589b4d07fe93259594b29d510b10fafb7a158f7737e5d\windows-amd64\native-platform.dll
0x00007ffa8b2c0000 - 0x00007ffa8b3fd000 	C:\Users\OmarTaha\.gradle\native\53dbd7edfb1c66fb8903c78663c9afc45aea4f116125fa6feffd364cf09443e8\windows-amd64\native-platform-file-events.dll
0x00007ffa915e0000 - 0x00007ffa915e9000 	C:\Program Files\Java\jdk-11.0.12\bin\management.dll
0x00007ffa909c0000 - 0x00007ffa909cb000 	C:\Program Files\Java\jdk-11.0.12\bin\management_ext.dll
0x00007ffa95610000 - 0x00007ffa95643000 	C:\Windows\system32\rsaenh.dll
0x00007ffa96e20000 - 0x00007ffa96e46000 	C:\Windows\System32\bcrypt.dll
0x00007ffa96170000 - 0x00007ffa96195000 	C:\Windows\SYSTEM32\USERENV.dll
0x00007ffa95c60000 - 0x00007ffa95c6c000 	C:\Windows\SYSTEM32\CRYPTBASE.dll
0x00007ffa957a0000 - 0x00007ffa957da000 	C:\Windows\SYSTEM32\IPHLPAPI.DLL
0x00007ffa98230000 - 0x00007ffa98238000 	C:\Windows\System32\NSI.dll
0x00007ffa8f430000 - 0x00007ffa8f446000 	C:\Windows\SYSTEM32\dhcpcsvc6.DLL
0x00007ffa8fb60000 - 0x00007ffa8fb7c000 	C:\Windows\SYSTEM32\dhcpcsvc.DLL
0x00007ffa957e0000 - 0x00007ffa958ab000 	C:\Windows\SYSTEM32\DNSAPI.dll

dbghelp: loaded successfully - version: 4.0.5 - missing functions: none
symbol engine: initialized successfully - sym options: 0x614 - pdb path: .;C:\Program Files\Java\jdk-11.0.12\bin;C:\Windows\SYSTEM32;C:\Windows\WinSxS\amd64_microsoft.windows.common-controls_6595b64144ccf1df_6.0.18362.1556_none_9e7e372fe45e41d5;C:\Program Files\Java\jdk-11.0.12\bin\server;C:\Users\OmarTaha\.gradle\native\8bec1ad78214c89d9ad589b4d07fe93259594b29d510b10fafb7a158f7737e5d\windows-amd64;C:\Users\OmarTaha\.gradle\native\53dbd7edfb1c66fb8903c78663c9afc45aea4f116125fa6feffd364cf09443e8\windows-amd64

VM Arguments:
jvm_args: --add-opens=java.base/java.util=ALL-UNNAMED --add-opens=java.base/java.lang=ALL-UNNAMED --add-opens=java.base/java.lang.invoke=ALL-UNNAMED --add-opens=java.base/java.util=ALL-UNNAMED --add-opens=java.prefs/java.util.prefs=ALL-UNNAMED --add-opens=java.prefs/java.util.prefs=ALL-UNNAMED --add-opens=java.base/java.nio.charset=ALL-UNNAMED --add-opens=java.base/java.net=ALL-UNNAMED --add-opens=java.base/java.util.concurrent.atomic=ALL-UNNAMED -Xmx2048m -Dfile.encoding=windows-1252 -Duser.country=US -Duser.language=en -Duser.variant 
java_command: org.gradle.launcher.daemon.bootstrap.GradleDaemon 7.1-rc-1
java_class_path (initial): C:\Users\OmarTaha\.gradle\wrapper\dists\gradle-7.1-rc-1-bin\89hqeppvp8dbb4pzs5e0rkzxn\gradle-7.1-rc-1\lib\gradle-launcher-7.1.jar
Launcher Type: SUN_STANDARD

[Global flags]
     intx CICompilerCount                          = 4                                         {product} {ergonomic}
     uint ConcGCThreads                            = 2                                         {product} {ergonomic}
     uint G1ConcRefinementThreads                  = 8                                         {product} {ergonomic}
   size_t G1HeapRegionSize                         = 1048576                                   {product} {ergonomic}
    uintx GCDrainStackTargetSize                   = 64                                        {product} {ergonomic}
   size_t InitialHeapSize                          = 132120576                                 {product} {ergonomic}
   size_t MarkStackSize                            = 4194304                                   {product} {ergonomic}
   size_t MaxHeapSize                              = 2147483648                                {product} {command line}
   size_t MaxNewSize                               = 1287651328                                {product} {ergonomic}
   size_t MinHeapDeltaBytes                        = 1048576                                   {product} {ergonomic}
    uintx NonNMethodCodeHeapSize                   = 5836300                                {pd product} {ergonomic}
    uintx NonProfiledCodeHeapSize                  = 122910970                              {pd product} {ergonomic}
    uintx ProfiledCodeHeapSize                     = 122910970                              {pd product} {ergonomic}
    uintx ReservedCodeCacheSize                    = 251658240                              {pd product} {ergonomic}
     bool SegmentedCodeCache                       = true                                      {product} {ergonomic}
     bool UseCompressedClassPointers               = true                                 {lp64_product} {ergonomic}
     bool UseCompressedOops                        = true                                 {lp64_product} {ergonomic}
     bool UseG1GC                                  = true                                      {product} {ergonomic}
     bool UseLargePagesIndividualAllocation        = false                                  {pd product} {ergonomic}

Logging:
Log output configuration:
 #0: stdout all=warning uptime,level,tags
 #1: stderr all=off uptime,level,tags

Environment Variables:
JAVA_HOME=C:\Program Files\Java\jdk-11.0.12\bin
PATH=C:\Program Files\Common Files\Oracle\Java\javapath;C:\Program Files (x86)\Common Files\Oracle\Java\javapath;C:\Program Files (x86)\Common Files\Intel\Shared Libraries\redist\intel64\compiler;C:\Program Files\Java\jdk-12.0.2\bin;C:\Windows\system32;C:\Windows;C:\Windows\System32\Wbem;C:\Windows\System32\WindowsPowerShell\v1.0\;C:\Windows\System32\OpenSSH\;C:\Program Files\dotnet\;C:\Program Files\Microsoft SQL Server\120\Tools\Binn\;C:\Program Files\Microsoft SQL Server\120\DTS\Binn\;C:\Program Files\Microsoft SQL Server\Client SDK\ODBC\110\Tools\Binn\;C:\Program Files (x86)\Microsoft SQL Server\120\Tools\Binn\;C:\Program Files (x86)\Microsoft SQL Server\120\Tools\Binn\ManagementStudio\;C:\Program Files (x86)\Microsoft SQL Server\120\DTS\Binn\;C:\Windows\Microsoft.NET\Framework\v3.5;C:\Program Files\Microsoft SQL Server\130\Tools\Binn\;C:\Program Files\Microsoft SQL Server\Client SDK\ODBC\170\Tools\Binn\;C:\Program Files\MATLAB\R2016a\runtime\win64;C:\Program Files\MATLAB\R2016a\bin;C:\Program Files\MATLAB\R2016a\polyspace\bin;C:\Program Files (x86)\dotnet\;C:\sqlite;C:\Program Files\Git\cmd;C:\Users\OmarTaha\AppData\Local\Programs\Python\Python310;C:\Users\OmarTaha\AppData\Local\Programs\Python\Python310\Scripts;C:\Users\OmarTaha\AppData\Local\Programs\Python\Python38-32\Scripts\;C:\Users\OmarTaha\AppData\Local\Programs\Python\Python38-32\;C:\Users\OmarTaha\AppData\Local\Microsoft\WindowsApps;C:\Users\OmarTaha\AppData\Local\Programs\Microsoft VS Code\bin;C:\Users\OmarTaha\.dotnet\tools;C:\Program Files\JetBrains\PyCharm Community Edition 2020.2.4\bin;;C:\Users\OmarTaha\AppData\Local\GitHubDesktop\bin;
USERNAME=OmarTaha
OS=Windows_NT
PROCESSOR_IDENTIFIER=Intel64 Family 6 Model 60 Stepping 3, GenuineIntel



---------------  S Y S T E M  ---------------

OS: Windows 10 , 64 bit Build 18362 (10.0.18362.1500)

CPU:total 8 (initial active 8) (4 cores per cpu, 2 threads per core) family 6 model 60 stepping 3 microcode 0x28, cmov, cx8, fxsr, mmx, sse, sse2, sse3, ssse3, sse4.1, sse4.2, popcnt, avx, avx2, aes, clmul, erms, lzcnt, ht, tsc, tscinvbit, bmi1, bmi2, fma

Memory: 4k page, system-wide physical 7993M (546M free)
TotalPageFile size 13993M (AvailPageFile size 5M)
current process WorkingSet (physical memory assigned to process): 301M, peak: 301M
current process commit charge ("private bytes"): 353M, peak: 353M

vm_info: Java HotSpot(TM) 64-Bit Server VM (11.0.12+8-LTS-237) for windows-amd64 JRE (11.0.12+8-LTS-237), built on Jun  8 2021 11:25:59 by "mach5one" with MS VC++ 15.9 (VS2017)

END.
