#
# There is insufficient memory for the Java Runtime Environment to continue.
# Native memory allocation (mmap) failed to map 74448896 bytes for Failed to commit area from 0x0000000093d00000 to 0x0000000098400000 of length 74448896.
# Possible reasons:
#   The system is out of physical RAM or swap space
#   The process is running with CompressedOops enabled, and the Java Heap may be blocking the growth of the native heap
# Possible solutions:
#   Reduce memory load on the system
#   Increase physical memory or swap space
#   Check if swap backing store is full
#   Decrease Java heap size (-Xmx/-Xms)
#   Decrease number of Java threads
#   Decrease Java thread stack sizes (-Xss)
#   Set larger code cache with -XX:ReservedCodeCacheSize=
#   JVM is running with Unscaled Compressed Oops mode in which the Java heap is
#     placed in the first 4GB address space. The Java Heap base address is the
#     maximum limit for the native heap growth. Please use -XX:HeapBaseMinAddress
#     to set the Java Heap base and to place the Java Heap above 4GB virtual address.
# This output file may be truncated or incomplete.
#
#  Out of Memory Error (./open/src/hotspot/os/windows/os_windows.cpp:3273), pid=8256, tid=12508
#
# JRE version: Java(TM) SE Runtime Environment 18.9 (11.0.12+8) (build 11.0.12+8-LTS-237)
# Java VM: Java HotSpot(TM) 64-Bit Server VM 18.9 (11.0.12+8-LTS-237, mixed mode, tiered, compressed oops, g1 gc, windows-amd64)
# No core dump will be written. Minidumps are not enabled by default on client versions of Windows
#

---------------  S U M M A R Y ------------

Command Line: --add-opens=java.base/java.util=ALL-UNNAMED --add-opens=java.base/java.lang=ALL-UNNAMED --add-opens=java.base/java.lang.invoke=ALL-UNNAMED --add-opens=java.base/java.util=ALL-UNNAMED --add-opens=java.prefs/java.util.prefs=ALL-UNNAMED --add-opens=java.prefs/java.util.prefs=ALL-UNNAMED --add-opens=java.base/java.nio.charset=ALL-UNNAMED --add-opens=java.base/java.net=ALL-UNNAMED --add-opens=java.base/java.util.concurrent.atomic=ALL-UNNAMED -Xmx2048m -Dfile.encoding=windows-1252 -Duser.country=US -Duser.language=en -Duser.variant org.gradle.launcher.daemon.bootstrap.GradleDaemon 7.1-rc-1

Host: Intel(R) Core(TM) i7-4800MQ CPU @ 2.70GHz, 8 cores, 7G,  Windows 10 , 64 bit Build 18362 (10.0.18362.1500)
Time: Mon Dec 20 12:15:00 2021 Arab Standard Time elapsed time: 42.503588 seconds (0d 0h 0m 42s)

---------------  T H R E A D  ---------------

Current thread (0x000001efc05a4000):  VMThread "VM Thread" [stack: 0x0000009278300000,0x0000009278400000] [id=12508]

Stack: [0x0000009278300000,0x0000009278400000]
[error occurred during error reporting (printing stack bounds), id 0xc0000005, EXCEPTION_ACCESS_VIOLATION (0xc0000005) at pc=0x000001efa9c00f2d]

Native frames: (J=compiled Java code, j=interpreted, Vv=VM code, C=native code)
V  [jvm.dll+0x617d9a]
V  [jvm.dll+0x74eeef]
V  [jvm.dll+0x750599]
V  [jvm.dll+0x750b85]
V  [jvm.dll+0x750b3b]
V  [jvm.dll+0x6175d3]
V  [jvm.dll+0x617998]
C  [ntdll.dll+0xa1fff]
C  [ntdll.dll+0x6aad9]
C  [ntdll.dll+0xa0c6e]
C  0x000001efa9c00f2d

VM_Operation (0x00000092077fd5f0): G1CollectForAllocation, mode: safepoint, requested by thread 0x000001efc9487800


---------------  P R O C E S S  ---------------

Threads class SMR info:
_java_thread_list=0x000001efc6bea3a0, length=154, elements={
0x000001efa174d800, 0x000001efc05b9800, 0x000001efc05bb000, 0x000001efc0e0a000,
0x000001efc0e0c800, 0x000001efc0e0d800, 0x000001efc0e12000, 0x000001efc0e13000,
0x000001efc0e14000, 0x000001efc0f80000, 0x000001efc336c800, 0x000001efc3853000,
0x000001efc2f03800, 0x000001efc2a8d800, 0x000001efc1f1a800, 0x000001efc351c000,
0x000001efc351d000, 0x000001efc351d800, 0x000001efc351b800, 0x000001efc351a800,
0x000001efc3518000, 0x000001efc351e800, 0x000001efc42fb800, 0x000001efc42fc000,
0x000001efc42fd000, 0x000001efc42fe800, 0x000001efc4300800, 0x000001efc4301000,
0x000001efc4303800, 0x000001efc4306000, 0x000001efc7db5000, 0x000001efc7db1800,
0x000001efc7db2800, 0x000001efc7db3000, 0x000001efc7db4000, 0x000001efc7db5800,
0x000001efc7db0000, 0x000001efc7dbb800, 0x000001efc7dbc000, 0x000001efc7db9000,
0x000001efc7db6800, 0x000001efc7dbd000, 0x000001efc7db7800, 0x000001efc7dbe000,
0x000001efc7db8000, 0x000001efc7dba800, 0x000001efc7dba000, 0x000001efc7dbe800,
0x000001efc4304800, 0x000001efc4302000, 0x000001efc4303000, 0x000001efc42ff800,
0x000001efc4307000, 0x000001efc4307800, 0x000001efc4308800, 0x000001efc4309800,
0x000001efc430a000, 0x000001efc3519000, 0x000001efc3519800, 0x000001efc73ca000,
0x000001efc73c8800, 0x000001efc73cc000, 0x000001efc73cb000, 0x000001efc73cd800,
0x000001efc73cc800, 0x000001efc73ce800, 0x000001efc73cf000, 0x000001efc73c9800,
0x000001efc73d5800, 0x000001efc73d4000, 0x000001efc73d5000, 0x000001efc73d1800,
0x000001efc73d1000, 0x000001efc73d0000, 0x000001efc73d6800, 0x000001efc73d7800,
0x000001efc73d2800, 0x000001efc73d3000, 0x000001efc234f800, 0x000001efc234d800,
0x000001efc2351000, 0x000001efc2350000, 0x000001efc2352000, 0x000001efc234c000,
0x000001efc2352800, 0x000001efc234d000, 0x000001efc2353800, 0x000001efc234e800,
0x000001efc2356000, 0x000001efc2355000, 0x000001efc2358800, 0x000001efc2359000,
0x000001efc235a000, 0x000001efc2354000, 0x000001efc2357800, 0x000001efc235b000,
0x000001efc2356800, 0x000001efc3aea000, 0x000001efc3ae9000, 0x000001efc3aee000,
0x000001efc3aeb000, 0x000001efc3aeb800, 0x000001efc3aec800, 0x000001efc3aed800,
0x000001efc3ae8800, 0x000001efc3af4000, 0x000001efc3af4800, 0x000001efc3aef000,
0x000001efc3aef800, 0x000001efc3af3000, 0x000001efc3af2000, 0x000001efc3af5800,
0x000001efc3af6800, 0x000001efc3af0800, 0x000001efc3af7000, 0x000001efc3af1800,
0x000001efcbd30000, 0x000001efcbd33800, 0x000001efcbd32800, 0x000001efcbd34800,
0x000001efcbd31000, 0x000001efcbd35000, 0x000001efcbd36000, 0x000001efcbd37800,
0x000001efcbd32000, 0x000001efcbd39000, 0x000001efcbd3b800, 0x000001efcbd3c800,
0x000001efcbd3b000, 0x000001efcbd37000, 0x000001efcbd3d800, 0x000001efcbd3a000,
0x000001efcbd3e000, 0x000001efcbd38800, 0x000001efcbd3f000, 0x000001efcc321800,
0x000001efcc320800, 0x000001efcc322800, 0x000001efcc323000, 0x000001efcc324000,
0x000001efcc320000, 0x000001efcc324800, 0x000001efcc325800, 0x000001efc948a000,
0x000001efc9484000, 0x000001efc9488000, 0x000001efc9485000, 0x000001efc9487800,
0x000001efc9489000, 0x000001efc948b800, 0x000001efc9485800, 0x000001efc948c800,
0x000001efc948d000, 0x000001efc9491000
}

Java Threads: ( => current thread )
  0x000001efa174d800 JavaThread "main" [_thread_blocked, id=1296, stack(0x0000009277d00000,0x0000009277e00000)]
  0x000001efc05b9800 JavaThread "Reference Handler" daemon [_thread_blocked, id=13336, stack(0x0000009278400000,0x0000009278500000)]
  0x000001efc05bb000 JavaThread "Finalizer" daemon [_thread_blocked, id=12432, stack(0x0000009278500000,0x0000009278600000)]
  0x000001efc0e0a000 JavaThread "Signal Dispatcher" daemon [_thread_blocked, id=10188, stack(0x0000009278600000,0x0000009278700000)]
  0x000001efc0e0c800 JavaThread "Attach Listener" daemon [_thread_blocked, id=2920, stack(0x0000009278700000,0x0000009278800000)]
  0x000001efc0e0d800 JavaThread "Service Thread" daemon [_thread_blocked, id=7592, stack(0x0000009278800000,0x0000009278900000)]
  0x000001efc0e12000 JavaThread "C2 CompilerThread0" daemon [_thread_blocked, id=376, stack(0x0000009278900000,0x0000009278a00000)]
  0x000001efc0e13000 JavaThread "C1 CompilerThread0" daemon [_thread_blocked, id=7108, stack(0x0000009278a00000,0x0000009278b00000)]
  0x000001efc0e14000 JavaThread "Sweeper thread" daemon [_thread_blocked, id=13220, stack(0x0000009278b00000,0x0000009278c00000)]
  0x000001efc0f80000 JavaThread "Common-Cleaner" daemon [_thread_blocked, id=4948, stack(0x0000009278c00000,0x0000009278d00000)]
  0x000001efc336c800 JavaThread "Daemon health stats" [_thread_blocked, id=11252, stack(0x0000009279200000,0x0000009279300000)]
  0x000001efc3853000 JavaThread "Incoming local TCP Connector on port 53405" [_thread_in_native, id=8816, stack(0x0000009278e00000,0x0000009278f00000)]
  0x000001efc2f03800 JavaThread "Daemon periodic checks" [_thread_blocked, id=9328, stack(0x0000009279100000,0x0000009279200000)]
  0x000001efc2a8d800 JavaThread "Daemon" [_thread_blocked, id=4396, stack(0x0000009279300000,0x0000009279400000)]
  0x000001efc1f1a800 JavaThread "Daemon worker" [_thread_blocked, id=3092, stack(0x0000009279600000,0x0000009279700000)]
  0x000001efc351c000 JavaThread "Cache worker for journal cache (C:\Users\OmarTaha\.gradle\caches\journal-1)" [_thread_blocked, id=3456, stack(0x000000927a000000,0x000000927a100000)]
  0x000001efc351d000 JavaThread "File lock request listener" [_thread_in_native, id=13884, stack(0x000000927a100000,0x000000927a200000)]
  0x000001efc351d800 JavaThread "Cache worker for file hash cache (C:\Users\OmarTaha\.gradle\caches\7.1-rc-1\fileHashes)" [_thread_blocked, id=9748, stack(0x000000927a200000,0x000000927a300000)]
  0x000001efc351b800 JavaThread "File watcher server" daemon [_thread_blocked, id=12880, stack(0x000000927a500000,0x000000927a600000)]
  0x000001efc351a800 JavaThread "File watcher consumer" daemon [_thread_blocked, id=4620, stack(0x000000927a600000,0x000000927a700000)]
  0x000001efc3518000 JavaThread "jar transforms" [_thread_blocked, id=13536, stack(0x000000927a800000,0x000000927a900000)]
  0x000001efc351e800 JavaThread "jar transforms Thread 2" [_thread_blocked, id=11136, stack(0x000000927a900000,0x000000927aa00000)]
  0x000001efc42fb800 JavaThread "jar transforms Thread 3" [_thread_blocked, id=7840, stack(0x000000927aa00000,0x000000927ab00000)]
  0x000001efc42fc000 JavaThread "jar transforms Thread 4" [_thread_blocked, id=12604, stack(0x000000927ab00000,0x000000927ac00000)]
  0x000001efc42fd000 JavaThread "jar transforms Thread 5" [_thread_blocked, id=4864, stack(0x000000927ac00000,0x000000927ad00000)]
  0x000001efc42fe800 JavaThread "jar transforms Thread 6" [_thread_blocked, id=6860, stack(0x000000927ad00000,0x000000927ae00000)]
  0x000001efc4300800 JavaThread "jar transforms Thread 7" [_thread_blocked, id=7636, stack(0x000000927ae00000,0x000000927af00000)]
  0x000001efc4301000 JavaThread "jar transforms Thread 8" [_thread_blocked, id=13412, stack(0x000000927af00000,0x000000927b000000)]
  0x000001efc4303800 JavaThread "Cache worker for execution history cache (C:\Users\OmarTaha\.gradle\caches\7.1-rc-1\executionHistory)" [_thread_blocked, id=14060, stack(0x000000927b300000,0x000000927b400000)]
  0x000001efc4306000 JavaThread "Cache worker for file content cache (C:\Users\OmarTaha\.gradle\caches\7.1-rc-1\fileContent)" [_thread_blocked, id=14268, stack(0x000000927b400000,0x000000927b500000)]
  0x000001efc7db5000 JavaThread "Memory manager" [_thread_blocked, id=1980, stack(0x0000009200900000,0x0000009200a00000)]
  0x000001efc7db1800 JavaThread "pool-3-thread-1" [_thread_blocked, id=14252, stack(0x0000009200a00000,0x0000009200b00000)]
  0x000001efc7db2800 JavaThread "Handler for socket connection from /127.0.0.1:53405 to /127.0.0.1:53443" [_thread_in_native, id=4824, stack(0x0000009200000000,0x0000009200100000)]
  0x000001efc7db3000 JavaThread "Cancel handler" [_thread_blocked, id=7564, stack(0x0000009200100000,0x0000009200200000)]
  0x000001efc7db4000 JavaThread "Asynchronous log dispatcher for DefaultDaemonConnection: socket connection from /127.0.0.1:53405 to /127.0.0.1:53443" [_thread_blocked, id=11344, stack(0x0000009200200000,0x0000009200300000)]
  0x000001efc7db5800 JavaThread "Stdin handler" [_thread_blocked, id=9752, stack(0x0000009200300000,0x0000009200400000)]
  0x000001efc7db0000 JavaThread "Daemon client event forwarder" [_thread_blocked, id=4472, stack(0x0000009200400000,0x0000009200500000)]
  0x000001efc7dbb800 JavaThread "Cache worker for file hash cache (C:\Users\OmarTaha\AndroidStudioProjects\GMS\.gradle\7.1-rc-1\fileHashes)" [_thread_blocked, id=12796, stack(0x0000009200500000,0x0000009200600000)]
  0x000001efc7dbc000 JavaThread "Cache worker for checksums cache (C:\Users\OmarTaha\AndroidStudioProjects\GMS\.gradle\checksums)" [_thread_blocked, id=14164, stack(0x0000009200800000,0x0000009200900000)]
  0x000001efc7db9000 JavaThread "Cache worker for cache directory md-supplier (C:\Users\OmarTaha\.gradle\caches\7.1-rc-1\md-supplier)" [_thread_blocked, id=9776, stack(0x0000009200b00000,0x0000009200c00000)]
  0x000001efc7db6800 JavaThread "Cache worker for cache directory md-rule (C:\Users\OmarTaha\.gradle\caches\7.1-rc-1\md-rule)" [_thread_blocked, id=1092, stack(0x0000009200c00000,0x0000009200d00000)]
  0x000001efc7dbd000 JavaThread "Cache worker for dependencies-accessors (C:\Users\OmarTaha\AndroidStudioProjects\GMS\.gradle\7.1-rc-1\dependencies-accessors)" [_thread_blocked, id=10832, stack(0x0000009200d00000,0x0000009200e00000)]
  0x000001efc7db7800 JavaThread "Cache worker for Build Output Cleanup Cache (C:\Users\OmarTaha\AndroidStudioProjects\GMS\.gradle\buildOutputCleanup)" [_thread_blocked, id=11704, stack(0x0000009200e00000,0x0000009200f00000)]
  0x000001efc7dbe000 JavaThread "Unconstrained build operations" [_thread_blocked, id=9952, stack(0x0000009200f00000,0x0000009201000000)]
  0x000001efc7db8000 JavaThread "Unconstrained build operations Thread 2" [_thread_blocked, id=7576, stack(0x0000009201000000,0x0000009201100000)]
  0x000001efc7dba800 JavaThread "Unconstrained build operations Thread 3" [_thread_blocked, id=5272, stack(0x0000009201100000,0x0000009201200000)]
  0x000001efc7dba000 JavaThread "Unconstrained build operations Thread 4" [_thread_blocked, id=10208, stack(0x0000009201200000,0x0000009201300000)]
  0x000001efc7dbe800 JavaThread "Unconstrained build operations Thread 5" [_thread_blocked, id=9428, stack(0x0000009201300000,0x0000009201400000)]
  0x000001efc4304800 JavaThread "Unconstrained build operations Thread 6" [_thread_blocked, id=9304, stack(0x0000009201400000,0x0000009201500000)]
  0x000001efc4302000 JavaThread "Unconstrained build operations Thread 7" [_thread_blocked, id=13600, stack(0x0000009201500000,0x0000009201600000)]
  0x000001efc4303000 JavaThread "Unconstrained build operations Thread 8" [_thread_blocked, id=4744, stack(0x0000009201600000,0x0000009201700000)]
  0x000001efc42ff800 JavaThread "Unconstrained build operations Thread 9" [_thread_blocked, id=12268, stack(0x0000009201700000,0x0000009201800000)]
  0x000001efc4307000 JavaThread "Unconstrained build operations Thread 10" [_thread_blocked, id=13104, stack(0x0000009201800000,0x0000009201900000)]
  0x000001efc4307800 JavaThread "Unconstrained build operations Thread 11" [_thread_blocked, id=4632, stack(0x0000009201900000,0x0000009201a00000)]
  0x000001efc4308800 JavaThread "Unconstrained build operations Thread 12" [_thread_blocked, id=6992, stack(0x0000009201a00000,0x0000009201b00000)]
  0x000001efc4309800 JavaThread "Unconstrained build operations Thread 13" [_thread_blocked, id=10032, stack(0x0000009201b00000,0x0000009201c00000)]
  0x000001efc430a000 JavaThread "Unconstrained build operations Thread 14" [_thread_blocked, id=12196, stack(0x0000009201c00000,0x0000009201d00000)]
  0x000001efc3519000 JavaThread "Unconstrained build operations Thread 15" [_thread_blocked, id=11484, stack(0x0000009201d00000,0x0000009201e00000)]
  0x000001efc3519800 JavaThread "Unconstrained build operations Thread 16" [_thread_blocked, id=13188, stack(0x0000009201e00000,0x0000009201f00000)]
  0x000001efc73ca000 JavaThread "Unconstrained build operations Thread 17" [_thread_blocked, id=12256, stack(0x0000009201f00000,0x0000009202000000)]
  0x000001efc73c8800 JavaThread "Unconstrained build operations Thread 18" [_thread_blocked, id=11220, stack(0x0000009202000000,0x0000009202100000)]
  0x000001efc73cc000 JavaThread "Unconstrained build operations Thread 19" [_thread_blocked, id=1112, stack(0x0000009202100000,0x0000009202200000)]
  0x000001efc73cb000 JavaThread "Unconstrained build operations Thread 20" [_thread_blocked, id=12988, stack(0x0000009202200000,0x0000009202300000)]
  0x000001efc73cd800 JavaThread "Unconstrained build operations Thread 21" [_thread_blocked, id=3012, stack(0x0000009202300000,0x0000009202400000)]
  0x000001efc73cc800 JavaThread "Unconstrained build operations Thread 22" [_thread_blocked, id=13460, stack(0x0000009202400000,0x0000009202500000)]
  0x000001efc73ce800 JavaThread "Unconstrained build operations Thread 23" [_thread_blocked, id=8468, stack(0x0000009202500000,0x0000009202600000)]
  0x000001efc73cf000 JavaThread "Unconstrained build operations Thread 24" [_thread_blocked, id=2148, stack(0x0000009202600000,0x0000009202700000)]
  0x000001efc73c9800 JavaThread "Unconstrained build operations Thread 25" [_thread_blocked, id=12868, stack(0x0000009202700000,0x0000009202800000)]
  0x000001efc73d5800 JavaThread "Unconstrained build operations Thread 26" [_thread_blocked, id=9536, stack(0x0000009202800000,0x0000009202900000)]
  0x000001efc73d4000 JavaThread "Unconstrained build operations Thread 27" [_thread_blocked, id=8880, stack(0x0000009202900000,0x0000009202a00000)]
  0x000001efc73d5000 JavaThread "Unconstrained build operations Thread 28" [_thread_blocked, id=5756, stack(0x0000009202a00000,0x0000009202b00000)]
  0x000001efc73d1800 JavaThread "Unconstrained build operations Thread 29" [_thread_blocked, id=1232, stack(0x0000009202b00000,0x0000009202c00000)]
  0x000001efc73d1000 JavaThread "Unconstrained build operations Thread 30" [_thread_blocked, id=13624, stack(0x0000009202c00000,0x0000009202d00000)]
  0x000001efc73d0000 JavaThread "Unconstrained build operations Thread 31" [_thread_blocked, id=13324, stack(0x0000009202d00000,0x0000009202e00000)]
  0x000001efc73d6800 JavaThread "Unconstrained build operations Thread 32" [_thread_blocked, id=11740, stack(0x0000009202e00000,0x0000009202f00000)]
  0x000001efc73d7800 JavaThread "Unconstrained build operations Thread 33" [_thread_blocked, id=9444, stack(0x0000009202f00000,0x0000009203000000)]
  0x000001efc73d2800 JavaThread "Unconstrained build operations Thread 34" [_thread_blocked, id=2168, stack(0x0000009203000000,0x0000009203100000)]
  0x000001efc73d3000 JavaThread "Unconstrained build operations Thread 35" [_thread_blocked, id=10688, stack(0x0000009203100000,0x0000009203200000)]
  0x000001efc234f800 JavaThread "Unconstrained build operations Thread 36" [_thread_blocked, id=10820, stack(0x0000009203200000,0x0000009203300000)]
  0x000001efc234d800 JavaThread "Unconstrained build operations Thread 37" [_thread_blocked, id=11920, stack(0x0000009203300000,0x0000009203400000)]
  0x000001efc2351000 JavaThread "Unconstrained build operations Thread 38" [_thread_blocked, id=2356, stack(0x0000009203400000,0x0000009203500000)]
  0x000001efc2350000 JavaThread "Unconstrained build operations Thread 39" [_thread_blocked, id=9460, stack(0x0000009203500000,0x0000009203600000)]
  0x000001efc2352000 JavaThread "Unconstrained build operations Thread 40" [_thread_blocked, id=9396, stack(0x0000009203600000,0x0000009203700000)]
  0x000001efc234c000 JavaThread "Unconstrained build operations Thread 41" [_thread_blocked, id=13492, stack(0x0000009203700000,0x0000009203800000)]
  0x000001efc2352800 JavaThread "Unconstrained build operations Thread 42" [_thread_blocked, id=9352, stack(0x0000009203800000,0x0000009203900000)]
  0x000001efc234d000 JavaThread "Unconstrained build operations Thread 43" [_thread_blocked, id=5664, stack(0x0000009203900000,0x0000009203a00000)]
  0x000001efc2353800 JavaThread "Unconstrained build operations Thread 44" [_thread_blocked, id=11756, stack(0x0000009203a00000,0x0000009203b00000)]
  0x000001efc234e800 JavaThread "Unconstrained build operations Thread 45" [_thread_blocked, id=9300, stack(0x0000009203b00000,0x0000009203c00000)]
  0x000001efc2356000 JavaThread "Unconstrained build operations Thread 46" [_thread_blocked, id=4252, stack(0x0000009203c00000,0x0000009203d00000)]
  0x000001efc2355000 JavaThread "Unconstrained build operations Thread 47" [_thread_blocked, id=6412, stack(0x0000009203d00000,0x0000009203e00000)]
  0x000001efc2358800 JavaThread "Unconstrained build operations Thread 48" [_thread_blocked, id=3352, stack(0x0000009203e00000,0x0000009203f00000)]
  0x000001efc2359000 JavaThread "Unconstrained build operations Thread 49" [_thread_blocked, id=3936, stack(0x0000009203f00000,0x0000009204000000)]
  0x000001efc235a000 JavaThread "Unconstrained build operations Thread 50" [_thread_blocked, id=6604, stack(0x0000009204000000,0x0000009204100000)]
  0x000001efc2354000 JavaThread "Unconstrained build operations Thread 51" [_thread_blocked, id=2832, stack(0x0000009204100000,0x0000009204200000)]
  0x000001efc2357800 JavaThread "Unconstrained build operations Thread 52" [_thread_blocked, id=1084, stack(0x0000009204200000,0x0000009204300000)]
  0x000001efc235b000 JavaThread "Unconstrained build operations Thread 53" [_thread_blocked, id=14104, stack(0x0000009204300000,0x0000009204400000)]
  0x000001efc2356800 JavaThread "Unconstrained build operations Thread 54" [_thread_blocked, id=10184, stack(0x0000009204400000,0x0000009204500000)]
  0x000001efc3aea000 JavaThread "Unconstrained build operations Thread 55" [_thread_blocked, id=11780, stack(0x0000009204500000,0x0000009204600000)]
  0x000001efc3ae9000 JavaThread "Unconstrained build operations Thread 56" [_thread_blocked, id=10932, stack(0x0000009204600000,0x0000009204700000)]
  0x000001efc3aee000 JavaThread "Unconstrained build operations Thread 57" [_thread_blocked, id=6756, stack(0x0000009204700000,0x0000009204800000)]
  0x000001efc3aeb000 JavaThread "Unconstrained build operations Thread 58" [_thread_blocked, id=3580, stack(0x0000009204800000,0x0000009204900000)]
  0x000001efc3aeb800 JavaThread "Unconstrained build operations Thread 59" [_thread_blocked, id=5196, stack(0x0000009204900000,0x0000009204a00000)]
  0x000001efc3aec800 JavaThread "Unconstrained build operations Thread 60" [_thread_blocked, id=7948, stack(0x0000009204a00000,0x0000009204b00000)]
  0x000001efc3aed800 JavaThread "Unconstrained build operations Thread 61" [_thread_blocked, id=8116, stack(0x0000009204b00000,0x0000009204c00000)]
  0x000001efc3ae8800 JavaThread "Unconstrained build operations Thread 62" [_thread_blocked, id=6460, stack(0x0000009204c00000,0x0000009204d00000)]
  0x000001efc3af4000 JavaThread "Unconstrained build operations Thread 63" [_thread_blocked, id=14284, stack(0x0000009204d00000,0x0000009204e00000)]
  0x000001efc3af4800 JavaThread "Unconstrained build operations Thread 64" [_thread_blocked, id=12392, stack(0x0000009204e00000,0x0000009204f00000)]
  0x000001efc3aef000 JavaThread "Unconstrained build operations Thread 65" [_thread_blocked, id=1304, stack(0x0000009204f00000,0x0000009205000000)]
  0x000001efc3aef800 JavaThread "Unconstrained build operations Thread 66" [_thread_blocked, id=13260, stack(0x0000009205000000,0x0000009205100000)]
  0x000001efc3af3000 JavaThread "Unconstrained build operations Thread 67" [_thread_blocked, id=12404, stack(0x0000009205100000,0x0000009205200000)]
  0x000001efc3af2000 JavaThread "Unconstrained build operations Thread 68" [_thread_blocked, id=10152, stack(0x0000009205200000,0x0000009205300000)]
  0x000001efc3af5800 JavaThread "Unconstrained build operations Thread 69" [_thread_blocked, id=2968, stack(0x0000009205300000,0x0000009205400000)]
  0x000001efc3af6800 JavaThread "Unconstrained build operations Thread 70" [_thread_blocked, id=13540, stack(0x0000009205400000,0x0000009205500000)]
  0x000001efc3af0800 JavaThread "Unconstrained build operations Thread 71" [_thread_blocked, id=6124, stack(0x0000009205500000,0x0000009205600000)]
  0x000001efc3af7000 JavaThread "Unconstrained build operations Thread 72" [_thread_blocked, id=12136, stack(0x0000009205600000,0x0000009205700000)]
  0x000001efc3af1800 JavaThread "Unconstrained build operations Thread 73" [_thread_blocked, id=5188, stack(0x0000009205700000,0x0000009205800000)]
  0x000001efcbd30000 JavaThread "Unconstrained build operations Thread 74" [_thread_blocked, id=4516, stack(0x0000009205800000,0x0000009205900000)]
  0x000001efcbd33800 JavaThread "Unconstrained build operations Thread 75" [_thread_blocked, id=9808, stack(0x0000009205900000,0x0000009205a00000)]
  0x000001efcbd32800 JavaThread "Unconstrained build operations Thread 76" [_thread_blocked, id=9160, stack(0x0000009205a00000,0x0000009205b00000)]
  0x000001efcbd34800 JavaThread "Unconstrained build operations Thread 77" [_thread_blocked, id=8884, stack(0x0000009205b00000,0x0000009205c00000)]
  0x000001efcbd31000 JavaThread "Unconstrained build operations Thread 78" [_thread_blocked, id=1912, stack(0x0000009205c00000,0x0000009205d00000)]
  0x000001efcbd35000 JavaThread "Unconstrained build operations Thread 79" [_thread_blocked, id=8140, stack(0x0000009205d00000,0x0000009205e00000)]
  0x000001efcbd36000 JavaThread "Unconstrained build operations Thread 80" [_thread_blocked, id=7752, stack(0x0000009205e00000,0x0000009205f00000)]
  0x000001efcbd37800 JavaThread "build event listener" [_thread_blocked, id=12148, stack(0x0000009205f00000,0x0000009206000000)]
  0x000001efcbd32000 JavaThread "pool-6-thread-1" [_thread_blocked, id=8700, stack(0x0000009206000000,0x0000009206100000)]
  0x000001efcbd39000 JavaThread "build event listener" [_thread_blocked, id=3424, stack(0x0000009206100000,0x0000009206200000)]
  0x000001efcbd3b800 JavaThread "Execution worker for ':'" [_thread_blocked, id=9268, stack(0x0000009206200000,0x0000009206300000)]
  0x000001efcbd3c800 JavaThread "Execution worker for ':' Thread 2" [_thread_blocked, id=3016, stack(0x0000009206300000,0x0000009206400000)]
  0x000001efcbd3b000 JavaThread "Execution worker for ':' Thread 3" [_thread_blocked, id=11824, stack(0x0000009206400000,0x0000009206500000)]
  0x000001efcbd37000 JavaThread "Execution worker for ':' Thread 4" [_thread_blocked, id=6140, stack(0x0000009206500000,0x0000009206600000)]
  0x000001efcbd3d800 JavaThread "Execution worker for ':' Thread 5" [_thread_blocked, id=14088, stack(0x0000009206600000,0x0000009206700000)]
  0x000001efcbd3a000 JavaThread "Execution worker for ':' Thread 6" [_thread_blocked, id=9372, stack(0x0000009206700000,0x0000009206800000)]
  0x000001efcbd3e000 JavaThread "Execution worker for ':' Thread 7" [_thread_blocked, id=7340, stack(0x0000009206800000,0x0000009206900000)]
  0x000001efcbd38800 JavaThread "Cache worker for execution history cache (C:\Users\OmarTaha\AndroidStudioProjects\GMS\.gradle\7.1-rc-1\executionHistory)" [_thread_blocked, id=12572, stack(0x0000009206900000,0x0000009206a00000)]
  0x000001efcbd3f000 JavaThread "Cache worker for Java compile cache (C:\Users\OmarTaha\.gradle\caches\7.1-rc-1\javaCompile)" [_thread_blocked, id=4920, stack(0x0000009206c00000,0x0000009206d00000)]
  0x000001efcc321800 JavaThread "Build operations" [_thread_blocked, id=11096, stack(0x0000009206d00000,0x0000009206e00000)]
  0x000001efcc320800 JavaThread "Build operations Thread 2" [_thread_blocked, id=10920, stack(0x0000009206e00000,0x0000009206f00000)]
  0x000001efcc322800 JavaThread "Build operations Thread 3" [_thread_blocked, id=1264, stack(0x0000009206f00000,0x0000009207000000)]
  0x000001efcc323000 JavaThread "Build operations Thread 4" [_thread_blocked, id=7020, stack(0x0000009207000000,0x0000009207100000)]
  0x000001efcc324000 JavaThread "Build operations Thread 5" [_thread_blocked, id=11808, stack(0x0000009207100000,0x0000009207200000)]
  0x000001efcc320000 JavaThread "Build operations Thread 6" [_thread_blocked, id=7888, stack(0x0000009207200000,0x0000009207300000)]
  0x000001efcc324800 JavaThread "Build operations Thread 7" [_thread_blocked, id=11732, stack(0x0000009207300000,0x0000009207400000)]
  0x000001efcc325800 JavaThread "Build operations Thread 8" [_thread_blocked, id=4992, stack(0x0000009207400000,0x0000009207500000)]
  0x000001efc948a000 JavaThread "C2 CompilerThread1" daemon [_thread_blocked, id=8728, stack(0x0000009200600000,0x0000009200700000)]
  0x000001efc9484000 JavaThread "C2 CompilerThread2" daemon [_thread_blocked, id=13848, stack(0x0000009200700000,0x0000009200800000)]
  0x000001efc9488000 JavaThread "WorkerExecutor Queue" [_thread_blocked, id=14172, stack(0x0000009207500000,0x0000009207600000)]
  0x000001efc9485000 JavaThread "WorkerExecutor Queue Thread 2" [_thread_blocked, id=7480, stack(0x0000009207600000,0x0000009207700000)]
  0x000001efc9487800 JavaThread "WorkerExecutor Queue Thread 3" [_thread_blocked, id=12192, stack(0x0000009207700000,0x0000009207800000)]
  0x000001efc9489000 JavaThread "WorkerExecutor Queue Thread 4" [_thread_blocked, id=9060, stack(0x0000009207800000,0x0000009207900000)]
  0x000001efc948b800 JavaThread "WorkerExecutor Queue Thread 5" [_thread_blocked, id=12428, stack(0x0000009207900000,0x0000009207a00000)]
  0x000001efc9485800 JavaThread "WorkerExecutor Queue Thread 6" [_thread_blocked, id=10948, stack(0x0000009207a00000,0x0000009207b00000)]
  0x000001efc948c800 JavaThread "WorkerExecutor Queue Thread 7" [_thread_blocked, id=8772, stack(0x0000009207b00000,0x0000009207c00000)]
  0x000001efc948d000 JavaThread "WorkerExecutor Queue Thread 8" [_thread_blocked, id=4112, stack(0x0000009207c00000,0x0000009207d00000)]
  0x000001efc9491000 JavaThread "WorkerExecutor Queue Thread 9" [_thread_blocked, id=5704, stack(0x0000009207d00000,0x0000009207e00000)]

Other Threads:
=>0x000001efc05a4000 VMThread "VM Thread" [stack: 0x0000009278300000,0x0000009278400000] [id=12508]
  0x000001efc101f000 WatcherThread [stack: 0x0000009278d00000,0x0000009278e00000] [id=13876]
  0x000001efa1764000 GCTaskThread "GC Thread#0" [stack: 0x0000009277e00000,0x0000009277f00000] [id=4160]
  0x000001efc2333800 GCTaskThread "GC Thread#1" [stack: 0x0000009278f00000,0x0000009279000000] [id=6960]
  0x000001efc168d800 GCTaskThread "GC Thread#2" [stack: 0x0000009279000000,0x0000009279100000] [id=3784]
  0x000001efc3504000 GCTaskThread "GC Thread#3" [stack: 0x0000009279b00000,0x0000009279c00000] [id=13232]
  0x000001efc2d3d000 GCTaskThread "GC Thread#4" [stack: 0x0000009279c00000,0x0000009279d00000] [id=7248]
  0x000001efc3642000 GCTaskThread "GC Thread#5" [stack: 0x0000009279d00000,0x0000009279e00000] [id=2152]
  0x000001efc404f800 GCTaskThread "GC Thread#6" [stack: 0x0000009279e00000,0x0000009279f00000] [id=3524]
  0x000001efc3ae7000 GCTaskThread "GC Thread#7" [stack: 0x0000009279f00000,0x000000927a000000] [id=4364]
  0x000001efa1795000 ConcurrentGCThread "G1 Main Marker" [stack: 0x0000009277f00000,0x0000009278000000] [id=7400]
  0x000001efa1797800 ConcurrentGCThread "G1 Conc#0" [stack: 0x0000009278000000,0x0000009278100000] [id=13408]
  0x000001efc22d6800 ConcurrentGCThread "G1 Conc#1" [stack: 0x000000927a300000,0x000000927a400000] [id=11528]
  0x000001efc040a800 ConcurrentGCThread "G1 Refine#0" [stack: 0x0000009278100000,0x0000009278200000] [id=7544]
  0x000001efc040b800 ConcurrentGCThread "G1 Young RemSet Sampling" [stack: 0x0000009278200000,0x0000009278300000] [id=13416]

Threads with active compile tasks:
C2 CompilerThread0  42542 18598       4       com.android.tools.build.apkzlib.zip.FileUseMap::add (131 bytes)
C2 CompilerThread1  42542 18750       4       sun.nio.fs.WindowsPath::getParent (74 bytes)
C2 CompilerThread2  42542 18749       4       kotlin.text.StringsKt__StringsJVMKt::endsWith (45 bytes)

VM state:at safepoint (normal execution)

VM Mutex/Monitor currently owned by a thread:  ([mutex/lock_event])
[0x000001efa1749440] Threads_lock - owner thread: 0x000001efc05a4000
[0x000001efa17495f0] Heap_lock - owner thread: 0x000001efc9487800

Heap address: 0x0000000080000000, size: 2048 MB, Compressed Oops mode: 32-bit
Narrow klass base: 0x0000000000000000, Narrow klass shift: 3
Compressed class space size: 1073741824 Address: 0x0000000100000000

Heap:
 garbage-first heap   total 397312K, used 259615K [0x0000000080000000, 0x0000000100000000)
  region size 1024K, 3 young (3072K), 3 survivors (3072K)
 Metaspace       used 126213K, capacity 130620K, committed 130816K, reserved 1163264K
  class space    used 16162K, capacity 17801K, committed 17920K, reserved 1048576K
Heap Regions: E=young(eden), S=young(survivor), O=old, HS=humongous(starts), HC=humongous(continues), CS=collection set, F=free, A=archive, TAMS=top-at-mark-start (previous, next)
|   0|0x0000000080000000, 0x0000000080100000, 0x0000000080100000|100%| O|  |TAMS 0x0000000080100000, 0x0000000080100000| Untracked 
|   1|0x0000000080100000, 0x0000000080200000, 0x0000000080200000|100%| O|  |TAMS 0x0000000080200000, 0x0000000080200000| Untracked 
|   2|0x0000000080200000, 0x0000000080300000, 0x0000000080300000|100%| O|  |TAMS 0x0000000080300000, 0x0000000080300000| Untracked 
|   3|0x0000000080300000, 0x0000000080400000, 0x0000000080400000|100%|HS|  |TAMS 0x0000000080400000, 0x0000000080400000| Complete 
|   4|0x0000000080400000, 0x0000000080500000, 0x0000000080500000|100%|HC|  |TAMS 0x0000000080500000, 0x0000000080500000| Complete 
|   5|0x0000000080500000, 0x0000000080600000, 0x0000000080600000|100%|HC|  |TAMS 0x0000000080600000, 0x0000000080600000| Complete 
|   6|0x0000000080600000, 0x0000000080700000, 0x0000000080700000|100%| O|  |TAMS 0x0000000080700000, 0x0000000080700000| Untracked 
|   7|0x0000000080700000, 0x0000000080800000, 0x0000000080800000|100%| O|  |TAMS 0x0000000080800000, 0x0000000080800000| Untracked 
|   8|0x0000000080800000, 0x0000000080900000, 0x0000000080900000|100%| O|  |TAMS 0x0000000080900000, 0x0000000080900000| Untracked 
|   9|0x0000000080900000, 0x0000000080a00000, 0x0000000080a00000|100%| O|  |TAMS 0x0000000080a00000, 0x0000000080a00000| Untracked 
|  10|0x0000000080a00000, 0x0000000080b00000, 0x0000000080b00000|100%| O|  |TAMS 0x0000000080b00000, 0x0000000080b00000| Untracked 
|  11|0x0000000080b00000, 0x0000000080c00000, 0x0000000080c00000|100%| O|  |TAMS 0x0000000080c00000, 0x0000000080c00000| Untracked 
|  12|0x0000000080c00000, 0x0000000080d00000, 0x0000000080d00000|100%| O|  |TAMS 0x0000000080d00000, 0x0000000080d00000| Untracked 
|  13|0x0000000080d00000, 0x0000000080e00000, 0x0000000080e00000|100%| O|  |TAMS 0x0000000080e00000, 0x0000000080e00000| Untracked 
|  14|0x0000000080e00000, 0x0000000080f00000, 0x0000000080f00000|100%| O|  |TAMS 0x0000000080f00000, 0x0000000080f00000| Untracked 
|  15|0x0000000080f00000, 0x0000000081000000, 0x0000000081000000|100%| O|  |TAMS 0x0000000081000000, 0x0000000081000000| Untracked 
|  16|0x0000000081000000, 0x0000000081100000, 0x0000000081100000|100%| O|  |TAMS 0x0000000081100000, 0x0000000081100000| Untracked 
|  17|0x0000000081100000, 0x0000000081200000, 0x0000000081200000|100%|HS|  |TAMS 0x0000000081200000, 0x0000000081200000| Complete 
|  18|0x0000000081200000, 0x0000000081300000, 0x0000000081300000|100%|HC|  |TAMS 0x0000000081300000, 0x0000000081300000| Complete 
|  19|0x0000000081300000, 0x0000000081400000, 0x0000000081400000|100%|HS|  |TAMS 0x0000000081400000, 0x0000000081400000| Complete 
|  20|0x0000000081400000, 0x0000000081500000, 0x0000000081500000|100%|HC|  |TAMS 0x0000000081500000, 0x0000000081500000| Complete 
|  21|0x0000000081500000, 0x0000000081600000, 0x0000000081600000|100%|HC|  |TAMS 0x0000000081600000, 0x0000000081600000| Complete 
|  22|0x0000000081600000, 0x0000000081700000, 0x0000000081700000|100%|HS|  |TAMS 0x0000000081700000, 0x0000000081700000| Complete 
|  23|0x0000000081700000, 0x0000000081800000, 0x0000000081800000|100%|HC|  |TAMS 0x0000000081800000, 0x0000000081800000| Complete 
|  24|0x0000000081800000, 0x0000000081900000, 0x0000000081900000|100%|HC|  |TAMS 0x0000000081900000, 0x0000000081900000| Complete 
|  25|0x0000000081900000, 0x0000000081a00000, 0x0000000081a00000|100%|HC|  |TAMS 0x0000000081a00000, 0x0000000081a00000| Complete 
|  26|0x0000000081a00000, 0x0000000081b00000, 0x0000000081b00000|100%|HC|  |TAMS 0x0000000081b00000, 0x0000000081b00000| Complete 
|  27|0x0000000081b00000, 0x0000000081c00000, 0x0000000081c00000|100%| O|  |TAMS 0x0000000081c00000, 0x0000000081c00000| Untracked 
|  28|0x0000000081c00000, 0x0000000081d00000, 0x0000000081d00000|100%| O|  |TAMS 0x0000000081d00000, 0x0000000081d00000| Untracked 
|  29|0x0000000081d00000, 0x0000000081e00000, 0x0000000081e00000|100%| O|  |TAMS 0x0000000081e00000, 0x0000000081e00000| Untracked 
|  30|0x0000000081e00000, 0x0000000081f00000, 0x0000000081f00000|100%| O|  |TAMS 0x0000000081f00000, 0x0000000081f00000| Untracked 
|  31|0x0000000081f00000, 0x0000000082000000, 0x0000000082000000|100%| O|  |TAMS 0x0000000082000000, 0x0000000082000000| Untracked 
|  32|0x0000000082000000, 0x0000000082100000, 0x0000000082100000|100%| O|  |TAMS 0x0000000082100000, 0x0000000082100000| Untracked 
|  33|0x0000000082100000, 0x0000000082200000, 0x0000000082200000|100%| O|  |TAMS 0x0000000082200000, 0x0000000082200000| Untracked 
|  34|0x0000000082200000, 0x0000000082300000, 0x0000000082300000|100%|HS|  |TAMS 0x0000000082300000, 0x0000000082300000| Complete 
|  35|0x0000000082300000, 0x0000000082400000, 0x0000000082400000|100%|HC|  |TAMS 0x0000000082400000, 0x0000000082400000| Complete 
|  36|0x0000000082400000, 0x0000000082500000, 0x0000000082500000|100%|HC|  |TAMS 0x0000000082500000, 0x0000000082500000| Complete 
|  37|0x0000000082500000, 0x0000000082600000, 0x0000000082600000|100%|HC|  |TAMS 0x0000000082600000, 0x0000000082600000| Complete 
|  38|0x0000000082600000, 0x0000000082700000, 0x0000000082700000|100%|HC|  |TAMS 0x0000000082700000, 0x0000000082700000| Complete 
|  39|0x0000000082700000, 0x0000000082800000, 0x0000000082800000|100%|HS|  |TAMS 0x0000000082800000, 0x0000000082800000| Complete 
|  40|0x0000000082800000, 0x0000000082900000, 0x0000000082900000|100%|HC|  |TAMS 0x0000000082900000, 0x0000000082900000| Complete 
|  41|0x0000000082900000, 0x0000000082a00000, 0x0000000082a00000|100%|HC|  |TAMS 0x0000000082a00000, 0x0000000082a00000| Complete 
|  42|0x0000000082a00000, 0x0000000082b00000, 0x0000000082b00000|100%| O|  |TAMS 0x0000000082b00000, 0x0000000082b00000| Untracked 
|  43|0x0000000082b00000, 0x0000000082c00000, 0x0000000082c00000|100%| O|  |TAMS 0x0000000082c00000, 0x0000000082c00000| Untracked 
|  44|0x0000000082c00000, 0x0000000082d00000, 0x0000000082d00000|100%| O|  |TAMS 0x0000000082d00000, 0x0000000082d00000| Untracked 
|  45|0x0000000082d00000, 0x0000000082e00000, 0x0000000082e00000|100%| O|  |TAMS 0x0000000082e00000, 0x0000000082e00000| Untracked 
|  46|0x0000000082e00000, 0x0000000082f00000, 0x0000000082f00000|100%| O|  |TAMS 0x0000000082f00000, 0x0000000082f00000| Untracked 
|  47|0x0000000082f00000, 0x0000000083000000, 0x0000000083000000|100%| O|  |TAMS 0x0000000083000000, 0x0000000083000000| Untracked 
|  48|0x0000000083000000, 0x0000000083100000, 0x0000000083100000|100%| O|  |TAMS 0x0000000083100000, 0x0000000083100000| Untracked 
|  49|0x0000000083100000, 0x0000000083200000, 0x0000000083200000|100%| O|  |TAMS 0x0000000083200000, 0x0000000083200000| Untracked 
|  50|0x0000000083200000, 0x0000000083300000, 0x0000000083300000|100%| O|  |TAMS 0x0000000083300000, 0x0000000083300000| Untracked 
|  51|0x0000000083300000, 0x0000000083400000, 0x0000000083400000|100%| O|  |TAMS 0x0000000083300000, 0x0000000083400000| Untracked 
|  52|0x0000000083400000, 0x0000000083500000, 0x0000000083500000|100%| O|  |TAMS 0x0000000083500000, 0x0000000083500000| Untracked 
|  53|0x0000000083500000, 0x0000000083600000, 0x0000000083600000|100%| O|  |TAMS 0x0000000083600000, 0x0000000083600000| Untracked 
|  54|0x0000000083600000, 0x0000000083700000, 0x0000000083700000|100%| O|  |TAMS 0x0000000083700000, 0x0000000083700000| Untracked 
|  55|0x0000000083700000, 0x0000000083800000, 0x0000000083800000|100%|HS|  |TAMS 0x0000000083800000, 0x0000000083800000| Complete 
|  56|0x0000000083800000, 0x0000000083900000, 0x0000000083900000|100%|HS|  |TAMS 0x0000000083900000, 0x0000000083900000| Complete 
|  57|0x0000000083900000, 0x0000000083a00000, 0x0000000083a00000|100%|HS|  |TAMS 0x0000000083a00000, 0x0000000083a00000| Complete 
|  58|0x0000000083a00000, 0x0000000083b00000, 0x0000000083b00000|100%|HC|  |TAMS 0x0000000083b00000, 0x0000000083b00000| Complete 
|  59|0x0000000083b00000, 0x0000000083c00000, 0x0000000083c00000|100%|HC|  |TAMS 0x0000000083c00000, 0x0000000083c00000| Complete 
|  60|0x0000000083c00000, 0x0000000083d00000, 0x0000000083d00000|100%|HS|  |TAMS 0x0000000083d00000, 0x0000000083d00000| Complete 
|  61|0x0000000083d00000, 0x0000000083e00000, 0x0000000083e00000|100%|HC|  |TAMS 0x0000000083e00000, 0x0000000083e00000| Complete 
|  62|0x0000000083e00000, 0x0000000083f00000, 0x0000000083f00000|100%| O|  |TAMS 0x0000000083f00000, 0x0000000083f00000| Untracked 
|  63|0x0000000083f00000, 0x0000000084000000, 0x0000000084000000|100%| O|  |TAMS 0x0000000084000000, 0x0000000084000000| Untracked 
|  64|0x0000000084000000, 0x0000000084100000, 0x0000000084100000|100%| O|  |TAMS 0x0000000084100000, 0x0000000084100000| Untracked 
|  65|0x0000000084100000, 0x0000000084200000, 0x0000000084200000|100%| O|  |TAMS 0x0000000084200000, 0x0000000084200000| Untracked 
|  66|0x0000000084200000, 0x0000000084300000, 0x0000000084300000|100%| O|  |TAMS 0x0000000084300000, 0x0000000084300000| Untracked 
|  67|0x0000000084300000, 0x0000000084400000, 0x0000000084400000|100%| O|  |TAMS 0x0000000084400000, 0x0000000084400000| Untracked 
|  68|0x0000000084400000, 0x0000000084500000, 0x0000000084500000|100%| O|  |TAMS 0x0000000084500000, 0x0000000084500000| Untracked 
|  69|0x0000000084500000, 0x0000000084600000, 0x0000000084600000|100%| O|  |TAMS 0x0000000084600000, 0x0000000084600000| Untracked 
|  70|0x0000000084600000, 0x0000000084700000, 0x0000000084700000|100%| O|  |TAMS 0x0000000084700000, 0x0000000084700000| Untracked 
|  71|0x0000000084700000, 0x0000000084800000, 0x0000000084800000|100%| O|  |TAMS 0x0000000084800000, 0x0000000084800000| Untracked 
|  72|0x0000000084800000, 0x0000000084900000, 0x0000000084900000|100%| O|  |TAMS 0x0000000084900000, 0x0000000084900000| Untracked 
|  73|0x0000000084900000, 0x0000000084a00000, 0x0000000084a00000|100%| O|  |TAMS 0x0000000084a00000, 0x0000000084a00000| Untracked 
|  74|0x0000000084a00000, 0x0000000084b00000, 0x0000000084b00000|100%| O|  |TAMS 0x0000000084b00000, 0x0000000084b00000| Untracked 
|  75|0x0000000084b00000, 0x0000000084c00000, 0x0000000084c00000|100%| O|  |TAMS 0x0000000084c00000, 0x0000000084c00000| Untracked 
|  76|0x0000000084c00000, 0x0000000084d00000, 0x0000000084d00000|100%| O|  |TAMS 0x0000000084d00000, 0x0000000084d00000| Untracked 
|  77|0x0000000084d00000, 0x0000000084e00000, 0x0000000084e00000|100%| O|  |TAMS 0x0000000084e00000, 0x0000000084e00000| Untracked 
|  78|0x0000000084e00000, 0x0000000084f00000, 0x0000000084f00000|100%| O|  |TAMS 0x0000000084f00000, 0x0000000084f00000| Untracked 
|  79|0x0000000084f00000, 0x0000000085000000, 0x0000000085000000|100%| O|  |TAMS 0x0000000085000000, 0x0000000085000000| Untracked 
|  80|0x0000000085000000, 0x0000000085100000, 0x0000000085100000|100%| O|  |TAMS 0x0000000085100000, 0x0000000085100000| Untracked 
|  81|0x0000000085100000, 0x0000000085200000, 0x0000000085200000|100%| O|  |TAMS 0x0000000085200000, 0x0000000085200000| Untracked 
|  82|0x0000000085200000, 0x0000000085300000, 0x0000000085300000|100%| O|  |TAMS 0x0000000085300000, 0x0000000085300000| Untracked 
|  83|0x0000000085300000, 0x0000000085400000, 0x0000000085400000|100%| O|  |TAMS 0x0000000085400000, 0x0000000085400000| Untracked 
|  84|0x0000000085400000, 0x0000000085500000, 0x0000000085500000|100%| O|  |TAMS 0x0000000085500000, 0x0000000085500000| Untracked 
|  85|0x0000000085500000, 0x0000000085600000, 0x0000000085600000|100%| O|  |TAMS 0x0000000085600000, 0x0000000085600000| Untracked 
|  86|0x0000000085600000, 0x0000000085700000, 0x0000000085700000|100%| O|  |TAMS 0x0000000085700000, 0x0000000085700000| Untracked 
|  87|0x0000000085700000, 0x0000000085800000, 0x0000000085800000|100%| O|  |TAMS 0x0000000085800000, 0x0000000085800000| Untracked 
|  88|0x0000000085800000, 0x0000000085900000, 0x0000000085900000|100%| O|  |TAMS 0x0000000085900000, 0x0000000085900000| Untracked 
|  89|0x0000000085900000, 0x0000000085a00000, 0x0000000085a00000|100%| O|  |TAMS 0x0000000085a00000, 0x0000000085a00000| Untracked 
|  90|0x0000000085a00000, 0x0000000085b00000, 0x0000000085b00000|100%| O|  |TAMS 0x0000000085b00000, 0x0000000085b00000| Untracked 
|  91|0x0000000085b00000, 0x0000000085c00000, 0x0000000085c00000|100%| O|  |TAMS 0x0000000085c00000, 0x0000000085c00000| Untracked 
|  92|0x0000000085c00000, 0x0000000085d00000, 0x0000000085d00000|100%| O|  |TAMS 0x0000000085d00000, 0x0000000085d00000| Untracked 
|  93|0x0000000085d00000, 0x0000000085e00000, 0x0000000085e00000|100%| O|  |TAMS 0x0000000085e00000, 0x0000000085e00000| Untracked 
|  94|0x0000000085e00000, 0x0000000085f00000, 0x0000000085f00000|100%| O|  |TAMS 0x0000000085f00000, 0x0000000085f00000| Untracked 
|  95|0x0000000085f00000, 0x0000000086000000, 0x0000000086000000|100%| O|  |TAMS 0x0000000086000000, 0x0000000086000000| Untracked 
|  96|0x0000000086000000, 0x0000000086100000, 0x0000000086100000|100%| O|  |TAMS 0x0000000086100000, 0x0000000086100000| Untracked 
|  97|0x0000000086100000, 0x0000000086200000, 0x0000000086200000|100%| O|  |TAMS 0x0000000086200000, 0x0000000086200000| Untracked 
|  98|0x0000000086200000, 0x0000000086300000, 0x0000000086300000|100%| O|  |TAMS 0x0000000086300000, 0x0000000086300000| Untracked 
|  99|0x0000000086300000, 0x0000000086400000, 0x0000000086400000|100%| O|  |TAMS 0x0000000086400000, 0x0000000086400000| Untracked 
| 100|0x0000000086400000, 0x0000000086500000, 0x0000000086500000|100%| O|  |TAMS 0x0000000086500000, 0x0000000086500000| Untracked 
| 101|0x0000000086500000, 0x0000000086600000, 0x0000000086600000|100%| O|  |TAMS 0x0000000086600000, 0x0000000086600000| Untracked 
| 102|0x0000000086600000, 0x0000000086700000, 0x0000000086700000|100%| O|  |TAMS 0x0000000086700000, 0x0000000086700000| Untracked 
| 103|0x0000000086700000, 0x0000000086800000, 0x0000000086800000|100%| O|  |TAMS 0x0000000086800000, 0x0000000086800000| Untracked 
| 104|0x0000000086800000, 0x0000000086900000, 0x0000000086900000|100%| O|  |TAMS 0x0000000086900000, 0x0000000086900000| Untracked 
| 105|0x0000000086900000, 0x0000000086a00000, 0x0000000086a00000|100%| O|  |TAMS 0x0000000086a00000, 0x0000000086a00000| Untracked 
| 106|0x0000000086a00000, 0x0000000086b00000, 0x0000000086b00000|100%| O|  |TAMS 0x0000000086b00000, 0x0000000086b00000| Untracked 
| 107|0x0000000086b00000, 0x0000000086c00000, 0x0000000086c00000|100%| O|  |TAMS 0x0000000086c00000, 0x0000000086c00000| Untracked 
| 108|0x0000000086c00000, 0x0000000086d00000, 0x0000000086d00000|100%| O|  |TAMS 0x0000000086d00000, 0x0000000086d00000| Untracked 
| 109|0x0000000086d00000, 0x0000000086e00000, 0x0000000086e00000|100%| O|  |TAMS 0x0000000086e00000, 0x0000000086e00000| Untracked 
| 110|0x0000000086e00000, 0x0000000086f00000, 0x0000000086f00000|100%|HS|  |TAMS 0x0000000086f00000, 0x0000000086f00000| Complete 
| 111|0x0000000086f00000, 0x0000000087000000, 0x0000000087000000|100%|HC|  |TAMS 0x0000000087000000, 0x0000000087000000| Complete 
| 112|0x0000000087000000, 0x0000000087100000, 0x0000000087100000|100%| O|  |TAMS 0x0000000087100000, 0x0000000087100000| Untracked 
| 113|0x0000000087100000, 0x0000000087200000, 0x0000000087200000|100%| O|  |TAMS 0x0000000087200000, 0x0000000087200000| Untracked 
| 114|0x0000000087200000, 0x0000000087300000, 0x0000000087300000|100%| O|  |TAMS 0x0000000087300000, 0x0000000087300000| Untracked 
| 115|0x0000000087300000, 0x0000000087400000, 0x0000000087400000|100%| O|  |TAMS 0x0000000087400000, 0x0000000087400000| Untracked 
| 116|0x0000000087400000, 0x0000000087500000, 0x0000000087500000|100%| O|  |TAMS 0x0000000087500000, 0x0000000087500000| Untracked 
| 117|0x0000000087500000, 0x0000000087600000, 0x0000000087600000|100%| O|  |TAMS 0x0000000087600000, 0x0000000087600000| Untracked 
| 118|0x0000000087600000, 0x0000000087700000, 0x0000000087700000|100%| O|  |TAMS 0x0000000087700000, 0x0000000087700000| Untracked 
| 119|0x0000000087700000, 0x0000000087800000, 0x0000000087800000|100%| O|  |TAMS 0x0000000087800000, 0x0000000087800000| Untracked 
| 120|0x0000000087800000, 0x0000000087900000, 0x0000000087900000|100%| O|  |TAMS 0x0000000087900000, 0x0000000087900000| Untracked 
| 121|0x0000000087900000, 0x0000000087a00000, 0x0000000087a00000|100%| O|  |TAMS 0x0000000087a00000, 0x0000000087a00000| Untracked 
| 122|0x0000000087a00000, 0x0000000087b00000, 0x0000000087b00000|100%| O|  |TAMS 0x0000000087b00000, 0x0000000087b00000| Untracked 
| 123|0x0000000087b00000, 0x0000000087c00000, 0x0000000087c00000|100%| O|  |TAMS 0x0000000087c00000, 0x0000000087c00000| Untracked 
| 124|0x0000000087c00000, 0x0000000087d00000, 0x0000000087d00000|100%| O|  |TAMS 0x0000000087d00000, 0x0000000087d00000| Untracked 
| 125|0x0000000087d00000, 0x0000000087e00000, 0x0000000087e00000|100%| O|  |TAMS 0x0000000087e00000, 0x0000000087e00000| Untracked 
| 126|0x0000000087e00000, 0x0000000087f00000, 0x0000000087f00000|100%| O|  |TAMS 0x0000000087f00000, 0x0000000087f00000| Untracked 
| 127|0x0000000087f00000, 0x0000000088000000, 0x0000000088000000|100%| O|  |TAMS 0x0000000088000000, 0x0000000088000000| Untracked 
| 128|0x0000000088000000, 0x0000000088100000, 0x0000000088100000|100%| O|  |TAMS 0x0000000088100000, 0x0000000088100000| Untracked 
| 129|0x0000000088100000, 0x0000000088200000, 0x0000000088200000|100%| O|  |TAMS 0x0000000088200000, 0x0000000088200000| Untracked 
| 130|0x0000000088200000, 0x0000000088300000, 0x0000000088300000|100%| O|  |TAMS 0x0000000088300000, 0x0000000088300000| Untracked 
| 131|0x0000000088300000, 0x0000000088400000, 0x0000000088400000|100%| O|  |TAMS 0x0000000088400000, 0x0000000088400000| Untracked 
| 132|0x0000000088400000, 0x0000000088500000, 0x0000000088500000|100%| O|  |TAMS 0x0000000088500000, 0x0000000088500000| Untracked 
| 133|0x0000000088500000, 0x0000000088600000, 0x0000000088600000|100%| O|  |TAMS 0x0000000088600000, 0x0000000088600000| Untracked 
| 134|0x0000000088600000, 0x0000000088700000, 0x0000000088700000|100%| O|  |TAMS 0x0000000088700000, 0x0000000088700000| Untracked 
| 135|0x0000000088700000, 0x0000000088800000, 0x0000000088800000|100%| O|  |TAMS 0x0000000088800000, 0x0000000088800000| Untracked 
| 136|0x0000000088800000, 0x0000000088900000, 0x0000000088900000|100%| O|  |TAMS 0x0000000088900000, 0x0000000088900000| Untracked 
| 137|0x0000000088900000, 0x0000000088a00000, 0x0000000088a00000|100%| O|  |TAMS 0x0000000088a00000, 0x0000000088a00000| Untracked 
| 138|0x0000000088a00000, 0x0000000088b00000, 0x0000000088b00000|100%| O|  |TAMS 0x0000000088b00000, 0x0000000088b00000| Untracked 
| 139|0x0000000088b00000, 0x0000000088c00000, 0x0000000088c00000|100%| O|  |TAMS 0x0000000088c00000, 0x0000000088c00000| Untracked 
| 140|0x0000000088c00000, 0x0000000088d00000, 0x0000000088d00000|100%| O|  |TAMS 0x0000000088d00000, 0x0000000088d00000| Untracked 
| 141|0x0000000088d00000, 0x0000000088e00000, 0x0000000088e00000|100%| O|  |TAMS 0x0000000088e00000, 0x0000000088e00000| Untracked 
| 142|0x0000000088e00000, 0x0000000088f00000, 0x0000000088f00000|100%| O|  |TAMS 0x0000000088f00000, 0x0000000088f00000| Untracked 
| 143|0x0000000088f00000, 0x0000000089000000, 0x0000000089000000|100%| O|  |TAMS 0x0000000089000000, 0x0000000089000000| Untracked 
| 144|0x0000000089000000, 0x0000000089100000, 0x0000000089100000|100%| O|  |TAMS 0x0000000089100000, 0x0000000089100000| Untracked 
| 145|0x0000000089100000, 0x0000000089200000, 0x0000000089200000|100%| O|  |TAMS 0x0000000089200000, 0x0000000089200000| Untracked 
| 146|0x0000000089200000, 0x0000000089300000, 0x0000000089300000|100%| O|  |TAMS 0x0000000089300000, 0x0000000089300000| Untracked 
| 147|0x0000000089300000, 0x0000000089400000, 0x0000000089400000|100%| O|  |TAMS 0x0000000089400000, 0x0000000089400000| Untracked 
| 148|0x0000000089400000, 0x0000000089500000, 0x0000000089500000|100%| O|  |TAMS 0x0000000089500000, 0x0000000089500000| Untracked 
| 149|0x0000000089500000, 0x0000000089600000, 0x0000000089600000|100%| O|  |TAMS 0x0000000089500000, 0x0000000089600000| Untracked 
| 150|0x0000000089600000, 0x0000000089700000, 0x0000000089700000|100%| O|  |TAMS 0x0000000089700000, 0x0000000089700000| Untracked 
| 151|0x0000000089700000, 0x0000000089800000, 0x0000000089800000|100%| O|  |TAMS 0x0000000089800000, 0x0000000089800000| Untracked 
| 152|0x0000000089800000, 0x0000000089900000, 0x0000000089900000|100%| O|  |TAMS 0x0000000089900000, 0x0000000089900000| Untracked 
| 153|0x0000000089900000, 0x0000000089a00000, 0x0000000089a00000|100%| O|  |TAMS 0x0000000089a00000, 0x0000000089a00000| Untracked 
| 154|0x0000000089a00000, 0x0000000089b00000, 0x0000000089b00000|100%| O|  |TAMS 0x0000000089a00000, 0x0000000089b00000| Untracked 
| 155|0x0000000089b00000, 0x0000000089c00000, 0x0000000089c00000|100%| O|  |TAMS 0x0000000089ba4e00, 0x0000000089c00000| Untracked 
| 156|0x0000000089c00000, 0x0000000089d00000, 0x0000000089d00000|100%| O|  |TAMS 0x0000000089c00000, 0x0000000089d00000| Untracked 
| 157|0x0000000089d00000, 0x0000000089e00000, 0x0000000089e00000|100%| O|  |TAMS 0x0000000089d00000, 0x0000000089e00000| Untracked 
| 158|0x0000000089e00000, 0x0000000089f00000, 0x0000000089f00000|100%| O|  |TAMS 0x0000000089e00000, 0x0000000089f00000| Untracked 
| 159|0x0000000089f00000, 0x000000008a000000, 0x000000008a000000|100%| O|  |TAMS 0x0000000089f00000, 0x000000008a000000| Untracked 
| 160|0x000000008a000000, 0x000000008a100000, 0x000000008a100000|100%| O|  |TAMS 0x000000008a000000, 0x000000008a100000| Untracked 
| 161|0x000000008a100000, 0x000000008a200000, 0x000000008a200000|100%| O|  |TAMS 0x000000008a100000, 0x000000008a200000| Untracked 
| 162|0x000000008a200000, 0x000000008a300000, 0x000000008a300000|100%| O|  |TAMS 0x000000008a200000, 0x000000008a300000| Untracked 
| 163|0x000000008a300000, 0x000000008a400000, 0x000000008a400000|100%| O|  |TAMS 0x000000008a300000, 0x000000008a400000| Untracked 
| 164|0x000000008a400000, 0x000000008a500000, 0x000000008a500000|100%| O|  |TAMS 0x000000008a400000, 0x000000008a500000| Untracked 
| 165|0x000000008a500000, 0x000000008a600000, 0x000000008a600000|100%| O|  |TAMS 0x000000008a500000, 0x000000008a600000| Untracked 
| 166|0x000000008a600000, 0x000000008a700000, 0x000000008a700000|100%| O|  |TAMS 0x000000008a600000, 0x000000008a700000| Untracked 
| 167|0x000000008a700000, 0x000000008a800000, 0x000000008a800000|100%| O|  |TAMS 0x000000008a700000, 0x000000008a800000| Untracked 
| 168|0x000000008a800000, 0x000000008a900000, 0x000000008a900000|100%| O|  |TAMS 0x000000008a800000, 0x000000008a900000| Untracked 
| 169|0x000000008a900000, 0x000000008aa00000, 0x000000008aa00000|100%| O|  |TAMS 0x000000008a900000, 0x000000008aa00000| Untracked 
| 170|0x000000008aa00000, 0x000000008ab00000, 0x000000008ab00000|100%| O|  |TAMS 0x000000008aa00000, 0x000000008ab00000| Untracked 
| 171|0x000000008ab00000, 0x000000008ac00000, 0x000000008ac00000|100%| O|  |TAMS 0x000000008ab00000, 0x000000008ac00000| Untracked 
| 172|0x000000008ac00000, 0x000000008ad00000, 0x000000008ad00000|100%| O|  |TAMS 0x000000008ac00000, 0x000000008ad00000| Untracked 
| 173|0x000000008ad00000, 0x000000008ae00000, 0x000000008ae00000|100%| O|  |TAMS 0x000000008ad00000, 0x000000008ae00000| Untracked 
| 174|0x000000008ae00000, 0x000000008af00000, 0x000000008af00000|100%| O|  |TAMS 0x000000008ae00000, 0x000000008af00000| Untracked 
| 175|0x000000008af00000, 0x000000008b000000, 0x000000008b000000|100%| O|  |TAMS 0x000000008af00000, 0x000000008b000000| Untracked 
| 176|0x000000008b000000, 0x000000008b100000, 0x000000008b100000|100%| O|  |TAMS 0x000000008b000000, 0x000000008b100000| Untracked 
| 177|0x000000008b100000, 0x000000008b200000, 0x000000008b200000|100%| O|  |TAMS 0x000000008b100000, 0x000000008b200000| Untracked 
| 178|0x000000008b200000, 0x000000008b300000, 0x000000008b300000|100%| O|  |TAMS 0x000000008b200000, 0x000000008b300000| Untracked 
| 179|0x000000008b300000, 0x000000008b400000, 0x000000008b400000|100%| O|  |TAMS 0x000000008b300000, 0x000000008b400000| Untracked 
| 180|0x000000008b400000, 0x000000008b500000, 0x000000008b500000|100%| O|  |TAMS 0x000000008b400000, 0x000000008b500000| Untracked 
| 181|0x000000008b500000, 0x000000008b600000, 0x000000008b600000|100%| O|  |TAMS 0x000000008b500000, 0x000000008b600000| Untracked 
| 182|0x000000008b600000, 0x000000008b700000, 0x000000008b700000|100%| O|  |TAMS 0x000000008b600000, 0x000000008b700000| Untracked 
| 183|0x000000008b700000, 0x000000008b800000, 0x000000008b800000|100%| O|  |TAMS 0x000000008b700000, 0x000000008b800000| Untracked 
| 184|0x000000008b800000, 0x000000008b900000, 0x000000008b900000|100%| O|  |TAMS 0x000000008b800000, 0x000000008b900000| Untracked 
| 185|0x000000008b900000, 0x000000008ba00000, 0x000000008ba00000|100%| O|  |TAMS 0x000000008b900000, 0x000000008ba00000| Untracked 
| 186|0x000000008ba00000, 0x000000008bb00000, 0x000000008bb00000|100%| O|  |TAMS 0x000000008ba00000, 0x000000008bb00000| Untracked 
| 187|0x000000008bb00000, 0x000000008bc00000, 0x000000008bc00000|100%| O|  |TAMS 0x000000008bb00000, 0x000000008bc00000| Untracked 
| 188|0x000000008bc00000, 0x000000008bd00000, 0x000000008bd00000|100%| O|  |TAMS 0x000000008bc00000, 0x000000008bd00000| Untracked 
| 189|0x000000008bd00000, 0x000000008be00000, 0x000000008be00000|100%| O|  |TAMS 0x000000008bd00000, 0x000000008be00000| Untracked 
| 190|0x000000008be00000, 0x000000008bf00000, 0x000000008bf00000|100%| O|  |TAMS 0x000000008be00000, 0x000000008bf00000| Untracked 
| 191|0x000000008bf00000, 0x000000008c000000, 0x000000008c000000|100%| O|  |TAMS 0x000000008bf00000, 0x000000008c000000| Untracked 
| 192|0x000000008c000000, 0x000000008c100000, 0x000000008c100000|100%| O|  |TAMS 0x000000008c000000, 0x000000008c100000| Untracked 
| 193|0x000000008c100000, 0x000000008c200000, 0x000000008c200000|100%| O|  |TAMS 0x000000008c100000, 0x000000008c200000| Untracked 
| 194|0x000000008c200000, 0x000000008c300000, 0x000000008c300000|100%| O|  |TAMS 0x000000008c200000, 0x000000008c300000| Untracked 
| 195|0x000000008c300000, 0x000000008c400000, 0x000000008c400000|100%| O|  |TAMS 0x000000008c300000, 0x000000008c400000| Untracked 
| 196|0x000000008c400000, 0x000000008c500000, 0x000000008c500000|100%| O|  |TAMS 0x000000008c400000, 0x000000008c500000| Untracked 
| 197|0x000000008c500000, 0x000000008c600000, 0x000000008c600000|100%| O|  |TAMS 0x000000008c500000, 0x000000008c600000| Untracked 
| 198|0x000000008c600000, 0x000000008c700000, 0x000000008c700000|100%| O|  |TAMS 0x000000008c600000, 0x000000008c700000| Untracked 
| 199|0x000000008c700000, 0x000000008c800000, 0x000000008c800000|100%| O|  |TAMS 0x000000008c700000, 0x000000008c800000| Untracked 
| 200|0x000000008c800000, 0x000000008c900000, 0x000000008c900000|100%| O|  |TAMS 0x000000008c800000, 0x000000008c900000| Untracked 
| 201|0x000000008c900000, 0x000000008ca00000, 0x000000008ca00000|100%| O|  |TAMS 0x000000008c900000, 0x000000008ca00000| Untracked 
| 202|0x000000008ca00000, 0x000000008cb00000, 0x000000008cb00000|100%| O|  |TAMS 0x000000008ca00000, 0x000000008cb00000| Untracked 
| 203|0x000000008cb00000, 0x000000008cc00000, 0x000000008cc00000|100%| O|  |TAMS 0x000000008cb00000, 0x000000008cc00000| Untracked 
| 204|0x000000008cc00000, 0x000000008cd00000, 0x000000008cd00000|100%| O|  |TAMS 0x000000008cc00000, 0x000000008cd00000| Untracked 
| 205|0x000000008cd00000, 0x000000008ce00000, 0x000000008ce00000|100%| O|  |TAMS 0x000000008cd00000, 0x000000008ce00000| Untracked 
| 206|0x000000008ce00000, 0x000000008cf00000, 0x000000008cf00000|100%| O|  |TAMS 0x000000008ce00000, 0x000000008cf00000| Untracked 
| 207|0x000000008cf00000, 0x000000008d000000, 0x000000008d000000|100%| O|  |TAMS 0x000000008cf00000, 0x000000008d000000| Untracked 
| 208|0x000000008d000000, 0x000000008d100000, 0x000000008d100000|100%| O|  |TAMS 0x000000008d000000, 0x000000008d100000| Untracked 
| 209|0x000000008d100000, 0x000000008d200000, 0x000000008d200000|100%| O|  |TAMS 0x000000008d100000, 0x000000008d200000| Untracked 
| 210|0x000000008d200000, 0x000000008d300000, 0x000000008d300000|100%| O|  |TAMS 0x000000008d200000, 0x000000008d300000| Untracked 
| 211|0x000000008d300000, 0x000000008d400000, 0x000000008d400000|100%|HS|  |TAMS 0x000000008d300000, 0x000000008d400000| Complete 
| 212|0x000000008d400000, 0x000000008d500000, 0x000000008d500000|100%|HC|  |TAMS 0x000000008d400000, 0x000000008d500000| Complete 
| 213|0x000000008d500000, 0x000000008d600000, 0x000000008d600000|100%|HS|  |TAMS 0x000000008d500000, 0x000000008d600000| Complete 
| 214|0x000000008d600000, 0x000000008d700000, 0x000000008d700000|100%|HS|  |TAMS 0x000000008d600000, 0x000000008d700000| Complete 
| 215|0x000000008d700000, 0x000000008d800000, 0x000000008d800000|100%|HS|  |TAMS 0x000000008d700000, 0x000000008d800000| Complete 
| 216|0x000000008d800000, 0x000000008d900000, 0x000000008d900000|100%|HS|  |TAMS 0x000000008d800000, 0x000000008d900000| Complete 
| 217|0x000000008d900000, 0x000000008da00000, 0x000000008da00000|100%|HC|  |TAMS 0x000000008d900000, 0x000000008da00000| Complete 
| 218|0x000000008da00000, 0x000000008db00000, 0x000000008db00000|100%|HS|  |TAMS 0x000000008da00000, 0x000000008db00000| Complete 
| 219|0x000000008db00000, 0x000000008dc00000, 0x000000008dc00000|100%|HC|  |TAMS 0x000000008db00000, 0x000000008dc00000| Complete 
| 220|0x000000008dc00000, 0x000000008dd00000, 0x000000008dd00000|100%| O|  |TAMS 0x000000008dc00000, 0x000000008dd00000| Untracked 
| 221|0x000000008dd00000, 0x000000008de00000, 0x000000008de00000|100%| O|  |TAMS 0x000000008dd00000, 0x000000008de00000| Untracked 
| 222|0x000000008de00000, 0x000000008df00000, 0x000000008df00000|100%| O|  |TAMS 0x000000008de00000, 0x000000008df00000| Untracked 
| 223|0x000000008df00000, 0x000000008e000000, 0x000000008e000000|100%| O|  |TAMS 0x000000008df00000, 0x000000008e000000| Untracked 
| 224|0x000000008e000000, 0x000000008e100000, 0x000000008e100000|100%| O|  |TAMS 0x000000008e000000, 0x000000008e100000| Untracked 
| 225|0x000000008e100000, 0x000000008e200000, 0x000000008e200000|100%| O|  |TAMS 0x000000008e100000, 0x000000008e200000| Untracked 
| 226|0x000000008e200000, 0x000000008e300000, 0x000000008e300000|100%|HS|  |TAMS 0x000000008e200000, 0x000000008e300000| Complete 
| 227|0x000000008e300000, 0x000000008e400000, 0x000000008e400000|100%|HC|  |TAMS 0x000000008e300000, 0x000000008e400000| Complete 
| 228|0x000000008e400000, 0x000000008e500000, 0x000000008e500000|100%|HC|  |TAMS 0x000000008e400000, 0x000000008e500000| Complete 
| 229|0x000000008e500000, 0x000000008e600000, 0x000000008e600000|100%|HS|  |TAMS 0x000000008e500000, 0x000000008e600000| Complete 
| 230|0x000000008e600000, 0x000000008e700000, 0x000000008e700000|100%|HS|  |TAMS 0x000000008e600000, 0x000000008e700000| Complete 
| 231|0x000000008e700000, 0x000000008e800000, 0x000000008e800000|100%|HS|  |TAMS 0x000000008e700000, 0x000000008e800000| Complete 
| 232|0x000000008e800000, 0x000000008e900000, 0x000000008e900000|100%| O|  |TAMS 0x000000008e800000, 0x000000008e900000| Untracked 
| 233|0x000000008e900000, 0x000000008ea00000, 0x000000008ea00000|100%| O|  |TAMS 0x000000008e900000, 0x000000008ea00000| Untracked 
| 234|0x000000008ea00000, 0x000000008eb00000, 0x000000008eb00000|100%| O|  |TAMS 0x000000008ea00000, 0x000000008eb00000| Untracked 
| 235|0x000000008eb00000, 0x000000008ec00000, 0x000000008ec00000|100%| O|  |TAMS 0x000000008eb00000, 0x000000008ec00000| Untracked 
| 236|0x000000008ec00000, 0x000000008ed00000, 0x000000008ed00000|100%| O|  |TAMS 0x000000008ec00000, 0x000000008ed00000| Untracked 
| 237|0x000000008ed00000, 0x000000008ee00000, 0x000000008ee00000|100%| O|  |TAMS 0x000000008ed00000, 0x000000008ee00000| Untracked 
| 238|0x000000008ee00000, 0x000000008ef00000, 0x000000008ef00000|100%|HS|  |TAMS 0x000000008ee00000, 0x000000008ef00000| Complete 
| 239|0x000000008ef00000, 0x000000008f000000, 0x000000008f000000|100%|HC|  |TAMS 0x000000008ef00000, 0x000000008f000000| Complete 
| 240|0x000000008f000000, 0x000000008f100000, 0x000000008f100000|100%|HC|  |TAMS 0x000000008f000000, 0x000000008f100000| Complete 
| 241|0x000000008f100000, 0x000000008f200000, 0x000000008f200000|100%|HS|  |TAMS 0x000000008f100000, 0x000000008f200000| Complete 
| 242|0x000000008f200000, 0x000000008f200000, 0x000000008f300000|  0%| F|  |TAMS 0x000000008f200000, 0x000000008f200000| Untracked 
| 243|0x000000008f300000, 0x000000008f300000, 0x000000008f400000|  0%| F|  |TAMS 0x000000008f300000, 0x000000008f300000| Untracked 
| 244|0x000000008f400000, 0x000000008f500000, 0x000000008f500000|100%|HS|  |TAMS 0x000000008f400000, 0x000000008f500000| Complete 
| 245|0x000000008f500000, 0x000000008f600000, 0x000000008f600000|100%|HC|  |TAMS 0x000000008f500000, 0x000000008f600000| Complete 
| 246|0x000000008f600000, 0x000000008f600000, 0x000000008f700000|  0%| F|  |TAMS 0x000000008f600000, 0x000000008f600000| Untracked 
| 247|0x000000008f700000, 0x000000008f800000, 0x000000008f800000|100%|HS|  |TAMS 0x000000008f700000, 0x000000008f800000| Complete 
| 248|0x000000008f800000, 0x000000008f800000, 0x000000008f900000|  0%| F|  |TAMS 0x000000008f800000, 0x000000008f800000| Untracked 
| 249|0x000000008f900000, 0x000000008fa00000, 0x000000008fa00000|100%|HS|  |TAMS 0x000000008f900000, 0x000000008fa00000| Complete 
| 250|0x000000008fa00000, 0x000000008fb00000, 0x000000008fb00000|100%| O|  |TAMS 0x000000008fa00000, 0x000000008fb00000| Untracked 
| 251|0x000000008fb00000, 0x000000008fc00000, 0x000000008fc00000|100%| O|  |TAMS 0x000000008fb00000, 0x000000008fc00000| Untracked 
| 252|0x000000008fc00000, 0x000000008fd00000, 0x000000008fd00000|100%| O|  |TAMS 0x000000008fc00000, 0x000000008fd00000| Untracked 
| 253|0x000000008fd00000, 0x000000008fe00000, 0x000000008fe00000|100%| O|  |TAMS 0x000000008fd00000, 0x000000008fe00000| Untracked 
| 254|0x000000008fe00000, 0x000000008fef0000, 0x000000008ff00000| 93%| O|  |TAMS 0x000000008fe00000, 0x000000008fef0000| Untracked 
| 255|0x000000008ff00000, 0x000000008ff00000, 0x0000000090000000|  0%| F|  |TAMS 0x000000008ff00000, 0x000000008ff00000| Untracked 
| 256|0x0000000090000000, 0x0000000090000000, 0x0000000090100000|  0%| F|  |TAMS 0x0000000090000000, 0x0000000090000000| Untracked 
| 257|0x0000000090100000, 0x0000000090100000, 0x0000000090200000|  0%| F|  |TAMS 0x0000000090100000, 0x0000000090100000| Untracked 
| 258|0x0000000090200000, 0x0000000090200000, 0x0000000090300000|  0%| F|  |TAMS 0x0000000090200000, 0x0000000090200000| Untracked 
| 259|0x0000000090300000, 0x0000000090300000, 0x0000000090400000|  0%| F|  |TAMS 0x0000000090300000, 0x0000000090300000| Untracked 
| 260|0x0000000090400000, 0x0000000090400000, 0x0000000090500000|  0%| F|  |TAMS 0x0000000090400000, 0x0000000090400000| Untracked 
| 261|0x0000000090500000, 0x0000000090500000, 0x0000000090600000|  0%| F|  |TAMS 0x0000000090500000, 0x0000000090500000| Untracked 
| 262|0x0000000090600000, 0x0000000090600000, 0x0000000090700000|  0%| F|  |TAMS 0x0000000090600000, 0x0000000090600000| Untracked 
| 263|0x0000000090700000, 0x0000000090700000, 0x0000000090800000|  0%| F|  |TAMS 0x0000000090700000, 0x0000000090700000| Untracked 
| 264|0x0000000090800000, 0x0000000090800000, 0x0000000090900000|  0%| F|  |TAMS 0x0000000090800000, 0x0000000090800000| Untracked 
| 265|0x0000000090900000, 0x0000000090900000, 0x0000000090a00000|  0%| F|  |TAMS 0x0000000090900000, 0x0000000090900000| Untracked 
| 266|0x0000000090a00000, 0x0000000090a00000, 0x0000000090b00000|  0%| F|  |TAMS 0x0000000090a00000, 0x0000000090a00000| Untracked 
| 267|0x0000000090b00000, 0x0000000090b00000, 0x0000000090c00000|  0%| F|  |TAMS 0x0000000090b00000, 0x0000000090b00000| Untracked 
| 268|0x0000000090c00000, 0x0000000090c00000, 0x0000000090d00000|  0%| F|  |TAMS 0x0000000090c00000, 0x0000000090c00000| Untracked 
| 269|0x0000000090d00000, 0x0000000090d00000, 0x0000000090e00000|  0%| F|  |TAMS 0x0000000090d00000, 0x0000000090d00000| Untracked 
| 270|0x0000000090e00000, 0x0000000090e00000, 0x0000000090f00000|  0%| F|  |TAMS 0x0000000090e00000, 0x0000000090e00000| Untracked 
| 271|0x0000000090f00000, 0x0000000090f00000, 0x0000000091000000|  0%| F|  |TAMS 0x0000000090f00000, 0x0000000090f00000| Untracked 
| 272|0x0000000091000000, 0x0000000091000000, 0x0000000091100000|  0%| F|  |TAMS 0x0000000091000000, 0x0000000091000000| Untracked 
| 273|0x0000000091100000, 0x0000000091100000, 0x0000000091200000|  0%| F|  |TAMS 0x0000000091100000, 0x0000000091100000| Untracked 
| 274|0x0000000091200000, 0x0000000091200000, 0x0000000091300000|  0%| F|  |TAMS 0x0000000091200000, 0x0000000091200000| Untracked 
| 275|0x0000000091300000, 0x0000000091300000, 0x0000000091400000|  0%| F|  |TAMS 0x0000000091300000, 0x0000000091300000| Untracked 
| 276|0x0000000091400000, 0x0000000091400000, 0x0000000091500000|  0%| F|  |TAMS 0x0000000091400000, 0x0000000091400000| Untracked 
| 277|0x0000000091500000, 0x0000000091500000, 0x0000000091600000|  0%| F|  |TAMS 0x0000000091500000, 0x0000000091500000| Untracked 
| 278|0x0000000091600000, 0x0000000091600000, 0x0000000091700000|  0%| F|  |TAMS 0x0000000091600000, 0x0000000091600000| Untracked 
| 279|0x0000000091700000, 0x0000000091700000, 0x0000000091800000|  0%| F|  |TAMS 0x0000000091700000, 0x0000000091700000| Untracked 
| 280|0x0000000091800000, 0x0000000091800000, 0x0000000091900000|  0%| F|  |TAMS 0x0000000091800000, 0x0000000091800000| Untracked 
| 281|0x0000000091900000, 0x0000000091900000, 0x0000000091a00000|  0%| F|  |TAMS 0x0000000091900000, 0x0000000091900000| Untracked 
| 282|0x0000000091a00000, 0x0000000091a00000, 0x0000000091b00000|  0%| F|  |TAMS 0x0000000091a00000, 0x0000000091a00000| Untracked 
| 283|0x0000000091b00000, 0x0000000091b00000, 0x0000000091c00000|  0%| F|  |TAMS 0x0000000091b00000, 0x0000000091b00000| Untracked 
| 284|0x0000000091c00000, 0x0000000091c00000, 0x0000000091d00000|  0%| F|  |TAMS 0x0000000091c00000, 0x0000000091c00000| Untracked 
| 285|0x0000000091d00000, 0x0000000091d00000, 0x0000000091e00000|  0%| F|  |TAMS 0x0000000091d00000, 0x0000000091d00000| Untracked 
| 286|0x0000000091e00000, 0x0000000091e00000, 0x0000000091f00000|  0%| F|  |TAMS 0x0000000091e00000, 0x0000000091e00000| Untracked 
| 287|0x0000000091f00000, 0x0000000091f00000, 0x0000000092000000|  0%| F|  |TAMS 0x0000000091f00000, 0x0000000091f00000| Untracked 
| 288|0x0000000092000000, 0x0000000092097e30, 0x0000000092100000| 59%| S|CS|TAMS 0x0000000092000000, 0x0000000092000000| Complete 
| 289|0x0000000092100000, 0x0000000092200000, 0x0000000092200000|100%| S|CS|TAMS 0x0000000092100000, 0x0000000092100000| Complete 
| 290|0x0000000092200000, 0x0000000092300000, 0x0000000092300000|100%| S|CS|TAMS 0x0000000092200000, 0x0000000092200000| Complete 
| 291|0x0000000092300000, 0x0000000092300000, 0x0000000092400000|  0%| F|  |TAMS 0x0000000092300000, 0x0000000092300000| Untracked 
| 292|0x0000000092400000, 0x0000000092400000, 0x0000000092500000|  0%| F|  |TAMS 0x0000000092400000, 0x0000000092400000| Untracked 
| 293|0x0000000092500000, 0x0000000092500000, 0x0000000092600000|  0%| F|  |TAMS 0x0000000092500000, 0x0000000092500000| Untracked 
| 294|0x0000000092600000, 0x0000000092600000, 0x0000000092700000|  0%| F|  |TAMS 0x0000000092600000, 0x0000000092600000| Untracked 
| 295|0x0000000092700000, 0x0000000092700000, 0x0000000092800000|  0%| F|  |TAMS 0x0000000092700000, 0x0000000092700000| Untracked 
| 296|0x0000000092800000, 0x0000000092800000, 0x0000000092900000|  0%| F|  |TAMS 0x0000000092800000, 0x0000000092800000| Untracked 
| 297|0x0000000092900000, 0x0000000092900000, 0x0000000092a00000|  0%| F|  |TAMS 0x0000000092900000, 0x0000000092900000| Untracked 
| 298|0x0000000092a00000, 0x0000000092a00000, 0x0000000092b00000|  0%| F|  |TAMS 0x0000000092a00000, 0x0000000092a00000| Untracked 
| 299|0x0000000092b00000, 0x0000000092b00000, 0x0000000092c00000|  0%| F|  |TAMS 0x0000000092b00000, 0x0000000092b00000| Untracked 
| 300|0x0000000092c00000, 0x0000000092c00000, 0x0000000092d00000|  0%| F|  |TAMS 0x0000000092c00000, 0x0000000092c00000| Untracked 
| 301|0x0000000092d00000, 0x0000000092d00000, 0x0000000092e00000|  0%| F|  |TAMS 0x0000000092d00000, 0x0000000092d00000| Untracked 
| 302|0x0000000092e00000, 0x0000000092e00000, 0x0000000092f00000|  0%| F|  |TAMS 0x0000000092e00000, 0x0000000092e00000| Untracked 
| 303|0x0000000092f00000, 0x0000000092f00000, 0x0000000093000000|  0%| F|  |TAMS 0x0000000092f00000, 0x0000000092f00000| Untracked 
| 304|0x0000000093000000, 0x0000000093000000, 0x0000000093100000|  0%| F|  |TAMS 0x0000000093000000, 0x0000000093000000| Untracked 
| 305|0x0000000093100000, 0x0000000093100000, 0x0000000093200000|  0%| F|  |TAMS 0x0000000093100000, 0x0000000093100000| Untracked 
| 306|0x0000000093200000, 0x0000000093200000, 0x0000000093300000|  0%| F|  |TAMS 0x0000000093200000, 0x0000000093200000| Untracked 
| 307|0x0000000093300000, 0x0000000093300000, 0x0000000093400000|  0%| F|  |TAMS 0x0000000093300000, 0x0000000093300000| Untracked 
| 308|0x0000000093400000, 0x0000000093400000, 0x0000000093500000|  0%| F|  |TAMS 0x0000000093400000, 0x0000000093400000| Untracked 
| 309|0x0000000093500000, 0x0000000093500000, 0x0000000093600000|  0%| F|  |TAMS 0x0000000093500000, 0x0000000093500000| Untracked 
| 310|0x0000000093600000, 0x0000000093600000, 0x0000000093700000|  0%| F|  |TAMS 0x0000000093600000, 0x0000000093600000| Untracked 
| 311|0x0000000093700000, 0x0000000093700000, 0x0000000093800000|  0%| F|  |TAMS 0x0000000093700000, 0x0000000093700000| Untracked 
| 312|0x0000000093800000, 0x0000000093800000, 0x0000000093900000|  0%| F|  |TAMS 0x0000000093800000, 0x0000000093800000| Untracked 
| 313|0x0000000093900000, 0x0000000093900000, 0x0000000093a00000|  0%| F|  |TAMS 0x0000000093900000, 0x0000000093900000| Untracked 
| 314|0x0000000093a00000, 0x0000000093a00000, 0x0000000093b00000|  0%| F|  |TAMS 0x0000000093a00000, 0x0000000093a00000| Untracked 
| 315|0x0000000093b00000, 0x0000000093b00000, 0x0000000093c00000|  0%| F|  |TAMS 0x0000000093b00000, 0x0000000093b00000| Untracked 
| 316|0x0000000093c00000, 0x0000000093c00000, 0x0000000093d00000|  0%| F|  |TAMS 0x0000000093c00000, 0x0000000093c00000| Untracked 

Card table byte_map: [0x000001efb9330000,0x000001efb9730000] _byte_map_base: 0x000001efb8f30000

Marking Bits (Prev, Next): (CMBitMap*) 0x000001efa178c280, (CMBitMap*) 0x000001efa178c248
 Prev Bits: [0x000001efbbb30000, 0x000001efbdb30000)
 Next Bits: [0x000001efb9b30000, 0x000001efbbb30000)

Polling page: 0x000001ef9f5a0000

Metaspace:

Usage:
  Non-class:    110.17 MB capacity,   107.47 MB ( 98%) used,     2.23 MB (  2%) free+waste,   483.25 KB ( <1%) overhead. 
      Class:     17.38 MB capacity,    15.78 MB ( 91%) used,     1.38 MB (  8%) free+waste,   227.44 KB (  1%) overhead. 
       Both:    127.56 MB capacity,   123.26 MB ( 97%) used,     3.61 MB (  3%) free+waste,   710.69 KB ( <1%) overhead. 

Virtual space:
  Non-class space:      112.00 MB reserved,     110.25 MB ( 98%) committed 
      Class space:        1.00 GB reserved,      17.50 MB (  2%) committed 
             Both:        1.11 GB reserved,     127.75 MB ( 11%) committed 

Chunk freelists:
   Non-Class:  1.63 KB
       Class:  2.88 KB
        Both:  4.50 KB

CodeHeap 'non-profiled nmethods': size=120000Kb used=11892Kb max_used=11892Kb free=108107Kb
 bounds [0x000001efb16d0000, 0x000001efb2270000, 0x000001efb8c00000]
CodeHeap 'profiled nmethods': size=120000Kb used=38229Kb max_used=38229Kb free=81770Kb
 bounds [0x000001efaa1a0000, 0x000001efac710000, 0x000001efb16d0000]
CodeHeap 'non-nmethods': size=5760Kb used=2343Kb max_used=2403Kb free=3416Kb
 bounds [0x000001efa9c00000, 0x000001efa9e70000, 0x000001efaa1a0000]
 total_blobs=18192 nmethods=17234 adapters=868
 compilation: enabled
              stopped_count=0, restarted_count=0
 full_count=0

Compilation events (10 events):
Event: 42.489 Thread 0x000001efc0e13000 18934       3       com.android.tools.r8.internal.x::<init> (5 bytes)
Event: 42.489 Thread 0x000001efc0e13000 nmethod 18934 0x000001efac701c90 code [0x000001efac701e40, 0x000001efac701ff8]
Event: 42.489 Thread 0x000001efc0e13000 18935       3       com.android.tools.r8.internal.n8::e (8 bytes)
Event: 42.489 Thread 0x000001efc0e13000 nmethod 18935 0x000001efac702110 code [0x000001efac7022a0, 0x000001efac7023b8]
Event: 42.490 Thread 0x000001efc0e13000 18936       3       com.android.tools.r8.internal.va::<init> (42 bytes)
Event: 42.490 Thread 0x000001efc0e13000 nmethod 18936 0x000001efac702490 code [0x000001efac702640, 0x000001efac7027b8]
Event: 42.491 Thread 0x000001efc0e13000 18937       3       com.android.tools.r8.internal.Ah::<init> (89 bytes)
Event: 42.492 Thread 0x000001efc0e13000 nmethod 18937 0x000001efac702890 code [0x000001efac702b00, 0x000001efac703478]
Event: 42.492 Thread 0x000001efc0e13000 18938       3       com.android.tools.r8.internal.ve::a (73 bytes)
Event: 42.494 Thread 0x000001efc0e13000 nmethod 18938 0x000001efac703790 code [0x000001efac703ac0, 0x000001efac704878]

GC Heap History (10 events):
Event: 41.856 GC heap after
{Heap after GC invocations=76 (full 0):
 garbage-first heap   total 270336K, used 215629K [0x0000000080000000, 0x0000000100000000)
  region size 1024K, 3 young (3072K), 3 survivors (3072K)
 Metaspace       used 124664K, capacity 128999K, committed 129152K, reserved 1161216K
  class space    used 15842K, capacity 17463K, committed 17536K, reserved 1048576K
}
Event: 41.983 GC heap before
{Heap before GC invocations=76 (full 0):
 garbage-first heap   total 270336K, used 234061K [0x0000000080000000, 0x0000000100000000)
  region size 1024K, 21 young (21504K), 3 survivors (3072K)
 Metaspace       used 124804K, capacity 129133K, committed 129408K, reserved 1161216K
  class space    used 15856K, capacity 17464K, committed 17536K, reserved 1048576K
}
Event: 41.990 GC heap after
{Heap after GC invocations=77 (full 0):
 garbage-first heap   total 324608K, used 218731K [0x0000000080000000, 0x0000000100000000)
  region size 1024K, 3 young (3072K), 3 survivors (3072K)
 Metaspace       used 124804K, capacity 129133K, committed 129408K, reserved 1161216K
  class space    used 15856K, capacity 17464K, committed 17536K, reserved 1048576K
}
Event: 42.144 GC heap before
{Heap before GC invocations=77 (full 0):
 garbage-first heap   total 324608K, used 258667K [0x0000000080000000, 0x0000000100000000)
  region size 1024K, 43 young (44032K), 3 survivors (3072K)
 Metaspace       used 125477K, capacity 129819K, committed 130048K, reserved 1161216K
  class space    used 15953K, capacity 17557K, committed 17664K, reserved 1048576K
}
Event: 42.151 GC heap after
{Heap after GC invocations=78 (full 0):
 garbage-first heap   total 324608K, used 221363K [0x0000000080000000, 0x0000000100000000)
  region size 1024K, 6 young (6144K), 6 survivors (6144K)
 Metaspace       used 125477K, capacity 129819K, committed 130048K, reserved 1161216K
  class space    used 15953K, capacity 17557K, committed 17664K, reserved 1048576K
}
Event: 42.301 GC heap before
{Heap before GC invocations=78 (full 0):
 garbage-first heap   total 324608K, used 271539K [0x0000000080000000, 0x0000000100000000)
  region size 1024K, 47 young (48128K), 6 survivors (6144K)
 Metaspace       used 126198K, capacity 130619K, committed 130816K, reserved 1163264K
  class space    used 16162K, capacity 17801K, committed 17920K, reserved 1048576K
}
Event: 42.309 GC heap after
{Heap after GC invocations=79 (full 0):
 garbage-first heap   total 324608K, used 236969K [0x0000000080000000, 0x0000000100000000)
  region size 1024K, 6 young (6144K), 6 survivors (6144K)
 Metaspace       used 126198K, capacity 130619K, committed 130816K, reserved 1163264K
  class space    used 16162K, capacity 17801K, committed 17920K, reserved 1048576K
}
Event: 42.411 GC heap before
{Heap before GC invocations=79 (full 0):
 garbage-first heap   total 324608K, used 276905K [0x0000000080000000, 0x0000000100000000)
  region size 1024K, 40 young (40960K), 6 survivors (6144K)
 Metaspace       used 126205K, capacity 130619K, committed 130816K, reserved 1163264K
  class space    used 16162K, capacity 17801K, committed 17920K, reserved 1048576K
}
Event: 42.415 GC heap after
{Heap after GC invocations=80 (full 0):
 garbage-first heap   total 324608K, used 247612K [0x0000000080000000, 0x0000000100000000)
  region size 1024K, 5 young (5120K), 5 survivors (5120K)
 Metaspace       used 126205K, capacity 130619K, committed 130816K, reserved 1163264K
  class space    used 16162K, capacity 17801K, committed 17920K, reserved 1048576K
}
Event: 42.495 GC heap before
{Heap before GC invocations=80 (full 0):
 garbage-first heap   total 324608K, used 284476K [0x0000000080000000, 0x0000000100000000)
  region size 1024K, 31 young (31744K), 5 survivors (5120K)
 Metaspace       used 126213K, capacity 130620K, committed 130816K, reserved 1163264K
  class space    used 16162K, capacity 17801K, committed 17920K, reserved 1048576K
}

Deoptimization events (10 events):
Event: 42.037 Thread 0x000001efc9488000 Uncommon trap: reason=unstable_if action=reinterpret pc=0x000001efb1d341a4 method=sun.nio.fs.WindowsPathParser.parse(Ljava/lang/String;Z)Lsun/nio/fs/WindowsPathParser$Result; @ 45 c2
Event: 42.059 Thread 0x000001efc9488000 Uncommon trap: reason=unstable_if action=reinterpret pc=0x000001efb1da5478 method=java.lang.String.indexOf([BBILjava/lang/String;I)I @ 54 c2
Event: 42.059 Thread 0x000001efc9488000 Uncommon trap: reason=unstable_if action=reinterpret pc=0x000001efb1d44cac method=java.lang.String.indexOf([BBILjava/lang/String;I)I @ 54 c2
Event: 42.059 Thread 0x000001efc9488000 Uncommon trap: reason=unstable_if action=reinterpret pc=0x000001efb1f405dc method=sun.nio.fs.WindowsPath.getFileName()Ljava/nio/file/Path; @ 45 c2
Event: 42.241 Thread 0x000001efc9485800 Uncommon trap: reason=array_check action=maybe_recompile pc=0x000001efb21845c4 method=java.util.TimSort.reverseRange([Ljava/lang/Object;II)V @ 27 c2
Event: 42.318 Thread 0x000001efc2f03800 Uncommon trap: reason=speculate_class_check action=maybe_recompile pc=0x000001efb1c8c468 method=java.util.AbstractList.listIterator()Ljava/util/ListIterator; @ 2 c2
Event: 42.408 Thread 0x000001efc9487800 Uncommon trap: reason=profile_predicate action=maybe_recompile pc=0x000001efb22588f0 method=java.util.regex.Pattern$SliceU.match(Ljava/util/regex/Matcher;ILjava/lang/CharSequence;)Z @ 18 c2
Event: 42.408 Thread 0x000001efc9487800 Uncommon trap: reason=profile_predicate action=maybe_recompile pc=0x000001efb22588f0 method=java.util.regex.Pattern$SliceU.match(Ljava/util/regex/Matcher;ILjava/lang/CharSequence;)Z @ 18 c2
Event: 42.408 Thread 0x000001efc9487800 Uncommon trap: reason=profile_predicate action=maybe_recompile pc=0x000001efb22588f0 method=java.util.regex.Pattern$SliceU.match(Ljava/util/regex/Matcher;ILjava/lang/CharSequence;)Z @ 18 c2
Event: 42.408 Thread 0x000001efc9487800 Uncommon trap: reason=profile_predicate action=maybe_recompile pc=0x000001efb22588f0 method=java.util.regex.Pattern$SliceU.match(Ljava/util/regex/Matcher;ILjava/lang/CharSequence;)Z @ 18 c2

Classes redefined (0 events):
No events

Internal exceptions (10 events):
Event: 41.543 Thread 0x000001efc9489000 Exception <a 'sun/nio/fs/WindowsException'{0x0000000090532120}> (0x0000000090532120) thrown at [./open/src/hotspot/share/prims/jni.cpp, line 611]
Event: 41.543 Thread 0x000001efc9487800 Exception <a 'sun/nio/fs/WindowsException'{0x000000009058a958}> (0x000000009058a958) thrown at [./open/src/hotspot/share/prims/jni.cpp, line 611]
Event: 41.543 Thread 0x000001efc9485800 Exception <a 'sun/nio/fs/WindowsException'{0x000000009054cd48}> (0x000000009054cd48) thrown at [./open/src/hotspot/share/prims/jni.cpp, line 611]
Event: 41.543 Thread 0x000001efc948b800 Exception <a 'sun/nio/fs/WindowsException'{0x000000009053a558}> (0x000000009053a558) thrown at [./open/src/hotspot/share/prims/jni.cpp, line 611]
Event: 41.551 Thread 0x000001efc948b800 Exception <a 'sun/nio/fs/WindowsException'{0x00000000905f9d70}> (0x00000000905f9d70) thrown at [./open/src/hotspot/share/prims/jni.cpp, line 611]
Event: 41.998 Thread 0x000001efcbd3d800 Exception <a 'java/lang/NoSuchMethodError'{0x0000000093ccca28}: static Lkotlin/InitializedLazyImpl;.<clinit>()V> (0x0000000093ccca28) thrown at [./open/src/hotspot/share/prims/jni.cpp, line 1366]
Event: 42.020 Thread 0x000001efc9488000 Exception <a 'java/lang/NoSuchMethodError'{0x00000000939a49d8}: java.lang.invoke.DirectMethodHandle$Holder.invokeVirtual(Ljava/lang/Object;Ljava/lang/Object;I)Ljava/lang/Object;> (0x00000000939a49d8) thrown at [./open/src/hotspot/share/interpreter/linkRes
Event: 42.081 Thread 0x000001efc9485800 Exception <a 'sun/nio/fs/WindowsException'{0x000000009288fe90}> (0x000000009288fe90) thrown at [./open/src/hotspot/share/prims/jni.cpp, line 611]
Event: 42.267 Thread 0x000001efc9485800 Exception <a 'sun/nio/fs/WindowsException'{0x0000000091d8ee10}> (0x0000000091d8ee10) thrown at [./open/src/hotspot/share/prims/jni.cpp, line 611]
Event: 42.485 Thread 0x000001efc9487800 Exception <a 'sun/nio/fs/WindowsException'{0x000000009295cdb0}> (0x000000009295cdb0) thrown at [./open/src/hotspot/share/prims/jni.cpp, line 611]

Events (10 events):
Event: 42.408 Thread 0x000001efc9487800 DEOPT UNPACKING pc=0x000001efa9c2662f sp=0x00000092077fdfa8 mode 2
Event: 42.408 Thread 0x000001efc9487800 Uncommon trap: trap_request=0xffffffbe fr.pc=0x000001efb22588f0 relative=0x0000000000000710
Event: 42.408 Thread 0x000001efc9487800 DEOPT PACKING pc=0x000001efb22588f0 sp=0x00000092077fe020
Event: 42.408 Thread 0x000001efc9487800 DEOPT UNPACKING pc=0x000001efa9c2662f sp=0x00000092077fdfa8 mode 2
Event: 42.408 Thread 0x000001efc9487800 Uncommon trap: trap_request=0xffffffbe fr.pc=0x000001efb22588f0 relative=0x0000000000000710
Event: 42.408 Thread 0x000001efc9487800 DEOPT PACKING pc=0x000001efb22588f0 sp=0x00000092077fe020
Event: 42.408 Thread 0x000001efc9487800 DEOPT UNPACKING pc=0x000001efa9c2662f sp=0x00000092077fdfa8 mode 2
Event: 42.411 Executing VM operation: G1CollectForAllocation
Event: 42.415 Executing VM operation: G1CollectForAllocation done
Event: 42.495 Executing VM operation: G1CollectForAllocation


Dynamic libraries:
0x00007ff741f30000 - 0x00007ff741f3f000 	C:\Program Files\Java\jdk-11.0.12\bin\java.exe
0x00007ffa993a0000 - 0x00007ffa99590000 	C:\Windows\SYSTEM32\ntdll.dll
0x00007ffa992a0000 - 0x00007ffa99352000 	C:\Windows\System32\KERNEL32.DLL
0x00007ffa96340000 - 0x00007ffa965e5000 	C:\Windows\System32\KERNELBASE.dll
0x00007ffa971f0000 - 0x00007ffa972ea000 	C:\Windows\System32\ucrtbase.dll
0x00007ffa926d0000 - 0x00007ffa926e8000 	C:\Program Files\Java\jdk-11.0.12\bin\jli.dll
0x00007ffa92440000 - 0x00007ffa92455000 	C:\Program Files\Java\jdk-11.0.12\bin\VCRUNTIME140.dll
0x00007ffa97450000 - 0x00007ffa974f3000 	C:\Windows\System32\ADVAPI32.dll
0x00007ffa983e0000 - 0x00007ffa9847e000 	C:\Windows\System32\msvcrt.dll
0x00007ffa982d0000 - 0x00007ffa98367000 	C:\Windows\System32\sechost.dll
0x00007ffa97ad0000 - 0x00007ffa97bef000 	C:\Windows\System32\RPCRT4.dll
0x00007ffa98080000 - 0x00007ffa98214000 	C:\Windows\System32\USER32.dll
0x00007ffa96310000 - 0x00007ffa96331000 	C:\Windows\System32\win32u.dll
0x00007ffa98dd0000 - 0x00007ffa98df6000 	C:\Windows\System32\GDI32.dll
0x00007ffa96e50000 - 0x00007ffa96fe8000 	C:\Windows\System32\gdi32full.dll
0x00007ffa97010000 - 0x00007ffa970ae000 	C:\Windows\System32\msvcp_win.dll
0x00007ffa84330000 - 0x00007ffa845b4000 	C:\Windows\WinSxS\amd64_microsoft.windows.common-controls_6595b64144ccf1df_6.0.18362.1556_none_9e7e372fe45e41d5\COMCTL32.dll
0x00007ffa97ce0000 - 0x00007ffa98016000 	C:\Windows\System32\combase.dll
0x00007ffa970b0000 - 0x00007ffa97131000 	C:\Windows\System32\bcryptPrimitives.dll
0x00007ffa8e010000 - 0x00007ffa8e01a000 	C:\Windows\SYSTEM32\VERSION.dll
0x00007ffa982a0000 - 0x00007ffa982ce000 	C:\Windows\System32\IMM32.DLL
0x00007ffa897c0000 - 0x00007ffa8985b000 	C:\Program Files\Java\jdk-11.0.12\bin\msvcp140.dll
0x00007ffa57030000 - 0x00007ffa57b2f000 	C:\Program Files\Java\jdk-11.0.12\bin\server\jvm.dll
0x00007ffa98e00000 - 0x00007ffa98e08000 	C:\Windows\System32\PSAPI.DLL
0x00007ffa91560000 - 0x00007ffa91569000 	C:\Windows\SYSTEM32\WSOCK32.dll
0x00007ffa92600000 - 0x00007ffa92624000 	C:\Windows\SYSTEM32\WINMM.dll
0x00007ffa98370000 - 0x00007ffa983df000 	C:\Windows\System32\WS2_32.dll
0x00007ffa925d0000 - 0x00007ffa925fd000 	C:\Windows\SYSTEM32\winmmbase.dll
0x00007ffa971a0000 - 0x00007ffa971ea000 	C:\Windows\System32\cfgmgr32.dll
0x00007ffa96260000 - 0x00007ffa96271000 	C:\Windows\System32\kernel.appcore.dll
0x00007ffa91520000 - 0x00007ffa91530000 	C:\Program Files\Java\jdk-11.0.12\bin\verify.dll
0x00007ffa822c0000 - 0x00007ffa824b4000 	C:\Windows\SYSTEM32\DBGHELP.DLL
0x00007ffa681f0000 - 0x00007ffa6821a000 	C:\Windows\SYSTEM32\dbgcore.DLL
0x00007ffa909d0000 - 0x00007ffa909f8000 	C:\Program Files\Java\jdk-11.0.12\bin\java.dll
0x00007ffa91510000 - 0x00007ffa9151a000 	C:\Program Files\Java\jdk-11.0.12\bin\jimage.dll
0x00007ffa909b0000 - 0x00007ffa909c6000 	C:\Program Files\Java\jdk-11.0.12\bin\zip.dll
0x00007ffa98560000 - 0x00007ffa98c47000 	C:\Windows\System32\SHELL32.dll
0x00007ffa98d20000 - 0x00007ffa98dc8000 	C:\Windows\System32\shcore.dll
0x00007ffa966a0000 - 0x00007ffa96e1b000 	C:\Windows\System32\windows.storage.dll
0x00007ffa962f0000 - 0x00007ffa9630e000 	C:\Windows\System32\profapi.dll
0x00007ffa96280000 - 0x00007ffa962ca000 	C:\Windows\System32\powrprof.dll
0x00007ffa96250000 - 0x00007ffa96260000 	C:\Windows\System32\UMPDC.dll
0x00007ffa98020000 - 0x00007ffa98072000 	C:\Windows\System32\shlwapi.dll
0x00007ffa96ff0000 - 0x00007ffa97007000 	C:\Windows\System32\cryptsp.dll
0x00007ffa90990000 - 0x00007ffa909a9000 	C:\Program Files\Java\jdk-11.0.12\bin\net.dll
0x00007ffa885d0000 - 0x00007ffa886ca000 	C:\Windows\SYSTEM32\WINHTTP.dll
0x00007ffa95a90000 - 0x00007ffa95af7000 	C:\Windows\system32\mswsock.dll
0x00007ffa90860000 - 0x00007ffa90872000 	C:\Program Files\Java\jdk-11.0.12\bin\nio.dll
0x00007ffa8e550000 - 0x00007ffa8e577000 	C:\Users\OmarTaha\.gradle\native\8bec1ad78214c89d9ad589b4d07fe93259594b29d510b10fafb7a158f7737e5d\windows-amd64\native-platform.dll
0x00007ffa8b2c0000 - 0x00007ffa8b3fd000 	C:\Users\OmarTaha\.gradle\native\53dbd7edfb1c66fb8903c78663c9afc45aea4f116125fa6feffd364cf09443e8\windows-amd64\native-platform-file-events.dll
0x00007ffa90850000 - 0x00007ffa90859000 	C:\Program Files\Java\jdk-11.0.12\bin\management.dll
0x00007ffa90840000 - 0x00007ffa9084b000 	C:\Program Files\Java\jdk-11.0.12\bin\management_ext.dll
0x00007ffa95610000 - 0x00007ffa95643000 	C:\Windows\system32\rsaenh.dll
0x00007ffa96e20000 - 0x00007ffa96e46000 	C:\Windows\System32\bcrypt.dll
0x00007ffa96170000 - 0x00007ffa96195000 	C:\Windows\SYSTEM32\USERENV.dll
0x00007ffa95c60000 - 0x00007ffa95c6c000 	C:\Windows\SYSTEM32\CRYPTBASE.dll
0x00007ffa957a0000 - 0x00007ffa957da000 	C:\Windows\SYSTEM32\IPHLPAPI.DLL
0x00007ffa98230000 - 0x00007ffa98238000 	C:\Windows\System32\NSI.dll
0x00007ffa8f430000 - 0x00007ffa8f446000 	C:\Windows\SYSTEM32\dhcpcsvc6.DLL
0x00007ffa8fb60000 - 0x00007ffa8fb7c000 	C:\Windows\SYSTEM32\dhcpcsvc.DLL
0x00007ffa957e0000 - 0x00007ffa958ab000 	C:\Windows\SYSTEM32\DNSAPI.dll

dbghelp: loaded successfully - version: 4.0.5 - missing functions: none
symbol engine: initialized successfully - sym options: 0x614 - pdb path: .;C:\Program Files\Java\jdk-11.0.12\bin;C:\Windows\SYSTEM32;C:\Windows\WinSxS\amd64_microsoft.windows.common-controls_6595b64144ccf1df_6.0.18362.1556_none_9e7e372fe45e41d5;C:\Program Files\Java\jdk-11.0.12\bin\server;C:\Users\OmarTaha\.gradle\native\8bec1ad78214c89d9ad589b4d07fe93259594b29d510b10fafb7a158f7737e5d\windows-amd64;C:\Users\OmarTaha\.gradle\native\53dbd7edfb1c66fb8903c78663c9afc45aea4f116125fa6feffd364cf09443e8\windows-amd64

VM Arguments:
jvm_args: --add-opens=java.base/java.util=ALL-UNNAMED --add-opens=java.base/java.lang=ALL-UNNAMED --add-opens=java.base/java.lang.invoke=ALL-UNNAMED --add-opens=java.base/java.util=ALL-UNNAMED --add-opens=java.prefs/java.util.prefs=ALL-UNNAMED --add-opens=java.prefs/java.util.prefs=ALL-UNNAMED --add-opens=java.base/java.nio.charset=ALL-UNNAMED --add-opens=java.base/java.net=ALL-UNNAMED --add-opens=java.base/java.util.concurrent.atomic=ALL-UNNAMED -Xmx2048m -Dfile.encoding=windows-1252 -Duser.country=US -Duser.language=en -Duser.variant 
java_command: org.gradle.launcher.daemon.bootstrap.GradleDaemon 7.1-rc-1
java_class_path (initial): C:\Users\OmarTaha\.gradle\wrapper\dists\gradle-7.1-rc-1-bin\89hqeppvp8dbb4pzs5e0rkzxn\gradle-7.1-rc-1\lib\gradle-launcher-7.1.jar
Launcher Type: SUN_STANDARD

[Global flags]
     intx CICompilerCount                          = 4                                         {product} {ergonomic}
     uint ConcGCThreads                            = 2                                         {product} {ergonomic}
     uint G1ConcRefinementThreads                  = 8                                         {product} {ergonomic}
   size_t G1HeapRegionSize                         = 1048576                                   {product} {ergonomic}
    uintx GCDrainStackTargetSize                   = 64                                        {product} {ergonomic}
   size_t InitialHeapSize                          = 132120576                                 {product} {ergonomic}
   size_t MarkStackSize                            = 4194304                                   {product} {ergonomic}
   size_t MaxHeapSize                              = 2147483648                                {product} {command line}
   size_t MaxNewSize                               = 1287651328                                {product} {ergonomic}
   size_t MinHeapDeltaBytes                        = 1048576                                   {product} {ergonomic}
    uintx NonNMethodCodeHeapSize                   = 5836300                                {pd product} {ergonomic}
    uintx NonProfiledCodeHeapSize                  = 122910970                              {pd product} {ergonomic}
    uintx ProfiledCodeHeapSize                     = 122910970                              {pd product} {ergonomic}
    uintx ReservedCodeCacheSize                    = 251658240                              {pd product} {ergonomic}
     bool SegmentedCodeCache                       = true                                      {product} {ergonomic}
     bool UseCompressedClassPointers               = true                                 {lp64_product} {ergonomic}
     bool UseCompressedOops                        = true                                 {lp64_product} {ergonomic}
     bool UseG1GC                                  = true                                      {product} {ergonomic}
     bool UseLargePagesIndividualAllocation        = false                                  {pd product} {ergonomic}

Logging:
Log output configuration:
 #0: stdout all=warning uptime,level,tags
 #1: stderr all=off uptime,level,tags

Environment Variables:
JAVA_HOME=C:\Program Files\Java\jdk-11.0.12\bin
PATH=C:\Program Files\Common Files\Oracle\Java\javapath;C:\Program Files (x86)\Common Files\Oracle\Java\javapath;C:\Program Files (x86)\Common Files\Intel\Shared Libraries\redist\intel64\compiler;C:\Program Files\Java\jdk-12.0.2\bin;C:\Windows\system32;C:\Windows;C:\Windows\System32\Wbem;C:\Windows\System32\WindowsPowerShell\v1.0\;C:\Windows\System32\OpenSSH\;C:\Program Files\dotnet\;C:\Program Files\Microsoft SQL Server\120\Tools\Binn\;C:\Program Files\Microsoft SQL Server\120\DTS\Binn\;C:\Program Files\Microsoft SQL Server\Client SDK\ODBC\110\Tools\Binn\;C:\Program Files (x86)\Microsoft SQL Server\120\Tools\Binn\;C:\Program Files (x86)\Microsoft SQL Server\120\Tools\Binn\ManagementStudio\;C:\Program Files (x86)\Microsoft SQL Server\120\DTS\Binn\;C:\Windows\Microsoft.NET\Framework\v3.5;C:\Program Files\Microsoft SQL Server\130\Tools\Binn\;C:\Program Files\Microsoft SQL Server\Client SDK\ODBC\170\Tools\Binn\;C:\Program Files\MATLAB\R2016a\runtime\win64;C:\Program Files\MATLAB\R2016a\bin;C:\Program Files\MATLAB\R2016a\polyspace\bin;C:\Program Files (x86)\dotnet\;C:\sqlite;C:\Program Files\Git\cmd;C:\Users\OmarTaha\AppData\Local\Programs\Python\Python310;C:\Users\OmarTaha\AppData\Local\Programs\Python\Python310\Scripts;C:\Users\OmarTaha\AppData\Local\Programs\Python\Python38-32\Scripts\;C:\Users\OmarTaha\AppData\Local\Programs\Python\Python38-32\;C:\Users\OmarTaha\AppData\Local\Microsoft\WindowsApps;C:\Users\OmarTaha\AppData\Local\Programs\Microsoft VS Code\bin;C:\Users\OmarTaha\.dotnet\tools;C:\Program Files\JetBrains\PyCharm Community Edition 2020.2.4\bin;;C:\Users\OmarTaha\AppData\Local\GitHubDesktop\bin;
USERNAME=OmarTaha
OS=Windows_NT
PROCESSOR_IDENTIFIER=Intel64 Family 6 Model 60 Stepping 3, GenuineIntel



---------------  S Y S T E M  ---------------

OS: Windows 10 , 64 bit Build 18362 (10.0.18362.1500)

CPU:total 8 (initial active 8) (4 cores per cpu, 2 threads per core) family 6 model 60 stepping 3 microcode 0x28, cmov, cx8, fxsr, mmx, sse, sse2, sse3, ssse3, sse4.1, sse4.2, popcnt, avx, avx2, aes, clmul, erms, lzcnt, ht, tsc, tscinvbit, bmi1, bmi2, fma

Memory: 4k page, system-wide physical 7993M (889M free)
TotalPageFile size 13993M (AvailPageFile size 15M)
current process WorkingSet (physical memory assigned to process): 677M, peak: 693M
current process commit charge ("private bytes"): 726M, peak: 797M

vm_info: Java HotSpot(TM) 64-Bit Server VM (11.0.12+8-LTS-237) for windows-amd64 JRE (11.0.12+8-LTS-237), built on Jun  8 2021 11:25:59 by "mach5one" with MS VC++ 15.9 (VS2017)

END.
