#
# There is insufficient memory for the Java Runtime Environment to continue.
# Native memory allocation (mmap) failed to map 32505856 bytes for Failed to commit area from 0x0000000089800000 to 0x000000008b700000 of length 32505856.
# Possible reasons:
#   The system is out of physical RAM or swap space
#   The process is running with CompressedOops enabled, and the Java Heap may be blocking the growth of the native heap
# Possible solutions:
#   Reduce memory load on the system
#   Increase physical memory or swap space
#   Check if swap backing store is full
#   Decrease Java heap size (-Xmx/-Xms)
#   Decrease number of Java threads
#   Decrease Java thread stack sizes (-Xss)
#   Set larger code cache with -XX:ReservedCodeCacheSize=
#   JVM is running with Unscaled Compressed Oops mode in which the Java heap is
#     placed in the first 4GB address space. The Java Heap base address is the
#     maximum limit for the native heap growth. Please use -XX:HeapBaseMinAddress
#     to set the Java Heap base and to place the Java Heap above 4GB virtual address.
# This output file may be truncated or incomplete.
#
#  Out of Memory Error (./src/hotspot/os/windows/os_windows.cpp:3301), pid=9240, tid=3240
#
# JRE version: OpenJDK Runtime Environment (11.0.10) (build 11.0.10+0-b96-7249189)
# Java VM: OpenJDK 64-Bit Server VM (11.0.10+0-b96-7249189, mixed mode, tiered, compressed oops, g1 gc, windows-amd64)
# No core dump will be written. Minidumps are not enabled by default on client versions of Windows
#

---------------  S U M M A R Y ------------

Command Line: --add-opens=java.base/java.util=ALL-UNNAMED --add-opens=java.base/java.lang=ALL-UNNAMED --add-opens=java.base/java.lang.invoke=ALL-UNNAMED --add-opens=java.base/java.util=ALL-UNNAMED --add-opens=java.prefs/java.util.prefs=ALL-UNNAMED --add-opens=java.prefs/java.util.prefs=ALL-UNNAMED --add-opens=java.base/java.nio.charset=ALL-UNNAMED --add-opens=java.base/java.net=ALL-UNNAMED --add-opens=java.base/java.util.concurrent.atomic=ALL-UNNAMED -Xmx2048m -Dfile.encoding=windows-1252 -Duser.country=US -Duser.language=en -Duser.variant org.gradle.launcher.daemon.bootstrap.GradleDaemon 7.1-rc-1

Host: Intel(R) Core(TM) i7-4800MQ CPU @ 2.70GHz, 8 cores, 7G,  Windows 10 , 64 bit Build 18362 (10.0.18362.1500)
Time: Sat Oct  9 07:20:33 2021 Arab Standard Time elapsed time: 22.155395 seconds (0d 0h 0m 22s)

---------------  T H R E A D  ---------------

Current thread (0x000001573bb35000):  VMThread "VM Thread" [stack: 0x0000000e0cc00000,0x0000000e0cd00000] [id=3240]

Stack: [0x0000000e0cc00000,0x0000000e0cd00000]
[error occurred during error reporting (printing stack bounds), id 0xc0000005, EXCEPTION_ACCESS_VIOLATION (0xc0000005) at pc=0x0000015725190f2d]

Native frames: (J=compiled Java code, j=interpreted, Vv=VM code, C=native code)
V  [jvm.dll+0x5ecfaa]
V  [jvm.dll+0x722bd5]
V  [jvm.dll+0x72412d]
V  [jvm.dll+0x724745]
V  [jvm.dll+0x7246fb]
V  [jvm.dll+0x5ec348]
V  [jvm.dll+0x5ecad8]
C  [ntdll.dll+0xa1fff]
C  [ntdll.dll+0x6aad9]
C  [ntdll.dll+0xa0c6e]
C  0x0000015725190f2d

VM_Operation (0x0000000e0eafddc0): G1CollectForAllocation, mode: safepoint, requested by thread 0x000001573da2f800


---------------  P R O C E S S  ---------------

Threads class SMR info:
_java_thread_list=0x0000015743379c90, length=125, elements={
0x00000157216b4800, 0x000001573c361800, 0x000001573c36f800, 0x000001573c3b6800,
0x000001573c3b8800, 0x000001573c3bb800, 0x000001573c3c1000, 0x000001573c3c3000,
0x000001573bb4c000, 0x000001573c530800, 0x000001573e6e4800, 0x000001573c69f800,
0x000001573e73a000, 0x000001573dd9f800, 0x000001573f66d800, 0x000001573e86d000,
0x000001573da2b800, 0x000001573efee800, 0x000001573ef43000, 0x000001573da2e800,
0x000001573da2e000, 0x000001573da2d000, 0x000001573da2f800, 0x000001573da84800,
0x000001573da82000, 0x000001573da85000, 0x000001573da83800, 0x000001573da80800,
0x000001573da86000, 0x000001573da82800, 0x000001573da87000, 0x000001573da81000,
0x000001573da8a000, 0x000001573da89800, 0x000001573da8b000, 0x000001573da8b800,
0x000001573da8c800, 0x000001573da8d800, 0x000001573da88800, 0x000001573fb29000,
0x000001573fb2a000, 0x000001573fb25000, 0x000001573fb26800, 0x000001573fb2a800,
0x000001573fb2b800, 0x000001573fb25800, 0x000001573fb2e800, 0x000001573fb2e000,
0x000001573fb30800, 0x000001573fb32000, 0x000001573fb31000, 0x000001573fb2d000,
0x000001573fb2c800, 0x000001573fb33000, 0x000001573fb33800, 0x000001573fb2f800,
0x000001573fa52800, 0x000001573fa51000, 0x000001573fa54800, 0x000001573fa53800,
0x000001573fa50800, 0x000001573fa52000, 0x000001573fa4e800, 0x000001573fa55000,
0x000001573fa4f800, 0x000001573fa5a000, 0x000001573fa57800, 0x000001573fa58800,
0x000001573fa56000, 0x000001573fa57000, 0x000001573fa5b000, 0x000001573fa5c800,
0x000001573fa5d800, 0x000001573fa59800, 0x000001573fa5b800, 0x000001573e37e000,
0x000001573e382000, 0x000001573e37d000, 0x000001573e37f000, 0x000001573e37f800,
0x000001573e381000, 0x000001573e37c800, 0x000001573e380800, 0x000001573e384800,
0x000001573e385800, 0x000001573e386000, 0x000001573e388000, 0x000001573e387000,
0x000001573e383800, 0x000001573e388800, 0x000001573e383000, 0x000001573e389800,
0x000001573e38a000, 0x000001573e38b000, 0x0000015742b6f800, 0x0000015742b6d000,
0x0000015742b6e800, 0x0000015742b6e000, 0x0000015742b6c000, 0x0000015742b70800,
0x0000015742b71000, 0x0000015742b6b800, 0x0000015742b77800, 0x0000015742b76000,
0x0000015742b72800, 0x0000015742b73800, 0x0000015742b75000, 0x0000015742b74800,
0x0000015742b77000, 0x0000015742b72000, 0x0000015742b78800, 0x0000015742b79800,
0x0000015742b7a000, 0x000001573ed22800, 0x000001573ed27000, 0x000001573ed25800,
0x000001573ed23000, 0x000001573ed28000, 0x000001573ed29000, 0x000001573ed29800,
0x000001573ed24000, 0x000001573fa25800, 0x000001573ed2a800, 0x000001573ed24800,
0x000001573ed2c000
}

Java Threads: ( => current thread )
  0x00000157216b4800 JavaThread "main" [_thread_blocked, id=4396, stack(0x0000000e0c600000,0x0000000e0c700000)]
  0x000001573c361800 JavaThread "Reference Handler" daemon [_thread_blocked, id=10928, stack(0x0000000e0cd00000,0x0000000e0ce00000)]
  0x000001573c36f800 JavaThread "Finalizer" daemon [_thread_blocked, id=10268, stack(0x0000000e0ce00000,0x0000000e0cf00000)]
  0x000001573c3b6800 JavaThread "Signal Dispatcher" daemon [_thread_blocked, id=7160, stack(0x0000000e0cf00000,0x0000000e0d000000)]
  0x000001573c3b8800 JavaThread "Attach Listener" daemon [_thread_blocked, id=2272, stack(0x0000000e0d000000,0x0000000e0d100000)]
  0x000001573c3bb800 JavaThread "Service Thread" daemon [_thread_blocked, id=10808, stack(0x0000000e0d100000,0x0000000e0d200000)]
  0x000001573c3c1000 JavaThread "C2 CompilerThread0" daemon [_thread_blocked, id=13148, stack(0x0000000e0d200000,0x0000000e0d300000)]
  0x000001573c3c3000 JavaThread "C1 CompilerThread0" daemon [_thread_blocked, id=9336, stack(0x0000000e0d300000,0x0000000e0d400000)]
  0x000001573bb4c000 JavaThread "Sweeper thread" daemon [_thread_blocked, id=11252, stack(0x0000000e0d400000,0x0000000e0d500000)]
  0x000001573c530800 JavaThread "Common-Cleaner" daemon [_thread_blocked, id=9920, stack(0x0000000e0d500000,0x0000000e0d600000)]
  0x000001573e6e4800 JavaThread "Daemon health stats" [_thread_blocked, id=12528, stack(0x0000000e0db00000,0x0000000e0dc00000)]
  0x000001573c69f800 JavaThread "Incoming local TCP Connector on port 1080" [_thread_in_native, id=8848, stack(0x0000000e0d700000,0x0000000e0d800000)]
  0x000001573e73a000 JavaThread "Daemon periodic checks" [_thread_blocked, id=11960, stack(0x0000000e0da00000,0x0000000e0db00000)]
  0x000001573dd9f800 JavaThread "Daemon" [_thread_blocked, id=2024, stack(0x0000000e0dc00000,0x0000000e0dd00000)]
  0x000001573f66d800 JavaThread "Handler for socket connection from /127.0.0.1:1080 to /127.0.0.1:1082" [_thread_in_native, id=12140, stack(0x0000000e0dd00000,0x0000000e0de00000)]
  0x000001573e86d000 JavaThread "Cancel handler" [_thread_blocked, id=5368, stack(0x0000000e0de00000,0x0000000e0df00000)]
  0x000001573da2b800 JavaThread "Daemon worker" [_thread_blocked, id=4124, stack(0x0000000e0df00000,0x0000000e0e000000)]
  0x000001573efee800 JavaThread "Asynchronous log dispatcher for DefaultDaemonConnection: socket connection from /127.0.0.1:1080 to /127.0.0.1:1082" [_thread_blocked, id=8184, stack(0x0000000e0e000000,0x0000000e0e100000)]
  0x000001573ef43000 JavaThread "Stdin handler" [_thread_blocked, id=7472, stack(0x0000000e0e100000,0x0000000e0e200000)]
  0x000001573da2e800 JavaThread "Daemon client event forwarder" [_thread_blocked, id=7820, stack(0x0000000e0e200000,0x0000000e0e300000)]
  0x000001573da2e000 JavaThread "Cache worker for journal cache (C:\Users\OmarTaha\.gradle\caches\journal-1)" [_thread_blocked, id=5460, stack(0x0000000e0e800000,0x0000000e0e900000)]
  0x000001573da2d000 JavaThread "File lock request listener" [_thread_in_native, id=1832, stack(0x0000000e0e900000,0x0000000e0ea00000)]
  0x000001573da2f800 JavaThread "Cache worker for file hash cache (C:\Users\OmarTaha\.gradle\caches\7.1-rc-1\fileHashes)" [_thread_blocked, id=11672, stack(0x0000000e0ea00000,0x0000000e0eb00000)]
  0x000001573da84800 JavaThread "Cache worker for file hash cache (C:\Users\OmarTaha\Abdulrahman_folder\GMS\.gradle\7.1-rc-1\fileHashes)" [_thread_blocked, id=1752, stack(0x0000000e0ed00000,0x0000000e0ee00000)]
  0x000001573da82000 JavaThread "File watcher server" daemon [_thread_in_native, id=12752, stack(0x0000000e0ee00000,0x0000000e0ef00000)]
  0x000001573da85000 JavaThread "File watcher consumer" daemon [_thread_blocked, id=3720, stack(0x0000000e0ef00000,0x0000000e0f000000)]
  0x000001573da83800 JavaThread "jar transforms" [_thread_blocked, id=4560, stack(0x0000000e0f000000,0x0000000e0f100000)]
  0x000001573da80800 JavaThread "jar transforms Thread 2" [_thread_blocked, id=10444, stack(0x0000000e0f100000,0x0000000e0f200000)]
  0x000001573da86000 JavaThread "jar transforms Thread 3" [_thread_blocked, id=1872, stack(0x0000000e0f200000,0x0000000e0f300000)]
  0x000001573da82800 JavaThread "jar transforms Thread 4" [_thread_blocked, id=3800, stack(0x0000000e0f300000,0x0000000e0f400000)]
  0x000001573da87000 JavaThread "jar transforms Thread 5" [_thread_blocked, id=11288, stack(0x0000000e0f400000,0x0000000e0f500000)]
  0x000001573da81000 JavaThread "jar transforms Thread 6" [_thread_blocked, id=2576, stack(0x0000000e0f500000,0x0000000e0f600000)]
  0x000001573da8a000 JavaThread "jar transforms Thread 7" [_thread_blocked, id=5884, stack(0x0000000e0f600000,0x0000000e0f700000)]
  0x000001573da89800 JavaThread "jar transforms Thread 8" [_thread_blocked, id=3096, stack(0x0000000e0f700000,0x0000000e0f800000)]
  0x000001573da8b000 JavaThread "Cache worker for checksums cache (C:\Users\OmarTaha\Abdulrahman_folder\GMS\.gradle\checksums)" [_thread_blocked, id=8400, stack(0x0000000e0f900000,0x0000000e0fa00000)]
  0x000001573da8b800 JavaThread "Cache worker for cache directory md-supplier (C:\Users\OmarTaha\.gradle\caches\7.1-rc-1\md-supplier)" [_thread_blocked, id=1908, stack(0x0000000e0fa00000,0x0000000e0fb00000)]
  0x000001573da8c800 JavaThread "Cache worker for cache directory md-rule (C:\Users\OmarTaha\.gradle\caches\7.1-rc-1\md-rule)" [_thread_blocked, id=10584, stack(0x0000000e0fb00000,0x0000000e0fc00000)]
  0x000001573da8d800 JavaThread "Cache worker for execution history cache (C:\Users\OmarTaha\.gradle\caches\7.1-rc-1\executionHistory)" [_thread_blocked, id=5176, stack(0x0000000e0fc00000,0x0000000e0fd00000)]
  0x000001573da88800 JavaThread "Cache worker for file content cache (C:\Users\OmarTaha\.gradle\caches\7.1-rc-1\fileContent)" [_thread_blocked, id=3456, stack(0x0000000e0fd00000,0x0000000e0fe00000)]
  0x000001573fb29000 JavaThread "Cache worker for dependencies-accessors (C:\Users\OmarTaha\Abdulrahman_folder\GMS\.gradle\7.1-rc-1\dependencies-accessors)" [_thread_blocked, id=13344, stack(0x0000000e0fe00000,0x0000000e0ff00000)]
  0x000001573fb2a000 JavaThread "Cache worker for Build Output Cleanup Cache (C:\Users\OmarTaha\Abdulrahman_folder\GMS\.gradle\buildOutputCleanup)" [_thread_blocked, id=12792, stack(0x0000000e0ff00000,0x0000000e10000000)]
  0x000001573fb25000 JavaThread "Unconstrained build operations" [_thread_blocked, id=4000, stack(0x0000000e0ec00000,0x0000000e0ed00000)]
  0x000001573fb26800 JavaThread "Unconstrained build operations Thread 2" [_thread_blocked, id=2040, stack(0x0000000e0f800000,0x0000000e0f900000)]
  0x000001573fb2a800 JavaThread "Unconstrained build operations Thread 3" [_thread_blocked, id=13352, stack(0x0000000e10000000,0x0000000e10100000)]
  0x000001573fb2b800 JavaThread "Unconstrained build operations Thread 4" [_thread_blocked, id=10944, stack(0x0000000e10100000,0x0000000e10200000)]
  0x000001573fb25800 JavaThread "Unconstrained build operations Thread 5" [_thread_blocked, id=3548, stack(0x0000000e10200000,0x0000000e10300000)]
  0x000001573fb2e800 JavaThread "Unconstrained build operations Thread 6" [_thread_blocked, id=908, stack(0x0000000e10300000,0x0000000e10400000)]
  0x000001573fb2e000 JavaThread "Unconstrained build operations Thread 7" [_thread_blocked, id=8904, stack(0x0000000e10400000,0x0000000e10500000)]
  0x000001573fb30800 JavaThread "Unconstrained build operations Thread 8" [_thread_blocked, id=5816, stack(0x0000000e10500000,0x0000000e10600000)]
  0x000001573fb32000 JavaThread "Unconstrained build operations Thread 9" [_thread_blocked, id=3520, stack(0x0000000e10600000,0x0000000e10700000)]
  0x000001573fb31000 JavaThread "Unconstrained build operations Thread 10" [_thread_blocked, id=5876, stack(0x0000000e10700000,0x0000000e10800000)]
  0x000001573fb2d000 JavaThread "Unconstrained build operations Thread 11" [_thread_blocked, id=6732, stack(0x0000000e10800000,0x0000000e10900000)]
  0x000001573fb2c800 JavaThread "Unconstrained build operations Thread 12" [_thread_blocked, id=940, stack(0x0000000e10900000,0x0000000e10a00000)]
  0x000001573fb33000 JavaThread "Unconstrained build operations Thread 13" [_thread_blocked, id=9728, stack(0x0000000e10a00000,0x0000000e10b00000)]
  0x000001573fb33800 JavaThread "Unconstrained build operations Thread 14" [_thread_blocked, id=7908, stack(0x0000000e10b00000,0x0000000e10c00000)]
  0x000001573fb2f800 JavaThread "Unconstrained build operations Thread 15" [_thread_blocked, id=3864, stack(0x0000000e10c00000,0x0000000e10d00000)]
  0x000001573fa52800 JavaThread "Unconstrained build operations Thread 16" [_thread_blocked, id=3680, stack(0x0000000e10d00000,0x0000000e10e00000)]
  0x000001573fa51000 JavaThread "Unconstrained build operations Thread 17" [_thread_blocked, id=10424, stack(0x0000000e10e00000,0x0000000e10f00000)]
  0x000001573fa54800 JavaThread "Unconstrained build operations Thread 18" [_thread_blocked, id=3824, stack(0x0000000e10f00000,0x0000000e11000000)]
  0x000001573fa53800 JavaThread "Unconstrained build operations Thread 19" [_thread_blocked, id=2288, stack(0x0000000e11000000,0x0000000e11100000)]
  0x000001573fa50800 JavaThread "Unconstrained build operations Thread 20" [_thread_blocked, id=12680, stack(0x0000000e11100000,0x0000000e11200000)]
  0x000001573fa52000 JavaThread "Unconstrained build operations Thread 21" [_thread_blocked, id=9200, stack(0x0000000e11200000,0x0000000e11300000)]
  0x000001573fa4e800 JavaThread "Unconstrained build operations Thread 22" [_thread_blocked, id=4636, stack(0x0000000e11300000,0x0000000e11400000)]
  0x000001573fa55000 JavaThread "Unconstrained build operations Thread 23" [_thread_blocked, id=14296, stack(0x0000000e11400000,0x0000000e11500000)]
  0x000001573fa4f800 JavaThread "Unconstrained build operations Thread 24" [_thread_blocked, id=13268, stack(0x0000000e11500000,0x0000000e11600000)]
  0x000001573fa5a000 JavaThread "Unconstrained build operations Thread 25" [_thread_blocked, id=12244, stack(0x0000000e11600000,0x0000000e11700000)]
  0x000001573fa57800 JavaThread "Unconstrained build operations Thread 26" [_thread_blocked, id=7760, stack(0x0000000e11700000,0x0000000e11800000)]
  0x000001573fa58800 JavaThread "Unconstrained build operations Thread 27" [_thread_blocked, id=9840, stack(0x0000000e11800000,0x0000000e11900000)]
  0x000001573fa56000 JavaThread "Unconstrained build operations Thread 28" [_thread_blocked, id=13628, stack(0x0000000e11900000,0x0000000e11a00000)]
  0x000001573fa57000 JavaThread "Unconstrained build operations Thread 29" [_thread_blocked, id=9852, stack(0x0000000e11a00000,0x0000000e11b00000)]
  0x000001573fa5b000 JavaThread "Unconstrained build operations Thread 30" [_thread_blocked, id=9220, stack(0x0000000e11b00000,0x0000000e11c00000)]
  0x000001573fa5c800 JavaThread "Unconstrained build operations Thread 31" [_thread_blocked, id=9796, stack(0x0000000e11c00000,0x0000000e11d00000)]
  0x000001573fa5d800 JavaThread "Unconstrained build operations Thread 32" [_thread_blocked, id=9600, stack(0x0000000e11d00000,0x0000000e11e00000)]
  0x000001573fa59800 JavaThread "Unconstrained build operations Thread 33" [_thread_blocked, id=2692, stack(0x0000000e11e00000,0x0000000e11f00000)]
  0x000001573fa5b800 JavaThread "Unconstrained build operations Thread 34" [_thread_blocked, id=8608, stack(0x0000000e11f00000,0x0000000e12000000)]
  0x000001573e37e000 JavaThread "Unconstrained build operations Thread 35" [_thread_blocked, id=7112, stack(0x0000000e12000000,0x0000000e12100000)]
  0x000001573e382000 JavaThread "Unconstrained build operations Thread 36" [_thread_blocked, id=2224, stack(0x0000000e12100000,0x0000000e12200000)]
  0x000001573e37d000 JavaThread "Unconstrained build operations Thread 37" [_thread_blocked, id=12196, stack(0x0000000e12200000,0x0000000e12300000)]
  0x000001573e37f000 JavaThread "Unconstrained build operations Thread 38" [_thread_blocked, id=14020, stack(0x0000000e12300000,0x0000000e12400000)]
  0x000001573e37f800 JavaThread "Unconstrained build operations Thread 39" [_thread_blocked, id=10820, stack(0x0000000e12400000,0x0000000e12500000)]
  0x000001573e381000 JavaThread "Unconstrained build operations Thread 40" [_thread_blocked, id=2008, stack(0x0000000e12500000,0x0000000e12600000)]
  0x000001573e37c800 JavaThread "Unconstrained build operations Thread 41" [_thread_blocked, id=11012, stack(0x0000000e12600000,0x0000000e12700000)]
  0x000001573e380800 JavaThread "Unconstrained build operations Thread 42" [_thread_blocked, id=9848, stack(0x0000000e12700000,0x0000000e12800000)]
  0x000001573e384800 JavaThread "Unconstrained build operations Thread 43" [_thread_blocked, id=8536, stack(0x0000000e12800000,0x0000000e12900000)]
  0x000001573e385800 JavaThread "Unconstrained build operations Thread 44" [_thread_blocked, id=1132, stack(0x0000000e12900000,0x0000000e12a00000)]
  0x000001573e386000 JavaThread "Unconstrained build operations Thread 45" [_thread_blocked, id=10556, stack(0x0000000e12a00000,0x0000000e12b00000)]
  0x000001573e388000 JavaThread "Unconstrained build operations Thread 46" [_thread_blocked, id=13444, stack(0x0000000e12b00000,0x0000000e12c00000)]
  0x000001573e387000 JavaThread "Unconstrained build operations Thread 47" [_thread_blocked, id=8408, stack(0x0000000e12c00000,0x0000000e12d00000)]
  0x000001573e383800 JavaThread "Unconstrained build operations Thread 48" [_thread_blocked, id=7104, stack(0x0000000e12d00000,0x0000000e12e00000)]
  0x000001573e388800 JavaThread "Unconstrained build operations Thread 49" [_thread_blocked, id=9120, stack(0x0000000e12e00000,0x0000000e12f00000)]
  0x000001573e383000 JavaThread "Unconstrained build operations Thread 50" [_thread_blocked, id=920, stack(0x0000000e12f00000,0x0000000e13000000)]
  0x000001573e389800 JavaThread "Unconstrained build operations Thread 51" [_thread_blocked, id=2088, stack(0x0000000e13000000,0x0000000e13100000)]
  0x000001573e38a000 JavaThread "Unconstrained build operations Thread 52" [_thread_blocked, id=636, stack(0x0000000e13100000,0x0000000e13200000)]
  0x000001573e38b000 JavaThread "Unconstrained build operations Thread 53" [_thread_blocked, id=9764, stack(0x0000000e13200000,0x0000000e13300000)]
  0x0000015742b6f800 JavaThread "Unconstrained build operations Thread 54" [_thread_blocked, id=10224, stack(0x0000000e13300000,0x0000000e13400000)]
  0x0000015742b6d000 JavaThread "Unconstrained build operations Thread 55" [_thread_blocked, id=4544, stack(0x0000000e13400000,0x0000000e13500000)]
  0x0000015742b6e800 JavaThread "Unconstrained build operations Thread 56" [_thread_blocked, id=4344, stack(0x0000000e13500000,0x0000000e13600000)]
  0x0000015742b6e000 JavaThread "Unconstrained build operations Thread 57" [_thread_blocked, id=12884, stack(0x0000000e13600000,0x0000000e13700000)]
  0x0000015742b6c000 JavaThread "Unconstrained build operations Thread 58" [_thread_blocked, id=12480, stack(0x0000000e13700000,0x0000000e13800000)]
  0x0000015742b70800 JavaThread "Unconstrained build operations Thread 59" [_thread_blocked, id=6424, stack(0x0000000e13800000,0x0000000e13900000)]
  0x0000015742b71000 JavaThread "Unconstrained build operations Thread 60" [_thread_blocked, id=9196, stack(0x0000000e13900000,0x0000000e13a00000)]
  0x0000015742b6b800 JavaThread "Unconstrained build operations Thread 61" [_thread_blocked, id=8328, stack(0x0000000e13a00000,0x0000000e13b00000)]
  0x0000015742b77800 JavaThread "Unconstrained build operations Thread 62" [_thread_blocked, id=8736, stack(0x0000000e13b00000,0x0000000e13c00000)]
  0x0000015742b76000 JavaThread "Unconstrained build operations Thread 63" [_thread_blocked, id=11416, stack(0x0000000e13c00000,0x0000000e13d00000)]
  0x0000015742b72800 JavaThread "Unconstrained build operations Thread 64" [_thread_blocked, id=8720, stack(0x0000000e13d00000,0x0000000e13e00000)]
  0x0000015742b73800 JavaThread "Unconstrained build operations Thread 65" [_thread_blocked, id=7008, stack(0x0000000e13e00000,0x0000000e13f00000)]
  0x0000015742b75000 JavaThread "Unconstrained build operations Thread 66" [_thread_blocked, id=4656, stack(0x0000000e13f00000,0x0000000e14000000)]
  0x0000015742b74800 JavaThread "Unconstrained build operations Thread 67" [_thread_blocked, id=12560, stack(0x0000000e14000000,0x0000000e14100000)]
  0x0000015742b77000 JavaThread "Unconstrained build operations Thread 68" [_thread_blocked, id=6240, stack(0x0000000e14100000,0x0000000e14200000)]
  0x0000015742b72000 JavaThread "Unconstrained build operations Thread 69" [_thread_blocked, id=2152, stack(0x0000000e14200000,0x0000000e14300000)]
  0x0000015742b78800 JavaThread "Unconstrained build operations Thread 70" [_thread_blocked, id=8296, stack(0x0000000e14300000,0x0000000e14400000)]
  0x0000015742b79800 JavaThread "Unconstrained build operations Thread 71" [_thread_blocked, id=3268, stack(0x0000000e14400000,0x0000000e14500000)]
  0x0000015742b7a000 JavaThread "Unconstrained build operations Thread 72" [_thread_blocked, id=6640, stack(0x0000000e14500000,0x0000000e14600000)]
  0x000001573ed22800 JavaThread "Unconstrained build operations Thread 73" [_thread_blocked, id=10732, stack(0x0000000e14600000,0x0000000e14700000)]
  0x000001573ed27000 JavaThread "Unconstrained build operations Thread 74" [_thread_blocked, id=6960, stack(0x0000000e14700000,0x0000000e14800000)]
  0x000001573ed25800 JavaThread "Unconstrained build operations Thread 75" [_thread_blocked, id=4628, stack(0x0000000e14800000,0x0000000e14900000)]
  0x000001573ed23000 JavaThread "Unconstrained build operations Thread 76" [_thread_blocked, id=11532, stack(0x0000000e14900000,0x0000000e14a00000)]
  0x000001573ed28000 JavaThread "Unconstrained build operations Thread 77" [_thread_blocked, id=2568, stack(0x0000000e14a00000,0x0000000e14b00000)]
  0x000001573ed29000 JavaThread "Unconstrained build operations Thread 78" [_thread_blocked, id=3540, stack(0x0000000e14b00000,0x0000000e14c00000)]
  0x000001573ed29800 JavaThread "Unconstrained build operations Thread 79" [_thread_blocked, id=3688, stack(0x0000000e14c00000,0x0000000e14d00000)]
  0x000001573ed24000 JavaThread "Unconstrained build operations Thread 80" [_thread_blocked, id=12084, stack(0x0000000e14d00000,0x0000000e14e00000)]
  0x000001573fa25800 JavaThread "C2 CompilerThread1" daemon [_thread_in_native, id=9064, stack(0x0000000e14e00000,0x0000000e14f00000)]
  0x000001573ed2a800 JavaThread "Memory manager" [_thread_blocked, id=3768, stack(0x0000000e15000000,0x0000000e15100000)]
  0x000001573ed24800 JavaThread "pool-3-thread-1" [_thread_blocked, id=9172, stack(0x0000000e15100000,0x0000000e15200000)]
  0x000001573ed2c000 JavaThread "C2 CompilerThread2" daemon [_thread_blocked, id=8896, stack(0x0000000e14f00000,0x0000000e15000000)]

Other Threads:
=>0x000001573bb35000 VMThread "VM Thread" [stack: 0x0000000e0cc00000,0x0000000e0cd00000] [id=3240]
  0x000001573c53b800 WatcherThread [stack: 0x0000000e0d600000,0x0000000e0d700000] [id=8140]
  0x00000157216cc800 GCTaskThread "GC Thread#0" [stack: 0x0000000e0c700000,0x0000000e0c800000] [id=1444]
  0x000001573d48f800 GCTaskThread "GC Thread#1" [stack: 0x0000000e0d800000,0x0000000e0d900000] [id=11884]
  0x000001573d1af800 GCTaskThread "GC Thread#2" [stack: 0x0000000e0d900000,0x0000000e0da00000] [id=88]
  0x000001573e28c800 GCTaskThread "GC Thread#3" [stack: 0x0000000e0e300000,0x0000000e0e400000] [id=13288]
  0x000001573ed42800 GCTaskThread "GC Thread#4" [stack: 0x0000000e0e400000,0x0000000e0e500000] [id=13600]
  0x000001573ea81800 GCTaskThread "GC Thread#5" [stack: 0x0000000e0e500000,0x0000000e0e600000] [id=12204]
  0x000001573e769000 GCTaskThread "GC Thread#6" [stack: 0x0000000e0e600000,0x0000000e0e700000] [id=3176]
  0x000001573dd94000 GCTaskThread "GC Thread#7" [stack: 0x0000000e0e700000,0x0000000e0e800000] [id=1596]
  0x00000157216fe800 ConcurrentGCThread "G1 Main Marker" [stack: 0x0000000e0c800000,0x0000000e0c900000] [id=2420]
  0x0000015721700000 ConcurrentGCThread "G1 Conc#0" [stack: 0x0000000e0c900000,0x0000000e0ca00000] [id=4564]
  0x000001573ddb6800 ConcurrentGCThread "G1 Conc#1" [stack: 0x0000000e0eb00000,0x0000000e0ec00000] [id=10100]
  0x000001573b988800 ConcurrentGCThread "G1 Refine#0" [stack: 0x0000000e0ca00000,0x0000000e0cb00000] [id=11328]
  0x000001572177d800 ConcurrentGCThread "G1 Young RemSet Sampling" [stack: 0x0000000e0cb00000,0x0000000e0cc00000] [id=13160]

Threads with active compile tasks:
C2 CompilerThread0  22181 8509   !   4       org.gradle.api.internal.attributes.DefaultImmutableAttributesFactory::doConcatIsolatable (128 bytes)
C1 CompilerThread0  22181 9237       3       com.google.common.collect.RegularImmutableSortedSet::iterator (5 bytes)
C2 CompilerThread1  22181 8838       4       java.lang.invoke.MemberName::getMethodOrFieldType (72 bytes)
C2 CompilerThread2  22181 9060       4       org.gradle.cache.internal.btree.CachingBlockStore::read (56 bytes)

VM state:at safepoint (normal execution)

VM Mutex/Monitor currently owned by a thread:  ([mutex/lock_event])
[0x00000157216b1650] Threads_lock - owner thread: 0x000001573bb35000
[0x00000157216b0720] Heap_lock - owner thread: 0x000001573da2f800

Heap address: 0x0000000080000000, size: 2048 MB, Compressed Oops mode: 32-bit
Narrow klass base: 0x0000000000000000, Narrow klass shift: 3
Compressed class space size: 1073741824 Address: 0x0000000100000000

Heap:
 garbage-first heap   total 187392K, used 96543K [0x0000000080000000, 0x0000000100000000)
  region size 1024K, 4 young (4096K), 4 survivors (4096K)
 Metaspace       used 89444K, capacity 91987K, committed 92236K, reserved 1128448K
  class space    used 11430K, capacity 12336K, committed 12364K, reserved 1048576K
Heap Regions: E=young(eden), S=young(survivor), O=old, HS=humongous(starts), HC=humongous(continues), CS=collection set, F=free, A=archive, TAMS=top-at-mark-start (previous, next)
|   0|0x0000000080000000, 0x0000000080100000, 0x0000000080100000|100%| O|  |TAMS 0x0000000080100000, 0x0000000080100000| Untracked 
|   1|0x0000000080100000, 0x0000000080200000, 0x0000000080200000|100%| O|  |TAMS 0x0000000080200000, 0x0000000080200000| Untracked 
|   2|0x0000000080200000, 0x0000000080300000, 0x0000000080300000|100%| O|  |TAMS 0x0000000080300000, 0x0000000080300000| Untracked 
|   3|0x0000000080300000, 0x0000000080400000, 0x0000000080400000|100%|HS|  |TAMS 0x0000000080400000, 0x0000000080400000| Complete 
|   4|0x0000000080400000, 0x0000000080500000, 0x0000000080500000|100%|HC|  |TAMS 0x0000000080500000, 0x0000000080500000| Complete 
|   5|0x0000000080500000, 0x0000000080600000, 0x0000000080600000|100%|HC|  |TAMS 0x0000000080600000, 0x0000000080600000| Complete 
|   6|0x0000000080600000, 0x0000000080700000, 0x0000000080700000|100%| O|  |TAMS 0x0000000080700000, 0x0000000080700000| Untracked 
|   7|0x0000000080700000, 0x0000000080800000, 0x0000000080800000|100%| O|  |TAMS 0x0000000080800000, 0x0000000080800000| Untracked 
|   8|0x0000000080800000, 0x0000000080900000, 0x0000000080900000|100%| O|  |TAMS 0x0000000080900000, 0x0000000080900000| Untracked 
|   9|0x0000000080900000, 0x0000000080a00000, 0x0000000080a00000|100%| O|  |TAMS 0x0000000080a00000, 0x0000000080a00000| Untracked 
|  10|0x0000000080a00000, 0x0000000080b00000, 0x0000000080b00000|100%| O|  |TAMS 0x0000000080b00000, 0x0000000080b00000| Untracked 
|  11|0x0000000080b00000, 0x0000000080c00000, 0x0000000080c00000|100%| O|  |TAMS 0x0000000080c00000, 0x0000000080c00000| Untracked 
|  12|0x0000000080c00000, 0x0000000080d00000, 0x0000000080d00000|100%| O|  |TAMS 0x0000000080d00000, 0x0000000080d00000| Untracked 
|  13|0x0000000080d00000, 0x0000000080e00000, 0x0000000080e00000|100%| O|  |TAMS 0x0000000080e00000, 0x0000000080e00000| Untracked 
|  14|0x0000000080e00000, 0x0000000080f00000, 0x0000000080f00000|100%| O|  |TAMS 0x0000000080f00000, 0x0000000080f00000| Untracked 
|  15|0x0000000080f00000, 0x0000000081000000, 0x0000000081000000|100%| O|  |TAMS 0x0000000081000000, 0x0000000081000000| Untracked 
|  16|0x0000000081000000, 0x0000000081100000, 0x0000000081100000|100%|HS|  |TAMS 0x0000000081100000, 0x0000000081100000| Complete 
|  17|0x0000000081100000, 0x0000000081200000, 0x0000000081200000|100%|HC|  |TAMS 0x0000000081200000, 0x0000000081200000| Complete 
|  18|0x0000000081200000, 0x0000000081300000, 0x0000000081300000|100%|HS|  |TAMS 0x0000000081300000, 0x0000000081300000| Complete 
|  19|0x0000000081300000, 0x0000000081400000, 0x0000000081400000|100%|HC|  |TAMS 0x0000000081400000, 0x0000000081400000| Complete 
|  20|0x0000000081400000, 0x0000000081500000, 0x0000000081500000|100%|HC|  |TAMS 0x0000000081500000, 0x0000000081500000| Complete 
|  21|0x0000000081500000, 0x0000000081600000, 0x0000000081600000|100%|HS|  |TAMS 0x0000000081600000, 0x0000000081600000| Complete 
|  22|0x0000000081600000, 0x0000000081700000, 0x0000000081700000|100%|HC|  |TAMS 0x0000000081700000, 0x0000000081700000| Complete 
|  23|0x0000000081700000, 0x0000000081800000, 0x0000000081800000|100%|HC|  |TAMS 0x0000000081800000, 0x0000000081800000| Complete 
|  24|0x0000000081800000, 0x0000000081900000, 0x0000000081900000|100%|HC|  |TAMS 0x0000000081900000, 0x0000000081900000| Complete 
|  25|0x0000000081900000, 0x0000000081a00000, 0x0000000081a00000|100%|HC|  |TAMS 0x0000000081a00000, 0x0000000081a00000| Complete 
|  26|0x0000000081a00000, 0x0000000081b00000, 0x0000000081b00000|100%| O|  |TAMS 0x0000000081b00000, 0x0000000081b00000| Untracked 
|  27|0x0000000081b00000, 0x0000000081c00000, 0x0000000081c00000|100%| O|  |TAMS 0x0000000081c00000, 0x0000000081c00000| Untracked 
|  28|0x0000000081c00000, 0x0000000081d00000, 0x0000000081d00000|100%| O|  |TAMS 0x0000000081d00000, 0x0000000081d00000| Untracked 
|  29|0x0000000081d00000, 0x0000000081e00000, 0x0000000081e00000|100%| O|  |TAMS 0x0000000081e00000, 0x0000000081e00000| Untracked 
|  30|0x0000000081e00000, 0x0000000081f00000, 0x0000000081f00000|100%| O|  |TAMS 0x0000000081f00000, 0x0000000081f00000| Untracked 
|  31|0x0000000081f00000, 0x0000000082000000, 0x0000000082000000|100%| O|  |TAMS 0x0000000082000000, 0x0000000082000000| Untracked 
|  32|0x0000000082000000, 0x0000000082100000, 0x0000000082100000|100%| O|  |TAMS 0x0000000082100000, 0x0000000082100000| Untracked 
|  33|0x0000000082100000, 0x0000000082200000, 0x0000000082200000|100%| O|  |TAMS 0x0000000082200000, 0x0000000082200000| Untracked 
|  34|0x0000000082200000, 0x0000000082300000, 0x0000000082300000|100%|HS|  |TAMS 0x0000000082300000, 0x0000000082300000| Complete 
|  35|0x0000000082300000, 0x0000000082400000, 0x0000000082400000|100%|HC|  |TAMS 0x0000000082400000, 0x0000000082400000| Complete 
|  36|0x0000000082400000, 0x0000000082500000, 0x0000000082500000|100%|HC|  |TAMS 0x0000000082500000, 0x0000000082500000| Complete 
|  37|0x0000000082500000, 0x0000000082600000, 0x0000000082600000|100%|HC|  |TAMS 0x0000000082600000, 0x0000000082600000| Complete 
|  38|0x0000000082600000, 0x0000000082700000, 0x0000000082700000|100%|HC|  |TAMS 0x0000000082700000, 0x0000000082700000| Complete 
|  39|0x0000000082700000, 0x0000000082800000, 0x0000000082800000|100%| O|  |TAMS 0x0000000082800000, 0x0000000082800000| Untracked 
|  40|0x0000000082800000, 0x0000000082900000, 0x0000000082900000|100%| O|  |TAMS 0x0000000082900000, 0x0000000082900000| Untracked 
|  41|0x0000000082900000, 0x0000000082a00000, 0x0000000082a00000|100%| O|  |TAMS 0x0000000082a00000, 0x0000000082a00000| Untracked 
|  42|0x0000000082a00000, 0x0000000082b00000, 0x0000000082b00000|100%| O|  |TAMS 0x0000000082b00000, 0x0000000082b00000| Untracked 
|  43|0x0000000082b00000, 0x0000000082c00000, 0x0000000082c00000|100%|HS|  |TAMS 0x0000000082c00000, 0x0000000082c00000| Complete 
|  44|0x0000000082c00000, 0x0000000082d00000, 0x0000000082d00000|100%|HC|  |TAMS 0x0000000082d00000, 0x0000000082d00000| Complete 
|  45|0x0000000082d00000, 0x0000000082e00000, 0x0000000082e00000|100%|HC|  |TAMS 0x0000000082e00000, 0x0000000082e00000| Complete 
|  46|0x0000000082e00000, 0x0000000082f00000, 0x0000000082f00000|100%| O|  |TAMS 0x0000000082f00000, 0x0000000082f00000| Untracked 
|  47|0x0000000082f00000, 0x0000000083000000, 0x0000000083000000|100%| O|  |TAMS 0x0000000083000000, 0x0000000083000000| Untracked 
|  48|0x0000000083000000, 0x0000000083100000, 0x0000000083100000|100%| O|  |TAMS 0x0000000083100000, 0x0000000083100000| Untracked 
|  49|0x0000000083100000, 0x0000000083200000, 0x0000000083200000|100%| O|  |TAMS 0x0000000083200000, 0x0000000083200000| Untracked 
|  50|0x0000000083200000, 0x0000000083300000, 0x0000000083300000|100%| O|  |TAMS 0x0000000083300000, 0x0000000083300000| Untracked 
|  51|0x0000000083300000, 0x0000000083400000, 0x0000000083400000|100%| O|  |TAMS 0x0000000083400000, 0x0000000083400000| Untracked 
|  52|0x0000000083400000, 0x0000000083500000, 0x0000000083500000|100%| O|  |TAMS 0x0000000083500000, 0x0000000083500000| Untracked 
|  53|0x0000000083500000, 0x0000000083600000, 0x0000000083600000|100%|HS|  |TAMS 0x0000000083600000, 0x0000000083600000| Complete 
|  54|0x0000000083600000, 0x0000000083700000, 0x0000000083700000|100%|HS|  |TAMS 0x0000000083700000, 0x0000000083700000| Complete 
|  55|0x0000000083700000, 0x0000000083800000, 0x0000000083800000|100%|HS|  |TAMS 0x0000000083800000, 0x0000000083800000| Complete 
|  56|0x0000000083800000, 0x0000000083900000, 0x0000000083900000|100%|HC|  |TAMS 0x0000000083900000, 0x0000000083900000| Complete 
|  57|0x0000000083900000, 0x0000000083a00000, 0x0000000083a00000|100%| O|  |TAMS 0x0000000083a00000, 0x0000000083a00000| Untracked 
|  58|0x0000000083a00000, 0x0000000083b00000, 0x0000000083b00000|100%| O|  |TAMS 0x0000000083b00000, 0x0000000083b00000| Untracked 
|  59|0x0000000083b00000, 0x0000000083c00000, 0x0000000083c00000|100%| O|  |TAMS 0x0000000083c00000, 0x0000000083c00000| Untracked 
|  60|0x0000000083c00000, 0x0000000083d00000, 0x0000000083d00000|100%| O|  |TAMS 0x0000000083d00000, 0x0000000083d00000| Untracked 
|  61|0x0000000083d00000, 0x0000000083e00000, 0x0000000083e00000|100%| O|  |TAMS 0x0000000083e00000, 0x0000000083e00000| Untracked 
|  62|0x0000000083e00000, 0x0000000083f00000, 0x0000000083f00000|100%| O|  |TAMS 0x0000000083f00000, 0x0000000083f00000| Untracked 
|  63|0x0000000083f00000, 0x0000000084000000, 0x0000000084000000|100%| O|  |TAMS 0x0000000084000000, 0x0000000084000000| Untracked 
|  64|0x0000000084000000, 0x0000000084100000, 0x0000000084100000|100%| O|  |TAMS 0x0000000084100000, 0x0000000084100000| Untracked 
|  65|0x0000000084100000, 0x0000000084200000, 0x0000000084200000|100%| O|  |TAMS 0x0000000084200000, 0x0000000084200000| Untracked 
|  66|0x0000000084200000, 0x0000000084300000, 0x0000000084300000|100%| O|  |TAMS 0x0000000084300000, 0x0000000084300000| Untracked 
|  67|0x0000000084300000, 0x0000000084400000, 0x0000000084400000|100%| O|  |TAMS 0x0000000084400000, 0x0000000084400000| Untracked 
|  68|0x0000000084400000, 0x0000000084500000, 0x0000000084500000|100%| O|  |TAMS 0x0000000084500000, 0x0000000084500000| Untracked 
|  69|0x0000000084500000, 0x0000000084600000, 0x0000000084600000|100%| O|  |TAMS 0x0000000084600000, 0x0000000084600000| Untracked 
|  70|0x0000000084600000, 0x0000000084700000, 0x0000000084700000|100%| O|  |TAMS 0x0000000084700000, 0x0000000084700000| Untracked 
|  71|0x0000000084700000, 0x0000000084800000, 0x0000000084800000|100%| O|  |TAMS 0x0000000084800000, 0x0000000084800000| Untracked 
|  72|0x0000000084800000, 0x0000000084900000, 0x0000000084900000|100%| O|  |TAMS 0x0000000084900000, 0x0000000084900000| Untracked 
|  73|0x0000000084900000, 0x0000000084a00000, 0x0000000084a00000|100%| O|  |TAMS 0x0000000084a00000, 0x0000000084a00000| Untracked 
|  74|0x0000000084a00000, 0x0000000084b00000, 0x0000000084b00000|100%| O|  |TAMS 0x0000000084b00000, 0x0000000084b00000| Untracked 
|  75|0x0000000084b00000, 0x0000000084c00000, 0x0000000084c00000|100%| O|  |TAMS 0x0000000084c00000, 0x0000000084c00000| Untracked 
|  76|0x0000000084c00000, 0x0000000084d00000, 0x0000000084d00000|100%| O|  |TAMS 0x0000000084d00000, 0x0000000084d00000| Untracked 
|  77|0x0000000084d00000, 0x0000000084e00000, 0x0000000084e00000|100%| O|  |TAMS 0x0000000084e00000, 0x0000000084e00000| Untracked 
|  78|0x0000000084e00000, 0x0000000084f00000, 0x0000000084f00000|100%| O|  |TAMS 0x0000000084f00000, 0x0000000084f00000| Untracked 
|  79|0x0000000084f00000, 0x0000000085000000, 0x0000000085000000|100%| O|  |TAMS 0x0000000085000000, 0x0000000085000000| Untracked 
|  80|0x0000000085000000, 0x0000000085100000, 0x0000000085100000|100%| O|  |TAMS 0x0000000085100000, 0x0000000085100000| Untracked 
|  81|0x0000000085100000, 0x0000000085200000, 0x0000000085200000|100%| O|  |TAMS 0x0000000085200000, 0x0000000085200000| Untracked 
|  82|0x0000000085200000, 0x0000000085300000, 0x0000000085300000|100%| O|  |TAMS 0x0000000085300000, 0x0000000085300000| Untracked 
|  83|0x0000000085300000, 0x0000000085400000, 0x0000000085400000|100%| O|  |TAMS 0x0000000085400000, 0x0000000085400000| Untracked 
|  84|0x0000000085400000, 0x0000000085500000, 0x0000000085500000|100%| O|  |TAMS 0x0000000085500000, 0x0000000085500000| Untracked 
|  85|0x0000000085500000, 0x0000000085600000, 0x0000000085600000|100%| O|  |TAMS 0x00000000855ada00, 0x0000000085600000| Untracked 
|  86|0x0000000085600000, 0x0000000085700000, 0x0000000085700000|100%| O|  |TAMS 0x0000000085700000, 0x0000000085700000| Untracked 
|  87|0x0000000085700000, 0x0000000085800000, 0x0000000085800000|100%| O|  |TAMS 0x0000000085800000, 0x0000000085800000| Untracked 
|  88|0x0000000085800000, 0x0000000085900000, 0x0000000085900000|100%| O|  |TAMS 0x0000000085800000, 0x0000000085900000| Untracked 
|  89|0x0000000085900000, 0x0000000085a00000, 0x0000000085a00000|100%| O|  |TAMS 0x0000000085900000, 0x0000000085a00000| Untracked 
|  90|0x0000000085a00000, 0x0000000085a51000, 0x0000000085b00000| 31%| O|  |TAMS 0x0000000085a00000, 0x0000000085a51000| Untracked 
|  91|0x0000000085b00000, 0x0000000085b00000, 0x0000000085c00000|  0%| F|  |TAMS 0x0000000085b00000, 0x0000000085b00000| Untracked 
|  92|0x0000000085c00000, 0x0000000085c00000, 0x0000000085d00000|  0%| F|  |TAMS 0x0000000085c00000, 0x0000000085c00000| Untracked 
|  93|0x0000000085d00000, 0x0000000085d00000, 0x0000000085e00000|  0%| F|  |TAMS 0x0000000085d00000, 0x0000000085d00000| Untracked 
|  94|0x0000000085e00000, 0x0000000085e00000, 0x0000000085f00000|  0%| F|  |TAMS 0x0000000085e00000, 0x0000000085e00000| Untracked 
|  95|0x0000000085f00000, 0x0000000085f00000, 0x0000000086000000|  0%| F|  |TAMS 0x0000000085f00000, 0x0000000085f00000| Untracked 
|  96|0x0000000086000000, 0x0000000086000000, 0x0000000086100000|  0%| F|  |TAMS 0x0000000086000000, 0x0000000086000000| Untracked 
|  97|0x0000000086100000, 0x0000000086100000, 0x0000000086200000|  0%| F|  |TAMS 0x0000000086100000, 0x0000000086100000| Untracked 
|  98|0x0000000086200000, 0x0000000086200000, 0x0000000086300000|  0%| F|  |TAMS 0x0000000086200000, 0x0000000086200000| Untracked 
|  99|0x0000000086300000, 0x0000000086300000, 0x0000000086400000|  0%| F|  |TAMS 0x0000000086300000, 0x0000000086300000| Untracked 
| 100|0x0000000086400000, 0x0000000086400000, 0x0000000086500000|  0%| F|  |TAMS 0x0000000086400000, 0x0000000086400000| Untracked 
| 101|0x0000000086500000, 0x0000000086500000, 0x0000000086600000|  0%| F|  |TAMS 0x0000000086500000, 0x0000000086500000| Untracked 
| 102|0x0000000086600000, 0x0000000086600000, 0x0000000086700000|  0%| F|  |TAMS 0x0000000086600000, 0x0000000086600000| Untracked 
| 103|0x0000000086700000, 0x0000000086700000, 0x0000000086800000|  0%| F|  |TAMS 0x0000000086700000, 0x0000000086700000| Untracked 
| 104|0x0000000086800000, 0x0000000086800000, 0x0000000086900000|  0%| F|  |TAMS 0x0000000086800000, 0x0000000086800000| Untracked 
| 105|0x0000000086900000, 0x0000000086900000, 0x0000000086a00000|  0%| F|  |TAMS 0x0000000086900000, 0x0000000086900000| Untracked 
| 106|0x0000000086a00000, 0x0000000086a00000, 0x0000000086b00000|  0%| F|  |TAMS 0x0000000086a00000, 0x0000000086a00000| Untracked 
| 107|0x0000000086b00000, 0x0000000086b00000, 0x0000000086c00000|  0%| F|  |TAMS 0x0000000086b00000, 0x0000000086b00000| Untracked 
| 108|0x0000000086c00000, 0x0000000086c00000, 0x0000000086d00000|  0%| F|  |TAMS 0x0000000086c00000, 0x0000000086c00000| Untracked 
| 109|0x0000000086d00000, 0x0000000086d00000, 0x0000000086e00000|  0%| F|  |TAMS 0x0000000086d00000, 0x0000000086d00000| Untracked 
| 110|0x0000000086e00000, 0x0000000086e00000, 0x0000000086f00000|  0%| F|  |TAMS 0x0000000086e00000, 0x0000000086e00000| Untracked 
| 111|0x0000000086f00000, 0x0000000086f00000, 0x0000000087000000|  0%| F|  |TAMS 0x0000000086f00000, 0x0000000086f00000| Untracked 
| 112|0x0000000087000000, 0x0000000087000000, 0x0000000087100000|  0%| F|  |TAMS 0x0000000087000000, 0x0000000087000000| Untracked 
| 113|0x0000000087100000, 0x0000000087100000, 0x0000000087200000|  0%| F|  |TAMS 0x0000000087100000, 0x0000000087100000| Untracked 
| 114|0x0000000087200000, 0x0000000087200000, 0x0000000087300000|  0%| F|  |TAMS 0x0000000087200000, 0x0000000087200000| Untracked 
| 115|0x0000000087300000, 0x0000000087300000, 0x0000000087400000|  0%| F|  |TAMS 0x0000000087300000, 0x0000000087300000| Untracked 
| 116|0x0000000087400000, 0x00000000874f6df8, 0x0000000087500000| 96%| S|CS|TAMS 0x0000000087400000, 0x0000000087400000| Complete 
| 117|0x0000000087500000, 0x0000000087500000, 0x0000000087600000|  0%| F|  |TAMS 0x0000000087500000, 0x0000000087500000| Untracked 
| 118|0x0000000087600000, 0x0000000087600000, 0x0000000087700000|  0%| F|  |TAMS 0x0000000087600000, 0x0000000087600000| Untracked 
| 119|0x0000000087700000, 0x0000000087800000, 0x0000000087800000|100%| S|CS|TAMS 0x0000000087700000, 0x0000000087700000| Complete 
| 120|0x0000000087800000, 0x0000000087900000, 0x0000000087900000|100%| S|CS|TAMS 0x0000000087800000, 0x0000000087800000| Complete 
| 121|0x0000000087900000, 0x0000000087a00000, 0x0000000087a00000|100%| S|CS|TAMS 0x0000000087900000, 0x0000000087900000| Complete 
| 122|0x0000000087a00000, 0x0000000087a00000, 0x0000000087b00000|  0%| F|  |TAMS 0x0000000087a00000, 0x0000000087a00000| Untracked 
| 123|0x0000000087b00000, 0x0000000087b00000, 0x0000000087c00000|  0%| F|  |TAMS 0x0000000087b00000, 0x0000000087b00000| Untracked 
| 124|0x0000000087c00000, 0x0000000087c00000, 0x0000000087d00000|  0%| F|  |TAMS 0x0000000087c00000, 0x0000000087c00000| Untracked 
| 125|0x0000000087d00000, 0x0000000087d00000, 0x0000000087e00000|  0%| F|  |TAMS 0x0000000087d00000, 0x0000000087d00000| Untracked 
| 126|0x0000000087e00000, 0x0000000087e00000, 0x0000000087f00000|  0%| F|  |TAMS 0x0000000087e00000, 0x0000000087e00000| Untracked 
| 127|0x0000000087f00000, 0x0000000087f00000, 0x0000000088000000|  0%| F|  |TAMS 0x0000000087f00000, 0x0000000087f00000| Untracked 
| 128|0x0000000088000000, 0x0000000088000000, 0x0000000088100000|  0%| F|  |TAMS 0x0000000088000000, 0x0000000088000000| Untracked 
| 129|0x0000000088100000, 0x0000000088100000, 0x0000000088200000|  0%| F|  |TAMS 0x0000000088100000, 0x0000000088100000| Untracked 
| 130|0x0000000088200000, 0x0000000088200000, 0x0000000088300000|  0%| F|  |TAMS 0x0000000088200000, 0x0000000088200000| Untracked 
| 131|0x0000000088300000, 0x0000000088300000, 0x0000000088400000|  0%| F|  |TAMS 0x0000000088300000, 0x0000000088300000| Untracked 
| 132|0x0000000088400000, 0x0000000088400000, 0x0000000088500000|  0%| F|  |TAMS 0x0000000088400000, 0x0000000088400000| Untracked 
| 133|0x0000000088500000, 0x0000000088500000, 0x0000000088600000|  0%| F|  |TAMS 0x0000000088500000, 0x0000000088500000| Untracked 
| 134|0x0000000088600000, 0x0000000088600000, 0x0000000088700000|  0%| F|  |TAMS 0x0000000088600000, 0x0000000088600000| Untracked 
| 135|0x0000000088700000, 0x0000000088700000, 0x0000000088800000|  0%| F|  |TAMS 0x0000000088700000, 0x0000000088700000| Untracked 
| 136|0x0000000088800000, 0x0000000088800000, 0x0000000088900000|  0%| F|  |TAMS 0x0000000088800000, 0x0000000088800000| Untracked 
| 137|0x0000000088900000, 0x0000000088900000, 0x0000000088a00000|  0%| F|  |TAMS 0x0000000088900000, 0x0000000088900000| Untracked 
| 138|0x0000000088a00000, 0x0000000088a00000, 0x0000000088b00000|  0%| F|  |TAMS 0x0000000088a00000, 0x0000000088a00000| Untracked 
| 139|0x0000000088b00000, 0x0000000088b00000, 0x0000000088c00000|  0%| F|  |TAMS 0x0000000088b00000, 0x0000000088b00000| Untracked 
| 140|0x0000000088c00000, 0x0000000088c00000, 0x0000000088d00000|  0%| F|  |TAMS 0x0000000088c00000, 0x0000000088c00000| Untracked 
| 141|0x0000000088d00000, 0x0000000088d00000, 0x0000000088e00000|  0%| F|  |TAMS 0x0000000088d00000, 0x0000000088d00000| Untracked 
| 142|0x0000000088e00000, 0x0000000088e00000, 0x0000000088f00000|  0%| F|  |TAMS 0x0000000088e00000, 0x0000000088e00000| Untracked 
| 143|0x0000000088f00000, 0x0000000088f00000, 0x0000000089000000|  0%| F|  |TAMS 0x0000000088f00000, 0x0000000088f00000| Untracked 
| 144|0x0000000089000000, 0x0000000089000000, 0x0000000089100000|  0%| F|  |TAMS 0x0000000089000000, 0x0000000089000000| Untracked 
| 145|0x0000000089100000, 0x0000000089100000, 0x0000000089200000|  0%| F|  |TAMS 0x0000000089100000, 0x0000000089100000| Untracked 
| 146|0x0000000089200000, 0x0000000089200000, 0x0000000089300000|  0%| F|  |TAMS 0x0000000089200000, 0x0000000089200000| Untracked 
| 147|0x0000000089300000, 0x0000000089300000, 0x0000000089400000|  0%| F|  |TAMS 0x0000000089300000, 0x0000000089300000| Untracked 
| 148|0x0000000089400000, 0x0000000089400000, 0x0000000089500000|  0%| F|  |TAMS 0x0000000089400000, 0x0000000089400000| Untracked 
| 149|0x0000000089500000, 0x0000000089500000, 0x0000000089600000|  0%| F|  |TAMS 0x0000000089500000, 0x0000000089500000| Untracked 
| 150|0x0000000089600000, 0x0000000089600000, 0x0000000089700000|  0%| F|  |TAMS 0x0000000089600000, 0x0000000089600000| Untracked 
| 151|0x0000000089700000, 0x0000000089700000, 0x0000000089800000|  0%| F|  |TAMS 0x0000000089700000, 0x0000000089700000| Untracked 

Card table byte_map: [0x00000157348d0000,0x0000015734cd0000] _byte_map_base: 0x00000157344d0000

Marking Bits (Prev, Next): (CMBitMap*) 0x00000157216f4a80, (CMBitMap*) 0x00000157216f4a48
 Prev Bits: [0x00000157370d0000, 0x00000157390d0000)
 Next Bits: [0x00000157350d0000, 0x00000157370d0000)

Polling page: 0x0000015720e80000

Metaspace:

Usage:
  Non-class:     77.78 MB capacity,    76.19 MB ( 98%) used,     1.35 MB (  2%) free+waste,   250.94 KB ( <1%) overhead. 
      Class:     12.05 MB capacity,    11.16 MB ( 93%) used,   788.91 KB (  6%) free+waste,   116.13 KB ( <1%) overhead. 
       Both:     89.83 MB capacity,    87.35 MB ( 97%) used,     2.12 MB (  2%) free+waste,   367.06 KB ( <1%) overhead. 

Virtual space:
  Non-class space:       78.00 MB reserved,      78.00 MB (100%) committed 
      Class space:        1.00 GB reserved,      12.07 MB (  1%) committed 
             Both:        1.08 GB reserved,      90.07 MB (  8%) committed 

Chunk freelists:
   Non-Class:  29.00 KB
       Class:  0 bytes
        Both:  29.00 KB

MaxMetaspaceSize: 17179869184.00 GB
CompressedClassSpaceSize: 1.00 GB

CodeHeap 'non-profiled nmethods': size=120000Kb used=5509Kb max_used=5509Kb free=114490Kb
 bounds [0x000001572cc60000, 0x000001572d1d0000, 0x0000015734190000]
CodeHeap 'profiled nmethods': size=120000Kb used=20523Kb max_used=20523Kb free=99476Kb
 bounds [0x0000015725730000, 0x0000015726b40000, 0x000001572cc60000]
CodeHeap 'non-nmethods': size=5760Kb used=2327Kb max_used=2335Kb free=3432Kb
 bounds [0x0000015725190000, 0x0000015725400000, 0x0000015725730000]
 total_blobs=10099 nmethods=9205 adapters=803
 compilation: enabled
              stopped_count=0, restarted_count=0
 full_count=0

Compilation events (20 events):
Event: 22.137 Thread 0x000001573c3c3000 nmethod 9232 0x0000015726b33590 code [0x0000015726b33740, 0x0000015726b338a8]
Event: 22.137 Thread 0x000001573c3c3000 9227       1       org.gradle.internal.execution.fingerprint.impl.DefaultInputFingerprinter::getFingerprinterRegistry (5 bytes)
Event: 22.137 Thread 0x000001573c3c3000 nmethod 9227 0x000001572d1c1190 code [0x000001572d1c1340, 0x000001572d1c13f8]
Event: 22.137 Thread 0x000001573c3c3000 9226       1       org.gradle.internal.fingerprint.impl.AbstractFingerprintingStrategy::getEmptyFingerprint (5 bytes)
Event: 22.137 Thread 0x000001573c3c3000 nmethod 9226 0x000001572d1c1490 code [0x000001572d1c1640, 0x000001572d1c16f8]
Event: 22.139 Thread 0x000001573c3c3000 9233       3       com.google.common.collect.Maps::immutableEntry (10 bytes)
Event: 22.140 Thread 0x000001573c3c3000 nmethod 9233 0x0000015726b33990 code [0x0000015726b33b60, 0x0000015726b33e78]
Event: 22.140 Thread 0x000001573c3c3000 9234       3       org.gradle.cache.internal.DefaultCrossBuildInMemoryCacheFactory$CrossBuildCacheRetainingDataFromPreviousBuild::markAccessedInCurrentBuild (32 bytes)
Event: 22.141 Thread 0x000001573c3c3000 nmethod 9234 0x0000015726b33f90 code [0x0000015726b34160, 0x0000015726b34478]
Event: 22.141 Thread 0x000001573c3c3000 9235       3       org.gradle.internal.execution.history.changes.PropertyChanges::<init> (26 bytes)
Event: 22.141 Thread 0x000001573c3c3000 nmethod 9235 0x0000015726b34590 code [0x0000015726b34760, 0x0000015726b34a38]
Event: 22.141 Thread 0x000001573c3c3000 9239       3       com.google.common.collect.ImmutableMultimap$1::next (68 bytes)
Event: 22.141 Thread 0x000001573c3c3000 nmethod 9239 0x0000015726b34b10 code [0x0000015726b34d80, 0x0000015726b35878]
Event: 22.141 Thread 0x000001573c3c3000 9238       3       com.google.common.collect.ImmutableSortedMap$1EntrySet::iterator (5 bytes)
Event: 22.142 Thread 0x000001573c3c3000 nmethod 9238 0x0000015726b35b10 code [0x0000015726b35d20, 0x0000015726b36568]
Event: 22.142 Thread 0x000001573c3c3000 9240       3       com.google.common.collect.ImmutableMultimap$1::next (5 bytes)
Event: 22.142 Thread 0x000001573c3c3000 nmethod 9240 0x0000015726b36810 code [0x0000015726b369c0, 0x0000015726b36ae8]
Event: 22.142 Thread 0x000001573c3c3000 9236       3       org.gradle.internal.execution.history.changes.PropertyChanges::accept (118 bytes)
Event: 22.145 Thread 0x000001573c3c3000 nmethod 9236 0x0000015726b36b90 code [0x0000015726b37100, 0x0000015726b3a018]
Event: 22.145 Thread 0x000001573c3c3000 9237       3       com.google.common.collect.RegularImmutableSortedSet::iterator (5 bytes)

GC Heap History (20 events):
Event: 17.662 GC heap after
{Heap after GC invocations=24 (full 0):
 garbage-first heap   total 129024K, used 79587K [0x0000000080000000, 0x0000000100000000)
  region size 1024K, 2 young (2048K), 2 survivors (2048K)
 Metaspace       used 67536K, capacity 69372K, committed 69452K, reserved 1110016K
  class space    used 8561K, capacity 9221K, committed 9292K, reserved 1048576K
}
Event: 18.138 GC heap before
{Heap before GC invocations=25 (full 0):
 garbage-first heap   total 129024K, used 104163K [0x0000000080000000, 0x0000000100000000)
  region size 1024K, 27 young (27648K), 2 survivors (2048K)
 Metaspace       used 71031K, capacity 72881K, committed 73164K, reserved 1112064K
  class space    used 9163K, capacity 9814K, committed 9932K, reserved 1048576K
}
Event: 18.144 GC heap after
{Heap after GC invocations=26 (full 0):
 garbage-first heap   total 129024K, used 80806K [0x0000000080000000, 0x0000000100000000)
  region size 1024K, 3 young (3072K), 3 survivors (3072K)
 Metaspace       used 71031K, capacity 72881K, committed 73164K, reserved 1112064K
  class space    used 9163K, capacity 9814K, committed 9932K, reserved 1048576K
}
Event: 18.469 GC heap before
{Heap before GC invocations=26 (full 0):
 garbage-first heap   total 129024K, used 105382K [0x0000000080000000, 0x0000000100000000)
  region size 1024K, 28 young (28672K), 3 survivors (3072K)
 Metaspace       used 72936K, capacity 74968K, committed 75212K, reserved 1114112K
  class space    used 9427K, capacity 10123K, committed 10188K, reserved 1048576K
}
Event: 18.475 GC heap after
{Heap after GC invocations=27 (full 0):
 garbage-first heap   total 129024K, used 81993K [0x0000000080000000, 0x0000000100000000)
  region size 1024K, 3 young (3072K), 3 survivors (3072K)
 Metaspace       used 72936K, capacity 74968K, committed 75212K, reserved 1114112K
  class space    used 9427K, capacity 10123K, committed 10188K, reserved 1048576K
}
Event: 18.864 GC heap before
{Heap before GC invocations=28 (full 0):
 garbage-first heap   total 129024K, used 105545K [0x0000000080000000, 0x0000000100000000)
  region size 1024K, 27 young (27648K), 3 survivors (3072K)
 Metaspace       used 75545K, capacity 77598K, committed 77772K, reserved 1116160K
  class space    used 9698K, capacity 10354K, committed 10444K, reserved 1048576K
}
Event: 18.873 GC heap after
{Heap after GC invocations=29 (full 0):
 garbage-first heap   total 129024K, used 84941K [0x0000000080000000, 0x0000000100000000)
  region size 1024K, 4 young (4096K), 4 survivors (4096K)
 Metaspace       used 75545K, capacity 77598K, committed 77772K, reserved 1116160K
  class space    used 9698K, capacity 10354K, committed 10444K, reserved 1048576K
}
Event: 19.302 GC heap before
{Heap before GC invocations=29 (full 0):
 garbage-first heap   total 129024K, used 108493K [0x0000000080000000, 0x0000000100000000)
  region size 1024K, 27 young (27648K), 4 survivors (4096K)
 Metaspace       used 77165K, capacity 79211K, committed 79308K, reserved 1118208K
  class space    used 9903K, capacity 10608K, committed 10700K, reserved 1048576K
}
Event: 19.309 GC heap after
{Heap after GC invocations=30 (full 0):
 garbage-first heap   total 129024K, used 86798K [0x0000000080000000, 0x0000000100000000)
  region size 1024K, 2 young (2048K), 2 survivors (2048K)
 Metaspace       used 77165K, capacity 79211K, committed 79308K, reserved 1118208K
  class space    used 9903K, capacity 10608K, committed 10700K, reserved 1048576K
}
Event: 19.547 GC heap before
{Heap before GC invocations=31 (full 0):
 garbage-first heap   total 129024K, used 109326K [0x0000000080000000, 0x0000000100000000)
  region size 1024K, 24 young (24576K), 2 survivors (2048K)
 Metaspace       used 78132K, capacity 80235K, committed 80460K, reserved 1118208K
  class space    used 10038K, capacity 10797K, committed 10828K, reserved 1048576K
}
Event: 19.551 GC heap after
{Heap after GC invocations=32 (full 0):
 garbage-first heap   total 129024K, used 88144K [0x0000000080000000, 0x0000000100000000)
  region size 1024K, 3 young (3072K), 3 survivors (3072K)
 Metaspace       used 78132K, capacity 80235K, committed 80460K, reserved 1118208K
  class space    used 10038K, capacity 10797K, committed 10828K, reserved 1048576K
}
Event: 19.698 GC heap before
{Heap before GC invocations=32 (full 0):
 garbage-first heap   total 129024K, used 100432K [0x0000000080000000, 0x0000000100000000)
  region size 1024K, 17 young (17408K), 3 survivors (3072K)
 Metaspace       used 79229K, capacity 81432K, committed 81612K, reserved 1120256K
  class space    used 10157K, capacity 10875K, committed 10956K, reserved 1048576K
}
Event: 19.704 GC heap after
{Heap after GC invocations=33 (full 0):
 garbage-first heap   total 155648K, used 90066K [0x0000000080000000, 0x0000000100000000)
  region size 1024K, 3 young (3072K), 3 survivors (3072K)
 Metaspace       used 79229K, capacity 81432K, committed 81612K, reserved 1120256K
  class space    used 10157K, capacity 10875K, committed 10956K, reserved 1048576K
}
Event: 20.207 GC heap before
{Heap before GC invocations=34 (full 0):
 garbage-first heap   total 155648K, used 117714K [0x0000000080000000, 0x0000000100000000)
  region size 1024K, 29 young (29696K), 3 survivors (3072K)
 Metaspace       used 82852K, capacity 85097K, committed 85452K, reserved 1124352K
  class space    used 10599K, capacity 11342K, committed 11468K, reserved 1048576K
}
Event: 20.213 GC heap after
{Heap after GC invocations=35 (full 0):
 garbage-first heap   total 155648K, used 90696K [0x0000000080000000, 0x0000000100000000)
  region size 1024K, 3 young (3072K), 3 survivors (3072K)
 Metaspace       used 82852K, capacity 85097K, committed 85452K, reserved 1124352K
  class space    used 10599K, capacity 11342K, committed 11468K, reserved 1048576K
}
Event: 20.691 GC heap before
{Heap before GC invocations=35 (full 0):
 garbage-first heap   total 155648K, used 118344K [0x0000000080000000, 0x0000000100000000)
  region size 1024K, 30 young (30720K), 3 survivors (3072K)
 Metaspace       used 86745K, capacity 89003K, committed 89164K, reserved 1126400K
  class space    used 11059K, capacity 11804K, committed 11852K, reserved 1048576K
}
Event: 20.698 GC heap after
{Heap after GC invocations=36 (full 0):
 garbage-first heap   total 155648K, used 92588K [0x0000000080000000, 0x0000000100000000)
  region size 1024K, 3 young (3072K), 3 survivors (3072K)
 Metaspace       used 86745K, capacity 89003K, committed 89164K, reserved 1126400K
  class space    used 11059K, capacity 11804K, committed 11852K, reserved 1048576K
}
Event: 21.738 GC heap before
{Heap before GC invocations=37 (full 0):
 garbage-first heap   total 155648K, used 121260K [0x0000000080000000, 0x0000000100000000)
  region size 1024K, 31 young (31744K), 3 survivors (3072K)
 Metaspace       used 88413K, capacity 90737K, committed 90956K, reserved 1128448K
  class space    used 11227K, capacity 12046K, committed 12108K, reserved 1048576K
}
Event: 21.744 GC heap after
{Heap after GC invocations=38 (full 0):
 garbage-first heap   total 155648K, used 94388K [0x0000000080000000, 0x0000000100000000)
  region size 1024K, 4 young (4096K), 4 survivors (4096K)
 Metaspace       used 88413K, capacity 90737K, committed 90956K, reserved 1128448K
  class space    used 11227K, capacity 12046K, committed 12108K, reserved 1048576K
}
Event: 22.146 GC heap before
{Heap before GC invocations=38 (full 0):
 garbage-first heap   total 155648K, used 122036K [0x0000000080000000, 0x0000000100000000)
  region size 1024K, 32 young (32768K), 4 survivors (4096K)
 Metaspace       used 89444K, capacity 91987K, committed 92236K, reserved 1128448K
  class space    used 11430K, capacity 12336K, committed 12364K, reserved 1048576K
}

Deoptimization events (20 events):
Event: 21.920 Thread 0x000001573fb2c800 DEOPT PACKING pc=0x0000015726878ac4 sp=0x0000000e109fd6b0
Event: 21.920 Thread 0x000001573fb2c800 DEOPT UNPACKING pc=0x00000157251b76ce sp=0x0000000e109fcc50 mode 0
Event: 22.000 Thread 0x000001573da8d800 Uncommon trap: trap_request=0xffffff4d fr.pc=0x000001572cf0e564 relative=0x0000000000000204
Event: 22.000 Thread 0x000001573da8d800 Uncommon trap: reason=unstable_if action=reinterpret pc=0x000001572cf0e564 method=com.esotericsoftware.kryo.io.Input.readVarInt(Z)I @ 42 c2
Event: 22.000 Thread 0x000001573da8d800 DEOPT PACKING pc=0x000001572cf0e564 sp=0x0000000e0fcfe110
Event: 22.000 Thread 0x000001573da8d800 DEOPT UNPACKING pc=0x00000157251b78af sp=0x0000000e0fcfe000 mode 2
Event: 22.013 Thread 0x000001573fa51000 Uncommon trap: trap_request=0xffffff4d fr.pc=0x000001572cf2b3e0 relative=0x00000000000001a0
Event: 22.013 Thread 0x000001573fa51000 Uncommon trap: reason=unstable_if action=reinterpret pc=0x000001572cf2b3e0 method=org.gradle.internal.snapshot.PathUtil.equalChars(CCLorg/gradle/internal/snapshot/CaseSensitivity;)Z @ 11 c2
Event: 22.013 Thread 0x000001573fa51000 DEOPT PACKING pc=0x000001572cf2b3e0 sp=0x0000000e10efc570
Event: 22.013 Thread 0x000001573fa51000 DEOPT UNPACKING pc=0x00000157251b78af sp=0x0000000e10efc508 mode 2
Event: 22.024 Thread 0x0000015742b72000 Uncommon trap: trap_request=0xffffff4d fr.pc=0x000001572cf65b88 relative=0x00000000000003a8
Event: 22.024 Thread 0x0000015742b72000 Uncommon trap: reason=unstable_if action=reinterpret pc=0x000001572cf65b88 method=java.util.concurrent.ConcurrentHashMap.addCount(JI)V @ 68 c2
Event: 22.024 Thread 0x0000015742b72000 DEOPT PACKING pc=0x000001572cf65b88 sp=0x0000000e142fdcf0
Event: 22.024 Thread 0x0000015742b72000 DEOPT UNPACKING pc=0x00000157251b78af sp=0x0000000e142fdc50 mode 2
Event: 22.050 Thread 0x0000015742b71000 DEOPT PACKING pc=0x0000015726878ac4 sp=0x0000000e139fd820
Event: 22.050 Thread 0x0000015742b71000 DEOPT UNPACKING pc=0x00000157251b76ce sp=0x0000000e139fcdc0 mode 0
Event: 22.095 Thread 0x0000015742b71000 DEOPT PACKING pc=0x0000015726878ac4 sp=0x0000000e139fd230
Event: 22.095 Thread 0x0000015742b71000 DEOPT UNPACKING pc=0x00000157251b76ce sp=0x0000000e139fc7d0 mode 0
Event: 22.134 Thread 0x0000015742b77800 DEOPT PACKING pc=0x0000015726878ac4 sp=0x0000000e13bfbdf0
Event: 22.134 Thread 0x0000015742b77800 DEOPT UNPACKING pc=0x00000157251b76ce sp=0x0000000e13bfb390 mode 0

Classes redefined (0 events):
No events

Internal exceptions (20 events):
Event: 20.310 Thread 0x000001573da2b800 Exception <a 'sun/nio/fs/WindowsException'{0x000000008944df28}> (0x000000008944df28) thrown at [./src/hotspot/share/prims/jni.cpp, line 615]
Event: 20.567 Thread 0x000001573da2b800 Exception <a 'java/lang/reflect/InvocationTargetException'{0x0000000088579df0}> (0x0000000088579df0) thrown at [./src/hotspot/share/runtime/reflection.cpp, line 1247]
Event: 20.655 Thread 0x000001573da2b800 Implicit null exception at 0x000001572d138539 to 0x000001572d139a10
Event: 21.710 Thread 0x000001573da2b800 Exception <a 'java/lang/NoSuchMethodError'{0x0000000087e46650}: 'java.lang.Object java.lang.invoke.Invokers$Holder.linkToTargetMethod(java.lang.Object, java.lang.Object, java.lang.Object, int, java.lang.Object, java.lang.Object)'> (0x0000000087e46650) thrown at [./src/hotspot/share/interpreter/linkResolver.cpp, line 773]
Event: 21.753 Thread 0x0000015742b71000 Exception <a 'java/lang/IncompatibleClassChangeError'{0x0000000089607240}: Found class java.lang.Object, but interface was expected> (0x0000000089607240) thrown at [./src/hotspot/share/interpreter/linkResolver.cpp, line 839]
Event: 21.753 Thread 0x000001573fb26800 Exception <a 'java/lang/IncompatibleClassChangeError'{0x0000000089643488}: Found class java.lang.Object, but interface was expected> (0x0000000089643488) thrown at [./src/hotspot/share/interpreter/linkResolver.cpp, line 839]
Event: 21.753 Thread 0x000001573fa51000 Exception <a 'java/lang/IncompatibleClassChangeError'{0x000000008972a628}: Found class java.lang.Object, but interface was expected> (0x000000008972a628) thrown at [./src/hotspot/share/interpreter/linkResolver.cpp, line 839]
Event: 21.753 Thread 0x000001573fb2b800 Exception <a 'java/lang/IncompatibleClassChangeError'{0x0000000089718538}: Found class java.lang.Object, but interface was expected> (0x0000000089718538) thrown at [./src/hotspot/share/interpreter/linkResolver.cpp, line 839]
Event: 21.753 Thread 0x000001573fa52800 Exception <a 'java/lang/IncompatibleClassChangeError'{0x0000000089715508}: Found class java.lang.Object, but interface was expected> (0x0000000089715508) thrown at [./src/hotspot/share/interpreter/linkResolver.cpp, line 839]
Event: 21.753 Thread 0x000001573fb2f800 Exception <a 'java/lang/IncompatibleClassChangeError'{0x000000008968ec28}: Found class java.lang.Object, but interface was expected> (0x000000008968ec28) thrown at [./src/hotspot/share/interpreter/linkResolver.cpp, line 839]
Event: 21.753 Thread 0x000001573fb2c800 Exception <a 'java/lang/IncompatibleClassChangeError'{0x000000008971f1f0}: Found class java.lang.Object, but interface was expected> (0x000000008971f1f0) thrown at [./src/hotspot/share/interpreter/linkResolver.cpp, line 839]
Event: 21.753 Thread 0x0000015742b72000 Exception <a 'java/lang/IncompatibleClassChangeError'{0x0000000089654618}: Found class java.lang.Object, but interface was expected> (0x0000000089654618) thrown at [./src/hotspot/share/interpreter/linkResolver.cpp, line 839]
Event: 21.763 Thread 0x000001573fb2c800 Exception <a 'java/lang/NoSuchMethodError'{0x00000000895ef868}: 'java.lang.Object java.lang.invoke.DirectMethodHandle$Holder.invokeSpecialIFC(java.lang.Object, java.lang.Object, java.lang.Object)'> (0x00000000895ef868) thrown at [./src/hotspot/share/interpreter/linkResolver.cpp, line 773]
Event: 21.763 Thread 0x000001573fb2b800 Exception <a 'java/lang/NoSuchMethodError'{0x00000000895e74e8}: 'java.lang.Object java.lang.invoke.DirectMethodHandle$Holder.invokeSpecialIFC(java.lang.Object, java.lang.Object, java.lang.Object)'> (0x00000000895e74e8) thrown at [./src/hotspot/share/interpreter/linkResolver.cpp, line 773]
Event: 21.763 Thread 0x000001573fa52800 Exception <a 'java/lang/NoSuchMethodError'{0x00000000895ece08}: 'java.lang.Object java.lang.invoke.DirectMethodHandle$Holder.invokeSpecialIFC(java.lang.Object, java.lang.Object, java.lang.Object)'> (0x00000000895ece08) thrown at [./src/hotspot/share/interpreter/linkResolver.cpp, line 773]
Event: 21.763 Thread 0x000001573fa51000 Exception <a 'java/lang/NoSuchMethodError'{0x00000000895f2748}: 'java.lang.Object java.lang.invoke.DirectMethodHandle$Holder.invokeSpecialIFC(java.lang.Object, java.lang.Object, java.lang.Object)'> (0x00000000895f2748) thrown at [./src/hotspot/share/interpreter/linkResolver.cpp, line 773]
Event: 21.799 Thread 0x000001573fb2f800 Implicit null exception at 0x000001572cf671af to 0x000001572cf68598
Event: 21.805 Thread 0x000001573fb2f800 Exception <a 'java/lang/IncompatibleClassChangeError'{0x000000008926c360}: Found class java.lang.Object, but interface was expected> (0x000000008926c360) thrown at [./src/hotspot/share/interpreter/linkResolver.cpp, line 839]
Event: 21.839 Thread 0x0000015742b71000 Exception <a 'java/lang/NoSuchMethodError'{0x00000000890fa908}: 'int java.lang.invoke.DirectMethodHandle$Holder.invokeStaticInit(java.lang.Object, java.lang.Object, java.lang.Object, java.lang.Object, java.lang.Object)'> (0x00000000890fa908) thrown at [./src/hotspot/share/interpreter/linkResolver.cpp, line 773]
Event: 22.023 Thread 0x0000015742b72000 Implicit null exception at 0x000001572cf65898 to 0x000001572cf65b6a

Events (20 events):
Event: 22.061 Executing VM operation: RevokeBias done
Event: 22.068 Executing VM operation: RevokeBias
Event: 22.068 Executing VM operation: RevokeBias done
Event: 22.075 Executing VM operation: RevokeBias
Event: 22.075 Executing VM operation: RevokeBias done
Event: 22.081 Executing VM operation: BulkRevokeBias
Event: 22.085 Executing VM operation: BulkRevokeBias done
Event: 22.088 Executing VM operation: RevokeBias
Event: 22.088 Executing VM operation: RevokeBias done
Event: 22.096 Executing VM operation: RevokeBias
Event: 22.096 Executing VM operation: RevokeBias done
Event: 22.098 Executing VM operation: RevokeBias
Event: 22.098 Executing VM operation: RevokeBias done
Event: 22.108 Executing VM operation: RevokeBias
Event: 22.108 Executing VM operation: RevokeBias done
Event: 22.115 Executing VM operation: RevokeBias
Event: 22.115 Executing coalesced safepoint VM operation: RevokeBias
Event: 22.115 Executing coalesced safepoint VM operation: RevokeBias done
Event: 22.115 Executing VM operation: RevokeBias done
Event: 22.145 Executing VM operation: G1CollectForAllocation


Dynamic libraries:
0x00007ff7ca320000 - 0x00007ff7ca32a000 	C:\Program Files\Android\Android Studio\jre\bin\java.exe
0x00007ffc25be0000 - 0x00007ffc25dd0000 	C:\Windows\SYSTEM32\ntdll.dll
0x00007ffc24a60000 - 0x00007ffc24b12000 	C:\Windows\System32\KERNEL32.DLL
0x00007ffc23910000 - 0x00007ffc23bb5000 	C:\Windows\System32\KERNELBASE.dll
0x00007ffc23780000 - 0x00007ffc2387a000 	C:\Windows\System32\ucrtbase.dll
0x00007ffc0f570000 - 0x00007ffc0f587000 	C:\Program Files\Android\Android Studio\jre\bin\VCRUNTIME140.dll
0x00007ffc0f590000 - 0x00007ffc0f5a9000 	C:\Program Files\Android\Android Studio\jre\bin\jli.dll
0x00007ffc23ea0000 - 0x00007ffc24034000 	C:\Windows\System32\USER32.dll
0x00007ffc23560000 - 0x00007ffc23581000 	C:\Windows\System32\win32u.dll
0x00007ffc24b20000 - 0x00007ffc24b46000 	C:\Windows\System32\GDI32.dll
0x00007ffc23590000 - 0x00007ffc23728000 	C:\Windows\System32\gdi32full.dll
0x00007ffc22ce0000 - 0x00007ffc22d7e000 	C:\Windows\System32\msvcp_win.dll
0x00007ffc11920000 - 0x00007ffc11ba4000 	C:\Windows\WinSxS\amd64_microsoft.windows.common-controls_6595b64144ccf1df_6.0.18362.1556_none_9e7e372fe45e41d5\COMCTL32.dll
0x00007ffc249c0000 - 0x00007ffc24a5e000 	C:\Windows\System32\msvcrt.dll
0x00007ffc24de0000 - 0x00007ffc25116000 	C:\Windows\System32\combase.dll
0x00007ffc24040000 - 0x00007ffc2415f000 	C:\Windows\System32\RPCRT4.dll
0x00007ffc23880000 - 0x00007ffc23901000 	C:\Windows\System32\bcryptPrimitives.dll
0x00007ffc23dc0000 - 0x00007ffc23dee000 	C:\Windows\System32\IMM32.DLL
0x00007ffbe38e0000 - 0x00007ffbe397d000 	C:\Program Files\Android\Android Studio\jre\bin\msvcp140.dll
0x00007ffbb9310000 - 0x00007ffbb9ddf000 	C:\Program Files\Android\Android Studio\jre\bin\server\jvm.dll
0x00007ffc23c90000 - 0x00007ffc23d33000 	C:\Windows\System32\ADVAPI32.dll
0x00007ffc25880000 - 0x00007ffc25917000 	C:\Windows\System32\sechost.dll
0x00007ffc249b0000 - 0x00007ffc249b8000 	C:\Windows\System32\PSAPI.DLL
0x00007ffc1d7d0000 - 0x00007ffc1d7d9000 	C:\Windows\SYSTEM32\WSOCK32.dll
0x00007ffc24cf0000 - 0x00007ffc24d5f000 	C:\Windows\System32\WS2_32.dll
0x00007ffc1ee60000 - 0x00007ffc1ee84000 	C:\Windows\SYSTEM32\WINMM.dll
0x00007ffc183d0000 - 0x00007ffc183da000 	C:\Windows\SYSTEM32\VERSION.dll
0x00007ffc1ee30000 - 0x00007ffc1ee5d000 	C:\Windows\SYSTEM32\winmmbase.dll
0x00007ffc23730000 - 0x00007ffc2377a000 	C:\Windows\System32\cfgmgr32.dll
0x00007ffc22ac0000 - 0x00007ffc22ad1000 	C:\Windows\System32\kernel.appcore.dll
0x00007ffc0f6b0000 - 0x00007ffc0f6c1000 	C:\Program Files\Android\Android Studio\jre\bin\verify.dll
0x00007ffc0d930000 - 0x00007ffc0db24000 	C:\Windows\SYSTEM32\DBGHELP.DLL
0x00007ffbf5990000 - 0x00007ffbf59ba000 	C:\Windows\SYSTEM32\dbgcore.DLL
0x00007ffbed660000 - 0x00007ffbed689000 	C:\Program Files\Android\Android Studio\jre\bin\java.dll
0x00007ffc1d7c0000 - 0x00007ffc1d7cb000 	C:\Program Files\Android\Android Studio\jre\bin\jimage.dll
0x00007ffbf3670000 - 0x00007ffbf3688000 	C:\Program Files\Android\Android Studio\jre\bin\zip.dll
0x00007ffc24160000 - 0x00007ffc24847000 	C:\Windows\System32\SHELL32.dll
0x00007ffc24b70000 - 0x00007ffc24c18000 	C:\Windows\System32\shcore.dll
0x00007ffc22de0000 - 0x00007ffc2355b000 	C:\Windows\System32\windows.storage.dll
0x00007ffc22aa0000 - 0x00007ffc22abe000 	C:\Windows\System32\profapi.dll
0x00007ffc22ae0000 - 0x00007ffc22b2a000 	C:\Windows\System32\powrprof.dll
0x00007ffc22a90000 - 0x00007ffc22aa0000 	C:\Windows\System32\UMPDC.dll
0x00007ffc25820000 - 0x00007ffc25872000 	C:\Windows\System32\shlwapi.dll
0x00007ffc23bc0000 - 0x00007ffc23bd7000 	C:\Windows\System32\cryptsp.dll
0x00007ffbed640000 - 0x00007ffbed65a000 	C:\Program Files\Android\Android Studio\jre\bin\net.dll
0x00007ffc17400000 - 0x00007ffc174fa000 	C:\Windows\SYSTEM32\WINHTTP.dll
0x00007ffc222d0000 - 0x00007ffc22337000 	C:\Windows\system32\mswsock.dll
0x00007ffbed580000 - 0x00007ffbed594000 	C:\Program Files\Android\Android Studio\jre\bin\nio.dll
0x00007ffc1b700000 - 0x00007ffc1b727000 	C:\Users\OmarTaha\.gradle\native\8bec1ad78214c89d9ad589b4d07fe93259594b29d510b10fafb7a158f7737e5d\windows-amd64\native-platform.dll
0x00007ffbe4710000 - 0x00007ffbe484d000 	C:\Users\OmarTaha\.gradle\native\53dbd7edfb1c66fb8903c78663c9afc45aea4f116125fa6feffd364cf09443e8\windows-amd64\native-platform-file-events.dll
0x00007ffc176d0000 - 0x00007ffc176da000 	C:\Program Files\Android\Android Studio\jre\bin\management.dll
0x00007ffc164f0000 - 0x00007ffc164fc000 	C:\Program Files\Android\Android Studio\jre\bin\management_ext.dll
0x00007ffc21e50000 - 0x00007ffc21e83000 	C:\Windows\system32\rsaenh.dll
0x00007ffc22cb0000 - 0x00007ffc22cd6000 	C:\Windows\System32\bcrypt.dll
0x00007ffc229b0000 - 0x00007ffc229d5000 	C:\Windows\SYSTEM32\USERENV.dll
0x00007ffc224a0000 - 0x00007ffc224ac000 	C:\Windows\SYSTEM32\CRYPTBASE.dll
0x00007ffc21fe0000 - 0x00007ffc2201a000 	C:\Windows\SYSTEM32\IPHLPAPI.DLL
0x00007ffc24b60000 - 0x00007ffc24b68000 	C:\Windows\System32\NSI.dll
0x00007ffc1a1e0000 - 0x00007ffc1a1f6000 	C:\Windows\SYSTEM32\dhcpcsvc6.DLL
0x00007ffc1b420000 - 0x00007ffc1b43c000 	C:\Windows\SYSTEM32\dhcpcsvc.DLL
0x00007ffc22020000 - 0x00007ffc220eb000 	C:\Windows\SYSTEM32\DNSAPI.dll

dbghelp: loaded successfully - version: 4.0.5 - missing functions: none
symbol engine: initialized successfully - sym options: 0x614 - pdb path: .;C:\Program Files\Android\Android Studio\jre\bin;C:\Windows\SYSTEM32;C:\Windows\WinSxS\amd64_microsoft.windows.common-controls_6595b64144ccf1df_6.0.18362.1556_none_9e7e372fe45e41d5;C:\Program Files\Android\Android Studio\jre\bin\server;C:\Users\OmarTaha\.gradle\native\8bec1ad78214c89d9ad589b4d07fe93259594b29d510b10fafb7a158f7737e5d\windows-amd64;C:\Users\OmarTaha\.gradle\native\53dbd7edfb1c66fb8903c78663c9afc45aea4f116125fa6feffd364cf09443e8\windows-amd64

VM Arguments:
jvm_args: --add-opens=java.base/java.util=ALL-UNNAMED --add-opens=java.base/java.lang=ALL-UNNAMED --add-opens=java.base/java.lang.invoke=ALL-UNNAMED --add-opens=java.base/java.util=ALL-UNNAMED --add-opens=java.prefs/java.util.prefs=ALL-UNNAMED --add-opens=java.prefs/java.util.prefs=ALL-UNNAMED --add-opens=java.base/java.nio.charset=ALL-UNNAMED --add-opens=java.base/java.net=ALL-UNNAMED --add-opens=java.base/java.util.concurrent.atomic=ALL-UNNAMED -Xmx2048m -Dfile.encoding=windows-1252 -Duser.country=US -Duser.language=en -Duser.variant 
java_command: org.gradle.launcher.daemon.bootstrap.GradleDaemon 7.1-rc-1
java_class_path (initial): C:\Users\OmarTaha\.gradle\wrapper\dists\gradle-7.1-rc-1-bin\89hqeppvp8dbb4pzs5e0rkzxn\gradle-7.1-rc-1\lib\gradle-launcher-7.1.jar
Launcher Type: SUN_STANDARD

[Global flags]
     intx CICompilerCount                          = 4                                         {product} {ergonomic}
     uint ConcGCThreads                            = 2                                         {product} {ergonomic}
     uint G1ConcRefinementThreads                  = 8                                         {product} {ergonomic}
   size_t G1HeapRegionSize                         = 1048576                                   {product} {ergonomic}
    uintx GCDrainStackTargetSize                   = 64                                        {product} {ergonomic}
   size_t InitialHeapSize                          = 132120576                                 {product} {ergonomic}
   size_t MarkStackSize                            = 4194304                                   {product} {ergonomic}
   size_t MaxHeapSize                              = 2147483648                                {product} {command line}
   size_t MaxNewSize                               = 1287651328                                {product} {ergonomic}
   size_t MinHeapDeltaBytes                        = 1048576                                   {product} {ergonomic}
    uintx NonNMethodCodeHeapSize                   = 5836300                                {pd product} {ergonomic}
    uintx NonProfiledCodeHeapSize                  = 122910970                              {pd product} {ergonomic}
    uintx ProfiledCodeHeapSize                     = 122910970                              {pd product} {ergonomic}
    uintx ReservedCodeCacheSize                    = 251658240                              {pd product} {ergonomic}
     bool SegmentedCodeCache                       = true                                      {product} {ergonomic}
     bool UseCompressedClassPointers               = true                                 {lp64_product} {ergonomic}
     bool UseCompressedOops                        = true                                 {lp64_product} {ergonomic}
     bool UseG1GC                                  = true                                      {product} {ergonomic}
     bool UseLargePagesIndividualAllocation        = false                                  {pd product} {ergonomic}

Logging:
Log output configuration:
 #0: stdout all=warning uptime,level,tags
 #1: stderr all=off uptime,level,tags

Environment Variables:
JAVA_HOME=C:\Program Files\Android\jdk\microsoft_dist_openjdk_1.8.0.25
PATH=C:\Program Files (x86)\Common Files\Oracle\Java\javapath;C:\Program Files\ImageMagick-7.0.10-Q16-HDRI;C:\Program Files (x86)\Common Files\Intel\Shared Libraries\redist\intel64\compiler;C:\Program Files\Java\jdk-12.0.2\bin;C:\Windows\system32;C:\Windows;C:\Windows\System32\Wbem;C:\Windows\System32\WindowsPowerShell\v1.0\;C:\Windows\System32\OpenSSH\;C:\Program Files\dotnet\;C:\Program Files\Microsoft SQL Server\120\Tools\Binn\;C:\Program Files\Microsoft SQL Server\120\DTS\Binn\;C:\Program Files\Microsoft SQL Server\Client SDK\ODBC\110\Tools\Binn\;C:\Program Files (x86)\Microsoft SQL Server\120\Tools\Binn\;C:\Program Files (x86)\Microsoft SQL Server\120\Tools\Binn\ManagementStudio\;C:\Program Files (x86)\Microsoft SQL Server\120\DTS\Binn\;C:\Windows\Microsoft.NET\Framework\v3.5;C:\Program Files\Microsoft SQL Server\130\Tools\Binn\;C:\Program Files\Microsoft SQL Server\Client SDK\ODBC\170\Tools\Binn\;C:\Program Files\MATLAB\R2016a\runtime\win64;C:\Program Files\MATLAB\R2016a\bin;C:\Program Files\MATLAB\R2016a\polyspace\bin;C:\Program Files (x86)\dotnet\;C:\sqlite;C:\Program Files\Git\cmd;C:\Users\OmarTaha\AppData\Local\Programs\Python\Python38-32\Scripts\;C:\Users\OmarTaha\AppData\Local\Programs\Python\Python38-32\;C:\Users\OmarTaha\AppData\Local\Microsoft\WindowsApps;C:\Users\OmarTaha\AppData\Local\Programs\Microsoft VS Code\bin;C:\Users\OmarTaha\.dotnet\tools;C:\Program Files\JetBrains\PyCharm Community Edition 2020.2.4\bin;;C:\Users\OmarTaha\AppData\Local\GitHubDesktop\bin
USERNAME=OmarTaha
OS=Windows_NT
PROCESSOR_IDENTIFIER=Intel64 Family 6 Model 60 Stepping 3, GenuineIntel



---------------  S Y S T E M  ---------------

OS: Windows 10 , 64 bit Build 18362 (10.0.18362.1500)
OS uptime: 0 days 0:09 hours

CPU:total 8 (initial active 8) (4 cores per cpu, 2 threads per core) family 6 model 60 stepping 3 microcode 0x28, cmov, cx8, fxsr, mmx, sse, sse2, sse3, ssse3, sse4.1, sse4.2, popcnt, avx, avx2, aes, clmul, erms, lzcnt, ht, tsc, tscinvbit, bmi1, bmi2, fma

Memory: 4k page, system-wide physical 7993M (1099M free)
TotalPageFile size 7993M (AvailPageFile size 30M)
current process WorkingSet (physical memory assigned to process): 420M, peak: 423M
current process commit charge ("private bytes"): 461M, peak: 492M

vm_info: OpenJDK 64-Bit Server VM (11.0.10+0-b96-7249189) for windows-amd64 JRE (11.0.10+0-b96-7249189), built on Mar 31 2021 21:44:00 by "builder" with MS VC++ 14.0 (VS2015)

END.
