#
# There is insufficient memory for the Java Runtime Environment to continue.
# Native memory allocation (mmap) failed to map 32505856 bytes for Failed to commit area from 0x0000000089800000 to 0x000000008b700000 of length 32505856.
# Possible reasons:
#   The system is out of physical RAM or swap space
#   The process is running with CompressedOops enabled, and the Java Heap may be blocking the growth of the native heap
# Possible solutions:
#   Reduce memory load on the system
#   Increase physical memory or swap space
#   Check if swap backing store is full
#   Decrease Java heap size (-Xmx/-Xms)
#   Decrease number of Java threads
#   Decrease Java thread stack sizes (-Xss)
#   Set larger code cache with -XX:ReservedCodeCacheSize=
#   JVM is running with Unscaled Compressed Oops mode in which the Java heap is
#     placed in the first 4GB address space. The Java Heap base address is the
#     maximum limit for the native heap growth. Please use -XX:HeapBaseMinAddress
#     to set the Java Heap base and to place the Java Heap above 4GB virtual address.
# This output file may be truncated or incomplete.
#
#  Out of Memory Error (./open/src/hotspot/os/windows/os_windows.cpp:3273), pid=376, tid=3256
#
# JRE version: Java(TM) SE Runtime Environment 18.9 (11.0.12+8) (build 11.0.12+8-LTS-237)
# Java VM: Java HotSpot(TM) 64-Bit Server VM 18.9 (11.0.12+8-LTS-237, mixed mode, tiered, compressed oops, g1 gc, windows-amd64)
# No core dump will be written. Minidumps are not enabled by default on client versions of Windows
#

---------------  S U M M A R Y ------------

Command Line: --add-opens=java.base/java.util=ALL-UNNAMED --add-opens=java.base/java.lang=ALL-UNNAMED --add-opens=java.base/java.lang.invoke=ALL-UNNAMED --add-opens=java.base/java.util=ALL-UNNAMED --add-opens=java.prefs/java.util.prefs=ALL-UNNAMED --add-opens=java.prefs/java.util.prefs=ALL-UNNAMED --add-opens=java.base/java.nio.charset=ALL-UNNAMED --add-opens=java.base/java.net=ALL-UNNAMED --add-opens=java.base/java.util.concurrent.atomic=ALL-UNNAMED -Xmx2048m -Dfile.encoding=windows-1252 -Duser.country=US -Duser.language=en -Duser.variant org.gradle.launcher.daemon.bootstrap.GradleDaemon 7.1-rc-1

Host: Intel(R) Core(TM) i7-4800MQ CPU @ 2.70GHz, 8 cores, 7G,  Windows 10 , 64 bit Build 18362 (10.0.18362.1500)
Time: Mon Dec 20 12:39:48 2021 Arab Standard Time elapsed time: 11.365028 seconds (0d 0h 0m 11s)

---------------  T H R E A D  ---------------

Current thread (0x000001d7d35c8800):  VMThread "VM Thread" [stack: 0x000000d432000000,0x000000d432100000] [id=3256]

Stack: [0x000000d432000000,0x000000d432100000]
[error occurred during error reporting (printing stack bounds), id 0xc0000005, EXCEPTION_ACCESS_VIOLATION (0xc0000005) at pc=0x000001d7bcc50f2d]

Native frames: (J=compiled Java code, j=interpreted, Vv=VM code, C=native code)
V  [jvm.dll+0x617d9a]
V  [jvm.dll+0x74eeef]
V  [jvm.dll+0x750599]
V  [jvm.dll+0x750b85]
V  [jvm.dll+0x750b3b]
V  [jvm.dll+0x6175d3]
V  [jvm.dll+0x617998]
C  [ntdll.dll+0xa1fff]
C  [ntdll.dll+0x6aad9]
C  [ntdll.dll+0xa0c6e]
C  0x000001d7bcc50f2d

VM_Operation (0x000000d433ffd450): G1CollectForAllocation, mode: safepoint, requested by thread 0x000001d7d5606800


---------------  P R O C E S S  ---------------

Threads class SMR info:
_java_thread_list=0x000001d7d6a92200, length=135, elements={
0x000001d7b479e800, 0x000001d7d35ce000, 0x000001d7d35d7800, 0x000001d7d35e6000,
0x000001d7d35e8000, 0x000001d7d35e9800, 0x000001d7d35ef000, 0x000001d7d35f1000,
0x000001d7d35f2000, 0x000001d7d40e0800, 0x000001d7d686d000, 0x000001d7d6f6c800,
0x000001d7d4ac8000, 0x000001d7d550d000, 0x000001d7d69cb000, 0x000001d7d62aa800,
0x000001d7d69cc000, 0x000001d7d5aed800, 0x000001d7d5aee800, 0x000001d7d5607800,
0x000001d7d6eff800, 0x000001d7d5608800, 0x000001d7d5609000, 0x000001d7d5606800,
0x000001d7d6fcf000, 0x000001d7d6fcd000, 0x000001d7d6fcc800, 0x000001d7d6fd0800,
0x000001d7d6fce000, 0x000001d7d6fcf800, 0x000001d7d7d31800, 0x000001d7d6fcb000,
0x000001d7d6fcb800, 0x000001d7d6fd3000, 0x000001d7d6fd8000, 0x000001d7d6fd5800,
0x000001d7d6fd6000, 0x000001d7d6fd4800, 0x000001d7d6fd8800, 0x000001d7d6fd9800,
0x000001d7d6fd3800, 0x000001d7d6fd7000, 0x000001d7d767c000, 0x000001d7d767a000,
0x000001d7d7677000, 0x000001d7d767c800, 0x000001d7d767d800, 0x000001d7d7677800,
0x000001d7d767e800, 0x000001d7d767b000, 0x000001d7d7678800, 0x000001d7d767f000,
0x000001d7d7679800, 0x000001d7d7685800, 0x000001d7d7680800, 0x000001d7d7681800,
0x000001d7d7685000, 0x000001d7d7683000, 0x000001d7d7680000, 0x000001d7d7682800,
0x000001d7d7684000, 0x000001d7d450b000, 0x000001d7d450a000, 0x000001d7d4509800,
0x000001d7d4508800, 0x000001d7d450c000, 0x000001d7d450c800, 0x000001d7d4507000,
0x000001d7d450d800, 0x000001d7d4507800, 0x000001d7d4512800, 0x000001d7d4514000,
0x000001d7d450f000, 0x000001d7d4513000, 0x000001d7d4510800, 0x000001d7d450e000,
0x000001d7d4510000, 0x000001d7d4511800, 0x000001d7d4515800, 0x000001d7d4515000,
0x000001d7d567e000, 0x000001d7d567b000, 0x000001d7d567b800, 0x000001d7d567f000,
0x000001d7d567c800, 0x000001d7d567d000, 0x000001d7d567a000, 0x000001d7d5679000,
0x000001d7d567f800, 0x000001d7d97fc800, 0x000001d7d97fe800, 0x000001d7d97fd800,
0x000001d7d97ff000, 0x000001d7d9800000, 0x000001d7d9801000, 0x000001d7d9801800,
0x000001d7d97fc000, 0x000001d7d9807800, 0x000001d7d9803800, 0x000001d7d9804000,
0x000001d7d9805000, 0x000001d7d9802800, 0x000001d7d9805800, 0x000001d7d9809000,
0x000001d7d9806800, 0x000001d7d9808000, 0x000001d7d980a000, 0x000001d7d980a800,
0x000001d7d631a000, 0x000001d7d631c000, 0x000001d7d631e800, 0x000001d7d631a800,
0x000001d7d631d000, 0x000001d7d631f800, 0x000001d7d6320800, 0x000001d7d6321000,
0x000001d7d631b800, 0x000001d7d631e000, 0x000001d7d6327000, 0x000001d7d6325000,
0x000001d7d6322000, 0x000001d7d6327800, 0x000001d7d6323800, 0x000001d7d6324800,
0x000001d7d6326000, 0x000001d7d6328800, 0x000001d7d6bcb000, 0x000001d7d6bc7000,
0x000001d7d6bc7800, 0x000001d7d6bc9800, 0x000001d7d6bc5800, 0x000001d7d6bca000,
0x000001d7d6bcc000, 0x000001d7d6bc6000, 0x000001d7d6bcc800
}

Java Threads: ( => current thread )
  0x000001d7b479e800 JavaThread "main" [_thread_blocked, id=12628, stack(0x000000d431a00000,0x000000d431b00000)]
  0x000001d7d35ce000 JavaThread "Reference Handler" daemon [_thread_blocked, id=388, stack(0x000000d432100000,0x000000d432200000)]
  0x000001d7d35d7800 JavaThread "Finalizer" daemon [_thread_blocked, id=1308, stack(0x000000d432200000,0x000000d432300000)]
  0x000001d7d35e6000 JavaThread "Signal Dispatcher" daemon [_thread_blocked, id=6096, stack(0x000000d432300000,0x000000d432400000)]
  0x000001d7d35e8000 JavaThread "Attach Listener" daemon [_thread_blocked, id=11076, stack(0x000000d432400000,0x000000d432500000)]
  0x000001d7d35e9800 JavaThread "Service Thread" daemon [_thread_blocked, id=3940, stack(0x000000d432500000,0x000000d432600000)]
  0x000001d7d35ef000 JavaThread "C2 CompilerThread0" daemon [_thread_blocked, id=9004, stack(0x000000d432600000,0x000000d432700000)]
  0x000001d7d35f1000 JavaThread "C1 CompilerThread0" daemon [_thread_blocked, id=10376, stack(0x000000d432700000,0x000000d432800000)]
  0x000001d7d35f2000 JavaThread "Sweeper thread" daemon [_thread_blocked, id=9872, stack(0x000000d432800000,0x000000d432900000)]
  0x000001d7d40e0800 JavaThread "Common-Cleaner" daemon [_thread_blocked, id=12356, stack(0x000000d432900000,0x000000d432a00000)]
  0x000001d7d686d000 JavaThread "Daemon health stats" [_thread_blocked, id=9176, stack(0x000000d432f00000,0x000000d433000000)]
  0x000001d7d6f6c800 JavaThread "Incoming local TCP Connector on port 53504" [_thread_in_native, id=14268, stack(0x000000d432b00000,0x000000d432c00000)]
  0x000001d7d4ac8000 JavaThread "Daemon periodic checks" [_thread_blocked, id=1156, stack(0x000000d432e00000,0x000000d432f00000)]
  0x000001d7d550d000 JavaThread "Daemon" [_thread_blocked, id=4456, stack(0x000000d433000000,0x000000d433100000)]
  0x000001d7d69cb000 JavaThread "Handler for socket connection from /127.0.0.1:53504 to /127.0.0.1:53505" [_thread_in_native, id=4368, stack(0x000000d433100000,0x000000d433200000)]
  0x000001d7d62aa800 JavaThread "Cancel handler" [_thread_blocked, id=11544, stack(0x000000d433200000,0x000000d433300000)]
  0x000001d7d69cc000 JavaThread "Daemon worker" [_thread_blocked, id=1164, stack(0x000000d433300000,0x000000d433400000)]
  0x000001d7d5aed800 JavaThread "Asynchronous log dispatcher for DefaultDaemonConnection: socket connection from /127.0.0.1:53504 to /127.0.0.1:53505" [_thread_blocked, id=8816, stack(0x000000d433400000,0x000000d433500000)]
  0x000001d7d5aee800 JavaThread "Stdin handler" [_thread_blocked, id=4952, stack(0x000000d433500000,0x000000d433600000)]
  0x000001d7d5607800 JavaThread "Daemon client event forwarder" [_thread_blocked, id=13696, stack(0x000000d433600000,0x000000d433700000)]
  0x000001d7d6eff800 JavaThread "C2 CompilerThread1" daemon [_thread_blocked, id=13132, stack(0x000000d433700000,0x000000d433800000)]
  0x000001d7d5608800 JavaThread "Cache worker for journal cache (C:\Users\OmarTaha\.gradle\caches\journal-1)" [_thread_blocked, id=9972, stack(0x000000d433d00000,0x000000d433e00000)]
  0x000001d7d5609000 JavaThread "File lock request listener" [_thread_in_native, id=10928, stack(0x000000d433e00000,0x000000d433f00000)]
  0x000001d7d5606800 JavaThread "Cache worker for file hash cache (C:\Users\OmarTaha\.gradle\caches\7.1-rc-1\fileHashes)" [_thread_blocked, id=8068, stack(0x000000d433f00000,0x000000d434000000)]
  0x000001d7d6fcf000 JavaThread "Cache worker for file hash cache (C:\Users\OmarTaha\AndroidStudioProjects\GMS\.gradle\7.1-rc-1\fileHashes)" [_thread_blocked, id=6420, stack(0x000000d434100000,0x000000d434200000)]
  0x000001d7d6fcd000 JavaThread "File watcher server" daemon [_thread_blocked, id=7572, stack(0x000000d434200000,0x000000d434300000)]
  0x000001d7d6fcc800 JavaThread "File watcher consumer" daemon [_thread_blocked, id=8964, stack(0x000000d434300000,0x000000d434400000)]
  0x000001d7d6fd0800 JavaThread "Cache worker for checksums cache (C:\Users\OmarTaha\AndroidStudioProjects\GMS\.gradle\checksums)" [_thread_blocked, id=10320, stack(0x000000d434400000,0x000000d434500000)]
  0x000001d7d6fce000 JavaThread "Cache worker for cache directory md-supplier (C:\Users\OmarTaha\.gradle\caches\7.1-rc-1\md-supplier)" [_thread_blocked, id=11324, stack(0x000000d434500000,0x000000d434600000)]
  0x000001d7d6fcf800 JavaThread "Cache worker for cache directory md-rule (C:\Users\OmarTaha\.gradle\caches\7.1-rc-1\md-rule)" [_thread_blocked, id=11072, stack(0x000000d434600000,0x000000d434700000)]
  0x000001d7d7d31800 JavaThread "C2 CompilerThread2" daemon [_thread_in_native, id=12024, stack(0x000000d434700000,0x000000d434800000)]
  0x000001d7d6fcb000 JavaThread "Cache worker for execution history cache (C:\Users\OmarTaha\.gradle\caches\7.1-rc-1\executionHistory)" [_thread_blocked, id=10508, stack(0x000000d434800000,0x000000d434900000)]
  0x000001d7d6fcb800 JavaThread "jar transforms" [_thread_blocked, id=13252, stack(0x000000d434900000,0x000000d434a00000)]
  0x000001d7d6fd3000 JavaThread "jar transforms Thread 2" [_thread_blocked, id=2416, stack(0x000000d434a00000,0x000000d434b00000)]
  0x000001d7d6fd8000 JavaThread "Cache worker for file content cache (C:\Users\OmarTaha\.gradle\caches\7.1-rc-1\fileContent)" [_thread_blocked, id=10696, stack(0x000000d434b00000,0x000000d434c00000)]
  0x000001d7d6fd5800 JavaThread "Cache worker for dependencies-accessors (C:\Users\OmarTaha\AndroidStudioProjects\GMS\.gradle\7.1-rc-1\dependencies-accessors)" [_thread_blocked, id=1516, stack(0x000000d434c00000,0x000000d434d00000)]
  0x000001d7d6fd6000 JavaThread "jar transforms Thread 3" [_thread_blocked, id=4484, stack(0x000000d434d00000,0x000000d434e00000)]
  0x000001d7d6fd4800 JavaThread "Cache worker for Build Output Cleanup Cache (C:\Users\OmarTaha\AndroidStudioProjects\GMS\.gradle\buildOutputCleanup)" [_thread_blocked, id=11424, stack(0x000000d434e00000,0x000000d434f00000)]
  0x000001d7d6fd8800 JavaThread "Unconstrained build operations" [_thread_blocked, id=13900, stack(0x000000d434f00000,0x000000d435000000)]
  0x000001d7d6fd9800 JavaThread "Unconstrained build operations Thread 2" [_thread_blocked, id=7340, stack(0x000000d435000000,0x000000d435100000)]
  0x000001d7d6fd3800 JavaThread "Unconstrained build operations Thread 3" [_thread_blocked, id=6488, stack(0x000000d435100000,0x000000d435200000)]
  0x000001d7d6fd7000 JavaThread "Unconstrained build operations Thread 4" [_thread_blocked, id=1548, stack(0x000000d435200000,0x000000d435300000)]
  0x000001d7d767c000 JavaThread "Unconstrained build operations Thread 5" [_thread_blocked, id=13908, stack(0x000000d435300000,0x000000d435400000)]
  0x000001d7d767a000 JavaThread "Unconstrained build operations Thread 6" [_thread_blocked, id=9996, stack(0x000000d435400000,0x000000d435500000)]
  0x000001d7d7677000 JavaThread "Unconstrained build operations Thread 7" [_thread_blocked, id=7020, stack(0x000000d435500000,0x000000d435600000)]
  0x000001d7d767c800 JavaThread "Unconstrained build operations Thread 8" [_thread_blocked, id=1772, stack(0x000000d435600000,0x000000d435700000)]
  0x000001d7d767d800 JavaThread "Unconstrained build operations Thread 9" [_thread_blocked, id=6188, stack(0x000000d435700000,0x000000d435800000)]
  0x000001d7d7677800 JavaThread "Unconstrained build operations Thread 10" [_thread_blocked, id=14292, stack(0x000000d435800000,0x000000d435900000)]
  0x000001d7d767e800 JavaThread "Unconstrained build operations Thread 11" [_thread_blocked, id=5564, stack(0x000000d435900000,0x000000d435a00000)]
  0x000001d7d767b000 JavaThread "Unconstrained build operations Thread 12" [_thread_blocked, id=9876, stack(0x000000d435a00000,0x000000d435b00000)]
  0x000001d7d7678800 JavaThread "Unconstrained build operations Thread 13" [_thread_blocked, id=1320, stack(0x000000d435b00000,0x000000d435c00000)]
  0x000001d7d767f000 JavaThread "Unconstrained build operations Thread 14" [_thread_blocked, id=14296, stack(0x000000d435c00000,0x000000d435d00000)]
  0x000001d7d7679800 JavaThread "Unconstrained build operations Thread 15" [_thread_blocked, id=13668, stack(0x000000d435d00000,0x000000d435e00000)]
  0x000001d7d7685800 JavaThread "Unconstrained build operations Thread 16" [_thread_blocked, id=11504, stack(0x000000d435e00000,0x000000d435f00000)]
  0x000001d7d7680800 JavaThread "Unconstrained build operations Thread 17" [_thread_blocked, id=14176, stack(0x000000d435f00000,0x000000d436000000)]
  0x000001d7d7681800 JavaThread "Unconstrained build operations Thread 18" [_thread_blocked, id=11484, stack(0x000000d436000000,0x000000d436100000)]
  0x000001d7d7685000 JavaThread "Unconstrained build operations Thread 19" [_thread_blocked, id=13412, stack(0x000000d436100000,0x000000d436200000)]
  0x000001d7d7683000 JavaThread "Unconstrained build operations Thread 20" [_thread_blocked, id=12420, stack(0x000000d436200000,0x000000d436300000)]
  0x000001d7d7680000 JavaThread "Unconstrained build operations Thread 21" [_thread_blocked, id=2940, stack(0x000000d436300000,0x000000d436400000)]
  0x000001d7d7682800 JavaThread "Unconstrained build operations Thread 22" [_thread_blocked, id=6536, stack(0x000000d436400000,0x000000d436500000)]
  0x000001d7d7684000 JavaThread "Unconstrained build operations Thread 23" [_thread_blocked, id=12092, stack(0x000000d436500000,0x000000d436600000)]
  0x000001d7d450b000 JavaThread "Unconstrained build operations Thread 24" [_thread_blocked, id=6432, stack(0x000000d436600000,0x000000d436700000)]
  0x000001d7d450a000 JavaThread "Unconstrained build operations Thread 25" [_thread_blocked, id=3716, stack(0x000000d436700000,0x000000d436800000)]
  0x000001d7d4509800 JavaThread "Unconstrained build operations Thread 26" [_thread_blocked, id=1020, stack(0x000000d436800000,0x000000d436900000)]
  0x000001d7d4508800 JavaThread "Unconstrained build operations Thread 27" [_thread_blocked, id=3784, stack(0x000000d436900000,0x000000d436a00000)]
  0x000001d7d450c000 JavaThread "Unconstrained build operations Thread 28" [_thread_blocked, id=5572, stack(0x000000d436a00000,0x000000d436b00000)]
  0x000001d7d450c800 JavaThread "Unconstrained build operations Thread 29" [_thread_blocked, id=12604, stack(0x000000d436b00000,0x000000d436c00000)]
  0x000001d7d4507000 JavaThread "Unconstrained build operations Thread 30" [_thread_blocked, id=13644, stack(0x000000d436c00000,0x000000d436d00000)]
  0x000001d7d450d800 JavaThread "Unconstrained build operations Thread 31" [_thread_blocked, id=13704, stack(0x000000d436d00000,0x000000d436e00000)]
  0x000001d7d4507800 JavaThread "Unconstrained build operations Thread 32" [_thread_blocked, id=8972, stack(0x000000d436e00000,0x000000d436f00000)]
  0x000001d7d4512800 JavaThread "Unconstrained build operations Thread 33" [_thread_blocked, id=9832, stack(0x000000d436f00000,0x000000d437000000)]
  0x000001d7d4514000 JavaThread "Unconstrained build operations Thread 34" [_thread_blocked, id=8596, stack(0x000000d437000000,0x000000d437100000)]
  0x000001d7d450f000 JavaThread "Unconstrained build operations Thread 35" [_thread_blocked, id=10172, stack(0x000000d437100000,0x000000d437200000)]
  0x000001d7d4513000 JavaThread "Unconstrained build operations Thread 36" [_thread_blocked, id=14076, stack(0x000000d437200000,0x000000d437300000)]
  0x000001d7d4510800 JavaThread "Unconstrained build operations Thread 37" [_thread_blocked, id=144, stack(0x000000d437300000,0x000000d437400000)]
  0x000001d7d450e000 JavaThread "Unconstrained build operations Thread 38" [_thread_blocked, id=12148, stack(0x000000d437400000,0x000000d437500000)]
  0x000001d7d4510000 JavaThread "Unconstrained build operations Thread 39" [_thread_blocked, id=7856, stack(0x000000d437500000,0x000000d437600000)]
  0x000001d7d4511800 JavaThread "Unconstrained build operations Thread 40" [_thread_blocked, id=3248, stack(0x000000d437600000,0x000000d437700000)]
  0x000001d7d4515800 JavaThread "Unconstrained build operations Thread 41" [_thread_blocked, id=12168, stack(0x000000d437700000,0x000000d437800000)]
  0x000001d7d4515000 JavaThread "Unconstrained build operations Thread 42" [_thread_blocked, id=3636, stack(0x000000d437800000,0x000000d437900000)]
  0x000001d7d567e000 JavaThread "Unconstrained build operations Thread 43" [_thread_blocked, id=5244, stack(0x000000d437900000,0x000000d437a00000)]
  0x000001d7d567b000 JavaThread "Unconstrained build operations Thread 44" [_thread_blocked, id=3152, stack(0x000000d437a00000,0x000000d437b00000)]
  0x000001d7d567b800 JavaThread "Unconstrained build operations Thread 45" [_thread_blocked, id=9408, stack(0x000000d437b00000,0x000000d437c00000)]
  0x000001d7d567f000 JavaThread "Unconstrained build operations Thread 46" [_thread_blocked, id=3284, stack(0x000000d437c00000,0x000000d437d00000)]
  0x000001d7d567c800 JavaThread "Unconstrained build operations Thread 47" [_thread_blocked, id=4840, stack(0x000000d437d00000,0x000000d437e00000)]
  0x000001d7d567d000 JavaThread "Unconstrained build operations Thread 48" [_thread_blocked, id=6908, stack(0x000000d437e00000,0x000000d437f00000)]
  0x000001d7d567a000 JavaThread "Unconstrained build operations Thread 49" [_thread_blocked, id=1792, stack(0x000000d437f00000,0x000000d438000000)]
  0x000001d7d5679000 JavaThread "Unconstrained build operations Thread 50" [_thread_blocked, id=4744, stack(0x000000d438000000,0x000000d438100000)]
  0x000001d7d567f800 JavaThread "Unconstrained build operations Thread 51" [_thread_blocked, id=9800, stack(0x000000d438100000,0x000000d438200000)]
  0x000001d7d97fc800 JavaThread "Unconstrained build operations Thread 52" [_thread_blocked, id=12720, stack(0x000000d438200000,0x000000d438300000)]
  0x000001d7d97fe800 JavaThread "Unconstrained build operations Thread 53" [_thread_blocked, id=14052, stack(0x000000d438300000,0x000000d438400000)]
  0x000001d7d97fd800 JavaThread "Unconstrained build operations Thread 54" [_thread_blocked, id=8992, stack(0x000000d438400000,0x000000d438500000)]
  0x000001d7d97ff000 JavaThread "Unconstrained build operations Thread 55" [_thread_blocked, id=1932, stack(0x000000d438500000,0x000000d438600000)]
  0x000001d7d9800000 JavaThread "Unconstrained build operations Thread 56" [_thread_blocked, id=4764, stack(0x000000d438600000,0x000000d438700000)]
  0x000001d7d9801000 JavaThread "Unconstrained build operations Thread 57" [_thread_blocked, id=12196, stack(0x000000d438700000,0x000000d438800000)]
  0x000001d7d9801800 JavaThread "Unconstrained build operations Thread 58" [_thread_blocked, id=11684, stack(0x000000d438800000,0x000000d438900000)]
  0x000001d7d97fc000 JavaThread "Unconstrained build operations Thread 59" [_thread_blocked, id=10032, stack(0x000000d438900000,0x000000d438a00000)]
  0x000001d7d9807800 JavaThread "Unconstrained build operations Thread 60" [_thread_blocked, id=10416, stack(0x000000d438a00000,0x000000d438b00000)]
  0x000001d7d9803800 JavaThread "Unconstrained build operations Thread 61" [_thread_blocked, id=2356, stack(0x000000d438b00000,0x000000d438c00000)]
  0x000001d7d9804000 JavaThread "Unconstrained build operations Thread 62" [_thread_blocked, id=4632, stack(0x000000d438c00000,0x000000d438d00000)]
  0x000001d7d9805000 JavaThread "Unconstrained build operations Thread 63" [_thread_blocked, id=2808, stack(0x000000d438d00000,0x000000d438e00000)]
  0x000001d7d9802800 JavaThread "Unconstrained build operations Thread 64" [_thread_blocked, id=11004, stack(0x000000d438e00000,0x000000d438f00000)]
  0x000001d7d9805800 JavaThread "Unconstrained build operations Thread 65" [_thread_blocked, id=6820, stack(0x000000d438f00000,0x000000d439000000)]
  0x000001d7d9809000 JavaThread "Unconstrained build operations Thread 66" [_thread_blocked, id=5072, stack(0x000000d439000000,0x000000d439100000)]
  0x000001d7d9806800 JavaThread "Unconstrained build operations Thread 67" [_thread_blocked, id=12812, stack(0x000000d439100000,0x000000d439200000)]
  0x000001d7d9808000 JavaThread "Unconstrained build operations Thread 68" [_thread_blocked, id=11084, stack(0x000000d439200000,0x000000d439300000)]
  0x000001d7d980a000 JavaThread "Unconstrained build operations Thread 69" [_thread_blocked, id=11716, stack(0x000000d439300000,0x000000d439400000)]
  0x000001d7d980a800 JavaThread "Unconstrained build operations Thread 70" [_thread_blocked, id=4452, stack(0x000000d439400000,0x000000d439500000)]
  0x000001d7d631a000 JavaThread "Unconstrained build operations Thread 71" [_thread_blocked, id=1044, stack(0x000000d439500000,0x000000d439600000)]
  0x000001d7d631c000 JavaThread "Unconstrained build operations Thread 72" [_thread_blocked, id=4788, stack(0x000000d439600000,0x000000d439700000)]
  0x000001d7d631e800 JavaThread "Unconstrained build operations Thread 73" [_thread_blocked, id=6192, stack(0x000000d439700000,0x000000d439800000)]
  0x000001d7d631a800 JavaThread "Unconstrained build operations Thread 74" [_thread_blocked, id=10028, stack(0x000000d439800000,0x000000d439900000)]
  0x000001d7d631d000 JavaThread "Unconstrained build operations Thread 75" [_thread_blocked, id=8944, stack(0x000000d439900000,0x000000d439a00000)]
  0x000001d7d631f800 JavaThread "Unconstrained build operations Thread 76" [_thread_blocked, id=11600, stack(0x000000d439a00000,0x000000d439b00000)]
  0x000001d7d6320800 JavaThread "Unconstrained build operations Thread 77" [_thread_blocked, id=6964, stack(0x000000d439b00000,0x000000d439c00000)]
  0x000001d7d6321000 JavaThread "Unconstrained build operations Thread 78" [_thread_blocked, id=13532, stack(0x000000d439c00000,0x000000d439d00000)]
  0x000001d7d631b800 JavaThread "Unconstrained build operations Thread 79" [_thread_blocked, id=7364, stack(0x000000d439d00000,0x000000d439e00000)]
  0x000001d7d631e000 JavaThread "Unconstrained build operations Thread 80" [_thread_blocked, id=12872, stack(0x000000d439e00000,0x000000d439f00000)]
  0x000001d7d6327000 JavaThread "jar transforms Thread 4" [_thread_blocked, id=13256, stack(0x000000d439f00000,0x000000d43a000000)]
  0x000001d7d6325000 JavaThread "jar transforms Thread 5" [_thread_blocked, id=624, stack(0x000000d43a000000,0x000000d43a100000)]
  0x000001d7d6322000 JavaThread "jar transforms Thread 6" [_thread_blocked, id=10572, stack(0x000000d43a100000,0x000000d43a200000)]
  0x000001d7d6327800 JavaThread "jar transforms Thread 7" [_thread_blocked, id=13672, stack(0x000000d43a200000,0x000000d43a300000)]
  0x000001d7d6323800 JavaThread "jar transforms Thread 8" [_thread_blocked, id=2584, stack(0x000000d43a300000,0x000000d43a400000)]
  0x000001d7d6324800 JavaThread "Memory manager" [_thread_blocked, id=14132, stack(0x000000d43a400000,0x000000d43a500000)]
  0x000001d7d6326000 JavaThread "build event listener" [_thread_blocked, id=13524, stack(0x000000d43a500000,0x000000d43a600000)]
  0x000001d7d6328800 JavaThread "pool-3-thread-1" [_thread_blocked, id=4396, stack(0x000000d43a600000,0x000000d43a700000)]
  0x000001d7d6bcb000 JavaThread "build event listener" [_thread_blocked, id=11400, stack(0x000000d43a700000,0x000000d43a800000)]
  0x000001d7d6bc7000 JavaThread "Execution worker for ':'" [_thread_blocked, id=2272, stack(0x000000d43a800000,0x000000d43a900000)]
  0x000001d7d6bc7800 JavaThread "Execution worker for ':' Thread 2" [_thread_blocked, id=10472, stack(0x000000d43a900000,0x000000d43aa00000)]
  0x000001d7d6bc9800 JavaThread "Execution worker for ':' Thread 3" [_thread_blocked, id=8504, stack(0x000000d43aa00000,0x000000d43ab00000)]
  0x000001d7d6bc5800 JavaThread "Execution worker for ':' Thread 4" [_thread_blocked, id=2544, stack(0x000000d43ab00000,0x000000d43ac00000)]
  0x000001d7d6bca000 JavaThread "Execution worker for ':' Thread 5" [_thread_blocked, id=7960, stack(0x000000d43ac00000,0x000000d43ad00000)]
  0x000001d7d6bcc000 JavaThread "Execution worker for ':' Thread 6" [_thread_blocked, id=8408, stack(0x000000d43ad00000,0x000000d43ae00000)]
  0x000001d7d6bc6000 JavaThread "Execution worker for ':' Thread 7" [_thread_blocked, id=11456, stack(0x000000d43ae00000,0x000000d43af00000)]
  0x000001d7d6bcc800 JavaThread "Cache worker for execution history cache (C:\Users\OmarTaha\AndroidStudioProjects\GMS\.gradle\7.1-rc-1\executionHistory)" [_thread_blocked, id=13400, stack(0x000000d43af00000,0x000000d43b000000)]

Other Threads:
=>0x000001d7d35c8800 VMThread "VM Thread" [stack: 0x000000d432000000,0x000000d432100000] [id=3256]
  0x000001d7d40d9000 WatcherThread [stack: 0x000000d432a00000,0x000000d432b00000] [id=4600]
  0x000001d7b47b6800 GCTaskThread "GC Thread#0" [stack: 0x000000d431b00000,0x000000d431c00000] [id=7832]
  0x000001d7d4b40000 GCTaskThread "GC Thread#1" [stack: 0x000000d432c00000,0x000000d432d00000] [id=11252]
  0x000001d7d466f800 GCTaskThread "GC Thread#2" [stack: 0x000000d432d00000,0x000000d432e00000] [id=12360]
  0x000001d7d656e800 GCTaskThread "GC Thread#3" [stack: 0x000000d433800000,0x000000d433900000] [id=13664]
  0x000001d7d5e32000 GCTaskThread "GC Thread#4" [stack: 0x000000d433900000,0x000000d433a00000] [id=6752]
  0x000001d7d5e5d800 GCTaskThread "GC Thread#5" [stack: 0x000000d433a00000,0x000000d433b00000] [id=4232]
  0x000001d7d5e53800 GCTaskThread "GC Thread#6" [stack: 0x000000d433b00000,0x000000d433c00000] [id=7748]
  0x000001d7d6319000 GCTaskThread "GC Thread#7" [stack: 0x000000d433c00000,0x000000d433d00000] [id=6116]
  0x000001d7b47e8800 ConcurrentGCThread "G1 Main Marker" [stack: 0x000000d431c00000,0x000000d431d00000] [id=6132]
  0x000001d7b47e9800 ConcurrentGCThread "G1 Conc#0" [stack: 0x000000d431d00000,0x000000d431e00000] [id=8488]
  0x000001d7d6188000 ConcurrentGCThread "G1 Conc#1" [stack: 0x000000d434000000,0x000000d434100000] [id=10216]
  0x000001d7d3420800 ConcurrentGCThread "G1 Refine#0" [stack: 0x000000d431e00000,0x000000d431f00000] [id=3576]
  0x000001d7d3421800 ConcurrentGCThread "G1 Young RemSet Sampling" [stack: 0x000000d431f00000,0x000000d432000000] [id=9160]

Threads with active compile tasks:
C2 CompilerThread0  11396 8966       4       java.util.stream.AbstractPipeline::wrapAndCopyInto (18 bytes)
C2 CompilerThread1  11396 8880   !   4       java.util.concurrent.ConcurrentHashMap::putVal (432 bytes)
C2 CompilerThread2  11396 8079       4       org.gradle.internal.instantiation.generator.AbstractClassGenerator::inspectType (560 bytes)

VM state:at safepoint (normal execution)

VM Mutex/Monitor currently owned by a thread:  ([mutex/lock_event])
[0x000001d7b479b650] Threads_lock - owner thread: 0x000001d7d35c8800
[0x000001d7b479a960] Heap_lock - owner thread: 0x000001d7d5606800

Heap address: 0x0000000080000000, size: 2048 MB, Compressed Oops mode: 32-bit
Narrow klass base: 0x0000000000000000, Narrow klass shift: 3
Compressed class space size: 1073741824 Address: 0x0000000100000000

Heap:
 garbage-first heap   total 187392K, used 82287K [0x0000000080000000, 0x0000000100000000)
  region size 1024K, 7 young (7168K), 7 survivors (7168K)
 Metaspace       used 82876K, capacity 85082K, committed 85324K, reserved 1122304K
  class space    used 10697K, capacity 11516K, committed 11596K, reserved 1048576K
Heap Regions: E=young(eden), S=young(survivor), O=old, HS=humongous(starts), HC=humongous(continues), CS=collection set, F=free, A=archive, TAMS=top-at-mark-start (previous, next)
|   0|0x0000000080000000, 0x0000000080100000, 0x0000000080100000|100%| O|  |TAMS 0x0000000080100000, 0x0000000080000000| Untracked 
|   1|0x0000000080100000, 0x0000000080200000, 0x0000000080200000|100%| O|  |TAMS 0x0000000080200000, 0x0000000080100000| Untracked 
|   2|0x0000000080200000, 0x0000000080300000, 0x0000000080300000|100%| O|  |TAMS 0x0000000080300000, 0x0000000080200000| Untracked 
|   3|0x0000000080300000, 0x0000000080400000, 0x0000000080400000|100%|HS|  |TAMS 0x0000000080400000, 0x0000000080300000| Complete 
|   4|0x0000000080400000, 0x0000000080500000, 0x0000000080500000|100%|HC|  |TAMS 0x0000000080500000, 0x0000000080400000| Complete 
|   5|0x0000000080500000, 0x0000000080600000, 0x0000000080600000|100%|HC|  |TAMS 0x0000000080600000, 0x0000000080500000| Complete 
|   6|0x0000000080600000, 0x0000000080700000, 0x0000000080700000|100%| O|  |TAMS 0x0000000080700000, 0x0000000080600000| Untracked 
|   7|0x0000000080700000, 0x0000000080800000, 0x0000000080800000|100%| O|  |TAMS 0x0000000080800000, 0x0000000080700000| Untracked 
|   8|0x0000000080800000, 0x0000000080900000, 0x0000000080900000|100%| O|  |TAMS 0x0000000080900000, 0x0000000080800000| Untracked 
|   9|0x0000000080900000, 0x0000000080a00000, 0x0000000080a00000|100%| O|  |TAMS 0x0000000080a00000, 0x0000000080900000| Untracked 
|  10|0x0000000080a00000, 0x0000000080b00000, 0x0000000080b00000|100%| O|  |TAMS 0x0000000080b00000, 0x0000000080a00000| Untracked 
|  11|0x0000000080b00000, 0x0000000080c00000, 0x0000000080c00000|100%| O|  |TAMS 0x0000000080c00000, 0x0000000080b00000| Untracked 
|  12|0x0000000080c00000, 0x0000000080d00000, 0x0000000080d00000|100%| O|  |TAMS 0x0000000080d00000, 0x0000000080c00000| Untracked 
|  13|0x0000000080d00000, 0x0000000080e00000, 0x0000000080e00000|100%| O|  |TAMS 0x0000000080e00000, 0x0000000080d00000| Untracked 
|  14|0x0000000080e00000, 0x0000000080f00000, 0x0000000080f00000|100%| O|  |TAMS 0x0000000080f00000, 0x0000000080e00000| Untracked 
|  15|0x0000000080f00000, 0x0000000081000000, 0x0000000081000000|100%| O|  |TAMS 0x0000000081000000, 0x0000000080f00000| Untracked 
|  16|0x0000000081000000, 0x0000000081100000, 0x0000000081100000|100%|HS|  |TAMS 0x0000000081100000, 0x0000000081000000| Complete 
|  17|0x0000000081100000, 0x0000000081200000, 0x0000000081200000|100%| O|  |TAMS 0x0000000081200000, 0x0000000081100000| Untracked 
|  18|0x0000000081200000, 0x0000000081300000, 0x0000000081300000|100%| O|  |TAMS 0x0000000081300000, 0x0000000081200000| Untracked 
|  19|0x0000000081300000, 0x0000000081400000, 0x0000000081400000|100%| O|  |TAMS 0x0000000081400000, 0x0000000081300000| Untracked 
|  20|0x0000000081400000, 0x0000000081500000, 0x0000000081500000|100%| O|  |TAMS 0x0000000081500000, 0x0000000081400000| Untracked 
|  21|0x0000000081500000, 0x0000000081600000, 0x0000000081600000|100%| O|  |TAMS 0x0000000081600000, 0x0000000081500000| Untracked 
|  22|0x0000000081600000, 0x0000000081700000, 0x0000000081700000|100%| O|  |TAMS 0x0000000081700000, 0x0000000081600000| Untracked 
|  23|0x0000000081700000, 0x0000000081800000, 0x0000000081800000|100%| O|  |TAMS 0x0000000081800000, 0x0000000081700000| Untracked 
|  24|0x0000000081800000, 0x0000000081900000, 0x0000000081900000|100%| O|  |TAMS 0x0000000081900000, 0x0000000081800000| Untracked 
|  25|0x0000000081900000, 0x0000000081a00000, 0x0000000081a00000|100%| O|  |TAMS 0x0000000081a00000, 0x0000000081900000| Untracked 
|  26|0x0000000081a00000, 0x0000000081b00000, 0x0000000081b00000|100%| O|  |TAMS 0x0000000081b00000, 0x0000000081a00000| Untracked 
|  27|0x0000000081b00000, 0x0000000081c00000, 0x0000000081c00000|100%|HS|  |TAMS 0x0000000081c00000, 0x0000000081b00000| Complete 
|  28|0x0000000081c00000, 0x0000000081d00000, 0x0000000081d00000|100%|HS|  |TAMS 0x0000000081d00000, 0x0000000081c00000| Complete 
|  29|0x0000000081d00000, 0x0000000081e00000, 0x0000000081e00000|100%|HC|  |TAMS 0x0000000081e00000, 0x0000000081d00000| Complete 
|  30|0x0000000081e00000, 0x0000000081f00000, 0x0000000081f00000|100%|HC|  |TAMS 0x0000000081f00000, 0x0000000081e00000| Complete 
|  31|0x0000000081f00000, 0x0000000082000000, 0x0000000082000000|100%|HS|  |TAMS 0x0000000082000000, 0x0000000081f00000| Complete 
|  32|0x0000000082000000, 0x0000000082100000, 0x0000000082100000|100%|HC|  |TAMS 0x0000000082100000, 0x0000000082000000| Complete 
|  33|0x0000000082100000, 0x0000000082200000, 0x0000000082200000|100%| O|  |TAMS 0x0000000082200000, 0x0000000082100000| Untracked 
|  34|0x0000000082200000, 0x0000000082300000, 0x0000000082300000|100%| O|  |TAMS 0x0000000082300000, 0x0000000082200000| Untracked 
|  35|0x0000000082300000, 0x0000000082400000, 0x0000000082400000|100%| O|  |TAMS 0x0000000082400000, 0x0000000082300000| Untracked 
|  36|0x0000000082400000, 0x0000000082500000, 0x0000000082500000|100%| O|  |TAMS 0x0000000082500000, 0x0000000082400000| Untracked 
|  37|0x0000000082500000, 0x0000000082600000, 0x0000000082600000|100%| O|  |TAMS 0x0000000082600000, 0x0000000082500000| Untracked 
|  38|0x0000000082600000, 0x0000000082700000, 0x0000000082700000|100%| O|  |TAMS 0x0000000082700000, 0x0000000082600000| Untracked 
|  39|0x0000000082700000, 0x0000000082800000, 0x0000000082800000|100%| O|  |TAMS 0x0000000082800000, 0x0000000082700000| Untracked 
|  40|0x0000000082800000, 0x0000000082900000, 0x0000000082900000|100%| O|  |TAMS 0x0000000082900000, 0x0000000082800000| Untracked 
|  41|0x0000000082900000, 0x0000000082a00000, 0x0000000082a00000|100%| O|  |TAMS 0x0000000082a00000, 0x0000000082900000| Untracked 
|  42|0x0000000082a00000, 0x0000000082b00000, 0x0000000082b00000|100%| O|  |TAMS 0x0000000082b00000, 0x0000000082a00000| Untracked 
|  43|0x0000000082b00000, 0x0000000082c00000, 0x0000000082c00000|100%| O|  |TAMS 0x0000000082c00000, 0x0000000082b00000| Untracked 
|  44|0x0000000082c00000, 0x0000000082d00000, 0x0000000082d00000|100%| O|  |TAMS 0x0000000082d00000, 0x0000000082c00000| Untracked 
|  45|0x0000000082d00000, 0x0000000082e00000, 0x0000000082e00000|100%| O|  |TAMS 0x0000000082e00000, 0x0000000082d00000| Untracked 
|  46|0x0000000082e00000, 0x0000000082f00000, 0x0000000082f00000|100%| O|  |TAMS 0x0000000082f00000, 0x0000000082e00000| Untracked 
|  47|0x0000000082f00000, 0x0000000083000000, 0x0000000083000000|100%| O|  |TAMS 0x0000000082f41200, 0x0000000082f00000| Untracked 
|  48|0x0000000083000000, 0x0000000083100000, 0x0000000083100000|100%| O|  |TAMS 0x0000000083000000, 0x0000000083000000| Untracked 
|  49|0x0000000083100000, 0x0000000083200000, 0x0000000083200000|100%| O|  |TAMS 0x0000000083100000, 0x0000000083100000| Untracked 
|  50|0x0000000083200000, 0x0000000083300000, 0x0000000083300000|100%| O|  |TAMS 0x0000000083200000, 0x0000000083200000| Untracked 
|  51|0x0000000083300000, 0x0000000083400000, 0x0000000083400000|100%| O|  |TAMS 0x0000000083300000, 0x0000000083300000| Untracked 
|  52|0x0000000083400000, 0x0000000083500000, 0x0000000083500000|100%| O|  |TAMS 0x0000000083400000, 0x0000000083400000| Untracked 
|  53|0x0000000083500000, 0x0000000083600000, 0x0000000083600000|100%| O|  |TAMS 0x0000000083500000, 0x0000000083500000| Untracked 
|  54|0x0000000083600000, 0x0000000083700000, 0x0000000083700000|100%| O|  |TAMS 0x0000000083600000, 0x0000000083600000| Untracked 
|  55|0x0000000083700000, 0x0000000083800000, 0x0000000083800000|100%| O|  |TAMS 0x0000000083700000, 0x0000000083700000| Untracked 
|  56|0x0000000083800000, 0x0000000083900000, 0x0000000083900000|100%| O|  |TAMS 0x0000000083800000, 0x0000000083800000| Untracked 
|  57|0x0000000083900000, 0x0000000083a00000, 0x0000000083a00000|100%| O|  |TAMS 0x0000000083900000, 0x0000000083900000| Untracked 
|  58|0x0000000083a00000, 0x0000000083b00000, 0x0000000083b00000|100%| O|  |TAMS 0x0000000083a00000, 0x0000000083a00000| Untracked 
|  59|0x0000000083b00000, 0x0000000083c00000, 0x0000000083c00000|100%| O|  |TAMS 0x0000000083b00000, 0x0000000083b00000| Untracked 
|  60|0x0000000083c00000, 0x0000000083d00000, 0x0000000083d00000|100%| O|  |TAMS 0x0000000083c00000, 0x0000000083c00000| Untracked 
|  61|0x0000000083d00000, 0x0000000083e00000, 0x0000000083e00000|100%| O|  |TAMS 0x0000000083d00000, 0x0000000083d00000| Untracked 
|  62|0x0000000083e00000, 0x0000000083f00000, 0x0000000083f00000|100%| O|  |TAMS 0x0000000083e00000, 0x0000000083e00000| Untracked 
|  63|0x0000000083f00000, 0x0000000084000000, 0x0000000084000000|100%| O|  |TAMS 0x0000000083f00000, 0x0000000083f00000| Untracked 
|  64|0x0000000084000000, 0x0000000084100000, 0x0000000084100000|100%| O|  |TAMS 0x0000000084000000, 0x0000000084000000| Untracked 
|  65|0x0000000084100000, 0x0000000084200000, 0x0000000084200000|100%| O|  |TAMS 0x0000000084100000, 0x0000000084100000| Untracked 
|  66|0x0000000084200000, 0x0000000084300000, 0x0000000084300000|100%| O|  |TAMS 0x0000000084200000, 0x0000000084200000| Untracked 
|  67|0x0000000084300000, 0x0000000084400000, 0x0000000084400000|100%| O|  |TAMS 0x0000000084300000, 0x0000000084300000| Untracked 
|  68|0x0000000084400000, 0x0000000084500000, 0x0000000084500000|100%| O|  |TAMS 0x0000000084400000, 0x0000000084400000| Untracked 
|  69|0x0000000084500000, 0x0000000084600000, 0x0000000084600000|100%| O|  |TAMS 0x0000000084500000, 0x0000000084500000| Untracked 
|  70|0x0000000084600000, 0x0000000084700000, 0x0000000084700000|100%| O|  |TAMS 0x0000000084600000, 0x0000000084600000| Untracked 
|  71|0x0000000084700000, 0x0000000084800000, 0x0000000084800000|100%| O|  |TAMS 0x0000000084700000, 0x0000000084700000| Untracked 
|  72|0x0000000084800000, 0x0000000084900000, 0x0000000084900000|100%| O|  |TAMS 0x0000000084800000, 0x0000000084800000| Untracked 
|  73|0x0000000084900000, 0x0000000084a00000, 0x0000000084a00000|100%| O|  |TAMS 0x0000000084900000, 0x0000000084900000| Untracked 
|  74|0x0000000084a00000, 0x0000000084a00000, 0x0000000084b00000|  0%| F|  |TAMS 0x0000000084a00000, 0x0000000084a00000| Untracked 
|  75|0x0000000084b00000, 0x0000000084b00000, 0x0000000084c00000|  0%| F|  |TAMS 0x0000000084b00000, 0x0000000084b00000| Untracked 
|  76|0x0000000084c00000, 0x0000000084c00000, 0x0000000084d00000|  0%| F|  |TAMS 0x0000000084c00000, 0x0000000084c00000| Untracked 
|  77|0x0000000084d00000, 0x0000000084d00000, 0x0000000084e00000|  0%| F|  |TAMS 0x0000000084d00000, 0x0000000084d00000| Untracked 
|  78|0x0000000084e00000, 0x0000000084e00000, 0x0000000084f00000|  0%| F|  |TAMS 0x0000000084e00000, 0x0000000084e00000| Untracked 
|  79|0x0000000084f00000, 0x0000000084f00000, 0x0000000085000000|  0%| F|  |TAMS 0x0000000084f00000, 0x0000000084f00000| Untracked 
|  80|0x0000000085000000, 0x0000000085000000, 0x0000000085100000|  0%| F|  |TAMS 0x0000000085000000, 0x0000000085000000| Untracked 
|  81|0x0000000085100000, 0x0000000085100000, 0x0000000085200000|  0%| F|  |TAMS 0x0000000085100000, 0x0000000085100000| Untracked 
|  82|0x0000000085200000, 0x0000000085200000, 0x0000000085300000|  0%| F|  |TAMS 0x0000000085200000, 0x0000000085200000| Untracked 
|  83|0x0000000085300000, 0x0000000085300000, 0x0000000085400000|  0%| F|  |TAMS 0x0000000085300000, 0x0000000085300000| Untracked 
|  84|0x0000000085400000, 0x0000000085400000, 0x0000000085500000|  0%| F|  |TAMS 0x0000000085400000, 0x0000000085400000| Untracked 
|  85|0x0000000085500000, 0x0000000085500000, 0x0000000085600000|  0%| F|  |TAMS 0x0000000085500000, 0x0000000085500000| Untracked 
|  86|0x0000000085600000, 0x0000000085600000, 0x0000000085700000|  0%| F|  |TAMS 0x0000000085600000, 0x0000000085600000| Untracked 
|  87|0x0000000085700000, 0x0000000085700000, 0x0000000085800000|  0%| F|  |TAMS 0x0000000085700000, 0x0000000085700000| Untracked 
|  88|0x0000000085800000, 0x0000000085800000, 0x0000000085900000|  0%| F|  |TAMS 0x0000000085800000, 0x0000000085800000| Untracked 
|  89|0x0000000085900000, 0x0000000085900000, 0x0000000085a00000|  0%| F|  |TAMS 0x0000000085900000, 0x0000000085900000| Untracked 
|  90|0x0000000085a00000, 0x0000000085a00000, 0x0000000085b00000|  0%| F|  |TAMS 0x0000000085a00000, 0x0000000085a00000| Untracked 
|  91|0x0000000085b00000, 0x0000000085b00000, 0x0000000085c00000|  0%| F|  |TAMS 0x0000000085b00000, 0x0000000085b00000| Untracked 
|  92|0x0000000085c00000, 0x0000000085c00000, 0x0000000085d00000|  0%| F|  |TAMS 0x0000000085c00000, 0x0000000085c00000| Untracked 
|  93|0x0000000085d00000, 0x0000000085d00000, 0x0000000085e00000|  0%| F|  |TAMS 0x0000000085d00000, 0x0000000085d00000| Untracked 
|  94|0x0000000085e00000, 0x0000000085e00000, 0x0000000085f00000|  0%| F|  |TAMS 0x0000000085e00000, 0x0000000085e00000| Untracked 
|  95|0x0000000085f00000, 0x0000000085f00000, 0x0000000086000000|  0%| F|  |TAMS 0x0000000085f00000, 0x0000000085f00000| Untracked 
|  96|0x0000000086000000, 0x000000008605be10, 0x0000000086100000| 35%| S|CS|TAMS 0x0000000086000000, 0x0000000086000000| Complete 
|  97|0x0000000086100000, 0x0000000086100000, 0x0000000086200000|  0%| F|  |TAMS 0x0000000086100000, 0x0000000086100000| Untracked 
|  98|0x0000000086200000, 0x0000000086300000, 0x0000000086300000|100%| S|CS|TAMS 0x0000000086200000, 0x0000000086200000| Complete 
|  99|0x0000000086300000, 0x0000000086300000, 0x0000000086400000|  0%| F|  |TAMS 0x0000000086300000, 0x0000000086300000| Untracked 
| 100|0x0000000086400000, 0x0000000086500000, 0x0000000086500000|100%| S|CS|TAMS 0x0000000086400000, 0x0000000086400000| Complete 
| 101|0x0000000086500000, 0x0000000086600000, 0x0000000086600000|100%| S|CS|TAMS 0x0000000086500000, 0x0000000086500000| Complete 
| 102|0x0000000086600000, 0x0000000086700000, 0x0000000086700000|100%| S|CS|TAMS 0x0000000086600000, 0x0000000086600000| Complete 
| 103|0x0000000086700000, 0x0000000086800000, 0x0000000086800000|100%| S|CS|TAMS 0x0000000086700000, 0x0000000086700000| Complete 
| 104|0x0000000086800000, 0x0000000086900000, 0x0000000086900000|100%| S|CS|TAMS 0x0000000086800000, 0x0000000086800000| Complete 
| 105|0x0000000086900000, 0x0000000086900000, 0x0000000086a00000|  0%| F|  |TAMS 0x0000000086900000, 0x0000000086900000| Untracked 
| 106|0x0000000086a00000, 0x0000000086a00000, 0x0000000086b00000|  0%| F|  |TAMS 0x0000000086a00000, 0x0000000086a00000| Untracked 
| 107|0x0000000086b00000, 0x0000000086b00000, 0x0000000086c00000|  0%| F|  |TAMS 0x0000000086b00000, 0x0000000086b00000| Untracked 
| 108|0x0000000086c00000, 0x0000000086c00000, 0x0000000086d00000|  0%| F|  |TAMS 0x0000000086c00000, 0x0000000086c00000| Untracked 
| 109|0x0000000086d00000, 0x0000000086d00000, 0x0000000086e00000|  0%| F|  |TAMS 0x0000000086d00000, 0x0000000086d00000| Untracked 
| 110|0x0000000086e00000, 0x0000000086e00000, 0x0000000086f00000|  0%| F|  |TAMS 0x0000000086e00000, 0x0000000086e00000| Untracked 
| 111|0x0000000086f00000, 0x0000000086f00000, 0x0000000087000000|  0%| F|  |TAMS 0x0000000086f00000, 0x0000000086f00000| Untracked 
| 112|0x0000000087000000, 0x0000000087000000, 0x0000000087100000|  0%| F|  |TAMS 0x0000000087000000, 0x0000000087000000| Untracked 
| 113|0x0000000087100000, 0x0000000087100000, 0x0000000087200000|  0%| F|  |TAMS 0x0000000087100000, 0x0000000087100000| Untracked 
| 114|0x0000000087200000, 0x0000000087200000, 0x0000000087300000|  0%| F|  |TAMS 0x0000000087200000, 0x0000000087200000| Untracked 
| 115|0x0000000087300000, 0x0000000087300000, 0x0000000087400000|  0%| F|  |TAMS 0x0000000087300000, 0x0000000087300000| Untracked 
| 116|0x0000000087400000, 0x0000000087400000, 0x0000000087500000|  0%| F|  |TAMS 0x0000000087400000, 0x0000000087400000| Untracked 
| 117|0x0000000087500000, 0x0000000087500000, 0x0000000087600000|  0%| F|  |TAMS 0x0000000087500000, 0x0000000087500000| Untracked 
| 118|0x0000000087600000, 0x0000000087600000, 0x0000000087700000|  0%| F|  |TAMS 0x0000000087600000, 0x0000000087600000| Untracked 
| 119|0x0000000087700000, 0x0000000087700000, 0x0000000087800000|  0%| F|  |TAMS 0x0000000087700000, 0x0000000087700000| Untracked 
| 120|0x0000000087800000, 0x0000000087800000, 0x0000000087900000|  0%| F|  |TAMS 0x0000000087800000, 0x0000000087800000| Untracked 
| 121|0x0000000087900000, 0x0000000087900000, 0x0000000087a00000|  0%| F|  |TAMS 0x0000000087900000, 0x0000000087900000| Untracked 
| 122|0x0000000087a00000, 0x0000000087a00000, 0x0000000087b00000|  0%| F|  |TAMS 0x0000000087a00000, 0x0000000087a00000| Untracked 
| 123|0x0000000087b00000, 0x0000000087b00000, 0x0000000087c00000|  0%| F|  |TAMS 0x0000000087b00000, 0x0000000087b00000| Untracked 
| 124|0x0000000087c00000, 0x0000000087c00000, 0x0000000087d00000|  0%| F|  |TAMS 0x0000000087c00000, 0x0000000087c00000| Untracked 
| 125|0x0000000087d00000, 0x0000000087d00000, 0x0000000087e00000|  0%| F|  |TAMS 0x0000000087d00000, 0x0000000087d00000| Untracked 
| 126|0x0000000087e00000, 0x0000000087e00000, 0x0000000087f00000|  0%| F|  |TAMS 0x0000000087e00000, 0x0000000087e00000| Untracked 
| 127|0x0000000087f00000, 0x0000000087f00000, 0x0000000088000000|  0%| F|  |TAMS 0x0000000087f00000, 0x0000000087f00000| Untracked 
| 128|0x0000000088000000, 0x0000000088000000, 0x0000000088100000|  0%| F|  |TAMS 0x0000000088000000, 0x0000000088000000| Untracked 
| 129|0x0000000088100000, 0x0000000088100000, 0x0000000088200000|  0%| F|  |TAMS 0x0000000088100000, 0x0000000088100000| Untracked 
| 130|0x0000000088200000, 0x0000000088200000, 0x0000000088300000|  0%| F|  |TAMS 0x0000000088200000, 0x0000000088200000| Untracked 
| 131|0x0000000088300000, 0x0000000088300000, 0x0000000088400000|  0%| F|  |TAMS 0x0000000088300000, 0x0000000088300000| Untracked 
| 132|0x0000000088400000, 0x0000000088400000, 0x0000000088500000|  0%| F|  |TAMS 0x0000000088400000, 0x0000000088400000| Untracked 
| 133|0x0000000088500000, 0x0000000088500000, 0x0000000088600000|  0%| F|  |TAMS 0x0000000088500000, 0x0000000088500000| Untracked 
| 134|0x0000000088600000, 0x0000000088600000, 0x0000000088700000|  0%| F|  |TAMS 0x0000000088600000, 0x0000000088600000| Untracked 
| 135|0x0000000088700000, 0x0000000088700000, 0x0000000088800000|  0%| F|  |TAMS 0x0000000088700000, 0x0000000088700000| Untracked 
| 136|0x0000000088800000, 0x0000000088800000, 0x0000000088900000|  0%| F|  |TAMS 0x0000000088800000, 0x0000000088800000| Untracked 
| 137|0x0000000088900000, 0x0000000088900000, 0x0000000088a00000|  0%| F|  |TAMS 0x0000000088900000, 0x0000000088900000| Untracked 
| 138|0x0000000088a00000, 0x0000000088a00000, 0x0000000088b00000|  0%| F|  |TAMS 0x0000000088a00000, 0x0000000088a00000| Untracked 
| 139|0x0000000088b00000, 0x0000000088b00000, 0x0000000088c00000|  0%| F|  |TAMS 0x0000000088b00000, 0x0000000088b00000| Untracked 
| 140|0x0000000088c00000, 0x0000000088c00000, 0x0000000088d00000|  0%| F|  |TAMS 0x0000000088c00000, 0x0000000088c00000| Untracked 
| 141|0x0000000088d00000, 0x0000000088d00000, 0x0000000088e00000|  0%| F|  |TAMS 0x0000000088d00000, 0x0000000088d00000| Untracked 
| 142|0x0000000088e00000, 0x0000000088e00000, 0x0000000088f00000|  0%| F|  |TAMS 0x0000000088e00000, 0x0000000088e00000| Untracked 
| 143|0x0000000088f00000, 0x0000000088f00000, 0x0000000089000000|  0%| F|  |TAMS 0x0000000088f00000, 0x0000000088f00000| Untracked 
| 144|0x0000000089000000, 0x0000000089000000, 0x0000000089100000|  0%| F|  |TAMS 0x0000000089000000, 0x0000000089000000| Untracked 
| 145|0x0000000089100000, 0x0000000089100000, 0x0000000089200000|  0%| F|  |TAMS 0x0000000089100000, 0x0000000089100000| Untracked 
| 146|0x0000000089200000, 0x0000000089200000, 0x0000000089300000|  0%| F|  |TAMS 0x0000000089200000, 0x0000000089200000| Untracked 
| 147|0x0000000089300000, 0x0000000089300000, 0x0000000089400000|  0%| F|  |TAMS 0x0000000089300000, 0x0000000089300000| Untracked 
| 148|0x0000000089400000, 0x0000000089400000, 0x0000000089500000|  0%| F|  |TAMS 0x0000000089400000, 0x0000000089400000| Untracked 
| 149|0x0000000089500000, 0x0000000089500000, 0x0000000089600000|  0%| F|  |TAMS 0x0000000089500000, 0x0000000089500000| Untracked 
| 150|0x0000000089600000, 0x0000000089600000, 0x0000000089700000|  0%| F|  |TAMS 0x0000000089600000, 0x0000000089600000| Untracked 
| 151|0x0000000089700000, 0x0000000089700000, 0x0000000089800000|  0%| F|  |TAMS 0x0000000089700000, 0x0000000089700000| Untracked 

Card table byte_map: [0x000001d7cc380000,0x000001d7cc780000] _byte_map_base: 0x000001d7cbf80000

Marking Bits (Prev, Next): (CMBitMap*) 0x000001d7b47df8a0, (CMBitMap*) 0x000001d7b47df868
 Prev Bits: [0x000001d7ceb80000, 0x000001d7d0b80000)
 Next Bits: [0x000001d7ccb80000, 0x000001d7ceb80000)

Polling page: 0x000001d7b3f70000

Metaspace:

Usage:
  Non-class:     71.84 MB capacity,    70.49 MB ( 98%) used,     1.13 MB (  2%) free+waste,   234.00 KB ( <1%) overhead. 
      Class:     11.25 MB capacity,    10.45 MB ( 93%) used,   709.49 KB (  6%) free+waste,   108.75 KB ( <1%) overhead. 
       Both:     83.09 MB capacity,    80.93 MB ( 97%) used,     1.82 MB (  2%) free+waste,   342.75 KB ( <1%) overhead. 

Virtual space:
  Non-class space:       72.00 MB reserved,      72.00 MB (100%) committed 
      Class space:        1.00 GB reserved,      11.32 MB (  1%) committed 
             Both:        1.07 GB reserved,      83.32 MB (  8%) committed 

Chunk freelists:
   Non-Class:  4.25 KB
       Class:  0 bytes
        Both:  4.25 KB

CodeHeap 'non-profiled nmethods': size=120000Kb used=5395Kb max_used=5395Kb free=114605Kb
 bounds [0x000001d7c4720000, 0x000001d7c4c70000, 0x000001d7cbc50000]
CodeHeap 'profiled nmethods': size=120000Kb used=19631Kb max_used=19631Kb free=100369Kb
 bounds [0x000001d7bd1f0000, 0x000001d7be520000, 0x000001d7c4720000]
CodeHeap 'non-nmethods': size=5760Kb used=2272Kb max_used=2344Kb free=3487Kb
 bounds [0x000001d7bcc50000, 0x000001d7bcec0000, 0x000001d7bd1f0000]
 total_blobs=9855 nmethods=8985 adapters=781
 compilation: enabled
              stopped_count=0, restarted_count=0
 full_count=0

Compilation events (10 events):
Event: 11.333 Thread 0x000001d7d35f1000 9040   !   3       org.gradle.internal.snapshot.impl.DirectorySnapshotter$PathVisitor::doVisitFile (306 bytes)
Event: 11.334 Thread 0x000001d7d35ef000 nmethod 8838 0x000001d7c4c63290 code [0x000001d7c4c63480, 0x000001d7c4c64400]
Event: 11.334 Thread 0x000001d7d35ef000 8966       4       java.util.stream.AbstractPipeline::wrapAndCopyInto (18 bytes)
Event: 11.336 Thread 0x000001d7d35f1000 nmethod 9040 0x000001d7be513d90 code [0x000001d7be514320, 0x000001d7be5174b8]
Event: 11.336 Thread 0x000001d7d35f1000 9041   !   3       org.gradle.internal.snapshot.impl.DirectorySnapshotter$PathVisitor::snapshotFile (119 bytes)
Event: 11.338 Thread 0x000001d7d35f1000 nmethod 9041 0x000001d7be518e10 code [0x000001d7be519180, 0x000001d7be51aa48]
Event: 11.338 Thread 0x000001d7d35f1000 9042       3       org.gradle.internal.snapshot.impl.DirectorySnapshotterStatistics$CollectingFileVisitor::visitFile (10 bytes)
Event: 11.339 Thread 0x000001d7d35f1000 nmethod 9042 0x000001d7be51b490 code [0x000001d7be51b660, 0x000001d7be51ba68]
Event: 11.339 Thread 0x000001d7d35f1000 9043       1       org.gradle.internal.snapshot.MerkleDirectorySnapshotBuilder::access$000 (5 bytes)
Event: 11.339 Thread 0x000001d7d35f1000 nmethod 9043 0x000001d7c4c64910 code [0x000001d7c4c64aa0, 0x000001d7c4c64b38]

GC Heap History (10 events):
Event: 7.298 GC heap after
{Heap after GC invocations=14 (full 0):
 garbage-first heap   total 155648K, used 57736K [0x0000000080000000, 0x0000000100000000)
  region size 1024K, 6 young (6144K), 6 survivors (6144K)
 Metaspace       used 64069K, capacity 65587K, committed 65740K, reserved 1105920K
  class space    used 8050K, capacity 8583K, committed 8652K, reserved 1048576K
}
Event: 7.813 GC heap before
{Heap before GC invocations=14 (full 0):
 garbage-first heap   total 155648K, used 114056K [0x0000000080000000, 0x0000000100000000)
  region size 1024K, 61 young (62464K), 6 survivors (6144K)
 Metaspace       used 66954K, capacity 68482K, committed 68812K, reserved 1110016K
  class space    used 8483K, capacity 9054K, committed 9164K, reserved 1048576K
}
Event: 7.821 GC heap after
{Heap after GC invocations=15 (full 0):
 garbage-first heap   total 155648K, used 62703K [0x0000000080000000, 0x0000000100000000)
  region size 1024K, 5 young (5120K), 5 survivors (5120K)
 Metaspace       used 66954K, capacity 68482K, committed 68812K, reserved 1110016K
  class space    used 8483K, capacity 9054K, committed 9164K, reserved 1048576K
}
Event: 8.626 GC heap before
{Heap before GC invocations=15 (full 0):
 garbage-first heap   total 155648K, used 117999K [0x0000000080000000, 0x0000000100000000)
  region size 1024K, 59 young (60416K), 5 survivors (5120K)
 Metaspace       used 70887K, capacity 72571K, committed 72780K, reserved 1112064K
  class space    used 9111K, capacity 9771K, committed 9804K, reserved 1048576K
}
Event: 8.634 GC heap after
{Heap after GC invocations=16 (full 0):
 garbage-first heap   total 155648K, used 66356K [0x0000000080000000, 0x0000000100000000)
  region size 1024K, 4 young (4096K), 4 survivors (4096K)
 Metaspace       used 70887K, capacity 72571K, committed 72780K, reserved 1112064K
  class space    used 9111K, capacity 9771K, committed 9804K, reserved 1048576K
}
Event: 9.617 GC heap before
{Heap before GC invocations=16 (full 0):
 garbage-first heap   total 155648K, used 120628K [0x0000000080000000, 0x0000000100000000)
  region size 1024K, 57 young (58368K), 4 survivors (4096K)
 Metaspace       used 76928K, capacity 78746K, committed 78796K, reserved 1118208K
  class space    used 9973K, capacity 10680K, committed 10700K, reserved 1048576K
}
Event: 9.624 GC heap after
{Heap after GC invocations=17 (full 0):
 garbage-first heap   total 155648K, used 69577K [0x0000000080000000, 0x0000000100000000)
  region size 1024K, 7 young (7168K), 7 survivors (7168K)
 Metaspace       used 76928K, capacity 78746K, committed 78796K, reserved 1118208K
  class space    used 9973K, capacity 10680K, committed 10700K, reserved 1048576K
}
Event: 10.485 GC heap before
{Heap before GC invocations=17 (full 0):
 garbage-first heap   total 155648K, used 121801K [0x0000000080000000, 0x0000000100000000)
  region size 1024K, 59 young (60416K), 7 survivors (7168K)
 Metaspace       used 81035K, capacity 82988K, committed 83148K, reserved 1122304K
  class space    used 10463K, capacity 11195K, committed 11212K, reserved 1048576K
}
Event: 10.499 GC heap after
{Heap after GC invocations=18 (full 0):
 garbage-first heap   total 155648K, used 75616K [0x0000000080000000, 0x0000000100000000)
  region size 1024K, 8 young (8192K), 8 survivors (8192K)
 Metaspace       used 81035K, capacity 82988K, committed 83148K, reserved 1122304K
  class space    used 10463K, capacity 11195K, committed 11212K, reserved 1048576K
}
Event: 11.347 GC heap before
{Heap before GC invocations=18 (full 0):
 garbage-first heap   total 155648K, used 122720K [0x0000000080000000, 0x0000000100000000)
  region size 1024K, 55 young (56320K), 8 survivors (8192K)
 Metaspace       used 82876K, capacity 85082K, committed 85324K, reserved 1122304K
  class space    used 10697K, capacity 11516K, committed 11596K, reserved 1048576K
}

Deoptimization events (10 events):
Event: 11.021 Thread 0x000001d7d6bc9800 Uncommon trap: reason=bimorphic_or_optimized_type_check action=maybe_recompile pc=0x000001d7c4a48b24 method=java.util.concurrent.ConcurrentHashMap.putVal(Ljava/lang/Object;Ljava/lang/Object;Z)Ljava/lang/Object; @ 242 c2
Event: 11.021 Thread 0x000001d7d6bc9800 Uncommon trap: reason=bimorphic_or_optimized_type_check action=maybe_recompile pc=0x000001d7c4a48b24 method=java.util.concurrent.ConcurrentHashMap.putVal(Ljava/lang/Object;Ljava/lang/Object;Z)Ljava/lang/Object; @ 242 c2
Event: 11.047 Thread 0x000001d7d6bc9800 Uncommon trap: reason=bimorphic_or_optimized_type_check action=maybe_recompile pc=0x000001d7c4a48b24 method=java.util.concurrent.ConcurrentHashMap.putVal(Ljava/lang/Object;Ljava/lang/Object;Z)Ljava/lang/Object; @ 242 c2
Event: 11.089 Thread 0x000001d7d6bc9800 Uncommon trap: reason=unstable_if action=reinterpret pc=0x000001d7c4c418e0 method=com.esotericsoftware.kryo.io.Input.readAscii()Ljava/lang/String; @ 23 c2
Event: 11.102 Thread 0x000001d7d6bc9800 Uncommon trap: reason=intrinsic_or_type_checked_inlining action=make_not_entrant pc=0x000001d7c4c3b04c method=java.util.ArrayList$SubList.toArray([Ljava/lang/Object;)[Ljava/lang/Object; @ 58 c2
Event: 11.161 Thread 0x000001d7d6bc9800 Uncommon trap: reason=bimorphic_or_optimized_type_check action=maybe_recompile pc=0x000001d7c4a84fe0 method=java.util.Arrays.binarySearch0([Ljava/lang/Object;IILjava/lang/Object;Ljava/util/Comparator;)I @ 48 c2
Event: 11.161 Thread 0x000001d7d6bc9800 Uncommon trap: reason=bimorphic_or_optimized_type_check action=maybe_recompile pc=0x000001d7c4a84fe0 method=java.util.Arrays.binarySearch0([Ljava/lang/Object;IILjava/lang/Object;Ljava/util/Comparator;)I @ 48 c2
Event: 11.203 Thread 0x000001d7d6fd9800 Uncommon trap: reason=unstable_if action=reinterpret pc=0x000001d7c49dc09c method=org.gradle.internal.snapshot.VfsRelativePath.hasPrefix(Ljava/lang/String;Lorg/gradle/internal/snapshot/CaseSensitivity;)Z @ 90 c2
Event: 11.297 Thread 0x000001d7d9809000 Uncommon trap: reason=unstable_if action=reinterpret pc=0x000001d7c4779bd0 method=java.lang.StringLatin1.compareToCI([B[B)I @ 68 c2
Event: 11.297 Thread 0x000001d7d9809000 Uncommon trap: reason=unstable_if action=reinterpret pc=0x000001d7c4777e18 method=java.lang.StringLatin1.compareToCI([B[B)I @ 68 c2

Classes redefined (0 events):
No events

Internal exceptions (10 events):
Event: 10.481 Thread 0x000001d7d6bc9800 Exception <a 'java/lang/IncompatibleClassChangeError'{0x00000000864e8020}: Found class java.lang.Object, but interface was expected> (0x00000000864e8020) thrown at [./open/src/hotspot/share/interpreter/linkResolver.cpp, line 838]
Event: 10.503 Thread 0x000001d7d6bc9800 Exception <a 'java/lang/IncompatibleClassChangeError'{0x0000000089724608}: Found class java.lang.Object, but interface was expected> (0x0000000089724608) thrown at [./open/src/hotspot/share/interpreter/linkResolver.cpp, line 838]
Event: 11.150 Thread 0x000001d7d6bc9800 Exception <a 'java/lang/NoSuchMethodError'{0x0000000087fddac0}: java.lang.invoke.DirectMethodHandle$Holder.invokeStatic(Ljava/lang/Object;Ljava/lang/Object;Ljava/lang/Object;Ljava/lang/Object;ILjava/lang/Object;Ljava/lang/Object;)V> (0x0000000087fddac0) t
Event: 11.190 Thread 0x000001d7d4515800 Exception <a 'java/lang/NoSuchMethodError'{0x00000000878d5168}: java.lang.invoke.DirectMethodHandle$Holder.invokeSpecialIFC(Ljava/lang/Object;Ljava/lang/Object;Ljava/lang/Object;)Ljava/lang/Object;> (0x00000000878d5168) thrown at [./open/src/hotspot/share
Event: 11.190 Thread 0x000001d7d6fd7000 Exception <a 'java/lang/NoSuchMethodError'{0x0000000087885d28}: java.lang.invoke.DirectMethodHandle$Holder.invokeSpecialIFC(Ljava/lang/Object;Ljava/lang/Object;Ljava/lang/Object;)Ljava/lang/Object;> (0x0000000087885d28) thrown at [./open/src/hotspot/share
Event: 11.190 Thread 0x000001d7d980a800 Exception <a 'java/lang/NoSuchMethodError'{0x00000000878fa378}: java.lang.invoke.DirectMethodHandle$Holder.invokeSpecialIFC(Ljava/lang/Object;Ljava/lang/Object;Ljava/lang/Object;)Ljava/lang/Object;> (0x00000000878fa378) thrown at [./open/src/hotspot/share
Event: 11.191 Thread 0x000001d7d97fc800 Exception <a 'java/lang/NoSuchMethodError'{0x00000000878c0d18}: java.lang.invoke.DirectMethodHandle$Holder.invokeSpecialIFC(Ljava/lang/Object;Ljava/lang/Object;Ljava/lang/Object;)Ljava/lang/Object;> (0x00000000878c0d18) thrown at [./open/src/hotspot/share
Event: 11.191 Thread 0x000001d7d631e800 Exception <a 'java/lang/NoSuchMethodError'{0x00000000878e0a20}: java.lang.invoke.DirectMethodHandle$Holder.invokeSpecialIFC(Ljava/lang/Object;Ljava/lang/Object;Ljava/lang/Object;)Ljava/lang/Object;> (0x00000000878e0a20) thrown at [./open/src/hotspot/share
Event: 11.190 Thread 0x000001d7d6fd9800 Exception <a 'java/lang/NoSuchMethodError'{0x00000000878ef2e0}: java.lang.invoke.DirectMethodHandle$Holder.invokeSpecialIFC(Ljava/lang/Object;Ljava/lang/Object;Ljava/lang/Object;)Ljava/lang/Object;> (0x00000000878ef2e0) thrown at [./open/src/hotspot/share
Event: 11.232 Thread 0x000001d7d631e800 Exception <a 'java/lang/NoSuchMethodError'{0x0000000087469830}: java.lang.invoke.DirectMethodHandle$Holder.invokeStaticInit(Ljava/lang/Object;Ljava/lang/Object;Ljava/lang/Object;Ljava/lang/Object;Ljava/lang/Object;)I> (0x0000000087469830) thrown at [./ope

Events (10 events):
Event: 11.304 loading class org/gradle/internal/snapshot/RelativePathTracker done
Event: 11.304 loading class org/gradle/internal/snapshot/FileSystemLocationSnapshot
Event: 11.304 loading class org/gradle/internal/snapshot/FileSystemLocationSnapshot done
Event: 11.304 loading class org/gradle/internal/snapshot/RelativePathTracker
Event: 11.304 loading class org/gradle/internal/snapshot/RelativePathTracker done
Event: 11.309 Executing VM operation: RevokeBias
Event: 11.309 Executing VM operation: RevokeBias done
Event: 11.323 Thread 0x000001d7d6fd9800 DEOPT PACKING pc=0x000001d7be4fb391 sp=0x000000d4350fb370
Event: 11.324 Thread 0x000001d7d6fd9800 DEOPT UNPACKING pc=0x000001d7bcc76dde sp=0x000000d4350fa838 mode 0
Event: 11.347 Executing VM operation: G1CollectForAllocation


Dynamic libraries:
0x00007ff741f30000 - 0x00007ff741f3f000 	C:\Program Files\Java\jdk-11.0.12\bin\java.exe
0x00007ffa993a0000 - 0x00007ffa99590000 	C:\Windows\SYSTEM32\ntdll.dll
0x00007ffa992a0000 - 0x00007ffa99352000 	C:\Windows\System32\KERNEL32.DLL
0x00007ffa96340000 - 0x00007ffa965e5000 	C:\Windows\System32\KERNELBASE.dll
0x00007ffa971f0000 - 0x00007ffa972ea000 	C:\Windows\System32\ucrtbase.dll
0x00007ffa926d0000 - 0x00007ffa926e5000 	C:\Program Files\Java\jdk-11.0.12\bin\VCRUNTIME140.dll
0x00007ffa92440000 - 0x00007ffa92458000 	C:\Program Files\Java\jdk-11.0.12\bin\jli.dll
0x00007ffa97450000 - 0x00007ffa974f3000 	C:\Windows\System32\ADVAPI32.dll
0x00007ffa983e0000 - 0x00007ffa9847e000 	C:\Windows\System32\msvcrt.dll
0x00007ffa982d0000 - 0x00007ffa98367000 	C:\Windows\System32\sechost.dll
0x00007ffa97ad0000 - 0x00007ffa97bef000 	C:\Windows\System32\RPCRT4.dll
0x00007ffa98080000 - 0x00007ffa98214000 	C:\Windows\System32\USER32.dll
0x00007ffa96310000 - 0x00007ffa96331000 	C:\Windows\System32\win32u.dll
0x00007ffa98dd0000 - 0x00007ffa98df6000 	C:\Windows\System32\GDI32.dll
0x00007ffa96e50000 - 0x00007ffa96fe8000 	C:\Windows\System32\gdi32full.dll
0x00007ffa97010000 - 0x00007ffa970ae000 	C:\Windows\System32\msvcp_win.dll
0x00007ffa84330000 - 0x00007ffa845b4000 	C:\Windows\WinSxS\amd64_microsoft.windows.common-controls_6595b64144ccf1df_6.0.18362.1556_none_9e7e372fe45e41d5\COMCTL32.dll
0x00007ffa97ce0000 - 0x00007ffa98016000 	C:\Windows\System32\combase.dll
0x00007ffa970b0000 - 0x00007ffa97131000 	C:\Windows\System32\bcryptPrimitives.dll
0x00007ffa8e010000 - 0x00007ffa8e01a000 	C:\Windows\SYSTEM32\VERSION.dll
0x00007ffa982a0000 - 0x00007ffa982ce000 	C:\Windows\System32\IMM32.DLL
0x00007ffa908e0000 - 0x00007ffa9097b000 	C:\Program Files\Java\jdk-11.0.12\bin\msvcp140.dll
0x00007ffa57030000 - 0x00007ffa57b2f000 	C:\Program Files\Java\jdk-11.0.12\bin\server\jvm.dll
0x00007ffa98e00000 - 0x00007ffa98e08000 	C:\Windows\System32\PSAPI.DLL
0x00007ffa92600000 - 0x00007ffa92624000 	C:\Windows\SYSTEM32\WINMM.dll
0x00007ffa91560000 - 0x00007ffa91569000 	C:\Windows\SYSTEM32\WSOCK32.dll
0x00007ffa98370000 - 0x00007ffa983df000 	C:\Windows\System32\WS2_32.dll
0x00007ffa925d0000 - 0x00007ffa925fd000 	C:\Windows\SYSTEM32\winmmbase.dll
0x00007ffa971a0000 - 0x00007ffa971ea000 	C:\Windows\System32\cfgmgr32.dll
0x00007ffa96260000 - 0x00007ffa96271000 	C:\Windows\System32\kernel.appcore.dll
0x00007ffa91520000 - 0x00007ffa91530000 	C:\Program Files\Java\jdk-11.0.12\bin\verify.dll
0x00007ffa822c0000 - 0x00007ffa824b4000 	C:\Windows\SYSTEM32\DBGHELP.DLL
0x00007ffa681f0000 - 0x00007ffa6821a000 	C:\Windows\SYSTEM32\dbgcore.DLL
0x00007ffa909d0000 - 0x00007ffa909f8000 	C:\Program Files\Java\jdk-11.0.12\bin\java.dll
0x00007ffa91510000 - 0x00007ffa9151a000 	C:\Program Files\Java\jdk-11.0.12\bin\jimage.dll
0x00007ffa909b0000 - 0x00007ffa909c6000 	C:\Program Files\Java\jdk-11.0.12\bin\zip.dll
0x00007ffa98560000 - 0x00007ffa98c47000 	C:\Windows\System32\SHELL32.dll
0x00007ffa98d20000 - 0x00007ffa98dc8000 	C:\Windows\System32\shcore.dll
0x00007ffa966a0000 - 0x00007ffa96e1b000 	C:\Windows\System32\windows.storage.dll
0x00007ffa962f0000 - 0x00007ffa9630e000 	C:\Windows\System32\profapi.dll
0x00007ffa96280000 - 0x00007ffa962ca000 	C:\Windows\System32\powrprof.dll
0x00007ffa96250000 - 0x00007ffa96260000 	C:\Windows\System32\UMPDC.dll
0x00007ffa98020000 - 0x00007ffa98072000 	C:\Windows\System32\shlwapi.dll
0x00007ffa96ff0000 - 0x00007ffa97007000 	C:\Windows\System32\cryptsp.dll
0x00007ffa90990000 - 0x00007ffa909a9000 	C:\Program Files\Java\jdk-11.0.12\bin\net.dll
0x00007ffa885d0000 - 0x00007ffa886ca000 	C:\Windows\SYSTEM32\WINHTTP.dll
0x00007ffa95a90000 - 0x00007ffa95af7000 	C:\Windows\system32\mswsock.dll
0x00007ffa908c0000 - 0x00007ffa908d2000 	C:\Program Files\Java\jdk-11.0.12\bin\nio.dll
0x00007ffa8e550000 - 0x00007ffa8e577000 	C:\Users\OmarTaha\.gradle\native\8bec1ad78214c89d9ad589b4d07fe93259594b29d510b10fafb7a158f7737e5d\windows-amd64\native-platform.dll
0x00007ffa8b2c0000 - 0x00007ffa8b3fd000 	C:\Users\OmarTaha\.gradle\native\53dbd7edfb1c66fb8903c78663c9afc45aea4f116125fa6feffd364cf09443e8\windows-amd64\native-platform-file-events.dll
0x00007ffa90870000 - 0x00007ffa90879000 	C:\Program Files\Java\jdk-11.0.12\bin\management.dll
0x00007ffa90860000 - 0x00007ffa9086b000 	C:\Program Files\Java\jdk-11.0.12\bin\management_ext.dll
0x00007ffa95610000 - 0x00007ffa95643000 	C:\Windows\system32\rsaenh.dll
0x00007ffa96e20000 - 0x00007ffa96e46000 	C:\Windows\System32\bcrypt.dll
0x00007ffa96170000 - 0x00007ffa96195000 	C:\Windows\SYSTEM32\USERENV.dll
0x00007ffa95c60000 - 0x00007ffa95c6c000 	C:\Windows\SYSTEM32\CRYPTBASE.dll
0x00007ffa957a0000 - 0x00007ffa957da000 	C:\Windows\SYSTEM32\IPHLPAPI.DLL
0x00007ffa98230000 - 0x00007ffa98238000 	C:\Windows\System32\NSI.dll
0x00007ffa8f430000 - 0x00007ffa8f446000 	C:\Windows\SYSTEM32\dhcpcsvc6.DLL
0x00007ffa8fb60000 - 0x00007ffa8fb7c000 	C:\Windows\SYSTEM32\dhcpcsvc.DLL
0x00007ffa957e0000 - 0x00007ffa958ab000 	C:\Windows\SYSTEM32\DNSAPI.dll

dbghelp: loaded successfully - version: 4.0.5 - missing functions: none
symbol engine: initialized successfully - sym options: 0x614 - pdb path: .;C:\Program Files\Java\jdk-11.0.12\bin;C:\Windows\SYSTEM32;C:\Windows\WinSxS\amd64_microsoft.windows.common-controls_6595b64144ccf1df_6.0.18362.1556_none_9e7e372fe45e41d5;C:\Program Files\Java\jdk-11.0.12\bin\server;C:\Users\OmarTaha\.gradle\native\8bec1ad78214c89d9ad589b4d07fe93259594b29d510b10fafb7a158f7737e5d\windows-amd64;C:\Users\OmarTaha\.gradle\native\53dbd7edfb1c66fb8903c78663c9afc45aea4f116125fa6feffd364cf09443e8\windows-amd64

VM Arguments:
jvm_args: --add-opens=java.base/java.util=ALL-UNNAMED --add-opens=java.base/java.lang=ALL-UNNAMED --add-opens=java.base/java.lang.invoke=ALL-UNNAMED --add-opens=java.base/java.util=ALL-UNNAMED --add-opens=java.prefs/java.util.prefs=ALL-UNNAMED --add-opens=java.prefs/java.util.prefs=ALL-UNNAMED --add-opens=java.base/java.nio.charset=ALL-UNNAMED --add-opens=java.base/java.net=ALL-UNNAMED --add-opens=java.base/java.util.concurrent.atomic=ALL-UNNAMED -Xmx2048m -Dfile.encoding=windows-1252 -Duser.country=US -Duser.language=en -Duser.variant 
java_command: org.gradle.launcher.daemon.bootstrap.GradleDaemon 7.1-rc-1
java_class_path (initial): C:\Users\OmarTaha\.gradle\wrapper\dists\gradle-7.1-rc-1-bin\89hqeppvp8dbb4pzs5e0rkzxn\gradle-7.1-rc-1\lib\gradle-launcher-7.1.jar
Launcher Type: SUN_STANDARD

[Global flags]
     intx CICompilerCount                          = 4                                         {product} {ergonomic}
     uint ConcGCThreads                            = 2                                         {product} {ergonomic}
     uint G1ConcRefinementThreads                  = 8                                         {product} {ergonomic}
   size_t G1HeapRegionSize                         = 1048576                                   {product} {ergonomic}
    uintx GCDrainStackTargetSize                   = 64                                        {product} {ergonomic}
   size_t InitialHeapSize                          = 132120576                                 {product} {ergonomic}
   size_t MarkStackSize                            = 4194304                                   {product} {ergonomic}
   size_t MaxHeapSize                              = 2147483648                                {product} {command line}
   size_t MaxNewSize                               = 1287651328                                {product} {ergonomic}
   size_t MinHeapDeltaBytes                        = 1048576                                   {product} {ergonomic}
    uintx NonNMethodCodeHeapSize                   = 5836300                                {pd product} {ergonomic}
    uintx NonProfiledCodeHeapSize                  = 122910970                              {pd product} {ergonomic}
    uintx ProfiledCodeHeapSize                     = 122910970                              {pd product} {ergonomic}
    uintx ReservedCodeCacheSize                    = 251658240                              {pd product} {ergonomic}
     bool SegmentedCodeCache                       = true                                      {product} {ergonomic}
     bool UseCompressedClassPointers               = true                                 {lp64_product} {ergonomic}
     bool UseCompressedOops                        = true                                 {lp64_product} {ergonomic}
     bool UseG1GC                                  = true                                      {product} {ergonomic}
     bool UseLargePagesIndividualAllocation        = false                                  {pd product} {ergonomic}

Logging:
Log output configuration:
 #0: stdout all=warning uptime,level,tags
 #1: stderr all=off uptime,level,tags

Environment Variables:
JAVA_HOME=C:\Program Files\Java\jdk-11.0.12\bin
PATH=C:\Program Files\Common Files\Oracle\Java\javapath;C:\Program Files (x86)\Common Files\Oracle\Java\javapath;C:\Program Files (x86)\Common Files\Intel\Shared Libraries\redist\intel64\compiler;C:\Program Files\Java\jdk-12.0.2\bin;C:\Windows\system32;C:\Windows;C:\Windows\System32\Wbem;C:\Windows\System32\WindowsPowerShell\v1.0\;C:\Windows\System32\OpenSSH\;C:\Program Files\dotnet\;C:\Program Files\Microsoft SQL Server\120\Tools\Binn\;C:\Program Files\Microsoft SQL Server\120\DTS\Binn\;C:\Program Files\Microsoft SQL Server\Client SDK\ODBC\110\Tools\Binn\;C:\Program Files (x86)\Microsoft SQL Server\120\Tools\Binn\;C:\Program Files (x86)\Microsoft SQL Server\120\Tools\Binn\ManagementStudio\;C:\Program Files (x86)\Microsoft SQL Server\120\DTS\Binn\;C:\Windows\Microsoft.NET\Framework\v3.5;C:\Program Files\Microsoft SQL Server\130\Tools\Binn\;C:\Program Files\Microsoft SQL Server\Client SDK\ODBC\170\Tools\Binn\;C:\Program Files\MATLAB\R2016a\runtime\win64;C:\Program Files\MATLAB\R2016a\bin;C:\Program Files\MATLAB\R2016a\polyspace\bin;C:\Program Files (x86)\dotnet\;C:\sqlite;C:\Program Files\Git\cmd;C:\Users\OmarTaha\AppData\Local\Programs\Python\Python310;C:\Users\OmarTaha\AppData\Local\Programs\Python\Python310\Scripts;C:\Users\OmarTaha\AppData\Local\Programs\Python\Python38-32\Scripts\;C:\Users\OmarTaha\AppData\Local\Programs\Python\Python38-32\;C:\Users\OmarTaha\AppData\Local\Microsoft\WindowsApps;C:\Users\OmarTaha\AppData\Local\Programs\Microsoft VS Code\bin;C:\Users\OmarTaha\.dotnet\tools;C:\Program Files\JetBrains\PyCharm Community Edition 2020.2.4\bin;;C:\Users\OmarTaha\AppData\Local\GitHubDesktop\bin;
USERNAME=OmarTaha
OS=Windows_NT
PROCESSOR_IDENTIFIER=Intel64 Family 6 Model 60 Stepping 3, GenuineIntel



---------------  S Y S T E M  ---------------

OS: Windows 10 , 64 bit Build 18362 (10.0.18362.1500)

CPU:total 8 (initial active 8) (4 cores per cpu, 2 threads per core) family 6 model 60 stepping 3 microcode 0x28, cmov, cx8, fxsr, mmx, sse, sse2, sse3, ssse3, sse4.1, sse4.2, popcnt, avx, avx2, aes, clmul, erms, lzcnt, ht, tsc, tscinvbit, bmi1, bmi2, fma

Memory: 4k page, system-wide physical 7993M (651M free)
TotalPageFile size 13993M (AvailPageFile size 23M)
current process WorkingSet (physical memory assigned to process): 409M, peak: 413M
current process commit charge ("private bytes"): 457M, peak: 488M

vm_info: Java HotSpot(TM) 64-Bit Server VM (11.0.12+8-LTS-237) for windows-amd64 JRE (11.0.12+8-LTS-237), built on Jun  8 2021 11:25:59 by "mach5one" with MS VC++ 15.9 (VS2017)

END.
