#
# There is insufficient memory for the Java Runtime Environment to continue.
# Native memory allocation (malloc) failed to allocate 1131376 bytes for Chunk::new
# Possible reasons:
#   The system is out of physical RAM or swap space
#   The process is running with CompressedOops enabled, and the Java Heap may be blocking the growth of the native heap
# Possible solutions:
#   Reduce memory load on the system
#   Increase physical memory or swap space
#   Check if swap backing store is full
#   Decrease Java heap size (-Xmx/-Xms)
#   Decrease number of Java threads
#   Decrease Java thread stack sizes (-Xss)
#   Set larger code cache with -XX:ReservedCodeCacheSize=
#   JVM is running with Unscaled Compressed Oops mode in which the Java heap is
#     placed in the first 4GB address space. The Java Heap base address is the
#     maximum limit for the native heap growth. Please use -XX:HeapBaseMinAddress
#     to set the Java Heap base and to place the Java Heap above 4GB virtual address.
# This output file may be truncated or incomplete.
#
#  Out of Memory Error (./src/hotspot/share/memory/arena.cpp:197), pid=10916, tid=6476
#
# JRE version: OpenJDK Runtime Environment (11.0.10) (build 11.0.10+0-b96-7249189)
# Java VM: OpenJDK 64-Bit Server VM (11.0.10+0-b96-7249189, mixed mode, tiered, compressed oops, g1 gc, windows-amd64)
# No core dump will be written. Minidumps are not enabled by default on client versions of Windows
#

---------------  S U M M A R Y ------------

Command Line: --add-opens=java.base/java.util=ALL-UNNAMED --add-opens=java.base/java.lang=ALL-UNNAMED --add-opens=java.base/java.lang.invoke=ALL-UNNAMED --add-opens=java.base/java.util=ALL-UNNAMED --add-opens=java.prefs/java.util.prefs=ALL-UNNAMED --add-opens=java.prefs/java.util.prefs=ALL-UNNAMED --add-opens=java.base/java.nio.charset=ALL-UNNAMED --add-opens=java.base/java.net=ALL-UNNAMED --add-opens=java.base/java.util.concurrent.atomic=ALL-UNNAMED -Xmx2048m -Dfile.encoding=windows-1252 -Duser.country=US -Duser.language=en -Duser.variant org.gradle.launcher.daemon.bootstrap.GradleDaemon 7.1-rc-1

Host: Intel(R) Core(TM) i7-4800MQ CPU @ 2.70GHz, 8 cores, 7G,  Windows 10 , 64 bit Build 18362 (10.0.18362.1500)
Time: Sat Oct  9 13:48:16 2021 Arab Standard Time elapsed time: 6.876207 seconds (0d 0h 0m 6s)

---------------  T H R E A D  ---------------

Current thread (0x0000020d1aba7000):  JavaThread "C2 CompilerThread0" daemon [_thread_in_native, id=6476, stack(0x0000004375e00000,0x0000004375f00000)]


Current CompileTask:
C2:   6876 2214   !   4       java.net.URLClassLoader$1::run (63 bytes)

Stack: [0x0000004375e00000,0x0000004375f00000]
Native frames: (J=compiled Java code, j=interpreted, Vv=VM code, C=native code)
V  [jvm.dll+0x5ecfaa]
V  [jvm.dll+0x722bd5]
V  [jvm.dll+0x72412d]
V  [jvm.dll+0x7247e3]
V  [jvm.dll+0x242928]
V  [jvm.dll+0xbc4fc]
V  [jvm.dll+0xbca0c]
V  [jvm.dll+0x2b4fd4]
V  [jvm.dll+0x506028]
V  [jvm.dll+0x203253]
V  [jvm.dll+0x1fd07c]
V  [jvm.dll+0x1fa77f]
V  [jvm.dll+0x18354c]
V  [jvm.dll+0x208ee7]
V  [jvm.dll+0x207731]
V  [jvm.dll+0x6eb1cf]
V  [jvm.dll+0x6e3d45]
V  [jvm.dll+0x5ebe96]
C  [ucrtbase.dll+0x210b2]
C  [KERNEL32.DLL+0x17c24]
C  [ntdll.dll+0x6d721]


---------------  P R O C E S S  ---------------

Threads class SMR info:
_java_thread_list=0x0000020d1e21f900, length=36, elements={
0x0000020d7e1b0800, 0x0000020d1ab86800, 0x0000020d1ab88000, 0x0000020d1aba1800,
0x0000020d1aba3000, 0x0000020d1aba6000, 0x0000020d1aba7000, 0x0000020d1abae000,
0x0000020d1b52f800, 0x0000020d1b68a000, 0x0000020d1d33c000, 0x0000020d1b7d3000,
0x0000020d1c4cb800, 0x0000020d1cafd000, 0x0000020d1d401800, 0x0000020d1d349000,
0x0000020d1d5c8000, 0x0000020d1ca3b800, 0x0000020d1c7dc800, 0x0000020d1c7db800,
0x0000020d1c7df000, 0x0000020d1c7dd800, 0x0000020d1c7de000, 0x0000020d1d085800,
0x0000020d1c7e0000, 0x0000020d1c7da000, 0x0000020d1c7e0800, 0x0000020d1d821800,
0x0000020d1c7db000, 0x0000020d1d765800, 0x0000020d1d763000, 0x0000020d1d767000,
0x0000020d1d763800, 0x0000020d1d764800, 0x0000020d1d766000, 0x0000020d1d767800
}

Java Threads: ( => current thread )
  0x0000020d7e1b0800 JavaThread "main" [_thread_blocked, id=10928, stack(0x0000004375200000,0x0000004375300000)]
  0x0000020d1ab86800 JavaThread "Reference Handler" daemon [_thread_blocked, id=10384, stack(0x0000004375900000,0x0000004375a00000)]
  0x0000020d1ab88000 JavaThread "Finalizer" daemon [_thread_blocked, id=14684, stack(0x0000004375a00000,0x0000004375b00000)]
  0x0000020d1aba1800 JavaThread "Signal Dispatcher" daemon [_thread_blocked, id=15340, stack(0x0000004375b00000,0x0000004375c00000)]
  0x0000020d1aba3000 JavaThread "Attach Listener" daemon [_thread_blocked, id=15008, stack(0x0000004375c00000,0x0000004375d00000)]
  0x0000020d1aba6000 JavaThread "Service Thread" daemon [_thread_blocked, id=11124, stack(0x0000004375d00000,0x0000004375e00000)]
=>0x0000020d1aba7000 JavaThread "C2 CompilerThread0" daemon [_thread_in_native, id=6476, stack(0x0000004375e00000,0x0000004375f00000)]
  0x0000020d1abae000 JavaThread "C1 CompilerThread0" daemon [_thread_blocked, id=6756, stack(0x0000004375f00000,0x0000004376000000)]
  0x0000020d1b52f800 JavaThread "Sweeper thread" daemon [_thread_blocked, id=12136, stack(0x0000004376000000,0x0000004376100000)]
  0x0000020d1b68a000 JavaThread "Common-Cleaner" daemon [_thread_blocked, id=14692, stack(0x0000004376100000,0x0000004376200000)]
  0x0000020d1d33c000 JavaThread "Daemon health stats" [_thread_blocked, id=11168, stack(0x0000004376700000,0x0000004376800000)]
  0x0000020d1b7d3000 JavaThread "Incoming local TCP Connector on port 1137" [_thread_in_native, id=3756, stack(0x0000004376300000,0x0000004376400000)]
  0x0000020d1c4cb800 JavaThread "Daemon periodic checks" [_thread_blocked, id=3804, stack(0x0000004376600000,0x0000004376700000)]
  0x0000020d1cafd000 JavaThread "Daemon" [_thread_blocked, id=3808, stack(0x0000004376800000,0x0000004376900000)]
  0x0000020d1d401800 JavaThread "Handler for socket connection from /127.0.0.1:1137 to /127.0.0.1:1138" [_thread_in_native, id=4476, stack(0x0000004376900000,0x0000004376a00000)]
  0x0000020d1d349000 JavaThread "Cancel handler" [_thread_blocked, id=6172, stack(0x0000004376a00000,0x0000004376b00000)]
  0x0000020d1d5c8000 JavaThread "Daemon worker" [_thread_in_vm, id=6496, stack(0x0000004376b00000,0x0000004376c00000)]
  0x0000020d1ca3b800 JavaThread "Asynchronous log dispatcher for DefaultDaemonConnection: socket connection from /127.0.0.1:1137 to /127.0.0.1:1138" [_thread_blocked, id=7352, stack(0x0000004376c00000,0x0000004376d00000)]
  0x0000020d1c7dc800 JavaThread "Stdin handler" [_thread_blocked, id=7848, stack(0x0000004376d00000,0x0000004376e00000)]
  0x0000020d1c7db800 JavaThread "Daemon client event forwarder" [_thread_blocked, id=8000, stack(0x0000004376e00000,0x0000004376f00000)]
  0x0000020d1c7df000 JavaThread "Cache worker for journal cache (C:\Users\OmarTaha\.gradle\caches\journal-1)" [_thread_blocked, id=10392, stack(0x0000004377500000,0x0000004377600000)]
  0x0000020d1c7dd800 JavaThread "File lock request listener" [_thread_in_native, id=10456, stack(0x0000004377600000,0x0000004377700000)]
  0x0000020d1c7de000 JavaThread "Cache worker for file hash cache (C:\Users\OmarTaha\.gradle\caches\7.1-rc-1\fileHashes)" [_thread_blocked, id=10772, stack(0x0000004377700000,0x0000004377800000)]
  0x0000020d1d085800 JavaThread "C2 CompilerThread1" daemon [_thread_in_native, id=10848, stack(0x0000004377900000,0x0000004377a00000)]
  0x0000020d1c7e0000 JavaThread "Cache worker for file hash cache (C:\Users\OmarTaha\AndroidStudioProjects\GMS\.gradle\7.1-rc-1\fileHashes)" [_thread_blocked, id=10884, stack(0x0000004377a00000,0x0000004377b00000)]
  0x0000020d1c7da000 JavaThread "File watcher server" daemon [_thread_in_native, id=11128, stack(0x0000004377b00000,0x0000004377c00000)]
  0x0000020d1c7e0800 JavaThread "File watcher consumer" daemon [_thread_blocked, id=11236, stack(0x0000004377c00000,0x0000004377d00000)]
  0x0000020d1d821800 JavaThread "C2 CompilerThread2" daemon [_thread_in_native, id=12076, stack(0x0000004377d00000,0x0000004377e00000)]
  0x0000020d1c7db000 JavaThread "jar transforms" [_thread_blocked, id=12284, stack(0x0000004377e00000,0x0000004377f00000)]
  0x0000020d1d765800 JavaThread "jar transforms Thread 2" [_thread_blocked, id=12392, stack(0x0000004377f00000,0x0000004378000000)]
  0x0000020d1d763000 JavaThread "jar transforms Thread 3" [_thread_blocked, id=12448, stack(0x0000004378000000,0x0000004378100000)]
  0x0000020d1d767000 JavaThread "jar transforms Thread 4" [_thread_blocked, id=12476, stack(0x0000004378100000,0x0000004378200000)]
  0x0000020d1d763800 JavaThread "jar transforms Thread 5" [_thread_blocked, id=12528, stack(0x0000004378200000,0x0000004378300000)]
  0x0000020d1d764800 JavaThread "jar transforms Thread 6" [_thread_blocked, id=12844, stack(0x0000004378300000,0x0000004378400000)]
  0x0000020d1d766000 JavaThread "jar transforms Thread 7" [_thread_blocked, id=13352, stack(0x0000004378400000,0x0000004378500000)]
  0x0000020d1d767800 JavaThread "jar transforms Thread 8" [_thread_blocked, id=13532, stack(0x0000004378500000,0x0000004378600000)]

Other Threads:
  0x0000020d1ab82800 VMThread "VM Thread" [stack: 0x0000004375800000,0x0000004375900000] [id=6444]
  0x0000020d1b6de800 WatcherThread [stack: 0x0000004376200000,0x0000004376300000] [id=5936]
  0x0000020d7e1c7800 GCTaskThread "GC Thread#0" [stack: 0x0000004375300000,0x0000004375400000] [id=10760]
  0x0000020d1c679800 GCTaskThread "GC Thread#1" [stack: 0x0000004376400000,0x0000004376500000] [id=5212]
  0x0000020d1c556000 GCTaskThread "GC Thread#2" [stack: 0x0000004376500000,0x0000004376600000] [id=14400]
  0x0000020d1ea3a000 GCTaskThread "GC Thread#3" [stack: 0x0000004376f00000,0x0000004377000000] [id=8140]
  0x0000020d1d5db800 GCTaskThread "GC Thread#4" [stack: 0x0000004377000000,0x0000004377100000] [id=8184]
  0x0000020d1c9f0000 GCTaskThread "GC Thread#5" [stack: 0x0000004377100000,0x0000004377200000] [id=8352]
  0x0000020d1c7ee000 GCTaskThread "GC Thread#6" [stack: 0x0000004377200000,0x0000004377300000] [id=8448]
  0x0000020d1c7ee800 GCTaskThread "GC Thread#7" [stack: 0x0000004377300000,0x0000004377400000] [id=8924]
  0x0000020d7e1f8800 ConcurrentGCThread "G1 Main Marker" [stack: 0x0000004375400000,0x0000004375500000] [id=13124]
  0x0000020d7e1fa800 ConcurrentGCThread "G1 Conc#0" [stack: 0x0000004375500000,0x0000004375600000] [id=5768]
  0x0000020d1d929000 ConcurrentGCThread "G1 Conc#1" [stack: 0x0000004377800000,0x0000004377900000] [id=10832]
  0x0000020d1a9d2800 ConcurrentGCThread "G1 Refine#0" [stack: 0x0000004375600000,0x0000004375700000] [id=8268]
  0x0000020d1bcd6800 ConcurrentGCThread "G1 Refine#1" [stack: 0x0000004377400000,0x0000004377500000] [id=9128]
  0x0000020d7e27e000 ConcurrentGCThread "G1 Young RemSet Sampling" [stack: 0x0000004375700000,0x0000004375800000] [id=4116]

Threads with active compile tasks:
C2 CompilerThread0   6924 2214   !   4       java.net.URLClassLoader$1::run (63 bytes)
C2 CompilerThread1   6924 2213       4       java.net.URLClassLoader$1::run (5 bytes)
C2 CompilerThread2   6924 2352 %     4       java.io.WinNTFileSystem::normalize @ 58 (224 bytes)

VM state:not at safepoint (normal execution)

VM Mutex/Monitor currently owned by a thread: None

Heap address: 0x0000000080000000, size: 2048 MB, Compressed Oops mode: 32-bit
Narrow klass base: 0x0000000000000000, Narrow klass shift: 3
Compressed class space size: 1073741824 Address: 0x0000000100000000

Heap:
 garbage-first heap   total 129024K, used 32358K [0x0000000080000000, 0x0000000100000000)
  region size 1024K, 12 young (12288K), 3 survivors (3072K)
 Metaspace       used 26362K, capacity 27061K, committed 27392K, reserved 1073152K
  class space    used 3456K, capacity 3720K, committed 3840K, reserved 1048576K
Heap Regions: E=young(eden), S=young(survivor), O=old, HS=humongous(starts), HC=humongous(continues), CS=collection set, F=free, A=archive, TAMS=top-at-mark-start (previous, next)
|   0|0x0000000080000000, 0x0000000080100000, 0x0000000080100000|100%| O|  |TAMS 0x0000000080100000, 0x0000000080000000| Untracked 
|   1|0x0000000080100000, 0x0000000080200000, 0x0000000080200000|100%| O|  |TAMS 0x0000000080200000, 0x0000000080100000| Untracked 
|   2|0x0000000080200000, 0x0000000080300000, 0x0000000080300000|100%| O|  |TAMS 0x0000000080300000, 0x0000000080200000| Untracked 
|   3|0x0000000080300000, 0x0000000080400000, 0x0000000080400000|100%|HS|  |TAMS 0x0000000080400000, 0x0000000080300000| Complete 
|   4|0x0000000080400000, 0x0000000080500000, 0x0000000080500000|100%|HC|  |TAMS 0x0000000080500000, 0x0000000080400000| Complete 
|   5|0x0000000080500000, 0x0000000080600000, 0x0000000080600000|100%|HC|  |TAMS 0x0000000080600000, 0x0000000080500000| Complete 
|   6|0x0000000080600000, 0x0000000080700000, 0x0000000080700000|100%| O|  |TAMS 0x0000000080700000, 0x0000000080600000| Untracked 
|   7|0x0000000080700000, 0x0000000080800000, 0x0000000080800000|100%| O|  |TAMS 0x0000000080800000, 0x0000000080700000| Untracked 
|   8|0x0000000080800000, 0x0000000080900000, 0x0000000080900000|100%| O|  |TAMS 0x0000000080900000, 0x0000000080800000| Untracked 
|   9|0x0000000080900000, 0x0000000080a00000, 0x0000000080a00000|100%| O|  |TAMS 0x0000000080a00000, 0x0000000080900000| Untracked 
|  10|0x0000000080a00000, 0x0000000080b00000, 0x0000000080b00000|100%| O|  |TAMS 0x0000000080b00000, 0x0000000080a00000| Untracked 
|  11|0x0000000080b00000, 0x0000000080c00000, 0x0000000080c00000|100%| O|  |TAMS 0x0000000080c00000, 0x0000000080b00000| Untracked 
|  12|0x0000000080c00000, 0x0000000080d00000, 0x0000000080d00000|100%| O|  |TAMS 0x0000000080d00000, 0x0000000080c00000| Untracked 
|  13|0x0000000080d00000, 0x0000000080e00000, 0x0000000080e00000|100%| O|  |TAMS 0x0000000080e00000, 0x0000000080d00000| Untracked 
|  14|0x0000000080e00000, 0x0000000080f00000, 0x0000000080f00000|100%| O|  |TAMS 0x0000000080f00000, 0x0000000080e00000| Untracked 
|  15|0x0000000080f00000, 0x0000000080fe2200, 0x0000000081000000| 88%| O|  |TAMS 0x0000000080fe2200, 0x0000000080f00000| Untracked 
|  16|0x0000000081000000, 0x0000000081100000, 0x0000000081100000|100%|HS|  |TAMS 0x0000000081000000, 0x0000000081000000| Complete 
|  17|0x0000000081100000, 0x0000000081200000, 0x0000000081200000|100%|HC|  |TAMS 0x0000000081100000, 0x0000000081100000| Complete 
|  18|0x0000000081200000, 0x0000000081300000, 0x0000000081300000|100%|HS|  |TAMS 0x0000000081200000, 0x0000000081200000| Complete 
|  19|0x0000000081300000, 0x0000000081400000, 0x0000000081400000|100%|HC|  |TAMS 0x0000000081300000, 0x0000000081300000| Complete 
|  20|0x0000000081400000, 0x0000000081500000, 0x0000000081500000|100%|HC|  |TAMS 0x0000000081400000, 0x0000000081400000| Complete 
|  21|0x0000000081500000, 0x0000000081500000, 0x0000000081600000|  0%| F|  |TAMS 0x0000000081500000, 0x0000000081500000| Untracked 
|  22|0x0000000081600000, 0x0000000081600000, 0x0000000081700000|  0%| F|  |TAMS 0x0000000081600000, 0x0000000081600000| Untracked 
|  23|0x0000000081700000, 0x0000000081700000, 0x0000000081800000|  0%| F|  |TAMS 0x0000000081700000, 0x0000000081700000| Untracked 
|  24|0x0000000081800000, 0x0000000081800000, 0x0000000081900000|  0%| F|  |TAMS 0x0000000081800000, 0x0000000081800000| Untracked 
|  25|0x0000000081900000, 0x0000000081900000, 0x0000000081a00000|  0%| F|  |TAMS 0x0000000081900000, 0x0000000081900000| Untracked 
|  26|0x0000000081a00000, 0x0000000081a00000, 0x0000000081b00000|  0%| F|  |TAMS 0x0000000081a00000, 0x0000000081a00000| Untracked 
|  27|0x0000000081b00000, 0x0000000081b00000, 0x0000000081c00000|  0%| F|  |TAMS 0x0000000081b00000, 0x0000000081b00000| Untracked 
|  28|0x0000000081c00000, 0x0000000081c00000, 0x0000000081d00000|  0%| F|  |TAMS 0x0000000081c00000, 0x0000000081c00000| Untracked 
|  29|0x0000000081d00000, 0x0000000081d00000, 0x0000000081e00000|  0%| F|  |TAMS 0x0000000081d00000, 0x0000000081d00000| Untracked 
|  30|0x0000000081e00000, 0x0000000081e00000, 0x0000000081f00000|  0%| F|  |TAMS 0x0000000081e00000, 0x0000000081e00000| Untracked 
|  31|0x0000000081f00000, 0x0000000081f00000, 0x0000000082000000|  0%| F|  |TAMS 0x0000000081f00000, 0x0000000081f00000| Untracked 
|  32|0x0000000082000000, 0x0000000082000000, 0x0000000082100000|  0%| F|  |TAMS 0x0000000082000000, 0x0000000082000000| Untracked 
|  33|0x0000000082100000, 0x0000000082100000, 0x0000000082200000|  0%| F|  |TAMS 0x0000000082100000, 0x0000000082100000| Untracked 
|  34|0x0000000082200000, 0x0000000082200000, 0x0000000082300000|  0%| F|  |TAMS 0x0000000082200000, 0x0000000082200000| Untracked 
|  35|0x0000000082300000, 0x0000000082300000, 0x0000000082400000|  0%| F|  |TAMS 0x0000000082300000, 0x0000000082300000| Untracked 
|  36|0x0000000082400000, 0x0000000082400000, 0x0000000082500000|  0%| F|  |TAMS 0x0000000082400000, 0x0000000082400000| Untracked 
|  37|0x0000000082500000, 0x0000000082500000, 0x0000000082600000|  0%| F|  |TAMS 0x0000000082500000, 0x0000000082500000| Untracked 
|  38|0x0000000082600000, 0x0000000082600000, 0x0000000082700000|  0%| F|  |TAMS 0x0000000082600000, 0x0000000082600000| Untracked 
|  39|0x0000000082700000, 0x0000000082700000, 0x0000000082800000|  0%| F|  |TAMS 0x0000000082700000, 0x0000000082700000| Untracked 
|  40|0x0000000082800000, 0x0000000082800000, 0x0000000082900000|  0%| F|  |TAMS 0x0000000082800000, 0x0000000082800000| Untracked 
|  41|0x0000000082900000, 0x0000000082900000, 0x0000000082a00000|  0%| F|  |TAMS 0x0000000082900000, 0x0000000082900000| Untracked 
|  42|0x0000000082a00000, 0x0000000082a00000, 0x0000000082b00000|  0%| F|  |TAMS 0x0000000082a00000, 0x0000000082a00000| Untracked 
|  43|0x0000000082b00000, 0x0000000082b00000, 0x0000000082c00000|  0%| F|  |TAMS 0x0000000082b00000, 0x0000000082b00000| Untracked 
|  44|0x0000000082c00000, 0x0000000082c00000, 0x0000000082d00000|  0%| F|  |TAMS 0x0000000082c00000, 0x0000000082c00000| Untracked 
|  45|0x0000000082d00000, 0x0000000082d00000, 0x0000000082e00000|  0%| F|  |TAMS 0x0000000082d00000, 0x0000000082d00000| Untracked 
|  46|0x0000000082e00000, 0x0000000082e00000, 0x0000000082f00000|  0%| F|  |TAMS 0x0000000082e00000, 0x0000000082e00000| Untracked 
|  47|0x0000000082f00000, 0x0000000082f00000, 0x0000000083000000|  0%| F|  |TAMS 0x0000000082f00000, 0x0000000082f00000| Untracked 
|  48|0x0000000083000000, 0x0000000083000000, 0x0000000083100000|  0%| F|  |TAMS 0x0000000083000000, 0x0000000083000000| Untracked 
|  49|0x0000000083100000, 0x0000000083100000, 0x0000000083200000|  0%| F|  |TAMS 0x0000000083100000, 0x0000000083100000| Untracked 
|  50|0x0000000083200000, 0x0000000083200000, 0x0000000083300000|  0%| F|  |TAMS 0x0000000083200000, 0x0000000083200000| Untracked 
|  51|0x0000000083300000, 0x0000000083300000, 0x0000000083400000|  0%| F|  |TAMS 0x0000000083300000, 0x0000000083300000| Untracked 
|  52|0x0000000083400000, 0x0000000083400000, 0x0000000083500000|  0%| F|  |TAMS 0x0000000083400000, 0x0000000083400000| Untracked 
|  53|0x0000000083500000, 0x0000000083500000, 0x0000000083600000|  0%| F|  |TAMS 0x0000000083500000, 0x0000000083500000| Untracked 
|  54|0x0000000083600000, 0x0000000083600000, 0x0000000083700000|  0%| F|  |TAMS 0x0000000083600000, 0x0000000083600000| Untracked 
|  55|0x0000000083700000, 0x0000000083700000, 0x0000000083800000|  0%| F|  |TAMS 0x0000000083700000, 0x0000000083700000| Untracked 
|  56|0x0000000083800000, 0x0000000083800000, 0x0000000083900000|  0%| F|  |TAMS 0x0000000083800000, 0x0000000083800000| Untracked 
|  57|0x0000000083900000, 0x0000000083900000, 0x0000000083a00000|  0%| F|  |TAMS 0x0000000083900000, 0x0000000083900000| Untracked 
|  58|0x0000000083a00000, 0x0000000083a00000, 0x0000000083b00000|  0%| F|  |TAMS 0x0000000083a00000, 0x0000000083a00000| Untracked 
|  59|0x0000000083b00000, 0x0000000083b00000, 0x0000000083c00000|  0%| F|  |TAMS 0x0000000083b00000, 0x0000000083b00000| Untracked 
|  60|0x0000000083c00000, 0x0000000083c00000, 0x0000000083d00000|  0%| F|  |TAMS 0x0000000083c00000, 0x0000000083c00000| Untracked 
|  61|0x0000000083d00000, 0x0000000083d00000, 0x0000000083e00000|  0%| F|  |TAMS 0x0000000083d00000, 0x0000000083d00000| Untracked 
|  62|0x0000000083e00000, 0x0000000083e00000, 0x0000000083f00000|  0%| F|  |TAMS 0x0000000083e00000, 0x0000000083e00000| Untracked 
|  63|0x0000000083f00000, 0x0000000083f00000, 0x0000000084000000|  0%| F|  |TAMS 0x0000000083f00000, 0x0000000083f00000| Untracked 
|  64|0x0000000084000000, 0x0000000084000000, 0x0000000084100000|  0%| F|  |TAMS 0x0000000084000000, 0x0000000084000000| Untracked 
|  65|0x0000000084100000, 0x0000000084100000, 0x0000000084200000|  0%| F|  |TAMS 0x0000000084100000, 0x0000000084100000| Untracked 
|  66|0x0000000084200000, 0x0000000084200000, 0x0000000084300000|  0%| F|  |TAMS 0x0000000084200000, 0x0000000084200000| Untracked 
|  67|0x0000000084300000, 0x0000000084300000, 0x0000000084400000|  0%| F|  |TAMS 0x0000000084300000, 0x0000000084300000| Untracked 
|  68|0x0000000084400000, 0x0000000084400000, 0x0000000084500000|  0%| F|  |TAMS 0x0000000084400000, 0x0000000084400000| Untracked 
|  69|0x0000000084500000, 0x0000000084500000, 0x0000000084600000|  0%| F|  |TAMS 0x0000000084500000, 0x0000000084500000| Untracked 
|  70|0x0000000084600000, 0x0000000084600000, 0x0000000084700000|  0%| F|  |TAMS 0x0000000084600000, 0x0000000084600000| Untracked 
|  71|0x0000000084700000, 0x0000000084700000, 0x0000000084800000|  0%| F|  |TAMS 0x0000000084700000, 0x0000000084700000| Untracked 
|  72|0x0000000084800000, 0x0000000084800000, 0x0000000084900000|  0%| F|  |TAMS 0x0000000084800000, 0x0000000084800000| Untracked 
|  73|0x0000000084900000, 0x0000000084900000, 0x0000000084a00000|  0%| F|  |TAMS 0x0000000084900000, 0x0000000084900000| Untracked 
|  74|0x0000000084a00000, 0x0000000084ab7790, 0x0000000084b00000| 71%| S|CS|TAMS 0x0000000084a00000, 0x0000000084a00000| Complete 
|  75|0x0000000084b00000, 0x0000000084c00000, 0x0000000084c00000|100%| S|CS|TAMS 0x0000000084b00000, 0x0000000084b00000| Complete 
|  76|0x0000000084c00000, 0x0000000084d00000, 0x0000000084d00000|100%| S|CS|TAMS 0x0000000084c00000, 0x0000000084c00000| Complete 
|  77|0x0000000084d00000, 0x0000000084d00000, 0x0000000084e00000|  0%| F|  |TAMS 0x0000000084d00000, 0x0000000084d00000| Untracked 
|  78|0x0000000084e00000, 0x0000000084e00000, 0x0000000084f00000|  0%| F|  |TAMS 0x0000000084e00000, 0x0000000084e00000| Untracked 
|  79|0x0000000084f00000, 0x0000000084f00000, 0x0000000085000000|  0%| F|  |TAMS 0x0000000084f00000, 0x0000000084f00000| Untracked 
|  80|0x0000000085000000, 0x0000000085000000, 0x0000000085100000|  0%| F|  |TAMS 0x0000000085000000, 0x0000000085000000| Untracked 
|  81|0x0000000085100000, 0x0000000085100000, 0x0000000085200000|  0%| F|  |TAMS 0x0000000085100000, 0x0000000085100000| Untracked 
|  82|0x0000000085200000, 0x0000000085200000, 0x0000000085300000|  0%| F|  |TAMS 0x0000000085200000, 0x0000000085200000| Untracked 
|  83|0x0000000085300000, 0x0000000085300000, 0x0000000085400000|  0%| F|  |TAMS 0x0000000085300000, 0x0000000085300000| Untracked 
|  84|0x0000000085400000, 0x0000000085400000, 0x0000000085500000|  0%| F|  |TAMS 0x0000000085400000, 0x0000000085400000| Untracked 
|  85|0x0000000085500000, 0x0000000085500000, 0x0000000085600000|  0%| F|  |TAMS 0x0000000085500000, 0x0000000085500000| Untracked 
|  86|0x0000000085600000, 0x0000000085600000, 0x0000000085700000|  0%| F|  |TAMS 0x0000000085600000, 0x0000000085600000| Untracked 
|  87|0x0000000085700000, 0x0000000085700000, 0x0000000085800000|  0%| F|  |TAMS 0x0000000085700000, 0x0000000085700000| Untracked 
|  88|0x0000000085800000, 0x0000000085800000, 0x0000000085900000|  0%| F|  |TAMS 0x0000000085800000, 0x0000000085800000| Untracked 
|  89|0x0000000085900000, 0x0000000085900000, 0x0000000085a00000|  0%| F|  |TAMS 0x0000000085900000, 0x0000000085900000| Untracked 
|  90|0x0000000085a00000, 0x0000000085a00000, 0x0000000085b00000|  0%| F|  |TAMS 0x0000000085a00000, 0x0000000085a00000| Untracked 
|  91|0x0000000085b00000, 0x0000000085b00000, 0x0000000085c00000|  0%| F|  |TAMS 0x0000000085b00000, 0x0000000085b00000| Untracked 
|  92|0x0000000085c00000, 0x0000000085c00000, 0x0000000085d00000|  0%| F|  |TAMS 0x0000000085c00000, 0x0000000085c00000| Untracked 
|  93|0x0000000085d00000, 0x0000000085d00000, 0x0000000085e00000|  0%| F|  |TAMS 0x0000000085d00000, 0x0000000085d00000| Untracked 
|  94|0x0000000085e00000, 0x0000000085e00000, 0x0000000085f00000|  0%| F|  |TAMS 0x0000000085e00000, 0x0000000085e00000| Untracked 
|  95|0x0000000085f00000, 0x0000000085f00000, 0x0000000086000000|  0%| F|  |TAMS 0x0000000085f00000, 0x0000000085f00000| Untracked 
|  96|0x0000000086000000, 0x0000000086000000, 0x0000000086100000|  0%| F|  |TAMS 0x0000000086000000, 0x0000000086000000| Untracked 
|  97|0x0000000086100000, 0x0000000086100000, 0x0000000086200000|  0%| F|  |TAMS 0x0000000086100000, 0x0000000086100000| Untracked 
|  98|0x0000000086200000, 0x0000000086200000, 0x0000000086300000|  0%| F|  |TAMS 0x0000000086200000, 0x0000000086200000| Untracked 
|  99|0x0000000086300000, 0x0000000086300000, 0x0000000086400000|  0%| F|  |TAMS 0x0000000086300000, 0x0000000086300000| Untracked 
| 100|0x0000000086400000, 0x0000000086400000, 0x0000000086500000|  0%| F|  |TAMS 0x0000000086400000, 0x0000000086400000| Untracked 
| 101|0x0000000086500000, 0x0000000086500000, 0x0000000086600000|  0%| F|  |TAMS 0x0000000086500000, 0x0000000086500000| Untracked 
| 102|0x0000000086600000, 0x0000000086600000, 0x0000000086700000|  0%| F|  |TAMS 0x0000000086600000, 0x0000000086600000| Untracked 
| 103|0x0000000086700000, 0x0000000086700000, 0x0000000086800000|  0%| F|  |TAMS 0x0000000086700000, 0x0000000086700000| Untracked 
| 104|0x0000000086800000, 0x0000000086800000, 0x0000000086900000|  0%| F|  |TAMS 0x0000000086800000, 0x0000000086800000| Untracked 
| 105|0x0000000086900000, 0x0000000086900000, 0x0000000086a00000|  0%| F|  |TAMS 0x0000000086900000, 0x0000000086900000| Untracked 
| 106|0x0000000086a00000, 0x0000000086a00000, 0x0000000086b00000|  0%| F|  |TAMS 0x0000000086a00000, 0x0000000086a00000| Untracked 
| 107|0x0000000086b00000, 0x0000000086b00000, 0x0000000086c00000|  0%| F|  |TAMS 0x0000000086b00000, 0x0000000086b00000| Untracked 
| 108|0x0000000086c00000, 0x0000000086c00000, 0x0000000086d00000|  0%| F|  |TAMS 0x0000000086c00000, 0x0000000086c00000| Untracked 
| 109|0x0000000086d00000, 0x0000000086d00000, 0x0000000086e00000|  0%| F|  |TAMS 0x0000000086d00000, 0x0000000086d00000| Untracked 
| 110|0x0000000086e00000, 0x0000000086e00000, 0x0000000086f00000|  0%| F|  |TAMS 0x0000000086e00000, 0x0000000086e00000| Untracked 
| 111|0x0000000086f00000, 0x0000000086f00000, 0x0000000087000000|  0%| F|  |TAMS 0x0000000086f00000, 0x0000000086f00000| Untracked 
| 112|0x0000000087000000, 0x0000000087000000, 0x0000000087100000|  0%| F|  |TAMS 0x0000000087000000, 0x0000000087000000| Untracked 
| 113|0x0000000087100000, 0x0000000087100000, 0x0000000087200000|  0%| F|  |TAMS 0x0000000087100000, 0x0000000087100000| Untracked 
| 114|0x0000000087200000, 0x0000000087200000, 0x0000000087300000|  0%| F|  |TAMS 0x0000000087200000, 0x0000000087200000| Untracked 
| 115|0x0000000087300000, 0x0000000087300000, 0x0000000087400000|  0%| F|  |TAMS 0x0000000087300000, 0x0000000087300000| Untracked 
| 116|0x0000000087400000, 0x0000000087480800, 0x0000000087500000| 50%| E|  |TAMS 0x0000000087400000, 0x0000000087400000| Complete 
| 117|0x0000000087500000, 0x0000000087600000, 0x0000000087600000|100%| E|CS|TAMS 0x0000000087500000, 0x0000000087500000| Complete 
| 118|0x0000000087600000, 0x0000000087700000, 0x0000000087700000|100%| E|CS|TAMS 0x0000000087600000, 0x0000000087600000| Complete 
| 119|0x0000000087700000, 0x0000000087800000, 0x0000000087800000|100%| E|CS|TAMS 0x0000000087700000, 0x0000000087700000| Complete 
| 120|0x0000000087800000, 0x0000000087900000, 0x0000000087900000|100%| E|CS|TAMS 0x0000000087800000, 0x0000000087800000| Complete 
| 121|0x0000000087900000, 0x0000000087a00000, 0x0000000087a00000|100%| E|CS|TAMS 0x0000000087900000, 0x0000000087900000| Complete 
| 122|0x0000000087a00000, 0x0000000087b00000, 0x0000000087b00000|100%| E|CS|TAMS 0x0000000087a00000, 0x0000000087a00000| Complete 
| 123|0x0000000087b00000, 0x0000000087c00000, 0x0000000087c00000|100%| E|CS|TAMS 0x0000000087b00000, 0x0000000087b00000| Complete 
| 124|0x0000000087c00000, 0x0000000087d00000, 0x0000000087d00000|100%| E|CS|TAMS 0x0000000087c00000, 0x0000000087c00000| Complete 
| 125|0x0000000087d00000, 0x0000000087e00000, 0x0000000087e00000|100%| E|CS|TAMS 0x0000000087d00000, 0x0000000087d00000| Complete 

Card table byte_map: [0x0000020d138a0000,0x0000020d13ca0000] _byte_map_base: 0x0000020d134a0000

Marking Bits (Prev, Next): (CMBitMap*) 0x0000020d7e1ef7b0, (CMBitMap*) 0x0000020d7e1ef778
 Prev Bits: [0x0000020d160a0000, 0x0000020d180a0000)
 Next Bits: [0x0000020d140a0000, 0x0000020d160a0000)

Polling page: 0x0000020d00000000

Metaspace:

Usage:
  Non-class:     22.80 MB capacity,    22.40 MB ( 98%) used,   347.32 KB (  1%) free+waste,    56.81 KB ( <1%) overhead. 
      Class:      3.63 MB capacity,     3.38 MB ( 93%) used,   229.66 KB (  6%) free+waste,    28.88 KB ( <1%) overhead. 
       Both:     26.43 MB capacity,    25.79 MB ( 98%) used,   576.98 KB (  2%) free+waste,    85.69 KB ( <1%) overhead. 

Virtual space:
  Non-class space:       24.00 MB reserved,      23.00 MB ( 96%) committed 
      Class space:        1.00 GB reserved,       3.75 MB ( <1%) committed 
             Both:        1.02 GB reserved,      26.75 MB (  3%) committed 

Chunk freelists:
   Non-Class:  9.00 KB
       Class:  22.00 KB
        Both:  31.00 KB

MaxMetaspaceSize: 17179869184.00 GB
CompressedClassSpaceSize: 1.00 GB

CodeHeap 'non-profiled nmethods': size=120000Kb used=1181Kb max_used=1181Kb free=118818Kb
 bounds [0x0000020d0b500000, 0x0000020d0b770000, 0x0000020d12a30000]
CodeHeap 'profiled nmethods': size=120000Kb used=5024Kb max_used=5024Kb free=114975Kb
 bounds [0x0000020d03fd0000, 0x0000020d044c0000, 0x0000020d0b500000]
CodeHeap 'non-nmethods': size=5760Kb used=1157Kb max_used=1189Kb free=4602Kb
 bounds [0x0000020d03a30000, 0x0000020d03ca0000, 0x0000020d03fd0000]
 total_blobs=2874 nmethods=2373 adapters=412
 compilation: enabled
              stopped_count=0, restarted_count=0
 full_count=0

Compilation events (20 events):
Event: 6.860 Thread 0x0000020d1d821800 2341       4       sun.security.provider.MD5::FF (33 bytes)
Event: 6.861 Thread 0x0000020d1d821800 nmethod 2341 0x0000020d0b623d10 code [0x0000020d0b623ea0, 0x0000020d0b623f18]
Event: 6.861 Thread 0x0000020d1d821800 2343       4       sun.security.provider.MD5::GG (33 bytes)
Event: 6.861 Thread 0x0000020d1abae000 nmethod 2338 0x0000020d044a4290 code [0x0000020d044a4580, 0x0000020d044a57c8]
Event: 6.861 Thread 0x0000020d1abae000 2340       1       com.google.common.cache.LocalCache$StrongEntry::getKey (5 bytes)
Event: 6.861 Thread 0x0000020d1abae000 nmethod 2340 0x0000020d0b623f90 code [0x0000020d0b624140, 0x0000020d0b6241f8]
Event: 6.861 Thread 0x0000020d1abae000 2339       3       java.lang.invoke.VarHandleObjects$Array::getVolatile (41 bytes)
Event: 6.862 Thread 0x0000020d1d821800 nmethod 2343 0x0000020d0b624290 code [0x0000020d0b624420, 0x0000020d0b624498]
Event: 6.862 Thread 0x0000020d1d821800 2344       4       sun.security.provider.MD5::HH (29 bytes)
Event: 6.862 Thread 0x0000020d1abae000 nmethod 2339 0x0000020d044a5e10 code [0x0000020d044a6060, 0x0000020d044a6a48]
Event: 6.862 Thread 0x0000020d1abae000 2342       1       java.lang.Long::longValue (5 bytes)
Event: 6.862 Thread 0x0000020d1abae000 nmethod 2342 0x0000020d0b624510 code [0x0000020d0b6246c0, 0x0000020d0b624778]
Event: 6.862 Thread 0x0000020d1abae000 2346       1       org.gradle.cache.internal.btree.BlockPayload::getBlock (5 bytes)
Event: 6.862 Thread 0x0000020d1abae000 nmethod 2346 0x0000020d0b624810 code [0x0000020d0b6249c0, 0x0000020d0b624a78]
Event: 6.862 Thread 0x0000020d1d821800 nmethod 2344 0x0000020d0b624b10 code [0x0000020d0b624ca0, 0x0000020d0b624d18]
Event: 6.862 Thread 0x0000020d1d821800 2345       4       sun.security.provider.MD5::II (31 bytes)
Event: 6.863 Thread 0x0000020d1d821800 nmethod 2345 0x0000020d0b624d90 code [0x0000020d0b624f20, 0x0000020d0b624f98]
Event: 6.863 Thread 0x0000020d1d821800 2259       4       jdk.internal.org.objectweb.asm.ByteVector::putByte (39 bytes)
Event: 6.864 Thread 0x0000020d1d821800 nmethod 2259 0x0000020d0b625010 code [0x0000020d0b6251c0, 0x0000020d0b6252e8]
Event: 6.864 Thread 0x0000020d1d821800 2347       4       java.lang.StringLatin1::toUpperCase (180 bytes)

GC Heap History (8 events):
Event: 1.063 GC heap before
{Heap before GC invocations=0 (full 0):
 garbage-first heap   total 129024K, used 29696K [0x0000000080000000, 0x0000000100000000)
  region size 1024K, 24 young (24576K), 0 survivors (0K)
 Metaspace       used 9825K, capacity 10058K, committed 10112K, reserved 1058816K
  class space    used 1024K, capacity 1102K, committed 1152K, reserved 1048576K
}
Event: 1.070 GC heap after
{Heap after GC invocations=1 (full 0):
 garbage-first heap   total 129024K, used 8957K [0x0000000080000000, 0x0000000100000000)
  region size 1024K, 3 young (3072K), 3 survivors (3072K)
 Metaspace       used 9825K, capacity 10058K, committed 10112K, reserved 1058816K
  class space    used 1024K, capacity 1102K, committed 1152K, reserved 1048576K
}
Event: 5.872 GC heap before
{Heap before GC invocations=1 (full 0):
 garbage-first heap   total 129024K, used 82685K [0x0000000080000000, 0x0000000100000000)
  region size 1024K, 75 young (76800K), 3 survivors (3072K)
 Metaspace       used 17831K, capacity 18297K, committed 18432K, reserved 1064960K
  class space    used 2102K, capacity 2265K, committed 2304K, reserved 1048576K
}
Event: 5.879 GC heap after
{Heap after GC invocations=2 (full 0):
 garbage-first heap   total 129024K, used 16290K [0x0000000080000000, 0x0000000100000000)
  region size 1024K, 10 young (10240K), 10 survivors (10240K)
 Metaspace       used 17831K, capacity 18297K, committed 18432K, reserved 1064960K
  class space    used 2102K, capacity 2265K, committed 2304K, reserved 1048576K
}
Event: 6.162 GC heap before
{Heap before GC invocations=2 (full 0):
 garbage-first heap   total 129024K, used 40866K [0x0000000080000000, 0x0000000100000000)
  region size 1024K, 35 young (35840K), 10 survivors (10240K)
 Metaspace       used 20668K, capacity 21086K, committed 21248K, reserved 1067008K
  class space    used 2530K, capacity 2705K, committed 2816K, reserved 1048576K
}
Event: 6.172 GC heap after
{Heap after GC invocations=3 (full 0):
 garbage-first heap   total 129024K, used 17546K [0x0000000080000000, 0x0000000100000000)
  region size 1024K, 2 young (2048K), 2 survivors (2048K)
 Metaspace       used 20668K, capacity 21086K, committed 21248K, reserved 1067008K
  class space    used 2530K, capacity 2705K, committed 2816K, reserved 1048576K
}
Event: 6.728 GC heap before
{Heap before GC invocations=4 (full 0):
 garbage-first heap   total 129024K, used 65674K [0x0000000080000000, 0x0000000100000000)
  region size 1024K, 49 young (50176K), 2 survivors (2048K)
 Metaspace       used 25546K, capacity 26152K, committed 26368K, reserved 1073152K
  class space    used 3318K, capacity 3549K, committed 3584K, reserved 1048576K
}
Event: 6.731 GC heap after
{Heap after GC invocations=5 (full 0):
 garbage-first heap   total 129024K, used 19046K [0x0000000080000000, 0x0000000100000000)
  region size 1024K, 3 young (3072K), 3 survivors (3072K)
 Metaspace       used 25546K, capacity 26152K, committed 26368K, reserved 1073152K
  class space    used 3318K, capacity 3549K, committed 3584K, reserved 1048576K
}

Deoptimization events (20 events):
Event: 6.753 Thread 0x0000020d1d5c8000 Uncommon trap: trap_request=0xffffff4d fr.pc=0x0000020d0b51cfe8 relative=0x0000000000000048
Event: 6.753 Thread 0x0000020d1d5c8000 Uncommon trap: reason=unstable_if action=reinterpret pc=0x0000020d0b51cfe8 method=java.net.URI.match(CJJ)Z @ 19 c2
Event: 6.753 Thread 0x0000020d1d5c8000 DEOPT PACKING pc=0x0000020d0b51cfe8 sp=0x0000004376bfbc80
Event: 6.753 Thread 0x0000020d1d5c8000 DEOPT UNPACKING pc=0x0000020d03a578af sp=0x0000004376bfbc30 mode 2
Event: 6.852 Thread 0x0000020d1d5c8000 Uncommon trap: trap_request=0xffffffc6 fr.pc=0x0000020d0b5ff92c relative=0x00000000000033ec
Event: 6.852 Thread 0x0000020d1d5c8000 Uncommon trap: reason=bimorphic_or_optimized_type_check action=maybe_recompile pc=0x0000020d0b5ff92c method=java.lang.ClassLoader.loadClass(Ljava/lang/String;Z)Ljava/lang/Class; @ 38 c2
Event: 6.852 Thread 0x0000020d1d5c8000 DEOPT PACKING pc=0x0000020d0b5ff92c sp=0x0000004376bfbf80
Event: 6.852 Thread 0x0000020d1d5c8000 DEOPT UNPACKING pc=0x0000020d03a578af sp=0x0000004376bfbfe0 mode 2
Event: 6.865 Thread 0x0000020d1d5c8000 Uncommon trap: trap_request=0xffffffc6 fr.pc=0x0000020d0b5ff92c relative=0x00000000000033ec
Event: 6.865 Thread 0x0000020d1d5c8000 Uncommon trap: reason=bimorphic_or_optimized_type_check action=maybe_recompile pc=0x0000020d0b5ff92c method=java.lang.ClassLoader.loadClass(Ljava/lang/String;Z)Ljava/lang/Class; @ 38 c2
Event: 6.865 Thread 0x0000020d1d5c8000 DEOPT PACKING pc=0x0000020d0b5ff92c sp=0x0000004376bf8c10
Event: 6.865 Thread 0x0000020d1d5c8000 DEOPT UNPACKING pc=0x0000020d03a578af sp=0x0000004376bf8c70 mode 2
Event: 6.866 Thread 0x0000020d1d5c8000 Uncommon trap: trap_request=0xffffffc6 fr.pc=0x0000020d0b5ff92c relative=0x00000000000033ec
Event: 6.867 Thread 0x0000020d1d5c8000 Uncommon trap: reason=bimorphic_or_optimized_type_check action=maybe_recompile pc=0x0000020d0b5ff92c method=java.lang.ClassLoader.loadClass(Ljava/lang/String;Z)Ljava/lang/Class; @ 38 c2
Event: 6.867 Thread 0x0000020d1d5c8000 DEOPT PACKING pc=0x0000020d0b5ff92c sp=0x0000004376bf8ea0
Event: 6.867 Thread 0x0000020d1d5c8000 DEOPT UNPACKING pc=0x0000020d03a578af sp=0x0000004376bf8f00 mode 2
Event: 6.867 Thread 0x0000020d1d5c8000 Uncommon trap: trap_request=0xffffffc6 fr.pc=0x0000020d0b5ff92c relative=0x00000000000033ec
Event: 6.867 Thread 0x0000020d1d5c8000 Uncommon trap: reason=bimorphic_or_optimized_type_check action=maybe_recompile pc=0x0000020d0b5ff92c method=java.lang.ClassLoader.loadClass(Ljava/lang/String;Z)Ljava/lang/Class; @ 38 c2
Event: 6.867 Thread 0x0000020d1d5c8000 DEOPT PACKING pc=0x0000020d0b5ff92c sp=0x0000004376bfa550
Event: 6.867 Thread 0x0000020d1d5c8000 DEOPT UNPACKING pc=0x0000020d03a578af sp=0x0000004376bfa5b0 mode 2

Classes redefined (0 events):
No events

Internal exceptions (20 events):
Event: 6.104 Thread 0x0000020d1d5c8000 Exception <a 'java/lang/NoSuchMethodError'{0x00000000868e5d80}: 'java.lang.Object java.lang.invoke.DirectMethodHandle$Holder.invokeStatic(java.lang.Object, java.lang.Object, java.lang.Object, int)'> (0x00000000868e5d80) thrown at [./src/hotspot/share/interpreter/linkResolver.cpp, line 773]
Event: 6.104 Thread 0x0000020d1d5c8000 Exception <a 'java/lang/NoSuchMethodError'{0x00000000868ea1f0}: 'java.lang.Object java.lang.invoke.DirectMethodHandle$Holder.invokeSpecial(java.lang.Object, java.lang.Object, java.lang.Object, java.lang.Object, int)'> (0x00000000868ea1f0) thrown at [./src/hotspot/share/interpreter/linkResolver.cpp, line 773]
Event: 6.105 Thread 0x0000020d1d5c8000 Exception <a 'java/lang/NoSuchMethodError'{0x00000000868ede80}: 'java.lang.Object java.lang.invoke.Invokers$Holder.linkToTargetMethod(java.lang.Object, java.lang.Object, int, java.lang.Object)'> (0x00000000868ede80) thrown at [./src/hotspot/share/interpreter/linkResolver.cpp, line 773]
Event: 6.202 Thread 0x0000020d1d5c8000 Exception <a 'java/lang/NoSuchMethodError'{0x0000000087cd85c0}: 'int java.lang.invoke.DirectMethodHandle$Holder.invokeSpecialIFC(java.lang.Object, java.lang.Object, java.lang.Object, java.lang.Object)'> (0x0000000087cd85c0) thrown at [./src/hotspot/share/interpreter/linkResolver.cpp, line 773]
Event: 6.205 Thread 0x0000020d1d5c8000 Exception <a 'java/lang/NoSuchMethodError'{0x0000000087ce63b0}: 'java.lang.Object java.lang.invoke.DirectMethodHandle$Holder.invokeInterface(java.lang.Object, java.lang.Object, java.lang.Object)'> (0x0000000087ce63b0) thrown at [./src/hotspot/share/interpreter/linkResolver.cpp, line 773]
Event: 6.205 Thread 0x0000020d1d5c8000 Exception <a 'java/lang/IncompatibleClassChangeError'{0x0000000087ce9ac8}: Found class java.lang.Object, but interface was expected> (0x0000000087ce9ac8) thrown at [./src/hotspot/share/interpreter/linkResolver.cpp, line 839]
Event: 6.230 Thread 0x0000020d1d5c8000 Exception <a 'java/lang/NoSuchMethodError'{0x000000008790ba90}: 'void java.lang.invoke.DirectMethodHandle$Holder.invokeStatic(java.lang.Object, java.lang.Object, java.lang.Object, java.lang.Object, java.lang.Object)'> (0x000000008790ba90) thrown at [./src/hotspot/share/interpreter/linkResolver.cpp, line 773]
Event: 6.303 Thread 0x0000020d1d5c8000 Exception <a 'java/lang/NoSuchMethodError'{0x00000000873080f0}: 'java.lang.Object java.lang.invoke.DirectMethodHandle$Holder.invokeSpecial(java.lang.Object, java.lang.Object, java.lang.Object, java.lang.Object, java.lang.Object, java.lang.Object, java.lang.Object, java.lang.Object, java.lang.Object)'> (0x00000000873080f0) thrown at [./src/hotspot/share/interpreter/linkResolver.cpp, line 773]
Event: 6.365 Thread 0x0000020d1d5c8000 Exception <a 'java/lang/NoSuchMethodError'{0x0000000086a92030}: 'java.lang.Object java.lang.invoke.DirectMethodHandle$Holder.invokeVirtual(java.lang.Object, java.lang.Object, java.lang.Object, java.lang.Object)'> (0x0000000086a92030) thrown at [./src/hotspot/share/interpreter/linkResolver.cpp, line 773]
Event: 6.458 Thread 0x0000020d1d5c8000 Exception <a 'java/lang/NoSuchMethodError'{0x0000000086169780}: 'void java.lang.invoke.DirectMethodHandle$Holder.invokeSpecial(java.lang.Object, java.lang.Object, java.lang.Object, java.lang.Object, java.lang.Object, java.lang.Object)'> (0x0000000086169780) thrown at [./src/hotspot/share/interpreter/linkResolver.cpp, line 773]
Event: 6.469 Thread 0x0000020d1d5c8000 Exception <a 'java/lang/NoSuchMethodError'{0x00000000861d0d50}: 'void java.lang.invoke.DirectMethodHandle$Holder.invokeSpecial(java.lang.Object, java.lang.Object, java.lang.Object, java.lang.Object, java.lang.Object, java.lang.Object, java.lang.Object)'> (0x00000000861d0d50) thrown at [./src/hotspot/share/interpreter/linkResolver.cpp, line 773]
Event: 6.470 Thread 0x0000020d1d5c8000 Exception <a 'java/lang/NoSuchMethodError'{0x00000000861d9240}: 'java.lang.Object java.lang.invoke.Invokers$Holder.linkToTargetMethod(java.lang.Object, java.lang.Object, java.lang.Object, java.lang.Object, java.lang.Object, java.lang.Object)'> (0x00000000861d9240) thrown at [./src/hotspot/share/interpreter/linkResolver.cpp, line 773]
Event: 6.522 Thread 0x0000020d1d5c8000 Exception <a 'java/lang/NoSuchMethodError'{0x0000000085b31860}: 'java.lang.Object java.lang.invoke.Invokers$Holder.invoker(java.lang.Object, java.lang.Object, java.lang.Object, java.lang.Object, java.lang.Object)'> (0x0000000085b31860) thrown at [./src/hotspot/share/interpreter/linkResolver.cpp, line 773]
Event: 6.565 Thread 0x0000020d1d5c8000 Exception <a 'java/lang/NoSuchMethodError'{0x000000008571d160}: 'int java.lang.invoke.DirectMethodHandle$Holder.invokeStaticInit(java.lang.Object, java.lang.Object, java.lang.Object)'> (0x000000008571d160) thrown at [./src/hotspot/share/interpreter/linkResolver.cpp, line 773]
Event: 6.641 Thread 0x0000020d1d5c8000 Exception <a 'java/lang/NoSuchMethodError'{0x0000000085218638}: 'void java.lang.invoke.DirectMethodHandle$Holder.invokeStaticInit(java.lang.Object, java.lang.Object)'> (0x0000000085218638) thrown at [./src/hotspot/share/interpreter/linkResolver.cpp, line 773]
Event: 6.726 Thread 0x0000020d1d5c8000 Exception <a 'java/lang/NoSuchMethodError'{0x0000000084dad368}: 'void java.lang.invoke.DirectMethodHandle$Holder.invokeStatic(java.lang.Object, java.lang.Object, java.lang.Object, java.lang.Object)'> (0x0000000084dad368) thrown at [./src/hotspot/share/interpreter/linkResolver.cpp, line 773]
Event: 6.733 Thread 0x0000020d1d5c8000 Exception <a 'java/lang/NoSuchMethodError'{0x0000000087d0bf40}: 'int java.lang.invoke.DirectMethodHandle$Holder.invokeInterface(java.lang.Object, java.lang.Object)'> (0x0000000087d0bf40) thrown at [./src/hotspot/share/interpreter/linkResolver.cpp, line 773]
Event: 6.762 Thread 0x0000020d1c7de000 Exception <a 'java/lang/NoSuchMethodError'{0x0000000087cb09b0}: 'void java.lang.invoke.DirectMethodHandle$Holder.invokeSpecial(java.lang.Object, java.lang.Object)'> (0x0000000087cb09b0) thrown at [./src/hotspot/share/interpreter/linkResolver.cpp, line 773]
Event: 6.797 Thread 0x0000020d1d5c8000 Exception <a 'java/lang/NoSuchMethodError'{0x0000000087a5c458}: 'java.lang.Object java.lang.invoke.DirectMethodHandle$Holder.invokeStatic(java.lang.Object, java.lang.Object, int, java.lang.Object)'> (0x0000000087a5c458) thrown at [./src/hotspot/share/interpreter/linkResolver.cpp, line 773]
Event: 6.798 Thread 0x0000020d1d5c8000 Exception <a 'java/lang/NoSuchMethodError'{0x0000000087a66350}: 'java.lang.Object java.lang.invoke.Invokers$Holder.linkToTargetMethod(java.lang.Object, int, java.lang.Object, java.lang.Object)'> (0x0000000087a66350) thrown at [./src/hotspot/share/interpreter/linkResolver.cpp, line 773]

Events (20 events):
Event: 6.850 Executing VM operation: BulkRevokeBias
Event: 6.851 Executing VM operation: BulkRevokeBias done
Event: 6.852 Executing VM operation: RevokeBias
Event: 6.852 Executing VM operation: RevokeBias done
Event: 6.852 loading class org/gradle/tooling/internal/consumer/connection/InternalPhasedActionAdapter
Event: 6.852 loading class org/gradle/tooling/internal/consumer/connection/InternalPhasedActionAdapter done
Event: 6.865 Executing VM operation: RevokeBias
Event: 6.865 Executing VM operation: RevokeBias done
Event: 6.865 loading class org/gradle/tooling/internal/protocol/InternalPhasedAction
Event: 6.865 loading class org/gradle/tooling/internal/protocol/InternalPhasedAction done
Event: 6.866 loading class org/gradle/tooling/internal/protocol/InternalPhasedAction
Event: 6.866 loading class org/gradle/tooling/internal/protocol/InternalPhasedAction done
Event: 6.866 Executing VM operation: RevokeBias
Event: 6.867 Executing VM operation: RevokeBias done
Event: 6.867 Executing VM operation: RevokeBias
Event: 6.867 Executing VM operation: RevokeBias done
Event: 6.867 loading class org/gradle/tooling/internal/protocol/InternalBuildActionVersion2
Event: 6.867 loading class org/gradle/tooling/internal/protocol/InternalBuildActionVersion2 done
Event: 6.868 loading class org/gradle/tooling/internal/protocol/InternalBuildActionVersion2
Event: 6.868 loading class org/gradle/tooling/internal/protocol/InternalBuildActionVersion2 done


Dynamic libraries:
0x00007ff653080000 - 0x00007ff65308a000 	C:\Program Files\Android\Android Studio\jre\bin\java.exe
0x00007ffac6da0000 - 0x00007ffac6f90000 	C:\Windows\SYSTEM32\ntdll.dll
0x00007ffac6b40000 - 0x00007ffac6bf2000 	C:\Windows\System32\KERNEL32.DLL
0x00007ffac4490000 - 0x00007ffac4735000 	C:\Windows\System32\KERNELBASE.dll
0x00007ffac49f0000 - 0x00007ffac4aea000 	C:\Windows\System32\ucrtbase.dll
0x00007ffab7b80000 - 0x00007ffab7b99000 	C:\Program Files\Android\Android Studio\jre\bin\jli.dll
0x00007ffab7810000 - 0x00007ffab7827000 	C:\Program Files\Android\Android Studio\jre\bin\VCRUNTIME140.dll
0x00007ffac5c30000 - 0x00007ffac5dc4000 	C:\Windows\System32\USER32.dll
0x00007ffac4930000 - 0x00007ffac4951000 	C:\Windows\System32\win32u.dll
0x00007ffac53b0000 - 0x00007ffac53d6000 	C:\Windows\System32\GDI32.dll
0x00007ffac4790000 - 0x00007ffac4928000 	C:\Windows\System32\gdi32full.dll
0x00007ffac4bc0000 - 0x00007ffac4c5e000 	C:\Windows\System32\msvcp_win.dll
0x00007ffab31b0000 - 0x00007ffab3434000 	C:\Windows\WinSxS\amd64_microsoft.windows.common-controls_6595b64144ccf1df_6.0.18362.1556_none_9e7e372fe45e41d5\COMCTL32.dll
0x00007ffac64a0000 - 0x00007ffac653e000 	C:\Windows\System32\msvcrt.dll
0x00007ffac4ff0000 - 0x00007ffac5326000 	C:\Windows\System32\combase.dll
0x00007ffac6a20000 - 0x00007ffac6b3f000 	C:\Windows\System32\RPCRT4.dll
0x00007ffac4960000 - 0x00007ffac49e1000 	C:\Windows\System32\bcryptPrimitives.dll
0x00007ffac4fc0000 - 0x00007ffac4fee000 	C:\Windows\System32\IMM32.DLL
0x00007ffab5620000 - 0x00007ffab56bd000 	C:\Program Files\Android\Android Studio\jre\bin\msvcp140.dll
0x00007ffa85c00000 - 0x00007ffa866cf000 	C:\Program Files\Android\Android Studio\jre\bin\server\jvm.dll
0x00007ffac6540000 - 0x00007ffac65e3000 	C:\Windows\System32\ADVAPI32.dll
0x00007ffac4e50000 - 0x00007ffac4ee7000 	C:\Windows\System32\sechost.dll
0x00007ffac5330000 - 0x00007ffac5338000 	C:\Windows\System32\PSAPI.DLL
0x00007ffac00f0000 - 0x00007ffac00f9000 	C:\Windows\SYSTEM32\WSOCK32.dll
0x00007ffac5e30000 - 0x00007ffac5e9f000 	C:\Windows\System32\WS2_32.dll
0x00007ffac16a0000 - 0x00007ffac16c4000 	C:\Windows\SYSTEM32\WINMM.dll
0x00007ffab9770000 - 0x00007ffab977a000 	C:\Windows\SYSTEM32\VERSION.dll
0x00007ffac1670000 - 0x00007ffac169d000 	C:\Windows\SYSTEM32\winmmbase.dll
0x00007ffac4740000 - 0x00007ffac478a000 	C:\Windows\System32\cfgmgr32.dll
0x00007ffac3cf0000 - 0x00007ffac3d01000 	C:\Windows\System32\kernel.appcore.dll
0x00007ffabe8f0000 - 0x00007ffabe901000 	C:\Program Files\Android\Android Studio\jre\bin\verify.dll
0x00007ffab0740000 - 0x00007ffab0934000 	C:\Windows\SYSTEM32\DBGHELP.DLL
0x00007ffa98bf0000 - 0x00007ffa98c1a000 	C:\Windows\SYSTEM32\dbgcore.DLL
0x00007ffabe3e0000 - 0x00007ffabe409000 	C:\Program Files\Android\Android Studio\jre\bin\java.dll
0x00007ffabfd30000 - 0x00007ffabfd3b000 	C:\Program Files\Android\Android Studio\jre\bin\jimage.dll
0x00007ffab80b0000 - 0x00007ffab80c8000 	C:\Program Files\Android\Android Studio\jre\bin\zip.dll
0x00007ffac5540000 - 0x00007ffac5c27000 	C:\Windows\System32\SHELL32.dll
0x00007ffac65f0000 - 0x00007ffac6698000 	C:\Windows\System32\shcore.dll
0x00007ffac3d10000 - 0x00007ffac448b000 	C:\Windows\System32\windows.storage.dll
0x00007ffac3c60000 - 0x00007ffac3c7e000 	C:\Windows\System32\profapi.dll
0x00007ffac3c80000 - 0x00007ffac3cca000 	C:\Windows\System32\powrprof.dll
0x00007ffac3c50000 - 0x00007ffac3c60000 	C:\Windows\System32\UMPDC.dll
0x00007ffac5dd0000 - 0x00007ffac5e22000 	C:\Windows\System32\shlwapi.dll
0x00007ffac4ba0000 - 0x00007ffac4bb7000 	C:\Windows\System32\cryptsp.dll
0x00007ffab7d10000 - 0x00007ffab7d2a000 	C:\Program Files\Android\Android Studio\jre\bin\net.dll
0x00007ffab4ac0000 - 0x00007ffab4bba000 	C:\Windows\SYSTEM32\WINHTTP.dll
0x00007ffac3490000 - 0x00007ffac34f7000 	C:\Windows\system32\mswsock.dll
0x00007ffab7cf0000 - 0x00007ffab7d04000 	C:\Program Files\Android\Android Studio\jre\bin\nio.dll
0x00007ffab77a0000 - 0x00007ffab77c7000 	C:\Users\OmarTaha\.gradle\native\8bec1ad78214c89d9ad589b4d07fe93259594b29d510b10fafb7a158f7737e5d\windows-amd64\native-platform.dll
0x00007ffab36c0000 - 0x00007ffab37fd000 	C:\Users\OmarTaha\.gradle\native\53dbd7edfb1c66fb8903c78663c9afc45aea4f116125fa6feffd364cf09443e8\windows-amd64\native-platform-file-events.dll
0x00007ffabeae0000 - 0x00007ffabeaea000 	C:\Program Files\Android\Android Studio\jre\bin\management.dll
0x00007ffabe8e0000 - 0x00007ffabe8ec000 	C:\Program Files\Android\Android Studio\jre\bin\management_ext.dll
0x00007ffac3010000 - 0x00007ffac3043000 	C:\Windows\system32\rsaenh.dll
0x00007ffac4c60000 - 0x00007ffac4c86000 	C:\Windows\System32\bcrypt.dll
0x00007ffac3b70000 - 0x00007ffac3b95000 	C:\Windows\SYSTEM32\USERENV.dll
0x00007ffac3660000 - 0x00007ffac366c000 	C:\Windows\SYSTEM32\CRYPTBASE.dll
0x00007ffac31a0000 - 0x00007ffac31da000 	C:\Windows\SYSTEM32\IPHLPAPI.DLL
0x00007ffac67e0000 - 0x00007ffac67e8000 	C:\Windows\System32\NSI.dll
0x00007ffaba9c0000 - 0x00007ffaba9d6000 	C:\Windows\SYSTEM32\dhcpcsvc6.DLL
0x00007ffabae50000 - 0x00007ffabae6c000 	C:\Windows\SYSTEM32\dhcpcsvc.DLL
0x00007ffac31e0000 - 0x00007ffac32ab000 	C:\Windows\SYSTEM32\DNSAPI.dll

dbghelp: loaded successfully - version: 4.0.5 - missing functions: none
symbol engine: initialized successfully - sym options: 0x614 - pdb path: .;C:\Program Files\Android\Android Studio\jre\bin;C:\Windows\SYSTEM32;C:\Windows\WinSxS\amd64_microsoft.windows.common-controls_6595b64144ccf1df_6.0.18362.1556_none_9e7e372fe45e41d5;C:\Program Files\Android\Android Studio\jre\bin\server;C:\Users\OmarTaha\.gradle\native\8bec1ad78214c89d9ad589b4d07fe93259594b29d510b10fafb7a158f7737e5d\windows-amd64;C:\Users\OmarTaha\.gradle\native\53dbd7edfb1c66fb8903c78663c9afc45aea4f116125fa6feffd364cf09443e8\windows-amd64

VM Arguments:
jvm_args: --add-opens=java.base/java.util=ALL-UNNAMED --add-opens=java.base/java.lang=ALL-UNNAMED --add-opens=java.base/java.lang.invoke=ALL-UNNAMED --add-opens=java.base/java.util=ALL-UNNAMED --add-opens=java.prefs/java.util.prefs=ALL-UNNAMED --add-opens=java.prefs/java.util.prefs=ALL-UNNAMED --add-opens=java.base/java.nio.charset=ALL-UNNAMED --add-opens=java.base/java.net=ALL-UNNAMED --add-opens=java.base/java.util.concurrent.atomic=ALL-UNNAMED -Xmx2048m -Dfile.encoding=windows-1252 -Duser.country=US -Duser.language=en -Duser.variant 
java_command: org.gradle.launcher.daemon.bootstrap.GradleDaemon 7.1-rc-1
java_class_path (initial): C:\Users\OmarTaha\.gradle\wrapper\dists\gradle-7.1-rc-1-bin\89hqeppvp8dbb4pzs5e0rkzxn\gradle-7.1-rc-1\lib\gradle-launcher-7.1.jar
Launcher Type: SUN_STANDARD

[Global flags]
     intx CICompilerCount                          = 4                                         {product} {ergonomic}
     uint ConcGCThreads                            = 2                                         {product} {ergonomic}
     uint G1ConcRefinementThreads                  = 8                                         {product} {ergonomic}
   size_t G1HeapRegionSize                         = 1048576                                   {product} {ergonomic}
    uintx GCDrainStackTargetSize                   = 64                                        {product} {ergonomic}
   size_t InitialHeapSize                          = 132120576                                 {product} {ergonomic}
   size_t MarkStackSize                            = 4194304                                   {product} {ergonomic}
   size_t MaxHeapSize                              = 2147483648                                {product} {command line}
   size_t MaxNewSize                               = 1287651328                                {product} {ergonomic}
   size_t MinHeapDeltaBytes                        = 1048576                                   {product} {ergonomic}
    uintx NonNMethodCodeHeapSize                   = 5836300                                {pd product} {ergonomic}
    uintx NonProfiledCodeHeapSize                  = 122910970                              {pd product} {ergonomic}
    uintx ProfiledCodeHeapSize                     = 122910970                              {pd product} {ergonomic}
    uintx ReservedCodeCacheSize                    = 251658240                              {pd product} {ergonomic}
     bool SegmentedCodeCache                       = true                                      {product} {ergonomic}
     bool UseCompressedClassPointers               = true                                 {lp64_product} {ergonomic}
     bool UseCompressedOops                        = true                                 {lp64_product} {ergonomic}
     bool UseG1GC                                  = true                                      {product} {ergonomic}
     bool UseLargePagesIndividualAllocation        = false                                  {pd product} {ergonomic}

Logging:
Log output configuration:
 #0: stdout all=warning uptime,level,tags
 #1: stderr all=off uptime,level,tags

Environment Variables:
JAVA_HOME=C:\Program Files\Android\jdk\microsoft_dist_openjdk_1.8.0.25
PATH=C:\Program Files (x86)\Common Files\Oracle\Java\javapath;C:\Program Files\ImageMagick-7.0.10-Q16-HDRI;C:\Program Files (x86)\Common Files\Intel\Shared Libraries\redist\intel64\compiler;C:\Program Files\Java\jdk-12.0.2\bin;C:\Windows\system32;C:\Windows;C:\Windows\System32\Wbem;C:\Windows\System32\WindowsPowerShell\v1.0\;C:\Windows\System32\OpenSSH\;C:\Program Files\dotnet\;C:\Program Files\Microsoft SQL Server\120\Tools\Binn\;C:\Program Files\Microsoft SQL Server\120\DTS\Binn\;C:\Program Files\Microsoft SQL Server\Client SDK\ODBC\110\Tools\Binn\;C:\Program Files (x86)\Microsoft SQL Server\120\Tools\Binn\;C:\Program Files (x86)\Microsoft SQL Server\120\Tools\Binn\ManagementStudio\;C:\Program Files (x86)\Microsoft SQL Server\120\DTS\Binn\;C:\Windows\Microsoft.NET\Framework\v3.5;C:\Program Files\Microsoft SQL Server\130\Tools\Binn\;C:\Program Files\Microsoft SQL Server\Client SDK\ODBC\170\Tools\Binn\;C:\Program Files\MATLAB\R2016a\runtime\win64;C:\Program Files\MATLAB\R2016a\bin;C:\Program Files\MATLAB\R2016a\polyspace\bin;C:\Program Files (x86)\dotnet\;C:\sqlite;C:\Program Files\Git\cmd;C:\Users\OmarTaha\AppData\Local\Programs\Python\Python38-32\Scripts\;C:\Users\OmarTaha\AppData\Local\Programs\Python\Python38-32\;C:\Users\OmarTaha\AppData\Local\Microsoft\WindowsApps;C:\Users\OmarTaha\AppData\Local\Programs\Microsoft VS Code\bin;C:\Users\OmarTaha\.dotnet\tools;C:\Program Files\JetBrains\PyCharm Community Edition 2020.2.4\bin;;C:\Users\OmarTaha\AppData\Local\GitHubDesktop\bin
USERNAME=OmarTaha
OS=Windows_NT
PROCESSOR_IDENTIFIER=Intel64 Family 6 Model 60 Stepping 3, GenuineIntel



---------------  S Y S T E M  ---------------

OS: Windows 10 , 64 bit Build 18362 (10.0.18362.1500)
OS uptime: 0 days 6:12 hours

CPU:total 8 (initial active 8) (4 cores per cpu, 2 threads per core) family 6 model 60 stepping 3 microcode 0x28, cmov, cx8, fxsr, mmx, sse, sse2, sse3, ssse3, sse4.1, sse4.2, popcnt, avx, avx2, aes, clmul, erms, lzcnt, ht, tsc, tscinvbit, bmi1, bmi2, fma

Memory: 4k page, system-wide physical 7993M (818M free)
TotalPageFile size 7993M (AvailPageFile size 5M)
current process WorkingSet (physical memory assigned to process): 231M, peak: 231M
current process commit charge ("private bytes"): 293M, peak: 295M

vm_info: OpenJDK 64-Bit Server VM (11.0.10+0-b96-7249189) for windows-amd64 JRE (11.0.10+0-b96-7249189), built on Mar 31 2021 21:44:00 by "builder" with MS VC++ 14.0 (VS2015)

END.
