#
# There is insufficient memory for the Java Runtime Environment to continue.
# Native memory allocation (malloc) failed to allocate 2586736 bytes for Chunk::new
# Possible reasons:
#   The system is out of physical RAM or swap space
#   The process is running with CompressedOops enabled, and the Java Heap may be blocking the growth of the native heap
# Possible solutions:
#   Reduce memory load on the system
#   Increase physical memory or swap space
#   Check if swap backing store is full
#   Decrease Java heap size (-Xmx/-Xms)
#   Decrease number of Java threads
#   Decrease Java thread stack sizes (-Xss)
#   Set larger code cache with -XX:ReservedCodeCacheSize=
#   JVM is running with Unscaled Compressed Oops mode in which the Java heap is
#     placed in the first 4GB address space. The Java Heap base address is the
#     maximum limit for the native heap growth. Please use -XX:HeapBaseMinAddress
#     to set the Java Heap base and to place the Java Heap above 4GB virtual address.
# This output file may be truncated or incomplete.
#
#  Out of Memory Error (./open/src/hotspot/share/memory/arena.cpp:197), pid=13184, tid=1964
#
# JRE version: Java(TM) SE Runtime Environment 18.9 (11.0.12+8) (build 11.0.12+8-LTS-237)
# Java VM: Java HotSpot(TM) 64-Bit Server VM 18.9 (11.0.12+8-LTS-237, mixed mode, tiered, compressed oops, g1 gc, windows-amd64)
# No core dump will be written. Minidumps are not enabled by default on client versions of Windows
#

---------------  S U M M A R Y ------------

Command Line: --add-opens=java.base/java.util=ALL-UNNAMED --add-opens=java.base/java.lang=ALL-UNNAMED --add-opens=java.base/java.lang.invoke=ALL-UNNAMED --add-opens=java.base/java.util=ALL-UNNAMED --add-opens=java.prefs/java.util.prefs=ALL-UNNAMED --add-opens=java.prefs/java.util.prefs=ALL-UNNAMED --add-opens=java.base/java.nio.charset=ALL-UNNAMED --add-opens=java.base/java.net=ALL-UNNAMED --add-opens=java.base/java.util.concurrent.atomic=ALL-UNNAMED -Xmx2048m -Dfile.encoding=windows-1252 -Duser.country=US -Duser.language=en -Duser.variant org.gradle.launcher.daemon.bootstrap.GradleDaemon 7.1-rc-1

Host: Intel(R) Core(TM) i7-4800MQ CPU @ 2.70GHz, 8 cores, 7G,  Windows 10 , 64 bit Build 18362 (10.0.18362.1500)
Time: Mon Dec 20 12:41:24 2021 Arab Standard Time elapsed time: 10.466515 seconds (0d 0h 0m 10s)

---------------  T H R E A D  ---------------

Current thread (0x0000018e4d374800):  JavaThread "C2 CompilerThread0" daemon [_thread_in_native, id=1964, stack(0x0000003a79300000,0x0000003a79400000)]


Current CompileTask:
C2:  10466 8128       4       java.beans.Introspector::addMethod (196 bytes)

Stack: [0x0000003a79300000,0x0000003a79400000]
Native frames: (J=compiled Java code, j=interpreted, Vv=VM code, C=native code)
V  [jvm.dll+0x617d9a]
V  [jvm.dll+0x74eeef]
V  [jvm.dll+0x750599]
V  [jvm.dll+0x750c23]
V  [jvm.dll+0x2438d8]
V  [jvm.dll+0xba6dc]
V  [jvm.dll+0xbac9c]
V  [jvm.dll+0x3469b7]
V  [jvm.dll+0x3147a3]
V  [jvm.dll+0x313aea]
V  [jvm.dll+0x1fd105]
V  [jvm.dll+0x1fc2ed]
V  [jvm.dll+0x17f18c]
V  [jvm.dll+0x20b87c]
V  [jvm.dll+0x20997b]
V  [jvm.dll+0x716359]
V  [jvm.dll+0x70f064]
V  [jvm.dll+0x616f66]
C  [ucrtbase.dll+0x210b2]
C  [KERNEL32.DLL+0x17c24]
C  [ntdll.dll+0x6d721]


---------------  P R O C E S S  ---------------

Threads class SMR info:
_java_thread_list=0x0000018e50572480, length=125, elements={
0x0000018e2c57c000, 0x0000018e4d34d000, 0x0000018e4d356000, 0x0000018e4d368000,
0x0000018e4d369000, 0x0000018e4d36a800, 0x0000018e4d374800, 0x0000018e4d376800,
0x0000018e4d37a800, 0x0000018e4de4f800, 0x0000018e4fbfc800, 0x0000018e4df69000,
0x0000018e50058800, 0x0000018e504fc800, 0x0000018e504fd800, 0x0000018e4ede7000,
0x0000018e4ede7800, 0x0000018e5087c800, 0x0000018e50412800, 0x0000018e50472000,
0x0000018e4ee0a800, 0x0000018e50472800, 0x0000018e50470000, 0x0000018e5046d800,
0x0000018e5046d000, 0x0000018e50473800, 0x0000018e5046e800, 0x0000018e4f5db800,
0x0000018e5046f800, 0x0000018e50471000, 0x0000018e51566000, 0x0000018e51565800,
0x0000018e51569800, 0x0000018e51567000, 0x0000018e51563800, 0x0000018e51567800,
0x0000018e5156a000, 0x0000018e51568800, 0x0000018e51564800, 0x0000018e5156d800,
0x0000018e5156c000, 0x0000018e51570000, 0x0000018e5156f000, 0x0000018e51570800,
0x0000018e5156b000, 0x0000018e51571800, 0x0000018e51572800, 0x0000018e50718800,
0x0000018e50717000, 0x0000018e5071c800, 0x0000018e50719800, 0x0000018e50717800,
0x0000018e5071a000, 0x0000018e5071d800, 0x0000018e5071e000, 0x0000018e5071f000,
0x0000018e50720000, 0x0000018e50720800, 0x0000018e5071b000, 0x0000018e50721800,
0x0000018e5071c000, 0x0000018e50722800, 0x0000018e50723000, 0x0000018e50724000,
0x0000018e50724800, 0x0000018e50725800, 0x0000018e4e0c4800, 0x0000018e4e0c5000,
0x0000018e4e0c3800, 0x0000018e4e0c2800, 0x0000018e4e0c6000, 0x0000018e4e0c0800,
0x0000018e4e0c2000, 0x0000018e4e0c7000, 0x0000018e4e0c1000, 0x0000018e4e0cc800,
0x0000018e4e0cb800, 0x0000018e4e0cd800, 0x0000018e4e0ca000, 0x0000018e4e0c7800,
0x0000018e4e0ce000, 0x0000018e4e0c8800, 0x0000018e4e0cb000, 0x0000018e4e0cf000,
0x0000018e4e0c9800, 0x0000018e508b7000, 0x0000018e508b7800, 0x0000018e508bb000,
0x0000018e508ba000, 0x0000018e508bc000, 0x0000018e508b8800, 0x0000018e508b9800,
0x0000018e508b6000, 0x0000018e508bf000, 0x0000018e508c0000, 0x0000018e508c0800,
0x0000018e508c1800, 0x0000018e508c2800, 0x0000018e508bc800, 0x0000018e508c3000,
0x0000018e508bd800, 0x0000018e508c4000, 0x0000018e508be800, 0x0000018e508c5000,
0x0000018e532ba000, 0x0000018e532b8000, 0x0000018e532ba800, 0x0000018e532b9000,
0x0000018e532bb800, 0x0000018e532bc800, 0x0000018e532b6800, 0x0000018e532bd000,
0x0000018e532b7800, 0x0000018e532c1000, 0x0000018e532be800, 0x0000018e532bf800,
0x0000018e532c3800, 0x0000018e532c3000, 0x0000018e532be000, 0x0000018e532c4800,
0x0000018e532c0800, 0x0000018e532c2000, 0x0000018e532c5000, 0x0000018e56b37800,
0x0000018e56b38000
}

Java Threads: ( => current thread )
  0x0000018e2c57c000 JavaThread "main" [_thread_blocked, id=11232, stack(0x0000003a78700000,0x0000003a78800000)]
  0x0000018e4d34d000 JavaThread "Reference Handler" daemon [_thread_blocked, id=11452, stack(0x0000003a78e00000,0x0000003a78f00000)]
  0x0000018e4d356000 JavaThread "Finalizer" daemon [_thread_blocked, id=13744, stack(0x0000003a78f00000,0x0000003a79000000)]
  0x0000018e4d368000 JavaThread "Signal Dispatcher" daemon [_thread_blocked, id=12128, stack(0x0000003a79000000,0x0000003a79100000)]
  0x0000018e4d369000 JavaThread "Attach Listener" daemon [_thread_blocked, id=12292, stack(0x0000003a79100000,0x0000003a79200000)]
  0x0000018e4d36a800 JavaThread "Service Thread" daemon [_thread_blocked, id=10080, stack(0x0000003a79200000,0x0000003a79300000)]
=>0x0000018e4d374800 JavaThread "C2 CompilerThread0" daemon [_thread_in_native, id=1964, stack(0x0000003a79300000,0x0000003a79400000)]
  0x0000018e4d376800 JavaThread "C1 CompilerThread0" daemon [_thread_blocked, id=6532, stack(0x0000003a79400000,0x0000003a79500000)]
  0x0000018e4d37a800 JavaThread "Sweeper thread" daemon [_thread_blocked, id=13468, stack(0x0000003a79500000,0x0000003a79600000)]
  0x0000018e4de4f800 JavaThread "Common-Cleaner" daemon [_thread_blocked, id=12692, stack(0x0000003a79600000,0x0000003a79700000)]
  0x0000018e4fbfc800 JavaThread "Daemon health stats" [_thread_blocked, id=11968, stack(0x0000003a79c00000,0x0000003a79d00000)]
  0x0000018e4df69000 JavaThread "Incoming local TCP Connector on port 53518" [_thread_in_native, id=13540, stack(0x0000003a79800000,0x0000003a79900000)]
  0x0000018e50058800 JavaThread "Daemon periodic checks" [_thread_blocked, id=2184, stack(0x0000003a79b00000,0x0000003a79c00000)]
  0x0000018e504fc800 JavaThread "Daemon" [_thread_blocked, id=8692, stack(0x0000003a79d00000,0x0000003a79e00000)]
  0x0000018e504fd800 JavaThread "Handler for socket connection from /127.0.0.1:53518 to /127.0.0.1:53519" [_thread_in_native, id=10776, stack(0x0000003a79e00000,0x0000003a79f00000)]
  0x0000018e4ede7000 JavaThread "Cancel handler" [_thread_blocked, id=12884, stack(0x0000003a79f00000,0x0000003a7a000000)]
  0x0000018e4ede7800 JavaThread "Daemon worker" [_thread_blocked, id=10168, stack(0x0000003a7a000000,0x0000003a7a100000)]
  0x0000018e5087c800 JavaThread "Asynchronous log dispatcher for DefaultDaemonConnection: socket connection from /127.0.0.1:53518 to /127.0.0.1:53519" [_thread_blocked, id=2620, stack(0x0000003a7a100000,0x0000003a7a200000)]
  0x0000018e50412800 JavaThread "Stdin handler" [_thread_blocked, id=9704, stack(0x0000003a7a200000,0x0000003a7a300000)]
  0x0000018e50472000 JavaThread "Daemon client event forwarder" [_thread_blocked, id=7820, stack(0x0000003a7a900000,0x0000003a7aa00000)]
  0x0000018e4ee0a800 JavaThread "C2 CompilerThread1" daemon [_thread_blocked, id=10900, stack(0x0000003a7aa00000,0x0000003a7ab00000)]
  0x0000018e50472800 JavaThread "Cache worker for journal cache (C:\Users\OmarTaha\.gradle\caches\journal-1)" [_thread_blocked, id=8560, stack(0x0000003a7ab00000,0x0000003a7ac00000)]
  0x0000018e50470000 JavaThread "File lock request listener" [_thread_in_native, id=6396, stack(0x0000003a7ac00000,0x0000003a7ad00000)]
  0x0000018e5046d800 JavaThread "Cache worker for file hash cache (C:\Users\OmarTaha\.gradle\caches\7.1-rc-1\fileHashes)" [_thread_blocked, id=2276, stack(0x0000003a7ad00000,0x0000003a7ae00000)]
  0x0000018e5046d000 JavaThread "Cache worker for file hash cache (C:\Users\OmarTaha\AndroidStudioProjects\GMS\.gradle\7.1-rc-1\fileHashes)" [_thread_blocked, id=1248, stack(0x0000003a7af00000,0x0000003a7b000000)]
  0x0000018e50473800 JavaThread "File watcher server" daemon [_thread_in_native, id=2248, stack(0x0000003a7b000000,0x0000003a7b100000)]
  0x0000018e5046e800 JavaThread "File watcher consumer" daemon [_thread_blocked, id=4948, stack(0x0000003a7b100000,0x0000003a7b200000)]
  0x0000018e4f5db800 JavaThread "C2 CompilerThread2" daemon [_thread_in_native, id=10624, stack(0x0000003a7b200000,0x0000003a7b300000)]
  0x0000018e5046f800 JavaThread "jar transforms" [_thread_blocked, id=12244, stack(0x0000003a7b300000,0x0000003a7b400000)]
  0x0000018e50471000 JavaThread "jar transforms Thread 2" [_thread_blocked, id=13636, stack(0x0000003a7b400000,0x0000003a7b500000)]
  0x0000018e51566000 JavaThread "jar transforms Thread 3" [_thread_blocked, id=3480, stack(0x0000003a7b500000,0x0000003a7b600000)]
  0x0000018e51565800 JavaThread "jar transforms Thread 4" [_thread_blocked, id=9436, stack(0x0000003a7b600000,0x0000003a7b700000)]
  0x0000018e51569800 JavaThread "jar transforms Thread 5" [_thread_blocked, id=6124, stack(0x0000003a7b700000,0x0000003a7b800000)]
  0x0000018e51567000 JavaThread "jar transforms Thread 6" [_thread_blocked, id=9600, stack(0x0000003a7b800000,0x0000003a7b900000)]
  0x0000018e51563800 JavaThread "jar transforms Thread 7" [_thread_blocked, id=9672, stack(0x0000003a7b900000,0x0000003a7ba00000)]
  0x0000018e51567800 JavaThread "jar transforms Thread 8" [_thread_blocked, id=10372, stack(0x0000003a7ba00000,0x0000003a7bb00000)]
  0x0000018e5156a000 JavaThread "Cache worker for checksums cache (C:\Users\OmarTaha\AndroidStudioProjects\GMS\.gradle\checksums)" [_thread_blocked, id=7716, stack(0x0000003a7bb00000,0x0000003a7bc00000)]
  0x0000018e51568800 JavaThread "Cache worker for cache directory md-supplier (C:\Users\OmarTaha\.gradle\caches\7.1-rc-1\md-supplier)" [_thread_blocked, id=6740, stack(0x0000003a7bc00000,0x0000003a7bd00000)]
  0x0000018e51564800 JavaThread "Cache worker for cache directory md-rule (C:\Users\OmarTaha\.gradle\caches\7.1-rc-1\md-rule)" [_thread_blocked, id=14160, stack(0x0000003a7bd00000,0x0000003a7be00000)]
  0x0000018e5156d800 JavaThread "Cache worker for execution history cache (C:\Users\OmarTaha\.gradle\caches\7.1-rc-1\executionHistory)" [_thread_blocked, id=9728, stack(0x0000003a7be00000,0x0000003a7bf00000)]
  0x0000018e5156c000 JavaThread "Cache worker for file content cache (C:\Users\OmarTaha\.gradle\caches\7.1-rc-1\fileContent)" [_thread_blocked, id=14080, stack(0x0000003a7bf00000,0x0000003a7c000000)]
  0x0000018e51570000 JavaThread "Cache worker for dependencies-accessors (C:\Users\OmarTaha\AndroidStudioProjects\GMS\.gradle\7.1-rc-1\dependencies-accessors)" [_thread_blocked, id=13564, stack(0x0000003a7c000000,0x0000003a7c100000)]
  0x0000018e5156f000 JavaThread "Cache worker for Build Output Cleanup Cache (C:\Users\OmarTaha\AndroidStudioProjects\GMS\.gradle\buildOutputCleanup)" [_thread_blocked, id=6484, stack(0x0000003a7c100000,0x0000003a7c200000)]
  0x0000018e51570800 JavaThread "Unconstrained build operations" [_thread_blocked, id=4020, stack(0x0000003a7c200000,0x0000003a7c300000)]
  0x0000018e5156b000 JavaThread "Unconstrained build operations Thread 2" [_thread_blocked, id=12336, stack(0x0000003a7c300000,0x0000003a7c400000)]
  0x0000018e51571800 JavaThread "Unconstrained build operations Thread 3" [_thread_blocked, id=12608, stack(0x0000003a7c400000,0x0000003a7c500000)]
  0x0000018e51572800 JavaThread "Unconstrained build operations Thread 4" [_thread_blocked, id=13348, stack(0x0000003a7c500000,0x0000003a7c600000)]
  0x0000018e50718800 JavaThread "Unconstrained build operations Thread 5" [_thread_blocked, id=12004, stack(0x0000003a7c600000,0x0000003a7c700000)]
  0x0000018e50717000 JavaThread "Unconstrained build operations Thread 6" [_thread_blocked, id=14108, stack(0x0000003a7c700000,0x0000003a7c800000)]
  0x0000018e5071c800 JavaThread "Unconstrained build operations Thread 7" [_thread_blocked, id=11144, stack(0x0000003a7c800000,0x0000003a7c900000)]
  0x0000018e50719800 JavaThread "Unconstrained build operations Thread 8" [_thread_blocked, id=3444, stack(0x0000003a7c900000,0x0000003a7ca00000)]
  0x0000018e50717800 JavaThread "Unconstrained build operations Thread 9" [_thread_blocked, id=4212, stack(0x0000003a7ca00000,0x0000003a7cb00000)]
  0x0000018e5071a000 JavaThread "Unconstrained build operations Thread 10" [_thread_blocked, id=10812, stack(0x0000003a7cb00000,0x0000003a7cc00000)]
  0x0000018e5071d800 JavaThread "Unconstrained build operations Thread 11" [_thread_blocked, id=3404, stack(0x0000003a7cc00000,0x0000003a7cd00000)]
  0x0000018e5071e000 JavaThread "Unconstrained build operations Thread 12" [_thread_blocked, id=1672, stack(0x0000003a7cd00000,0x0000003a7ce00000)]
  0x0000018e5071f000 JavaThread "Unconstrained build operations Thread 13" [_thread_blocked, id=13816, stack(0x0000003a7ce00000,0x0000003a7cf00000)]
  0x0000018e50720000 JavaThread "Unconstrained build operations Thread 14" [_thread_blocked, id=11640, stack(0x0000003a7cf00000,0x0000003a7d000000)]
  0x0000018e50720800 JavaThread "Unconstrained build operations Thread 15" [_thread_blocked, id=12776, stack(0x0000003a7d000000,0x0000003a7d100000)]
  0x0000018e5071b000 JavaThread "Unconstrained build operations Thread 16" [_thread_blocked, id=4532, stack(0x0000003a7d100000,0x0000003a7d200000)]
  0x0000018e50721800 JavaThread "Unconstrained build operations Thread 17" [_thread_blocked, id=1648, stack(0x0000003a7d200000,0x0000003a7d300000)]
  0x0000018e5071c000 JavaThread "Unconstrained build operations Thread 18" [_thread_blocked, id=4380, stack(0x0000003a7d300000,0x0000003a7d400000)]
  0x0000018e50722800 JavaThread "Unconstrained build operations Thread 19" [_thread_blocked, id=1372, stack(0x0000003a7d400000,0x0000003a7d500000)]
  0x0000018e50723000 JavaThread "Unconstrained build operations Thread 20" [_thread_blocked, id=10552, stack(0x0000003a7d500000,0x0000003a7d600000)]
  0x0000018e50724000 JavaThread "Unconstrained build operations Thread 21" [_thread_blocked, id=10208, stack(0x0000003a7d600000,0x0000003a7d700000)]
  0x0000018e50724800 JavaThread "Unconstrained build operations Thread 22" [_thread_blocked, id=7696, stack(0x0000003a7d700000,0x0000003a7d800000)]
  0x0000018e50725800 JavaThread "Unconstrained build operations Thread 23" [_thread_blocked, id=14040, stack(0x0000003a7d800000,0x0000003a7d900000)]
  0x0000018e4e0c4800 JavaThread "Unconstrained build operations Thread 24" [_thread_blocked, id=9956, stack(0x0000003a7d900000,0x0000003a7da00000)]
  0x0000018e4e0c5000 JavaThread "Unconstrained build operations Thread 25" [_thread_blocked, id=3436, stack(0x0000003a7da00000,0x0000003a7db00000)]
  0x0000018e4e0c3800 JavaThread "Unconstrained build operations Thread 26" [_thread_blocked, id=3948, stack(0x0000003a7db00000,0x0000003a7dc00000)]
  0x0000018e4e0c2800 JavaThread "Unconstrained build operations Thread 27" [_thread_blocked, id=10984, stack(0x0000003a7dc00000,0x0000003a7dd00000)]
  0x0000018e4e0c6000 JavaThread "Unconstrained build operations Thread 28" [_thread_blocked, id=10880, stack(0x0000003a7dd00000,0x0000003a7de00000)]
  0x0000018e4e0c0800 JavaThread "Unconstrained build operations Thread 29" [_thread_blocked, id=11488, stack(0x0000003a7de00000,0x0000003a7df00000)]
  0x0000018e4e0c2000 JavaThread "Unconstrained build operations Thread 30" [_thread_blocked, id=5116, stack(0x0000003a7df00000,0x0000003a7e000000)]
  0x0000018e4e0c7000 JavaThread "Unconstrained build operations Thread 31" [_thread_blocked, id=2100, stack(0x0000003a7e000000,0x0000003a7e100000)]
  0x0000018e4e0c1000 JavaThread "Unconstrained build operations Thread 32" [_thread_blocked, id=5272, stack(0x0000003a7e100000,0x0000003a7e200000)]
  0x0000018e4e0cc800 JavaThread "Unconstrained build operations Thread 33" [_thread_blocked, id=11340, stack(0x0000003a7e200000,0x0000003a7e300000)]
  0x0000018e4e0cb800 JavaThread "Unconstrained build operations Thread 34" [_thread_blocked, id=12136, stack(0x0000003a7e300000,0x0000003a7e400000)]
  0x0000018e4e0cd800 JavaThread "Unconstrained build operations Thread 35" [_thread_blocked, id=7576, stack(0x0000003a7e400000,0x0000003a7e500000)]
  0x0000018e4e0ca000 JavaThread "Unconstrained build operations Thread 36" [_thread_blocked, id=2756, stack(0x0000003a7e500000,0x0000003a7e600000)]
  0x0000018e4e0c7800 JavaThread "Unconstrained build operations Thread 37" [_thread_blocked, id=7388, stack(0x0000003a7e600000,0x0000003a7e700000)]
  0x0000018e4e0ce000 JavaThread "Unconstrained build operations Thread 38" [_thread_blocked, id=10400, stack(0x0000003a7e700000,0x0000003a7e800000)]
  0x0000018e4e0c8800 JavaThread "Unconstrained build operations Thread 39" [_thread_blocked, id=11628, stack(0x0000003a7e800000,0x0000003a7e900000)]
  0x0000018e4e0cb000 JavaThread "Unconstrained build operations Thread 40" [_thread_blocked, id=11960, stack(0x0000003a7e900000,0x0000003a7ea00000)]
  0x0000018e4e0cf000 JavaThread "Unconstrained build operations Thread 41" [_thread_blocked, id=11952, stack(0x0000003a7ea00000,0x0000003a7eb00000)]
  0x0000018e4e0c9800 JavaThread "Unconstrained build operations Thread 42" [_thread_blocked, id=7504, stack(0x0000003a7eb00000,0x0000003a7ec00000)]
  0x0000018e508b7000 JavaThread "Unconstrained build operations Thread 43" [_thread_blocked, id=12868, stack(0x0000003a7ec00000,0x0000003a7ed00000)]
  0x0000018e508b7800 JavaThread "Unconstrained build operations Thread 44" [_thread_blocked, id=1332, stack(0x0000003a7ed00000,0x0000003a7ee00000)]
  0x0000018e508bb000 JavaThread "Unconstrained build operations Thread 45" [_thread_blocked, id=5580, stack(0x0000003a7ee00000,0x0000003a7ef00000)]
  0x0000018e508ba000 JavaThread "Unconstrained build operations Thread 46" [_thread_blocked, id=12044, stack(0x0000003a7ef00000,0x0000003a7f000000)]
  0x0000018e508bc000 JavaThread "Unconstrained build operations Thread 47" [_thread_blocked, id=2904, stack(0x0000003a7f000000,0x0000003a7f100000)]
  0x0000018e508b8800 JavaThread "Unconstrained build operations Thread 48" [_thread_blocked, id=4348, stack(0x0000003a7f100000,0x0000003a7f200000)]
  0x0000018e508b9800 JavaThread "Unconstrained build operations Thread 49" [_thread_blocked, id=6312, stack(0x0000003a7f200000,0x0000003a7f300000)]
  0x0000018e508b6000 JavaThread "Unconstrained build operations Thread 50" [_thread_blocked, id=9976, stack(0x0000003a7f300000,0x0000003a7f400000)]
  0x0000018e508bf000 JavaThread "Unconstrained build operations Thread 51" [_thread_blocked, id=12440, stack(0x0000003a7f400000,0x0000003a7f500000)]
  0x0000018e508c0000 JavaThread "Unconstrained build operations Thread 52" [_thread_blocked, id=14048, stack(0x0000003a7f500000,0x0000003a7f600000)]
  0x0000018e508c0800 JavaThread "Unconstrained build operations Thread 53" [_thread_blocked, id=12888, stack(0x0000003a7f600000,0x0000003a7f700000)]
  0x0000018e508c1800 JavaThread "Unconstrained build operations Thread 54" [_thread_blocked, id=12268, stack(0x0000003a7f700000,0x0000003a7f800000)]
  0x0000018e508c2800 JavaThread "Unconstrained build operations Thread 55" [_thread_blocked, id=13756, stack(0x0000003a7f800000,0x0000003a7f900000)]
  0x0000018e508bc800 JavaThread "Unconstrained build operations Thread 56" [_thread_blocked, id=13072, stack(0x0000003a7f900000,0x0000003a7fa00000)]
  0x0000018e508c3000 JavaThread "Unconstrained build operations Thread 57" [_thread_blocked, id=12032, stack(0x0000003a7fa00000,0x0000003a7fb00000)]
  0x0000018e508bd800 JavaThread "Unconstrained build operations Thread 58" [_thread_blocked, id=8832, stack(0x0000003a7fb00000,0x0000003a7fc00000)]
  0x0000018e508c4000 JavaThread "Unconstrained build operations Thread 59" [_thread_blocked, id=5200, stack(0x0000003a7fc00000,0x0000003a7fd00000)]
  0x0000018e508be800 JavaThread "Unconstrained build operations Thread 60" [_thread_blocked, id=9388, stack(0x0000003a7fd00000,0x0000003a7fe00000)]
  0x0000018e508c5000 JavaThread "Unconstrained build operations Thread 61" [_thread_blocked, id=10360, stack(0x0000003a7fe00000,0x0000003a7ff00000)]
  0x0000018e532ba000 JavaThread "Unconstrained build operations Thread 62" [_thread_blocked, id=12060, stack(0x0000003a7ff00000,0x0000003a80000000)]
  0x0000018e532b8000 JavaThread "Unconstrained build operations Thread 63" [_thread_blocked, id=6128, stack(0x0000003a00000000,0x0000003a00100000)]
  0x0000018e532ba800 JavaThread "Unconstrained build operations Thread 64" [_thread_blocked, id=6512, stack(0x0000003a00100000,0x0000003a00200000)]
  0x0000018e532b9000 JavaThread "Unconstrained build operations Thread 65" [_thread_blocked, id=5212, stack(0x0000003a00200000,0x0000003a00300000)]
  0x0000018e532bb800 JavaThread "Unconstrained build operations Thread 66" [_thread_blocked, id=12744, stack(0x0000003a00300000,0x0000003a00400000)]
  0x0000018e532bc800 JavaThread "Unconstrained build operations Thread 67" [_thread_blocked, id=8044, stack(0x0000003a00400000,0x0000003a00500000)]
  0x0000018e532b6800 JavaThread "Unconstrained build operations Thread 68" [_thread_blocked, id=12532, stack(0x0000003a00500000,0x0000003a00600000)]
  0x0000018e532bd000 JavaThread "Unconstrained build operations Thread 69" [_thread_blocked, id=4220, stack(0x0000003a00600000,0x0000003a00700000)]
  0x0000018e532b7800 JavaThread "Unconstrained build operations Thread 70" [_thread_blocked, id=3704, stack(0x0000003a00700000,0x0000003a00800000)]
  0x0000018e532c1000 JavaThread "Unconstrained build operations Thread 71" [_thread_blocked, id=4048, stack(0x0000003a00800000,0x0000003a00900000)]
  0x0000018e532be800 JavaThread "Unconstrained build operations Thread 72" [_thread_blocked, id=4480, stack(0x0000003a00900000,0x0000003a00a00000)]
  0x0000018e532bf800 JavaThread "Unconstrained build operations Thread 73" [_thread_blocked, id=13688, stack(0x0000003a00a00000,0x0000003a00b00000)]
  0x0000018e532c3800 JavaThread "Unconstrained build operations Thread 74" [_thread_blocked, id=9076, stack(0x0000003a00b00000,0x0000003a00c00000)]
  0x0000018e532c3000 JavaThread "Unconstrained build operations Thread 75" [_thread_blocked, id=10368, stack(0x0000003a00c00000,0x0000003a00d00000)]
  0x0000018e532be000 JavaThread "Unconstrained build operations Thread 76" [_thread_blocked, id=10968, stack(0x0000003a00d00000,0x0000003a00e00000)]
  0x0000018e532c4800 JavaThread "Unconstrained build operations Thread 77" [_thread_blocked, id=13152, stack(0x0000003a00e00000,0x0000003a00f00000)]
  0x0000018e532c0800 JavaThread "Unconstrained build operations Thread 78" [_thread_blocked, id=9880, stack(0x0000003a00f00000,0x0000003a01000000)]
  0x0000018e532c2000 JavaThread "Unconstrained build operations Thread 79" [_thread_blocked, id=10060, stack(0x0000003a01000000,0x0000003a01100000)]
  0x0000018e532c5000 JavaThread "Unconstrained build operations Thread 80" [_thread_blocked, id=8840, stack(0x0000003a01100000,0x0000003a01200000)]
  0x0000018e56b37800 JavaThread "Memory manager" [_thread_blocked, id=13148, stack(0x0000003a01200000,0x0000003a01300000)]
  0x0000018e56b38000 JavaThread "pool-3-thread-1" [_thread_blocked, id=9644, stack(0x0000003a01300000,0x0000003a01400000)]

Other Threads:
  0x0000018e4d349800 VMThread "VM Thread" [stack: 0x0000003a78d00000,0x0000003a78e00000] [id=148]
  0x0000018e4dea7800 WatcherThread [stack: 0x0000003a79700000,0x0000003a79800000] [id=6052]
  0x0000018e2c593000 GCTaskThread "GC Thread#0" [stack: 0x0000003a78800000,0x0000003a78900000] [id=13180]
  0x0000018e4e68a800 GCTaskThread "GC Thread#1" [stack: 0x0000003a79900000,0x0000003a79a00000] [id=13340]
  0x0000018e4efa6000 GCTaskThread "GC Thread#2" [stack: 0x0000003a79a00000,0x0000003a79b00000] [id=11808]
  0x0000018e4ff68800 GCTaskThread "GC Thread#3" [stack: 0x0000003a7a300000,0x0000003a7a400000] [id=11532]
  0x0000018e4ffab000 GCTaskThread "GC Thread#4" [stack: 0x0000003a7a400000,0x0000003a7a500000] [id=3796]
  0x0000018e4ffab800 GCTaskThread "GC Thread#5" [stack: 0x0000003a7a500000,0x0000003a7a600000] [id=13036]
  0x0000018e4edf5000 GCTaskThread "GC Thread#6" [stack: 0x0000003a7a600000,0x0000003a7a700000] [id=11320]
  0x0000018e50f18800 GCTaskThread "GC Thread#7" [stack: 0x0000003a7a700000,0x0000003a7a800000] [id=5604]
  0x0000018e2c5c4000 ConcurrentGCThread "G1 Main Marker" [stack: 0x0000003a78900000,0x0000003a78a00000] [id=10888]
  0x0000018e2c5c5000 ConcurrentGCThread "G1 Conc#0" [stack: 0x0000003a78a00000,0x0000003a78b00000] [id=12472]
  0x0000018e4ef13800 ConcurrentGCThread "G1 Conc#1" [stack: 0x0000003a7ae00000,0x0000003a7af00000] [id=5424]
  0x0000018e4d19a800 ConcurrentGCThread "G1 Refine#0" [stack: 0x0000003a78b00000,0x0000003a78c00000] [id=4620]
  0x0000018e4f4d7000 ConcurrentGCThread "G1 Refine#1" [stack: 0x0000003a7a800000,0x0000003a7a900000] [id=4256]
  0x0000018e2c64e000 ConcurrentGCThread "G1 Young RemSet Sampling" [stack: 0x0000003a78c00000,0x0000003a78d00000] [id=8956]

Threads with active compile tasks:
C2 CompilerThread0  10516 8128       4       java.beans.Introspector::addMethod (196 bytes)
C1 CompilerThread0  10516 8356       3       org.gradle.api.internal.artifacts.DefaultImmutableModuleIdentifierFactory::moduleWithVersion (74 bytes)
C2 CompilerThread1  10516 8070       4       org.objectweb.asm.Type::appendDescriptor (90 bytes)
C2 CompilerThread2  10516 8079       4       com.sun.beans.TypeResolver::resolve (37 bytes)

VM state:at safepoint (normal execution)

VM Mutex/Monitor currently owned by a thread:  ([mutex/lock_event])
[0x0000018e2c5782e0] Threads_lock - owner thread: 0x0000018e4d349800
[0x0000018e2c578a30] Heap_lock - owner thread: 0x0000018e4ede7800

Heap address: 0x0000000080000000, size: 2048 MB, Compressed Oops mode: 32-bit
Narrow klass base: 0x0000000000000000, Narrow klass shift: 3
Compressed class space size: 1073741824 Address: 0x0000000100000000

Heap:
 garbage-first heap   total 187392K, used 97924K [0x0000000080000000, 0x0000000100000000)
  region size 1024K, 5 young (5120K), 5 survivors (5120K)
 Metaspace       used 81278K, capacity 83428K, committed 83712K, reserved 1122304K
  class space    used 10463K, capacity 11161K, committed 11264K, reserved 1048576K
Heap Regions: E=young(eden), S=young(survivor), O=old, HS=humongous(starts), HC=humongous(continues), CS=collection set, F=free, A=archive, TAMS=top-at-mark-start (previous, next)
|   0|0x0000000080000000, 0x0000000080100000, 0x0000000080100000|100%| O|  |TAMS 0x0000000080100000, 0x0000000080000000| Untracked 
|   1|0x0000000080100000, 0x0000000080200000, 0x0000000080200000|100%| O|  |TAMS 0x0000000080200000, 0x0000000080100000| Untracked 
|   2|0x0000000080200000, 0x0000000080300000, 0x0000000080300000|100%| O|  |TAMS 0x0000000080300000, 0x0000000080200000| Untracked 
|   3|0x0000000080300000, 0x0000000080400000, 0x0000000080400000|100%|HS|  |TAMS 0x0000000080400000, 0x0000000080300000| Complete 
|   4|0x0000000080400000, 0x0000000080500000, 0x0000000080500000|100%|HC|  |TAMS 0x0000000080500000, 0x0000000080400000| Complete 
|   5|0x0000000080500000, 0x0000000080600000, 0x0000000080600000|100%|HC|  |TAMS 0x0000000080600000, 0x0000000080500000| Complete 
|   6|0x0000000080600000, 0x0000000080700000, 0x0000000080700000|100%| O|  |TAMS 0x0000000080700000, 0x0000000080600000| Untracked 
|   7|0x0000000080700000, 0x0000000080800000, 0x0000000080800000|100%| O|  |TAMS 0x0000000080800000, 0x0000000080700000| Untracked 
|   8|0x0000000080800000, 0x0000000080900000, 0x0000000080900000|100%| O|  |TAMS 0x0000000080900000, 0x0000000080800000| Untracked 
|   9|0x0000000080900000, 0x0000000080a00000, 0x0000000080a00000|100%| O|  |TAMS 0x0000000080a00000, 0x0000000080900000| Untracked 
|  10|0x0000000080a00000, 0x0000000080b00000, 0x0000000080b00000|100%| O|  |TAMS 0x0000000080b00000, 0x0000000080a00000| Untracked 
|  11|0x0000000080b00000, 0x0000000080c00000, 0x0000000080c00000|100%| O|  |TAMS 0x0000000080c00000, 0x0000000080b00000| Untracked 
|  12|0x0000000080c00000, 0x0000000080d00000, 0x0000000080d00000|100%| O|  |TAMS 0x0000000080d00000, 0x0000000080c00000| Untracked 
|  13|0x0000000080d00000, 0x0000000080e00000, 0x0000000080e00000|100%| O|  |TAMS 0x0000000080e00000, 0x0000000080d00000| Untracked 
|  14|0x0000000080e00000, 0x0000000080f00000, 0x0000000080f00000|100%| O|  |TAMS 0x0000000080f00000, 0x0000000080e00000| Untracked 
|  15|0x0000000080f00000, 0x0000000081000000, 0x0000000081000000|100%| O|  |TAMS 0x0000000081000000, 0x0000000080f00000| Untracked 
|  16|0x0000000081000000, 0x0000000081100000, 0x0000000081100000|100%|HS|  |TAMS 0x0000000081100000, 0x0000000081000000| Complete 
|  17|0x0000000081100000, 0x0000000081200000, 0x0000000081200000|100%|HC|  |TAMS 0x0000000081200000, 0x0000000081100000| Complete 
|  18|0x0000000081200000, 0x0000000081300000, 0x0000000081300000|100%|HS|  |TAMS 0x0000000081300000, 0x0000000081200000| Complete 
|  19|0x0000000081300000, 0x0000000081400000, 0x0000000081400000|100%|HC|  |TAMS 0x0000000081400000, 0x0000000081300000| Complete 
|  20|0x0000000081400000, 0x0000000081500000, 0x0000000081500000|100%|HC|  |TAMS 0x0000000081500000, 0x0000000081400000| Complete 
|  21|0x0000000081500000, 0x0000000081600000, 0x0000000081600000|100%|HS|  |TAMS 0x0000000081600000, 0x0000000081500000| Complete 
|  22|0x0000000081600000, 0x0000000081700000, 0x0000000081700000|100%|HC|  |TAMS 0x0000000081700000, 0x0000000081600000| Complete 
|  23|0x0000000081700000, 0x0000000081800000, 0x0000000081800000|100%|HC|  |TAMS 0x0000000081800000, 0x0000000081700000| Complete 
|  24|0x0000000081800000, 0x0000000081900000, 0x0000000081900000|100%|HC|  |TAMS 0x0000000081900000, 0x0000000081800000| Complete 
|  25|0x0000000081900000, 0x0000000081a00000, 0x0000000081a00000|100%|HC|  |TAMS 0x0000000081a00000, 0x0000000081900000| Complete 
|  26|0x0000000081a00000, 0x0000000081b00000, 0x0000000081b00000|100%| O|  |TAMS 0x0000000081b00000, 0x0000000081a00000| Untracked 
|  27|0x0000000081b00000, 0x0000000081c00000, 0x0000000081c00000|100%| O|  |TAMS 0x0000000081c00000, 0x0000000081b00000| Untracked 
|  28|0x0000000081c00000, 0x0000000081d00000, 0x0000000081d00000|100%| O|  |TAMS 0x0000000081d00000, 0x0000000081c00000| Untracked 
|  29|0x0000000081d00000, 0x0000000081e00000, 0x0000000081e00000|100%|HS|  |TAMS 0x0000000081e00000, 0x0000000081d00000| Complete 
|  30|0x0000000081e00000, 0x0000000081f00000, 0x0000000081f00000|100%|HC|  |TAMS 0x0000000081f00000, 0x0000000081e00000| Complete 
|  31|0x0000000081f00000, 0x0000000082000000, 0x0000000082000000|100%|HC|  |TAMS 0x0000000082000000, 0x0000000081f00000| Complete 
|  32|0x0000000082000000, 0x0000000082100000, 0x0000000082100000|100%| O|  |TAMS 0x0000000082100000, 0x0000000082000000| Untracked 
|  33|0x0000000082100000, 0x0000000082200000, 0x0000000082200000|100%| O|  |TAMS 0x0000000082200000, 0x0000000082100000| Untracked 
|  34|0x0000000082200000, 0x0000000082300000, 0x0000000082300000|100%| O|  |TAMS 0x0000000082300000, 0x0000000082200000| Untracked 
|  35|0x0000000082300000, 0x0000000082400000, 0x0000000082400000|100%| O|  |TAMS 0x0000000082400000, 0x0000000082300000| Untracked 
|  36|0x0000000082400000, 0x0000000082500000, 0x0000000082500000|100%| O|  |TAMS 0x0000000082500000, 0x0000000082400000| Untracked 
|  37|0x0000000082500000, 0x0000000082600000, 0x0000000082600000|100%|HS|  |TAMS 0x0000000082600000, 0x0000000082500000| Complete 
|  38|0x0000000082600000, 0x0000000082700000, 0x0000000082700000|100%|HC|  |TAMS 0x0000000082700000, 0x0000000082600000| Complete 
|  39|0x0000000082700000, 0x0000000082800000, 0x0000000082800000|100%|HC|  |TAMS 0x0000000082800000, 0x0000000082700000| Complete 
|  40|0x0000000082800000, 0x0000000082900000, 0x0000000082900000|100%|HC|  |TAMS 0x0000000082900000, 0x0000000082800000| Complete 
|  41|0x0000000082900000, 0x0000000082a00000, 0x0000000082a00000|100%|HC|  |TAMS 0x0000000082a00000, 0x0000000082900000| Complete 
|  42|0x0000000082a00000, 0x0000000082b00000, 0x0000000082b00000|100%| O|  |TAMS 0x0000000082b00000, 0x0000000082a00000| Untracked 
|  43|0x0000000082b00000, 0x0000000082c00000, 0x0000000082c00000|100%| O|  |TAMS 0x0000000082c00000, 0x0000000082b00000| Untracked 
|  44|0x0000000082c00000, 0x0000000082d00000, 0x0000000082d00000|100%| O|  |TAMS 0x0000000082d00000, 0x0000000082c00000| Untracked 
|  45|0x0000000082d00000, 0x0000000082e00000, 0x0000000082e00000|100%| O|  |TAMS 0x0000000082e00000, 0x0000000082d00000| Untracked 
|  46|0x0000000082e00000, 0x0000000082f00000, 0x0000000082f00000|100%|HS|  |TAMS 0x0000000082f00000, 0x0000000082e00000| Complete 
|  47|0x0000000082f00000, 0x0000000083000000, 0x0000000083000000|100%| O|  |TAMS 0x0000000083000000, 0x0000000082f00000| Untracked 
|  48|0x0000000083000000, 0x0000000083100000, 0x0000000083100000|100%| O|  |TAMS 0x0000000083100000, 0x0000000083000000| Untracked 
|  49|0x0000000083100000, 0x0000000083200000, 0x0000000083200000|100%| O|  |TAMS 0x0000000083200000, 0x0000000083100000| Untracked 
|  50|0x0000000083200000, 0x0000000083300000, 0x0000000083300000|100%| O|  |TAMS 0x0000000083300000, 0x0000000083200000| Untracked 
|  51|0x0000000083300000, 0x0000000083400000, 0x0000000083400000|100%| O|  |TAMS 0x0000000083400000, 0x0000000083300000| Untracked 
|  52|0x0000000083400000, 0x0000000083500000, 0x0000000083500000|100%|HS|  |TAMS 0x0000000083500000, 0x0000000083400000| Complete 
|  53|0x0000000083500000, 0x0000000083600000, 0x0000000083600000|100%|HS|  |TAMS 0x0000000083600000, 0x0000000083500000| Complete 
|  54|0x0000000083600000, 0x0000000083700000, 0x0000000083700000|100%|HC|  |TAMS 0x0000000083700000, 0x0000000083600000| Complete 
|  55|0x0000000083700000, 0x0000000083800000, 0x0000000083800000|100%|HC|  |TAMS 0x0000000083800000, 0x0000000083700000| Complete 
|  56|0x0000000083800000, 0x0000000083900000, 0x0000000083900000|100%|HS|  |TAMS 0x0000000083900000, 0x0000000083800000| Complete 
|  57|0x0000000083900000, 0x0000000083a00000, 0x0000000083a00000|100%|HC|  |TAMS 0x0000000083a00000, 0x0000000083900000| Complete 
|  58|0x0000000083a00000, 0x0000000083b00000, 0x0000000083b00000|100%| O|  |TAMS 0x0000000083b00000, 0x0000000083a00000| Untracked 
|  59|0x0000000083b00000, 0x0000000083c00000, 0x0000000083c00000|100%| O|  |TAMS 0x0000000083c00000, 0x0000000083b00000| Untracked 
|  60|0x0000000083c00000, 0x0000000083d00000, 0x0000000083d00000|100%| O|  |TAMS 0x0000000083d00000, 0x0000000083c00000| Untracked 
|  61|0x0000000083d00000, 0x0000000083e00000, 0x0000000083e00000|100%| O|  |TAMS 0x0000000083e00000, 0x0000000083d00000| Untracked 
|  62|0x0000000083e00000, 0x0000000083f00000, 0x0000000083f00000|100%| O|  |TAMS 0x0000000083f00000, 0x0000000083e00000| Untracked 
|  63|0x0000000083f00000, 0x0000000084000000, 0x0000000084000000|100%| O|  |TAMS 0x0000000084000000, 0x0000000083f00000| Untracked 
|  64|0x0000000084000000, 0x0000000084100000, 0x0000000084100000|100%| O|  |TAMS 0x0000000084100000, 0x0000000084000000| Untracked 
|  65|0x0000000084100000, 0x0000000084200000, 0x0000000084200000|100%| O|  |TAMS 0x0000000084200000, 0x0000000084100000| Untracked 
|  66|0x0000000084200000, 0x0000000084300000, 0x0000000084300000|100%| O|  |TAMS 0x0000000084300000, 0x0000000084200000| Untracked 
|  67|0x0000000084300000, 0x0000000084400000, 0x0000000084400000|100%| O|  |TAMS 0x0000000084400000, 0x0000000084300000| Untracked 
|  68|0x0000000084400000, 0x0000000084500000, 0x0000000084500000|100%| O|  |TAMS 0x0000000084500000, 0x0000000084400000| Untracked 
|  69|0x0000000084500000, 0x0000000084600000, 0x0000000084600000|100%| O|  |TAMS 0x0000000084600000, 0x0000000084500000| Untracked 
|  70|0x0000000084600000, 0x0000000084700000, 0x0000000084700000|100%| O|  |TAMS 0x0000000084700000, 0x0000000084600000| Untracked 
|  71|0x0000000084700000, 0x0000000084800000, 0x0000000084800000|100%| O|  |TAMS 0x0000000084800000, 0x0000000084700000| Untracked 
|  72|0x0000000084800000, 0x0000000084900000, 0x0000000084900000|100%| O|  |TAMS 0x0000000084900000, 0x0000000084800000| Untracked 
|  73|0x0000000084900000, 0x0000000084a00000, 0x0000000084a00000|100%| O|  |TAMS 0x0000000084a00000, 0x0000000084900000| Untracked 
|  74|0x0000000084a00000, 0x0000000084b00000, 0x0000000084b00000|100%| O|  |TAMS 0x0000000084b00000, 0x0000000084a00000| Untracked 
|  75|0x0000000084b00000, 0x0000000084c00000, 0x0000000084c00000|100%| O|  |TAMS 0x0000000084c00000, 0x0000000084b00000| Untracked 
|  76|0x0000000084c00000, 0x0000000084d00000, 0x0000000084d00000|100%| O|  |TAMS 0x0000000084d00000, 0x0000000084c00000| Untracked 
|  77|0x0000000084d00000, 0x0000000084e00000, 0x0000000084e00000|100%| O|  |TAMS 0x0000000084e00000, 0x0000000084d00000| Untracked 
|  78|0x0000000084e00000, 0x0000000084f00000, 0x0000000084f00000|100%| O|  |TAMS 0x0000000084f00000, 0x0000000084e00000| Untracked 
|  79|0x0000000084f00000, 0x0000000085000000, 0x0000000085000000|100%| O|  |TAMS 0x0000000085000000, 0x0000000084f00000| Untracked 
|  80|0x0000000085000000, 0x0000000085100000, 0x0000000085100000|100%| O|  |TAMS 0x0000000085100000, 0x0000000085000000| Untracked 
|  81|0x0000000085100000, 0x0000000085200000, 0x0000000085200000|100%| O|  |TAMS 0x0000000085200000, 0x0000000085100000| Untracked 
|  82|0x0000000085200000, 0x0000000085300000, 0x0000000085300000|100%| O|  |TAMS 0x0000000085300000, 0x0000000085200000| Untracked 
|  83|0x0000000085300000, 0x0000000085400000, 0x0000000085400000|100%| O|  |TAMS 0x0000000085400000, 0x0000000085300000| Untracked 
|  84|0x0000000085400000, 0x0000000085500000, 0x0000000085500000|100%| O|  |TAMS 0x0000000085500000, 0x0000000085400000| Untracked 
|  85|0x0000000085500000, 0x0000000085600000, 0x0000000085600000|100%| O|  |TAMS 0x0000000085600000, 0x0000000085500000| Untracked 
|  86|0x0000000085600000, 0x0000000085700000, 0x0000000085700000|100%| O|  |TAMS 0x0000000085700000, 0x0000000085600000| Untracked 
|  87|0x0000000085700000, 0x0000000085800000, 0x0000000085800000|100%| O|  |TAMS 0x0000000085800000, 0x0000000085700000| Untracked 
|  88|0x0000000085800000, 0x0000000085900000, 0x0000000085900000|100%| O|  |TAMS 0x0000000085879400, 0x0000000085800000| Untracked 
|  89|0x0000000085900000, 0x0000000085a00000, 0x0000000085a00000|100%| O|  |TAMS 0x0000000085900000, 0x0000000085900000| Untracked 
|  90|0x0000000085a00000, 0x0000000085aa1000, 0x0000000085b00000| 62%| O|  |TAMS 0x0000000085a00000, 0x0000000085a00000| Untracked 
|  91|0x0000000085b00000, 0x0000000085b00000, 0x0000000085c00000|  0%| F|  |TAMS 0x0000000085b00000, 0x0000000085b00000| Untracked 
|  92|0x0000000085c00000, 0x0000000085c00000, 0x0000000085d00000|  0%| F|  |TAMS 0x0000000085c00000, 0x0000000085c00000| Untracked 
|  93|0x0000000085d00000, 0x0000000085d00000, 0x0000000085e00000|  0%| F|  |TAMS 0x0000000085d00000, 0x0000000085d00000| Untracked 
|  94|0x0000000085e00000, 0x0000000085e00000, 0x0000000085f00000|  0%| F|  |TAMS 0x0000000085e00000, 0x0000000085e00000| Untracked 
|  95|0x0000000085f00000, 0x0000000085f00000, 0x0000000086000000|  0%| F|  |TAMS 0x0000000085f00000, 0x0000000085f00000| Untracked 
|  96|0x0000000086000000, 0x0000000086000000, 0x0000000086100000|  0%| F|  |TAMS 0x0000000086000000, 0x0000000086000000| Untracked 
|  97|0x0000000086100000, 0x0000000086100000, 0x0000000086200000|  0%| F|  |TAMS 0x0000000086100000, 0x0000000086100000| Untracked 
|  98|0x0000000086200000, 0x0000000086200000, 0x0000000086300000|  0%| F|  |TAMS 0x0000000086200000, 0x0000000086200000| Untracked 
|  99|0x0000000086300000, 0x0000000086300000, 0x0000000086400000|  0%| F|  |TAMS 0x0000000086300000, 0x0000000086300000| Untracked 
| 100|0x0000000086400000, 0x0000000086400000, 0x0000000086500000|  0%| F|  |TAMS 0x0000000086400000, 0x0000000086400000| Untracked 
| 101|0x0000000086500000, 0x0000000086500000, 0x0000000086600000|  0%| F|  |TAMS 0x0000000086500000, 0x0000000086500000| Untracked 
| 102|0x0000000086600000, 0x0000000086600000, 0x0000000086700000|  0%| F|  |TAMS 0x0000000086600000, 0x0000000086600000| Untracked 
| 103|0x0000000086700000, 0x0000000086700000, 0x0000000086800000|  0%| F|  |TAMS 0x0000000086700000, 0x0000000086700000| Untracked 
| 104|0x0000000086800000, 0x0000000086800000, 0x0000000086900000|  0%| F|  |TAMS 0x0000000086800000, 0x0000000086800000| Untracked 
| 105|0x0000000086900000, 0x0000000086900000, 0x0000000086a00000|  0%| F|  |TAMS 0x0000000086900000, 0x0000000086900000| Untracked 
| 106|0x0000000086a00000, 0x0000000086a00000, 0x0000000086b00000|  0%| F|  |TAMS 0x0000000086a00000, 0x0000000086a00000| Untracked 
| 107|0x0000000086b00000, 0x0000000086b00000, 0x0000000086c00000|  0%| F|  |TAMS 0x0000000086b00000, 0x0000000086b00000| Untracked 
| 108|0x0000000086c00000, 0x0000000086c00000, 0x0000000086d00000|  0%| F|  |TAMS 0x0000000086c00000, 0x0000000086c00000| Untracked 
| 109|0x0000000086d00000, 0x0000000086d00000, 0x0000000086e00000|  0%| F|  |TAMS 0x0000000086d00000, 0x0000000086d00000| Untracked 
| 110|0x0000000086e00000, 0x0000000086e00000, 0x0000000086f00000|  0%| F|  |TAMS 0x0000000086e00000, 0x0000000086e00000| Untracked 
| 111|0x0000000086f00000, 0x0000000086f00000, 0x0000000087000000|  0%| F|  |TAMS 0x0000000086f00000, 0x0000000086f00000| Untracked 
| 112|0x0000000087000000, 0x0000000087000000, 0x0000000087100000|  0%| F|  |TAMS 0x0000000087000000, 0x0000000087000000| Untracked 
| 113|0x0000000087100000, 0x0000000087200000, 0x0000000087200000|100%| S|CS|TAMS 0x0000000087100000, 0x0000000087100000| Complete 
| 114|0x0000000087200000, 0x0000000087300000, 0x0000000087300000|100%| S|CS|TAMS 0x0000000087200000, 0x0000000087200000| Complete 
| 115|0x0000000087300000, 0x0000000087300000, 0x0000000087400000|  0%| F|  |TAMS 0x0000000087300000, 0x0000000087300000| Untracked 
| 116|0x0000000087400000, 0x0000000087400000, 0x0000000087500000|  0%| F|  |TAMS 0x0000000087400000, 0x0000000087400000| Untracked 
| 117|0x0000000087500000, 0x0000000087600000, 0x0000000087600000|100%| S|CS|TAMS 0x0000000087500000, 0x0000000087500000| Complete 
| 118|0x0000000087600000, 0x0000000087700000, 0x0000000087700000|100%| S|CS|TAMS 0x0000000087600000, 0x0000000087600000| Complete 
| 119|0x0000000087700000, 0x0000000087800000, 0x0000000087800000|100%| S|CS|TAMS 0x0000000087700000, 0x0000000087700000| Complete 
| 120|0x0000000087800000, 0x0000000087800000, 0x0000000087900000|  0%| F|  |TAMS 0x0000000087800000, 0x0000000087800000| Untracked 
| 121|0x0000000087900000, 0x0000000087900000, 0x0000000087a00000|  0%| F|  |TAMS 0x0000000087900000, 0x0000000087900000| Untracked 
| 122|0x0000000087a00000, 0x0000000087a00000, 0x0000000087b00000|  0%| F|  |TAMS 0x0000000087a00000, 0x0000000087a00000| Untracked 
| 123|0x0000000087b00000, 0x0000000087b00000, 0x0000000087c00000|  0%| F|  |TAMS 0x0000000087b00000, 0x0000000087b00000| Untracked 
| 124|0x0000000087c00000, 0x0000000087c00000, 0x0000000087d00000|  0%| F|  |TAMS 0x0000000087c00000, 0x0000000087c00000| Untracked 
| 125|0x0000000087d00000, 0x0000000087d00000, 0x0000000087e00000|  0%| F|  |TAMS 0x0000000087d00000, 0x0000000087d00000| Untracked 
| 126|0x0000000087e00000, 0x0000000087e00000, 0x0000000087f00000|  0%| F|  |TAMS 0x0000000087e00000, 0x0000000087e00000| Untracked 
| 127|0x0000000087f00000, 0x0000000087f00000, 0x0000000088000000|  0%| F|  |TAMS 0x0000000087f00000, 0x0000000087f00000| Untracked 
| 128|0x0000000088000000, 0x0000000088000000, 0x0000000088100000|  0%| F|  |TAMS 0x0000000088000000, 0x0000000088000000| Untracked 
| 129|0x0000000088100000, 0x0000000088100000, 0x0000000088200000|  0%| F|  |TAMS 0x0000000088100000, 0x0000000088100000| Untracked 
| 130|0x0000000088200000, 0x0000000088200000, 0x0000000088300000|  0%| F|  |TAMS 0x0000000088200000, 0x0000000088200000| Untracked 
| 131|0x0000000088300000, 0x0000000088300000, 0x0000000088400000|  0%| F|  |TAMS 0x0000000088300000, 0x0000000088300000| Untracked 
| 132|0x0000000088400000, 0x0000000088400000, 0x0000000088500000|  0%| F|  |TAMS 0x0000000088400000, 0x0000000088400000| Untracked 
| 133|0x0000000088500000, 0x0000000088500000, 0x0000000088600000|  0%| F|  |TAMS 0x0000000088500000, 0x0000000088500000| Untracked 
| 134|0x0000000088600000, 0x0000000088600000, 0x0000000088700000|  0%| F|  |TAMS 0x0000000088600000, 0x0000000088600000| Untracked 
| 135|0x0000000088700000, 0x0000000088700000, 0x0000000088800000|  0%| F|  |TAMS 0x0000000088700000, 0x0000000088700000| Untracked 
| 136|0x0000000088800000, 0x0000000088800000, 0x0000000088900000|  0%| F|  |TAMS 0x0000000088800000, 0x0000000088800000| Untracked 
| 137|0x0000000088900000, 0x0000000088900000, 0x0000000088a00000|  0%| F|  |TAMS 0x0000000088900000, 0x0000000088900000| Untracked 
| 138|0x0000000088a00000, 0x0000000088a00000, 0x0000000088b00000|  0%| F|  |TAMS 0x0000000088a00000, 0x0000000088a00000| Untracked 
| 139|0x0000000088b00000, 0x0000000088b00000, 0x0000000088c00000|  0%| F|  |TAMS 0x0000000088b00000, 0x0000000088b00000| Untracked 
| 140|0x0000000088c00000, 0x0000000088c00000, 0x0000000088d00000|  0%| F|  |TAMS 0x0000000088c00000, 0x0000000088c00000| Untracked 
| 141|0x0000000088d00000, 0x0000000088d00000, 0x0000000088e00000|  0%| F|  |TAMS 0x0000000088d00000, 0x0000000088d00000| Untracked 
| 142|0x0000000088e00000, 0x0000000088e00000, 0x0000000088f00000|  0%| F|  |TAMS 0x0000000088e00000, 0x0000000088e00000| Untracked 
| 143|0x0000000088f00000, 0x0000000088f00000, 0x0000000089000000|  0%| F|  |TAMS 0x0000000088f00000, 0x0000000088f00000| Untracked 
| 144|0x0000000089000000, 0x0000000089000000, 0x0000000089100000|  0%| F|  |TAMS 0x0000000089000000, 0x0000000089000000| Untracked 
| 145|0x0000000089100000, 0x0000000089100000, 0x0000000089200000|  0%| F|  |TAMS 0x0000000089100000, 0x0000000089100000| Untracked 
| 146|0x0000000089200000, 0x0000000089200000, 0x0000000089300000|  0%| F|  |TAMS 0x0000000089200000, 0x0000000089200000| Untracked 
| 147|0x0000000089300000, 0x0000000089300000, 0x0000000089400000|  0%| F|  |TAMS 0x0000000089300000, 0x0000000089300000| Untracked 
| 148|0x0000000089400000, 0x0000000089400000, 0x0000000089500000|  0%| F|  |TAMS 0x0000000089400000, 0x0000000089400000| Untracked 
| 149|0x0000000089500000, 0x0000000089500000, 0x0000000089600000|  0%| F|  |TAMS 0x0000000089500000, 0x0000000089500000| Untracked 
| 150|0x0000000089600000, 0x0000000089600000, 0x0000000089700000|  0%| F|  |TAMS 0x0000000089600000, 0x0000000089600000| Untracked 
| 151|0x0000000089700000, 0x0000000089700000, 0x0000000089800000|  0%| F|  |TAMS 0x0000000089700000, 0x0000000089700000| Untracked 

Card table byte_map: [0x0000018e46070000,0x0000018e46470000] _byte_map_base: 0x0000018e45c70000

Marking Bits (Prev, Next): (CMBitMap*) 0x0000018e2c5bb088, (CMBitMap*) 0x0000018e2c5bb0c0
 Prev Bits: [0x0000018e46870000, 0x0000018e48870000)
 Next Bits: [0x0000018e48870000, 0x0000018e4a870000)

Polling page: 0x0000018e2c3c0000

Metaspace:

Usage:
  Non-class:     70.57 MB capacity,    69.16 MB ( 98%) used,     1.22 MB (  2%) free+waste,   202.88 KB ( <1%) overhead. 
      Class:     10.90 MB capacity,    10.22 MB ( 94%) used,   602.63 KB (  5%) free+waste,    94.56 KB ( <1%) overhead. 
       Both:     81.47 MB capacity,    79.37 MB ( 97%) used,     1.81 MB (  2%) free+waste,   297.44 KB ( <1%) overhead. 

Virtual space:
  Non-class space:       72.00 MB reserved,      70.75 MB ( 98%) committed 
      Class space:        1.00 GB reserved,      11.00 MB (  1%) committed 
             Both:        1.07 GB reserved,      81.75 MB (  7%) committed 

Chunk freelists:
   Non-Class:  6.63 KB
       Class:  896 bytes
        Both:  7.50 KB

CodeHeap 'non-profiled nmethods': size=120000Kb used=5196Kb max_used=5196Kb free=114803Kb
 bounds [0x0000018e3dcd0000, 0x0000018e3e1f0000, 0x0000018e45200000]
CodeHeap 'profiled nmethods': size=120000Kb used=17658Kb max_used=17658Kb free=102341Kb
 bounds [0x0000018e367a0000, 0x0000018e378e0000, 0x0000018e3dcd0000]
CodeHeap 'non-nmethods': size=5760Kb used=2278Kb max_used=2332Kb free=3481Kb
 bounds [0x0000018e36200000, 0x0000018e36470000, 0x0000018e367a0000]
 total_blobs=9192 nmethods=8314 adapters=789
 compilation: enabled
              stopped_count=0, restarted_count=0
 full_count=0

Compilation events (10 events):
Event: 10.453 Thread 0x0000018e4d376800 nmethod 8338 0x0000018e378d1690 code [0x0000018e378d1960, 0x0000018e378d2cb8]
Event: 10.455 Thread 0x0000018e4d376800 8339       3       java.lang.Integer::stringSize (47 bytes)
Event: 10.455 Thread 0x0000018e4d376800 nmethod 8339 0x0000018e378d3210 code [0x0000018e378d33c0, 0x0000018e378d35f8]
Event: 10.462 Thread 0x0000018e4d376800 8340       3       com.esotericsoftware.kryo.io.Input::readInt (70 bytes)
Event: 10.462 Thread 0x0000018e4d376800 nmethod 8340 0x0000018e378d3690 code [0x0000018e378d3840, 0x0000018e378d3a48]
Event: 10.462 Thread 0x0000018e4d376800 8343       3       com.esotericsoftware.kryo.io.Input::readString (127 bytes)
Event: 10.463 Thread 0x0000018e4d376800 nmethod 8343 0x0000018e378d3b90 code [0x0000018e378d3dc0, 0x0000018e378d4488]
Event: 10.463 Thread 0x0000018e4d376800 8341   !   3       org.gradle.internal.serialize.kryo.StringDeduplicatingKryoBackedDecoder::readNullableString (110 bytes)
Event: 10.464 Thread 0x0000018e4d376800 nmethod 8341 0x0000018e378d4710 code [0x0000018e378d49e0, 0x0000018e378d59e8]
Event: 10.464 Thread 0x0000018e4d376800 8345       3       com.esotericsoftware.kryo.io.Input::require (220 bytes)

GC Heap History (10 events):
Event: 8.932 GC heap before
{Heap before GC invocations=21 (full 0):
 garbage-first heap   total 155648K, used 91745K [0x0000000080000000, 0x0000000100000000)
  region size 1024K, 13 young (13312K), 6 survivors (6144K)
 Metaspace       used 70529K, capacity 72526K, committed 72704K, reserved 1112064K
  class space    used 8964K, capacity 9676K, committed 9728K, reserved 1048576K
}
Event: 8.937 GC heap after
{Heap after GC invocations=22 (full 0):
 garbage-first heap   total 155648K, used 86746K [0x0000000080000000, 0x0000000100000000)
  region size 1024K, 2 young (2048K), 2 survivors (2048K)
 Metaspace       used 70529K, capacity 72526K, committed 72704K, reserved 1112064K
  class space    used 8964K, capacity 9676K, committed 9728K, reserved 1048576K
}
Event: 9.198 GC heap before
{Heap before GC invocations=23 (full 0):
 garbage-first heap   total 155648K, used 118490K [0x0000000080000000, 0x0000000100000000)
  region size 1024K, 32 young (32768K), 2 survivors (2048K)
 Metaspace       used 71492K, capacity 73450K, committed 73600K, reserved 1114112K
  class space    used 9106K, capacity 9786K, committed 9856K, reserved 1048576K
}
Event: 9.201 GC heap after
{Heap after GC invocations=24 (full 0):
 garbage-first heap   total 155648K, used 88543K [0x0000000080000000, 0x0000000100000000)
  region size 1024K, 3 young (3072K), 3 survivors (3072K)
 Metaspace       used 71492K, capacity 73450K, committed 73600K, reserved 1114112K
  class space    used 9106K, capacity 9786K, committed 9856K, reserved 1048576K
}
Event: 9.511 GC heap before
{Heap before GC invocations=24 (full 0):
 garbage-first heap   total 155648K, used 120287K [0x0000000080000000, 0x0000000100000000)
  region size 1024K, 34 young (34816K), 3 survivors (3072K)
 Metaspace       used 73771K, capacity 75708K, committed 75904K, reserved 1116160K
  class space    used 9415K, capacity 10110K, committed 10112K, reserved 1048576K
}
Event: 9.515 GC heap after
{Heap after GC invocations=25 (full 0):
 garbage-first heap   total 155648K, used 90803K [0x0000000080000000, 0x0000000100000000)
  region size 1024K, 3 young (3072K), 3 survivors (3072K)
 Metaspace       used 73771K, capacity 75708K, committed 75904K, reserved 1116160K
  class space    used 9415K, capacity 10110K, committed 10112K, reserved 1048576K
}
Event: 9.889 GC heap before
{Heap before GC invocations=26 (full 0):
 garbage-first heap   total 155648K, used 122547K [0x0000000080000000, 0x0000000100000000)
  region size 1024K, 34 young (34816K), 3 survivors (3072K)
 Metaspace       used 77351K, capacity 79325K, committed 79616K, reserved 1118208K
  class space    used 9993K, capacity 10715K, committed 10752K, reserved 1048576K
}
Event: 9.893 GC heap after
{Heap after GC invocations=27 (full 0):
 garbage-first heap   total 155648K, used 92647K [0x0000000080000000, 0x0000000100000000)
  region size 1024K, 5 young (5120K), 5 survivors (5120K)
 Metaspace       used 77351K, capacity 79325K, committed 79616K, reserved 1118208K
  class space    used 9993K, capacity 10715K, committed 10752K, reserved 1048576K
}
Event: 10.071 GC heap before
{Heap before GC invocations=27 (full 0):
 garbage-first heap   total 155648K, used 124391K [0x0000000080000000, 0x0000000100000000)
  region size 1024K, 36 young (36864K), 5 survivors (5120K)
 Metaspace       used 78231K, capacity 80216K, committed 80256K, reserved 1118208K
  class space    used 10135K, capacity 10863K, committed 10880K, reserved 1048576K
}
Event: 10.077 GC heap after
{Heap after GC invocations=28 (full 0):
 garbage-first heap   total 155648K, used 94693K [0x0000000080000000, 0x0000000100000000)
  region size 1024K, 4 young (4096K), 4 survivors (4096K)
 Metaspace       used 78231K, capacity 80216K, committed 80256K, reserved 1118208K
  class space    used 10135K, capacity 10863K, committed 10880K, reserved 1048576K
}

Deoptimization events (10 events):
Event: 9.935 Thread 0x0000018e4ede7800 Uncommon trap: reason=class_check action=maybe_recompile pc=0x0000018e3de52c28 method=java.util.WeakHashMap.eq(Ljava/lang/Object;Ljava/lang/Object;)Z @ 7 c2
Event: 9.938 Thread 0x0000018e4ede7800 Uncommon trap: reason=class_check action=maybe_recompile pc=0x0000018e3de52c28 method=java.util.WeakHashMap.eq(Ljava/lang/Object;Ljava/lang/Object;)Z @ 7 c2
Event: 10.214 Thread 0x0000018e4ede7800 Uncommon trap: reason=unstable_if action=reinterpret pc=0x0000018e3e1ac188 method=org.objectweb.asm.AnnotationWriter.computeAnnotationsSize(Lorg/objectweb/asm/AnnotationWriter;Lorg/objectweb/asm/AnnotationWriter;Lorg/objectweb/asm/AnnotationWriter;Lorg/ob
Event: 10.214 Thread 0x0000018e4ede7800 Uncommon trap: reason=unstable_if action=reinterpret pc=0x0000018e3e1abd60 method=org.objectweb.asm.AnnotationWriter.putAnnotations(Lorg/objectweb/asm/SymbolTable;Lorg/objectweb/asm/AnnotationWriter;Lorg/objectweb/asm/AnnotationWriter;Lorg/objectweb/asm/A
Event: 10.273 Thread 0x0000018e4ede7800 Uncommon trap: reason=unstable_if action=reinterpret pc=0x0000018e3e18d8c0 method=java.util.TreeMap.put(Ljava/lang/Object;Ljava/lang/Object;)Ljava/lang/Object; @ 163 c2
Event: 10.277 Thread 0x0000018e4ede7800 Uncommon trap: reason=unstable_if action=reinterpret pc=0x0000018e3ddc8014 method=java.lang.Integer.stringSize(I)I @ 3 c2
Event: 10.277 Thread 0x0000018e4ede7800 Uncommon trap: reason=unstable_if action=reinterpret pc=0x0000018e3ddc76c0 method=java.lang.Integer.stringSize(I)I @ 3 c2
Event: 10.325 Thread 0x0000018e4ede7800 Uncommon trap: reason=unstable_if action=reinterpret pc=0x0000018e3de25e78 method=java.util.Objects.equals(Ljava/lang/Object;Ljava/lang/Object;)Z @ 6 c2
Event: 10.462 Thread 0x0000018e4ede7800 Uncommon trap: reason=unstable_if action=reinterpret pc=0x0000018e3df8403c method=com.esotericsoftware.kryo.io.Input.readString()Ljava/lang/String; @ 28 c2
Event: 10.463 Thread 0x0000018e4ede7800 Uncommon trap: reason=unstable_if action=reinterpret pc=0x0000018e3df716d4 method=com.esotericsoftware.kryo.io.Input.require(I)I @ 65 c2

Classes redefined (0 events):
No events

Internal exceptions (10 events):
Event: 10.094 Thread 0x0000018e4ede7800 Exception <a 'java/lang/ClassNotFoundException'{0x0000000089633390}: org/jetbrains/plugins/gradle/model/scala/ScalaModelBeanInfo> (0x0000000089633390) thrown at [./open/src/hotspot/share/classfile/systemDictionary.cpp, line 228]
Event: 10.095 Thread 0x0000018e4ede7800 Exception <a 'java/lang/ClassNotFoundException'{0x0000000089644af8}: org/jetbrains/plugins/gradle/model/scala/ScalaModelCustomizer> (0x0000000089644af8) thrown at [./open/src/hotspot/share/classfile/systemDictionary.cpp, line 228]
Event: 10.236 Thread 0x0000018e4ede7800 Exception <a 'java/lang/NoSuchMethodError'{0x0000000088cdb988}: java.lang.invoke.Invokers$Holder.linkToTargetMethod(Ljava/lang/Object;Ljava/lang/Object;Ljava/lang/Object;Ljava/lang/Object;Ljava/lang/Object;Ljava/lang/Object;Ljava/lang/Object;)Ljava/lang/O
Event: 10.336 Thread 0x0000018e50472000 Exception <a 'java/lang/NoSuchMethodError'{0x00000000884890a0}: static Lorg/gradle/tooling/internal/provider/PhasedBuildActionResult;.<clinit>()V> (0x00000000884890a0) thrown at [./open/src/hotspot/share/prims/jni.cpp, line 1366]
Event: 10.337 Thread 0x0000018e50472000 Exception <a 'java/lang/NoSuchMethodError'{0x0000000088492d60}: static Lorg/gradle/tooling/internal/provider/serialization/SerializedPayload;.<clinit>()V> (0x0000000088492d60) thrown at [./open/src/hotspot/share/prims/jni.cpp, line 1366]
Event: 10.354 Thread 0x0000018e50472000 Exception <a 'java/lang/NoSuchMethodError'{0x0000000088251968}: static Lorg/gradle/internal/classloader/ClassLoaderSpec;.<clinit>()V> (0x0000000088251968) thrown at [./open/src/hotspot/share/prims/jni.cpp, line 1366]
Event: 10.355 Thread 0x0000018e50472000 Exception <a 'java/lang/NoSuchMethodError'{0x00000000882de5b0}: static Lorg/gradle/internal/classloader/VisitableURLClassLoader$Spec;.<clinit>()V> (0x00000000882de5b0) thrown at [./open/src/hotspot/share/prims/jni.cpp, line 1366]
Event: 10.359 Thread 0x0000018e50472000 Exception <a 'java/lang/NoSuchMethodError'{0x00000000882ea6a8}: static [B.<clinit>()V> (0x00000000882ea6a8) thrown at [./open/src/hotspot/share/prims/jni.cpp, line 1366]
Event: 10.426 Thread 0x0000018e4ede7800 Exception <a 'java/lang/NoSuchMethodError'{0x0000000087cc9430}: static Lcom/android/build/gradle/internal/profile/ProjectData;.<clinit>()V> (0x0000000087cc9430) thrown at [./open/src/hotspot/share/prims/jni.cpp, line 1366]
Event: 10.448 Thread 0x0000018e4ede7800 Exception <a 'sun/nio/fs/WindowsException'{0x0000000087a9c760}> (0x0000000087a9c760) thrown at [./open/src/hotspot/share/prims/jni.cpp, line 611]

Events (10 events):
Event: 10.463 Thread 0x0000018e4ede7800 DEOPT PACKING pc=0x0000018e3df716d4 sp=0x0000003a7a0f8f30
Event: 10.463 Thread 0x0000018e4ede7800 DEOPT UNPACKING pc=0x0000018e3622662f sp=0x0000003a7a0f8ee0 mode 2
Event: 10.463 loading class org/gradle/api/internal/artifacts/ivyservice/resolveengine/result/CachingComponentSelectionDescriptorFactory$Key
Event: 10.463 loading class org/gradle/api/internal/artifacts/ivyservice/resolveengine/result/CachingComponentSelectionDescriptorFactory$Key done
Event: 10.464 loading class org/gradle/api/artifacts/result/ComponentSelectionCause
Event: 10.464 loading class org/gradle/api/artifacts/result/ComponentSelectionCause done
Event: 10.464 loading class org/gradle/api/artifacts/result/ComponentSelectionDescriptor
Event: 10.464 loading class org/gradle/api/artifacts/result/ComponentSelectionDescriptor done
Event: 10.464 loading class org/gradle/api/artifacts/result/ComponentSelectionCause
Event: 10.464 loading class org/gradle/api/artifacts/result/ComponentSelectionCause done


Dynamic libraries:
0x00007ff741f30000 - 0x00007ff741f3f000 	C:\Program Files\Java\jdk-11.0.12\bin\java.exe
0x00007ffa993a0000 - 0x00007ffa99590000 	C:\Windows\SYSTEM32\ntdll.dll
0x00007ffa992a0000 - 0x00007ffa99352000 	C:\Windows\System32\KERNEL32.DLL
0x00007ffa96340000 - 0x00007ffa965e5000 	C:\Windows\System32\KERNELBASE.dll
0x00007ffa971f0000 - 0x00007ffa972ea000 	C:\Windows\System32\ucrtbase.dll
0x00007ffa926d0000 - 0x00007ffa926e8000 	C:\Program Files\Java\jdk-11.0.12\bin\jli.dll
0x00007ffa97450000 - 0x00007ffa974f3000 	C:\Windows\System32\ADVAPI32.dll
0x00007ffa92440000 - 0x00007ffa92455000 	C:\Program Files\Java\jdk-11.0.12\bin\VCRUNTIME140.dll
0x00007ffa983e0000 - 0x00007ffa9847e000 	C:\Windows\System32\msvcrt.dll
0x00007ffa982d0000 - 0x00007ffa98367000 	C:\Windows\System32\sechost.dll
0x00007ffa97ad0000 - 0x00007ffa97bef000 	C:\Windows\System32\RPCRT4.dll
0x00007ffa98080000 - 0x00007ffa98214000 	C:\Windows\System32\USER32.dll
0x00007ffa96310000 - 0x00007ffa96331000 	C:\Windows\System32\win32u.dll
0x00007ffa98dd0000 - 0x00007ffa98df6000 	C:\Windows\System32\GDI32.dll
0x00007ffa96e50000 - 0x00007ffa96fe8000 	C:\Windows\System32\gdi32full.dll
0x00007ffa97010000 - 0x00007ffa970ae000 	C:\Windows\System32\msvcp_win.dll
0x00007ffa84330000 - 0x00007ffa845b4000 	C:\Windows\WinSxS\amd64_microsoft.windows.common-controls_6595b64144ccf1df_6.0.18362.1556_none_9e7e372fe45e41d5\COMCTL32.dll
0x00007ffa97ce0000 - 0x00007ffa98016000 	C:\Windows\System32\combase.dll
0x00007ffa970b0000 - 0x00007ffa97131000 	C:\Windows\System32\bcryptPrimitives.dll
0x00007ffa8e010000 - 0x00007ffa8e01a000 	C:\Windows\SYSTEM32\VERSION.dll
0x00007ffa982a0000 - 0x00007ffa982ce000 	C:\Windows\System32\IMM32.DLL
0x00007ffa908e0000 - 0x00007ffa9097b000 	C:\Program Files\Java\jdk-11.0.12\bin\msvcp140.dll
0x00007ffa57030000 - 0x00007ffa57b2f000 	C:\Program Files\Java\jdk-11.0.12\bin\server\jvm.dll
0x00007ffa98e00000 - 0x00007ffa98e08000 	C:\Windows\System32\PSAPI.DLL
0x00007ffa91560000 - 0x00007ffa91569000 	C:\Windows\SYSTEM32\WSOCK32.dll
0x00007ffa92600000 - 0x00007ffa92624000 	C:\Windows\SYSTEM32\WINMM.dll
0x00007ffa98370000 - 0x00007ffa983df000 	C:\Windows\System32\WS2_32.dll
0x00007ffa925d0000 - 0x00007ffa925fd000 	C:\Windows\SYSTEM32\winmmbase.dll
0x00007ffa971a0000 - 0x00007ffa971ea000 	C:\Windows\System32\cfgmgr32.dll
0x00007ffa96260000 - 0x00007ffa96271000 	C:\Windows\System32\kernel.appcore.dll
0x00007ffa91520000 - 0x00007ffa91530000 	C:\Program Files\Java\jdk-11.0.12\bin\verify.dll
0x00007ffa822c0000 - 0x00007ffa824b4000 	C:\Windows\SYSTEM32\DBGHELP.DLL
0x00007ffa681f0000 - 0x00007ffa6821a000 	C:\Windows\SYSTEM32\dbgcore.DLL
0x00007ffa909d0000 - 0x00007ffa909f8000 	C:\Program Files\Java\jdk-11.0.12\bin\java.dll
0x00007ffa91510000 - 0x00007ffa9151a000 	C:\Program Files\Java\jdk-11.0.12\bin\jimage.dll
0x00007ffa909b0000 - 0x00007ffa909c6000 	C:\Program Files\Java\jdk-11.0.12\bin\zip.dll
0x00007ffa98560000 - 0x00007ffa98c47000 	C:\Windows\System32\SHELL32.dll
0x00007ffa98d20000 - 0x00007ffa98dc8000 	C:\Windows\System32\shcore.dll
0x00007ffa966a0000 - 0x00007ffa96e1b000 	C:\Windows\System32\windows.storage.dll
0x00007ffa962f0000 - 0x00007ffa9630e000 	C:\Windows\System32\profapi.dll
0x00007ffa96280000 - 0x00007ffa962ca000 	C:\Windows\System32\powrprof.dll
0x00007ffa96250000 - 0x00007ffa96260000 	C:\Windows\System32\UMPDC.dll
0x00007ffa98020000 - 0x00007ffa98072000 	C:\Windows\System32\shlwapi.dll
0x00007ffa96ff0000 - 0x00007ffa97007000 	C:\Windows\System32\cryptsp.dll
0x00007ffa90990000 - 0x00007ffa909a9000 	C:\Program Files\Java\jdk-11.0.12\bin\net.dll
0x00007ffa885d0000 - 0x00007ffa886ca000 	C:\Windows\SYSTEM32\WINHTTP.dll
0x00007ffa95a90000 - 0x00007ffa95af7000 	C:\Windows\system32\mswsock.dll
0x00007ffa908c0000 - 0x00007ffa908d2000 	C:\Program Files\Java\jdk-11.0.12\bin\nio.dll
0x00007ffa8e550000 - 0x00007ffa8e577000 	C:\Users\OmarTaha\.gradle\native\8bec1ad78214c89d9ad589b4d07fe93259594b29d510b10fafb7a158f7737e5d\windows-amd64\native-platform.dll
0x00007ffa8b2c0000 - 0x00007ffa8b3fd000 	C:\Users\OmarTaha\.gradle\native\53dbd7edfb1c66fb8903c78663c9afc45aea4f116125fa6feffd364cf09443e8\windows-amd64\native-platform-file-events.dll
0x00007ffa90870000 - 0x00007ffa90879000 	C:\Program Files\Java\jdk-11.0.12\bin\management.dll
0x00007ffa90860000 - 0x00007ffa9086b000 	C:\Program Files\Java\jdk-11.0.12\bin\management_ext.dll
0x00007ffa95610000 - 0x00007ffa95643000 	C:\Windows\system32\rsaenh.dll
0x00007ffa96e20000 - 0x00007ffa96e46000 	C:\Windows\System32\bcrypt.dll
0x00007ffa96170000 - 0x00007ffa96195000 	C:\Windows\SYSTEM32\USERENV.dll
0x00007ffa95c60000 - 0x00007ffa95c6c000 	C:\Windows\SYSTEM32\CRYPTBASE.dll
0x00007ffa957a0000 - 0x00007ffa957da000 	C:\Windows\SYSTEM32\IPHLPAPI.DLL
0x00007ffa98230000 - 0x00007ffa98238000 	C:\Windows\System32\NSI.dll
0x00007ffa8f430000 - 0x00007ffa8f446000 	C:\Windows\SYSTEM32\dhcpcsvc6.DLL
0x00007ffa8fb60000 - 0x00007ffa8fb7c000 	C:\Windows\SYSTEM32\dhcpcsvc.DLL
0x00007ffa957e0000 - 0x00007ffa958ab000 	C:\Windows\SYSTEM32\DNSAPI.dll

dbghelp: loaded successfully - version: 4.0.5 - missing functions: none
symbol engine: initialized successfully - sym options: 0x614 - pdb path: .;C:\Program Files\Java\jdk-11.0.12\bin;C:\Windows\SYSTEM32;C:\Windows\WinSxS\amd64_microsoft.windows.common-controls_6595b64144ccf1df_6.0.18362.1556_none_9e7e372fe45e41d5;C:\Program Files\Java\jdk-11.0.12\bin\server;C:\Users\OmarTaha\.gradle\native\8bec1ad78214c89d9ad589b4d07fe93259594b29d510b10fafb7a158f7737e5d\windows-amd64;C:\Users\OmarTaha\.gradle\native\53dbd7edfb1c66fb8903c78663c9afc45aea4f116125fa6feffd364cf09443e8\windows-amd64

VM Arguments:
jvm_args: --add-opens=java.base/java.util=ALL-UNNAMED --add-opens=java.base/java.lang=ALL-UNNAMED --add-opens=java.base/java.lang.invoke=ALL-UNNAMED --add-opens=java.base/java.util=ALL-UNNAMED --add-opens=java.prefs/java.util.prefs=ALL-UNNAMED --add-opens=java.prefs/java.util.prefs=ALL-UNNAMED --add-opens=java.base/java.nio.charset=ALL-UNNAMED --add-opens=java.base/java.net=ALL-UNNAMED --add-opens=java.base/java.util.concurrent.atomic=ALL-UNNAMED -Xmx2048m -Dfile.encoding=windows-1252 -Duser.country=US -Duser.language=en -Duser.variant 
java_command: org.gradle.launcher.daemon.bootstrap.GradleDaemon 7.1-rc-1
java_class_path (initial): C:\Users\OmarTaha\.gradle\wrapper\dists\gradle-7.1-rc-1-bin\89hqeppvp8dbb4pzs5e0rkzxn\gradle-7.1-rc-1\lib\gradle-launcher-7.1.jar
Launcher Type: SUN_STANDARD

[Global flags]
     intx CICompilerCount                          = 4                                         {product} {ergonomic}
     uint ConcGCThreads                            = 2                                         {product} {ergonomic}
     uint G1ConcRefinementThreads                  = 8                                         {product} {ergonomic}
   size_t G1HeapRegionSize                         = 1048576                                   {product} {ergonomic}
    uintx GCDrainStackTargetSize                   = 64                                        {product} {ergonomic}
   size_t InitialHeapSize                          = 132120576                                 {product} {ergonomic}
   size_t MarkStackSize                            = 4194304                                   {product} {ergonomic}
   size_t MaxHeapSize                              = 2147483648                                {product} {command line}
   size_t MaxNewSize                               = 1287651328                                {product} {ergonomic}
   size_t MinHeapDeltaBytes                        = 1048576                                   {product} {ergonomic}
    uintx NonNMethodCodeHeapSize                   = 5836300                                {pd product} {ergonomic}
    uintx NonProfiledCodeHeapSize                  = 122910970                              {pd product} {ergonomic}
    uintx ProfiledCodeHeapSize                     = 122910970                              {pd product} {ergonomic}
    uintx ReservedCodeCacheSize                    = 251658240                              {pd product} {ergonomic}
     bool SegmentedCodeCache                       = true                                      {product} {ergonomic}
     bool UseCompressedClassPointers               = true                                 {lp64_product} {ergonomic}
     bool UseCompressedOops                        = true                                 {lp64_product} {ergonomic}
     bool UseG1GC                                  = true                                      {product} {ergonomic}
     bool UseLargePagesIndividualAllocation        = false                                  {pd product} {ergonomic}

Logging:
Log output configuration:
 #0: stdout all=warning uptime,level,tags
 #1: stderr all=off uptime,level,tags

Environment Variables:
JAVA_HOME=C:\Program Files\Java\jdk-11.0.12\bin
PATH=C:\Program Files\Common Files\Oracle\Java\javapath;C:\Program Files (x86)\Common Files\Oracle\Java\javapath;C:\Program Files (x86)\Common Files\Intel\Shared Libraries\redist\intel64\compiler;C:\Program Files\Java\jdk-12.0.2\bin;C:\Windows\system32;C:\Windows;C:\Windows\System32\Wbem;C:\Windows\System32\WindowsPowerShell\v1.0\;C:\Windows\System32\OpenSSH\;C:\Program Files\dotnet\;C:\Program Files\Microsoft SQL Server\120\Tools\Binn\;C:\Program Files\Microsoft SQL Server\120\DTS\Binn\;C:\Program Files\Microsoft SQL Server\Client SDK\ODBC\110\Tools\Binn\;C:\Program Files (x86)\Microsoft SQL Server\120\Tools\Binn\;C:\Program Files (x86)\Microsoft SQL Server\120\Tools\Binn\ManagementStudio\;C:\Program Files (x86)\Microsoft SQL Server\120\DTS\Binn\;C:\Windows\Microsoft.NET\Framework\v3.5;C:\Program Files\Microsoft SQL Server\130\Tools\Binn\;C:\Program Files\Microsoft SQL Server\Client SDK\ODBC\170\Tools\Binn\;C:\Program Files\MATLAB\R2016a\runtime\win64;C:\Program Files\MATLAB\R2016a\bin;C:\Program Files\MATLAB\R2016a\polyspace\bin;C:\Program Files (x86)\dotnet\;C:\sqlite;C:\Program Files\Git\cmd;C:\Users\OmarTaha\AppData\Local\Programs\Python\Python310;C:\Users\OmarTaha\AppData\Local\Programs\Python\Python310\Scripts;C:\Users\OmarTaha\AppData\Local\Programs\Python\Python38-32\Scripts\;C:\Users\OmarTaha\AppData\Local\Programs\Python\Python38-32\;C:\Users\OmarTaha\AppData\Local\Microsoft\WindowsApps;C:\Users\OmarTaha\AppData\Local\Programs\Microsoft VS Code\bin;C:\Users\OmarTaha\.dotnet\tools;C:\Program Files\JetBrains\PyCharm Community Edition 2020.2.4\bin;;C:\Users\OmarTaha\AppData\Local\GitHubDesktop\bin;
USERNAME=OmarTaha
OS=Windows_NT
PROCESSOR_IDENTIFIER=Intel64 Family 6 Model 60 Stepping 3, GenuineIntel



---------------  S Y S T E M  ---------------

OS: Windows 10 , 64 bit Build 18362 (10.0.18362.1500)

CPU:total 8 (initial active 8) (4 cores per cpu, 2 threads per core) family 6 model 60 stepping 3 microcode 0x28, cmov, cx8, fxsr, mmx, sse, sse2, sse3, ssse3, sse4.1, sse4.2, popcnt, avx, avx2, aes, clmul, erms, lzcnt, ht, tsc, tscinvbit, bmi1, bmi2, fma

Memory: 4k page, system-wide physical 7993M (638M free)
TotalPageFile size 13993M (AvailPageFile size 6M)
current process WorkingSet (physical memory assigned to process): 404M, peak: 407M
current process commit charge ("private bytes"): 456M, peak: 488M

vm_info: Java HotSpot(TM) 64-Bit Server VM (11.0.12+8-LTS-237) for windows-amd64 JRE (11.0.12+8-LTS-237), built on Jun  8 2021 11:25:59 by "mach5one" with MS VC++ 15.9 (VS2017)

END.
