#
# There is insufficient memory for the Java Runtime Environment to continue.
# Native memory allocation (mmap) failed to map 9437184 bytes for Failed to commit area from 0x000000008dc00000 to 0x000000008e500000 of length 9437184.
# Possible reasons:
#   The system is out of physical RAM or swap space
#   The process is running with CompressedOops enabled, and the Java Heap may be blocking the growth of the native heap
# Possible solutions:
#   Reduce memory load on the system
#   Increase physical memory or swap space
#   Check if swap backing store is full
#   Decrease Java heap size (-Xmx/-Xms)
#   Decrease number of Java threads
#   Decrease Java thread stack sizes (-Xss)
#   Set larger code cache with -XX:ReservedCodeCacheSize=
#   JVM is running with Unscaled Compressed Oops mode in which the Java heap is
#     placed in the first 4GB address space. The Java Heap base address is the
#     maximum limit for the native heap growth. Please use -XX:HeapBaseMinAddress
#     to set the Java Heap base and to place the Java Heap above 4GB virtual address.
# This output file may be truncated or incomplete.
#
#  Out of Memory Error (./open/src/hotspot/os/windows/os_windows.cpp:3273), pid=3152, tid=8252
#
# JRE version: Java(TM) SE Runtime Environment 18.9 (11.0.12+8) (build 11.0.12+8-LTS-237)
# Java VM: Java HotSpot(TM) 64-Bit Server VM 18.9 (11.0.12+8-LTS-237, mixed mode, tiered, compressed oops, g1 gc, windows-amd64)
# No core dump will be written. Minidumps are not enabled by default on client versions of Windows
#

---------------  S U M M A R Y ------------

Command Line: --add-opens=java.base/java.util=ALL-UNNAMED --add-opens=java.base/java.lang=ALL-UNNAMED --add-opens=java.base/java.lang.invoke=ALL-UNNAMED --add-opens=java.base/java.util=ALL-UNNAMED --add-opens=java.prefs/java.util.prefs=ALL-UNNAMED --add-opens=java.prefs/java.util.prefs=ALL-UNNAMED --add-opens=java.base/java.nio.charset=ALL-UNNAMED --add-opens=java.base/java.net=ALL-UNNAMED --add-opens=java.base/java.util.concurrent.atomic=ALL-UNNAMED -Xmx2048m -Dfile.encoding=windows-1252 -Duser.country=US -Duser.language=en -Duser.variant org.gradle.launcher.daemon.bootstrap.GradleDaemon 7.1-rc-1

Host: Intel(R) Core(TM) i7-4800MQ CPU @ 2.70GHz, 8 cores, 7G,  Windows 10 , 64 bit Build 18362 (10.0.18362.1500)
Time: Mon Dec 20 12:28:20 2021 Arab Standard Time elapsed time: 14.779362 seconds (0d 0h 0m 14s)

---------------  T H R E A D  ---------------

Current thread (0x0000021e31a1d000):  JavaThread "WorkerExecutor Queue Thread 7" [_thread_in_vm, id=8252, stack(0x000000b945800000,0x000000b945900000)]

Stack: [0x000000b945800000,0x000000b945900000]
Native frames: (J=compiled Java code, j=interpreted, Vv=VM code, C=native code)
V  [jvm.dll+0x617d9a]
V  [jvm.dll+0x74eeef]
V  [jvm.dll+0x750599]
V  [jvm.dll+0x750c23]
V  [jvm.dll+0x2438d8]
V  [jvm.dll+0x61518a]
V  [jvm.dll+0x609f45]
V  [jvm.dll+0x2f85cc]
V  [jvm.dll+0x2f8452]
V  [jvm.dll+0x2fd106]
V  [jvm.dll+0x33f6ef]
V  [jvm.dll+0x33f120]
V  [jvm.dll+0x2d64dc]
V  [jvm.dll+0x2d23df]
V  [jvm.dll+0x5aff92]
V  [jvm.dll+0x5afab7]
V  [jvm.dll+0x1e86cd]
V  [jvm.dll+0x7291d7]
V  [jvm.dll+0x3622a4]
C  0x0000021e1310eb17

Java frames: (J=compiled Java code, j=interpreted, Vv=VM code)
j  java.awt.image.DataBufferInt.<init>(I)V+11 java.desktop@11.0.12
j  java.awt.image.Raster.createPackedRaster(III[ILjava/awt/Point;)Ljava/awt/image/WritableRaster;+69 java.desktop@11.0.12
j  java.awt.image.DirectColorModel.createCompatibleWritableRaster(II)Ljava/awt/image/WritableRaster;+83 java.desktop@11.0.12
j  java.awt.image.BufferedImage.<init>(III)V+127 java.desktop@11.0.12
j  com.android.ide.common.util.AssetUtil.newArgbBufferedImage(II)Ljava/awt/image/BufferedImage;+7
j  com.android.ide.common.vectordrawable.VdPreview.getPreviewFromVectorTree(Lcom/android/ide/common/vectordrawable/VdPreview$TargetSize;Lcom/android/ide/common/vectordrawable/VdTree;Ljava/lang/StringBuilder;)Ljava/awt/image/BufferedImage;+146
j  com.android.ide.common.vectordrawable.VdPreview.getPreviewFromVectorXml(Lcom/android/ide/common/vectordrawable/VdPreview$TargetSize;Ljava/lang/String;Ljava/lang/StringBuilder;)Ljava/awt/image/BufferedImage;+35
j  com.android.builder.png.VectorDrawableRenderer.generateFile(Ljava/io/File;Ljava/io/File;)V+156
j  com.android.build.gradle.tasks.MergeResources$MergeResourcesVectorDrawableRenderer.generateFile(Ljava/io/File;Ljava/io/File;)V+3
j  com.android.ide.common.resources.MergedResourceWriter$FileGenerationWorkAction.run()V+33
j  com.android.build.gradle.internal.tasks.Workers$RunnableWrapperWorkAction.run()V+18
j  com.android.build.gradle.internal.profile.ProfileAwareWorkAction.execute()V+74
j  org.gradle.workers.internal.DefaultWorkerServer.execute(Lorg/gradle/workers/internal/SimpleActionExecutionSpec;)Lorg/gradle/workers/internal/DefaultWorkResult;+128
j  org.gradle.workers.internal.NoIsolationWorkerFactory$1$1.create()Lorg/gradle/workers/internal/DefaultWorkResult;+29
j  org.gradle.workers.internal.NoIsolationWorkerFactory$1$1.create()Ljava/lang/Object;+1
j  org.gradle.internal.classloader.ClassLoaderUtils.executeInClassloader(Ljava/lang/ClassLoader;Lorg/gradle/internal/Factory;)Ljava/lang/Object;+15
j  org.gradle.workers.internal.NoIsolationWorkerFactory$1.lambda$execute$0(Ljava/lang/ClassLoader;Lorg/gradle/workers/WorkerExecutor;Lorg/gradle/workers/internal/IsolatedParametersActionExecutionSpec;)Lorg/gradle/workers/internal/DefaultWorkResult;+10
j  org.gradle.workers.internal.NoIsolationWorkerFactory$1$$Lambda$1145.execute(Lorg/gradle/workers/internal/IsolatedParametersActionExecutionSpec;)Lorg/gradle/workers/internal/DefaultWorkResult;+13
j  org.gradle.workers.internal.AbstractWorker$1.call(Lorg/gradle/internal/operations/BuildOperationContext;)Lorg/gradle/workers/internal/DefaultWorkResult;+8
j  org.gradle.workers.internal.AbstractWorker$1.call(Lorg/gradle/internal/operations/BuildOperationContext;)Ljava/lang/Object;+2
J 9324 c1 org.gradle.internal.operations.DefaultBuildOperationRunner$CallableBuildOperationWorker.execute(Lorg/gradle/internal/operations/BuildOperation;Lorg/gradle/internal/operations/BuildOperationContext;)V (10 bytes) @ 0x0000021e149d6434 [0x0000021e149d61e0+0x0000000000000254]
J 6687 c1 org.gradle.internal.operations.DefaultBuildOperationRunner$3.execute(Lorg/gradle/internal/operations/BuildOperationDescriptor;Lorg/gradle/internal/operations/BuildOperationState;Lorg/gradle/internal/operations/BuildOperationState;Lorg/gradle/internal/operations/DefaultBuildOperationRunner$ReadableBuildOperationContext;Lorg/gradle/internal/operations/DefaultBuildOperationRunner$BuildOperationExecutionListener;)Lorg/gradle/internal/operations/BuildOperation; (110 bytes) @ 0x0000021e143f74a4 [0x0000021e143f72c0+0x00000000000001e4]
J 6599 c1 org.gradle.internal.operations.DefaultBuildOperationRunner.execute(Lorg/gradle/internal/operations/BuildOperationDescriptor$Builder;Lorg/gradle/internal/operations/BuildOperationState;Lorg/gradle/internal/operations/DefaultBuildOperationRunner$BuildOperationExecution;)Ljava/lang/Object; (140 bytes) @ 0x0000021e143c95b4 [0x0000021e143c88a0+0x0000000000000d14]
J 9321 c1 org.gradle.internal.operations.DefaultBuildOperationRunner.call(Lorg/gradle/internal/operations/CallableBuildOperation;)Ljava/lang/Object; (24 bytes) @ 0x0000021e149cf53c [0x0000021e149cee40+0x00000000000006fc]
J 6748 c1 org.gradle.internal.operations.DefaultBuildOperationExecutor.call(Lorg/gradle/internal/operations/CallableBuildOperation;)Ljava/lang/Object; (19 bytes) @ 0x0000021e14414fbc [0x0000021e14414700+0x00000000000008bc]
j  org.gradle.workers.internal.AbstractWorker.executeWrappedInBuildOperation(Lorg/gradle/workers/internal/IsolatedParametersActionExecutionSpec;Lorg/gradle/internal/operations/BuildOperationRef;Lorg/gradle/workers/internal/AbstractWorker$Work;)Lorg/gradle/workers/internal/DefaultWorkResult;+15
j  org.gradle.workers.internal.NoIsolationWorkerFactory$1.execute(Lorg/gradle/workers/internal/IsolatedParametersActionExecutionSpec;Lorg/gradle/internal/operations/BuildOperationRef;)Lorg/gradle/workers/internal/DefaultWorkResult;+17
j  org.gradle.workers.internal.DefaultWorkerExecutor.lambda$submitWork$2(Lorg/gradle/workers/internal/WorkerFactory;Lorg/gradle/workers/internal/WorkerRequirement;Lorg/gradle/workers/internal/IsolatedParametersActionExecutionSpec;Lorg/gradle/internal/operations/BuildOperationRef;)Lorg/gradle/workers/internal/DefaultWorkResult;+13
j  org.gradle.workers.internal.DefaultWorkerExecutor$$Lambda$1143.call()Ljava/lang/Object;+16
J 8846 c1 java.util.concurrent.FutureTask.run()V java.base@11.0.12 (123 bytes) @ 0x0000021e148d981c [0x0000021e148d91a0+0x000000000000067c]
j  org.gradle.internal.work.DefaultConditionalExecutionQueue$ExecutionRunner.runExecution(Lorg/gradle/internal/work/ConditionalExecution;)V+6
j  org.gradle.internal.work.DefaultConditionalExecutionQueue$ExecutionRunner.runBatch(Lorg/gradle/internal/work/ConditionalExecution;)V+8
j  org.gradle.internal.work.DefaultConditionalExecutionQueue$ExecutionRunner.run()V+11
j  java.util.concurrent.Executors$RunnableAdapter.call()Ljava/lang/Object;+4 java.base@11.0.12
J 8846 c1 java.util.concurrent.FutureTask.run()V java.base@11.0.12 (123 bytes) @ 0x0000021e148d981c [0x0000021e148d91a0+0x000000000000067c]
J 9567 c1 org.gradle.internal.concurrent.ManagedExecutorImpl$1.run()V (57 bytes) @ 0x0000021e14a5adcc [0x0000021e14a5ab60+0x000000000000026c]
j  java.util.concurrent.ThreadPoolExecutor.runWorker(Ljava/util/concurrent/ThreadPoolExecutor$Worker;)V+92 java.base@11.0.12
j  java.util.concurrent.ThreadPoolExecutor$Worker.run()V+5 java.base@11.0.12
j  org.gradle.internal.concurrent.ThreadFactoryImpl$ManagedThreadRunnable.run()V+7
j  java.lang.Thread.run()V+11 java.base@11.0.12
v  ~StubRoutines::call_stub

---------------  P R O C E S S  ---------------

Threads class SMR info:
_java_thread_list=0x0000021e3360c140, length=143, elements={
0x0000021e0ac42000, 0x0000021e29a9e000, 0x0000021e29a9f800, 0x0000021e29aa8000,
0x0000021e29aaa000, 0x0000021e29aab000, 0x0000021e29ab0000, 0x0000021e29abc800,
0x0000021e29abe000, 0x0000021e2a58b800, 0x0000021e2cab7000, 0x0000021e2a73d800,
0x0000021e2bf55000, 0x0000021e2bc74800, 0x0000021e2b59f800, 0x0000021e2b5a0800,
0x0000021e2bc48800, 0x0000021e2c260800, 0x0000021e2c854000, 0x0000021e2c9b1000,
0x0000021e2b608800, 0x0000021e2b607000, 0x0000021e2b606800, 0x0000021e2b608000,
0x0000021e2d749000, 0x0000021e2d74b000, 0x0000021e2d74a000, 0x0000021e2d748800,
0x0000021e2d74b800, 0x0000021e2d746000, 0x0000021e2d74c800, 0x0000021e2d746800,
0x0000021e2d74f800, 0x0000021e2d750800, 0x0000021e2d751800, 0x0000021e2d74e000,
0x0000021e2d754800, 0x0000021e30225800, 0x0000021e30227000, 0x0000021e30224000,
0x0000021e30225000, 0x0000021e30226800, 0x0000021e30221800, 0x0000021e30228000,
0x0000021e30223000, 0x0000021e30222800, 0x0000021e3022c000, 0x0000021e30229000,
0x0000021e3022a800, 0x0000021e3022b800, 0x0000021e3022e800, 0x0000021e3022d000,
0x0000021e30229800, 0x0000021e30230000, 0x0000021e3022e000, 0x0000021e3022f800,
0x0000021e2d768000, 0x0000021e2d76c000, 0x0000021e2d76d800, 0x0000021e2d768800,
0x0000021e2d76e800, 0x0000021e2d76d000, 0x0000021e2d76b000, 0x0000021e2d76f000,
0x0000021e2d769800, 0x0000021e2d770000, 0x0000021e2d76a800, 0x0000021e2d771800,
0x0000021e2d776000, 0x0000021e2d775000, 0x0000021e2d774000, 0x0000021e2d772800,
0x0000021e2d776800, 0x0000021e2d771000, 0x0000021e2d773800, 0x0000021e2e019800,
0x0000021e2e01a800, 0x0000021e2e017800, 0x0000021e2e015000, 0x0000021e2e01b800,
0x0000021e2e015800, 0x0000021e2e01c000, 0x0000021e2e018000, 0x0000021e2e016800,
0x0000021e2e01d000, 0x0000021e2e01e000, 0x0000021e2e01e800, 0x0000021e2e019000,
0x0000021e2e023800, 0x0000021e2e022800, 0x0000021e2e01f800, 0x0000021e2e020800,
0x0000021e2e021000, 0x0000021e2e022000, 0x0000021e2a948800, 0x0000021e2a94c000,
0x0000021e2a94b000, 0x0000021e2a94c800, 0x0000021e2a94a800, 0x0000021e2a949800,
0x0000021e2a947000, 0x0000021e2a94d800, 0x0000021e2a948000, 0x0000021e2a951000,
0x0000021e2a950000, 0x0000021e2a953000, 0x0000021e2a952800, 0x0000021e2a954000,
0x0000021e2a951800, 0x0000021e2a94f000, 0x0000021e2a94e800, 0x0000021e2a955000,
0x0000021e2a955800, 0x0000021e30f8b800, 0x0000021e30f8b000, 0x0000021e30f8e000,
0x0000021e30f8d000, 0x0000021e30f8f000, 0x0000021e30f8c800, 0x0000021e30f89000,
0x0000021e30f8f800, 0x0000021e30f8a000, 0x0000021e30f91800, 0x0000021e30f92000,
0x0000021e30f95800, 0x0000021e30f96000, 0x0000021e30f94000, 0x0000021e30f97000,
0x0000021e30f98000, 0x0000021e31a13000, 0x0000021e31a10000, 0x0000021e31a12800,
0x0000021e31a14000, 0x0000021e31a0e800, 0x0000021e31a15000, 0x0000021e31a0f000,
0x0000021e31a18000, 0x0000021e31a16800, 0x0000021e31a19800, 0x0000021e31a17000,
0x0000021e31a15800, 0x0000021e31a1d000, 0x0000021e31a1b800
}

Java Threads: ( => current thread )
  0x0000021e0ac42000 JavaThread "main" [_thread_blocked, id=7580, stack(0x000000b93bc00000,0x000000b93bd00000)]
  0x0000021e29a9e000 JavaThread "Reference Handler" daemon [_thread_blocked, id=11808, stack(0x000000b93c300000,0x000000b93c400000)]
  0x0000021e29a9f800 JavaThread "Finalizer" daemon [_thread_blocked, id=7888, stack(0x000000b93c400000,0x000000b93c500000)]
  0x0000021e29aa8000 JavaThread "Signal Dispatcher" daemon [_thread_blocked, id=6564, stack(0x000000b93c500000,0x000000b93c600000)]
  0x0000021e29aaa000 JavaThread "Attach Listener" daemon [_thread_blocked, id=14244, stack(0x000000b93c600000,0x000000b93c700000)]
  0x0000021e29aab000 JavaThread "Service Thread" daemon [_thread_blocked, id=10776, stack(0x000000b93c700000,0x000000b93c800000)]
  0x0000021e29ab0000 JavaThread "C2 CompilerThread0" daemon [_thread_blocked, id=12884, stack(0x000000b93c800000,0x000000b93c900000)]
  0x0000021e29abc800 JavaThread "C1 CompilerThread0" daemon [_thread_blocked, id=10168, stack(0x000000b93c900000,0x000000b93ca00000)]
  0x0000021e29abe000 JavaThread "Sweeper thread" daemon [_thread_blocked, id=8868, stack(0x000000b93ca00000,0x000000b93cb00000)]
  0x0000021e2a58b800 JavaThread "Common-Cleaner" daemon [_thread_blocked, id=2700, stack(0x000000b93cb00000,0x000000b93cc00000)]
  0x0000021e2cab7000 JavaThread "Daemon health stats" [_thread_blocked, id=9404, stack(0x000000b93d100000,0x000000b93d200000)]
  0x0000021e2a73d800 JavaThread "C2 CompilerThread1" daemon [_thread_in_native, id=4232, stack(0x000000b93cd00000,0x000000b93ce00000)]
  0x0000021e2bf55000 JavaThread "Incoming local TCP Connector on port 53460" [_thread_in_native, id=10704, stack(0x000000b93d000000,0x000000b93d100000)]
  0x0000021e2bc74800 JavaThread "Daemon periodic checks" [_thread_blocked, id=2236, stack(0x000000b93d200000,0x000000b93d300000)]
  0x0000021e2b59f800 JavaThread "Daemon" [_thread_blocked, id=7820, stack(0x000000b93d300000,0x000000b93d400000)]
  0x0000021e2b5a0800 JavaThread "Handler for socket connection from /127.0.0.1:53460 to /127.0.0.1:53461" [_thread_in_native, id=10900, stack(0x000000b93d400000,0x000000b93d500000)]
  0x0000021e2bc48800 JavaThread "Cancel handler" [_thread_blocked, id=8560, stack(0x000000b93d500000,0x000000b93d600000)]
  0x0000021e2c260800 JavaThread "Daemon worker" [_thread_blocked, id=6396, stack(0x000000b93d600000,0x000000b93d700000)]
  0x0000021e2c854000 JavaThread "Asynchronous log dispatcher for DefaultDaemonConnection: socket connection from /127.0.0.1:53460 to /127.0.0.1:53461" [_thread_blocked, id=1228, stack(0x000000b93d700000,0x000000b93d800000)]
  0x0000021e2c9b1000 JavaThread "Stdin handler" [_thread_blocked, id=2276, stack(0x000000b93d800000,0x000000b93d900000)]
  0x0000021e2b608800 JavaThread "Daemon client event forwarder" [_thread_blocked, id=1380, stack(0x000000b93d900000,0x000000b93da00000)]
  0x0000021e2b607000 JavaThread "Cache worker for journal cache (C:\Users\OmarTaha\.gradle\caches\journal-1)" [_thread_blocked, id=13152, stack(0x000000b93df00000,0x000000b93e000000)]
  0x0000021e2b606800 JavaThread "File lock request listener" [_thread_in_native, id=12816, stack(0x000000b93e000000,0x000000b93e100000)]
  0x0000021e2b608000 JavaThread "Cache worker for file hash cache (C:\Users\OmarTaha\.gradle\caches\7.1-rc-1\fileHashes)" [_thread_blocked, id=10372, stack(0x000000b93e100000,0x000000b93e200000)]
  0x0000021e2d749000 JavaThread "Cache worker for file hash cache (C:\Users\OmarTaha\AndroidStudioProjects\GMS\.gradle\7.1-rc-1\fileHashes)" [_thread_blocked, id=6716, stack(0x000000b93e300000,0x000000b93e400000)]
  0x0000021e2d74b000 JavaThread "File watcher server" daemon [_thread_in_native, id=968, stack(0x000000b93e400000,0x000000b93e500000)]
  0x0000021e2d74a000 JavaThread "File watcher consumer" daemon [_thread_blocked, id=6196, stack(0x000000b93e500000,0x000000b93e600000)]
  0x0000021e2d748800 JavaThread "Cache worker for checksums cache (C:\Users\OmarTaha\AndroidStudioProjects\GMS\.gradle\checksums)" [_thread_blocked, id=11428, stack(0x000000b93e600000,0x000000b93e700000)]
  0x0000021e2d74b800 JavaThread "Cache worker for cache directory md-supplier (C:\Users\OmarTaha\.gradle\caches\7.1-rc-1\md-supplier)" [_thread_blocked, id=13564, stack(0x000000b93e700000,0x000000b93e800000)]
  0x0000021e2d746000 JavaThread "C2 CompilerThread2" daemon [_thread_blocked, id=14160, stack(0x000000b93e800000,0x000000b93e900000)]
  0x0000021e2d74c800 JavaThread "Cache worker for cache directory md-rule (C:\Users\OmarTaha\.gradle\caches\7.1-rc-1\md-rule)" [_thread_blocked, id=7388, stack(0x000000b93e900000,0x000000b93ea00000)]
  0x0000021e2d746800 JavaThread "Cache worker for execution history cache (C:\Users\OmarTaha\.gradle\caches\7.1-rc-1\executionHistory)" [_thread_blocked, id=8948, stack(0x000000b93ea00000,0x000000b93eb00000)]
  0x0000021e2d74f800 JavaThread "jar transforms" [_thread_blocked, id=7696, stack(0x000000b93eb00000,0x000000b93ec00000)]
  0x0000021e2d750800 JavaThread "jar transforms Thread 2" [_thread_blocked, id=7716, stack(0x000000b93ec00000,0x000000b93ed00000)]
  0x0000021e2d751800 JavaThread "Cache worker for file content cache (C:\Users\OmarTaha\.gradle\caches\7.1-rc-1\fileContent)" [_thread_blocked, id=212, stack(0x000000b93ed00000,0x000000b93ee00000)]
  0x0000021e2d74e000 JavaThread "Cache worker for dependencies-accessors (C:\Users\OmarTaha\AndroidStudioProjects\GMS\.gradle\7.1-rc-1\dependencies-accessors)" [_thread_blocked, id=2156, stack(0x000000b93ee00000,0x000000b93ef00000)]
  0x0000021e2d754800 JavaThread "jar transforms Thread 3" [_thread_blocked, id=10864, stack(0x000000b93ef00000,0x000000b93f000000)]
  0x0000021e30225800 JavaThread "Cache worker for Build Output Cleanup Cache (C:\Users\OmarTaha\AndroidStudioProjects\GMS\.gradle\buildOutputCleanup)" [_thread_blocked, id=2912, stack(0x000000b93f000000,0x000000b93f100000)]
  0x0000021e30227000 JavaThread "Unconstrained build operations" [_thread_blocked, id=5620, stack(0x000000b93f100000,0x000000b93f200000)]
  0x0000021e30224000 JavaThread "Unconstrained build operations Thread 2" [_thread_blocked, id=6484, stack(0x000000b93f200000,0x000000b93f300000)]
  0x0000021e30225000 JavaThread "Unconstrained build operations Thread 3" [_thread_blocked, id=6576, stack(0x000000b93f300000,0x000000b93f400000)]
  0x0000021e30226800 JavaThread "Unconstrained build operations Thread 4" [_thread_blocked, id=11628, stack(0x000000b93f400000,0x000000b93f500000)]
  0x0000021e30221800 JavaThread "Unconstrained build operations Thread 5" [_thread_blocked, id=13100, stack(0x000000b93f500000,0x000000b93f600000)]
  0x0000021e30228000 JavaThread "Unconstrained build operations Thread 6" [_thread_blocked, id=9496, stack(0x000000b93f600000,0x000000b93f700000)]
  0x0000021e30223000 JavaThread "Unconstrained build operations Thread 7" [_thread_blocked, id=9728, stack(0x000000b93f700000,0x000000b93f800000)]
  0x0000021e30222800 JavaThread "Unconstrained build operations Thread 8" [_thread_blocked, id=11520, stack(0x000000b93f800000,0x000000b93f900000)]
  0x0000021e3022c000 JavaThread "Unconstrained build operations Thread 9" [_thread_blocked, id=8340, stack(0x000000b93f900000,0x000000b93fa00000)]
  0x0000021e30229000 JavaThread "Unconstrained build operations Thread 10" [_thread_blocked, id=1508, stack(0x000000b93fa00000,0x000000b93fb00000)]
  0x0000021e3022a800 JavaThread "Unconstrained build operations Thread 11" [_thread_blocked, id=13616, stack(0x000000b93fb00000,0x000000b93fc00000)]
  0x0000021e3022b800 JavaThread "Unconstrained build operations Thread 12" [_thread_blocked, id=3404, stack(0x000000b93fc00000,0x000000b93fd00000)]
  0x0000021e3022e800 JavaThread "Unconstrained build operations Thread 13" [_thread_blocked, id=14208, stack(0x000000b93fd00000,0x000000b93fe00000)]
  0x0000021e3022d000 JavaThread "Unconstrained build operations Thread 14" [_thread_blocked, id=12004, stack(0x000000b93fe00000,0x000000b93ff00000)]
  0x0000021e30229800 JavaThread "Unconstrained build operations Thread 15" [_thread_blocked, id=11640, stack(0x000000b93ff00000,0x000000b940000000)]
  0x0000021e30230000 JavaThread "Unconstrained build operations Thread 16" [_thread_blocked, id=1648, stack(0x000000b940000000,0x000000b940100000)]
  0x0000021e3022e000 JavaThread "Unconstrained build operations Thread 17" [_thread_blocked, id=10552, stack(0x000000b940100000,0x000000b940200000)]
  0x0000021e3022f800 JavaThread "Unconstrained build operations Thread 18" [_thread_blocked, id=4380, stack(0x000000b940200000,0x000000b940300000)]
  0x0000021e2d768000 JavaThread "Unconstrained build operations Thread 19" [_thread_blocked, id=1672, stack(0x000000b940300000,0x000000b940400000)]
  0x0000021e2d76c000 JavaThread "Unconstrained build operations Thread 20" [_thread_blocked, id=13128, stack(0x000000b940400000,0x000000b940500000)]
  0x0000021e2d76d800 JavaThread "Unconstrained build operations Thread 21" [_thread_blocked, id=13816, stack(0x000000b940500000,0x000000b940600000)]
  0x0000021e2d768800 JavaThread "Unconstrained build operations Thread 22" [_thread_blocked, id=10812, stack(0x000000b940600000,0x000000b940700000)]
  0x0000021e2d76e800 JavaThread "Unconstrained build operations Thread 23" [_thread_blocked, id=4212, stack(0x000000b940700000,0x000000b940800000)]
  0x0000021e2d76d000 JavaThread "Unconstrained build operations Thread 24" [_thread_blocked, id=3444, stack(0x000000b940800000,0x000000b940900000)]
  0x0000021e2d76b000 JavaThread "Unconstrained build operations Thread 25" [_thread_blocked, id=4408, stack(0x000000b940900000,0x000000b940a00000)]
  0x0000021e2d76f000 JavaThread "Unconstrained build operations Thread 26" [_thread_blocked, id=12272, stack(0x000000b940a00000,0x000000b940b00000)]
  0x0000021e2d769800 JavaThread "Unconstrained build operations Thread 27" [_thread_blocked, id=12960, stack(0x000000b940b00000,0x000000b940c00000)]
  0x0000021e2d770000 JavaThread "Unconstrained build operations Thread 28" [_thread_blocked, id=11340, stack(0x000000b940c00000,0x000000b940d00000)]
  0x0000021e2d76a800 JavaThread "Unconstrained build operations Thread 29" [_thread_blocked, id=7512, stack(0x000000b940d00000,0x000000b940e00000)]
  0x0000021e2d771800 JavaThread "Unconstrained build operations Thread 30" [_thread_blocked, id=12060, stack(0x000000b940e00000,0x000000b940f00000)]
  0x0000021e2d776000 JavaThread "Unconstrained build operations Thread 31" [_thread_blocked, id=10880, stack(0x000000b940f00000,0x000000b941000000)]
  0x0000021e2d775000 JavaThread "Unconstrained build operations Thread 32" [_thread_blocked, id=7548, stack(0x000000b941000000,0x000000b941100000)]
  0x0000021e2d774000 JavaThread "Unconstrained build operations Thread 33" [_thread_blocked, id=11488, stack(0x000000b941100000,0x000000b941200000)]
  0x0000021e2d772800 JavaThread "Unconstrained build operations Thread 34" [_thread_blocked, id=5116, stack(0x000000b941200000,0x000000b941300000)]
  0x0000021e2d776800 JavaThread "Unconstrained build operations Thread 35" [_thread_blocked, id=10320, stack(0x000000b941300000,0x000000b941400000)]
  0x0000021e2d771000 JavaThread "Unconstrained build operations Thread 36" [_thread_blocked, id=14216, stack(0x000000b941400000,0x000000b941500000)]
  0x0000021e2d773800 JavaThread "Unconstrained build operations Thread 37" [_thread_blocked, id=10120, stack(0x000000b941500000,0x000000b941600000)]
  0x0000021e2e019800 JavaThread "Unconstrained build operations Thread 38" [_thread_blocked, id=13756, stack(0x000000b941600000,0x000000b941700000)]
  0x0000021e2e01a800 JavaThread "Unconstrained build operations Thread 39" [_thread_blocked, id=7504, stack(0x000000b941700000,0x000000b941800000)]
  0x0000021e2e017800 JavaThread "Unconstrained build operations Thread 40" [_thread_blocked, id=12868, stack(0x000000b941800000,0x000000b941900000)]
  0x0000021e2e015000 JavaThread "Unconstrained build operations Thread 41" [_thread_blocked, id=1332, stack(0x000000b941900000,0x000000b941a00000)]
  0x0000021e2e01b800 JavaThread "Unconstrained build operations Thread 42" [_thread_blocked, id=5580, stack(0x000000b941a00000,0x000000b941b00000)]
  0x0000021e2e015800 JavaThread "Unconstrained build operations Thread 43" [_thread_blocked, id=12044, stack(0x000000b941b00000,0x000000b941c00000)]
  0x0000021e2e01c000 JavaThread "Unconstrained build operations Thread 44" [_thread_blocked, id=2904, stack(0x000000b941c00000,0x000000b941d00000)]
  0x0000021e2e018000 JavaThread "Unconstrained build operations Thread 45" [_thread_blocked, id=13132, stack(0x000000b941d00000,0x000000b941e00000)]
  0x0000021e2e016800 JavaThread "Unconstrained build operations Thread 46" [_thread_blocked, id=13664, stack(0x000000b941e00000,0x000000b941f00000)]
  0x0000021e2e01d000 JavaThread "Unconstrained build operations Thread 47" [_thread_blocked, id=9640, stack(0x000000b941f00000,0x000000b942000000)]
  0x0000021e2e01e000 JavaThread "Unconstrained build operations Thread 48" [_thread_blocked, id=8832, stack(0x000000b942000000,0x000000b942100000)]
  0x0000021e2e01e800 JavaThread "Unconstrained build operations Thread 49" [_thread_blocked, id=5200, stack(0x000000b942100000,0x000000b942200000)]
  0x0000021e2e019000 JavaThread "Unconstrained build operations Thread 50" [_thread_blocked, id=9388, stack(0x000000b942200000,0x000000b942300000)]
  0x0000021e2e023800 JavaThread "Unconstrained build operations Thread 51" [_thread_blocked, id=10360, stack(0x000000b942300000,0x000000b942400000)]
  0x0000021e2e022800 JavaThread "Unconstrained build operations Thread 52" [_thread_blocked, id=1940, stack(0x000000b942400000,0x000000b942500000)]
  0x0000021e2e01f800 JavaThread "Unconstrained build operations Thread 53" [_thread_blocked, id=14148, stack(0x000000b942500000,0x000000b942600000)]
  0x0000021e2e020800 JavaThread "Unconstrained build operations Thread 54" [_thread_blocked, id=3704, stack(0x000000b942600000,0x000000b942700000)]
  0x0000021e2e021000 JavaThread "Unconstrained build operations Thread 55" [_thread_blocked, id=1308, stack(0x000000b942700000,0x000000b942800000)]
  0x0000021e2e022000 JavaThread "Unconstrained build operations Thread 56" [_thread_blocked, id=388, stack(0x000000b942800000,0x000000b942900000)]
  0x0000021e2a948800 JavaThread "Unconstrained build operations Thread 57" [_thread_blocked, id=2676, stack(0x000000b942900000,0x000000b942a00000)]
  0x0000021e2a94c000 JavaThread "Unconstrained build operations Thread 58" [_thread_blocked, id=4480, stack(0x000000b942a00000,0x000000b942b00000)]
  0x0000021e2a94b000 JavaThread "Unconstrained build operations Thread 59" [_thread_blocked, id=13688, stack(0x000000b942b00000,0x000000b942c00000)]
  0x0000021e2a94c800 JavaThread "Unconstrained build operations Thread 60" [_thread_blocked, id=9076, stack(0x000000b942c00000,0x000000b942d00000)]
  0x0000021e2a94a800 JavaThread "Unconstrained build operations Thread 61" [_thread_blocked, id=10804, stack(0x000000b942d00000,0x000000b942e00000)]
  0x0000021e2a949800 JavaThread "Unconstrained build operations Thread 62" [_thread_blocked, id=11000, stack(0x000000b942e00000,0x000000b942f00000)]
  0x0000021e2a947000 JavaThread "Unconstrained build operations Thread 63" [_thread_blocked, id=828, stack(0x000000b942f00000,0x000000b943000000)]
  0x0000021e2a94d800 JavaThread "Unconstrained build operations Thread 64" [_thread_blocked, id=10012, stack(0x000000b943000000,0x000000b943100000)]
  0x0000021e2a948000 JavaThread "Unconstrained build operations Thread 65" [_thread_blocked, id=14312, stack(0x000000b943100000,0x000000b943200000)]
  0x0000021e2a951000 JavaThread "Unconstrained build operations Thread 66" [_thread_blocked, id=12764, stack(0x000000b943200000,0x000000b943300000)]
  0x0000021e2a950000 JavaThread "Unconstrained build operations Thread 67" [_thread_blocked, id=12188, stack(0x000000b943300000,0x000000b943400000)]
  0x0000021e2a953000 JavaThread "Unconstrained build operations Thread 68" [_thread_blocked, id=268, stack(0x000000b943400000,0x000000b943500000)]
  0x0000021e2a952800 JavaThread "Unconstrained build operations Thread 69" [_thread_blocked, id=9644, stack(0x000000b943500000,0x000000b943600000)]
  0x0000021e2a954000 JavaThread "Unconstrained build operations Thread 70" [_thread_blocked, id=4156, stack(0x000000b943600000,0x000000b943700000)]
  0x0000021e2a951800 JavaThread "Unconstrained build operations Thread 71" [_thread_blocked, id=784, stack(0x000000b943700000,0x000000b943800000)]
  0x0000021e2a94f000 JavaThread "Unconstrained build operations Thread 72" [_thread_blocked, id=8644, stack(0x000000b943800000,0x000000b943900000)]
  0x0000021e2a94e800 JavaThread "Unconstrained build operations Thread 73" [_thread_blocked, id=11128, stack(0x000000b943900000,0x000000b943a00000)]
  0x0000021e2a955000 JavaThread "Unconstrained build operations Thread 74" [_thread_blocked, id=13516, stack(0x000000b943a00000,0x000000b943b00000)]
  0x0000021e2a955800 JavaThread "Unconstrained build operations Thread 75" [_thread_blocked, id=10476, stack(0x000000b943b00000,0x000000b943c00000)]
  0x0000021e30f8b800 JavaThread "Unconstrained build operations Thread 76" [_thread_blocked, id=4652, stack(0x000000b943c00000,0x000000b943d00000)]
  0x0000021e30f8b000 JavaThread "Unconstrained build operations Thread 77" [_thread_blocked, id=7704, stack(0x000000b943d00000,0x000000b943e00000)]
  0x0000021e30f8e000 JavaThread "Unconstrained build operations Thread 78" [_thread_blocked, id=3396, stack(0x000000b943e00000,0x000000b943f00000)]
  0x0000021e30f8d000 JavaThread "Unconstrained build operations Thread 79" [_thread_blocked, id=13028, stack(0x000000b943f00000,0x000000b944000000)]
  0x0000021e30f8f000 JavaThread "Unconstrained build operations Thread 80" [_thread_blocked, id=8800, stack(0x000000b944000000,0x000000b944100000)]
  0x0000021e30f8c800 JavaThread "jar transforms Thread 4" [_thread_blocked, id=2964, stack(0x000000b944100000,0x000000b944200000)]
  0x0000021e30f89000 JavaThread "jar transforms Thread 5" [_thread_blocked, id=13812, stack(0x000000b944200000,0x000000b944300000)]
  0x0000021e30f8f800 JavaThread "jar transforms Thread 6" [_thread_blocked, id=7312, stack(0x000000b944300000,0x000000b944400000)]
  0x0000021e30f8a000 JavaThread "jar transforms Thread 7" [_thread_blocked, id=10484, stack(0x000000b944400000,0x000000b944500000)]
  0x0000021e30f91800 JavaThread "jar transforms Thread 8" [_thread_blocked, id=11892, stack(0x000000b944500000,0x000000b944600000)]
  0x0000021e30f92000 JavaThread "Memory manager" [_thread_blocked, id=9244, stack(0x000000b944600000,0x000000b944700000)]
  0x0000021e30f95800 JavaThread "build event listener" [_thread_blocked, id=12948, stack(0x000000b944700000,0x000000b944800000)]
  0x0000021e30f96000 JavaThread "pool-3-thread-1" [_thread_blocked, id=14004, stack(0x000000b944800000,0x000000b944900000)]
  0x0000021e30f94000 JavaThread "build event listener" [_thread_blocked, id=7348, stack(0x000000b944900000,0x000000b944a00000)]
  0x0000021e30f97000 JavaThread "Execution worker for ':'" [_thread_blocked, id=13388, stack(0x000000b944a00000,0x000000b944b00000)]
  0x0000021e30f98000 JavaThread "Execution worker for ':' Thread 2" [_thread_blocked, id=6916, stack(0x000000b944b00000,0x000000b944c00000)]
  0x0000021e31a13000 JavaThread "Execution worker for ':' Thread 3" [_thread_blocked, id=11864, stack(0x000000b944c00000,0x000000b944d00000)]
  0x0000021e31a10000 JavaThread "Execution worker for ':' Thread 4" [_thread_blocked, id=13828, stack(0x000000b944d00000,0x000000b944e00000)]
  0x0000021e31a12800 JavaThread "Execution worker for ':' Thread 5" [_thread_blocked, id=13880, stack(0x000000b944e00000,0x000000b944f00000)]
  0x0000021e31a14000 JavaThread "Execution worker for ':' Thread 6" [_thread_blocked, id=3976, stack(0x000000b944f00000,0x000000b945000000)]
  0x0000021e31a0e800 JavaThread "Execution worker for ':' Thread 7" [_thread_blocked, id=13976, stack(0x000000b945000000,0x000000b945100000)]
  0x0000021e31a15000 JavaThread "Cache worker for execution history cache (C:\Users\OmarTaha\AndroidStudioProjects\GMS\.gradle\7.1-rc-1\executionHistory)" [_thread_blocked, id=11152, stack(0x000000b945100000,0x000000b945200000)]
  0x0000021e31a0f000 JavaThread "WorkerExecutor Queue" [_thread_blocked, id=7828, stack(0x000000b945200000,0x000000b945300000)]
  0x0000021e31a18000 JavaThread "WorkerExecutor Queue Thread 2" [_thread_blocked, id=9592, stack(0x000000b945300000,0x000000b945400000)]
  0x0000021e31a16800 JavaThread "WorkerExecutor Queue Thread 3" [_thread_blocked, id=10336, stack(0x000000b945400000,0x000000b945500000)]
  0x0000021e31a19800 JavaThread "WorkerExecutor Queue Thread 4" [_thread_blocked, id=1036, stack(0x000000b945500000,0x000000b945600000)]
  0x0000021e31a17000 JavaThread "WorkerExecutor Queue Thread 5" [_thread_blocked, id=13556, stack(0x000000b945600000,0x000000b945700000)]
  0x0000021e31a15800 JavaThread "WorkerExecutor Queue Thread 6" [_thread_blocked, id=9412, stack(0x000000b945700000,0x000000b945800000)]
=>0x0000021e31a1d000 JavaThread "WorkerExecutor Queue Thread 7" [_thread_in_vm, id=8252, stack(0x000000b945800000,0x000000b945900000)]
  0x0000021e31a1b800 JavaThread "WorkerExecutor Queue Thread 8" [_thread_blocked, id=392, stack(0x000000b945900000,0x000000b945a00000)]

Other Threads:
  0x0000021e29a8b800 VMThread "VM Thread" [stack: 0x000000b93c200000,0x000000b93c300000] [id=3432]
  0x0000021e2a5d7800 WatcherThread [stack: 0x000000b93cc00000,0x000000b93cd00000] [id=10956]
  0x0000021e0ac56800 GCTaskThread "GC Thread#0" [stack: 0x000000b93bd00000,0x000000b93be00000] [id=5824]
  0x0000021e2b291000 GCTaskThread "GC Thread#1" [stack: 0x000000b93ce00000,0x000000b93cf00000] [id=5888]
  0x0000021e2a892000 GCTaskThread "GC Thread#2" [stack: 0x000000b93cf00000,0x000000b93d000000] [id=6116]
  0x0000021e2b24f000 GCTaskThread "GC Thread#3" [stack: 0x000000b93da00000,0x000000b93db00000] [id=5424]
  0x0000021e2be8d000 GCTaskThread "GC Thread#4" [stack: 0x000000b93db00000,0x000000b93dc00000] [id=14040]
  0x0000021e2b32b000 GCTaskThread "GC Thread#5" [stack: 0x000000b93dc00000,0x000000b93dd00000] [id=6272]
  0x0000021e2beab000 GCTaskThread "GC Thread#6" [stack: 0x000000b93dd00000,0x000000b93de00000] [id=5716]
  0x0000021e2cd0e800 GCTaskThread "GC Thread#7" [stack: 0x000000b93de00000,0x000000b93df00000] [id=14080]
  0x0000021e0ac85000 ConcurrentGCThread "G1 Main Marker" [stack: 0x000000b93be00000,0x000000b93bf00000] [id=14048]
  0x0000021e0ac87000 ConcurrentGCThread "G1 Conc#0" [stack: 0x000000b93bf00000,0x000000b93c000000] [id=3460]
  0x0000021e2bc42800 ConcurrentGCThread "G1 Conc#1" [stack: 0x000000b93e200000,0x000000b93e300000] [id=9852]
  0x0000021e298e0800 ConcurrentGCThread "G1 Refine#0" [stack: 0x000000b93c000000,0x000000b93c100000] [id=9456]
  0x0000021e298e1800 ConcurrentGCThread "G1 Young RemSet Sampling" [stack: 0x000000b93c100000,0x000000b93c200000] [id=12888]

Threads with active compile tasks:
C2 CompilerThread1  14829 11597 % !   4       com.android.ide.common.resources.DataMerger::mergeData @ 247 (611 bytes)

VM state:not at safepoint (normal execution)

VM Mutex/Monitor currently owned by a thread:  ([mutex/lock_event])
[0x0000021e0ac3eaf0] Heap_lock - owner thread: 0x0000021e31a1d000

Heap address: 0x0000000080000000, size: 2048 MB, Compressed Oops mode: 32-bit
Narrow klass base: 0x0000000000000000, Narrow klass shift: 3
Compressed class space size: 1073741824 Address: 0x0000000100000000

Heap:
 garbage-first heap   total 234496K, used 212050K [0x0000000080000000, 0x0000000100000000)
  region size 1024K, 6 young (6144K), 3 survivors (3072K)
 Metaspace       used 86914K, capacity 89154K, committed 89804K, reserved 1126400K
  class space    used 10987K, capacity 11773K, committed 12032K, reserved 1048576K
Heap Regions: E=young(eden), S=young(survivor), O=old, HS=humongous(starts), HC=humongous(continues), CS=collection set, F=free, A=archive, TAMS=top-at-mark-start (previous, next)
|   0|0x0000000080000000, 0x0000000080100000, 0x0000000080100000|100%| O|  |TAMS 0x0000000080100000, 0x0000000080100000| Untracked 
|   1|0x0000000080100000, 0x0000000080200000, 0x0000000080200000|100%| O|  |TAMS 0x0000000080200000, 0x0000000080200000| Untracked 
|   2|0x0000000080200000, 0x0000000080300000, 0x0000000080300000|100%| O|  |TAMS 0x0000000080300000, 0x0000000080300000| Untracked 
|   3|0x0000000080300000, 0x0000000080400000, 0x0000000080400000|100%|HS|  |TAMS 0x0000000080400000, 0x0000000080400000| Complete 
|   4|0x0000000080400000, 0x0000000080500000, 0x0000000080500000|100%|HC|  |TAMS 0x0000000080500000, 0x0000000080500000| Complete 
|   5|0x0000000080500000, 0x0000000080600000, 0x0000000080600000|100%|HC|  |TAMS 0x0000000080600000, 0x0000000080600000| Complete 
|   6|0x0000000080600000, 0x0000000080700000, 0x0000000080700000|100%| O|  |TAMS 0x0000000080700000, 0x0000000080700000| Untracked 
|   7|0x0000000080700000, 0x0000000080800000, 0x0000000080800000|100%| O|  |TAMS 0x0000000080800000, 0x0000000080800000| Untracked 
|   8|0x0000000080800000, 0x0000000080900000, 0x0000000080900000|100%| O|  |TAMS 0x0000000080900000, 0x0000000080900000| Untracked 
|   9|0x0000000080900000, 0x0000000080a00000, 0x0000000080a00000|100%| O|  |TAMS 0x0000000080a00000, 0x0000000080a00000| Untracked 
|  10|0x0000000080a00000, 0x0000000080b00000, 0x0000000080b00000|100%| O|  |TAMS 0x0000000080b00000, 0x0000000080b00000| Untracked 
|  11|0x0000000080b00000, 0x0000000080c00000, 0x0000000080c00000|100%| O|  |TAMS 0x0000000080c00000, 0x0000000080c00000| Untracked 
|  12|0x0000000080c00000, 0x0000000080d00000, 0x0000000080d00000|100%| O|  |TAMS 0x0000000080d00000, 0x0000000080d00000| Untracked 
|  13|0x0000000080d00000, 0x0000000080e00000, 0x0000000080e00000|100%| O|  |TAMS 0x0000000080e00000, 0x0000000080e00000| Untracked 
|  14|0x0000000080e00000, 0x0000000080f00000, 0x0000000080f00000|100%| O|  |TAMS 0x0000000080f00000, 0x0000000080f00000| Untracked 
|  15|0x0000000080f00000, 0x0000000081000000, 0x0000000081000000|100%| O|  |TAMS 0x0000000081000000, 0x0000000081000000| Untracked 
|  16|0x0000000081000000, 0x0000000081100000, 0x0000000081100000|100%|HS|  |TAMS 0x0000000081100000, 0x0000000081100000| Complete 
|  17|0x0000000081100000, 0x0000000081200000, 0x0000000081200000|100%| O|  |TAMS 0x0000000081200000, 0x0000000081200000| Untracked 
|  18|0x0000000081200000, 0x0000000081300000, 0x0000000081300000|100%| O|  |TAMS 0x0000000081300000, 0x0000000081300000| Untracked 
|  19|0x0000000081300000, 0x0000000081400000, 0x0000000081400000|100%| O|  |TAMS 0x0000000081400000, 0x0000000081400000| Untracked 
|  20|0x0000000081400000, 0x0000000081500000, 0x0000000081500000|100%| O|  |TAMS 0x0000000081500000, 0x0000000081500000| Untracked 
|  21|0x0000000081500000, 0x0000000081600000, 0x0000000081600000|100%| O|  |TAMS 0x0000000081600000, 0x0000000081600000| Untracked 
|  22|0x0000000081600000, 0x0000000081700000, 0x0000000081700000|100%| O|  |TAMS 0x0000000081700000, 0x0000000081700000| Untracked 
|  23|0x0000000081700000, 0x0000000081800000, 0x0000000081800000|100%| O|  |TAMS 0x0000000081800000, 0x0000000081800000| Untracked 
|  24|0x0000000081800000, 0x0000000081900000, 0x0000000081900000|100%| O|  |TAMS 0x0000000081900000, 0x0000000081900000| Untracked 
|  25|0x0000000081900000, 0x0000000081a00000, 0x0000000081a00000|100%| O|  |TAMS 0x0000000081a00000, 0x0000000081a00000| Untracked 
|  26|0x0000000081a00000, 0x0000000081b00000, 0x0000000081b00000|100%| O|  |TAMS 0x0000000081b00000, 0x0000000081b00000| Untracked 
|  27|0x0000000081b00000, 0x0000000081c00000, 0x0000000081c00000|100%|HS|  |TAMS 0x0000000081c00000, 0x0000000081c00000| Complete 
|  28|0x0000000081c00000, 0x0000000081d00000, 0x0000000081d00000|100%|HS|  |TAMS 0x0000000081d00000, 0x0000000081d00000| Complete 
|  29|0x0000000081d00000, 0x0000000081e00000, 0x0000000081e00000|100%|HC|  |TAMS 0x0000000081e00000, 0x0000000081e00000| Complete 
|  30|0x0000000081e00000, 0x0000000081f00000, 0x0000000081f00000|100%|HC|  |TAMS 0x0000000081f00000, 0x0000000081f00000| Complete 
|  31|0x0000000081f00000, 0x0000000082000000, 0x0000000082000000|100%|HS|  |TAMS 0x0000000082000000, 0x0000000082000000| Complete 
|  32|0x0000000082000000, 0x0000000082100000, 0x0000000082100000|100%|HC|  |TAMS 0x0000000082100000, 0x0000000082100000| Complete 
|  33|0x0000000082100000, 0x0000000082200000, 0x0000000082200000|100%| O|  |TAMS 0x0000000082200000, 0x0000000082200000| Untracked 
|  34|0x0000000082200000, 0x0000000082300000, 0x0000000082300000|100%| O|  |TAMS 0x0000000082300000, 0x0000000082300000| Untracked 
|  35|0x0000000082300000, 0x0000000082400000, 0x0000000082400000|100%| O|  |TAMS 0x0000000082400000, 0x0000000082400000| Untracked 
|  36|0x0000000082400000, 0x0000000082500000, 0x0000000082500000|100%| O|  |TAMS 0x0000000082500000, 0x0000000082500000| Untracked 
|  37|0x0000000082500000, 0x0000000082600000, 0x0000000082600000|100%| O|  |TAMS 0x0000000082600000, 0x0000000082600000| Untracked 
|  38|0x0000000082600000, 0x0000000082700000, 0x0000000082700000|100%| O|  |TAMS 0x0000000082700000, 0x0000000082700000| Untracked 
|  39|0x0000000082700000, 0x0000000082800000, 0x0000000082800000|100%| O|  |TAMS 0x0000000082800000, 0x0000000082800000| Untracked 
|  40|0x0000000082800000, 0x0000000082900000, 0x0000000082900000|100%| O|  |TAMS 0x0000000082900000, 0x0000000082900000| Untracked 
|  41|0x0000000082900000, 0x0000000082a00000, 0x0000000082a00000|100%| O|  |TAMS 0x0000000082a00000, 0x0000000082a00000| Untracked 
|  42|0x0000000082a00000, 0x0000000082b00000, 0x0000000082b00000|100%| O|  |TAMS 0x0000000082b00000, 0x0000000082b00000| Untracked 
|  43|0x0000000082b00000, 0x0000000082c00000, 0x0000000082c00000|100%| O|  |TAMS 0x0000000082c00000, 0x0000000082c00000| Untracked 
|  44|0x0000000082c00000, 0x0000000082d00000, 0x0000000082d00000|100%| O|  |TAMS 0x0000000082d00000, 0x0000000082d00000| Untracked 
|  45|0x0000000082d00000, 0x0000000082e00000, 0x0000000082e00000|100%| O|  |TAMS 0x0000000082e00000, 0x0000000082e00000| Untracked 
|  46|0x0000000082e00000, 0x0000000082f00000, 0x0000000082f00000|100%| O|  |TAMS 0x0000000082f00000, 0x0000000082f00000| Untracked 
|  47|0x0000000082f00000, 0x0000000083000000, 0x0000000083000000|100%| O|  |TAMS 0x0000000083000000, 0x0000000083000000| Untracked 
|  48|0x0000000083000000, 0x0000000083100000, 0x0000000083100000|100%| O|  |TAMS 0x0000000083100000, 0x0000000083100000| Untracked 
|  49|0x0000000083100000, 0x0000000083200000, 0x0000000083200000|100%| O|  |TAMS 0x0000000083200000, 0x0000000083200000| Untracked 
|  50|0x0000000083200000, 0x0000000083300000, 0x0000000083300000|100%| O|  |TAMS 0x0000000083300000, 0x0000000083300000| Untracked 
|  51|0x0000000083300000, 0x0000000083400000, 0x0000000083400000|100%| O|  |TAMS 0x0000000083400000, 0x0000000083400000| Untracked 
|  52|0x0000000083400000, 0x0000000083500000, 0x0000000083500000|100%| O|  |TAMS 0x0000000083500000, 0x0000000083500000| Untracked 
|  53|0x0000000083500000, 0x0000000083600000, 0x0000000083600000|100%| O|  |TAMS 0x0000000083600000, 0x0000000083600000| Untracked 
|  54|0x0000000083600000, 0x0000000083700000, 0x0000000083700000|100%| O|  |TAMS 0x0000000083700000, 0x0000000083700000| Untracked 
|  55|0x0000000083700000, 0x0000000083800000, 0x0000000083800000|100%| O|  |TAMS 0x0000000083800000, 0x0000000083800000| Untracked 
|  56|0x0000000083800000, 0x0000000083900000, 0x0000000083900000|100%| O|  |TAMS 0x0000000083900000, 0x0000000083900000| Untracked 
|  57|0x0000000083900000, 0x0000000083a00000, 0x0000000083a00000|100%| O|  |TAMS 0x0000000083a00000, 0x0000000083a00000| Untracked 
|  58|0x0000000083a00000, 0x0000000083b00000, 0x0000000083b00000|100%| O|  |TAMS 0x0000000083b00000, 0x0000000083b00000| Untracked 
|  59|0x0000000083b00000, 0x0000000083c00000, 0x0000000083c00000|100%| O|  |TAMS 0x0000000083c00000, 0x0000000083c00000| Untracked 
|  60|0x0000000083c00000, 0x0000000083d00000, 0x0000000083d00000|100%| O|  |TAMS 0x0000000083d00000, 0x0000000083d00000| Untracked 
|  61|0x0000000083d00000, 0x0000000083e00000, 0x0000000083e00000|100%| O|  |TAMS 0x0000000083e00000, 0x0000000083e00000| Untracked 
|  62|0x0000000083e00000, 0x0000000083f00000, 0x0000000083f00000|100%| O|  |TAMS 0x0000000083f00000, 0x0000000083f00000| Untracked 
|  63|0x0000000083f00000, 0x0000000084000000, 0x0000000084000000|100%| O|  |TAMS 0x0000000084000000, 0x0000000084000000| Untracked 
|  64|0x0000000084000000, 0x0000000084100000, 0x0000000084100000|100%| O|  |TAMS 0x0000000084100000, 0x0000000084100000| Untracked 
|  65|0x0000000084100000, 0x0000000084200000, 0x0000000084200000|100%| O|  |TAMS 0x0000000084200000, 0x0000000084200000| Untracked 
|  66|0x0000000084200000, 0x0000000084300000, 0x0000000084300000|100%| O|  |TAMS 0x0000000084300000, 0x0000000084300000| Untracked 
|  67|0x0000000084300000, 0x0000000084400000, 0x0000000084400000|100%| O|  |TAMS 0x0000000084400000, 0x0000000084400000| Untracked 
|  68|0x0000000084400000, 0x0000000084500000, 0x0000000084500000|100%| O|  |TAMS 0x0000000084500000, 0x0000000084500000| Untracked 
|  69|0x0000000084500000, 0x0000000084600000, 0x0000000084600000|100%| O|  |TAMS 0x0000000084600000, 0x0000000084600000| Untracked 
|  70|0x0000000084600000, 0x0000000084700000, 0x0000000084700000|100%| O|  |TAMS 0x0000000084700000, 0x0000000084700000| Untracked 
|  71|0x0000000084700000, 0x0000000084800000, 0x0000000084800000|100%| O|  |TAMS 0x0000000084800000, 0x0000000084800000| Untracked 
|  72|0x0000000084800000, 0x0000000084900000, 0x0000000084900000|100%| O|  |TAMS 0x0000000084900000, 0x0000000084900000| Untracked 
|  73|0x0000000084900000, 0x0000000084a00000, 0x0000000084a00000|100%| O|  |TAMS 0x0000000084a00000, 0x0000000084a00000| Untracked 
|  74|0x0000000084a00000, 0x0000000084b00000, 0x0000000084b00000|100%| O|  |TAMS 0x0000000084b00000, 0x0000000084b00000| Untracked 
|  75|0x0000000084b00000, 0x0000000084c00000, 0x0000000084c00000|100%| O|  |TAMS 0x0000000084c00000, 0x0000000084c00000| Untracked 
|  76|0x0000000084c00000, 0x0000000084d00000, 0x0000000084d00000|100%| O|  |TAMS 0x0000000084d00000, 0x0000000084d00000| Untracked 
|  77|0x0000000084d00000, 0x0000000084e00000, 0x0000000084e00000|100%| O|  |TAMS 0x0000000084e00000, 0x0000000084e00000| Untracked 
|  78|0x0000000084e00000, 0x0000000084f00000, 0x0000000084f00000|100%| O|  |TAMS 0x0000000084f00000, 0x0000000084f00000| Untracked 
|  79|0x0000000084f00000, 0x0000000085000000, 0x0000000085000000|100%| O|  |TAMS 0x0000000085000000, 0x0000000085000000| Untracked 
|  80|0x0000000085000000, 0x0000000085100000, 0x0000000085100000|100%| O|  |TAMS 0x0000000085100000, 0x0000000085100000| Untracked 
|  81|0x0000000085100000, 0x0000000085200000, 0x0000000085200000|100%| O|  |TAMS 0x0000000085200000, 0x0000000085200000| Untracked 
|  82|0x0000000085200000, 0x0000000085300000, 0x0000000085300000|100%| O|  |TAMS 0x0000000085300000, 0x0000000085300000| Untracked 
|  83|0x0000000085300000, 0x0000000085400000, 0x0000000085400000|100%| O|  |TAMS 0x0000000085400000, 0x0000000085400000| Untracked 
|  84|0x0000000085400000, 0x0000000085500000, 0x0000000085500000|100%| O|  |TAMS 0x0000000085500000, 0x0000000085500000| Untracked 
|  85|0x0000000085500000, 0x0000000085600000, 0x0000000085600000|100%| O|  |TAMS 0x0000000085600000, 0x0000000085600000| Untracked 
|  86|0x0000000085600000, 0x0000000085700000, 0x0000000085700000|100%| O|  |TAMS 0x0000000085700000, 0x0000000085700000| Untracked 
|  87|0x0000000085700000, 0x0000000085800000, 0x0000000085800000|100%| O|  |TAMS 0x0000000085800000, 0x0000000085800000| Untracked 
|  88|0x0000000085800000, 0x0000000085900000, 0x0000000085900000|100%| O|  |TAMS 0x0000000085900000, 0x0000000085900000| Untracked 
|  89|0x0000000085900000, 0x0000000085a00000, 0x0000000085a00000|100%| O|  |TAMS 0x0000000085a00000, 0x0000000085a00000| Untracked 
|  90|0x0000000085a00000, 0x0000000085b00000, 0x0000000085b00000|100%| O|  |TAMS 0x0000000085b00000, 0x0000000085b00000| Untracked 
|  91|0x0000000085b00000, 0x0000000085c00000, 0x0000000085c00000|100%| O|  |TAMS 0x0000000085c00000, 0x0000000085c00000| Untracked 
|  92|0x0000000085c00000, 0x0000000085d00000, 0x0000000085d00000|100%| O|  |TAMS 0x0000000085d00000, 0x0000000085d00000| Untracked 
|  93|0x0000000085d00000, 0x0000000085e00000, 0x0000000085e00000|100%| O|  |TAMS 0x0000000085e00000, 0x0000000085e00000| Untracked 
|  94|0x0000000085e00000, 0x0000000085f00000, 0x0000000085f00000|100%| O|  |TAMS 0x0000000085f00000, 0x0000000085f00000| Untracked 
|  95|0x0000000085f00000, 0x0000000086000000, 0x0000000086000000|100%| O|  |TAMS 0x0000000086000000, 0x0000000086000000| Untracked 
|  96|0x0000000086000000, 0x0000000086100000, 0x0000000086100000|100%| O|  |TAMS 0x0000000086100000, 0x0000000086100000| Untracked 
|  97|0x0000000086100000, 0x0000000086200000, 0x0000000086200000|100%| O|  |TAMS 0x0000000086200000, 0x0000000086200000| Untracked 
|  98|0x0000000086200000, 0x0000000086300000, 0x0000000086300000|100%| O|  |TAMS 0x0000000086300000, 0x0000000086300000| Untracked 
|  99|0x0000000086300000, 0x0000000086400000, 0x0000000086400000|100%| O|  |TAMS 0x0000000086400000, 0x0000000086400000| Untracked 
| 100|0x0000000086400000, 0x0000000086500000, 0x0000000086500000|100%| O|  |TAMS 0x0000000086500000, 0x0000000086500000| Untracked 
| 101|0x0000000086500000, 0x0000000086600000, 0x0000000086600000|100%| O|  |TAMS 0x0000000086600000, 0x0000000086600000| Untracked 
| 102|0x0000000086600000, 0x0000000086700000, 0x0000000086700000|100%| O|  |TAMS 0x0000000086700000, 0x0000000086700000| Untracked 
| 103|0x0000000086700000, 0x0000000086800000, 0x0000000086800000|100%| O|  |TAMS 0x0000000086800000, 0x0000000086800000| Untracked 
| 104|0x0000000086800000, 0x0000000086900000, 0x0000000086900000|100%| O|  |TAMS 0x0000000086900000, 0x0000000086900000| Untracked 
| 105|0x0000000086900000, 0x0000000086a00000, 0x0000000086a00000|100%| O|  |TAMS 0x0000000086a00000, 0x0000000086a00000| Untracked 
| 106|0x0000000086a00000, 0x0000000086b00000, 0x0000000086b00000|100%| O|  |TAMS 0x0000000086b00000, 0x0000000086b00000| Untracked 
| 107|0x0000000086b00000, 0x0000000086c00000, 0x0000000086c00000|100%| O|  |TAMS 0x0000000086c00000, 0x0000000086c00000| Untracked 
| 108|0x0000000086c00000, 0x0000000086d00000, 0x0000000086d00000|100%| O|  |TAMS 0x0000000086d00000, 0x0000000086d00000| Untracked 
| 109|0x0000000086d00000, 0x0000000086e00000, 0x0000000086e00000|100%| O|  |TAMS 0x0000000086e00000, 0x0000000086e00000| Untracked 
| 110|0x0000000086e00000, 0x0000000086f00000, 0x0000000086f00000|100%| O|  |TAMS 0x0000000086f00000, 0x0000000086f00000| Untracked 
| 111|0x0000000086f00000, 0x0000000087000000, 0x0000000087000000|100%| O|  |TAMS 0x0000000087000000, 0x0000000087000000| Untracked 
| 112|0x0000000087000000, 0x0000000087100000, 0x0000000087100000|100%| O|  |TAMS 0x0000000087100000, 0x0000000087100000| Untracked 
| 113|0x0000000087100000, 0x0000000087200000, 0x0000000087200000|100%|HS|  |TAMS 0x0000000087200000, 0x0000000087200000| Complete 
| 114|0x0000000087200000, 0x0000000087300000, 0x0000000087300000|100%| O|  |TAMS 0x0000000087300000, 0x0000000087300000| Untracked 
| 115|0x0000000087300000, 0x0000000087400000, 0x0000000087400000|100%| O|  |TAMS 0x0000000087400000, 0x0000000087400000| Untracked 
| 116|0x0000000087400000, 0x0000000087500000, 0x0000000087500000|100%| O|  |TAMS 0x0000000087500000, 0x0000000087500000| Untracked 
| 117|0x0000000087500000, 0x0000000087600000, 0x0000000087600000|100%| O|  |TAMS 0x0000000087600000, 0x0000000087600000| Untracked 
| 118|0x0000000087600000, 0x0000000087700000, 0x0000000087700000|100%| O|  |TAMS 0x0000000087700000, 0x0000000087700000| Untracked 
| 119|0x0000000087700000, 0x0000000087800000, 0x0000000087800000|100%| O|  |TAMS 0x0000000087800000, 0x0000000087800000| Untracked 
| 120|0x0000000087800000, 0x0000000087900000, 0x0000000087900000|100%| O|  |TAMS 0x0000000087900000, 0x0000000087900000| Untracked 
| 121|0x0000000087900000, 0x0000000087a00000, 0x0000000087a00000|100%| O|  |TAMS 0x0000000087a00000, 0x0000000087a00000| Untracked 
| 122|0x0000000087a00000, 0x0000000087b00000, 0x0000000087b00000|100%| O|  |TAMS 0x0000000087b00000, 0x0000000087b00000| Untracked 
| 123|0x0000000087b00000, 0x0000000087c00000, 0x0000000087c00000|100%| O|  |TAMS 0x0000000087c00000, 0x0000000087c00000| Untracked 
| 124|0x0000000087c00000, 0x0000000087d00000, 0x0000000087d00000|100%| O|  |TAMS 0x0000000087d00000, 0x0000000087d00000| Untracked 
| 125|0x0000000087d00000, 0x0000000087e00000, 0x0000000087e00000|100%| O|  |TAMS 0x0000000087e00000, 0x0000000087e00000| Untracked 
| 126|0x0000000087e00000, 0x0000000087f00000, 0x0000000087f00000|100%| O|  |TAMS 0x0000000087f00000, 0x0000000087f00000| Untracked 
| 127|0x0000000087f00000, 0x0000000088000000, 0x0000000088000000|100%| O|  |TAMS 0x0000000088000000, 0x0000000088000000| Untracked 
| 128|0x0000000088000000, 0x0000000088100000, 0x0000000088100000|100%| O|  |TAMS 0x0000000088100000, 0x0000000088100000| Untracked 
| 129|0x0000000088100000, 0x0000000088200000, 0x0000000088200000|100%| O|  |TAMS 0x0000000088200000, 0x0000000088200000| Untracked 
| 130|0x0000000088200000, 0x0000000088300000, 0x0000000088300000|100%| O|  |TAMS 0x0000000088300000, 0x0000000088300000| Untracked 
| 131|0x0000000088300000, 0x0000000088400000, 0x0000000088400000|100%| O|  |TAMS 0x0000000088400000, 0x0000000088400000| Untracked 
| 132|0x0000000088400000, 0x0000000088500000, 0x0000000088500000|100%| O|  |TAMS 0x00000000884d4200, 0x0000000088500000| Untracked 
| 133|0x0000000088500000, 0x0000000088600000, 0x0000000088600000|100%| O|  |TAMS 0x0000000088500000, 0x0000000088600000| Untracked 
| 134|0x0000000088600000, 0x0000000088700000, 0x0000000088700000|100%| O|  |TAMS 0x0000000088600000, 0x0000000088700000| Untracked 
| 135|0x0000000088700000, 0x0000000088800000, 0x0000000088800000|100%| O|  |TAMS 0x0000000088700000, 0x0000000088800000| Untracked 
| 136|0x0000000088800000, 0x0000000088900000, 0x0000000088900000|100%| O|  |TAMS 0x0000000088800000, 0x0000000088900000| Untracked 
| 137|0x0000000088900000, 0x0000000088a00000, 0x0000000088a00000|100%| O|  |TAMS 0x0000000088900000, 0x0000000088a00000| Untracked 
| 138|0x0000000088a00000, 0x0000000088b00000, 0x0000000088b00000|100%| O|  |TAMS 0x0000000088a00000, 0x0000000088b00000| Untracked 
| 139|0x0000000088b00000, 0x0000000088c00000, 0x0000000088c00000|100%| O|  |TAMS 0x0000000088b00000, 0x0000000088c00000| Untracked 
| 140|0x0000000088c00000, 0x0000000088d00000, 0x0000000088d00000|100%| O|  |TAMS 0x0000000088c00000, 0x0000000088d00000| Untracked 
| 141|0x0000000088d00000, 0x0000000088e00000, 0x0000000088e00000|100%| O|  |TAMS 0x0000000088d00000, 0x0000000088e00000| Untracked 
| 142|0x0000000088e00000, 0x0000000088f00000, 0x0000000088f00000|100%| O|  |TAMS 0x0000000088e00000, 0x0000000088f00000| Untracked 
| 143|0x0000000088f00000, 0x0000000089000000, 0x0000000089000000|100%| O|  |TAMS 0x0000000088f00000, 0x0000000089000000| Untracked 
| 144|0x0000000089000000, 0x0000000089100000, 0x0000000089100000|100%| O|  |TAMS 0x0000000089000000, 0x0000000089100000| Untracked 
| 145|0x0000000089100000, 0x0000000089200000, 0x0000000089200000|100%| O|  |TAMS 0x0000000089100000, 0x0000000089200000| Untracked 
| 146|0x0000000089200000, 0x000000008922f800, 0x0000000089300000| 18%| O|  |TAMS 0x0000000089200000, 0x000000008922f800| Untracked 
| 147|0x0000000089300000, 0x0000000089400000, 0x0000000089400000|100%|HS|  |TAMS 0x0000000089300000, 0x0000000089300000| Complete 
| 148|0x0000000089400000, 0x0000000089500000, 0x0000000089500000|100%|HC|  |TAMS 0x0000000089400000, 0x0000000089400000| Complete 
| 149|0x0000000089500000, 0x0000000089600000, 0x0000000089600000|100%|HC|  |TAMS 0x0000000089500000, 0x0000000089500000| Complete 
| 150|0x0000000089600000, 0x0000000089700000, 0x0000000089700000|100%|HC|  |TAMS 0x0000000089600000, 0x0000000089600000| Complete 
| 151|0x0000000089700000, 0x0000000089800000, 0x0000000089800000|100%|HS|  |TAMS 0x0000000089700000, 0x0000000089700000| Complete 
| 152|0x0000000089800000, 0x0000000089900000, 0x0000000089900000|100%|HC|  |TAMS 0x0000000089800000, 0x0000000089800000| Complete 
| 153|0x0000000089900000, 0x0000000089a00000, 0x0000000089a00000|100%|HC|  |TAMS 0x0000000089900000, 0x0000000089900000| Complete 
| 154|0x0000000089a00000, 0x0000000089b00000, 0x0000000089b00000|100%|HC|  |TAMS 0x0000000089a00000, 0x0000000089a00000| Complete 
| 155|0x0000000089b00000, 0x0000000089c00000, 0x0000000089c00000|100%|HC|  |TAMS 0x0000000089b00000, 0x0000000089b00000| Complete 
| 156|0x0000000089c00000, 0x0000000089d00000, 0x0000000089d00000|100%|HC|  |TAMS 0x0000000089c00000, 0x0000000089c00000| Complete 
| 157|0x0000000089d00000, 0x0000000089e00000, 0x0000000089e00000|100%|HC|  |TAMS 0x0000000089d00000, 0x0000000089d00000| Complete 
| 158|0x0000000089e00000, 0x0000000089f00000, 0x0000000089f00000|100%|HC|  |TAMS 0x0000000089e00000, 0x0000000089e00000| Complete 
| 159|0x0000000089f00000, 0x000000008a000000, 0x000000008a000000|100%|HC|  |TAMS 0x0000000089f00000, 0x0000000089f00000| Complete 
| 160|0x000000008a000000, 0x000000008a100000, 0x000000008a100000|100%|HC|  |TAMS 0x000000008a000000, 0x000000008a000000| Complete 
| 161|0x000000008a100000, 0x000000008a200000, 0x000000008a200000|100%|HC|  |TAMS 0x000000008a100000, 0x000000008a100000| Complete 
| 162|0x000000008a200000, 0x000000008a300000, 0x000000008a300000|100%|HC|  |TAMS 0x000000008a200000, 0x000000008a200000| Complete 
| 163|0x000000008a300000, 0x000000008a400000, 0x000000008a400000|100%|HC|  |TAMS 0x000000008a300000, 0x000000008a300000| Complete 
| 164|0x000000008a400000, 0x000000008a500000, 0x000000008a500000|100%|HC|  |TAMS 0x000000008a400000, 0x000000008a400000| Complete 
| 165|0x000000008a500000, 0x000000008a600000, 0x000000008a600000|100%|HC|  |TAMS 0x000000008a500000, 0x000000008a500000| Complete 
| 166|0x000000008a600000, 0x000000008a700000, 0x000000008a700000|100%|HC|  |TAMS 0x000000008a600000, 0x000000008a600000| Complete 
| 167|0x000000008a700000, 0x000000008a800000, 0x000000008a800000|100%|HC|  |TAMS 0x000000008a700000, 0x000000008a700000| Complete 
| 168|0x000000008a800000, 0x000000008a900000, 0x000000008a900000|100%|HC|  |TAMS 0x000000008a800000, 0x000000008a800000| Complete 
| 169|0x000000008a900000, 0x000000008aa00000, 0x000000008aa00000|100%|HC|  |TAMS 0x000000008a900000, 0x000000008a900000| Complete 
| 170|0x000000008aa00000, 0x000000008ab00000, 0x000000008ab00000|100%|HC|  |TAMS 0x000000008aa00000, 0x000000008aa00000| Complete 
| 171|0x000000008ab00000, 0x000000008ac00000, 0x000000008ac00000|100%|HC|  |TAMS 0x000000008ab00000, 0x000000008ab00000| Complete 
| 172|0x000000008ac00000, 0x000000008ad00000, 0x000000008ad00000|100%|HC|  |TAMS 0x000000008ac00000, 0x000000008ac00000| Complete 
| 173|0x000000008ad00000, 0x000000008ae00000, 0x000000008ae00000|100%|HC|  |TAMS 0x000000008ad00000, 0x000000008ad00000| Complete 
| 174|0x000000008ae00000, 0x000000008af00000, 0x000000008af00000|100%|HC|  |TAMS 0x000000008ae00000, 0x000000008ae00000| Complete 
| 175|0x000000008af00000, 0x000000008b000000, 0x000000008b000000|100%|HC|  |TAMS 0x000000008af00000, 0x000000008af00000| Complete 
| 176|0x000000008b000000, 0x000000008b100000, 0x000000008b100000|100%|HC|  |TAMS 0x000000008b000000, 0x000000008b000000| Complete 
| 177|0x000000008b100000, 0x000000008b200000, 0x000000008b200000|100%|HC|  |TAMS 0x000000008b100000, 0x000000008b100000| Complete 
| 178|0x000000008b200000, 0x000000008b300000, 0x000000008b300000|100%|HC|  |TAMS 0x000000008b200000, 0x000000008b200000| Complete 
| 179|0x000000008b300000, 0x000000008b400000, 0x000000008b400000|100%|HC|  |TAMS 0x000000008b300000, 0x000000008b300000| Complete 
| 180|0x000000008b400000, 0x000000008b500000, 0x000000008b500000|100%|HC|  |TAMS 0x000000008b400000, 0x000000008b400000| Complete 
| 181|0x000000008b500000, 0x000000008b600000, 0x000000008b600000|100%|HC|  |TAMS 0x000000008b500000, 0x000000008b500000| Complete 
| 182|0x000000008b600000, 0x000000008b700000, 0x000000008b700000|100%|HC|  |TAMS 0x000000008b600000, 0x000000008b600000| Complete 
| 183|0x000000008b700000, 0x000000008b800000, 0x000000008b800000|100%|HC|  |TAMS 0x000000008b700000, 0x000000008b700000| Complete 
| 184|0x000000008b800000, 0x000000008b900000, 0x000000008b900000|100%|HS|  |TAMS 0x000000008b800000, 0x000000008b800000| Complete 
| 185|0x000000008b900000, 0x000000008ba00000, 0x000000008ba00000|100%|HC|  |TAMS 0x000000008b900000, 0x000000008b900000| Complete 
| 186|0x000000008ba00000, 0x000000008bb00000, 0x000000008bb00000|100%|HC|  |TAMS 0x000000008ba00000, 0x000000008ba00000| Complete 
| 187|0x000000008bb00000, 0x000000008bc00000, 0x000000008bc00000|100%|HC|  |TAMS 0x000000008bb00000, 0x000000008bb00000| Complete 
| 188|0x000000008bc00000, 0x000000008bd00000, 0x000000008bd00000|100%|HC|  |TAMS 0x000000008bc00000, 0x000000008bc00000| Complete 
| 189|0x000000008bd00000, 0x000000008bd00000, 0x000000008be00000|  0%| F|  |TAMS 0x000000008bd00000, 0x000000008bd00000| Untracked 
| 190|0x000000008be00000, 0x000000008be00000, 0x000000008bf00000|  0%| F|  |TAMS 0x000000008be00000, 0x000000008be00000| Untracked 
| 191|0x000000008bf00000, 0x000000008bf00000, 0x000000008c000000|  0%| F|  |TAMS 0x000000008bf00000, 0x000000008bf00000| Untracked 
| 192|0x000000008c000000, 0x000000008c000000, 0x000000008c100000|  0%| F|  |TAMS 0x000000008c000000, 0x000000008c000000| Untracked 
| 193|0x000000008c100000, 0x000000008c100000, 0x000000008c200000|  0%| F|  |TAMS 0x000000008c100000, 0x000000008c100000| Untracked 
| 194|0x000000008c200000, 0x000000008c2e5080, 0x000000008c300000| 89%| S|CS|TAMS 0x000000008c200000, 0x000000008c200000| Complete 
| 195|0x000000008c300000, 0x000000008c400000, 0x000000008c400000|100%| S|CS|TAMS 0x000000008c300000, 0x000000008c300000| Complete 
| 196|0x000000008c400000, 0x000000008c500000, 0x000000008c500000|100%| S|CS|TAMS 0x000000008c400000, 0x000000008c400000| Complete 
| 197|0x000000008c500000, 0x000000008c600000, 0x000000008c600000|100%|HS|  |TAMS 0x000000008c500000, 0x000000008c500000| Complete 
| 198|0x000000008c600000, 0x000000008c700000, 0x000000008c700000|100%|HC|  |TAMS 0x000000008c600000, 0x000000008c600000| Complete 
| 199|0x000000008c700000, 0x000000008c800000, 0x000000008c800000|100%|HC|  |TAMS 0x000000008c700000, 0x000000008c700000| Complete 
| 200|0x000000008c800000, 0x000000008c900000, 0x000000008c900000|100%|HC|  |TAMS 0x000000008c800000, 0x000000008c800000| Complete 
| 201|0x000000008c900000, 0x000000008ca00000, 0x000000008ca00000|100%|HC|  |TAMS 0x000000008c900000, 0x000000008c900000| Complete 
| 202|0x000000008ca00000, 0x000000008cb00000, 0x000000008cb00000|100%|HC|  |TAMS 0x000000008ca00000, 0x000000008ca00000| Complete 
| 203|0x000000008cb00000, 0x000000008cc00000, 0x000000008cc00000|100%|HC|  |TAMS 0x000000008cb00000, 0x000000008cb00000| Complete 
| 204|0x000000008cc00000, 0x000000008cd00000, 0x000000008cd00000|100%|HC|  |TAMS 0x000000008cc00000, 0x000000008cc00000| Complete 
| 205|0x000000008cd00000, 0x000000008ce00000, 0x000000008ce00000|100%|HC|  |TAMS 0x000000008cd00000, 0x000000008cd00000| Complete 
| 206|0x000000008ce00000, 0x000000008cf00000, 0x000000008cf00000|100%|HC|  |TAMS 0x000000008ce00000, 0x000000008ce00000| Complete 
| 207|0x000000008cf00000, 0x000000008d000000, 0x000000008d000000|100%|HC|  |TAMS 0x000000008cf00000, 0x000000008cf00000| Complete 
| 208|0x000000008d000000, 0x000000008d100000, 0x000000008d100000|100%|HC|  |TAMS 0x000000008d000000, 0x000000008d000000| Complete 
| 209|0x000000008d100000, 0x000000008d200000, 0x000000008d200000|100%|HC|  |TAMS 0x000000008d100000, 0x000000008d100000| Complete 
| 210|0x000000008d200000, 0x000000008d300000, 0x000000008d300000|100%|HC|  |TAMS 0x000000008d200000, 0x000000008d200000| Complete 
| 211|0x000000008d300000, 0x000000008d300000, 0x000000008d400000|  0%| F|  |TAMS 0x000000008d300000, 0x000000008d300000| Untracked 
| 212|0x000000008d400000, 0x000000008d400000, 0x000000008d500000|  0%| F|  |TAMS 0x000000008d400000, 0x000000008d400000| Untracked 
| 213|0x000000008d500000, 0x000000008d500000, 0x000000008d600000|  0%| F|  |TAMS 0x000000008d500000, 0x000000008d500000| Untracked 
| 214|0x000000008d600000, 0x000000008d600000, 0x000000008d700000|  0%| F|  |TAMS 0x000000008d600000, 0x000000008d600000| Untracked 
| 215|0x000000008d700000, 0x000000008d700000, 0x000000008d800000|  0%| F|  |TAMS 0x000000008d700000, 0x000000008d700000| Untracked 
| 216|0x000000008d800000, 0x000000008d800000, 0x000000008d900000|  0%| F|  |TAMS 0x000000008d800000, 0x000000008d800000| Untracked 
| 217|0x000000008d900000, 0x000000008da00000, 0x000000008da00000|100%| E|  |TAMS 0x000000008d900000, 0x000000008d900000| Complete 
| 218|0x000000008da00000, 0x000000008db00000, 0x000000008db00000|100%| E|CS|TAMS 0x000000008da00000, 0x000000008da00000| Complete 
| 219|0x000000008db00000, 0x000000008dc00000, 0x000000008dc00000|100%| E|CS|TAMS 0x000000008db00000, 0x000000008db00000| Complete 

Card table byte_map: [0x0000021e22830000,0x0000021e22c30000] _byte_map_base: 0x0000021e22430000

Marking Bits (Prev, Next): (CMBitMap*) 0x0000021e0ac7c4b0, (CMBitMap*) 0x0000021e0ac7c478
 Prev Bits: [0x0000021e25030000, 0x0000021e27030000)
 Next Bits: [0x0000021e23030000, 0x0000021e25030000)

Polling page: 0x0000021e0a410000

Metaspace:

Usage:
  Non-class:     75.57 MB capacity,    74.15 MB ( 98%) used,     1.18 MB (  2%) free+waste,   245.19 KB ( <1%) overhead. 
      Class:     11.50 MB capacity,    10.73 MB ( 93%) used,   676.33 KB (  6%) free+waste,   109.31 KB ( <1%) overhead. 
       Both:     87.06 MB capacity,    84.88 MB ( 97%) used,     1.84 MB (  2%) free+waste,   354.50 KB ( <1%) overhead. 

Virtual space:
  Non-class space:       76.00 MB reserved,      75.95 MB (>99%) committed 
      Class space:        1.00 GB reserved,      11.75 MB (  1%) committed 
             Both:        1.07 GB reserved,      87.70 MB (  8%) committed 

Chunk freelists:
   Non-Class:  24.88 KB
       Class:  20.38 KB
        Both:  45.25 KB

CodeHeap 'non-profiled nmethods': size=120000Kb used=7725Kb max_used=7725Kb free=112274Kb
 bounds [0x0000021e1abc0000, 0x0000021e1b350000, 0x0000021e220f0000]
CodeHeap 'profiled nmethods': size=120000Kb used=25284Kb max_used=25284Kb free=94715Kb
 bounds [0x0000021e13690000, 0x0000021e14f50000, 0x0000021e1abc0000]
CodeHeap 'non-nmethods': size=5760Kb used=2289Kb max_used=2352Kb free=3470Kb
 bounds [0x0000021e130f0000, 0x0000021e13360000, 0x0000021e13690000]
 total_blobs=12498 nmethods=11601 adapters=808
 compilation: enabled
              stopped_count=0, restarted_count=0
 full_count=0

Compilation events (10 events):
Event: 14.768 Thread 0x0000021e29abc800 11653       3       com.google.common.reflect.Types::toArray (19 bytes)
Event: 14.768 Thread 0x0000021e29abc800 nmethod 11653 0x0000021e14f35990 code [0x0000021e14f35b60, 0x0000021e14f35f58]
Event: 14.768 Thread 0x0000021e29abc800 11654       3       com.google.common.collect.RegularImmutableList::copyIntoArray (21 bytes)
Event: 14.768 Thread 0x0000021e29abc800 nmethod 11654 0x0000021e14f36090 code [0x0000021e14f36240, 0x0000021e14f364e8]
Event: 14.768 Thread 0x0000021e29abc800 11584       3       sun.nio.ch.FileDispatcherImpl::size (5 bytes)
Event: 14.768 Thread 0x0000021e29abc800 nmethod 11584 0x0000021e14f36590 code [0x0000021e14f36740, 0x0000021e14f36868]
Event: 14.768 Thread 0x0000021e29ab0000 nmethod 11619 0x0000021e1b343390 code [0x0000021e1b343540, 0x0000021e1b343e98]
Event: 14.768 Thread 0x0000021e29ab0000 11648   !   4       jdk.internal.math.FloatingDecimal::readJavaFormatString (826 bytes)
Event: 14.769 Thread 0x0000021e29abc800 11663       3       java.lang.Class::isMemberClass (20 bytes)
Event: 14.769 Thread 0x0000021e29abc800 nmethod 11663 0x0000021e14f36910 code [0x0000021e14f36ae0, 0x0000021e14f36e08]

GC Heap History (10 events):
Event: 13.216 GC heap before
{Heap before GC invocations=25 (full 0):
 garbage-first heap   total 187392K, used 134347K [0x0000000080000000, 0x0000000100000000)
  region size 1024K, 33 young (33792K), 8 survivors (8192K)
 Metaspace       used 85333K, capacity 87513K, committed 88140K, reserved 1126400K
  class space    used 10848K, capacity 11665K, committed 11904K, reserved 1048576K
}
Event: 13.226 GC heap after
{Heap after GC invocations=26 (full 0):
 garbage-first heap   total 187392K, used 119406K [0x0000000080000000, 0x0000000100000000)
  region size 1024K, 6 young (6144K), 6 survivors (6144K)
 Metaspace       used 85333K, capacity 87513K, committed 88140K, reserved 1126400K
  class space    used 10848K, capacity 11665K, committed 11904K, reserved 1048576K
}
Event: 13.607 GC heap before
{Heap before GC invocations=27 (full 0):
 garbage-first heap   total 187392K, used 150126K [0x0000000080000000, 0x0000000100000000)
  region size 1024K, 34 young (34816K), 6 survivors (6144K)
 Metaspace       used 85341K, capacity 87513K, committed 88140K, reserved 1126400K
  class space    used 10848K, capacity 11665K, committed 11904K, reserved 1048576K
}
Event: 13.622 GC heap after
{Heap after GC invocations=28 (full 0):
 garbage-first heap   total 225280K, used 132351K [0x0000000080000000, 0x0000000100000000)
  region size 1024K, 5 young (5120K), 5 survivors (5120K)
 Metaspace       used 85341K, capacity 87513K, committed 88140K, reserved 1126400K
  class space    used 10848K, capacity 11665K, committed 11904K, reserved 1048576K
}
Event: 14.104 GC heap before
{Heap before GC invocations=28 (full 0):
 garbage-first heap   total 225280K, used 169215K [0x0000000080000000, 0x0000000100000000)
  region size 1024K, 41 young (41984K), 5 survivors (5120K)
 Metaspace       used 85352K, capacity 87513K, committed 88140K, reserved 1126400K
  class space    used 10848K, capacity 11665K, committed 11904K, reserved 1048576K
}
Event: 14.114 GC heap after
{Heap after GC invocations=29 (full 0):
 garbage-first heap   total 225280K, used 142160K [0x0000000080000000, 0x0000000100000000)
  region size 1024K, 6 young (6144K), 6 survivors (6144K)
 Metaspace       used 85352K, capacity 87513K, committed 88140K, reserved 1126400K
  class space    used 10848K, capacity 11665K, committed 11904K, reserved 1048576K
}
Event: 14.607 GC heap before
{Heap before GC invocations=30 (full 0):
 garbage-first heap   total 225280K, used 174928K [0x0000000080000000, 0x0000000100000000)
  region size 1024K, 38 young (38912K), 6 survivors (6144K)
 Metaspace       used 85810K, capacity 87992K, committed 88652K, reserved 1126400K
  class space    used 10873K, capacity 11671K, committed 11904K, reserved 1048576K
}
Event: 14.615 GC heap after
{Heap after GC invocations=31 (full 0):
 garbage-first heap   total 225280K, used 149135K [0x0000000080000000, 0x0000000100000000)
  region size 1024K, 5 young (5120K), 5 survivors (5120K)
 Metaspace       used 85810K, capacity 87992K, committed 88652K, reserved 1126400K
  class space    used 10873K, capacity 11671K, committed 11904K, reserved 1048576K
}
Event: 14.746 GC heap before
{Heap before GC invocations=31 (full 0):
 garbage-first heap   total 225280K, used 170639K [0x0000000080000000, 0x0000000100000000)
  region size 1024K, 28 young (28672K), 5 survivors (5120K)
 Metaspace       used 86818K, capacity 89054K, committed 89548K, reserved 1126400K
  class space    used 10978K, capacity 11766K, committed 12032K, reserved 1048576K
}
Event: 14.753 GC heap after
{Heap after GC invocations=32 (full 0):
 garbage-first heap   total 225280K, used 152658K [0x0000000080000000, 0x0000000100000000)
  region size 1024K, 3 young (3072K), 3 survivors (3072K)
 Metaspace       used 86818K, capacity 89054K, committed 89548K, reserved 1126400K
  class space    used 10978K, capacity 11766K, committed 12032K, reserved 1048576K
}

Deoptimization events (10 events):
Event: 14.683 Thread 0x0000021e31a13000 Uncommon trap: reason=array_check action=maybe_recompile pc=0x0000021e1b33a14c method=java.util.TimSort.binarySort([Ljava/lang/Object;IIILjava/util/Comparator;)V @ 193 c2
Event: 14.683 Thread 0x0000021e31a13000 Uncommon trap: reason=array_check action=maybe_recompile pc=0x0000021e1b33a14c method=java.util.TimSort.binarySort([Ljava/lang/Object;IIILjava/util/Comparator;)V @ 193 c2
Event: 14.696 Thread 0x0000021e31a13000 Uncommon trap: reason=unstable_if action=reinterpret pc=0x0000021e1aca8c28 method=java.lang.Integer.stringSize(I)I @ 19 c2
Event: 14.708 Thread 0x0000021e31a13000 Uncommon trap: reason=unstable_if action=reinterpret pc=0x0000021e1aca7d98 method=java.lang.Integer.stringSize(I)I @ 19 c2
Event: 14.717 Thread 0x0000021e31a17000 Uncommon trap: reason=unstable_if action=reinterpret pc=0x0000021e1b2c3750 method=org.apache.xerces.impl.XMLEntityScanner.skipSpaces()Z @ 70 c2
Event: 14.717 Thread 0x0000021e31a17000 Uncommon trap: reason=unstable_if action=reinterpret pc=0x0000021e1b23c71c method=org.apache.xerces.util.XMLAttributesImpl.addAttributeNS(Lorg/apache/xerces/xni/QName;Ljava/lang/String;Ljava/lang/String;)V @ 22 c2
Event: 14.717 Thread 0x0000021e31a17000 Uncommon trap: reason=bimorphic_or_optimized_type_check action=maybe_recompile pc=0x0000021e1b204878 method=org.apache.xerces.dom.NamedNodeMapImpl.findNamePoint(Ljava/lang/String;I)I @ 50 c2
Event: 14.717 Thread 0x0000021e31a18000 Uncommon trap: reason=bimorphic_or_optimized_type_check action=maybe_recompile pc=0x0000021e1b204878 method=org.apache.xerces.dom.NamedNodeMapImpl.findNamePoint(Ljava/lang/String;I)I @ 50 c2
Event: 14.717 Thread 0x0000021e31a19800 Uncommon trap: reason=bimorphic_or_optimized_type_check action=maybe_recompile pc=0x0000021e1b204878 method=org.apache.xerces.dom.NamedNodeMapImpl.findNamePoint(Ljava/lang/String;I)I @ 50 c2
Event: 14.719 Thread 0x0000021e31a18000 Uncommon trap: reason=unstable_if action=reinterpret pc=0x0000021e1b327c24 method=java.util.regex.Pattern$GroupTail.match(Ljava/util/regex/Matcher;ILjava/lang/CharSequence;)Z @ 73 c2

Classes redefined (0 events):
No events

Internal exceptions (10 events):
Event: 14.678 Thread 0x0000021e31a13000 Exception <a 'java/lang/NoSuchMethodError'{0x000000008ce8c910}: static [Lcom/android/ide/common/resources/configuration/ResourceQualifier;.<clinit>()V> (0x000000008ce8c910) thrown at [./open/src/hotspot/share/prims/jni.cpp, line 1366]
Event: 14.679 Thread 0x0000021e31a13000 Exception <a 'java/lang/NoSuchMethodError'{0x000000008cebe7b8}: static Lcom/android/ide/common/resources/configuration/EnumBasedResourceQualifier;.<clinit>()V> (0x000000008cebe7b8) thrown at [./open/src/hotspot/share/prims/jni.cpp, line 1366]
Event: 14.679 Thread 0x0000021e31a13000 Exception <a 'java/lang/NoSuchMethodError'{0x000000008cec1c78}: static Lcom/android/ide/common/resources/configuration/EnumBasedResourceQualifier;.<clinit>()V> (0x000000008cec1c78) thrown at [./open/src/hotspot/share/prims/jni.cpp, line 1366]
Event: 14.679 Thread 0x0000021e31a13000 Exception <a 'java/lang/NoSuchMethodError'{0x000000008cec4938}: static Lcom/android/ide/common/resources/configuration/ResourceQualifier;.<clinit>()V> (0x000000008cec4938) thrown at [./open/src/hotspot/share/prims/jni.cpp, line 1366]
Event: 14.680 Thread 0x0000021e31a13000 Exception <a 'java/lang/NoSuchMethodError'{0x000000008cedc988}: static Lcom/android/ide/common/resources/configuration/EnumBasedResourceQualifier;.<clinit>()V> (0x000000008cedc988) thrown at [./open/src/hotspot/share/prims/jni.cpp, line 1366]
Event: 14.681 Thread 0x0000021e31a13000 Exception <a 'java/lang/NoSuchMethodError'{0x000000008cef3338}: static Lcom/android/ide/common/resources/configuration/NightModeQualifier;.<clinit>()V> (0x000000008cef3338) thrown at [./open/src/hotspot/share/prims/jni.cpp, line 1366]
Event: 14.681 Thread 0x0000021e31a13000 Exception <a 'java/lang/NoSuchMethodError'{0x000000008cd09928}: static Lcom/android/ide/common/resources/configuration/EnumBasedResourceQualifier;.<clinit>()V> (0x000000008cd09928) thrown at [./open/src/hotspot/share/prims/jni.cpp, line 1366]
Event: 14.682 Thread 0x0000021e31a13000 Exception <a 'java/lang/NoSuchMethodError'{0x000000008cd1e3e0}: static Lcom/android/ide/common/resources/configuration/ResourceQualifier;.<clinit>()V> (0x000000008cd1e3e0) thrown at [./open/src/hotspot/share/prims/jni.cpp, line 1366]
Event: 14.683 Thread 0x0000021e31a13000 Exception <a 'java/lang/NoSuchMethodError'{0x000000008cd40730}: static Lcom/android/build/gradle/tasks/MergeResources$MergeResourcesVectorDrawableRenderer;.<clinit>()V> (0x000000008cd40730) thrown at [./open/src/hotspot/share/prims/jni.cpp, line 1366]
Event: 14.684 Thread 0x0000021e31a13000 Exception <a 'java/lang/NoSuchMethodError'{0x000000008cd53358}: static Lcom/android/build/gradle/internal/LoggerWrapper$LoggerSupplier;.<clinit>()V> (0x000000008cd53358) thrown at [./open/src/hotspot/share/prims/jni.cpp, line 1366]

Events (10 events):
Event: 14.760 Thread 0x0000021e31a16800 DEOPT UNPACKING pc=0x0000021e13116dde sp=0x000000b9454fc760 mode 0
Event: 14.761 Thread 0x0000021e31a16800 DEOPT PACKING pc=0x0000021e14ec6e72 sp=0x000000b9454fd230
Event: 14.761 Thread 0x0000021e31a16800 DEOPT UNPACKING pc=0x0000021e13116dde sp=0x000000b9454fc760 mode 0
Event: 14.762 Thread 0x0000021e31a15800 DEOPT PACKING pc=0x0000021e14ec6e72 sp=0x000000b9457fcfe0
Event: 14.762 Thread 0x0000021e31a15800 DEOPT UNPACKING pc=0x0000021e13116dde sp=0x000000b9457fc510 mode 0
Event: 14.769 loading class java/awt/Toolkit$4
Event: 14.769 loading class sun/awt/AWTAccessor$ToolkitAccessor
Event: 14.769 loading class sun/awt/AWTAccessor$ToolkitAccessor done
Event: 14.769 loading class java/awt/Toolkit$4 done
Event: 14.769 loading class sun/awt/AWTAccessor


Dynamic libraries:
0x00007ff741f30000 - 0x00007ff741f3f000 	C:\Program Files\Java\jdk-11.0.12\bin\java.exe
0x00007ffa993a0000 - 0x00007ffa99590000 	C:\Windows\SYSTEM32\ntdll.dll
0x00007ffa992a0000 - 0x00007ffa99352000 	C:\Windows\System32\KERNEL32.DLL
0x00007ffa96340000 - 0x00007ffa965e5000 	C:\Windows\System32\KERNELBASE.dll
0x00007ffa971f0000 - 0x00007ffa972ea000 	C:\Windows\System32\ucrtbase.dll
0x00007ffa926d0000 - 0x00007ffa926e8000 	C:\Program Files\Java\jdk-11.0.12\bin\jli.dll
0x00007ffa92440000 - 0x00007ffa92455000 	C:\Program Files\Java\jdk-11.0.12\bin\VCRUNTIME140.dll
0x00007ffa97450000 - 0x00007ffa974f3000 	C:\Windows\System32\ADVAPI32.dll
0x00007ffa983e0000 - 0x00007ffa9847e000 	C:\Windows\System32\msvcrt.dll
0x00007ffa982d0000 - 0x00007ffa98367000 	C:\Windows\System32\sechost.dll
0x00007ffa97ad0000 - 0x00007ffa97bef000 	C:\Windows\System32\RPCRT4.dll
0x00007ffa98080000 - 0x00007ffa98214000 	C:\Windows\System32\USER32.dll
0x00007ffa96310000 - 0x00007ffa96331000 	C:\Windows\System32\win32u.dll
0x00007ffa98dd0000 - 0x00007ffa98df6000 	C:\Windows\System32\GDI32.dll
0x00007ffa96e50000 - 0x00007ffa96fe8000 	C:\Windows\System32\gdi32full.dll
0x00007ffa97010000 - 0x00007ffa970ae000 	C:\Windows\System32\msvcp_win.dll
0x00007ffa84330000 - 0x00007ffa845b4000 	C:\Windows\WinSxS\amd64_microsoft.windows.common-controls_6595b64144ccf1df_6.0.18362.1556_none_9e7e372fe45e41d5\COMCTL32.dll
0x00007ffa97ce0000 - 0x00007ffa98016000 	C:\Windows\System32\combase.dll
0x00007ffa970b0000 - 0x00007ffa97131000 	C:\Windows\System32\bcryptPrimitives.dll
0x00007ffa8e010000 - 0x00007ffa8e01a000 	C:\Windows\SYSTEM32\VERSION.dll
0x00007ffa982a0000 - 0x00007ffa982ce000 	C:\Windows\System32\IMM32.DLL
0x00007ffa897c0000 - 0x00007ffa8985b000 	C:\Program Files\Java\jdk-11.0.12\bin\msvcp140.dll
0x00007ffa57030000 - 0x00007ffa57b2f000 	C:\Program Files\Java\jdk-11.0.12\bin\server\jvm.dll
0x00007ffa98e00000 - 0x00007ffa98e08000 	C:\Windows\System32\PSAPI.DLL
0x00007ffa92600000 - 0x00007ffa92624000 	C:\Windows\SYSTEM32\WINMM.dll
0x00007ffa91560000 - 0x00007ffa91569000 	C:\Windows\SYSTEM32\WSOCK32.dll
0x00007ffa98370000 - 0x00007ffa983df000 	C:\Windows\System32\WS2_32.dll
0x00007ffa925d0000 - 0x00007ffa925fd000 	C:\Windows\SYSTEM32\WINMMBASE.dll
0x00007ffa971a0000 - 0x00007ffa971ea000 	C:\Windows\System32\cfgmgr32.dll
0x00007ffa96260000 - 0x00007ffa96271000 	C:\Windows\System32\kernel.appcore.dll
0x00007ffa91520000 - 0x00007ffa91530000 	C:\Program Files\Java\jdk-11.0.12\bin\verify.dll
0x00007ffa822c0000 - 0x00007ffa824b4000 	C:\Windows\SYSTEM32\DBGHELP.DLL
0x00007ffa681f0000 - 0x00007ffa6821a000 	C:\Windows\SYSTEM32\dbgcore.DLL
0x00007ffa909d0000 - 0x00007ffa909f8000 	C:\Program Files\Java\jdk-11.0.12\bin\java.dll
0x00007ffa91510000 - 0x00007ffa9151a000 	C:\Program Files\Java\jdk-11.0.12\bin\jimage.dll
0x00007ffa909b0000 - 0x00007ffa909c6000 	C:\Program Files\Java\jdk-11.0.12\bin\zip.dll
0x00007ffa98560000 - 0x00007ffa98c47000 	C:\Windows\System32\SHELL32.dll
0x00007ffa98d20000 - 0x00007ffa98dc8000 	C:\Windows\System32\shcore.dll
0x00007ffa966a0000 - 0x00007ffa96e1b000 	C:\Windows\System32\windows.storage.dll
0x00007ffa962f0000 - 0x00007ffa9630e000 	C:\Windows\System32\profapi.dll
0x00007ffa96280000 - 0x00007ffa962ca000 	C:\Windows\System32\powrprof.dll
0x00007ffa96250000 - 0x00007ffa96260000 	C:\Windows\System32\UMPDC.dll
0x00007ffa98020000 - 0x00007ffa98072000 	C:\Windows\System32\shlwapi.dll
0x00007ffa96ff0000 - 0x00007ffa97007000 	C:\Windows\System32\cryptsp.dll
0x00007ffa90990000 - 0x00007ffa909a9000 	C:\Program Files\Java\jdk-11.0.12\bin\net.dll
0x00007ffa885d0000 - 0x00007ffa886ca000 	C:\Windows\SYSTEM32\WINHTTP.dll
0x00007ffa95a90000 - 0x00007ffa95af7000 	C:\Windows\system32\mswsock.dll
0x00007ffa90860000 - 0x00007ffa90872000 	C:\Program Files\Java\jdk-11.0.12\bin\nio.dll
0x00007ffa8e550000 - 0x00007ffa8e577000 	C:\Users\OmarTaha\.gradle\native\8bec1ad78214c89d9ad589b4d07fe93259594b29d510b10fafb7a158f7737e5d\windows-amd64\native-platform.dll
0x00007ffa8b2c0000 - 0x00007ffa8b3fd000 	C:\Users\OmarTaha\.gradle\native\53dbd7edfb1c66fb8903c78663c9afc45aea4f116125fa6feffd364cf09443e8\windows-amd64\native-platform-file-events.dll
0x00007ffa90850000 - 0x00007ffa90859000 	C:\Program Files\Java\jdk-11.0.12\bin\management.dll
0x00007ffa90840000 - 0x00007ffa9084b000 	C:\Program Files\Java\jdk-11.0.12\bin\management_ext.dll
0x00007ffa95610000 - 0x00007ffa95643000 	C:\Windows\system32\rsaenh.dll
0x00007ffa96e20000 - 0x00007ffa96e46000 	C:\Windows\System32\bcrypt.dll
0x00007ffa96170000 - 0x00007ffa96195000 	C:\Windows\SYSTEM32\USERENV.dll
0x00007ffa95c60000 - 0x00007ffa95c6c000 	C:\Windows\SYSTEM32\CRYPTBASE.dll
0x00007ffa957a0000 - 0x00007ffa957da000 	C:\Windows\SYSTEM32\IPHLPAPI.DLL
0x00007ffa98230000 - 0x00007ffa98238000 	C:\Windows\System32\NSI.dll
0x00007ffa8f430000 - 0x00007ffa8f446000 	C:\Windows\SYSTEM32\dhcpcsvc6.DLL
0x00007ffa8fb60000 - 0x00007ffa8fb7c000 	C:\Windows\SYSTEM32\dhcpcsvc.DLL
0x00007ffa957e0000 - 0x00007ffa958ab000 	C:\Windows\SYSTEM32\DNSAPI.dll
0x00007ffa63380000 - 0x00007ffa6351a000 	C:\Program Files\Java\jdk-11.0.12\bin\awt.dll
0x00007ffa97850000 - 0x00007ffa97915000 	C:\Windows\System32\OLEAUT32.dll
0x00007ffa93ae0000 - 0x00007ffa93b6f000 	C:\Windows\SYSTEM32\apphelp.dll

dbghelp: loaded successfully - version: 4.0.5 - missing functions: none
symbol engine: initialized successfully - sym options: 0x614 - pdb path: .;C:\Program Files\Java\jdk-11.0.12\bin;C:\Windows\SYSTEM32;C:\Windows\WinSxS\amd64_microsoft.windows.common-controls_6595b64144ccf1df_6.0.18362.1556_none_9e7e372fe45e41d5;C:\Program Files\Java\jdk-11.0.12\bin\server;C:\Users\OmarTaha\.gradle\native\8bec1ad78214c89d9ad589b4d07fe93259594b29d510b10fafb7a158f7737e5d\windows-amd64;C:\Users\OmarTaha\.gradle\native\53dbd7edfb1c66fb8903c78663c9afc45aea4f116125fa6feffd364cf09443e8\windows-amd64

VM Arguments:
jvm_args: --add-opens=java.base/java.util=ALL-UNNAMED --add-opens=java.base/java.lang=ALL-UNNAMED --add-opens=java.base/java.lang.invoke=ALL-UNNAMED --add-opens=java.base/java.util=ALL-UNNAMED --add-opens=java.prefs/java.util.prefs=ALL-UNNAMED --add-opens=java.prefs/java.util.prefs=ALL-UNNAMED --add-opens=java.base/java.nio.charset=ALL-UNNAMED --add-opens=java.base/java.net=ALL-UNNAMED --add-opens=java.base/java.util.concurrent.atomic=ALL-UNNAMED -Xmx2048m -Dfile.encoding=windows-1252 -Duser.country=US -Duser.language=en -Duser.variant 
java_command: org.gradle.launcher.daemon.bootstrap.GradleDaemon 7.1-rc-1
java_class_path (initial): C:\Users\OmarTaha\.gradle\wrapper\dists\gradle-7.1-rc-1-bin\89hqeppvp8dbb4pzs5e0rkzxn\gradle-7.1-rc-1\lib\gradle-launcher-7.1.jar
Launcher Type: SUN_STANDARD

[Global flags]
     intx CICompilerCount                          = 4                                         {product} {ergonomic}
     uint ConcGCThreads                            = 2                                         {product} {ergonomic}
     uint G1ConcRefinementThreads                  = 8                                         {product} {ergonomic}
   size_t G1HeapRegionSize                         = 1048576                                   {product} {ergonomic}
    uintx GCDrainStackTargetSize                   = 64                                        {product} {ergonomic}
   size_t InitialHeapSize                          = 132120576                                 {product} {ergonomic}
   size_t MarkStackSize                            = 4194304                                   {product} {ergonomic}
   size_t MaxHeapSize                              = 2147483648                                {product} {command line}
   size_t MaxNewSize                               = 1287651328                                {product} {ergonomic}
   size_t MinHeapDeltaBytes                        = 1048576                                   {product} {ergonomic}
    uintx NonNMethodCodeHeapSize                   = 5836300                                {pd product} {ergonomic}
    uintx NonProfiledCodeHeapSize                  = 122910970                              {pd product} {ergonomic}
    uintx ProfiledCodeHeapSize                     = 122910970                              {pd product} {ergonomic}
    uintx ReservedCodeCacheSize                    = 251658240                              {pd product} {ergonomic}
     bool SegmentedCodeCache                       = true                                      {product} {ergonomic}
     bool UseCompressedClassPointers               = true                                 {lp64_product} {ergonomic}
     bool UseCompressedOops                        = true                                 {lp64_product} {ergonomic}
     bool UseG1GC                                  = true                                      {product} {ergonomic}
     bool UseLargePagesIndividualAllocation        = false                                  {pd product} {ergonomic}

Logging:
Log output configuration:
 #0: stdout all=warning uptime,level,tags
 #1: stderr all=off uptime,level,tags

Environment Variables:
JAVA_HOME=C:\Program Files\Java\jdk-11.0.12\bin
PATH=C:\Program Files\Common Files\Oracle\Java\javapath;C:\Program Files (x86)\Common Files\Oracle\Java\javapath;C:\Program Files (x86)\Common Files\Intel\Shared Libraries\redist\intel64\compiler;C:\Program Files\Java\jdk-12.0.2\bin;C:\Windows\system32;C:\Windows;C:\Windows\System32\Wbem;C:\Windows\System32\WindowsPowerShell\v1.0\;C:\Windows\System32\OpenSSH\;C:\Program Files\dotnet\;C:\Program Files\Microsoft SQL Server\120\Tools\Binn\;C:\Program Files\Microsoft SQL Server\120\DTS\Binn\;C:\Program Files\Microsoft SQL Server\Client SDK\ODBC\110\Tools\Binn\;C:\Program Files (x86)\Microsoft SQL Server\120\Tools\Binn\;C:\Program Files (x86)\Microsoft SQL Server\120\Tools\Binn\ManagementStudio\;C:\Program Files (x86)\Microsoft SQL Server\120\DTS\Binn\;C:\Windows\Microsoft.NET\Framework\v3.5;C:\Program Files\Microsoft SQL Server\130\Tools\Binn\;C:\Program Files\Microsoft SQL Server\Client SDK\ODBC\170\Tools\Binn\;C:\Program Files\MATLAB\R2016a\runtime\win64;C:\Program Files\MATLAB\R2016a\bin;C:\Program Files\MATLAB\R2016a\polyspace\bin;C:\Program Files (x86)\dotnet\;C:\sqlite;C:\Program Files\Git\cmd;C:\Users\OmarTaha\AppData\Local\Programs\Python\Python310;C:\Users\OmarTaha\AppData\Local\Programs\Python\Python310\Scripts;C:\Users\OmarTaha\AppData\Local\Programs\Python\Python38-32\Scripts\;C:\Users\OmarTaha\AppData\Local\Programs\Python\Python38-32\;C:\Users\OmarTaha\AppData\Local\Microsoft\WindowsApps;C:\Users\OmarTaha\AppData\Local\Programs\Microsoft VS Code\bin;C:\Users\OmarTaha\.dotnet\tools;C:\Program Files\JetBrains\PyCharm Community Edition 2020.2.4\bin;;C:\Users\OmarTaha\AppData\Local\GitHubDesktop\bin;
USERNAME=OmarTaha
OS=Windows_NT
PROCESSOR_IDENTIFIER=Intel64 Family 6 Model 60 Stepping 3, GenuineIntel



---------------  S Y S T E M  ---------------

OS: Windows 10 , 64 bit Build 18362 (10.0.18362.1500)

CPU:total 8 (initial active 8) (4 cores per cpu, 2 threads per core) family 6 model 60 stepping 3 microcode 0x28, cmov, cx8, fxsr, mmx, sse, sse2, sse3, ssse3, sse4.1, sse4.2, popcnt, avx, avx2, aes, clmul, erms, lzcnt, ht, tsc, tscinvbit, bmi1, bmi2, fma

Memory: 4k page, system-wide physical 7993M (611M free)
TotalPageFile size 13993M (AvailPageFile size 9M)
current process WorkingSet (physical memory assigned to process): 518M, peak: 519M
current process commit charge ("private bytes"): 565M, peak: 575M

vm_info: Java HotSpot(TM) 64-Bit Server VM (11.0.12+8-LTS-237) for windows-amd64 JRE (11.0.12+8-LTS-237), built on Jun  8 2021 11:25:59 by "mach5one" with MS VC++ 15.9 (VS2017)

END.
