#
# There is insufficient memory for the Java Runtime Environment to continue.
# Native memory allocation (malloc) failed to allocate 970896 bytes for Chunk::new
# Possible reasons:
#   The system is out of physical RAM or swap space
#   The process is running with CompressedOops enabled, and the Java Heap may be blocking the growth of the native heap
# Possible solutions:
#   Reduce memory load on the system
#   Increase physical memory or swap space
#   Check if swap backing store is full
#   Decrease Java heap size (-Xmx/-Xms)
#   Decrease number of Java threads
#   Decrease Java thread stack sizes (-Xss)
#   Set larger code cache with -XX:ReservedCodeCacheSize=
#   JVM is running with Unscaled Compressed Oops mode in which the Java heap is
#     placed in the first 4GB address space. The Java Heap base address is the
#     maximum limit for the native heap growth. Please use -XX:HeapBaseMinAddress
#     to set the Java Heap base and to place the Java Heap above 4GB virtual address.
# This output file may be truncated or incomplete.
#
#  Out of Memory Error (./open/src/hotspot/share/memory/arena.cpp:197), pid=1940, tid=9876
#
# JRE version: Java(TM) SE Runtime Environment 18.9 (11.0.12+8) (build 11.0.12+8-LTS-237)
# Java VM: Java HotSpot(TM) 64-Bit Server VM 18.9 (11.0.12+8-LTS-237, mixed mode, tiered, compressed oops, g1 gc, windows-amd64)
# No core dump will be written. Minidumps are not enabled by default on client versions of Windows
#

---------------  S U M M A R Y ------------

Command Line: --add-opens=java.base/java.util=ALL-UNNAMED --add-opens=java.base/java.lang=ALL-UNNAMED --add-opens=java.base/java.lang.invoke=ALL-UNNAMED --add-opens=java.base/java.util=ALL-UNNAMED --add-opens=java.prefs/java.util.prefs=ALL-UNNAMED --add-opens=java.prefs/java.util.prefs=ALL-UNNAMED --add-opens=java.base/java.nio.charset=ALL-UNNAMED --add-opens=java.base/java.net=ALL-UNNAMED --add-opens=java.base/java.util.concurrent.atomic=ALL-UNNAMED -Xmx2048m -Dfile.encoding=windows-1252 -Duser.country=US -Duser.language=en -Duser.variant org.gradle.launcher.daemon.bootstrap.GradleDaemon 7.1-rc-1

Host: Intel(R) Core(TM) i7-4800MQ CPU @ 2.70GHz, 8 cores, 7G,  Windows 10 , 64 bit Build 18362 (10.0.18362.1500)
Time: Mon Dec 20 12:53:20 2021 Arab Standard Time elapsed time: 6.653603 seconds (0d 0h 0m 6s)

---------------  T H R E A D  ---------------

Current thread (0x000002157425e800):  JavaThread "C2 CompilerThread1" daemon [_thread_in_native, id=9876, stack(0x000000e5bb200000,0x000000e5bb300000)]


Current CompileTask:
C2:   6653 5715       4       java.net.URLClassLoader$1::run (5 bytes)

Stack: [0x000000e5bb200000,0x000000e5bb300000]
Native frames: (J=compiled Java code, j=interpreted, Vv=VM code, C=native code)
V  [jvm.dll+0x617d9a]
V  [jvm.dll+0x74eeef]
V  [jvm.dll+0x750599]
V  [jvm.dll+0x750c23]
V  [jvm.dll+0x2438d8]
V  [jvm.dll+0xba6dc]
V  [jvm.dll+0xbac9c]
V  [jvm.dll+0x2b4564]
V  [jvm.dll+0x52cc86]
V  [jvm.dll+0x20515d]
V  [jvm.dll+0x1ff15a]
V  [jvm.dll+0x1fc1ca]
V  [jvm.dll+0x17f18c]
V  [jvm.dll+0x20b87c]
V  [jvm.dll+0x20997b]
V  [jvm.dll+0x716359]
V  [jvm.dll+0x70f064]
V  [jvm.dll+0x616f66]
C  [ucrtbase.dll+0x210b2]
C  [KERNEL32.DLL+0x17c24]
C  [ntdll.dll+0x6d721]


---------------  P R O C E S S  ---------------

Threads class SMR info:
_java_thread_list=0x0000021577864250, length=123, elements={
0x000002155019d000, 0x0000021570f8f000, 0x0000021570f90000, 0x0000021571923000,
0x0000021570f9a000, 0x0000021570f9b000, 0x0000021570fa0800, 0x0000021570faa000,
0x0000021570fad800, 0x0000021571aac800, 0x0000021572a78000, 0x0000021571b6b000,
0x0000021574a4e000, 0x0000021573310000, 0x0000021573e4d000, 0x0000021573afc800,
0x000002157293c800, 0x0000021573319800, 0x0000021573484800, 0x0000021573d2d000,
0x0000021573d2f800, 0x0000021573d2b800, 0x0000021573d2e000, 0x000002157425e800,
0x0000021573d2e800, 0x0000021573d2a800, 0x0000021573d30000, 0x00000215737c1800,
0x0000021573d31000, 0x0000021573d2c000, 0x00000215753b5000, 0x00000215753b4000,
0x00000215753b7800, 0x00000215753b8000, 0x00000215753b2800, 0x00000215753b9000,
0x00000215753b3000, 0x00000215753b5800, 0x00000215753bc000, 0x00000215753b9800,
0x00000215753c1000, 0x00000215753bf800, 0x00000215753bb800, 0x00000215753c0000,
0x00000215753bd000, 0x0000021574381800, 0x0000021574384000, 0x0000021574386800,
0x0000021574383800, 0x0000021574388000, 0x0000021574385000, 0x0000021574385800,
0x0000021574387800, 0x0000021574382800, 0x0000021574389000, 0x000002157438a000,
0x000002157438e800, 0x000002157438f800, 0x000002157438b800, 0x000002157438c000,
0x0000021574390800, 0x000002157438d000, 0x000002157438a800, 0x000002157438e000,
0x0000021575591000, 0x0000021575592000, 0x0000021575590800, 0x0000021575593000,
0x0000021575593800, 0x0000021575594800, 0x000002157558f000, 0x0000021575595800,
0x000002157558f800, 0x000002157559c000, 0x000002157559a000, 0x0000021575596000,
0x000002157559b000, 0x000002157559c800, 0x0000021575597000, 0x000002157559d800,
0x0000021575598000, 0x0000021575599800, 0x0000021575598800, 0x00000215745c6000,
0x00000215745c7800, 0x00000215745ca000, 0x00000215745c8800, 0x00000215745cb000,
0x00000215745c5000, 0x00000215745c7000, 0x00000215745c9000, 0x00000215745ce000,
0x00000215745d1800, 0x00000215745cb800, 0x00000215745cf000, 0x00000215745d0000,
0x00000215745d2000, 0x00000215745d0800, 0x00000215745cc800, 0x00000215745d3000,
0x00000215745cd800, 0x00000215745d4000, 0x00000215742a7800, 0x00000215742a8000,
0x00000215742a9000, 0x00000215742aa000, 0x00000215742ab800, 0x00000215742aa800,
0x00000215742ac800, 0x00000215742a6800, 0x00000215742ae800, 0x00000215742ae000,
0x00000215742af800, 0x00000215742b2000, 0x00000215742b0800, 0x00000215742b1000,
0x00000215742ad000, 0x00000215742b3000, 0x00000215742b3800, 0x00000215742b4800,
0x00000215742b5800, 0x0000021572a8e800, 0x0000021572a8f000
}

Java Threads: ( => current thread )
  0x000002155019d000 JavaThread "main" [_thread_blocked, id=12096, stack(0x000000e5b8c00000,0x000000e5b8d00000)]
  0x0000021570f8f000 JavaThread "Reference Handler" daemon [_thread_blocked, id=12628, stack(0x000000e5b9300000,0x000000e5b9400000)]
  0x0000021570f90000 JavaThread "Finalizer" daemon [_thread_blocked, id=12884, stack(0x000000e5b9400000,0x000000e5b9500000)]
  0x0000021571923000 JavaThread "Signal Dispatcher" daemon [_thread_blocked, id=10168, stack(0x000000e5b9500000,0x000000e5b9600000)]
  0x0000021570f9a000 JavaThread "Attach Listener" daemon [_thread_blocked, id=9704, stack(0x000000e5b9600000,0x000000e5b9700000)]
  0x0000021570f9b000 JavaThread "Service Thread" daemon [_thread_blocked, id=11532, stack(0x000000e5b9700000,0x000000e5b9800000)]
  0x0000021570fa0800 JavaThread "C2 CompilerThread0" daemon [_thread_in_native, id=3796, stack(0x000000e5b9800000,0x000000e5b9900000)]
  0x0000021570faa000 JavaThread "C1 CompilerThread0" daemon [_thread_blocked, id=2152, stack(0x000000e5b9900000,0x000000e5b9a00000)]
  0x0000021570fad800 JavaThread "Sweeper thread" daemon [_thread_blocked, id=3604, stack(0x000000e5b9a00000,0x000000e5b9b00000)]
  0x0000021571aac800 JavaThread "Common-Cleaner" daemon [_thread_blocked, id=8500, stack(0x000000e5b9b00000,0x000000e5b9c00000)]
  0x0000021572a78000 JavaThread "Daemon health stats" [_thread_blocked, id=10392, stack(0x000000e5ba100000,0x000000e5ba200000)]
  0x0000021571b6b000 JavaThread "Incoming local TCP Connector on port 53831" [_thread_in_native, id=8700, stack(0x000000e5b9d00000,0x000000e5b9e00000)]
  0x0000021574a4e000 JavaThread "Daemon periodic checks" [_thread_blocked, id=6312, stack(0x000000e5ba000000,0x000000e5ba100000)]
  0x0000021573310000 JavaThread "Daemon" [_thread_blocked, id=1228, stack(0x000000e5ba200000,0x000000e5ba300000)]
  0x0000021573e4d000 JavaThread "Handler for socket connection from /127.0.0.1:53831 to /127.0.0.1:53832" [_thread_in_native, id=12960, stack(0x000000e5ba300000,0x000000e5ba400000)]
  0x0000021573afc800 JavaThread "Cancel handler" [_thread_blocked, id=11044, stack(0x000000e5ba400000,0x000000e5ba500000)]
  0x000002157293c800 JavaThread "Daemon worker" [_thread_in_vm, id=2884, stack(0x000000e5ba500000,0x000000e5ba600000)]
  0x0000021573319800 JavaThread "Asynchronous log dispatcher for DefaultDaemonConnection: socket connection from /127.0.0.1:53831 to /127.0.0.1:53832" [_thread_blocked, id=32, stack(0x000000e5ba600000,0x000000e5ba700000)]
  0x0000021573484800 JavaThread "Stdin handler" [_thread_blocked, id=13400, stack(0x000000e5ba700000,0x000000e5ba800000)]
  0x0000021573d2d000 JavaThread "Daemon client event forwarder" [_thread_blocked, id=9308, stack(0x000000e5ba800000,0x000000e5ba900000)]
  0x0000021573d2f800 JavaThread "Cache worker for journal cache (C:\Users\OmarTaha\.gradle\caches\journal-1)" [_thread_blocked, id=5424, stack(0x000000e5bae00000,0x000000e5baf00000)]
  0x0000021573d2b800 JavaThread "File lock request listener" [_thread_in_native, id=14036, stack(0x000000e5baf00000,0x000000e5bb000000)]
  0x0000021573d2e000 JavaThread "Cache worker for file hash cache (C:\Users\OmarTaha\.gradle\caches\7.1-rc-1\fileHashes)" [_thread_blocked, id=9372, stack(0x000000e5bb000000,0x000000e5bb100000)]
=>0x000002157425e800 JavaThread "C2 CompilerThread1" daemon [_thread_in_native, id=9876, stack(0x000000e5bb200000,0x000000e5bb300000)]
  0x0000021573d2e800 JavaThread "Cache worker for file hash cache (C:\Users\OmarTaha\AndroidStudioProjects\GMS\.gradle\7.1-rc-1\fileHashes)" [_thread_blocked, id=9640, stack(0x000000e5bb300000,0x000000e5bb400000)]
  0x0000021573d2a800 JavaThread "File watcher server" daemon [_thread_in_native, id=2620, stack(0x000000e5bb400000,0x000000e5bb500000)]
  0x0000021573d30000 JavaThread "File watcher consumer" daemon [_thread_blocked, id=6992, stack(0x000000e5bb500000,0x000000e5bb600000)]
  0x00000215737c1800 JavaThread "C2 CompilerThread2" daemon [_thread_blocked, id=10860, stack(0x000000e5bb600000,0x000000e5bb700000)]
  0x0000021573d31000 JavaThread "jar transforms" [_thread_blocked, id=6504, stack(0x000000e5bb700000,0x000000e5bb800000)]
  0x0000021573d2c000 JavaThread "jar transforms Thread 2" [_thread_blocked, id=3116, stack(0x000000e5bb800000,0x000000e5bb900000)]
  0x00000215753b5000 JavaThread "jar transforms Thread 3" [_thread_blocked, id=6960, stack(0x000000e5bb900000,0x000000e5bba00000)]
  0x00000215753b4000 JavaThread "jar transforms Thread 4" [_thread_blocked, id=212, stack(0x000000e5bba00000,0x000000e5bbb00000)]
  0x00000215753b7800 JavaThread "jar transforms Thread 5" [_thread_blocked, id=10532, stack(0x000000e5bbb00000,0x000000e5bbc00000)]
  0x00000215753b8000 JavaThread "jar transforms Thread 6" [_thread_blocked, id=11300, stack(0x000000e5bbc00000,0x000000e5bbd00000)]
  0x00000215753b2800 JavaThread "jar transforms Thread 7" [_thread_blocked, id=8616, stack(0x000000e5bbd00000,0x000000e5bbe00000)]
  0x00000215753b9000 JavaThread "jar transforms Thread 8" [_thread_blocked, id=392, stack(0x000000e5bbe00000,0x000000e5bbf00000)]
  0x00000215753b3000 JavaThread "Cache worker for checksums cache (C:\Users\OmarTaha\AndroidStudioProjects\GMS\.gradle\checksums)" [_thread_blocked, id=11172, stack(0x000000e5bbf00000,0x000000e5bc000000)]
  0x00000215753b5800 JavaThread "Cache worker for cache directory md-supplier (C:\Users\OmarTaha\.gradle\caches\7.1-rc-1\md-supplier)" [_thread_blocked, id=10384, stack(0x000000e5bc000000,0x000000e5bc100000)]
  0x00000215753bc000 JavaThread "Cache worker for cache directory md-rule (C:\Users\OmarTaha\.gradle\caches\7.1-rc-1\md-rule)" [_thread_blocked, id=3704, stack(0x000000e5bc100000,0x000000e5bc200000)]
  0x00000215753b9800 JavaThread "Cache worker for execution history cache (C:\Users\OmarTaha\.gradle\caches\7.1-rc-1\executionHistory)" [_thread_blocked, id=8600, stack(0x000000e5bc200000,0x000000e5bc300000)]
  0x00000215753c1000 JavaThread "Cache worker for file content cache (C:\Users\OmarTaha\.gradle\caches\7.1-rc-1\fileContent)" [_thread_blocked, id=4952, stack(0x000000e5bc300000,0x000000e5bc400000)]
  0x00000215753bf800 JavaThread "Cache worker for dependencies-accessors (C:\Users\OmarTaha\AndroidStudioProjects\GMS\.gradle\7.1-rc-1\dependencies-accessors)" [_thread_blocked, id=13164, stack(0x000000e5bc400000,0x000000e5bc500000)]
  0x00000215753bb800 JavaThread "Cache worker for Build Output Cleanup Cache (C:\Users\OmarTaha\AndroidStudioProjects\GMS\.gradle\buildOutputCleanup)" [_thread_blocked, id=844, stack(0x000000e5bc500000,0x000000e5bc600000)]
  0x00000215753c0000 JavaThread "Unconstrained build operations" [_thread_blocked, id=11616, stack(0x000000e5bc600000,0x000000e5bc700000)]
  0x00000215753bd000 JavaThread "Unconstrained build operations Thread 2" [_thread_blocked, id=10752, stack(0x000000e5bc700000,0x000000e5bc800000)]
  0x0000021574381800 JavaThread "Unconstrained build operations Thread 3" [_thread_blocked, id=13608, stack(0x000000e5bc800000,0x000000e5bc900000)]
  0x0000021574384000 JavaThread "Unconstrained build operations Thread 4" [_thread_blocked, id=8952, stack(0x000000e5bc900000,0x000000e5bca00000)]
  0x0000021574386800 JavaThread "Unconstrained build operations Thread 5" [_thread_blocked, id=5608, stack(0x000000e5bca00000,0x000000e5bcb00000)]
  0x0000021574383800 JavaThread "Unconstrained build operations Thread 6" [_thread_blocked, id=6464, stack(0x000000e5bcb00000,0x000000e5bcc00000)]
  0x0000021574388000 JavaThread "Unconstrained build operations Thread 7" [_thread_blocked, id=10556, stack(0x000000e5bcc00000,0x000000e5bcd00000)]
  0x0000021574385000 JavaThread "Unconstrained build operations Thread 8" [_thread_blocked, id=12956, stack(0x000000e5bcd00000,0x000000e5bce00000)]
  0x0000021574385800 JavaThread "Unconstrained build operations Thread 9" [_thread_blocked, id=2256, stack(0x000000e5bce00000,0x000000e5bcf00000)]
  0x0000021574387800 JavaThread "Unconstrained build operations Thread 10" [_thread_blocked, id=9008, stack(0x000000e5bcf00000,0x000000e5bd000000)]
  0x0000021574382800 JavaThread "Unconstrained build operations Thread 11" [_thread_blocked, id=11136, stack(0x000000e5bd000000,0x000000e5bd100000)]
  0x0000021574389000 JavaThread "Unconstrained build operations Thread 12" [_thread_blocked, id=10748, stack(0x000000e5bd100000,0x000000e5bd200000)]
  0x000002157438a000 JavaThread "Unconstrained build operations Thread 13" [_thread_blocked, id=9816, stack(0x000000e5bd200000,0x000000e5bd300000)]
  0x000002157438e800 JavaThread "Unconstrained build operations Thread 14" [_thread_blocked, id=6856, stack(0x000000e5bd300000,0x000000e5bd400000)]
  0x000002157438f800 JavaThread "Unconstrained build operations Thread 15" [_thread_blocked, id=2252, stack(0x000000e5bd400000,0x000000e5bd500000)]
  0x000002157438b800 JavaThread "Unconstrained build operations Thread 16" [_thread_blocked, id=12768, stack(0x000000e5bd500000,0x000000e5bd600000)]
  0x000002157438c000 JavaThread "Unconstrained build operations Thread 17" [_thread_blocked, id=1168, stack(0x000000e5bd600000,0x000000e5bd700000)]
  0x0000021574390800 JavaThread "Unconstrained build operations Thread 18" [_thread_blocked, id=5448, stack(0x000000e5bd700000,0x000000e5bd800000)]
  0x000002157438d000 JavaThread "Unconstrained build operations Thread 19" [_thread_blocked, id=13152, stack(0x000000e5bd800000,0x000000e5bd900000)]
  0x000002157438a800 JavaThread "Unconstrained build operations Thread 20" [_thread_blocked, id=11624, stack(0x000000e5bd900000,0x000000e5bda00000)]
  0x000002157438e000 JavaThread "Unconstrained build operations Thread 21" [_thread_blocked, id=4992, stack(0x000000e5bda00000,0x000000e5bdb00000)]
  0x0000021575591000 JavaThread "Unconstrained build operations Thread 22" [_thread_blocked, id=5136, stack(0x000000e5bdb00000,0x000000e5bdc00000)]
  0x0000021575592000 JavaThread "Unconstrained build operations Thread 23" [_thread_blocked, id=9324, stack(0x000000e5bdc00000,0x000000e5bdd00000)]
  0x0000021575590800 JavaThread "Unconstrained build operations Thread 24" [_thread_blocked, id=10956, stack(0x000000e5bdd00000,0x000000e5bde00000)]
  0x0000021575593000 JavaThread "Unconstrained build operations Thread 25" [_thread_blocked, id=9028, stack(0x000000e5bde00000,0x000000e5bdf00000)]
  0x0000021575593800 JavaThread "Unconstrained build operations Thread 26" [_thread_blocked, id=3352, stack(0x000000e5bdf00000,0x000000e5be000000)]
  0x0000021575594800 JavaThread "Unconstrained build operations Thread 27" [_thread_blocked, id=11728, stack(0x000000e5be000000,0x000000e5be100000)]
  0x000002157558f000 JavaThread "Unconstrained build operations Thread 28" [_thread_blocked, id=11204, stack(0x000000e5be100000,0x000000e5be200000)]
  0x0000021575595800 JavaThread "Unconstrained build operations Thread 29" [_thread_blocked, id=13616, stack(0x000000e5be200000,0x000000e5be300000)]
  0x000002157558f800 JavaThread "Unconstrained build operations Thread 30" [_thread_blocked, id=4620, stack(0x000000e5be300000,0x000000e5be400000)]
  0x000002157559c000 JavaThread "Unconstrained build operations Thread 31" [_thread_blocked, id=7664, stack(0x000000e5be400000,0x000000e5be500000)]
  0x000002157559a000 JavaThread "Unconstrained build operations Thread 32" [_thread_blocked, id=4824, stack(0x000000e5be500000,0x000000e5be600000)]
  0x0000021575596000 JavaThread "Unconstrained build operations Thread 33" [_thread_blocked, id=10192, stack(0x000000e5be600000,0x000000e5be700000)]
  0x000002157559b000 JavaThread "Unconstrained build operations Thread 34" [_thread_blocked, id=13624, stack(0x000000e5be700000,0x000000e5be800000)]
  0x000002157559c800 JavaThread "Unconstrained build operations Thread 35" [_thread_blocked, id=8040, stack(0x000000e5be800000,0x000000e5be900000)]
  0x0000021575597000 JavaThread "Unconstrained build operations Thread 36" [_thread_blocked, id=3524, stack(0x000000e5be900000,0x000000e5bea00000)]
  0x000002157559d800 JavaThread "Unconstrained build operations Thread 37" [_thread_blocked, id=2984, stack(0x000000e5bea00000,0x000000e5beb00000)]
  0x0000021575598000 JavaThread "Unconstrained build operations Thread 38" [_thread_blocked, id=10736, stack(0x000000e5beb00000,0x000000e5bec00000)]
  0x0000021575599800 JavaThread "Unconstrained build operations Thread 39" [_thread_blocked, id=8736, stack(0x000000e5bec00000,0x000000e5bed00000)]
  0x0000021575598800 JavaThread "Unconstrained build operations Thread 40" [_thread_blocked, id=2372, stack(0x000000e5bed00000,0x000000e5bee00000)]
  0x00000215745c6000 JavaThread "Unconstrained build operations Thread 41" [_thread_blocked, id=6512, stack(0x000000e5bee00000,0x000000e5bef00000)]
  0x00000215745c7800 JavaThread "Unconstrained build operations Thread 42" [_thread_blocked, id=2128, stack(0x000000e5bef00000,0x000000e5bf000000)]
  0x00000215745ca000 JavaThread "Unconstrained build operations Thread 43" [_thread_blocked, id=8372, stack(0x000000e5bf000000,0x000000e5bf100000)]
  0x00000215745c8800 JavaThread "Unconstrained build operations Thread 44" [_thread_blocked, id=6440, stack(0x000000e5bf100000,0x000000e5bf200000)]
  0x00000215745cb000 JavaThread "Unconstrained build operations Thread 45" [_thread_blocked, id=12088, stack(0x000000e5bf200000,0x000000e5bf300000)]
  0x00000215745c5000 JavaThread "Unconstrained build operations Thread 46" [_thread_blocked, id=7352, stack(0x000000e5bf300000,0x000000e5bf400000)]
  0x00000215745c7000 JavaThread "Unconstrained build operations Thread 47" [_thread_blocked, id=2648, stack(0x000000e5bf400000,0x000000e5bf500000)]
  0x00000215745c9000 JavaThread "Unconstrained build operations Thread 48" [_thread_blocked, id=12424, stack(0x000000e5bf500000,0x000000e5bf600000)]
  0x00000215745ce000 JavaThread "Unconstrained build operations Thread 49" [_thread_blocked, id=7396, stack(0x000000e5bf600000,0x000000e5bf700000)]
  0x00000215745d1800 JavaThread "Unconstrained build operations Thread 50" [_thread_blocked, id=10944, stack(0x000000e5bf700000,0x000000e5bf800000)]
  0x00000215745cb800 JavaThread "Unconstrained build operations Thread 51" [_thread_blocked, id=636, stack(0x000000e5bf800000,0x000000e5bf900000)]
  0x00000215745cf000 JavaThread "Unconstrained build operations Thread 52" [_thread_blocked, id=10468, stack(0x000000e5bf900000,0x000000e5bfa00000)]
  0x00000215745d0000 JavaThread "Unconstrained build operations Thread 53" [_thread_blocked, id=12504, stack(0x000000e5bfa00000,0x000000e5bfb00000)]
  0x00000215745d2000 JavaThread "Unconstrained build operations Thread 54" [_thread_blocked, id=1472, stack(0x000000e5bfb00000,0x000000e5bfc00000)]
  0x00000215745d0800 JavaThread "Unconstrained build operations Thread 55" [_thread_blocked, id=4240, stack(0x000000e5bfc00000,0x000000e5bfd00000)]
  0x00000215745cc800 JavaThread "Unconstrained build operations Thread 56" [_thread_blocked, id=4312, stack(0x000000e5bfd00000,0x000000e5bfe00000)]
  0x00000215745d3000 JavaThread "Unconstrained build operations Thread 57" [_thread_blocked, id=3976, stack(0x000000e5bfe00000,0x000000e5bff00000)]
  0x00000215745cd800 JavaThread "Unconstrained build operations Thread 58" [_thread_blocked, id=10580, stack(0x000000e5bff00000,0x000000e5c0000000)]
  0x00000215745d4000 JavaThread "Unconstrained build operations Thread 59" [_thread_blocked, id=2820, stack(0x000000e5c0000000,0x000000e5c0100000)]
  0x00000215742a7800 JavaThread "Unconstrained build operations Thread 60" [_thread_blocked, id=2960, stack(0x000000e5c0100000,0x000000e5c0200000)]
  0x00000215742a8000 JavaThread "Unconstrained build operations Thread 61" [_thread_blocked, id=11212, stack(0x000000e5c0200000,0x000000e5c0300000)]
  0x00000215742a9000 JavaThread "Unconstrained build operations Thread 62" [_thread_blocked, id=828, stack(0x000000e5c0300000,0x000000e5c0400000)]
  0x00000215742aa000 JavaThread "Unconstrained build operations Thread 63" [_thread_blocked, id=12748, stack(0x000000e5c0400000,0x000000e5c0500000)]
  0x00000215742ab800 JavaThread "Unconstrained build operations Thread 64" [_thread_blocked, id=12440, stack(0x000000e5c0500000,0x000000e5c0600000)]
  0x00000215742aa800 JavaThread "Unconstrained build operations Thread 65" [_thread_blocked, id=9388, stack(0x000000e5c0600000,0x000000e5c0700000)]
  0x00000215742ac800 JavaThread "Unconstrained build operations Thread 66" [_thread_blocked, id=14064, stack(0x000000e5c0700000,0x000000e5c0800000)]
  0x00000215742a6800 JavaThread "Unconstrained build operations Thread 67" [_thread_blocked, id=9988, stack(0x000000e5c0800000,0x000000e5c0900000)]
  0x00000215742ae800 JavaThread "Unconstrained build operations Thread 68" [_thread_blocked, id=11580, stack(0x000000e5c0900000,0x000000e5c0a00000)]
  0x00000215742ae000 JavaThread "Unconstrained build operations Thread 69" [_thread_blocked, id=8780, stack(0x000000e5c0a00000,0x000000e5c0b00000)]
  0x00000215742af800 JavaThread "Unconstrained build operations Thread 70" [_thread_blocked, id=9696, stack(0x000000e5c0b00000,0x000000e5c0c00000)]
  0x00000215742b2000 JavaThread "Unconstrained build operations Thread 71" [_thread_blocked, id=10292, stack(0x000000e5c0c00000,0x000000e5c0d00000)]
  0x00000215742b0800 JavaThread "Unconstrained build operations Thread 72" [_thread_blocked, id=10020, stack(0x000000e5c0d00000,0x000000e5c0e00000)]
  0x00000215742b1000 JavaThread "Unconstrained build operations Thread 73" [_thread_blocked, id=9860, stack(0x000000e5c0e00000,0x000000e5c0f00000)]
  0x00000215742ad000 JavaThread "Unconstrained build operations Thread 74" [_thread_blocked, id=13732, stack(0x000000e5c0f00000,0x000000e5c1000000)]
  0x00000215742b3000 JavaThread "Unconstrained build operations Thread 75" [_thread_blocked, id=1272, stack(0x000000e5c1000000,0x000000e5c1100000)]
  0x00000215742b3800 JavaThread "Unconstrained build operations Thread 76" [_thread_blocked, id=4872, stack(0x000000e5c1100000,0x000000e5c1200000)]
  0x00000215742b4800 JavaThread "Unconstrained build operations Thread 77" [_thread_blocked, id=13876, stack(0x000000e5c1200000,0x000000e5c1300000)]
  0x00000215742b5800 JavaThread "Unconstrained build operations Thread 78" [_thread_blocked, id=14272, stack(0x000000e5c1300000,0x000000e5c1400000)]
  0x0000021572a8e800 JavaThread "Unconstrained build operations Thread 79" [_thread_blocked, id=8332, stack(0x000000e5c1400000,0x000000e5c1500000)]
  0x0000021572a8f000 JavaThread "Unconstrained build operations Thread 80" [_thread_blocked, id=12868, stack(0x000000e5c1500000,0x000000e5c1600000)]

Other Threads:
  0x0000021570f7c000 VMThread "VM Thread" [stack: 0x000000e5b9200000,0x000000e5b9300000] [id=12744]
  0x0000021571ad3800 WatcherThread [stack: 0x000000e5b9c00000,0x000000e5b9d00000] [id=6176]
  0x00000215501b4000 GCTaskThread "GC Thread#0" [stack: 0x000000e5b8d00000,0x000000e5b8e00000] [id=5604]
  0x00000215727a9000 GCTaskThread "GC Thread#1" [stack: 0x000000e5b9e00000,0x000000e5b9f00000] [id=2124]
  0x0000021572363800 GCTaskThread "GC Thread#2" [stack: 0x000000e5b9f00000,0x000000e5ba000000] [id=11224]
  0x00000215745c4800 GCTaskThread "GC Thread#3" [stack: 0x000000e5ba900000,0x000000e5baa00000] [id=6208]
  0x00000215727f7800 GCTaskThread "GC Thread#4" [stack: 0x000000e5baa00000,0x000000e5bab00000] [id=6420]
  0x0000021573c3a800 GCTaskThread "GC Thread#5" [stack: 0x000000e5bab00000,0x000000e5bac00000] [id=8944]
  0x000002157417b800 GCTaskThread "GC Thread#6" [stack: 0x000000e5bac00000,0x000000e5bad00000] [id=9296]
  0x0000021573bd1800 GCTaskThread "GC Thread#7" [stack: 0x000000e5bad00000,0x000000e5bae00000] [id=1984]
  0x00000215501e5800 ConcurrentGCThread "G1 Main Marker" [stack: 0x000000e5b8e00000,0x000000e5b8f00000] [id=1888]
  0x00000215501e7000 ConcurrentGCThread "G1 Conc#0" [stack: 0x000000e5b8f00000,0x000000e5b9000000] [id=13432]
  0x00000215748c3000 ConcurrentGCThread "G1 Conc#1" [stack: 0x000000e5bb100000,0x000000e5bb200000] [id=3284]
  0x0000021570dd2800 ConcurrentGCThread "G1 Refine#0" [stack: 0x000000e5b9000000,0x000000e5b9100000] [id=3384]
  0x0000021550269000 ConcurrentGCThread "G1 Young RemSet Sampling" [stack: 0x000000e5b9100000,0x000000e5b9200000] [id=9404]

Threads with active compile tasks:
C2 CompilerThread0   6700 5744       4       sun.invoke.util.BytecodeDescriptor::unparseSig (91 bytes)
C2 CompilerThread1   6700 5715       4       java.net.URLClassLoader$1::run (5 bytes)

VM state:not at safepoint (normal execution)

VM Mutex/Monitor currently owned by a thread: None

Heap address: 0x0000000080000000, size: 2048 MB, Compressed Oops mode: 32-bit
Narrow klass base: 0x0000000000000000, Narrow klass shift: 3
Compressed class space size: 1073741824 Address: 0x0000000100000000

Heap:
 garbage-first heap   total 129024K, used 100513K [0x0000000080000000, 0x0000000100000000)
  region size 1024K, 35 young (35840K), 6 survivors (6144K)
 Metaspace       used 51707K, capacity 53222K, committed 53476K, reserved 1095680K
  class space    used 6602K, capacity 7157K, committed 7168K, reserved 1048576K
Heap Regions: E=young(eden), S=young(survivor), O=old, HS=humongous(starts), HC=humongous(continues), CS=collection set, F=free, A=archive, TAMS=top-at-mark-start (previous, next)
|   0|0x0000000080000000, 0x0000000080100000, 0x0000000080100000|100%| O|  |TAMS 0x0000000080100000, 0x0000000080000000| Untracked 
|   1|0x0000000080100000, 0x0000000080200000, 0x0000000080200000|100%| O|  |TAMS 0x0000000080200000, 0x0000000080100000| Untracked 
|   2|0x0000000080200000, 0x0000000080300000, 0x0000000080300000|100%| O|  |TAMS 0x0000000080300000, 0x0000000080200000| Untracked 
|   3|0x0000000080300000, 0x0000000080400000, 0x0000000080400000|100%|HS|  |TAMS 0x0000000080400000, 0x0000000080300000| Complete 
|   4|0x0000000080400000, 0x0000000080500000, 0x0000000080500000|100%|HC|  |TAMS 0x0000000080500000, 0x0000000080400000| Complete 
|   5|0x0000000080500000, 0x0000000080600000, 0x0000000080600000|100%|HC|  |TAMS 0x0000000080600000, 0x0000000080500000| Complete 
|   6|0x0000000080600000, 0x0000000080700000, 0x0000000080700000|100%| O|  |TAMS 0x0000000080700000, 0x0000000080600000| Untracked 
|   7|0x0000000080700000, 0x0000000080800000, 0x0000000080800000|100%| O|  |TAMS 0x0000000080800000, 0x0000000080700000| Untracked 
|   8|0x0000000080800000, 0x0000000080900000, 0x0000000080900000|100%| O|  |TAMS 0x0000000080900000, 0x0000000080800000| Untracked 
|   9|0x0000000080900000, 0x0000000080a00000, 0x0000000080a00000|100%| O|  |TAMS 0x0000000080a00000, 0x0000000080900000| Untracked 
|  10|0x0000000080a00000, 0x0000000080b00000, 0x0000000080b00000|100%| O|  |TAMS 0x0000000080b00000, 0x0000000080a00000| Untracked 
|  11|0x0000000080b00000, 0x0000000080c00000, 0x0000000080c00000|100%| O|  |TAMS 0x0000000080c00000, 0x0000000080b00000| Untracked 
|  12|0x0000000080c00000, 0x0000000080d00000, 0x0000000080d00000|100%| O|  |TAMS 0x0000000080d00000, 0x0000000080c00000| Untracked 
|  13|0x0000000080d00000, 0x0000000080e00000, 0x0000000080e00000|100%| O|  |TAMS 0x0000000080e00000, 0x0000000080d00000| Untracked 
|  14|0x0000000080e00000, 0x0000000080f00000, 0x0000000080f00000|100%| O|  |TAMS 0x0000000080f00000, 0x0000000080e00000| Untracked 
|  15|0x0000000080f00000, 0x0000000081000000, 0x0000000081000000|100%| O|  |TAMS 0x0000000081000000, 0x0000000080f00000| Untracked 
|  16|0x0000000081000000, 0x0000000081100000, 0x0000000081100000|100%|HS|  |TAMS 0x0000000081100000, 0x0000000081000000| Complete 
|  17|0x0000000081100000, 0x0000000081200000, 0x0000000081200000|100%|HC|  |TAMS 0x0000000081200000, 0x0000000081100000| Complete 
|  18|0x0000000081200000, 0x0000000081300000, 0x0000000081300000|100%|HS|  |TAMS 0x0000000081300000, 0x0000000081200000| Complete 
|  19|0x0000000081300000, 0x0000000081400000, 0x0000000081400000|100%|HC|  |TAMS 0x0000000081400000, 0x0000000081300000| Complete 
|  20|0x0000000081400000, 0x0000000081500000, 0x0000000081500000|100%|HC|  |TAMS 0x0000000081500000, 0x0000000081400000| Complete 
|  21|0x0000000081500000, 0x0000000081600000, 0x0000000081600000|100%|HS|  |TAMS 0x0000000081600000, 0x0000000081500000| Complete 
|  22|0x0000000081600000, 0x0000000081700000, 0x0000000081700000|100%|HC|  |TAMS 0x0000000081700000, 0x0000000081600000| Complete 
|  23|0x0000000081700000, 0x0000000081800000, 0x0000000081800000|100%|HC|  |TAMS 0x0000000081800000, 0x0000000081700000| Complete 
|  24|0x0000000081800000, 0x0000000081900000, 0x0000000081900000|100%|HC|  |TAMS 0x0000000081900000, 0x0000000081800000| Complete 
|  25|0x0000000081900000, 0x0000000081a00000, 0x0000000081a00000|100%|HC|  |TAMS 0x0000000081a00000, 0x0000000081900000| Complete 
|  26|0x0000000081a00000, 0x0000000081b00000, 0x0000000081b00000|100%| O|  |TAMS 0x0000000081b00000, 0x0000000081a00000| Untracked 
|  27|0x0000000081b00000, 0x0000000081c00000, 0x0000000081c00000|100%| O|  |TAMS 0x0000000081c00000, 0x0000000081b00000| Untracked 
|  28|0x0000000081c00000, 0x0000000081d00000, 0x0000000081d00000|100%| O|  |TAMS 0x0000000081d00000, 0x0000000081c00000| Untracked 
|  29|0x0000000081d00000, 0x0000000081e00000, 0x0000000081e00000|100%| O|  |TAMS 0x0000000081e00000, 0x0000000081d00000| Untracked 
|  30|0x0000000081e00000, 0x0000000081f00000, 0x0000000081f00000|100%| O|  |TAMS 0x0000000081f00000, 0x0000000081e00000| Untracked 
|  31|0x0000000081f00000, 0x0000000082000000, 0x0000000082000000|100%|HS|  |TAMS 0x0000000082000000, 0x0000000081f00000| Complete 
|  32|0x0000000082000000, 0x0000000082100000, 0x0000000082100000|100%|HC|  |TAMS 0x0000000082100000, 0x0000000082000000| Complete 
|  33|0x0000000082100000, 0x0000000082200000, 0x0000000082200000|100%|HC|  |TAMS 0x0000000082200000, 0x0000000082100000| Complete 
|  34|0x0000000082200000, 0x0000000082300000, 0x0000000082300000|100%| O|  |TAMS 0x0000000082300000, 0x0000000082200000| Untracked 
|  35|0x0000000082300000, 0x0000000082400000, 0x0000000082400000|100%| O|  |TAMS 0x0000000082400000, 0x0000000082300000| Untracked 
|  36|0x0000000082400000, 0x0000000082500000, 0x0000000082500000|100%| O|  |TAMS 0x0000000082500000, 0x0000000082400000| Untracked 
|  37|0x0000000082500000, 0x0000000082600000, 0x0000000082600000|100%|HS|  |TAMS 0x0000000082600000, 0x0000000082500000| Complete 
|  38|0x0000000082600000, 0x0000000082700000, 0x0000000082700000|100%|HC|  |TAMS 0x0000000082700000, 0x0000000082600000| Complete 
|  39|0x0000000082700000, 0x0000000082800000, 0x0000000082800000|100%|HC|  |TAMS 0x0000000082800000, 0x0000000082700000| Complete 
|  40|0x0000000082800000, 0x0000000082900000, 0x0000000082900000|100%|HC|  |TAMS 0x0000000082900000, 0x0000000082800000| Complete 
|  41|0x0000000082900000, 0x0000000082a00000, 0x0000000082a00000|100%|HC|  |TAMS 0x0000000082a00000, 0x0000000082900000| Complete 
|  42|0x0000000082a00000, 0x0000000082b00000, 0x0000000082b00000|100%| O|  |TAMS 0x0000000082b00000, 0x0000000082a00000| Untracked 
|  43|0x0000000082b00000, 0x0000000082c00000, 0x0000000082c00000|100%| O|  |TAMS 0x0000000082c00000, 0x0000000082b00000| Untracked 
|  44|0x0000000082c00000, 0x0000000082d00000, 0x0000000082d00000|100%| O|  |TAMS 0x0000000082d00000, 0x0000000082c00000| Untracked 
|  45|0x0000000082d00000, 0x0000000082e00000, 0x0000000082e00000|100%| O|  |TAMS 0x0000000082e00000, 0x0000000082d00000| Untracked 
|  46|0x0000000082e00000, 0x0000000082f00000, 0x0000000082f00000|100%| O|  |TAMS 0x0000000082f00000, 0x0000000082e00000| Untracked 
|  47|0x0000000082f00000, 0x0000000083000000, 0x0000000083000000|100%| O|  |TAMS 0x0000000083000000, 0x0000000082f00000| Untracked 
|  48|0x0000000083000000, 0x0000000083100000, 0x0000000083100000|100%| O|  |TAMS 0x0000000083100000, 0x0000000083000000| Untracked 
|  49|0x0000000083100000, 0x0000000083200000, 0x0000000083200000|100%| O|  |TAMS 0x0000000083200000, 0x0000000083100000| Untracked 
|  50|0x0000000083200000, 0x0000000083300000, 0x0000000083300000|100%| O|  |TAMS 0x0000000083300000, 0x0000000083200000| Untracked 
|  51|0x0000000083300000, 0x0000000083400000, 0x0000000083400000|100%| O|  |TAMS 0x0000000083400000, 0x0000000083300000| Untracked 
|  52|0x0000000083400000, 0x0000000083500000, 0x0000000083500000|100%|HS|  |TAMS 0x0000000083500000, 0x0000000083400000| Complete 
|  53|0x0000000083500000, 0x0000000083600000, 0x0000000083600000|100%|HS|  |TAMS 0x0000000083600000, 0x0000000083500000| Complete 
|  54|0x0000000083600000, 0x0000000083700000, 0x0000000083700000|100%|HS|  |TAMS 0x0000000083700000, 0x0000000083600000| Complete 
|  55|0x0000000083700000, 0x0000000083800000, 0x0000000083800000|100%|HC|  |TAMS 0x0000000083800000, 0x0000000083700000| Complete 
|  56|0x0000000083800000, 0x0000000083900000, 0x0000000083900000|100%|HC|  |TAMS 0x0000000083900000, 0x0000000083800000| Complete 
|  57|0x0000000083900000, 0x0000000083a00000, 0x0000000083a00000|100%| O|  |TAMS 0x0000000083a00000, 0x0000000083900000| Untracked 
|  58|0x0000000083a00000, 0x0000000083b00000, 0x0000000083b00000|100%| O|  |TAMS 0x0000000083b00000, 0x0000000083a00000| Untracked 
|  59|0x0000000083b00000, 0x0000000083c00000, 0x0000000083c00000|100%| O|  |TAMS 0x0000000083c00000, 0x0000000083b00000| Untracked 
|  60|0x0000000083c00000, 0x0000000083d00000, 0x0000000083d00000|100%| O|  |TAMS 0x0000000083d00000, 0x0000000083c00000| Untracked 
|  61|0x0000000083d00000, 0x0000000083e00000, 0x0000000083e00000|100%| O|  |TAMS 0x0000000083e00000, 0x0000000083d00000| Untracked 
|  62|0x0000000083e00000, 0x0000000083f00000, 0x0000000083f00000|100%| O|  |TAMS 0x0000000083f00000, 0x0000000083e00000| Untracked 
|  63|0x0000000083f00000, 0x0000000083f28400, 0x0000000084000000| 15%| O|  |TAMS 0x0000000083f28400, 0x0000000083f00000| Untracked 
|  64|0x0000000084000000, 0x0000000084100000, 0x0000000084100000|100%|HS|  |TAMS 0x0000000084000000, 0x0000000084000000| Complete 
|  65|0x0000000084100000, 0x0000000084200000, 0x0000000084200000|100%|HC|  |TAMS 0x0000000084100000, 0x0000000084100000| Complete 
|  66|0x0000000084200000, 0x0000000084200000, 0x0000000084300000|  0%| F|  |TAMS 0x0000000084200000, 0x0000000084200000| Untracked 
|  67|0x0000000084300000, 0x0000000084300000, 0x0000000084400000|  0%| F|  |TAMS 0x0000000084300000, 0x0000000084300000| Untracked 
|  68|0x0000000084400000, 0x0000000084400000, 0x0000000084500000|  0%| F|  |TAMS 0x0000000084400000, 0x0000000084400000| Untracked 
|  69|0x0000000084500000, 0x0000000084500000, 0x0000000084600000|  0%| F|  |TAMS 0x0000000084500000, 0x0000000084500000| Untracked 
|  70|0x0000000084600000, 0x0000000084600000, 0x0000000084700000|  0%| F|  |TAMS 0x0000000084600000, 0x0000000084600000| Untracked 
|  71|0x0000000084700000, 0x0000000084700000, 0x0000000084800000|  0%| F|  |TAMS 0x0000000084700000, 0x0000000084700000| Untracked 
|  72|0x0000000084800000, 0x0000000084800000, 0x0000000084900000|  0%| F|  |TAMS 0x0000000084800000, 0x0000000084800000| Untracked 
|  73|0x0000000084900000, 0x0000000084900000, 0x0000000084a00000|  0%| F|  |TAMS 0x0000000084900000, 0x0000000084900000| Untracked 
|  74|0x0000000084a00000, 0x0000000084a00000, 0x0000000084b00000|  0%| F|  |TAMS 0x0000000084a00000, 0x0000000084a00000| Untracked 
|  75|0x0000000084b00000, 0x0000000084b00000, 0x0000000084c00000|  0%| F|  |TAMS 0x0000000084b00000, 0x0000000084b00000| Untracked 
|  76|0x0000000084c00000, 0x0000000084c00000, 0x0000000084d00000|  0%| F|  |TAMS 0x0000000084c00000, 0x0000000084c00000| Untracked 
|  77|0x0000000084d00000, 0x0000000084d00000, 0x0000000084e00000|  0%| F|  |TAMS 0x0000000084d00000, 0x0000000084d00000| Untracked 
|  78|0x0000000084e00000, 0x0000000084e00000, 0x0000000084f00000|  0%| F|  |TAMS 0x0000000084e00000, 0x0000000084e00000| Untracked 
|  79|0x0000000084f00000, 0x0000000084f00000, 0x0000000085000000|  0%| F|  |TAMS 0x0000000084f00000, 0x0000000084f00000| Untracked 
|  80|0x0000000085000000, 0x0000000085000000, 0x0000000085100000|  0%| F|  |TAMS 0x0000000085000000, 0x0000000085000000| Untracked 
|  81|0x0000000085100000, 0x0000000085100000, 0x0000000085200000|  0%| F|  |TAMS 0x0000000085100000, 0x0000000085100000| Untracked 
|  82|0x0000000085200000, 0x0000000085200000, 0x0000000085300000|  0%| F|  |TAMS 0x0000000085200000, 0x0000000085200000| Untracked 
|  83|0x0000000085300000, 0x0000000085300000, 0x0000000085400000|  0%| F|  |TAMS 0x0000000085300000, 0x0000000085300000| Untracked 
|  84|0x0000000085400000, 0x0000000085400000, 0x0000000085500000|  0%| F|  |TAMS 0x0000000085400000, 0x0000000085400000| Untracked 
|  85|0x0000000085500000, 0x0000000085500000, 0x0000000085600000|  0%| F|  |TAMS 0x0000000085500000, 0x0000000085500000| Untracked 
|  86|0x0000000085600000, 0x0000000085600000, 0x0000000085700000|  0%| F|  |TAMS 0x0000000085600000, 0x0000000085600000| Untracked 
|  87|0x0000000085700000, 0x0000000085800000, 0x0000000085800000|100%| S|CS|TAMS 0x0000000085700000, 0x0000000085700000| Complete 
|  88|0x0000000085800000, 0x0000000085900000, 0x0000000085900000|100%| S|CS|TAMS 0x0000000085800000, 0x0000000085800000| Complete 
|  89|0x0000000085900000, 0x0000000085a00000, 0x0000000085a00000|100%| S|CS|TAMS 0x0000000085900000, 0x0000000085900000| Complete 
|  90|0x0000000085a00000, 0x0000000085b00000, 0x0000000085b00000|100%| S|CS|TAMS 0x0000000085a00000, 0x0000000085a00000| Complete 
|  91|0x0000000085b00000, 0x0000000085c00000, 0x0000000085c00000|100%| S|CS|TAMS 0x0000000085b00000, 0x0000000085b00000| Complete 
|  92|0x0000000085c00000, 0x0000000085d00000, 0x0000000085d00000|100%| S|CS|TAMS 0x0000000085c00000, 0x0000000085c00000| Complete 
|  93|0x0000000085d00000, 0x0000000085d00000, 0x0000000085e00000|  0%| F|  |TAMS 0x0000000085d00000, 0x0000000085d00000| Untracked 
|  94|0x0000000085e00000, 0x0000000085e00000, 0x0000000085f00000|  0%| F|  |TAMS 0x0000000085e00000, 0x0000000085e00000| Untracked 
|  95|0x0000000085f00000, 0x0000000085f00000, 0x0000000086000000|  0%| F|  |TAMS 0x0000000085f00000, 0x0000000085f00000| Untracked 
|  96|0x0000000086000000, 0x0000000086076420, 0x0000000086100000| 46%| E|  |TAMS 0x0000000086000000, 0x0000000086000000| Complete 
|  97|0x0000000086100000, 0x0000000086200000, 0x0000000086200000|100%| E|CS|TAMS 0x0000000086100000, 0x0000000086100000| Complete 
|  98|0x0000000086200000, 0x0000000086300000, 0x0000000086300000|100%| E|CS|TAMS 0x0000000086200000, 0x0000000086200000| Complete 
|  99|0x0000000086300000, 0x0000000086400000, 0x0000000086400000|100%| E|CS|TAMS 0x0000000086300000, 0x0000000086300000| Complete 
| 100|0x0000000086400000, 0x0000000086500000, 0x0000000086500000|100%| E|CS|TAMS 0x0000000086400000, 0x0000000086400000| Complete 
| 101|0x0000000086500000, 0x0000000086600000, 0x0000000086600000|100%| E|  |TAMS 0x0000000086500000, 0x0000000086500000| Complete 
| 102|0x0000000086600000, 0x0000000086700000, 0x0000000086700000|100%| E|CS|TAMS 0x0000000086600000, 0x0000000086600000| Complete 
| 103|0x0000000086700000, 0x0000000086800000, 0x0000000086800000|100%| E|CS|TAMS 0x0000000086700000, 0x0000000086700000| Complete 
| 104|0x0000000086800000, 0x0000000086900000, 0x0000000086900000|100%| E|CS|TAMS 0x0000000086800000, 0x0000000086800000| Complete 
| 105|0x0000000086900000, 0x0000000086a00000, 0x0000000086a00000|100%| E|CS|TAMS 0x0000000086900000, 0x0000000086900000| Complete 
| 106|0x0000000086a00000, 0x0000000086b00000, 0x0000000086b00000|100%| E|CS|TAMS 0x0000000086a00000, 0x0000000086a00000| Complete 
| 107|0x0000000086b00000, 0x0000000086c00000, 0x0000000086c00000|100%| E|CS|TAMS 0x0000000086b00000, 0x0000000086b00000| Complete 
| 108|0x0000000086c00000, 0x0000000086d00000, 0x0000000086d00000|100%| E|CS|TAMS 0x0000000086c00000, 0x0000000086c00000| Complete 
| 109|0x0000000086d00000, 0x0000000086e00000, 0x0000000086e00000|100%| E|CS|TAMS 0x0000000086d00000, 0x0000000086d00000| Complete 
| 110|0x0000000086e00000, 0x0000000086f00000, 0x0000000086f00000|100%| E|CS|TAMS 0x0000000086e00000, 0x0000000086e00000| Complete 
| 111|0x0000000086f00000, 0x0000000087000000, 0x0000000087000000|100%| E|CS|TAMS 0x0000000086f00000, 0x0000000086f00000| Complete 
| 112|0x0000000087000000, 0x0000000087100000, 0x0000000087100000|100%| E|CS|TAMS 0x0000000087000000, 0x0000000087000000| Complete 
| 113|0x0000000087100000, 0x0000000087200000, 0x0000000087200000|100%| E|CS|TAMS 0x0000000087100000, 0x0000000087100000| Complete 
| 114|0x0000000087200000, 0x0000000087300000, 0x0000000087300000|100%| E|CS|TAMS 0x0000000087200000, 0x0000000087200000| Complete 
| 115|0x0000000087300000, 0x0000000087400000, 0x0000000087400000|100%| E|CS|TAMS 0x0000000087300000, 0x0000000087300000| Complete 
| 116|0x0000000087400000, 0x0000000087500000, 0x0000000087500000|100%| E|CS|TAMS 0x0000000087400000, 0x0000000087400000| Complete 
| 117|0x0000000087500000, 0x0000000087600000, 0x0000000087600000|100%| E|CS|TAMS 0x0000000087500000, 0x0000000087500000| Complete 
| 118|0x0000000087600000, 0x0000000087700000, 0x0000000087700000|100%| E|CS|TAMS 0x0000000087600000, 0x0000000087600000| Complete 
| 119|0x0000000087700000, 0x0000000087800000, 0x0000000087800000|100%| E|CS|TAMS 0x0000000087700000, 0x0000000087700000| Complete 
| 120|0x0000000087800000, 0x0000000087900000, 0x0000000087900000|100%| E|CS|TAMS 0x0000000087800000, 0x0000000087800000| Complete 
| 121|0x0000000087900000, 0x0000000087a00000, 0x0000000087a00000|100%| E|CS|TAMS 0x0000000087900000, 0x0000000087900000| Complete 
| 122|0x0000000087a00000, 0x0000000087b00000, 0x0000000087b00000|100%| E|CS|TAMS 0x0000000087a00000, 0x0000000087a00000| Complete 
| 123|0x0000000087b00000, 0x0000000087c00000, 0x0000000087c00000|100%| E|CS|TAMS 0x0000000087b00000, 0x0000000087b00000| Complete 
| 124|0x0000000087c00000, 0x0000000087d00000, 0x0000000087d00000|100%| E|CS|TAMS 0x0000000087c00000, 0x0000000087c00000| Complete 
| 125|0x0000000087d00000, 0x0000000087e00000, 0x0000000087e00000|100%| E|CS|TAMS 0x0000000087d00000, 0x0000000087d00000| Complete 

Card table byte_map: [0x0000021569c90000,0x000002156a090000] _byte_map_base: 0x0000021569890000

Marking Bits (Prev, Next): (CMBitMap*) 0x00000215501dced8, (CMBitMap*) 0x00000215501dcf10
 Prev Bits: [0x000002156a490000, 0x000002156c490000)
 Next Bits: [0x000002156c490000, 0x000002156e490000)

Polling page: 0x0000021550270000

Metaspace:

Usage:
  Non-class:     45.05 MB capacity,    44.09 MB ( 98%) used,   846.81 KB (  2%) free+waste,   137.94 KB ( <1%) overhead. 
      Class:      6.99 MB capacity,     6.45 MB ( 92%) used,   482.21 KB (  7%) free+waste,    66.31 KB ( <1%) overhead. 
       Both:     52.04 MB capacity,    50.54 MB ( 97%) used,     1.30 MB (  2%) free+waste,   204.25 KB ( <1%) overhead. 

Virtual space:
  Non-class space:       46.00 MB reserved,      45.22 MB ( 98%) committed 
      Class space:        1.00 GB reserved,       7.00 MB ( <1%) committed 
             Both:        1.04 GB reserved,      52.22 MB (  5%) committed 

Chunk freelists:
   Non-Class:  6.25 KB
       Class:  1.25 KB
        Both:  7.50 KB

CodeHeap 'non-profiled nmethods': size=120000Kb used=3221Kb max_used=3221Kb free=116778Kb
 bounds [0x00000215618f0000, 0x0000021561c20000, 0x0000021568e20000]
CodeHeap 'profiled nmethods': size=120000Kb used=11653Kb max_used=11653Kb free=108347Kb
 bounds [0x000002155a3c0000, 0x000002155af30000, 0x00000215618f0000]
CodeHeap 'non-nmethods': size=5760Kb used=2223Kb max_used=2258Kb free=3536Kb
 bounds [0x0000021559e20000, 0x000002155a090000, 0x000002155a3c0000]
 total_blobs=6544 nmethods=5746 adapters=709
 compilation: enabled
              stopped_count=0, restarted_count=0
 full_count=0

Compilation events (10 events):
Event: 6.623 Thread 0x0000021570fa0800 nmethod 5731 0x0000021561c0ab10 code [0x0000021561c0ac80, 0x0000021561c0ad18]
Event: 6.624 Thread 0x0000021570fa0800 5732       4       java.security.SecureClassLoader$CodeSourceKey::hashCode (21 bytes)
Event: 6.628 Thread 0x0000021570fa0800 nmethod 5732 0x0000021561c0ad90 code [0x0000021561c0af20, 0x0000021561c0b178]
Event: 6.639 Thread 0x0000021570faa000 5733       3       java.util.jar.Attributes::<init> (7 bytes)
Event: 6.639 Thread 0x0000021570faa000 nmethod 5733 0x000002155af18390 code [0x000002155af18580, 0x000002155af18928]
Event: 6.642 Thread 0x0000021570faa000 5734       3       com.google.common.collect.MapMakerInternalMap$1::clear (1 bytes)
Event: 6.643 Thread 0x0000021570faa000 nmethod 5734 0x000002155af18a90 code [0x000002155af18c20, 0x000002155af18d18]
Event: 6.643 Thread 0x0000021570fa0800 5735       4       jdk.internal.loader.URLClassPath$JarLoader$2::getInputStream (15 bytes)
Event: 6.644 Thread 0x0000021570faa000 5740   !   3       java.util.concurrent.LinkedBlockingQueue::poll (128 bytes)
Event: 6.646 Thread 0x0000021570faa000 nmethod 5740 0x000002155af18d90 code [0x000002155af19140, 0x000002155af1a9a8]

GC Heap History (10 events):
Event: 4.746 GC heap before
{Heap before GC invocations=8 (full 0):
 garbage-first heap   total 129024K, used 92943K [0x0000000080000000, 0x0000000100000000)
  region size 1024K, 58 young (59392K), 5 survivors (5120K)
 Metaspace       used 40577K, capacity 41577K, committed 41700K, reserved 1085440K
  class space    used 5201K, capacity 5574K, committed 5632K, reserved 1048576K
}
Event: 4.752 GC heap after
{Heap after GC invocations=9 (full 0):
 garbage-first heap   total 129024K, used 40832K [0x0000000080000000, 0x0000000100000000)
  region size 1024K, 7 young (7168K), 7 survivors (7168K)
 Metaspace       used 40577K, capacity 41577K, committed 41700K, reserved 1085440K
  class space    used 5201K, capacity 5574K, committed 5632K, reserved 1048576K
}
Event: 5.317 GC heap before
{Heap before GC invocations=10 (full 0):
 garbage-first heap   total 129024K, used 102272K [0x0000000080000000, 0x0000000100000000)
  region size 1024K, 58 young (59392K), 7 survivors (7168K)
 Metaspace       used 44515K, capacity 45661K, committed 45668K, reserved 1089536K
  class space    used 5602K, capacity 6011K, committed 6016K, reserved 1048576K
}
Event: 5.324 GC heap after
{Heap after GC invocations=11 (full 0):
 garbage-first heap   total 129024K, used 52842K [0x0000000080000000, 0x0000000100000000)
  region size 1024K, 6 young (6144K), 6 survivors (6144K)
 Metaspace       used 44515K, capacity 45661K, committed 45668K, reserved 1089536K
  class space    used 5602K, capacity 6011K, committed 6016K, reserved 1048576K
}
Event: 5.690 GC heap before
{Heap before GC invocations=11 (full 0):
 garbage-first heap   total 129024K, used 96874K [0x0000000080000000, 0x0000000100000000)
  region size 1024K, 49 young (50176K), 6 survivors (6144K)
 Metaspace       used 47121K, capacity 48419K, committed 48484K, reserved 1091584K
  class space    used 6031K, capacity 6483K, committed 6528K, reserved 1048576K
}
Event: 5.695 GC heap after
{Heap after GC invocations=12 (full 0):
 garbage-first heap   total 129024K, used 56054K [0x0000000080000000, 0x0000000100000000)
  region size 1024K, 3 young (3072K), 3 survivors (3072K)
 Metaspace       used 47121K, capacity 48419K, committed 48484K, reserved 1091584K
  class space    used 6031K, capacity 6483K, committed 6528K, reserved 1048576K
}
Event: 6.086 GC heap before
{Heap before GC invocations=12 (full 0):
 garbage-first heap   total 129024K, used 100086K [0x0000000080000000, 0x0000000100000000)
  region size 1024K, 46 young (47104K), 3 survivors (3072K)
 Metaspace       used 49152K, capacity 50539K, committed 50788K, reserved 1093632K
  class space    used 6287K, capacity 6760K, committed 6784K, reserved 1048576K
}
Event: 6.090 GC heap after
{Heap after GC invocations=13 (full 0):
 garbage-first heap   total 129024K, used 58487K [0x0000000080000000, 0x0000000100000000)
  region size 1024K, 6 young (6144K), 6 survivors (6144K)
 Metaspace       used 49152K, capacity 50539K, committed 50788K, reserved 1093632K
  class space    used 6287K, capacity 6760K, committed 6784K, reserved 1048576K
}
Event: 6.433 GC heap before
{Heap before GC invocations=13 (full 0):
 garbage-first heap   total 129024K, used 95351K [0x0000000080000000, 0x0000000100000000)
  region size 1024K, 39 young (39936K), 6 survivors (6144K)
 Metaspace       used 49654K, capacity 51080K, committed 51428K, reserved 1093632K
  class space    used 6335K, capacity 6808K, committed 6912K, reserved 1048576K
}
Event: 6.440 GC heap after
{Heap after GC invocations=14 (full 0):
 garbage-first heap   total 129024K, used 70817K [0x0000000080000000, 0x0000000100000000)
  region size 1024K, 6 young (6144K), 6 survivors (6144K)
 Metaspace       used 49654K, capacity 51080K, committed 51428K, reserved 1093632K
  class space    used 6335K, capacity 6808K, committed 6912K, reserved 1048576K
}

Deoptimization events (10 events):
Event: 6.128 Thread 0x00000215742a7800 Uncommon trap: reason=unstable_if action=reinterpret pc=0x0000021561b96eb8 method=com.esotericsoftware.kryo.io.Output.writeString(Ljava/lang/CharSequence;)V @ 1 c2
Event: 6.173 Thread 0x000002157293c800 Uncommon trap: reason=profile_predicate action=maybe_recompile pc=0x0000021561b72d88 method=java.util.stream.ReferencePipeline.forEachWithCancel(Ljava/util/Spliterator;Ljava/util/stream/Sink;)Z @ 8 c2
Event: 6.175 Thread 0x000002157293c800 Uncommon trap: reason=profile_predicate action=maybe_recompile pc=0x0000021561b72d88 method=java.util.stream.ReferencePipeline.forEachWithCancel(Ljava/util/Spliterator;Ljava/util/stream/Sink;)Z @ 8 c2
Event: 6.177 Thread 0x000002157293c800 Uncommon trap: reason=profile_predicate action=maybe_recompile pc=0x0000021561b72d88 method=java.util.stream.ReferencePipeline.forEachWithCancel(Ljava/util/Spliterator;Ljava/util/stream/Sink;)Z @ 8 c2
Event: 6.182 Thread 0x000002157293c800 Uncommon trap: reason=profile_predicate action=maybe_recompile pc=0x0000021561b72d88 method=java.util.stream.ReferencePipeline.forEachWithCancel(Ljava/util/Spliterator;Ljava/util/stream/Sink;)Z @ 8 c2
Event: 6.184 Thread 0x000002157293c800 Uncommon trap: reason=bimorphic_or_optimized_type_check action=maybe_recompile pc=0x0000021561a9e1f4 method=java.util.stream.ReferencePipeline.forEachWithCancel(Ljava/util/Spliterator;Ljava/util/stream/Sink;)Z @ 1 c2
Event: 6.350 Thread 0x000002157293c800 Uncommon trap: reason=bimorphic_or_optimized_type_check action=maybe_recompile pc=0x0000021561af5e94 method=java.util.AbstractCollection.addAll(Ljava/util/Collection;)Z @ 29 c2
Event: 6.364 Thread 0x000002157293c800 Uncommon trap: reason=unstable_if action=reinterpret pc=0x00000215619551b4 method=java.util.jar.JarFile.checkForSpecialAttributes()V @ 53 c2
Event: 6.405 Thread 0x000002157293c800 Uncommon trap: reason=unstable_if action=reinterpret pc=0x0000021561b425f8 method=java.lang.StringCoding.newStringUTF8NoRepl([BII)Ljava/lang/String; @ 12 c2
Event: 6.561 Thread 0x000002157293c800 Uncommon trap: reason=bimorphic_or_optimized_type_check action=maybe_recompile pc=0x0000021561af5e94 method=java.util.AbstractCollection.addAll(Ljava/util/Collection;)Z @ 29 c2

Classes redefined (0 events):
No events

Internal exceptions (10 events):
Event: 6.547 Thread 0x000002157293c800 Exception <a 'java/lang/ClassNotFoundException'{0x000000008710c288}: org/gradle/api/internal/ConventionTaskBeanInfo> (0x000000008710c288) thrown at [./open/src/hotspot/share/classfile/systemDictionary.cpp, line 228]
Event: 6.547 Thread 0x000002157293c800 Exception <a 'java/lang/ClassNotFoundException'{0x00000000871356c8}: org/gradle/api/DefaultTaskBeanInfo> (0x00000000871356c8) thrown at [./open/src/hotspot/share/classfile/systemDictionary.cpp, line 228]
Event: 6.548 Thread 0x000002157293c800 Exception <a 'java/lang/ClassNotFoundException'{0x0000000087162878}: org/gradle/api/internal/AbstractTaskBeanInfo> (0x0000000087162878) thrown at [./open/src/hotspot/share/classfile/systemDictionary.cpp, line 228]
Event: 6.548 Thread 0x000002157293c800 Exception <a 'java/lang/ClassNotFoundException'{0x000000008718fef0}: org/gradle/api/internal/AbstractTaskCustomizer> (0x000000008718fef0) thrown at [./open/src/hotspot/share/classfile/systemDictionary.cpp, line 228]
Event: 6.550 Thread 0x000002157293c800 Exception <a 'java/lang/ClassNotFoundException'{0x00000000870022e8}: org/gradle/api/DefaultTaskCustomizer> (0x00000000870022e8) thrown at [./open/src/hotspot/share/classfile/systemDictionary.cpp, line 228]
Event: 6.552 Thread 0x000002157293c800 Exception <a 'java/lang/ClassNotFoundException'{0x0000000087098018}: org/gradle/api/internal/ConventionTaskCustomizer> (0x0000000087098018) thrown at [./open/src/hotspot/share/classfile/systemDictionary.cpp, line 228]
Event: 6.553 Thread 0x000002157293c800 Exception <a 'java/lang/ClassNotFoundException'{0x00000000870d0840}: org/gradle/api/tasks/DeleteCustomizer> (0x00000000870d0840) thrown at [./open/src/hotspot/share/classfile/systemDictionary.cpp, line 228]
Event: 6.554 Thread 0x000002157293c800 Exception <a 'java/lang/ClassNotFoundException'{0x0000000086f10280}: org/gradle/api/tasks/Delete_DecoratedCustomizer> (0x0000000086f10280) thrown at [./open/src/hotspot/share/classfile/systemDictionary.cpp, line 228]
Event: 6.582 Thread 0x000002157293c800 Exception <a 'java/lang/ClassNotFoundException'{0x0000000086e64630}: build_1he5j6v2ia3lmnn6xutxwoltuBeanInfo> (0x0000000086e64630) thrown at [./open/src/hotspot/share/classfile/systemDictionary.cpp, line 228]
Event: 6.582 Thread 0x000002157293c800 Exception <a 'java/lang/ClassNotFoundException'{0x0000000086e6f5e8}: build_1he5j6v2ia3lmnn6xutxwoltuCustomizer> (0x0000000086e6f5e8) thrown at [./open/src/hotspot/share/classfile/systemDictionary.cpp, line 228]

Events (10 events):
Event: 6.646 loading class com/android/build/api/dsl/LibraryBaseFlavor
Event: 6.646 loading class com/android/build/api/dsl/LibraryBaseFlavor done
Event: 6.646 loading class com/android/build/api/dsl/LibraryVariantDimension
Event: 6.646 loading class com/android/build/api/dsl/LibraryVariantDimension done
Event: 6.646 loading class com/android/build/api/dsl/TestDefaultConfig
Event: 6.646 loading class com/android/build/api/dsl/TestDefaultConfig done
Event: 6.647 loading class com/android/build/api/dsl/TestBaseFlavor
Event: 6.647 loading class com/android/build/api/dsl/TestBaseFlavor done
Event: 6.647 loading class com/android/build/api/dsl/TestVariantDimension
Event: 6.647 loading class com/android/build/api/dsl/TestVariantDimension done


Dynamic libraries:
0x00007ff741f30000 - 0x00007ff741f3f000 	C:\Program Files\Java\jdk-11.0.12\bin\java.exe
0x00007ffa993a0000 - 0x00007ffa99590000 	C:\Windows\SYSTEM32\ntdll.dll
0x00007ffa992a0000 - 0x00007ffa99352000 	C:\Windows\System32\KERNEL32.DLL
0x00007ffa96340000 - 0x00007ffa965e5000 	C:\Windows\System32\KERNELBASE.dll
0x00007ffa971f0000 - 0x00007ffa972ea000 	C:\Windows\System32\ucrtbase.dll
0x00007ffa90930000 - 0x00007ffa90945000 	C:\Program Files\Java\jdk-11.0.12\bin\VCRUNTIME140.dll
0x00007ffa91510000 - 0x00007ffa91528000 	C:\Program Files\Java\jdk-11.0.12\bin\jli.dll
0x00007ffa97450000 - 0x00007ffa974f3000 	C:\Windows\System32\ADVAPI32.dll
0x00007ffa983e0000 - 0x00007ffa9847e000 	C:\Windows\System32\msvcrt.dll
0x00007ffa982d0000 - 0x00007ffa98367000 	C:\Windows\System32\sechost.dll
0x00007ffa97ad0000 - 0x00007ffa97bef000 	C:\Windows\System32\RPCRT4.dll
0x00007ffa98080000 - 0x00007ffa98214000 	C:\Windows\System32\USER32.dll
0x00007ffa96310000 - 0x00007ffa96331000 	C:\Windows\System32\win32u.dll
0x00007ffa98dd0000 - 0x00007ffa98df6000 	C:\Windows\System32\GDI32.dll
0x00007ffa96e50000 - 0x00007ffa96fe8000 	C:\Windows\System32\gdi32full.dll
0x00007ffa84330000 - 0x00007ffa845b4000 	C:\Windows\WinSxS\amd64_microsoft.windows.common-controls_6595b64144ccf1df_6.0.18362.1556_none_9e7e372fe45e41d5\COMCTL32.dll
0x00007ffa97010000 - 0x00007ffa970ae000 	C:\Windows\System32\msvcp_win.dll
0x00007ffa97ce0000 - 0x00007ffa98016000 	C:\Windows\System32\combase.dll
0x00007ffa970b0000 - 0x00007ffa97131000 	C:\Windows\System32\bcryptPrimitives.dll
0x00007ffa8e010000 - 0x00007ffa8e01a000 	C:\Windows\SYSTEM32\VERSION.dll
0x00007ffa982a0000 - 0x00007ffa982ce000 	C:\Windows\System32\IMM32.DLL
0x00007ffa90890000 - 0x00007ffa9092b000 	C:\Program Files\Java\jdk-11.0.12\bin\msvcp140.dll
0x00007ffa57030000 - 0x00007ffa57b2f000 	C:\Program Files\Java\jdk-11.0.12\bin\server\jvm.dll
0x00007ffa98e00000 - 0x00007ffa98e08000 	C:\Windows\System32\PSAPI.DLL
0x00007ffa92600000 - 0x00007ffa92624000 	C:\Windows\SYSTEM32\WINMM.dll
0x00007ffa91560000 - 0x00007ffa91569000 	C:\Windows\SYSTEM32\WSOCK32.dll
0x00007ffa98370000 - 0x00007ffa983df000 	C:\Windows\System32\WS2_32.dll
0x00007ffa925d0000 - 0x00007ffa925fd000 	C:\Windows\SYSTEM32\winmmbase.dll
0x00007ffa971a0000 - 0x00007ffa971ea000 	C:\Windows\System32\cfgmgr32.dll
0x00007ffa96260000 - 0x00007ffa96271000 	C:\Windows\System32\kernel.appcore.dll
0x00007ffa924b0000 - 0x00007ffa924c0000 	C:\Program Files\Java\jdk-11.0.12\bin\verify.dll
0x00007ffa822c0000 - 0x00007ffa824b4000 	C:\Windows\SYSTEM32\DBGHELP.DLL
0x00007ffa681f0000 - 0x00007ffa6821a000 	C:\Windows\SYSTEM32\dbgcore.DLL
0x00007ffa90860000 - 0x00007ffa90888000 	C:\Program Files\Java\jdk-11.0.12\bin\java.dll
0x00007ffa92460000 - 0x00007ffa9246a000 	C:\Program Files\Java\jdk-11.0.12\bin\jimage.dll
0x00007ffa90800000 - 0x00007ffa90816000 	C:\Program Files\Java\jdk-11.0.12\bin\zip.dll
0x00007ffa98560000 - 0x00007ffa98c47000 	C:\Windows\System32\SHELL32.dll
0x00007ffa98d20000 - 0x00007ffa98dc8000 	C:\Windows\System32\shcore.dll
0x00007ffa966a0000 - 0x00007ffa96e1b000 	C:\Windows\System32\windows.storage.dll
0x00007ffa962f0000 - 0x00007ffa9630e000 	C:\Windows\System32\profapi.dll
0x00007ffa96280000 - 0x00007ffa962ca000 	C:\Windows\System32\powrprof.dll
0x00007ffa96250000 - 0x00007ffa96260000 	C:\Windows\System32\UMPDC.dll
0x00007ffa98020000 - 0x00007ffa98072000 	C:\Windows\System32\shlwapi.dll
0x00007ffa96ff0000 - 0x00007ffa97007000 	C:\Windows\System32\cryptsp.dll
0x00007ffa907e0000 - 0x00007ffa907f9000 	C:\Program Files\Java\jdk-11.0.12\bin\net.dll
0x00007ffa885d0000 - 0x00007ffa886ca000 	C:\Windows\SYSTEM32\WINHTTP.dll
0x00007ffa95a90000 - 0x00007ffa95af7000 	C:\Windows\system32\mswsock.dll
0x00007ffa8fa00000 - 0x00007ffa8fa12000 	C:\Program Files\Java\jdk-11.0.12\bin\nio.dll
0x00007ffa8e550000 - 0x00007ffa8e577000 	C:\Users\OmarTaha\.gradle\native\8bec1ad78214c89d9ad589b4d07fe93259594b29d510b10fafb7a158f7737e5d\windows-amd64\native-platform.dll
0x00007ffa8b2c0000 - 0x00007ffa8b3fd000 	C:\Users\OmarTaha\.gradle\native\53dbd7edfb1c66fb8903c78663c9afc45aea4f116125fa6feffd364cf09443e8\windows-amd64\native-platform-file-events.dll
0x00007ffa915e0000 - 0x00007ffa915e9000 	C:\Program Files\Java\jdk-11.0.12\bin\management.dll
0x00007ffa909c0000 - 0x00007ffa909cb000 	C:\Program Files\Java\jdk-11.0.12\bin\management_ext.dll
0x00007ffa95610000 - 0x00007ffa95643000 	C:\Windows\system32\rsaenh.dll
0x00007ffa96e20000 - 0x00007ffa96e46000 	C:\Windows\System32\bcrypt.dll
0x00007ffa96170000 - 0x00007ffa96195000 	C:\Windows\SYSTEM32\USERENV.dll
0x00007ffa95c60000 - 0x00007ffa95c6c000 	C:\Windows\SYSTEM32\CRYPTBASE.dll
0x00007ffa957a0000 - 0x00007ffa957da000 	C:\Windows\SYSTEM32\IPHLPAPI.DLL
0x00007ffa98230000 - 0x00007ffa98238000 	C:\Windows\System32\NSI.dll
0x00007ffa8f430000 - 0x00007ffa8f446000 	C:\Windows\SYSTEM32\dhcpcsvc6.DLL
0x00007ffa8fb60000 - 0x00007ffa8fb7c000 	C:\Windows\SYSTEM32\dhcpcsvc.DLL
0x00007ffa957e0000 - 0x00007ffa958ab000 	C:\Windows\SYSTEM32\DNSAPI.dll

dbghelp: loaded successfully - version: 4.0.5 - missing functions: none
symbol engine: initialized successfully - sym options: 0x614 - pdb path: .;C:\Program Files\Java\jdk-11.0.12\bin;C:\Windows\SYSTEM32;C:\Windows\WinSxS\amd64_microsoft.windows.common-controls_6595b64144ccf1df_6.0.18362.1556_none_9e7e372fe45e41d5;C:\Program Files\Java\jdk-11.0.12\bin\server;C:\Users\OmarTaha\.gradle\native\8bec1ad78214c89d9ad589b4d07fe93259594b29d510b10fafb7a158f7737e5d\windows-amd64;C:\Users\OmarTaha\.gradle\native\53dbd7edfb1c66fb8903c78663c9afc45aea4f116125fa6feffd364cf09443e8\windows-amd64

VM Arguments:
jvm_args: --add-opens=java.base/java.util=ALL-UNNAMED --add-opens=java.base/java.lang=ALL-UNNAMED --add-opens=java.base/java.lang.invoke=ALL-UNNAMED --add-opens=java.base/java.util=ALL-UNNAMED --add-opens=java.prefs/java.util.prefs=ALL-UNNAMED --add-opens=java.prefs/java.util.prefs=ALL-UNNAMED --add-opens=java.base/java.nio.charset=ALL-UNNAMED --add-opens=java.base/java.net=ALL-UNNAMED --add-opens=java.base/java.util.concurrent.atomic=ALL-UNNAMED -Xmx2048m -Dfile.encoding=windows-1252 -Duser.country=US -Duser.language=en -Duser.variant 
java_command: org.gradle.launcher.daemon.bootstrap.GradleDaemon 7.1-rc-1
java_class_path (initial): C:\Users\OmarTaha\.gradle\wrapper\dists\gradle-7.1-rc-1-bin\89hqeppvp8dbb4pzs5e0rkzxn\gradle-7.1-rc-1\lib\gradle-launcher-7.1.jar
Launcher Type: SUN_STANDARD

[Global flags]
     intx CICompilerCount                          = 4                                         {product} {ergonomic}
     uint ConcGCThreads                            = 2                                         {product} {ergonomic}
     uint G1ConcRefinementThreads                  = 8                                         {product} {ergonomic}
   size_t G1HeapRegionSize                         = 1048576                                   {product} {ergonomic}
    uintx GCDrainStackTargetSize                   = 64                                        {product} {ergonomic}
   size_t InitialHeapSize                          = 132120576                                 {product} {ergonomic}
   size_t MarkStackSize                            = 4194304                                   {product} {ergonomic}
   size_t MaxHeapSize                              = 2147483648                                {product} {command line}
   size_t MaxNewSize                               = 1287651328                                {product} {ergonomic}
   size_t MinHeapDeltaBytes                        = 1048576                                   {product} {ergonomic}
    uintx NonNMethodCodeHeapSize                   = 5836300                                {pd product} {ergonomic}
    uintx NonProfiledCodeHeapSize                  = 122910970                              {pd product} {ergonomic}
    uintx ProfiledCodeHeapSize                     = 122910970                              {pd product} {ergonomic}
    uintx ReservedCodeCacheSize                    = 251658240                              {pd product} {ergonomic}
     bool SegmentedCodeCache                       = true                                      {product} {ergonomic}
     bool UseCompressedClassPointers               = true                                 {lp64_product} {ergonomic}
     bool UseCompressedOops                        = true                                 {lp64_product} {ergonomic}
     bool UseG1GC                                  = true                                      {product} {ergonomic}
     bool UseLargePagesIndividualAllocation        = false                                  {pd product} {ergonomic}

Logging:
Log output configuration:
 #0: stdout all=warning uptime,level,tags
 #1: stderr all=off uptime,level,tags

Environment Variables:
JAVA_HOME=C:\Program Files\Java\jdk-11.0.12\bin
PATH=C:\Program Files\Common Files\Oracle\Java\javapath;C:\Program Files (x86)\Common Files\Oracle\Java\javapath;C:\Program Files (x86)\Common Files\Intel\Shared Libraries\redist\intel64\compiler;C:\Program Files\Java\jdk-12.0.2\bin;C:\Windows\system32;C:\Windows;C:\Windows\System32\Wbem;C:\Windows\System32\WindowsPowerShell\v1.0\;C:\Windows\System32\OpenSSH\;C:\Program Files\dotnet\;C:\Program Files\Microsoft SQL Server\120\Tools\Binn\;C:\Program Files\Microsoft SQL Server\120\DTS\Binn\;C:\Program Files\Microsoft SQL Server\Client SDK\ODBC\110\Tools\Binn\;C:\Program Files (x86)\Microsoft SQL Server\120\Tools\Binn\;C:\Program Files (x86)\Microsoft SQL Server\120\Tools\Binn\ManagementStudio\;C:\Program Files (x86)\Microsoft SQL Server\120\DTS\Binn\;C:\Windows\Microsoft.NET\Framework\v3.5;C:\Program Files\Microsoft SQL Server\130\Tools\Binn\;C:\Program Files\Microsoft SQL Server\Client SDK\ODBC\170\Tools\Binn\;C:\Program Files\MATLAB\R2016a\runtime\win64;C:\Program Files\MATLAB\R2016a\bin;C:\Program Files\MATLAB\R2016a\polyspace\bin;C:\Program Files (x86)\dotnet\;C:\sqlite;C:\Program Files\Git\cmd;C:\Users\OmarTaha\AppData\Local\Programs\Python\Python310;C:\Users\OmarTaha\AppData\Local\Programs\Python\Python310\Scripts;C:\Users\OmarTaha\AppData\Local\Programs\Python\Python38-32\Scripts\;C:\Users\OmarTaha\AppData\Local\Programs\Python\Python38-32\;C:\Users\OmarTaha\AppData\Local\Microsoft\WindowsApps;C:\Users\OmarTaha\AppData\Local\Programs\Microsoft VS Code\bin;C:\Users\OmarTaha\.dotnet\tools;C:\Program Files\JetBrains\PyCharm Community Edition 2020.2.4\bin;;C:\Users\OmarTaha\AppData\Local\GitHubDesktop\bin;
USERNAME=OmarTaha
OS=Windows_NT
PROCESSOR_IDENTIFIER=Intel64 Family 6 Model 60 Stepping 3, GenuineIntel



---------------  S Y S T E M  ---------------

OS: Windows 10 , 64 bit Build 18362 (10.0.18362.1500)

CPU:total 8 (initial active 8) (4 cores per cpu, 2 threads per core) family 6 model 60 stepping 3 microcode 0x28, cmov, cx8, fxsr, mmx, sse, sse2, sse3, ssse3, sse4.1, sse4.2, popcnt, avx, avx2, aes, clmul, erms, lzcnt, ht, tsc, tscinvbit, bmi1, bmi2, fma

Memory: 4k page, system-wide physical 7993M (534M free)
TotalPageFile size 13993M (AvailPageFile size 5M)
current process WorkingSet (physical memory assigned to process): 310M, peak: 310M
current process commit charge ("private bytes"): 357M, peak: 383M

vm_info: Java HotSpot(TM) 64-Bit Server VM (11.0.12+8-LTS-237) for windows-amd64 JRE (11.0.12+8-LTS-237), built on Jun  8 2021 11:25:59 by "mach5one" with MS VC++ 15.9 (VS2017)

END.
